[2024-08-09T02:38:38.691+0000] {processor.py:161} INFO - Started process (PID=82) to work on /home/airflow/.local/lib/python3.12/site-packages/airflow/example_dags/example_short_circuit_operator.py
[2024-08-09T02:38:38.737+0000] {processor.py:830} INFO - Processing file /home/airflow/.local/lib/python3.12/site-packages/airflow/example_dags/example_short_circuit_operator.py for tasks to queue
[2024-08-09T02:38:38.798+0000] {logging_mixin.py:188} INFO - [2024-08-09T02:38:38.796+0000] {dagbag.py:545} INFO - Filling up the DagBag from /home/airflow/.local/lib/python3.12/site-packages/airflow/example_dags/example_short_circuit_operator.py
[2024-08-09T02:38:38.889+0000] {processor.py:840} INFO - DAG(s) 'example_short_circuit_operator' retrieved from /home/airflow/.local/lib/python3.12/site-packages/airflow/example_dags/example_short_circuit_operator.py
[2024-08-09T02:38:40.561+0000] {logging_mixin.py:188} INFO - [2024-08-09T02:38:40.561+0000] {dag.py:3089} INFO - Sync 1 DAGs
[2024-08-09T02:38:40.695+0000] {logging_mixin.py:188} INFO - [2024-08-09T02:38:40.695+0000] {dag.py:3947} INFO - Setting next_dagrun for example_short_circuit_operator to 2024-08-08 00:00:00+00:00, run_after=2024-08-09 00:00:00+00:00
[2024-08-09T02:38:41.050+0000] {processor.py:183} INFO - Processing /home/airflow/.local/lib/python3.12/site-packages/airflow/example_dags/example_short_circuit_operator.py took 2.479 seconds
[2024-08-09T02:39:31.006+0000] {processor.py:161} INFO - Started process (PID=142) to work on /home/airflow/.local/lib/python3.12/site-packages/airflow/example_dags/example_short_circuit_operator.py
[2024-08-09T02:39:31.007+0000] {processor.py:830} INFO - Processing file /home/airflow/.local/lib/python3.12/site-packages/airflow/example_dags/example_short_circuit_operator.py for tasks to queue
[2024-08-09T02:39:31.010+0000] {logging_mixin.py:188} INFO - [2024-08-09T02:39:31.009+0000] {dagbag.py:545} INFO - Filling up the DagBag from /home/airflow/.local/lib/python3.12/site-packages/airflow/example_dags/example_short_circuit_operator.py
[2024-08-09T02:39:31.019+0000] {processor.py:840} INFO - DAG(s) 'example_short_circuit_operator' retrieved from /home/airflow/.local/lib/python3.12/site-packages/airflow/example_dags/example_short_circuit_operator.py
[2024-08-09T02:39:31.045+0000] {logging_mixin.py:188} INFO - [2024-08-09T02:39:31.045+0000] {dag.py:3089} INFO - Sync 1 DAGs
[2024-08-09T02:39:31.077+0000] {logging_mixin.py:188} INFO - [2024-08-09T02:39:31.074+0000] {dag.py:3947} INFO - Setting next_dagrun for example_short_circuit_operator to 2024-08-08 00:00:00+00:00, run_after=2024-08-09 00:00:00+00:00
[2024-08-09T02:39:31.148+0000] {processor.py:183} INFO - Processing /home/airflow/.local/lib/python3.12/site-packages/airflow/example_dags/example_short_circuit_operator.py took 0.149 seconds
[2024-08-09T02:40:01.238+0000] {processor.py:161} INFO - Started process (PID=199) to work on /home/airflow/.local/lib/python3.12/site-packages/airflow/example_dags/example_short_circuit_operator.py
[2024-08-09T02:40:01.239+0000] {processor.py:830} INFO - Processing file /home/airflow/.local/lib/python3.12/site-packages/airflow/example_dags/example_short_circuit_operator.py for tasks to queue
[2024-08-09T02:40:01.242+0000] {logging_mixin.py:188} INFO - [2024-08-09T02:40:01.241+0000] {dagbag.py:545} INFO - Filling up the DagBag from /home/airflow/.local/lib/python3.12/site-packages/airflow/example_dags/example_short_circuit_operator.py
[2024-08-09T02:40:01.250+0000] {processor.py:840} INFO - DAG(s) 'example_short_circuit_operator' retrieved from /home/airflow/.local/lib/python3.12/site-packages/airflow/example_dags/example_short_circuit_operator.py
[2024-08-09T02:40:01.276+0000] {logging_mixin.py:188} INFO - [2024-08-09T02:40:01.276+0000] {dag.py:3089} INFO - Sync 1 DAGs
[2024-08-09T02:40:01.303+0000] {logging_mixin.py:188} INFO - [2024-08-09T02:40:01.303+0000] {dag.py:3947} INFO - Setting next_dagrun for example_short_circuit_operator to 2024-08-08 00:00:00+00:00, run_after=2024-08-09 00:00:00+00:00
[2024-08-09T02:40:01.335+0000] {processor.py:183} INFO - Processing /home/airflow/.local/lib/python3.12/site-packages/airflow/example_dags/example_short_circuit_operator.py took 0.104 seconds
[2024-08-09T02:40:33.325+0000] {processor.py:161} INFO - Started process (PID=265) to work on /home/airflow/.local/lib/python3.12/site-packages/airflow/example_dags/example_short_circuit_operator.py
[2024-08-09T02:40:33.327+0000] {processor.py:830} INFO - Processing file /home/airflow/.local/lib/python3.12/site-packages/airflow/example_dags/example_short_circuit_operator.py for tasks to queue
[2024-08-09T02:40:33.329+0000] {logging_mixin.py:188} INFO - [2024-08-09T02:40:33.329+0000] {dagbag.py:545} INFO - Filling up the DagBag from /home/airflow/.local/lib/python3.12/site-packages/airflow/example_dags/example_short_circuit_operator.py
[2024-08-09T02:40:33.339+0000] {processor.py:840} INFO - DAG(s) 'example_short_circuit_operator' retrieved from /home/airflow/.local/lib/python3.12/site-packages/airflow/example_dags/example_short_circuit_operator.py
[2024-08-09T02:40:33.365+0000] {logging_mixin.py:188} INFO - [2024-08-09T02:40:33.365+0000] {dag.py:3089} INFO - Sync 1 DAGs
[2024-08-09T02:40:33.393+0000] {logging_mixin.py:188} INFO - [2024-08-09T02:40:33.393+0000] {dag.py:3947} INFO - Setting next_dagrun for example_short_circuit_operator to 2024-08-08 00:00:00+00:00, run_after=2024-08-09 00:00:00+00:00
[2024-08-09T02:40:33.422+0000] {processor.py:183} INFO - Processing /home/airflow/.local/lib/python3.12/site-packages/airflow/example_dags/example_short_circuit_operator.py took 0.117 seconds
[2024-08-09T02:41:05.835+0000] {processor.py:161} INFO - Started process (PID=325) to work on /home/airflow/.local/lib/python3.12/site-packages/airflow/example_dags/example_short_circuit_operator.py
[2024-08-09T02:41:05.836+0000] {processor.py:830} INFO - Processing file /home/airflow/.local/lib/python3.12/site-packages/airflow/example_dags/example_short_circuit_operator.py for tasks to queue
[2024-08-09T02:41:05.839+0000] {logging_mixin.py:188} INFO - [2024-08-09T02:41:05.839+0000] {dagbag.py:545} INFO - Filling up the DagBag from /home/airflow/.local/lib/python3.12/site-packages/airflow/example_dags/example_short_circuit_operator.py
[2024-08-09T02:41:05.862+0000] {processor.py:840} INFO - DAG(s) 'example_short_circuit_operator' retrieved from /home/airflow/.local/lib/python3.12/site-packages/airflow/example_dags/example_short_circuit_operator.py
[2024-08-09T02:41:05.906+0000] {logging_mixin.py:188} INFO - [2024-08-09T02:41:05.906+0000] {dag.py:3089} INFO - Sync 1 DAGs
[2024-08-09T02:41:05.947+0000] {logging_mixin.py:188} INFO - [2024-08-09T02:41:05.947+0000] {dag.py:3947} INFO - Setting next_dagrun for example_short_circuit_operator to 2024-08-08 00:00:00+00:00, run_after=2024-08-09 00:00:00+00:00
[2024-08-09T02:41:06.016+0000] {processor.py:183} INFO - Processing /home/airflow/.local/lib/python3.12/site-packages/airflow/example_dags/example_short_circuit_operator.py took 0.202 seconds
[2024-08-09T02:41:36.112+0000] {processor.py:161} INFO - Started process (PID=384) to work on /home/airflow/.local/lib/python3.12/site-packages/airflow/example_dags/example_short_circuit_operator.py
[2024-08-09T02:41:36.114+0000] {processor.py:830} INFO - Processing file /home/airflow/.local/lib/python3.12/site-packages/airflow/example_dags/example_short_circuit_operator.py for tasks to queue
[2024-08-09T02:41:36.116+0000] {logging_mixin.py:188} INFO - [2024-08-09T02:41:36.116+0000] {dagbag.py:545} INFO - Filling up the DagBag from /home/airflow/.local/lib/python3.12/site-packages/airflow/example_dags/example_short_circuit_operator.py
[2024-08-09T02:41:36.125+0000] {processor.py:840} INFO - DAG(s) 'example_short_circuit_operator' retrieved from /home/airflow/.local/lib/python3.12/site-packages/airflow/example_dags/example_short_circuit_operator.py
[2024-08-09T02:41:36.152+0000] {logging_mixin.py:188} INFO - [2024-08-09T02:41:36.152+0000] {dag.py:3089} INFO - Sync 1 DAGs
[2024-08-09T02:41:36.183+0000] {logging_mixin.py:188} INFO - [2024-08-09T02:41:36.182+0000] {dag.py:3947} INFO - Setting next_dagrun for example_short_circuit_operator to 2024-08-08 00:00:00+00:00, run_after=2024-08-09 00:00:00+00:00
[2024-08-09T02:41:36.213+0000] {processor.py:183} INFO - Processing /home/airflow/.local/lib/python3.12/site-packages/airflow/example_dags/example_short_circuit_operator.py took 0.109 seconds
[2024-08-09T02:42:30.664+0000] {processor.py:161} INFO - Started process (PID=442) to work on /home/airflow/.local/lib/python3.12/site-packages/airflow/example_dags/example_short_circuit_operator.py
[2024-08-09T02:42:30.667+0000] {processor.py:830} INFO - Processing file /home/airflow/.local/lib/python3.12/site-packages/airflow/example_dags/example_short_circuit_operator.py for tasks to queue
[2024-08-09T02:42:30.678+0000] {logging_mixin.py:188} INFO - [2024-08-09T02:42:30.677+0000] {dagbag.py:545} INFO - Filling up the DagBag from /home/airflow/.local/lib/python3.12/site-packages/airflow/example_dags/example_short_circuit_operator.py
[2024-08-09T02:42:30.699+0000] {processor.py:840} INFO - DAG(s) 'example_short_circuit_operator' retrieved from /home/airflow/.local/lib/python3.12/site-packages/airflow/example_dags/example_short_circuit_operator.py
[2024-08-09T02:42:30.772+0000] {logging_mixin.py:188} INFO - [2024-08-09T02:42:30.771+0000] {dag.py:3089} INFO - Sync 1 DAGs
[2024-08-09T02:42:30.823+0000] {logging_mixin.py:188} INFO - [2024-08-09T02:42:30.823+0000] {dag.py:3947} INFO - Setting next_dagrun for example_short_circuit_operator to 2024-08-08 00:00:00+00:00, run_after=2024-08-09 00:00:00+00:00
[2024-08-09T02:42:30.933+0000] {processor.py:183} INFO - Processing /home/airflow/.local/lib/python3.12/site-packages/airflow/example_dags/example_short_circuit_operator.py took 0.293 seconds
[2024-08-09T02:43:02.495+0000] {processor.py:161} INFO - Started process (PID=502) to work on /home/airflow/.local/lib/python3.12/site-packages/airflow/example_dags/example_short_circuit_operator.py
[2024-08-09T02:43:02.504+0000] {processor.py:830} INFO - Processing file /home/airflow/.local/lib/python3.12/site-packages/airflow/example_dags/example_short_circuit_operator.py for tasks to queue
[2024-08-09T02:43:02.513+0000] {logging_mixin.py:188} INFO - [2024-08-09T02:43:02.512+0000] {dagbag.py:545} INFO - Filling up the DagBag from /home/airflow/.local/lib/python3.12/site-packages/airflow/example_dags/example_short_circuit_operator.py
[2024-08-09T02:43:02.545+0000] {processor.py:840} INFO - DAG(s) 'example_short_circuit_operator' retrieved from /home/airflow/.local/lib/python3.12/site-packages/airflow/example_dags/example_short_circuit_operator.py
[2024-08-09T02:43:02.705+0000] {logging_mixin.py:188} INFO - [2024-08-09T02:43:02.705+0000] {dag.py:3089} INFO - Sync 1 DAGs
[2024-08-09T02:43:02.831+0000] {logging_mixin.py:188} INFO - [2024-08-09T02:43:02.828+0000] {dag.py:3947} INFO - Setting next_dagrun for example_short_circuit_operator to 2024-08-08 00:00:00+00:00, run_after=2024-08-09 00:00:00+00:00
[2024-08-09T02:43:02.895+0000] {processor.py:183} INFO - Processing /home/airflow/.local/lib/python3.12/site-packages/airflow/example_dags/example_short_circuit_operator.py took 0.423 seconds
[2024-08-09T02:43:33.480+0000] {processor.py:161} INFO - Started process (PID=560) to work on /home/airflow/.local/lib/python3.12/site-packages/airflow/example_dags/example_short_circuit_operator.py
[2024-08-09T02:43:33.482+0000] {processor.py:830} INFO - Processing file /home/airflow/.local/lib/python3.12/site-packages/airflow/example_dags/example_short_circuit_operator.py for tasks to queue
[2024-08-09T02:43:33.483+0000] {logging_mixin.py:188} INFO - [2024-08-09T02:43:33.482+0000] {dagbag.py:545} INFO - Filling up the DagBag from /home/airflow/.local/lib/python3.12/site-packages/airflow/example_dags/example_short_circuit_operator.py
[2024-08-09T02:43:33.492+0000] {processor.py:840} INFO - DAG(s) 'example_short_circuit_operator' retrieved from /home/airflow/.local/lib/python3.12/site-packages/airflow/example_dags/example_short_circuit_operator.py
[2024-08-09T02:43:33.522+0000] {logging_mixin.py:188} INFO - [2024-08-09T02:43:33.521+0000] {dag.py:3089} INFO - Sync 1 DAGs
[2024-08-09T02:43:33.546+0000] {logging_mixin.py:188} INFO - [2024-08-09T02:43:33.546+0000] {dag.py:3947} INFO - Setting next_dagrun for example_short_circuit_operator to 2024-08-08 00:00:00+00:00, run_after=2024-08-09 00:00:00+00:00
[2024-08-09T02:43:33.569+0000] {processor.py:183} INFO - Processing /home/airflow/.local/lib/python3.12/site-packages/airflow/example_dags/example_short_circuit_operator.py took 0.096 seconds
[2024-08-09T02:44:03.710+0000] {processor.py:161} INFO - Started process (PID=620) to work on /home/airflow/.local/lib/python3.12/site-packages/airflow/example_dags/example_short_circuit_operator.py
[2024-08-09T02:44:03.712+0000] {processor.py:830} INFO - Processing file /home/airflow/.local/lib/python3.12/site-packages/airflow/example_dags/example_short_circuit_operator.py for tasks to queue
[2024-08-09T02:44:03.713+0000] {logging_mixin.py:188} INFO - [2024-08-09T02:44:03.713+0000] {dagbag.py:545} INFO - Filling up the DagBag from /home/airflow/.local/lib/python3.12/site-packages/airflow/example_dags/example_short_circuit_operator.py
[2024-08-09T02:44:03.723+0000] {processor.py:840} INFO - DAG(s) 'example_short_circuit_operator' retrieved from /home/airflow/.local/lib/python3.12/site-packages/airflow/example_dags/example_short_circuit_operator.py
[2024-08-09T02:44:03.749+0000] {logging_mixin.py:188} INFO - [2024-08-09T02:44:03.748+0000] {dag.py:3089} INFO - Sync 1 DAGs
[2024-08-09T02:44:03.776+0000] {logging_mixin.py:188} INFO - [2024-08-09T02:44:03.775+0000] {dag.py:3947} INFO - Setting next_dagrun for example_short_circuit_operator to 2024-08-08 00:00:00+00:00, run_after=2024-08-09 00:00:00+00:00
[2024-08-09T02:44:04.017+0000] {processor.py:183} INFO - Processing /home/airflow/.local/lib/python3.12/site-packages/airflow/example_dags/example_short_circuit_operator.py took 0.316 seconds
[2024-08-09T02:44:34.699+0000] {processor.py:161} INFO - Started process (PID=680) to work on /home/airflow/.local/lib/python3.12/site-packages/airflow/example_dags/example_short_circuit_operator.py
[2024-08-09T02:44:34.708+0000] {processor.py:830} INFO - Processing file /home/airflow/.local/lib/python3.12/site-packages/airflow/example_dags/example_short_circuit_operator.py for tasks to queue
[2024-08-09T02:44:34.710+0000] {logging_mixin.py:188} INFO - [2024-08-09T02:44:34.709+0000] {dagbag.py:545} INFO - Filling up the DagBag from /home/airflow/.local/lib/python3.12/site-packages/airflow/example_dags/example_short_circuit_operator.py
[2024-08-09T02:44:34.724+0000] {processor.py:840} INFO - DAG(s) 'example_short_circuit_operator' retrieved from /home/airflow/.local/lib/python3.12/site-packages/airflow/example_dags/example_short_circuit_operator.py
[2024-08-09T02:44:34.757+0000] {logging_mixin.py:188} INFO - [2024-08-09T02:44:34.757+0000] {dag.py:3089} INFO - Sync 1 DAGs
[2024-08-09T02:44:34.785+0000] {logging_mixin.py:188} INFO - [2024-08-09T02:44:34.785+0000] {dag.py:3947} INFO - Setting next_dagrun for example_short_circuit_operator to 2024-08-08 00:00:00+00:00, run_after=2024-08-09 00:00:00+00:00
[2024-08-09T02:44:34.838+0000] {processor.py:183} INFO - Processing /home/airflow/.local/lib/python3.12/site-packages/airflow/example_dags/example_short_circuit_operator.py took 0.146 seconds
[2024-08-09T02:45:04.910+0000] {processor.py:161} INFO - Started process (PID=740) to work on /home/airflow/.local/lib/python3.12/site-packages/airflow/example_dags/example_short_circuit_operator.py
[2024-08-09T02:45:04.911+0000] {processor.py:830} INFO - Processing file /home/airflow/.local/lib/python3.12/site-packages/airflow/example_dags/example_short_circuit_operator.py for tasks to queue
[2024-08-09T02:45:04.912+0000] {logging_mixin.py:188} INFO - [2024-08-09T02:45:04.912+0000] {dagbag.py:545} INFO - Filling up the DagBag from /home/airflow/.local/lib/python3.12/site-packages/airflow/example_dags/example_short_circuit_operator.py
[2024-08-09T02:45:04.920+0000] {processor.py:840} INFO - DAG(s) 'example_short_circuit_operator' retrieved from /home/airflow/.local/lib/python3.12/site-packages/airflow/example_dags/example_short_circuit_operator.py
[2024-08-09T02:45:04.944+0000] {logging_mixin.py:188} INFO - [2024-08-09T02:45:04.944+0000] {dag.py:3089} INFO - Sync 1 DAGs
[2024-08-09T02:45:04.970+0000] {logging_mixin.py:188} INFO - [2024-08-09T02:45:04.970+0000] {dag.py:3947} INFO - Setting next_dagrun for example_short_circuit_operator to 2024-08-08 00:00:00+00:00, run_after=2024-08-09 00:00:00+00:00
[2024-08-09T02:45:04.993+0000] {processor.py:183} INFO - Processing /home/airflow/.local/lib/python3.12/site-packages/airflow/example_dags/example_short_circuit_operator.py took 0.089 seconds
[2024-08-09T02:45:35.207+0000] {processor.py:161} INFO - Started process (PID=801) to work on /home/airflow/.local/lib/python3.12/site-packages/airflow/example_dags/example_short_circuit_operator.py
[2024-08-09T02:45:35.208+0000] {processor.py:830} INFO - Processing file /home/airflow/.local/lib/python3.12/site-packages/airflow/example_dags/example_short_circuit_operator.py for tasks to queue
[2024-08-09T02:45:35.209+0000] {logging_mixin.py:188} INFO - [2024-08-09T02:45:35.209+0000] {dagbag.py:545} INFO - Filling up the DagBag from /home/airflow/.local/lib/python3.12/site-packages/airflow/example_dags/example_short_circuit_operator.py
[2024-08-09T02:45:35.218+0000] {processor.py:840} INFO - DAG(s) 'example_short_circuit_operator' retrieved from /home/airflow/.local/lib/python3.12/site-packages/airflow/example_dags/example_short_circuit_operator.py
[2024-08-09T02:45:35.240+0000] {logging_mixin.py:188} INFO - [2024-08-09T02:45:35.240+0000] {dag.py:3089} INFO - Sync 1 DAGs
[2024-08-09T02:45:35.264+0000] {logging_mixin.py:188} INFO - [2024-08-09T02:45:35.264+0000] {dag.py:3947} INFO - Setting next_dagrun for example_short_circuit_operator to 2024-08-08 00:00:00+00:00, run_after=2024-08-09 00:00:00+00:00
[2024-08-09T02:45:35.290+0000] {processor.py:183} INFO - Processing /home/airflow/.local/lib/python3.12/site-packages/airflow/example_dags/example_short_circuit_operator.py took 0.088 seconds
[2024-08-09T02:46:05.979+0000] {processor.py:161} INFO - Started process (PID=862) to work on /home/airflow/.local/lib/python3.12/site-packages/airflow/example_dags/example_short_circuit_operator.py
[2024-08-09T02:46:05.981+0000] {processor.py:830} INFO - Processing file /home/airflow/.local/lib/python3.12/site-packages/airflow/example_dags/example_short_circuit_operator.py for tasks to queue
[2024-08-09T02:46:05.982+0000] {logging_mixin.py:188} INFO - [2024-08-09T02:46:05.982+0000] {dagbag.py:545} INFO - Filling up the DagBag from /home/airflow/.local/lib/python3.12/site-packages/airflow/example_dags/example_short_circuit_operator.py
[2024-08-09T02:46:05.995+0000] {processor.py:840} INFO - DAG(s) 'example_short_circuit_operator' retrieved from /home/airflow/.local/lib/python3.12/site-packages/airflow/example_dags/example_short_circuit_operator.py
[2024-08-09T02:46:06.029+0000] {logging_mixin.py:188} INFO - [2024-08-09T02:46:06.029+0000] {dag.py:3089} INFO - Sync 1 DAGs
[2024-08-09T02:46:06.064+0000] {logging_mixin.py:188} INFO - [2024-08-09T02:46:06.064+0000] {dag.py:3947} INFO - Setting next_dagrun for example_short_circuit_operator to 2024-08-08 00:00:00+00:00, run_after=2024-08-09 00:00:00+00:00
[2024-08-09T02:46:06.088+0000] {processor.py:183} INFO - Processing /home/airflow/.local/lib/python3.12/site-packages/airflow/example_dags/example_short_circuit_operator.py took 0.118 seconds
[2024-08-09T02:46:37.052+0000] {processor.py:161} INFO - Started process (PID=922) to work on /home/airflow/.local/lib/python3.12/site-packages/airflow/example_dags/example_short_circuit_operator.py
[2024-08-09T02:46:37.053+0000] {processor.py:830} INFO - Processing file /home/airflow/.local/lib/python3.12/site-packages/airflow/example_dags/example_short_circuit_operator.py for tasks to queue
[2024-08-09T02:46:37.055+0000] {logging_mixin.py:188} INFO - [2024-08-09T02:46:37.054+0000] {dagbag.py:545} INFO - Filling up the DagBag from /home/airflow/.local/lib/python3.12/site-packages/airflow/example_dags/example_short_circuit_operator.py
[2024-08-09T02:46:37.065+0000] {processor.py:840} INFO - DAG(s) 'example_short_circuit_operator' retrieved from /home/airflow/.local/lib/python3.12/site-packages/airflow/example_dags/example_short_circuit_operator.py
[2024-08-09T02:46:37.095+0000] {logging_mixin.py:188} INFO - [2024-08-09T02:46:37.095+0000] {dag.py:3089} INFO - Sync 1 DAGs
[2024-08-09T02:46:37.132+0000] {logging_mixin.py:188} INFO - [2024-08-09T02:46:37.131+0000] {dag.py:3947} INFO - Setting next_dagrun for example_short_circuit_operator to 2024-08-08 00:00:00+00:00, run_after=2024-08-09 00:00:00+00:00
[2024-08-09T02:46:37.162+0000] {processor.py:183} INFO - Processing /home/airflow/.local/lib/python3.12/site-packages/airflow/example_dags/example_short_circuit_operator.py took 0.121 seconds
[2024-08-09T02:47:08.465+0000] {processor.py:161} INFO - Started process (PID=982) to work on /home/airflow/.local/lib/python3.12/site-packages/airflow/example_dags/example_short_circuit_operator.py
[2024-08-09T02:47:08.466+0000] {processor.py:830} INFO - Processing file /home/airflow/.local/lib/python3.12/site-packages/airflow/example_dags/example_short_circuit_operator.py for tasks to queue
[2024-08-09T02:47:08.467+0000] {logging_mixin.py:188} INFO - [2024-08-09T02:47:08.467+0000] {dagbag.py:545} INFO - Filling up the DagBag from /home/airflow/.local/lib/python3.12/site-packages/airflow/example_dags/example_short_circuit_operator.py
[2024-08-09T02:47:08.484+0000] {processor.py:840} INFO - DAG(s) 'example_short_circuit_operator' retrieved from /home/airflow/.local/lib/python3.12/site-packages/airflow/example_dags/example_short_circuit_operator.py
[2024-08-09T02:47:08.515+0000] {logging_mixin.py:188} INFO - [2024-08-09T02:47:08.515+0000] {dag.py:3089} INFO - Sync 1 DAGs
[2024-08-09T02:47:08.546+0000] {logging_mixin.py:188} INFO - [2024-08-09T02:47:08.546+0000] {dag.py:3947} INFO - Setting next_dagrun for example_short_circuit_operator to 2024-08-08 00:00:00+00:00, run_after=2024-08-09 00:00:00+00:00
[2024-08-09T02:47:08.675+0000] {processor.py:183} INFO - Processing /home/airflow/.local/lib/python3.12/site-packages/airflow/example_dags/example_short_circuit_operator.py took 0.218 seconds
[2024-08-09T02:47:38.915+0000] {processor.py:161} INFO - Started process (PID=1039) to work on /home/airflow/.local/lib/python3.12/site-packages/airflow/example_dags/example_short_circuit_operator.py
[2024-08-09T02:47:38.916+0000] {processor.py:830} INFO - Processing file /home/airflow/.local/lib/python3.12/site-packages/airflow/example_dags/example_short_circuit_operator.py for tasks to queue
[2024-08-09T02:47:38.917+0000] {logging_mixin.py:188} INFO - [2024-08-09T02:47:38.917+0000] {dagbag.py:545} INFO - Filling up the DagBag from /home/airflow/.local/lib/python3.12/site-packages/airflow/example_dags/example_short_circuit_operator.py
[2024-08-09T02:47:38.926+0000] {processor.py:840} INFO - DAG(s) 'example_short_circuit_operator' retrieved from /home/airflow/.local/lib/python3.12/site-packages/airflow/example_dags/example_short_circuit_operator.py
[2024-08-09T02:47:38.951+0000] {logging_mixin.py:188} INFO - [2024-08-09T02:47:38.951+0000] {dag.py:3089} INFO - Sync 1 DAGs
[2024-08-09T02:47:38.976+0000] {logging_mixin.py:188} INFO - [2024-08-09T02:47:38.976+0000] {dag.py:3947} INFO - Setting next_dagrun for example_short_circuit_operator to 2024-08-08 00:00:00+00:00, run_after=2024-08-09 00:00:00+00:00
[2024-08-09T02:47:39.041+0000] {processor.py:183} INFO - Processing /home/airflow/.local/lib/python3.12/site-packages/airflow/example_dags/example_short_circuit_operator.py took 0.132 seconds
[2024-08-09T02:48:09.211+0000] {processor.py:161} INFO - Started process (PID=1099) to work on /home/airflow/.local/lib/python3.12/site-packages/airflow/example_dags/example_short_circuit_operator.py
[2024-08-09T02:48:09.213+0000] {processor.py:830} INFO - Processing file /home/airflow/.local/lib/python3.12/site-packages/airflow/example_dags/example_short_circuit_operator.py for tasks to queue
[2024-08-09T02:48:09.214+0000] {logging_mixin.py:188} INFO - [2024-08-09T02:48:09.214+0000] {dagbag.py:545} INFO - Filling up the DagBag from /home/airflow/.local/lib/python3.12/site-packages/airflow/example_dags/example_short_circuit_operator.py
[2024-08-09T02:48:09.226+0000] {processor.py:840} INFO - DAG(s) 'example_short_circuit_operator' retrieved from /home/airflow/.local/lib/python3.12/site-packages/airflow/example_dags/example_short_circuit_operator.py
[2024-08-09T02:48:09.260+0000] {logging_mixin.py:188} INFO - [2024-08-09T02:48:09.259+0000] {dag.py:3089} INFO - Sync 1 DAGs
[2024-08-09T02:48:09.291+0000] {logging_mixin.py:188} INFO - [2024-08-09T02:48:09.291+0000] {dag.py:3947} INFO - Setting next_dagrun for example_short_circuit_operator to 2024-08-08 00:00:00+00:00, run_after=2024-08-09 00:00:00+00:00
[2024-08-09T02:48:09.332+0000] {processor.py:183} INFO - Processing /home/airflow/.local/lib/python3.12/site-packages/airflow/example_dags/example_short_circuit_operator.py took 0.128 seconds
[2024-08-09T02:48:39.700+0000] {processor.py:161} INFO - Started process (PID=1159) to work on /home/airflow/.local/lib/python3.12/site-packages/airflow/example_dags/example_short_circuit_operator.py
[2024-08-09T02:48:39.701+0000] {processor.py:830} INFO - Processing file /home/airflow/.local/lib/python3.12/site-packages/airflow/example_dags/example_short_circuit_operator.py for tasks to queue
[2024-08-09T02:48:39.702+0000] {logging_mixin.py:188} INFO - [2024-08-09T02:48:39.701+0000] {dagbag.py:545} INFO - Filling up the DagBag from /home/airflow/.local/lib/python3.12/site-packages/airflow/example_dags/example_short_circuit_operator.py
[2024-08-09T02:48:39.719+0000] {processor.py:840} INFO - DAG(s) 'example_short_circuit_operator' retrieved from /home/airflow/.local/lib/python3.12/site-packages/airflow/example_dags/example_short_circuit_operator.py
[2024-08-09T02:48:39.777+0000] {logging_mixin.py:188} INFO - [2024-08-09T02:48:39.776+0000] {dag.py:3089} INFO - Sync 1 DAGs
[2024-08-09T02:48:39.812+0000] {logging_mixin.py:188} INFO - [2024-08-09T02:48:39.812+0000] {dag.py:3947} INFO - Setting next_dagrun for example_short_circuit_operator to 2024-08-08 00:00:00+00:00, run_after=2024-08-09 00:00:00+00:00
[2024-08-09T02:48:39.842+0000] {processor.py:183} INFO - Processing /home/airflow/.local/lib/python3.12/site-packages/airflow/example_dags/example_short_circuit_operator.py took 0.149 seconds
[2024-08-09T02:49:10.306+0000] {processor.py:161} INFO - Started process (PID=1225) to work on /home/airflow/.local/lib/python3.12/site-packages/airflow/example_dags/example_short_circuit_operator.py
[2024-08-09T02:49:10.308+0000] {processor.py:830} INFO - Processing file /home/airflow/.local/lib/python3.12/site-packages/airflow/example_dags/example_short_circuit_operator.py for tasks to queue
[2024-08-09T02:49:10.309+0000] {logging_mixin.py:188} INFO - [2024-08-09T02:49:10.308+0000] {dagbag.py:545} INFO - Filling up the DagBag from /home/airflow/.local/lib/python3.12/site-packages/airflow/example_dags/example_short_circuit_operator.py
[2024-08-09T02:49:10.317+0000] {processor.py:840} INFO - DAG(s) 'example_short_circuit_operator' retrieved from /home/airflow/.local/lib/python3.12/site-packages/airflow/example_dags/example_short_circuit_operator.py
[2024-08-09T02:49:10.348+0000] {logging_mixin.py:188} INFO - [2024-08-09T02:49:10.348+0000] {dag.py:3089} INFO - Sync 1 DAGs
[2024-08-09T02:49:10.383+0000] {logging_mixin.py:188} INFO - [2024-08-09T02:49:10.383+0000] {dag.py:3947} INFO - Setting next_dagrun for example_short_circuit_operator to 2024-08-08 00:00:00+00:00, run_after=2024-08-09 00:00:00+00:00
[2024-08-09T02:49:10.407+0000] {processor.py:183} INFO - Processing /home/airflow/.local/lib/python3.12/site-packages/airflow/example_dags/example_short_circuit_operator.py took 0.108 seconds
[2024-08-09T02:49:40.828+0000] {processor.py:161} INFO - Started process (PID=1286) to work on /home/airflow/.local/lib/python3.12/site-packages/airflow/example_dags/example_short_circuit_operator.py
[2024-08-09T02:49:40.829+0000] {processor.py:830} INFO - Processing file /home/airflow/.local/lib/python3.12/site-packages/airflow/example_dags/example_short_circuit_operator.py for tasks to queue
[2024-08-09T02:49:40.830+0000] {logging_mixin.py:188} INFO - [2024-08-09T02:49:40.830+0000] {dagbag.py:545} INFO - Filling up the DagBag from /home/airflow/.local/lib/python3.12/site-packages/airflow/example_dags/example_short_circuit_operator.py
[2024-08-09T02:49:40.841+0000] {processor.py:840} INFO - DAG(s) 'example_short_circuit_operator' retrieved from /home/airflow/.local/lib/python3.12/site-packages/airflow/example_dags/example_short_circuit_operator.py
[2024-08-09T02:49:40.868+0000] {logging_mixin.py:188} INFO - [2024-08-09T02:49:40.868+0000] {dag.py:3089} INFO - Sync 1 DAGs
[2024-08-09T02:49:40.894+0000] {logging_mixin.py:188} INFO - [2024-08-09T02:49:40.894+0000] {dag.py:3947} INFO - Setting next_dagrun for example_short_circuit_operator to 2024-08-08 00:00:00+00:00, run_after=2024-08-09 00:00:00+00:00
[2024-08-09T02:49:40.927+0000] {processor.py:183} INFO - Processing /home/airflow/.local/lib/python3.12/site-packages/airflow/example_dags/example_short_circuit_operator.py took 0.106 seconds
[2024-08-09T02:50:11.062+0000] {processor.py:161} INFO - Started process (PID=1346) to work on /home/airflow/.local/lib/python3.12/site-packages/airflow/example_dags/example_short_circuit_operator.py
[2024-08-09T02:50:11.064+0000] {processor.py:830} INFO - Processing file /home/airflow/.local/lib/python3.12/site-packages/airflow/example_dags/example_short_circuit_operator.py for tasks to queue
[2024-08-09T02:50:11.065+0000] {logging_mixin.py:188} INFO - [2024-08-09T02:50:11.065+0000] {dagbag.py:545} INFO - Filling up the DagBag from /home/airflow/.local/lib/python3.12/site-packages/airflow/example_dags/example_short_circuit_operator.py
[2024-08-09T02:50:11.075+0000] {processor.py:840} INFO - DAG(s) 'example_short_circuit_operator' retrieved from /home/airflow/.local/lib/python3.12/site-packages/airflow/example_dags/example_short_circuit_operator.py
[2024-08-09T02:50:11.100+0000] {logging_mixin.py:188} INFO - [2024-08-09T02:50:11.100+0000] {dag.py:3089} INFO - Sync 1 DAGs
[2024-08-09T02:50:11.126+0000] {logging_mixin.py:188} INFO - [2024-08-09T02:50:11.126+0000] {dag.py:3947} INFO - Setting next_dagrun for example_short_circuit_operator to 2024-08-08 00:00:00+00:00, run_after=2024-08-09 00:00:00+00:00
[2024-08-09T02:50:11.160+0000] {processor.py:183} INFO - Processing /home/airflow/.local/lib/python3.12/site-packages/airflow/example_dags/example_short_circuit_operator.py took 0.104 seconds
[2024-08-09T02:50:41.566+0000] {processor.py:161} INFO - Started process (PID=1406) to work on /home/airflow/.local/lib/python3.12/site-packages/airflow/example_dags/example_short_circuit_operator.py
[2024-08-09T02:50:41.578+0000] {processor.py:830} INFO - Processing file /home/airflow/.local/lib/python3.12/site-packages/airflow/example_dags/example_short_circuit_operator.py for tasks to queue
[2024-08-09T02:50:41.580+0000] {logging_mixin.py:188} INFO - [2024-08-09T02:50:41.579+0000] {dagbag.py:545} INFO - Filling up the DagBag from /home/airflow/.local/lib/python3.12/site-packages/airflow/example_dags/example_short_circuit_operator.py
[2024-08-09T02:50:41.590+0000] {processor.py:840} INFO - DAG(s) 'example_short_circuit_operator' retrieved from /home/airflow/.local/lib/python3.12/site-packages/airflow/example_dags/example_short_circuit_operator.py
[2024-08-09T02:50:41.675+0000] {logging_mixin.py:188} INFO - [2024-08-09T02:50:41.674+0000] {dag.py:3089} INFO - Sync 1 DAGs
[2024-08-09T02:50:41.738+0000] {logging_mixin.py:188} INFO - [2024-08-09T02:50:41.737+0000] {dag.py:3947} INFO - Setting next_dagrun for example_short_circuit_operator to 2024-08-08 00:00:00+00:00, run_after=2024-08-09 00:00:00+00:00
[2024-08-09T02:50:41.794+0000] {processor.py:183} INFO - Processing /home/airflow/.local/lib/python3.12/site-packages/airflow/example_dags/example_short_circuit_operator.py took 0.238 seconds
[2024-08-09T02:51:12.072+0000] {processor.py:161} INFO - Started process (PID=1467) to work on /home/airflow/.local/lib/python3.12/site-packages/airflow/example_dags/example_short_circuit_operator.py
[2024-08-09T02:51:12.083+0000] {processor.py:830} INFO - Processing file /home/airflow/.local/lib/python3.12/site-packages/airflow/example_dags/example_short_circuit_operator.py for tasks to queue
[2024-08-09T02:51:12.086+0000] {logging_mixin.py:188} INFO - [2024-08-09T02:51:12.085+0000] {dagbag.py:545} INFO - Filling up the DagBag from /home/airflow/.local/lib/python3.12/site-packages/airflow/example_dags/example_short_circuit_operator.py
[2024-08-09T02:51:12.103+0000] {processor.py:840} INFO - DAG(s) 'example_short_circuit_operator' retrieved from /home/airflow/.local/lib/python3.12/site-packages/airflow/example_dags/example_short_circuit_operator.py
[2024-08-09T02:51:12.130+0000] {logging_mixin.py:188} INFO - [2024-08-09T02:51:12.130+0000] {dag.py:3089} INFO - Sync 1 DAGs
[2024-08-09T02:51:12.175+0000] {logging_mixin.py:188} INFO - [2024-08-09T02:51:12.174+0000] {dag.py:3947} INFO - Setting next_dagrun for example_short_circuit_operator to 2024-08-08 00:00:00+00:00, run_after=2024-08-09 00:00:00+00:00
[2024-08-09T02:51:12.198+0000] {processor.py:183} INFO - Processing /home/airflow/.local/lib/python3.12/site-packages/airflow/example_dags/example_short_circuit_operator.py took 0.144 seconds
[2024-08-09T03:00:02.258+0000] {processor.py:161} INFO - Started process (PID=1520) to work on /home/airflow/.local/lib/python3.12/site-packages/airflow/example_dags/example_short_circuit_operator.py
[2024-08-09T03:00:02.276+0000] {processor.py:830} INFO - Processing file /home/airflow/.local/lib/python3.12/site-packages/airflow/example_dags/example_short_circuit_operator.py for tasks to queue
[2024-08-09T03:00:02.277+0000] {logging_mixin.py:188} INFO - [2024-08-09T03:00:02.277+0000] {dagbag.py:545} INFO - Filling up the DagBag from /home/airflow/.local/lib/python3.12/site-packages/airflow/example_dags/example_short_circuit_operator.py
[2024-08-09T03:00:02.322+0000] {processor.py:840} INFO - DAG(s) 'example_short_circuit_operator' retrieved from /home/airflow/.local/lib/python3.12/site-packages/airflow/example_dags/example_short_circuit_operator.py
[2024-08-09T03:00:02.423+0000] {logging_mixin.py:188} INFO - [2024-08-09T03:00:02.422+0000] {dag.py:3089} INFO - Sync 1 DAGs
[2024-08-09T03:00:02.539+0000] {logging_mixin.py:188} INFO - [2024-08-09T03:00:02.539+0000] {dag.py:3947} INFO - Setting next_dagrun for example_short_circuit_operator to 2024-08-08 00:00:00+00:00, run_after=2024-08-09 00:00:00+00:00
[2024-08-09T03:00:02.665+0000] {processor.py:183} INFO - Processing /home/airflow/.local/lib/python3.12/site-packages/airflow/example_dags/example_short_circuit_operator.py took 0.422 seconds
[2024-08-09T03:39:52.430+0000] {processor.py:161} INFO - Started process (PID=81) to work on /home/airflow/.local/lib/python3.12/site-packages/airflow/example_dags/example_short_circuit_operator.py
[2024-08-09T03:39:52.439+0000] {processor.py:830} INFO - Processing file /home/airflow/.local/lib/python3.12/site-packages/airflow/example_dags/example_short_circuit_operator.py for tasks to queue
[2024-08-09T03:39:52.442+0000] {logging_mixin.py:188} INFO - [2024-08-09T03:39:52.441+0000] {dagbag.py:545} INFO - Filling up the DagBag from /home/airflow/.local/lib/python3.12/site-packages/airflow/example_dags/example_short_circuit_operator.py
[2024-08-09T03:39:52.470+0000] {processor.py:840} INFO - DAG(s) 'example_short_circuit_operator' retrieved from /home/airflow/.local/lib/python3.12/site-packages/airflow/example_dags/example_short_circuit_operator.py
[2024-08-09T03:39:52.895+0000] {logging_mixin.py:188} INFO - [2024-08-09T03:39:52.895+0000] {dag.py:3089} INFO - Sync 1 DAGs
[2024-08-09T03:39:52.970+0000] {logging_mixin.py:188} INFO - [2024-08-09T03:39:52.970+0000] {dag.py:3947} INFO - Setting next_dagrun for example_short_circuit_operator to 2024-08-08 00:00:00+00:00, run_after=2024-08-09 00:00:00+00:00
[2024-08-09T03:39:53.077+0000] {processor.py:183} INFO - Processing /home/airflow/.local/lib/python3.12/site-packages/airflow/example_dags/example_short_circuit_operator.py took 0.664 seconds
[2024-08-09T03:40:24.658+0000] {processor.py:161} INFO - Started process (PID=142) to work on /home/airflow/.local/lib/python3.12/site-packages/airflow/example_dags/example_short_circuit_operator.py
[2024-08-09T03:40:25.114+0000] {processor.py:830} INFO - Processing file /home/airflow/.local/lib/python3.12/site-packages/airflow/example_dags/example_short_circuit_operator.py for tasks to queue
[2024-08-09T03:40:25.166+0000] {logging_mixin.py:188} INFO - [2024-08-09T03:40:25.165+0000] {dagbag.py:545} INFO - Filling up the DagBag from /home/airflow/.local/lib/python3.12/site-packages/airflow/example_dags/example_short_circuit_operator.py
[2024-08-09T03:40:25.221+0000] {processor.py:840} INFO - DAG(s) 'example_short_circuit_operator' retrieved from /home/airflow/.local/lib/python3.12/site-packages/airflow/example_dags/example_short_circuit_operator.py
[2024-08-09T03:40:25.355+0000] {logging_mixin.py:188} INFO - [2024-08-09T03:40:25.355+0000] {dag.py:3089} INFO - Sync 1 DAGs
[2024-08-09T03:40:25.446+0000] {logging_mixin.py:188} INFO - [2024-08-09T03:40:25.445+0000] {dag.py:3947} INFO - Setting next_dagrun for example_short_circuit_operator to 2024-08-08 00:00:00+00:00, run_after=2024-08-09 00:00:00+00:00
[2024-08-09T03:40:25.590+0000] {processor.py:183} INFO - Processing /home/airflow/.local/lib/python3.12/site-packages/airflow/example_dags/example_short_circuit_operator.py took 1.185 seconds
[2024-08-09T03:40:56.185+0000] {processor.py:161} INFO - Started process (PID=200) to work on /home/airflow/.local/lib/python3.12/site-packages/airflow/example_dags/example_short_circuit_operator.py
[2024-08-09T03:40:56.186+0000] {processor.py:830} INFO - Processing file /home/airflow/.local/lib/python3.12/site-packages/airflow/example_dags/example_short_circuit_operator.py for tasks to queue
[2024-08-09T03:40:56.193+0000] {logging_mixin.py:188} INFO - [2024-08-09T03:40:56.193+0000] {dagbag.py:545} INFO - Filling up the DagBag from /home/airflow/.local/lib/python3.12/site-packages/airflow/example_dags/example_short_circuit_operator.py
[2024-08-09T03:40:56.201+0000] {processor.py:840} INFO - DAG(s) 'example_short_circuit_operator' retrieved from /home/airflow/.local/lib/python3.12/site-packages/airflow/example_dags/example_short_circuit_operator.py
[2024-08-09T03:40:56.253+0000] {logging_mixin.py:188} INFO - [2024-08-09T03:40:56.244+0000] {dag.py:3089} INFO - Sync 1 DAGs
[2024-08-09T03:40:56.284+0000] {logging_mixin.py:188} INFO - [2024-08-09T03:40:56.283+0000] {dag.py:3947} INFO - Setting next_dagrun for example_short_circuit_operator to 2024-08-08 00:00:00+00:00, run_after=2024-08-09 00:00:00+00:00
[2024-08-09T03:40:56.321+0000] {processor.py:183} INFO - Processing /home/airflow/.local/lib/python3.12/site-packages/airflow/example_dags/example_short_circuit_operator.py took 0.142 seconds
[2024-08-09T03:41:26.815+0000] {processor.py:161} INFO - Started process (PID=260) to work on /home/airflow/.local/lib/python3.12/site-packages/airflow/example_dags/example_short_circuit_operator.py
[2024-08-09T03:41:26.817+0000] {processor.py:830} INFO - Processing file /home/airflow/.local/lib/python3.12/site-packages/airflow/example_dags/example_short_circuit_operator.py for tasks to queue
[2024-08-09T03:41:26.818+0000] {logging_mixin.py:188} INFO - [2024-08-09T03:41:26.818+0000] {dagbag.py:545} INFO - Filling up the DagBag from /home/airflow/.local/lib/python3.12/site-packages/airflow/example_dags/example_short_circuit_operator.py
[2024-08-09T03:41:26.827+0000] {processor.py:840} INFO - DAG(s) 'example_short_circuit_operator' retrieved from /home/airflow/.local/lib/python3.12/site-packages/airflow/example_dags/example_short_circuit_operator.py
[2024-08-09T03:41:26.856+0000] {logging_mixin.py:188} INFO - [2024-08-09T03:41:26.855+0000] {dag.py:3089} INFO - Sync 1 DAGs
[2024-08-09T03:41:26.879+0000] {logging_mixin.py:188} INFO - [2024-08-09T03:41:26.879+0000] {dag.py:3947} INFO - Setting next_dagrun for example_short_circuit_operator to 2024-08-08 00:00:00+00:00, run_after=2024-08-09 00:00:00+00:00
[2024-08-09T03:41:26.898+0000] {processor.py:183} INFO - Processing /home/airflow/.local/lib/python3.12/site-packages/airflow/example_dags/example_short_circuit_operator.py took 0.090 seconds
[2024-08-09T03:41:57.289+0000] {processor.py:161} INFO - Started process (PID=320) to work on /home/airflow/.local/lib/python3.12/site-packages/airflow/example_dags/example_short_circuit_operator.py
[2024-08-09T03:41:57.291+0000] {processor.py:830} INFO - Processing file /home/airflow/.local/lib/python3.12/site-packages/airflow/example_dags/example_short_circuit_operator.py for tasks to queue
[2024-08-09T03:41:57.291+0000] {logging_mixin.py:188} INFO - [2024-08-09T03:41:57.291+0000] {dagbag.py:545} INFO - Filling up the DagBag from /home/airflow/.local/lib/python3.12/site-packages/airflow/example_dags/example_short_circuit_operator.py
[2024-08-09T03:41:57.299+0000] {processor.py:840} INFO - DAG(s) 'example_short_circuit_operator' retrieved from /home/airflow/.local/lib/python3.12/site-packages/airflow/example_dags/example_short_circuit_operator.py
[2024-08-09T03:41:57.325+0000] {logging_mixin.py:188} INFO - [2024-08-09T03:41:57.325+0000] {dag.py:3089} INFO - Sync 1 DAGs
[2024-08-09T03:41:57.354+0000] {logging_mixin.py:188} INFO - [2024-08-09T03:41:57.354+0000] {dag.py:3947} INFO - Setting next_dagrun for example_short_circuit_operator to 2024-08-08 00:00:00+00:00, run_after=2024-08-09 00:00:00+00:00
[2024-08-09T03:41:57.383+0000] {processor.py:183} INFO - Processing /home/airflow/.local/lib/python3.12/site-packages/airflow/example_dags/example_short_circuit_operator.py took 0.099 seconds
[2024-08-09T03:42:28.074+0000] {processor.py:161} INFO - Started process (PID=379) to work on /home/airflow/.local/lib/python3.12/site-packages/airflow/example_dags/example_short_circuit_operator.py
[2024-08-09T03:42:28.083+0000] {processor.py:830} INFO - Processing file /home/airflow/.local/lib/python3.12/site-packages/airflow/example_dags/example_short_circuit_operator.py for tasks to queue
[2024-08-09T03:42:28.099+0000] {logging_mixin.py:188} INFO - [2024-08-09T03:42:28.099+0000] {dagbag.py:545} INFO - Filling up the DagBag from /home/airflow/.local/lib/python3.12/site-packages/airflow/example_dags/example_short_circuit_operator.py
[2024-08-09T03:42:28.108+0000] {processor.py:840} INFO - DAG(s) 'example_short_circuit_operator' retrieved from /home/airflow/.local/lib/python3.12/site-packages/airflow/example_dags/example_short_circuit_operator.py
[2024-08-09T03:42:28.133+0000] {logging_mixin.py:188} INFO - [2024-08-09T03:42:28.133+0000] {dag.py:3089} INFO - Sync 1 DAGs
[2024-08-09T03:42:28.155+0000] {logging_mixin.py:188} INFO - [2024-08-09T03:42:28.154+0000] {dag.py:3947} INFO - Setting next_dagrun for example_short_circuit_operator to 2024-08-08 00:00:00+00:00, run_after=2024-08-09 00:00:00+00:00
[2024-08-09T03:42:28.359+0000] {processor.py:183} INFO - Processing /home/airflow/.local/lib/python3.12/site-packages/airflow/example_dags/example_short_circuit_operator.py took 0.291 seconds
[2024-08-09T03:42:58.718+0000] {processor.py:161} INFO - Started process (PID=439) to work on /home/airflow/.local/lib/python3.12/site-packages/airflow/example_dags/example_short_circuit_operator.py
[2024-08-09T03:42:58.720+0000] {processor.py:830} INFO - Processing file /home/airflow/.local/lib/python3.12/site-packages/airflow/example_dags/example_short_circuit_operator.py for tasks to queue
[2024-08-09T03:42:58.721+0000] {logging_mixin.py:188} INFO - [2024-08-09T03:42:58.721+0000] {dagbag.py:545} INFO - Filling up the DagBag from /home/airflow/.local/lib/python3.12/site-packages/airflow/example_dags/example_short_circuit_operator.py
[2024-08-09T03:42:58.730+0000] {processor.py:840} INFO - DAG(s) 'example_short_circuit_operator' retrieved from /home/airflow/.local/lib/python3.12/site-packages/airflow/example_dags/example_short_circuit_operator.py
[2024-08-09T03:42:58.757+0000] {logging_mixin.py:188} INFO - [2024-08-09T03:42:58.756+0000] {dag.py:3089} INFO - Sync 1 DAGs
[2024-08-09T03:42:58.780+0000] {logging_mixin.py:188} INFO - [2024-08-09T03:42:58.780+0000] {dag.py:3947} INFO - Setting next_dagrun for example_short_circuit_operator to 2024-08-08 00:00:00+00:00, run_after=2024-08-09 00:00:00+00:00
[2024-08-09T03:42:58.805+0000] {processor.py:183} INFO - Processing /home/airflow/.local/lib/python3.12/site-packages/airflow/example_dags/example_short_circuit_operator.py took 0.094 seconds
[2024-08-09T03:43:29.927+0000] {processor.py:161} INFO - Started process (PID=499) to work on /home/airflow/.local/lib/python3.12/site-packages/airflow/example_dags/example_short_circuit_operator.py
[2024-08-09T03:43:29.935+0000] {processor.py:830} INFO - Processing file /home/airflow/.local/lib/python3.12/site-packages/airflow/example_dags/example_short_circuit_operator.py for tasks to queue
[2024-08-09T03:43:29.938+0000] {logging_mixin.py:188} INFO - [2024-08-09T03:43:29.937+0000] {dagbag.py:545} INFO - Filling up the DagBag from /home/airflow/.local/lib/python3.12/site-packages/airflow/example_dags/example_short_circuit_operator.py
[2024-08-09T03:43:30.021+0000] {processor.py:840} INFO - DAG(s) 'example_short_circuit_operator' retrieved from /home/airflow/.local/lib/python3.12/site-packages/airflow/example_dags/example_short_circuit_operator.py
[2024-08-09T03:43:30.093+0000] {logging_mixin.py:188} INFO - [2024-08-09T03:43:30.093+0000] {dag.py:3089} INFO - Sync 1 DAGs
[2024-08-09T03:43:31.068+0000] {logging_mixin.py:188} INFO - [2024-08-09T03:43:31.067+0000] {dag.py:3947} INFO - Setting next_dagrun for example_short_circuit_operator to 2024-08-08 00:00:00+00:00, run_after=2024-08-09 00:00:00+00:00
[2024-08-09T03:43:31.233+0000] {processor.py:183} INFO - Processing /home/airflow/.local/lib/python3.12/site-packages/airflow/example_dags/example_short_circuit_operator.py took 1.691 seconds
[2024-08-09T03:44:01.534+0000] {processor.py:161} INFO - Started process (PID=557) to work on /home/airflow/.local/lib/python3.12/site-packages/airflow/example_dags/example_short_circuit_operator.py
[2024-08-09T03:44:01.535+0000] {processor.py:830} INFO - Processing file /home/airflow/.local/lib/python3.12/site-packages/airflow/example_dags/example_short_circuit_operator.py for tasks to queue
[2024-08-09T03:44:01.537+0000] {logging_mixin.py:188} INFO - [2024-08-09T03:44:01.536+0000] {dagbag.py:545} INFO - Filling up the DagBag from /home/airflow/.local/lib/python3.12/site-packages/airflow/example_dags/example_short_circuit_operator.py
[2024-08-09T03:44:01.547+0000] {processor.py:840} INFO - DAG(s) 'example_short_circuit_operator' retrieved from /home/airflow/.local/lib/python3.12/site-packages/airflow/example_dags/example_short_circuit_operator.py
[2024-08-09T03:44:01.574+0000] {logging_mixin.py:188} INFO - [2024-08-09T03:44:01.574+0000] {dag.py:3089} INFO - Sync 1 DAGs
[2024-08-09T03:44:01.600+0000] {logging_mixin.py:188} INFO - [2024-08-09T03:44:01.600+0000] {dag.py:3947} INFO - Setting next_dagrun for example_short_circuit_operator to 2024-08-08 00:00:00+00:00, run_after=2024-08-09 00:00:00+00:00
[2024-08-09T03:44:01.627+0000] {processor.py:183} INFO - Processing /home/airflow/.local/lib/python3.12/site-packages/airflow/example_dags/example_short_circuit_operator.py took 0.100 seconds
[2024-08-09T03:44:32.211+0000] {processor.py:161} INFO - Started process (PID=617) to work on /home/airflow/.local/lib/python3.12/site-packages/airflow/example_dags/example_short_circuit_operator.py
[2024-08-09T03:44:32.212+0000] {processor.py:830} INFO - Processing file /home/airflow/.local/lib/python3.12/site-packages/airflow/example_dags/example_short_circuit_operator.py for tasks to queue
[2024-08-09T03:44:32.213+0000] {logging_mixin.py:188} INFO - [2024-08-09T03:44:32.213+0000] {dagbag.py:545} INFO - Filling up the DagBag from /home/airflow/.local/lib/python3.12/site-packages/airflow/example_dags/example_short_circuit_operator.py
[2024-08-09T03:44:32.223+0000] {processor.py:840} INFO - DAG(s) 'example_short_circuit_operator' retrieved from /home/airflow/.local/lib/python3.12/site-packages/airflow/example_dags/example_short_circuit_operator.py
[2024-08-09T03:44:32.249+0000] {logging_mixin.py:188} INFO - [2024-08-09T03:44:32.248+0000] {dag.py:3089} INFO - Sync 1 DAGs
[2024-08-09T03:44:32.276+0000] {logging_mixin.py:188} INFO - [2024-08-09T03:44:32.275+0000] {dag.py:3947} INFO - Setting next_dagrun for example_short_circuit_operator to 2024-08-08 00:00:00+00:00, run_after=2024-08-09 00:00:00+00:00
[2024-08-09T03:44:32.301+0000] {processor.py:183} INFO - Processing /home/airflow/.local/lib/python3.12/site-packages/airflow/example_dags/example_short_circuit_operator.py took 0.097 seconds
[2024-08-09T03:45:02.560+0000] {processor.py:161} INFO - Started process (PID=677) to work on /home/airflow/.local/lib/python3.12/site-packages/airflow/example_dags/example_short_circuit_operator.py
[2024-08-09T03:45:02.562+0000] {processor.py:830} INFO - Processing file /home/airflow/.local/lib/python3.12/site-packages/airflow/example_dags/example_short_circuit_operator.py for tasks to queue
[2024-08-09T03:45:02.563+0000] {logging_mixin.py:188} INFO - [2024-08-09T03:45:02.562+0000] {dagbag.py:545} INFO - Filling up the DagBag from /home/airflow/.local/lib/python3.12/site-packages/airflow/example_dags/example_short_circuit_operator.py
[2024-08-09T03:45:02.573+0000] {processor.py:840} INFO - DAG(s) 'example_short_circuit_operator' retrieved from /home/airflow/.local/lib/python3.12/site-packages/airflow/example_dags/example_short_circuit_operator.py
[2024-08-09T03:45:02.598+0000] {logging_mixin.py:188} INFO - [2024-08-09T03:45:02.598+0000] {dag.py:3089} INFO - Sync 1 DAGs
[2024-08-09T03:45:02.622+0000] {logging_mixin.py:188} INFO - [2024-08-09T03:45:02.622+0000] {dag.py:3947} INFO - Setting next_dagrun for example_short_circuit_operator to 2024-08-08 00:00:00+00:00, run_after=2024-08-09 00:00:00+00:00
[2024-08-09T03:45:02.650+0000] {processor.py:183} INFO - Processing /home/airflow/.local/lib/python3.12/site-packages/airflow/example_dags/example_short_circuit_operator.py took 0.097 seconds
[2024-08-09T03:45:32.951+0000] {processor.py:161} INFO - Started process (PID=736) to work on /home/airflow/.local/lib/python3.12/site-packages/airflow/example_dags/example_short_circuit_operator.py
[2024-08-09T03:45:32.953+0000] {processor.py:830} INFO - Processing file /home/airflow/.local/lib/python3.12/site-packages/airflow/example_dags/example_short_circuit_operator.py for tasks to queue
[2024-08-09T03:45:32.954+0000] {logging_mixin.py:188} INFO - [2024-08-09T03:45:32.954+0000] {dagbag.py:545} INFO - Filling up the DagBag from /home/airflow/.local/lib/python3.12/site-packages/airflow/example_dags/example_short_circuit_operator.py
[2024-08-09T03:45:32.963+0000] {processor.py:840} INFO - DAG(s) 'example_short_circuit_operator' retrieved from /home/airflow/.local/lib/python3.12/site-packages/airflow/example_dags/example_short_circuit_operator.py
[2024-08-09T03:45:32.984+0000] {logging_mixin.py:188} INFO - [2024-08-09T03:45:32.984+0000] {dag.py:3089} INFO - Sync 1 DAGs
[2024-08-09T03:45:33.008+0000] {logging_mixin.py:188} INFO - [2024-08-09T03:45:33.008+0000] {dag.py:3947} INFO - Setting next_dagrun for example_short_circuit_operator to 2024-08-08 00:00:00+00:00, run_after=2024-08-09 00:00:00+00:00
[2024-08-09T03:45:33.034+0000] {processor.py:183} INFO - Processing /home/airflow/.local/lib/python3.12/site-packages/airflow/example_dags/example_short_circuit_operator.py took 0.093 seconds
[2024-08-09T03:46:03.760+0000] {processor.py:161} INFO - Started process (PID=796) to work on /home/airflow/.local/lib/python3.12/site-packages/airflow/example_dags/example_short_circuit_operator.py
[2024-08-09T03:46:03.778+0000] {processor.py:830} INFO - Processing file /home/airflow/.local/lib/python3.12/site-packages/airflow/example_dags/example_short_circuit_operator.py for tasks to queue
[2024-08-09T03:46:03.781+0000] {logging_mixin.py:188} INFO - [2024-08-09T03:46:03.780+0000] {dagbag.py:545} INFO - Filling up the DagBag from /home/airflow/.local/lib/python3.12/site-packages/airflow/example_dags/example_short_circuit_operator.py
[2024-08-09T03:46:03.799+0000] {processor.py:840} INFO - DAG(s) 'example_short_circuit_operator' retrieved from /home/airflow/.local/lib/python3.12/site-packages/airflow/example_dags/example_short_circuit_operator.py
[2024-08-09T03:46:03.853+0000] {logging_mixin.py:188} INFO - [2024-08-09T03:46:03.853+0000] {dag.py:3089} INFO - Sync 1 DAGs
[2024-08-09T03:46:03.910+0000] {logging_mixin.py:188} INFO - [2024-08-09T03:46:03.910+0000] {dag.py:3947} INFO - Setting next_dagrun for example_short_circuit_operator to 2024-08-08 00:00:00+00:00, run_after=2024-08-09 00:00:00+00:00
[2024-08-09T03:46:03.995+0000] {processor.py:183} INFO - Processing /home/airflow/.local/lib/python3.12/site-packages/airflow/example_dags/example_short_circuit_operator.py took 0.230 seconds
[2024-08-09T03:46:34.586+0000] {processor.py:161} INFO - Started process (PID=856) to work on /home/airflow/.local/lib/python3.12/site-packages/airflow/example_dags/example_short_circuit_operator.py
[2024-08-09T03:46:34.587+0000] {processor.py:830} INFO - Processing file /home/airflow/.local/lib/python3.12/site-packages/airflow/example_dags/example_short_circuit_operator.py for tasks to queue
[2024-08-09T03:46:34.588+0000] {logging_mixin.py:188} INFO - [2024-08-09T03:46:34.588+0000] {dagbag.py:545} INFO - Filling up the DagBag from /home/airflow/.local/lib/python3.12/site-packages/airflow/example_dags/example_short_circuit_operator.py
[2024-08-09T03:46:34.596+0000] {processor.py:840} INFO - DAG(s) 'example_short_circuit_operator' retrieved from /home/airflow/.local/lib/python3.12/site-packages/airflow/example_dags/example_short_circuit_operator.py
[2024-08-09T03:46:34.623+0000] {logging_mixin.py:188} INFO - [2024-08-09T03:46:34.623+0000] {dag.py:3089} INFO - Sync 1 DAGs
[2024-08-09T03:46:34.648+0000] {logging_mixin.py:188} INFO - [2024-08-09T03:46:34.648+0000] {dag.py:3947} INFO - Setting next_dagrun for example_short_circuit_operator to 2024-08-08 00:00:00+00:00, run_after=2024-08-09 00:00:00+00:00
[2024-08-09T03:46:34.714+0000] {processor.py:183} INFO - Processing /home/airflow/.local/lib/python3.12/site-packages/airflow/example_dags/example_short_circuit_operator.py took 0.134 seconds
[2024-08-09T03:47:04.855+0000] {processor.py:161} INFO - Started process (PID=913) to work on /home/airflow/.local/lib/python3.12/site-packages/airflow/example_dags/example_short_circuit_operator.py
[2024-08-09T03:47:04.857+0000] {processor.py:830} INFO - Processing file /home/airflow/.local/lib/python3.12/site-packages/airflow/example_dags/example_short_circuit_operator.py for tasks to queue
[2024-08-09T03:47:04.858+0000] {logging_mixin.py:188} INFO - [2024-08-09T03:47:04.858+0000] {dagbag.py:545} INFO - Filling up the DagBag from /home/airflow/.local/lib/python3.12/site-packages/airflow/example_dags/example_short_circuit_operator.py
[2024-08-09T03:47:04.868+0000] {processor.py:840} INFO - DAG(s) 'example_short_circuit_operator' retrieved from /home/airflow/.local/lib/python3.12/site-packages/airflow/example_dags/example_short_circuit_operator.py
[2024-08-09T03:47:04.896+0000] {logging_mixin.py:188} INFO - [2024-08-09T03:47:04.896+0000] {dag.py:3089} INFO - Sync 1 DAGs
[2024-08-09T03:47:04.922+0000] {logging_mixin.py:188} INFO - [2024-08-09T03:47:04.922+0000] {dag.py:3947} INFO - Setting next_dagrun for example_short_circuit_operator to 2024-08-08 00:00:00+00:00, run_after=2024-08-09 00:00:00+00:00
[2024-08-09T03:47:04.951+0000] {processor.py:183} INFO - Processing /home/airflow/.local/lib/python3.12/site-packages/airflow/example_dags/example_short_circuit_operator.py took 0.103 seconds
[2024-08-09T03:47:35.880+0000] {processor.py:161} INFO - Started process (PID=973) to work on /home/airflow/.local/lib/python3.12/site-packages/airflow/example_dags/example_short_circuit_operator.py
[2024-08-09T03:47:35.881+0000] {processor.py:830} INFO - Processing file /home/airflow/.local/lib/python3.12/site-packages/airflow/example_dags/example_short_circuit_operator.py for tasks to queue
[2024-08-09T03:47:35.882+0000] {logging_mixin.py:188} INFO - [2024-08-09T03:47:35.881+0000] {dagbag.py:545} INFO - Filling up the DagBag from /home/airflow/.local/lib/python3.12/site-packages/airflow/example_dags/example_short_circuit_operator.py
[2024-08-09T03:47:35.890+0000] {processor.py:840} INFO - DAG(s) 'example_short_circuit_operator' retrieved from /home/airflow/.local/lib/python3.12/site-packages/airflow/example_dags/example_short_circuit_operator.py
[2024-08-09T03:47:35.916+0000] {logging_mixin.py:188} INFO - [2024-08-09T03:47:35.916+0000] {dag.py:3089} INFO - Sync 1 DAGs
[2024-08-09T03:47:35.940+0000] {logging_mixin.py:188} INFO - [2024-08-09T03:47:35.940+0000] {dag.py:3947} INFO - Setting next_dagrun for example_short_circuit_operator to 2024-08-08 00:00:00+00:00, run_after=2024-08-09 00:00:00+00:00
[2024-08-09T03:47:35.973+0000] {processor.py:183} INFO - Processing /home/airflow/.local/lib/python3.12/site-packages/airflow/example_dags/example_short_circuit_operator.py took 0.099 seconds
[2024-08-09T03:48:06.470+0000] {processor.py:161} INFO - Started process (PID=1033) to work on /home/airflow/.local/lib/python3.12/site-packages/airflow/example_dags/example_short_circuit_operator.py
[2024-08-09T03:48:06.472+0000] {processor.py:830} INFO - Processing file /home/airflow/.local/lib/python3.12/site-packages/airflow/example_dags/example_short_circuit_operator.py for tasks to queue
[2024-08-09T03:48:06.473+0000] {logging_mixin.py:188} INFO - [2024-08-09T03:48:06.473+0000] {dagbag.py:545} INFO - Filling up the DagBag from /home/airflow/.local/lib/python3.12/site-packages/airflow/example_dags/example_short_circuit_operator.py
[2024-08-09T03:48:06.483+0000] {processor.py:840} INFO - DAG(s) 'example_short_circuit_operator' retrieved from /home/airflow/.local/lib/python3.12/site-packages/airflow/example_dags/example_short_circuit_operator.py
[2024-08-09T03:48:06.507+0000] {logging_mixin.py:188} INFO - [2024-08-09T03:48:06.506+0000] {dag.py:3089} INFO - Sync 1 DAGs
[2024-08-09T03:48:06.533+0000] {logging_mixin.py:188} INFO - [2024-08-09T03:48:06.533+0000] {dag.py:3947} INFO - Setting next_dagrun for example_short_circuit_operator to 2024-08-08 00:00:00+00:00, run_after=2024-08-09 00:00:00+00:00
[2024-08-09T03:48:06.565+0000] {processor.py:183} INFO - Processing /home/airflow/.local/lib/python3.12/site-packages/airflow/example_dags/example_short_circuit_operator.py took 0.107 seconds
[2024-08-09T03:48:39.773+0000] {processor.py:161} INFO - Started process (PID=1082) to work on /home/airflow/.local/lib/python3.12/site-packages/airflow/example_dags/example_short_circuit_operator.py
[2024-08-09T03:48:39.774+0000] {processor.py:830} INFO - Processing file /home/airflow/.local/lib/python3.12/site-packages/airflow/example_dags/example_short_circuit_operator.py for tasks to queue
[2024-08-09T03:48:39.775+0000] {logging_mixin.py:188} INFO - [2024-08-09T03:48:39.775+0000] {dagbag.py:545} INFO - Filling up the DagBag from /home/airflow/.local/lib/python3.12/site-packages/airflow/example_dags/example_short_circuit_operator.py
[2024-08-09T03:48:39.824+0000] {processor.py:840} INFO - DAG(s) 'example_short_circuit_operator' retrieved from /home/airflow/.local/lib/python3.12/site-packages/airflow/example_dags/example_short_circuit_operator.py
[2024-08-09T03:48:39.897+0000] {logging_mixin.py:188} INFO - [2024-08-09T03:48:39.896+0000] {dag.py:3089} INFO - Sync 1 DAGs
[2024-08-09T03:48:39.986+0000] {logging_mixin.py:188} INFO - [2024-08-09T03:48:39.986+0000] {dag.py:3947} INFO - Setting next_dagrun for example_short_circuit_operator to 2024-08-08 00:00:00+00:00, run_after=2024-08-09 00:00:00+00:00
[2024-08-09T03:48:40.021+0000] {processor.py:183} INFO - Processing /home/airflow/.local/lib/python3.12/site-packages/airflow/example_dags/example_short_circuit_operator.py took 0.257 seconds
[2024-08-09T03:49:30.197+0000] {processor.py:161} INFO - Started process (PID=1145) to work on /home/airflow/.local/lib/python3.12/site-packages/airflow/example_dags/example_short_circuit_operator.py
[2024-08-09T03:49:30.199+0000] {processor.py:830} INFO - Processing file /home/airflow/.local/lib/python3.12/site-packages/airflow/example_dags/example_short_circuit_operator.py for tasks to queue
[2024-08-09T03:49:30.200+0000] {logging_mixin.py:188} INFO - [2024-08-09T03:49:30.200+0000] {dagbag.py:545} INFO - Filling up the DagBag from /home/airflow/.local/lib/python3.12/site-packages/airflow/example_dags/example_short_circuit_operator.py
[2024-08-09T03:49:30.211+0000] {processor.py:840} INFO - DAG(s) 'example_short_circuit_operator' retrieved from /home/airflow/.local/lib/python3.12/site-packages/airflow/example_dags/example_short_circuit_operator.py
[2024-08-09T03:49:30.250+0000] {logging_mixin.py:188} INFO - [2024-08-09T03:49:30.250+0000] {dag.py:3089} INFO - Sync 1 DAGs
[2024-08-09T03:49:30.294+0000] {logging_mixin.py:188} INFO - [2024-08-09T03:49:30.293+0000] {dag.py:3947} INFO - Setting next_dagrun for example_short_circuit_operator to 2024-08-08 00:00:00+00:00, run_after=2024-08-09 00:00:00+00:00
[2024-08-09T03:49:30.338+0000] {processor.py:183} INFO - Processing /home/airflow/.local/lib/python3.12/site-packages/airflow/example_dags/example_short_circuit_operator.py took 0.157 seconds
[2024-08-09T03:50:02.999+0000] {processor.py:161} INFO - Started process (PID=1202) to work on /home/airflow/.local/lib/python3.12/site-packages/airflow/example_dags/example_short_circuit_operator.py
[2024-08-09T03:50:03.001+0000] {processor.py:830} INFO - Processing file /home/airflow/.local/lib/python3.12/site-packages/airflow/example_dags/example_short_circuit_operator.py for tasks to queue
[2024-08-09T03:50:03.003+0000] {logging_mixin.py:188} INFO - [2024-08-09T03:50:03.002+0000] {dagbag.py:545} INFO - Filling up the DagBag from /home/airflow/.local/lib/python3.12/site-packages/airflow/example_dags/example_short_circuit_operator.py
[2024-08-09T03:50:03.012+0000] {processor.py:840} INFO - DAG(s) 'example_short_circuit_operator' retrieved from /home/airflow/.local/lib/python3.12/site-packages/airflow/example_dags/example_short_circuit_operator.py
[2024-08-09T03:50:03.044+0000] {logging_mixin.py:188} INFO - [2024-08-09T03:50:03.043+0000] {dag.py:3089} INFO - Sync 1 DAGs
[2024-08-09T03:50:03.104+0000] {logging_mixin.py:188} INFO - [2024-08-09T03:50:03.103+0000] {dag.py:3947} INFO - Setting next_dagrun for example_short_circuit_operator to 2024-08-08 00:00:00+00:00, run_after=2024-08-09 00:00:00+00:00
[2024-08-09T03:50:03.139+0000] {processor.py:183} INFO - Processing /home/airflow/.local/lib/python3.12/site-packages/airflow/example_dags/example_short_circuit_operator.py took 0.146 seconds
[2024-08-09T03:50:50.707+0000] {processor.py:161} INFO - Started process (PID=1261) to work on /home/airflow/.local/lib/python3.12/site-packages/airflow/example_dags/example_short_circuit_operator.py
[2024-08-09T03:50:50.711+0000] {processor.py:830} INFO - Processing file /home/airflow/.local/lib/python3.12/site-packages/airflow/example_dags/example_short_circuit_operator.py for tasks to queue
[2024-08-09T03:50:50.714+0000] {logging_mixin.py:188} INFO - [2024-08-09T03:50:50.713+0000] {dagbag.py:545} INFO - Filling up the DagBag from /home/airflow/.local/lib/python3.12/site-packages/airflow/example_dags/example_short_circuit_operator.py
[2024-08-09T03:50:50.726+0000] {processor.py:840} INFO - DAG(s) 'example_short_circuit_operator' retrieved from /home/airflow/.local/lib/python3.12/site-packages/airflow/example_dags/example_short_circuit_operator.py
[2024-08-09T03:50:50.761+0000] {logging_mixin.py:188} INFO - [2024-08-09T03:50:50.760+0000] {dag.py:3089} INFO - Sync 1 DAGs
[2024-08-09T03:50:50.793+0000] {logging_mixin.py:188} INFO - [2024-08-09T03:50:50.793+0000] {dag.py:3947} INFO - Setting next_dagrun for example_short_circuit_operator to 2024-08-08 00:00:00+00:00, run_after=2024-08-09 00:00:00+00:00
[2024-08-09T03:50:51.071+0000] {processor.py:183} INFO - Processing /home/airflow/.local/lib/python3.12/site-packages/airflow/example_dags/example_short_circuit_operator.py took 0.372 seconds
[2024-08-09T03:51:33.421+0000] {processor.py:161} INFO - Started process (PID=1327) to work on /home/airflow/.local/lib/python3.12/site-packages/airflow/example_dags/example_short_circuit_operator.py
[2024-08-09T03:51:33.423+0000] {processor.py:830} INFO - Processing file /home/airflow/.local/lib/python3.12/site-packages/airflow/example_dags/example_short_circuit_operator.py for tasks to queue
[2024-08-09T03:51:33.425+0000] {logging_mixin.py:188} INFO - [2024-08-09T03:51:33.424+0000] {dagbag.py:545} INFO - Filling up the DagBag from /home/airflow/.local/lib/python3.12/site-packages/airflow/example_dags/example_short_circuit_operator.py
[2024-08-09T03:51:33.443+0000] {processor.py:840} INFO - DAG(s) 'example_short_circuit_operator' retrieved from /home/airflow/.local/lib/python3.12/site-packages/airflow/example_dags/example_short_circuit_operator.py
[2024-08-09T03:51:33.568+0000] {logging_mixin.py:188} INFO - [2024-08-09T03:51:33.568+0000] {dag.py:3089} INFO - Sync 1 DAGs
[2024-08-09T03:51:33.624+0000] {logging_mixin.py:188} INFO - [2024-08-09T03:51:33.623+0000] {dag.py:3947} INFO - Setting next_dagrun for example_short_circuit_operator to 2024-08-08 00:00:00+00:00, run_after=2024-08-09 00:00:00+00:00
[2024-08-09T03:51:33.688+0000] {processor.py:183} INFO - Processing /home/airflow/.local/lib/python3.12/site-packages/airflow/example_dags/example_short_circuit_operator.py took 0.293 seconds
[2024-08-09T03:52:06.030+0000] {processor.py:161} INFO - Started process (PID=1390) to work on /home/airflow/.local/lib/python3.12/site-packages/airflow/example_dags/example_short_circuit_operator.py
[2024-08-09T03:52:06.049+0000] {processor.py:830} INFO - Processing file /home/airflow/.local/lib/python3.12/site-packages/airflow/example_dags/example_short_circuit_operator.py for tasks to queue
[2024-08-09T03:52:06.050+0000] {logging_mixin.py:188} INFO - [2024-08-09T03:52:06.050+0000] {dagbag.py:545} INFO - Filling up the DagBag from /home/airflow/.local/lib/python3.12/site-packages/airflow/example_dags/example_short_circuit_operator.py
[2024-08-09T03:52:06.058+0000] {processor.py:840} INFO - DAG(s) 'example_short_circuit_operator' retrieved from /home/airflow/.local/lib/python3.12/site-packages/airflow/example_dags/example_short_circuit_operator.py
[2024-08-09T03:52:06.119+0000] {logging_mixin.py:188} INFO - [2024-08-09T03:52:06.116+0000] {dag.py:3089} INFO - Sync 1 DAGs
[2024-08-09T03:52:06.181+0000] {logging_mixin.py:188} INFO - [2024-08-09T03:52:06.181+0000] {dag.py:3947} INFO - Setting next_dagrun for example_short_circuit_operator to 2024-08-08 00:00:00+00:00, run_after=2024-08-09 00:00:00+00:00
[2024-08-09T03:52:06.240+0000] {processor.py:183} INFO - Processing /home/airflow/.local/lib/python3.12/site-packages/airflow/example_dags/example_short_circuit_operator.py took 0.224 seconds
[2024-08-09T03:53:04.483+0000] {processor.py:161} INFO - Started process (PID=1449) to work on /home/airflow/.local/lib/python3.12/site-packages/airflow/example_dags/example_short_circuit_operator.py
[2024-08-09T03:53:04.495+0000] {processor.py:830} INFO - Processing file /home/airflow/.local/lib/python3.12/site-packages/airflow/example_dags/example_short_circuit_operator.py for tasks to queue
[2024-08-09T03:53:04.515+0000] {logging_mixin.py:188} INFO - [2024-08-09T03:53:04.515+0000] {dagbag.py:545} INFO - Filling up the DagBag from /home/airflow/.local/lib/python3.12/site-packages/airflow/example_dags/example_short_circuit_operator.py
[2024-08-09T03:53:04.555+0000] {processor.py:840} INFO - DAG(s) 'example_short_circuit_operator' retrieved from /home/airflow/.local/lib/python3.12/site-packages/airflow/example_dags/example_short_circuit_operator.py
[2024-08-09T03:53:04.775+0000] {logging_mixin.py:188} INFO - [2024-08-09T03:53:04.774+0000] {dag.py:3089} INFO - Sync 1 DAGs
[2024-08-09T03:53:04.901+0000] {logging_mixin.py:188} INFO - [2024-08-09T03:53:04.900+0000] {dag.py:3947} INFO - Setting next_dagrun for example_short_circuit_operator to 2024-08-08 00:00:00+00:00, run_after=2024-08-09 00:00:00+00:00
[2024-08-09T03:53:05.059+0000] {processor.py:183} INFO - Processing /home/airflow/.local/lib/python3.12/site-packages/airflow/example_dags/example_short_circuit_operator.py took 0.633 seconds
[2024-08-09T06:02:34.913+0000] {processor.py:161} INFO - Started process (PID=75) to work on /home/airflow/.local/lib/python3.12/site-packages/airflow/example_dags/example_short_circuit_operator.py
[2024-08-09T06:02:34.959+0000] {processor.py:830} INFO - Processing file /home/airflow/.local/lib/python3.12/site-packages/airflow/example_dags/example_short_circuit_operator.py for tasks to queue
[2024-08-09T06:02:35.134+0000] {logging_mixin.py:188} INFO - [2024-08-09T06:02:35.133+0000] {dagbag.py:545} INFO - Filling up the DagBag from /home/airflow/.local/lib/python3.12/site-packages/airflow/example_dags/example_short_circuit_operator.py
[2024-08-09T06:02:35.254+0000] {processor.py:840} INFO - DAG(s) 'example_short_circuit_operator' retrieved from /home/airflow/.local/lib/python3.12/site-packages/airflow/example_dags/example_short_circuit_operator.py
[2024-08-09T06:02:38.338+0000] {logging_mixin.py:188} INFO - [2024-08-09T06:02:38.337+0000] {process_utils.py:263} INFO - Waiting up to 5 seconds for processes to exit...
