[2024-08-09T02:38:41.566+0000] {processor.py:161} INFO - Started process (PID=83) to work on /home/airflow/.local/lib/python3.12/site-packages/airflow/example_dags/example_display_name.py
[2024-08-09T02:38:41.587+0000] {processor.py:830} INFO - Processing file /home/airflow/.local/lib/python3.12/site-packages/airflow/example_dags/example_display_name.py for tasks to queue
[2024-08-09T02:38:41.708+0000] {logging_mixin.py:188} INFO - [2024-08-09T02:38:41.707+0000] {dagbag.py:545} INFO - Filling up the DagBag from /home/airflow/.local/lib/python3.12/site-packages/airflow/example_dags/example_display_name.py
[2024-08-09T02:38:41.861+0000] {processor.py:840} INFO - DAG(s) 'example_display_name' retrieved from /home/airflow/.local/lib/python3.12/site-packages/airflow/example_dags/example_display_name.py
[2024-08-09T02:38:44.175+0000] {logging_mixin.py:188} INFO - [2024-08-09T02:38:44.175+0000] {dag.py:3089} INFO - Sync 1 DAGs
[2024-08-09T02:38:44.360+0000] {logging_mixin.py:188} INFO - [2024-08-09T02:38:44.360+0000] {dag.py:3947} INFO - Setting next_dagrun for example_display_name to None, run_after=None
[2024-08-09T02:38:45.794+0000] {processor.py:183} INFO - Processing /home/airflow/.local/lib/python3.12/site-packages/airflow/example_dags/example_display_name.py took 4.386 seconds
[2024-08-09T02:39:31.190+0000] {processor.py:161} INFO - Started process (PID=143) to work on /home/airflow/.local/lib/python3.12/site-packages/airflow/example_dags/example_display_name.py
[2024-08-09T02:39:31.191+0000] {processor.py:830} INFO - Processing file /home/airflow/.local/lib/python3.12/site-packages/airflow/example_dags/example_display_name.py for tasks to queue
[2024-08-09T02:39:31.195+0000] {logging_mixin.py:188} INFO - [2024-08-09T02:39:31.194+0000] {dagbag.py:545} INFO - Filling up the DagBag from /home/airflow/.local/lib/python3.12/site-packages/airflow/example_dags/example_display_name.py
[2024-08-09T02:39:31.202+0000] {processor.py:840} INFO - DAG(s) 'example_display_name' retrieved from /home/airflow/.local/lib/python3.12/site-packages/airflow/example_dags/example_display_name.py
[2024-08-09T02:39:31.224+0000] {logging_mixin.py:188} INFO - [2024-08-09T02:39:31.224+0000] {dag.py:3089} INFO - Sync 1 DAGs
[2024-08-09T02:39:31.240+0000] {logging_mixin.py:188} INFO - [2024-08-09T02:39:31.240+0000] {dag.py:3947} INFO - Setting next_dagrun for example_display_name to None, run_after=None
[2024-08-09T02:39:31.278+0000] {processor.py:183} INFO - Processing /home/airflow/.local/lib/python3.12/site-packages/airflow/example_dags/example_display_name.py took 0.098 seconds
[2024-08-09T02:40:01.374+0000] {processor.py:161} INFO - Started process (PID=200) to work on /home/airflow/.local/lib/python3.12/site-packages/airflow/example_dags/example_display_name.py
[2024-08-09T02:40:01.376+0000] {processor.py:830} INFO - Processing file /home/airflow/.local/lib/python3.12/site-packages/airflow/example_dags/example_display_name.py for tasks to queue
[2024-08-09T02:40:01.378+0000] {logging_mixin.py:188} INFO - [2024-08-09T02:40:01.378+0000] {dagbag.py:545} INFO - Filling up the DagBag from /home/airflow/.local/lib/python3.12/site-packages/airflow/example_dags/example_display_name.py
[2024-08-09T02:40:01.385+0000] {processor.py:840} INFO - DAG(s) 'example_display_name' retrieved from /home/airflow/.local/lib/python3.12/site-packages/airflow/example_dags/example_display_name.py
[2024-08-09T02:40:01.407+0000] {logging_mixin.py:188} INFO - [2024-08-09T02:40:01.406+0000] {dag.py:3089} INFO - Sync 1 DAGs
[2024-08-09T02:40:01.422+0000] {logging_mixin.py:188} INFO - [2024-08-09T02:40:01.422+0000] {dag.py:3947} INFO - Setting next_dagrun for example_display_name to None, run_after=None
[2024-08-09T02:40:01.449+0000] {processor.py:183} INFO - Processing /home/airflow/.local/lib/python3.12/site-packages/airflow/example_dags/example_display_name.py took 0.081 seconds
[2024-08-09T02:40:33.348+0000] {processor.py:161} INFO - Started process (PID=266) to work on /home/airflow/.local/lib/python3.12/site-packages/airflow/example_dags/example_display_name.py
[2024-08-09T02:40:33.349+0000] {processor.py:830} INFO - Processing file /home/airflow/.local/lib/python3.12/site-packages/airflow/example_dags/example_display_name.py for tasks to queue
[2024-08-09T02:40:33.352+0000] {logging_mixin.py:188} INFO - [2024-08-09T02:40:33.351+0000] {dagbag.py:545} INFO - Filling up the DagBag from /home/airflow/.local/lib/python3.12/site-packages/airflow/example_dags/example_display_name.py
[2024-08-09T02:40:33.358+0000] {processor.py:840} INFO - DAG(s) 'example_display_name' retrieved from /home/airflow/.local/lib/python3.12/site-packages/airflow/example_dags/example_display_name.py
[2024-08-09T02:40:33.381+0000] {logging_mixin.py:188} INFO - [2024-08-09T02:40:33.381+0000] {dag.py:3089} INFO - Sync 1 DAGs
[2024-08-09T02:40:33.396+0000] {logging_mixin.py:188} INFO - [2024-08-09T02:40:33.396+0000] {dag.py:3947} INFO - Setting next_dagrun for example_display_name to None, run_after=None
[2024-08-09T02:40:33.425+0000] {processor.py:183} INFO - Processing /home/airflow/.local/lib/python3.12/site-packages/airflow/example_dags/example_display_name.py took 0.084 seconds
[2024-08-09T02:41:05.882+0000] {processor.py:161} INFO - Started process (PID=326) to work on /home/airflow/.local/lib/python3.12/site-packages/airflow/example_dags/example_display_name.py
[2024-08-09T02:41:05.883+0000] {processor.py:830} INFO - Processing file /home/airflow/.local/lib/python3.12/site-packages/airflow/example_dags/example_display_name.py for tasks to queue
[2024-08-09T02:41:05.898+0000] {logging_mixin.py:188} INFO - [2024-08-09T02:41:05.898+0000] {dagbag.py:545} INFO - Filling up the DagBag from /home/airflow/.local/lib/python3.12/site-packages/airflow/example_dags/example_display_name.py
[2024-08-09T02:41:05.905+0000] {processor.py:840} INFO - DAG(s) 'example_display_name' retrieved from /home/airflow/.local/lib/python3.12/site-packages/airflow/example_dags/example_display_name.py
[2024-08-09T02:41:05.946+0000] {logging_mixin.py:188} INFO - [2024-08-09T02:41:05.942+0000] {dag.py:3089} INFO - Sync 1 DAGs
[2024-08-09T02:41:05.979+0000] {logging_mixin.py:188} INFO - [2024-08-09T02:41:05.979+0000] {dag.py:3947} INFO - Setting next_dagrun for example_display_name to None, run_after=None
[2024-08-09T02:41:06.092+0000] {processor.py:183} INFO - Processing /home/airflow/.local/lib/python3.12/site-packages/airflow/example_dags/example_display_name.py took 0.224 seconds
[2024-08-09T02:41:36.267+0000] {processor.py:161} INFO - Started process (PID=385) to work on /home/airflow/.local/lib/python3.12/site-packages/airflow/example_dags/example_display_name.py
[2024-08-09T02:41:36.270+0000] {processor.py:830} INFO - Processing file /home/airflow/.local/lib/python3.12/site-packages/airflow/example_dags/example_display_name.py for tasks to queue
[2024-08-09T02:41:36.272+0000] {logging_mixin.py:188} INFO - [2024-08-09T02:41:36.272+0000] {dagbag.py:545} INFO - Filling up the DagBag from /home/airflow/.local/lib/python3.12/site-packages/airflow/example_dags/example_display_name.py
[2024-08-09T02:41:36.282+0000] {processor.py:840} INFO - DAG(s) 'example_display_name' retrieved from /home/airflow/.local/lib/python3.12/site-packages/airflow/example_dags/example_display_name.py
[2024-08-09T02:41:36.304+0000] {logging_mixin.py:188} INFO - [2024-08-09T02:41:36.304+0000] {dag.py:3089} INFO - Sync 1 DAGs
[2024-08-09T02:41:36.320+0000] {logging_mixin.py:188} INFO - [2024-08-09T02:41:36.320+0000] {dag.py:3947} INFO - Setting next_dagrun for example_display_name to None, run_after=None
[2024-08-09T02:41:36.344+0000] {processor.py:183} INFO - Processing /home/airflow/.local/lib/python3.12/site-packages/airflow/example_dags/example_display_name.py took 0.101 seconds
[2024-08-09T02:42:30.969+0000] {processor.py:161} INFO - Started process (PID=443) to work on /home/airflow/.local/lib/python3.12/site-packages/airflow/example_dags/example_display_name.py
[2024-08-09T02:42:30.976+0000] {processor.py:830} INFO - Processing file /home/airflow/.local/lib/python3.12/site-packages/airflow/example_dags/example_display_name.py for tasks to queue
[2024-08-09T02:42:30.979+0000] {logging_mixin.py:188} INFO - [2024-08-09T02:42:30.978+0000] {dagbag.py:545} INFO - Filling up the DagBag from /home/airflow/.local/lib/python3.12/site-packages/airflow/example_dags/example_display_name.py
[2024-08-09T02:42:30.986+0000] {processor.py:840} INFO - DAG(s) 'example_display_name' retrieved from /home/airflow/.local/lib/python3.12/site-packages/airflow/example_dags/example_display_name.py
[2024-08-09T02:42:31.019+0000] {logging_mixin.py:188} INFO - [2024-08-09T02:42:31.019+0000] {dag.py:3089} INFO - Sync 1 DAGs
[2024-08-09T02:42:31.040+0000] {logging_mixin.py:188} INFO - [2024-08-09T02:42:31.040+0000] {dag.py:3947} INFO - Setting next_dagrun for example_display_name to None, run_after=None
[2024-08-09T02:42:31.241+0000] {processor.py:183} INFO - Processing /home/airflow/.local/lib/python3.12/site-packages/airflow/example_dags/example_display_name.py took 0.280 seconds
[2024-08-09T02:43:03.011+0000] {processor.py:161} INFO - Started process (PID=503) to work on /home/airflow/.local/lib/python3.12/site-packages/airflow/example_dags/example_display_name.py
[2024-08-09T02:43:03.015+0000] {processor.py:830} INFO - Processing file /home/airflow/.local/lib/python3.12/site-packages/airflow/example_dags/example_display_name.py for tasks to queue
[2024-08-09T02:43:03.019+0000] {logging_mixin.py:188} INFO - [2024-08-09T02:43:03.018+0000] {dagbag.py:545} INFO - Filling up the DagBag from /home/airflow/.local/lib/python3.12/site-packages/airflow/example_dags/example_display_name.py
[2024-08-09T02:43:03.030+0000] {processor.py:840} INFO - DAG(s) 'example_display_name' retrieved from /home/airflow/.local/lib/python3.12/site-packages/airflow/example_dags/example_display_name.py
[2024-08-09T02:43:03.084+0000] {logging_mixin.py:188} INFO - [2024-08-09T02:43:03.084+0000] {dag.py:3089} INFO - Sync 1 DAGs
[2024-08-09T02:43:03.146+0000] {logging_mixin.py:188} INFO - [2024-08-09T02:43:03.145+0000] {dag.py:3947} INFO - Setting next_dagrun for example_display_name to None, run_after=None
[2024-08-09T02:43:03.230+0000] {processor.py:183} INFO - Processing /home/airflow/.local/lib/python3.12/site-packages/airflow/example_dags/example_display_name.py took 0.230 seconds
[2024-08-09T02:43:33.481+0000] {processor.py:161} INFO - Started process (PID=561) to work on /home/airflow/.local/lib/python3.12/site-packages/airflow/example_dags/example_display_name.py
[2024-08-09T02:43:33.482+0000] {processor.py:830} INFO - Processing file /home/airflow/.local/lib/python3.12/site-packages/airflow/example_dags/example_display_name.py for tasks to queue
[2024-08-09T02:43:33.483+0000] {logging_mixin.py:188} INFO - [2024-08-09T02:43:33.483+0000] {dagbag.py:545} INFO - Filling up the DagBag from /home/airflow/.local/lib/python3.12/site-packages/airflow/example_dags/example_display_name.py
[2024-08-09T02:43:33.489+0000] {processor.py:840} INFO - DAG(s) 'example_display_name' retrieved from /home/airflow/.local/lib/python3.12/site-packages/airflow/example_dags/example_display_name.py
[2024-08-09T02:43:33.516+0000] {logging_mixin.py:188} INFO - [2024-08-09T02:43:33.516+0000] {dag.py:3089} INFO - Sync 1 DAGs
[2024-08-09T02:43:33.530+0000] {logging_mixin.py:188} INFO - [2024-08-09T02:43:33.529+0000] {dag.py:3947} INFO - Setting next_dagrun for example_display_name to None, run_after=None
[2024-08-09T02:43:33.554+0000] {processor.py:183} INFO - Processing /home/airflow/.local/lib/python3.12/site-packages/airflow/example_dags/example_display_name.py took 0.080 seconds
[2024-08-09T02:44:03.900+0000] {processor.py:161} INFO - Started process (PID=621) to work on /home/airflow/.local/lib/python3.12/site-packages/airflow/example_dags/example_display_name.py
[2024-08-09T02:44:03.901+0000] {processor.py:830} INFO - Processing file /home/airflow/.local/lib/python3.12/site-packages/airflow/example_dags/example_display_name.py for tasks to queue
[2024-08-09T02:44:03.903+0000] {logging_mixin.py:188} INFO - [2024-08-09T02:44:03.902+0000] {dagbag.py:545} INFO - Filling up the DagBag from /home/airflow/.local/lib/python3.12/site-packages/airflow/example_dags/example_display_name.py
[2024-08-09T02:44:03.909+0000] {processor.py:840} INFO - DAG(s) 'example_display_name' retrieved from /home/airflow/.local/lib/python3.12/site-packages/airflow/example_dags/example_display_name.py
[2024-08-09T02:44:03.933+0000] {logging_mixin.py:188} INFO - [2024-08-09T02:44:03.933+0000] {dag.py:3089} INFO - Sync 1 DAGs
[2024-08-09T02:44:03.950+0000] {logging_mixin.py:188} INFO - [2024-08-09T02:44:03.949+0000] {dag.py:3947} INFO - Setting next_dagrun for example_display_name to None, run_after=None
[2024-08-09T02:44:04.148+0000] {processor.py:183} INFO - Processing /home/airflow/.local/lib/python3.12/site-packages/airflow/example_dags/example_display_name.py took 0.256 seconds
[2024-08-09T02:44:34.898+0000] {processor.py:161} INFO - Started process (PID=681) to work on /home/airflow/.local/lib/python3.12/site-packages/airflow/example_dags/example_display_name.py
[2024-08-09T02:44:34.905+0000] {processor.py:830} INFO - Processing file /home/airflow/.local/lib/python3.12/site-packages/airflow/example_dags/example_display_name.py for tasks to queue
[2024-08-09T02:44:34.912+0000] {logging_mixin.py:188} INFO - [2024-08-09T02:44:34.911+0000] {dagbag.py:545} INFO - Filling up the DagBag from /home/airflow/.local/lib/python3.12/site-packages/airflow/example_dags/example_display_name.py
[2024-08-09T02:44:34.925+0000] {processor.py:840} INFO - DAG(s) 'example_display_name' retrieved from /home/airflow/.local/lib/python3.12/site-packages/airflow/example_dags/example_display_name.py
[2024-08-09T02:44:34.968+0000] {logging_mixin.py:188} INFO - [2024-08-09T02:44:34.968+0000] {dag.py:3089} INFO - Sync 1 DAGs
[2024-08-09T02:44:34.993+0000] {logging_mixin.py:188} INFO - [2024-08-09T02:44:34.992+0000] {dag.py:3947} INFO - Setting next_dagrun for example_display_name to None, run_after=None
[2024-08-09T02:44:35.030+0000] {processor.py:183} INFO - Processing /home/airflow/.local/lib/python3.12/site-packages/airflow/example_dags/example_display_name.py took 0.141 seconds
[2024-08-09T02:45:05.153+0000] {processor.py:161} INFO - Started process (PID=742) to work on /home/airflow/.local/lib/python3.12/site-packages/airflow/example_dags/example_display_name.py
[2024-08-09T02:45:05.154+0000] {processor.py:830} INFO - Processing file /home/airflow/.local/lib/python3.12/site-packages/airflow/example_dags/example_display_name.py for tasks to queue
[2024-08-09T02:45:05.155+0000] {logging_mixin.py:188} INFO - [2024-08-09T02:45:05.155+0000] {dagbag.py:545} INFO - Filling up the DagBag from /home/airflow/.local/lib/python3.12/site-packages/airflow/example_dags/example_display_name.py
[2024-08-09T02:45:05.161+0000] {processor.py:840} INFO - DAG(s) 'example_display_name' retrieved from /home/airflow/.local/lib/python3.12/site-packages/airflow/example_dags/example_display_name.py
[2024-08-09T02:45:05.183+0000] {logging_mixin.py:188} INFO - [2024-08-09T02:45:05.182+0000] {dag.py:3089} INFO - Sync 1 DAGs
[2024-08-09T02:45:05.196+0000] {logging_mixin.py:188} INFO - [2024-08-09T02:45:05.196+0000] {dag.py:3947} INFO - Setting next_dagrun for example_display_name to None, run_after=None
[2024-08-09T02:45:05.242+0000] {processor.py:183} INFO - Processing /home/airflow/.local/lib/python3.12/site-packages/airflow/example_dags/example_display_name.py took 0.095 seconds
[2024-08-09T02:45:35.325+0000] {processor.py:161} INFO - Started process (PID=803) to work on /home/airflow/.local/lib/python3.12/site-packages/airflow/example_dags/example_display_name.py
[2024-08-09T02:45:35.326+0000] {processor.py:830} INFO - Processing file /home/airflow/.local/lib/python3.12/site-packages/airflow/example_dags/example_display_name.py for tasks to queue
[2024-08-09T02:45:35.327+0000] {logging_mixin.py:188} INFO - [2024-08-09T02:45:35.326+0000] {dagbag.py:545} INFO - Filling up the DagBag from /home/airflow/.local/lib/python3.12/site-packages/airflow/example_dags/example_display_name.py
[2024-08-09T02:45:35.334+0000] {processor.py:840} INFO - DAG(s) 'example_display_name' retrieved from /home/airflow/.local/lib/python3.12/site-packages/airflow/example_dags/example_display_name.py
[2024-08-09T02:45:35.360+0000] {logging_mixin.py:188} INFO - [2024-08-09T02:45:35.360+0000] {dag.py:3089} INFO - Sync 1 DAGs
[2024-08-09T02:45:35.379+0000] {logging_mixin.py:188} INFO - [2024-08-09T02:45:35.379+0000] {dag.py:3947} INFO - Setting next_dagrun for example_display_name to None, run_after=None
[2024-08-09T02:45:35.405+0000] {processor.py:183} INFO - Processing /home/airflow/.local/lib/python3.12/site-packages/airflow/example_dags/example_display_name.py took 0.086 seconds
[2024-08-09T02:46:06.012+0000] {processor.py:161} INFO - Started process (PID=863) to work on /home/airflow/.local/lib/python3.12/site-packages/airflow/example_dags/example_display_name.py
[2024-08-09T02:46:06.013+0000] {processor.py:830} INFO - Processing file /home/airflow/.local/lib/python3.12/site-packages/airflow/example_dags/example_display_name.py for tasks to queue
[2024-08-09T02:46:06.014+0000] {logging_mixin.py:188} INFO - [2024-08-09T02:46:06.014+0000] {dagbag.py:545} INFO - Filling up the DagBag from /home/airflow/.local/lib/python3.12/site-packages/airflow/example_dags/example_display_name.py
[2024-08-09T02:46:06.021+0000] {processor.py:840} INFO - DAG(s) 'example_display_name' retrieved from /home/airflow/.local/lib/python3.12/site-packages/airflow/example_dags/example_display_name.py
[2024-08-09T02:46:06.048+0000] {logging_mixin.py:188} INFO - [2024-08-09T02:46:06.047+0000] {dag.py:3089} INFO - Sync 1 DAGs
[2024-08-09T02:46:06.069+0000] {logging_mixin.py:188} INFO - [2024-08-09T02:46:06.069+0000] {dag.py:3947} INFO - Setting next_dagrun for example_display_name to None, run_after=None
[2024-08-09T02:46:06.095+0000] {processor.py:183} INFO - Processing /home/airflow/.local/lib/python3.12/site-packages/airflow/example_dags/example_display_name.py took 0.093 seconds
[2024-08-09T02:46:37.082+0000] {processor.py:161} INFO - Started process (PID=923) to work on /home/airflow/.local/lib/python3.12/site-packages/airflow/example_dags/example_display_name.py
[2024-08-09T02:46:37.084+0000] {processor.py:830} INFO - Processing file /home/airflow/.local/lib/python3.12/site-packages/airflow/example_dags/example_display_name.py for tasks to queue
[2024-08-09T02:46:37.085+0000] {logging_mixin.py:188} INFO - [2024-08-09T02:46:37.085+0000] {dagbag.py:545} INFO - Filling up the DagBag from /home/airflow/.local/lib/python3.12/site-packages/airflow/example_dags/example_display_name.py
[2024-08-09T02:46:37.092+0000] {processor.py:840} INFO - DAG(s) 'example_display_name' retrieved from /home/airflow/.local/lib/python3.12/site-packages/airflow/example_dags/example_display_name.py
[2024-08-09T02:46:37.120+0000] {logging_mixin.py:188} INFO - [2024-08-09T02:46:37.119+0000] {dag.py:3089} INFO - Sync 1 DAGs
[2024-08-09T02:46:37.137+0000] {logging_mixin.py:188} INFO - [2024-08-09T02:46:37.136+0000] {dag.py:3947} INFO - Setting next_dagrun for example_display_name to None, run_after=None
[2024-08-09T02:46:37.166+0000] {processor.py:183} INFO - Processing /home/airflow/.local/lib/python3.12/site-packages/airflow/example_dags/example_display_name.py took 0.094 seconds
[2024-08-09T02:47:08.722+0000] {processor.py:161} INFO - Started process (PID=983) to work on /home/airflow/.local/lib/python3.12/site-packages/airflow/example_dags/example_display_name.py
[2024-08-09T02:47:08.724+0000] {processor.py:830} INFO - Processing file /home/airflow/.local/lib/python3.12/site-packages/airflow/example_dags/example_display_name.py for tasks to queue
[2024-08-09T02:47:08.725+0000] {logging_mixin.py:188} INFO - [2024-08-09T02:47:08.725+0000] {dagbag.py:545} INFO - Filling up the DagBag from /home/airflow/.local/lib/python3.12/site-packages/airflow/example_dags/example_display_name.py
[2024-08-09T02:47:08.731+0000] {processor.py:840} INFO - DAG(s) 'example_display_name' retrieved from /home/airflow/.local/lib/python3.12/site-packages/airflow/example_dags/example_display_name.py
[2024-08-09T02:47:08.769+0000] {logging_mixin.py:188} INFO - [2024-08-09T02:47:08.768+0000] {dag.py:3089} INFO - Sync 1 DAGs
[2024-08-09T02:47:08.787+0000] {logging_mixin.py:188} INFO - [2024-08-09T02:47:08.786+0000] {dag.py:3947} INFO - Setting next_dagrun for example_display_name to None, run_after=None
[2024-08-09T02:47:08.829+0000] {processor.py:183} INFO - Processing /home/airflow/.local/lib/python3.12/site-packages/airflow/example_dags/example_display_name.py took 0.115 seconds
[2024-08-09T02:47:39.030+0000] {processor.py:161} INFO - Started process (PID=1040) to work on /home/airflow/.local/lib/python3.12/site-packages/airflow/example_dags/example_display_name.py
[2024-08-09T02:47:39.031+0000] {processor.py:830} INFO - Processing file /home/airflow/.local/lib/python3.12/site-packages/airflow/example_dags/example_display_name.py for tasks to queue
[2024-08-09T02:47:39.033+0000] {logging_mixin.py:188} INFO - [2024-08-09T02:47:39.032+0000] {dagbag.py:545} INFO - Filling up the DagBag from /home/airflow/.local/lib/python3.12/site-packages/airflow/example_dags/example_display_name.py
[2024-08-09T02:47:39.041+0000] {processor.py:840} INFO - DAG(s) 'example_display_name' retrieved from /home/airflow/.local/lib/python3.12/site-packages/airflow/example_dags/example_display_name.py
[2024-08-09T02:47:39.066+0000] {logging_mixin.py:188} INFO - [2024-08-09T02:47:39.066+0000] {dag.py:3089} INFO - Sync 1 DAGs
[2024-08-09T02:47:39.083+0000] {logging_mixin.py:188} INFO - [2024-08-09T02:47:39.083+0000] {dag.py:3947} INFO - Setting next_dagrun for example_display_name to None, run_after=None
[2024-08-09T02:47:39.109+0000] {processor.py:183} INFO - Processing /home/airflow/.local/lib/python3.12/site-packages/airflow/example_dags/example_display_name.py took 0.085 seconds
[2024-08-09T02:48:09.365+0000] {processor.py:161} INFO - Started process (PID=1100) to work on /home/airflow/.local/lib/python3.12/site-packages/airflow/example_dags/example_display_name.py
[2024-08-09T02:48:09.367+0000] {processor.py:830} INFO - Processing file /home/airflow/.local/lib/python3.12/site-packages/airflow/example_dags/example_display_name.py for tasks to queue
[2024-08-09T02:48:09.368+0000] {logging_mixin.py:188} INFO - [2024-08-09T02:48:09.368+0000] {dagbag.py:545} INFO - Filling up the DagBag from /home/airflow/.local/lib/python3.12/site-packages/airflow/example_dags/example_display_name.py
[2024-08-09T02:48:09.386+0000] {processor.py:840} INFO - DAG(s) 'example_display_name' retrieved from /home/airflow/.local/lib/python3.12/site-packages/airflow/example_dags/example_display_name.py
[2024-08-09T02:48:09.421+0000] {logging_mixin.py:188} INFO - [2024-08-09T02:48:09.421+0000] {dag.py:3089} INFO - Sync 1 DAGs
[2024-08-09T02:48:09.445+0000] {logging_mixin.py:188} INFO - [2024-08-09T02:48:09.444+0000] {dag.py:3947} INFO - Setting next_dagrun for example_display_name to None, run_after=None
[2024-08-09T02:48:09.470+0000] {processor.py:183} INFO - Processing /home/airflow/.local/lib/python3.12/site-packages/airflow/example_dags/example_display_name.py took 0.114 seconds
[2024-08-09T02:48:39.886+0000] {processor.py:161} INFO - Started process (PID=1166) to work on /home/airflow/.local/lib/python3.12/site-packages/airflow/example_dags/example_display_name.py
[2024-08-09T02:48:39.887+0000] {processor.py:830} INFO - Processing file /home/airflow/.local/lib/python3.12/site-packages/airflow/example_dags/example_display_name.py for tasks to queue
[2024-08-09T02:48:39.889+0000] {logging_mixin.py:188} INFO - [2024-08-09T02:48:39.888+0000] {dagbag.py:545} INFO - Filling up the DagBag from /home/airflow/.local/lib/python3.12/site-packages/airflow/example_dags/example_display_name.py
[2024-08-09T02:48:39.895+0000] {processor.py:840} INFO - DAG(s) 'example_display_name' retrieved from /home/airflow/.local/lib/python3.12/site-packages/airflow/example_dags/example_display_name.py
[2024-08-09T02:48:39.917+0000] {logging_mixin.py:188} INFO - [2024-08-09T02:48:39.917+0000] {dag.py:3089} INFO - Sync 1 DAGs
[2024-08-09T02:48:39.934+0000] {logging_mixin.py:188} INFO - [2024-08-09T02:48:39.934+0000] {dag.py:3947} INFO - Setting next_dagrun for example_display_name to None, run_after=None
[2024-08-09T02:48:39.962+0000] {processor.py:183} INFO - Processing /home/airflow/.local/lib/python3.12/site-packages/airflow/example_dags/example_display_name.py took 0.086 seconds
[2024-08-09T02:49:10.448+0000] {processor.py:161} INFO - Started process (PID=1226) to work on /home/airflow/.local/lib/python3.12/site-packages/airflow/example_dags/example_display_name.py
[2024-08-09T02:49:10.449+0000] {processor.py:830} INFO - Processing file /home/airflow/.local/lib/python3.12/site-packages/airflow/example_dags/example_display_name.py for tasks to queue
[2024-08-09T02:49:10.451+0000] {logging_mixin.py:188} INFO - [2024-08-09T02:49:10.450+0000] {dagbag.py:545} INFO - Filling up the DagBag from /home/airflow/.local/lib/python3.12/site-packages/airflow/example_dags/example_display_name.py
[2024-08-09T02:49:10.457+0000] {processor.py:840} INFO - DAG(s) 'example_display_name' retrieved from /home/airflow/.local/lib/python3.12/site-packages/airflow/example_dags/example_display_name.py
[2024-08-09T02:49:10.483+0000] {logging_mixin.py:188} INFO - [2024-08-09T02:49:10.482+0000] {dag.py:3089} INFO - Sync 1 DAGs
[2024-08-09T02:49:10.500+0000] {logging_mixin.py:188} INFO - [2024-08-09T02:49:10.500+0000] {dag.py:3947} INFO - Setting next_dagrun for example_display_name to None, run_after=None
[2024-08-09T02:49:10.526+0000] {processor.py:183} INFO - Processing /home/airflow/.local/lib/python3.12/site-packages/airflow/example_dags/example_display_name.py took 0.085 seconds
[2024-08-09T02:49:40.959+0000] {processor.py:161} INFO - Started process (PID=1287) to work on /home/airflow/.local/lib/python3.12/site-packages/airflow/example_dags/example_display_name.py
[2024-08-09T02:49:40.961+0000] {processor.py:830} INFO - Processing file /home/airflow/.local/lib/python3.12/site-packages/airflow/example_dags/example_display_name.py for tasks to queue
[2024-08-09T02:49:40.962+0000] {logging_mixin.py:188} INFO - [2024-08-09T02:49:40.961+0000] {dagbag.py:545} INFO - Filling up the DagBag from /home/airflow/.local/lib/python3.12/site-packages/airflow/example_dags/example_display_name.py
[2024-08-09T02:49:40.968+0000] {processor.py:840} INFO - DAG(s) 'example_display_name' retrieved from /home/airflow/.local/lib/python3.12/site-packages/airflow/example_dags/example_display_name.py
[2024-08-09T02:49:40.993+0000] {logging_mixin.py:188} INFO - [2024-08-09T02:49:40.992+0000] {dag.py:3089} INFO - Sync 1 DAGs
[2024-08-09T02:49:41.009+0000] {logging_mixin.py:188} INFO - [2024-08-09T02:49:41.009+0000] {dag.py:3947} INFO - Setting next_dagrun for example_display_name to None, run_after=None
[2024-08-09T02:49:41.031+0000] {processor.py:183} INFO - Processing /home/airflow/.local/lib/python3.12/site-packages/airflow/example_dags/example_display_name.py took 0.079 seconds
[2024-08-09T02:50:11.203+0000] {processor.py:161} INFO - Started process (PID=1347) to work on /home/airflow/.local/lib/python3.12/site-packages/airflow/example_dags/example_display_name.py
[2024-08-09T02:50:11.204+0000] {processor.py:830} INFO - Processing file /home/airflow/.local/lib/python3.12/site-packages/airflow/example_dags/example_display_name.py for tasks to queue
[2024-08-09T02:50:11.205+0000] {logging_mixin.py:188} INFO - [2024-08-09T02:50:11.205+0000] {dagbag.py:545} INFO - Filling up the DagBag from /home/airflow/.local/lib/python3.12/site-packages/airflow/example_dags/example_display_name.py
[2024-08-09T02:50:11.212+0000] {processor.py:840} INFO - DAG(s) 'example_display_name' retrieved from /home/airflow/.local/lib/python3.12/site-packages/airflow/example_dags/example_display_name.py
[2024-08-09T02:50:11.236+0000] {logging_mixin.py:188} INFO - [2024-08-09T02:50:11.235+0000] {dag.py:3089} INFO - Sync 1 DAGs
[2024-08-09T02:50:11.253+0000] {logging_mixin.py:188} INFO - [2024-08-09T02:50:11.252+0000] {dag.py:3947} INFO - Setting next_dagrun for example_display_name to None, run_after=None
[2024-08-09T02:50:11.278+0000] {processor.py:183} INFO - Processing /home/airflow/.local/lib/python3.12/site-packages/airflow/example_dags/example_display_name.py took 0.082 seconds
[2024-08-09T02:50:41.818+0000] {processor.py:161} INFO - Started process (PID=1407) to work on /home/airflow/.local/lib/python3.12/site-packages/airflow/example_dags/example_display_name.py
[2024-08-09T02:50:41.822+0000] {processor.py:830} INFO - Processing file /home/airflow/.local/lib/python3.12/site-packages/airflow/example_dags/example_display_name.py for tasks to queue
[2024-08-09T02:50:41.823+0000] {logging_mixin.py:188} INFO - [2024-08-09T02:50:41.823+0000] {dagbag.py:545} INFO - Filling up the DagBag from /home/airflow/.local/lib/python3.12/site-packages/airflow/example_dags/example_display_name.py
[2024-08-09T02:50:41.838+0000] {processor.py:840} INFO - DAG(s) 'example_display_name' retrieved from /home/airflow/.local/lib/python3.12/site-packages/airflow/example_dags/example_display_name.py
[2024-08-09T02:50:41.881+0000] {logging_mixin.py:188} INFO - [2024-08-09T02:50:41.880+0000] {dag.py:3089} INFO - Sync 1 DAGs
[2024-08-09T02:50:41.917+0000] {logging_mixin.py:188} INFO - [2024-08-09T02:50:41.917+0000] {dag.py:3947} INFO - Setting next_dagrun for example_display_name to None, run_after=None
[2024-08-09T02:50:41.943+0000] {processor.py:183} INFO - Processing /home/airflow/.local/lib/python3.12/site-packages/airflow/example_dags/example_display_name.py took 0.135 seconds
[2024-08-09T02:51:12.246+0000] {processor.py:161} INFO - Started process (PID=1468) to work on /home/airflow/.local/lib/python3.12/site-packages/airflow/example_dags/example_display_name.py
[2024-08-09T02:51:12.258+0000] {processor.py:830} INFO - Processing file /home/airflow/.local/lib/python3.12/site-packages/airflow/example_dags/example_display_name.py for tasks to queue
[2024-08-09T02:51:12.259+0000] {logging_mixin.py:188} INFO - [2024-08-09T02:51:12.259+0000] {dagbag.py:545} INFO - Filling up the DagBag from /home/airflow/.local/lib/python3.12/site-packages/airflow/example_dags/example_display_name.py
[2024-08-09T02:51:12.268+0000] {processor.py:840} INFO - DAG(s) 'example_display_name' retrieved from /home/airflow/.local/lib/python3.12/site-packages/airflow/example_dags/example_display_name.py
[2024-08-09T02:51:12.317+0000] {logging_mixin.py:188} INFO - [2024-08-09T02:51:12.316+0000] {dag.py:3089} INFO - Sync 1 DAGs
[2024-08-09T02:51:12.349+0000] {logging_mixin.py:188} INFO - [2024-08-09T02:51:12.349+0000] {dag.py:3947} INFO - Setting next_dagrun for example_display_name to None, run_after=None
[2024-08-09T02:51:12.412+0000] {processor.py:183} INFO - Processing /home/airflow/.local/lib/python3.12/site-packages/airflow/example_dags/example_display_name.py took 0.176 seconds
[2024-08-09T03:00:02.302+0000] {processor.py:161} INFO - Started process (PID=1521) to work on /home/airflow/.local/lib/python3.12/site-packages/airflow/example_dags/example_display_name.py
[2024-08-09T03:00:02.317+0000] {processor.py:830} INFO - Processing file /home/airflow/.local/lib/python3.12/site-packages/airflow/example_dags/example_display_name.py for tasks to queue
[2024-08-09T03:00:02.319+0000] {logging_mixin.py:188} INFO - [2024-08-09T03:00:02.318+0000] {dagbag.py:545} INFO - Filling up the DagBag from /home/airflow/.local/lib/python3.12/site-packages/airflow/example_dags/example_display_name.py
[2024-08-09T03:00:02.355+0000] {processor.py:840} INFO - DAG(s) 'example_display_name' retrieved from /home/airflow/.local/lib/python3.12/site-packages/airflow/example_dags/example_display_name.py
[2024-08-09T03:00:02.433+0000] {logging_mixin.py:188} INFO - [2024-08-09T03:00:02.433+0000] {dag.py:3089} INFO - Sync 1 DAGs
[2024-08-09T03:00:02.502+0000] {logging_mixin.py:188} INFO - [2024-08-09T03:00:02.501+0000] {dag.py:3947} INFO - Setting next_dagrun for example_display_name to None, run_after=None
[2024-08-09T03:00:02.638+0000] {processor.py:183} INFO - Processing /home/airflow/.local/lib/python3.12/site-packages/airflow/example_dags/example_display_name.py took 0.375 seconds
[2024-08-09T03:39:52.467+0000] {processor.py:161} INFO - Started process (PID=82) to work on /home/airflow/.local/lib/python3.12/site-packages/airflow/example_dags/example_display_name.py
[2024-08-09T03:39:52.471+0000] {processor.py:830} INFO - Processing file /home/airflow/.local/lib/python3.12/site-packages/airflow/example_dags/example_display_name.py for tasks to queue
[2024-08-09T03:39:52.477+0000] {logging_mixin.py:188} INFO - [2024-08-09T03:39:52.477+0000] {dagbag.py:545} INFO - Filling up the DagBag from /home/airflow/.local/lib/python3.12/site-packages/airflow/example_dags/example_display_name.py
[2024-08-09T03:39:52.497+0000] {processor.py:840} INFO - DAG(s) 'example_display_name' retrieved from /home/airflow/.local/lib/python3.12/site-packages/airflow/example_dags/example_display_name.py
[2024-08-09T03:39:52.932+0000] {logging_mixin.py:188} INFO - [2024-08-09T03:39:52.932+0000] {dag.py:3089} INFO - Sync 1 DAGs
[2024-08-09T03:39:52.956+0000] {logging_mixin.py:188} INFO - [2024-08-09T03:39:52.956+0000] {dag.py:3947} INFO - Setting next_dagrun for example_display_name to None, run_after=None
[2024-08-09T03:39:53.037+0000] {processor.py:183} INFO - Processing /home/airflow/.local/lib/python3.12/site-packages/airflow/example_dags/example_display_name.py took 0.576 seconds
[2024-08-09T03:40:25.680+0000] {processor.py:161} INFO - Started process (PID=143) to work on /home/airflow/.local/lib/python3.12/site-packages/airflow/example_dags/example_display_name.py
[2024-08-09T03:40:25.682+0000] {processor.py:830} INFO - Processing file /home/airflow/.local/lib/python3.12/site-packages/airflow/example_dags/example_display_name.py for tasks to queue
[2024-08-09T03:40:25.683+0000] {logging_mixin.py:188} INFO - [2024-08-09T03:40:25.683+0000] {dagbag.py:545} INFO - Filling up the DagBag from /home/airflow/.local/lib/python3.12/site-packages/airflow/example_dags/example_display_name.py
[2024-08-09T03:40:25.693+0000] {processor.py:840} INFO - DAG(s) 'example_display_name' retrieved from /home/airflow/.local/lib/python3.12/site-packages/airflow/example_dags/example_display_name.py
[2024-08-09T03:40:25.725+0000] {logging_mixin.py:188} INFO - [2024-08-09T03:40:25.724+0000] {dag.py:3089} INFO - Sync 1 DAGs
[2024-08-09T03:40:25.751+0000] {logging_mixin.py:188} INFO - [2024-08-09T03:40:25.751+0000] {dag.py:3947} INFO - Setting next_dagrun for example_display_name to None, run_after=None
[2024-08-09T03:40:25.793+0000] {processor.py:183} INFO - Processing /home/airflow/.local/lib/python3.12/site-packages/airflow/example_dags/example_display_name.py took 0.122 seconds
[2024-08-09T03:40:56.192+0000] {processor.py:161} INFO - Started process (PID=201) to work on /home/airflow/.local/lib/python3.12/site-packages/airflow/example_dags/example_display_name.py
[2024-08-09T03:40:56.201+0000] {processor.py:830} INFO - Processing file /home/airflow/.local/lib/python3.12/site-packages/airflow/example_dags/example_display_name.py for tasks to queue
[2024-08-09T03:40:56.202+0000] {logging_mixin.py:188} INFO - [2024-08-09T03:40:56.202+0000] {dagbag.py:545} INFO - Filling up the DagBag from /home/airflow/.local/lib/python3.12/site-packages/airflow/example_dags/example_display_name.py
[2024-08-09T03:40:56.207+0000] {processor.py:840} INFO - DAG(s) 'example_display_name' retrieved from /home/airflow/.local/lib/python3.12/site-packages/airflow/example_dags/example_display_name.py
[2024-08-09T03:40:56.244+0000] {logging_mixin.py:188} INFO - [2024-08-09T03:40:56.244+0000] {dag.py:3089} INFO - Sync 1 DAGs
[2024-08-09T03:40:56.267+0000] {logging_mixin.py:188} INFO - [2024-08-09T03:40:56.266+0000] {dag.py:3947} INFO - Setting next_dagrun for example_display_name to None, run_after=None
[2024-08-09T03:40:56.301+0000] {processor.py:183} INFO - Processing /home/airflow/.local/lib/python3.12/site-packages/airflow/example_dags/example_display_name.py took 0.114 seconds
[2024-08-09T03:41:26.816+0000] {processor.py:161} INFO - Started process (PID=261) to work on /home/airflow/.local/lib/python3.12/site-packages/airflow/example_dags/example_display_name.py
[2024-08-09T03:41:26.817+0000] {processor.py:830} INFO - Processing file /home/airflow/.local/lib/python3.12/site-packages/airflow/example_dags/example_display_name.py for tasks to queue
[2024-08-09T03:41:26.818+0000] {logging_mixin.py:188} INFO - [2024-08-09T03:41:26.818+0000] {dagbag.py:545} INFO - Filling up the DagBag from /home/airflow/.local/lib/python3.12/site-packages/airflow/example_dags/example_display_name.py
[2024-08-09T03:41:26.825+0000] {processor.py:840} INFO - DAG(s) 'example_display_name' retrieved from /home/airflow/.local/lib/python3.12/site-packages/airflow/example_dags/example_display_name.py
[2024-08-09T03:41:26.851+0000] {logging_mixin.py:188} INFO - [2024-08-09T03:41:26.851+0000] {dag.py:3089} INFO - Sync 1 DAGs
[2024-08-09T03:41:26.867+0000] {logging_mixin.py:188} INFO - [2024-08-09T03:41:26.866+0000] {dag.py:3947} INFO - Setting next_dagrun for example_display_name to None, run_after=None
[2024-08-09T03:41:26.897+0000] {processor.py:183} INFO - Processing /home/airflow/.local/lib/python3.12/site-packages/airflow/example_dags/example_display_name.py took 0.088 seconds
[2024-08-09T03:41:57.291+0000] {processor.py:161} INFO - Started process (PID=321) to work on /home/airflow/.local/lib/python3.12/site-packages/airflow/example_dags/example_display_name.py
[2024-08-09T03:41:57.292+0000] {processor.py:830} INFO - Processing file /home/airflow/.local/lib/python3.12/site-packages/airflow/example_dags/example_display_name.py for tasks to queue
[2024-08-09T03:41:57.293+0000] {logging_mixin.py:188} INFO - [2024-08-09T03:41:57.293+0000] {dagbag.py:545} INFO - Filling up the DagBag from /home/airflow/.local/lib/python3.12/site-packages/airflow/example_dags/example_display_name.py
[2024-08-09T03:41:57.298+0000] {processor.py:840} INFO - DAG(s) 'example_display_name' retrieved from /home/airflow/.local/lib/python3.12/site-packages/airflow/example_dags/example_display_name.py
[2024-08-09T03:41:57.321+0000] {logging_mixin.py:188} INFO - [2024-08-09T03:41:57.321+0000] {dag.py:3089} INFO - Sync 1 DAGs
[2024-08-09T03:41:57.341+0000] {logging_mixin.py:188} INFO - [2024-08-09T03:41:57.340+0000] {dag.py:3947} INFO - Setting next_dagrun for example_display_name to None, run_after=None
[2024-08-09T03:41:57.371+0000] {processor.py:183} INFO - Processing /home/airflow/.local/lib/python3.12/site-packages/airflow/example_dags/example_display_name.py took 0.085 seconds
[2024-08-09T03:42:28.076+0000] {processor.py:161} INFO - Started process (PID=380) to work on /home/airflow/.local/lib/python3.12/site-packages/airflow/example_dags/example_display_name.py
[2024-08-09T03:42:28.083+0000] {processor.py:830} INFO - Processing file /home/airflow/.local/lib/python3.12/site-packages/airflow/example_dags/example_display_name.py for tasks to queue
[2024-08-09T03:42:28.099+0000] {logging_mixin.py:188} INFO - [2024-08-09T03:42:28.098+0000] {dagbag.py:545} INFO - Filling up the DagBag from /home/airflow/.local/lib/python3.12/site-packages/airflow/example_dags/example_display_name.py
[2024-08-09T03:42:28.106+0000] {processor.py:840} INFO - DAG(s) 'example_display_name' retrieved from /home/airflow/.local/lib/python3.12/site-packages/airflow/example_dags/example_display_name.py
[2024-08-09T03:42:28.126+0000] {logging_mixin.py:188} INFO - [2024-08-09T03:42:28.126+0000] {dag.py:3089} INFO - Sync 1 DAGs
[2024-08-09T03:42:28.139+0000] {logging_mixin.py:188} INFO - [2024-08-09T03:42:28.138+0000] {dag.py:3947} INFO - Setting next_dagrun for example_display_name to None, run_after=None
[2024-08-09T03:42:28.305+0000] {processor.py:183} INFO - Processing /home/airflow/.local/lib/python3.12/site-packages/airflow/example_dags/example_display_name.py took 0.235 seconds
[2024-08-09T03:42:58.720+0000] {processor.py:161} INFO - Started process (PID=440) to work on /home/airflow/.local/lib/python3.12/site-packages/airflow/example_dags/example_display_name.py
[2024-08-09T03:42:58.721+0000] {processor.py:830} INFO - Processing file /home/airflow/.local/lib/python3.12/site-packages/airflow/example_dags/example_display_name.py for tasks to queue
[2024-08-09T03:42:58.722+0000] {logging_mixin.py:188} INFO - [2024-08-09T03:42:58.722+0000] {dagbag.py:545} INFO - Filling up the DagBag from /home/airflow/.local/lib/python3.12/site-packages/airflow/example_dags/example_display_name.py
[2024-08-09T03:42:58.729+0000] {processor.py:840} INFO - DAG(s) 'example_display_name' retrieved from /home/airflow/.local/lib/python3.12/site-packages/airflow/example_dags/example_display_name.py
[2024-08-09T03:42:58.753+0000] {logging_mixin.py:188} INFO - [2024-08-09T03:42:58.753+0000] {dag.py:3089} INFO - Sync 1 DAGs
[2024-08-09T03:42:58.768+0000] {logging_mixin.py:188} INFO - [2024-08-09T03:42:58.768+0000] {dag.py:3947} INFO - Setting next_dagrun for example_display_name to None, run_after=None
[2024-08-09T03:42:58.794+0000] {processor.py:183} INFO - Processing /home/airflow/.local/lib/python3.12/site-packages/airflow/example_dags/example_display_name.py took 0.080 seconds
[2024-08-09T03:43:31.285+0000] {processor.py:161} INFO - Started process (PID=500) to work on /home/airflow/.local/lib/python3.12/site-packages/airflow/example_dags/example_display_name.py
[2024-08-09T03:43:31.296+0000] {processor.py:830} INFO - Processing file /home/airflow/.local/lib/python3.12/site-packages/airflow/example_dags/example_display_name.py for tasks to queue
[2024-08-09T03:43:31.309+0000] {logging_mixin.py:188} INFO - [2024-08-09T03:43:31.307+0000] {dagbag.py:545} INFO - Filling up the DagBag from /home/airflow/.local/lib/python3.12/site-packages/airflow/example_dags/example_display_name.py
[2024-08-09T03:43:31.380+0000] {processor.py:840} INFO - DAG(s) 'example_display_name' retrieved from /home/airflow/.local/lib/python3.12/site-packages/airflow/example_dags/example_display_name.py
[2024-08-09T03:43:31.492+0000] {logging_mixin.py:188} INFO - [2024-08-09T03:43:31.491+0000] {dag.py:3089} INFO - Sync 1 DAGs
[2024-08-09T03:43:31.548+0000] {logging_mixin.py:188} INFO - [2024-08-09T03:43:31.548+0000] {dag.py:3947} INFO - Setting next_dagrun for example_display_name to None, run_after=None
[2024-08-09T03:43:31.617+0000] {processor.py:183} INFO - Processing /home/airflow/.local/lib/python3.12/site-packages/airflow/example_dags/example_display_name.py took 0.338 seconds
[2024-08-09T03:44:01.667+0000] {processor.py:161} INFO - Started process (PID=558) to work on /home/airflow/.local/lib/python3.12/site-packages/airflow/example_dags/example_display_name.py
[2024-08-09T03:44:01.668+0000] {processor.py:830} INFO - Processing file /home/airflow/.local/lib/python3.12/site-packages/airflow/example_dags/example_display_name.py for tasks to queue
[2024-08-09T03:44:01.669+0000] {logging_mixin.py:188} INFO - [2024-08-09T03:44:01.669+0000] {dagbag.py:545} INFO - Filling up the DagBag from /home/airflow/.local/lib/python3.12/site-packages/airflow/example_dags/example_display_name.py
[2024-08-09T03:44:01.676+0000] {processor.py:840} INFO - DAG(s) 'example_display_name' retrieved from /home/airflow/.local/lib/python3.12/site-packages/airflow/example_dags/example_display_name.py
[2024-08-09T03:44:01.699+0000] {logging_mixin.py:188} INFO - [2024-08-09T03:44:01.698+0000] {dag.py:3089} INFO - Sync 1 DAGs
[2024-08-09T03:44:01.714+0000] {logging_mixin.py:188} INFO - [2024-08-09T03:44:01.714+0000] {dag.py:3947} INFO - Setting next_dagrun for example_display_name to None, run_after=None
[2024-08-09T03:44:01.743+0000] {processor.py:183} INFO - Processing /home/airflow/.local/lib/python3.12/site-packages/airflow/example_dags/example_display_name.py took 0.083 seconds
[2024-08-09T03:44:32.211+0000] {processor.py:161} INFO - Started process (PID=618) to work on /home/airflow/.local/lib/python3.12/site-packages/airflow/example_dags/example_display_name.py
[2024-08-09T03:44:32.213+0000] {processor.py:830} INFO - Processing file /home/airflow/.local/lib/python3.12/site-packages/airflow/example_dags/example_display_name.py for tasks to queue
[2024-08-09T03:44:32.214+0000] {logging_mixin.py:188} INFO - [2024-08-09T03:44:32.213+0000] {dagbag.py:545} INFO - Filling up the DagBag from /home/airflow/.local/lib/python3.12/site-packages/airflow/example_dags/example_display_name.py
[2024-08-09T03:44:32.221+0000] {processor.py:840} INFO - DAG(s) 'example_display_name' retrieved from /home/airflow/.local/lib/python3.12/site-packages/airflow/example_dags/example_display_name.py
[2024-08-09T03:44:32.243+0000] {logging_mixin.py:188} INFO - [2024-08-09T03:44:32.242+0000] {dag.py:3089} INFO - Sync 1 DAGs
[2024-08-09T03:44:32.260+0000] {logging_mixin.py:188} INFO - [2024-08-09T03:44:32.260+0000] {dag.py:3947} INFO - Setting next_dagrun for example_display_name to None, run_after=None
[2024-08-09T03:44:32.288+0000] {processor.py:183} INFO - Processing /home/airflow/.local/lib/python3.12/site-packages/airflow/example_dags/example_display_name.py took 0.083 seconds
[2024-08-09T03:45:02.562+0000] {processor.py:161} INFO - Started process (PID=678) to work on /home/airflow/.local/lib/python3.12/site-packages/airflow/example_dags/example_display_name.py
[2024-08-09T03:45:02.563+0000] {processor.py:830} INFO - Processing file /home/airflow/.local/lib/python3.12/site-packages/airflow/example_dags/example_display_name.py for tasks to queue
[2024-08-09T03:45:02.565+0000] {logging_mixin.py:188} INFO - [2024-08-09T03:45:02.564+0000] {dagbag.py:545} INFO - Filling up the DagBag from /home/airflow/.local/lib/python3.12/site-packages/airflow/example_dags/example_display_name.py
[2024-08-09T03:45:02.572+0000] {processor.py:840} INFO - DAG(s) 'example_display_name' retrieved from /home/airflow/.local/lib/python3.12/site-packages/airflow/example_dags/example_display_name.py
[2024-08-09T03:45:02.594+0000] {logging_mixin.py:188} INFO - [2024-08-09T03:45:02.594+0000] {dag.py:3089} INFO - Sync 1 DAGs
[2024-08-09T03:45:02.609+0000] {logging_mixin.py:188} INFO - [2024-08-09T03:45:02.609+0000] {dag.py:3947} INFO - Setting next_dagrun for example_display_name to None, run_after=None
[2024-08-09T03:45:02.637+0000] {processor.py:183} INFO - Processing /home/airflow/.local/lib/python3.12/site-packages/airflow/example_dags/example_display_name.py took 0.082 seconds
[2024-08-09T03:45:32.955+0000] {processor.py:161} INFO - Started process (PID=737) to work on /home/airflow/.local/lib/python3.12/site-packages/airflow/example_dags/example_display_name.py
[2024-08-09T03:45:32.958+0000] {processor.py:830} INFO - Processing file /home/airflow/.local/lib/python3.12/site-packages/airflow/example_dags/example_display_name.py for tasks to queue
[2024-08-09T03:45:32.959+0000] {logging_mixin.py:188} INFO - [2024-08-09T03:45:32.959+0000] {dagbag.py:545} INFO - Filling up the DagBag from /home/airflow/.local/lib/python3.12/site-packages/airflow/example_dags/example_display_name.py
[2024-08-09T03:45:32.964+0000] {processor.py:840} INFO - DAG(s) 'example_display_name' retrieved from /home/airflow/.local/lib/python3.12/site-packages/airflow/example_dags/example_display_name.py
[2024-08-09T03:45:32.981+0000] {logging_mixin.py:188} INFO - [2024-08-09T03:45:32.981+0000] {dag.py:3089} INFO - Sync 1 DAGs
[2024-08-09T03:45:32.993+0000] {logging_mixin.py:188} INFO - [2024-08-09T03:45:32.993+0000] {dag.py:3947} INFO - Setting next_dagrun for example_display_name to None, run_after=None
[2024-08-09T03:45:33.021+0000] {processor.py:183} INFO - Processing /home/airflow/.local/lib/python3.12/site-packages/airflow/example_dags/example_display_name.py took 0.079 seconds
[2024-08-09T03:46:03.792+0000] {processor.py:161} INFO - Started process (PID=797) to work on /home/airflow/.local/lib/python3.12/site-packages/airflow/example_dags/example_display_name.py
[2024-08-09T03:46:03.811+0000] {processor.py:830} INFO - Processing file /home/airflow/.local/lib/python3.12/site-packages/airflow/example_dags/example_display_name.py for tasks to queue
[2024-08-09T03:46:03.813+0000] {logging_mixin.py:188} INFO - [2024-08-09T03:46:03.813+0000] {dagbag.py:545} INFO - Filling up the DagBag from /home/airflow/.local/lib/python3.12/site-packages/airflow/example_dags/example_display_name.py
[2024-08-09T03:46:03.830+0000] {processor.py:840} INFO - DAG(s) 'example_display_name' retrieved from /home/airflow/.local/lib/python3.12/site-packages/airflow/example_dags/example_display_name.py
[2024-08-09T03:46:03.885+0000] {logging_mixin.py:188} INFO - [2024-08-09T03:46:03.884+0000] {dag.py:3089} INFO - Sync 1 DAGs
[2024-08-09T03:46:03.931+0000] {logging_mixin.py:188} INFO - [2024-08-09T03:46:03.930+0000] {dag.py:3947} INFO - Setting next_dagrun for example_display_name to None, run_after=None
[2024-08-09T03:46:04.038+0000] {processor.py:183} INFO - Processing /home/airflow/.local/lib/python3.12/site-packages/airflow/example_dags/example_display_name.py took 0.263 seconds
[2024-08-09T03:46:34.769+0000] {processor.py:161} INFO - Started process (PID=857) to work on /home/airflow/.local/lib/python3.12/site-packages/airflow/example_dags/example_display_name.py
[2024-08-09T03:46:34.770+0000] {processor.py:830} INFO - Processing file /home/airflow/.local/lib/python3.12/site-packages/airflow/example_dags/example_display_name.py for tasks to queue
[2024-08-09T03:46:34.771+0000] {logging_mixin.py:188} INFO - [2024-08-09T03:46:34.771+0000] {dagbag.py:545} INFO - Filling up the DagBag from /home/airflow/.local/lib/python3.12/site-packages/airflow/example_dags/example_display_name.py
[2024-08-09T03:46:34.780+0000] {processor.py:840} INFO - DAG(s) 'example_display_name' retrieved from /home/airflow/.local/lib/python3.12/site-packages/airflow/example_dags/example_display_name.py
[2024-08-09T03:46:34.802+0000] {logging_mixin.py:188} INFO - [2024-08-09T03:46:34.802+0000] {dag.py:3089} INFO - Sync 1 DAGs
[2024-08-09T03:46:34.817+0000] {logging_mixin.py:188} INFO - [2024-08-09T03:46:34.817+0000] {dag.py:3947} INFO - Setting next_dagrun for example_display_name to None, run_after=None
[2024-08-09T03:46:34.844+0000] {processor.py:183} INFO - Processing /home/airflow/.local/lib/python3.12/site-packages/airflow/example_dags/example_display_name.py took 0.082 seconds
[2024-08-09T03:47:04.990+0000] {processor.py:161} INFO - Started process (PID=914) to work on /home/airflow/.local/lib/python3.12/site-packages/airflow/example_dags/example_display_name.py
[2024-08-09T03:47:04.991+0000] {processor.py:830} INFO - Processing file /home/airflow/.local/lib/python3.12/site-packages/airflow/example_dags/example_display_name.py for tasks to queue
[2024-08-09T03:47:04.992+0000] {logging_mixin.py:188} INFO - [2024-08-09T03:47:04.992+0000] {dagbag.py:545} INFO - Filling up the DagBag from /home/airflow/.local/lib/python3.12/site-packages/airflow/example_dags/example_display_name.py
[2024-08-09T03:47:04.999+0000] {processor.py:840} INFO - DAG(s) 'example_display_name' retrieved from /home/airflow/.local/lib/python3.12/site-packages/airflow/example_dags/example_display_name.py
[2024-08-09T03:47:05.022+0000] {logging_mixin.py:188} INFO - [2024-08-09T03:47:05.022+0000] {dag.py:3089} INFO - Sync 1 DAGs
[2024-08-09T03:47:05.038+0000] {logging_mixin.py:188} INFO - [2024-08-09T03:47:05.037+0000] {dag.py:3947} INFO - Setting next_dagrun for example_display_name to None, run_after=None
[2024-08-09T03:47:05.066+0000] {processor.py:183} INFO - Processing /home/airflow/.local/lib/python3.12/site-packages/airflow/example_dags/example_display_name.py took 0.082 seconds
[2024-08-09T03:47:35.882+0000] {processor.py:161} INFO - Started process (PID=974) to work on /home/airflow/.local/lib/python3.12/site-packages/airflow/example_dags/example_display_name.py
[2024-08-09T03:47:35.883+0000] {processor.py:830} INFO - Processing file /home/airflow/.local/lib/python3.12/site-packages/airflow/example_dags/example_display_name.py for tasks to queue
[2024-08-09T03:47:35.884+0000] {logging_mixin.py:188} INFO - [2024-08-09T03:47:35.884+0000] {dagbag.py:545} INFO - Filling up the DagBag from /home/airflow/.local/lib/python3.12/site-packages/airflow/example_dags/example_display_name.py
[2024-08-09T03:47:35.890+0000] {processor.py:840} INFO - DAG(s) 'example_display_name' retrieved from /home/airflow/.local/lib/python3.12/site-packages/airflow/example_dags/example_display_name.py
[2024-08-09T03:47:35.912+0000] {logging_mixin.py:188} INFO - [2024-08-09T03:47:35.911+0000] {dag.py:3089} INFO - Sync 1 DAGs
[2024-08-09T03:47:35.927+0000] {logging_mixin.py:188} INFO - [2024-08-09T03:47:35.926+0000] {dag.py:3947} INFO - Setting next_dagrun for example_display_name to None, run_after=None
[2024-08-09T03:47:35.953+0000] {processor.py:183} INFO - Processing /home/airflow/.local/lib/python3.12/site-packages/airflow/example_dags/example_display_name.py took 0.077 seconds
[2024-08-09T03:48:06.471+0000] {processor.py:161} INFO - Started process (PID=1034) to work on /home/airflow/.local/lib/python3.12/site-packages/airflow/example_dags/example_display_name.py
[2024-08-09T03:48:06.472+0000] {processor.py:830} INFO - Processing file /home/airflow/.local/lib/python3.12/site-packages/airflow/example_dags/example_display_name.py for tasks to queue
[2024-08-09T03:48:06.473+0000] {logging_mixin.py:188} INFO - [2024-08-09T03:48:06.473+0000] {dagbag.py:545} INFO - Filling up the DagBag from /home/airflow/.local/lib/python3.12/site-packages/airflow/example_dags/example_display_name.py
[2024-08-09T03:48:06.480+0000] {processor.py:840} INFO - DAG(s) 'example_display_name' retrieved from /home/airflow/.local/lib/python3.12/site-packages/airflow/example_dags/example_display_name.py
[2024-08-09T03:48:06.503+0000] {logging_mixin.py:188} INFO - [2024-08-09T03:48:06.503+0000] {dag.py:3089} INFO - Sync 1 DAGs
[2024-08-09T03:48:06.519+0000] {logging_mixin.py:188} INFO - [2024-08-09T03:48:06.518+0000] {dag.py:3947} INFO - Setting next_dagrun for example_display_name to None, run_after=None
[2024-08-09T03:48:06.548+0000] {processor.py:183} INFO - Processing /home/airflow/.local/lib/python3.12/site-packages/airflow/example_dags/example_display_name.py took 0.084 seconds
[2024-08-09T03:48:39.867+0000] {processor.py:161} INFO - Started process (PID=1083) to work on /home/airflow/.local/lib/python3.12/site-packages/airflow/example_dags/example_display_name.py
[2024-08-09T03:48:39.870+0000] {processor.py:830} INFO - Processing file /home/airflow/.local/lib/python3.12/site-packages/airflow/example_dags/example_display_name.py for tasks to queue
[2024-08-09T03:48:39.874+0000] {logging_mixin.py:188} INFO - [2024-08-09T03:48:39.872+0000] {dagbag.py:545} INFO - Filling up the DagBag from /home/airflow/.local/lib/python3.12/site-packages/airflow/example_dags/example_display_name.py
[2024-08-09T03:48:39.891+0000] {processor.py:840} INFO - DAG(s) 'example_display_name' retrieved from /home/airflow/.local/lib/python3.12/site-packages/airflow/example_dags/example_display_name.py
[2024-08-09T03:48:39.991+0000] {logging_mixin.py:188} INFO - [2024-08-09T03:48:39.991+0000] {dag.py:3089} INFO - Sync 1 DAGs
[2024-08-09T03:48:40.024+0000] {logging_mixin.py:188} INFO - [2024-08-09T03:48:40.024+0000] {dag.py:3947} INFO - Setting next_dagrun for example_display_name to None, run_after=None
[2024-08-09T03:48:40.063+0000] {processor.py:183} INFO - Processing /home/airflow/.local/lib/python3.12/site-packages/airflow/example_dags/example_display_name.py took 0.215 seconds
[2024-08-09T03:49:30.393+0000] {processor.py:161} INFO - Started process (PID=1146) to work on /home/airflow/.local/lib/python3.12/site-packages/airflow/example_dags/example_display_name.py
[2024-08-09T03:49:30.398+0000] {processor.py:830} INFO - Processing file /home/airflow/.local/lib/python3.12/site-packages/airflow/example_dags/example_display_name.py for tasks to queue
[2024-08-09T03:49:30.399+0000] {logging_mixin.py:188} INFO - [2024-08-09T03:49:30.398+0000] {dagbag.py:545} INFO - Filling up the DagBag from /home/airflow/.local/lib/python3.12/site-packages/airflow/example_dags/example_display_name.py
[2024-08-09T03:49:30.405+0000] {processor.py:840} INFO - DAG(s) 'example_display_name' retrieved from /home/airflow/.local/lib/python3.12/site-packages/airflow/example_dags/example_display_name.py
[2024-08-09T03:49:30.453+0000] {logging_mixin.py:188} INFO - [2024-08-09T03:49:30.452+0000] {dag.py:3089} INFO - Sync 1 DAGs
[2024-08-09T03:49:30.480+0000] {logging_mixin.py:188} INFO - [2024-08-09T03:49:30.479+0000] {dag.py:3947} INFO - Setting next_dagrun for example_display_name to None, run_after=None
[2024-08-09T03:49:30.509+0000] {processor.py:183} INFO - Processing /home/airflow/.local/lib/python3.12/site-packages/airflow/example_dags/example_display_name.py took 0.123 seconds
[2024-08-09T03:50:03.199+0000] {processor.py:161} INFO - Started process (PID=1203) to work on /home/airflow/.local/lib/python3.12/site-packages/airflow/example_dags/example_display_name.py
[2024-08-09T03:50:03.201+0000] {processor.py:830} INFO - Processing file /home/airflow/.local/lib/python3.12/site-packages/airflow/example_dags/example_display_name.py for tasks to queue
[2024-08-09T03:50:03.203+0000] {logging_mixin.py:188} INFO - [2024-08-09T03:50:03.203+0000] {dagbag.py:545} INFO - Filling up the DagBag from /home/airflow/.local/lib/python3.12/site-packages/airflow/example_dags/example_display_name.py
[2024-08-09T03:50:03.231+0000] {processor.py:840} INFO - DAG(s) 'example_display_name' retrieved from /home/airflow/.local/lib/python3.12/site-packages/airflow/example_dags/example_display_name.py
[2024-08-09T03:50:03.299+0000] {logging_mixin.py:188} INFO - [2024-08-09T03:50:03.299+0000] {dag.py:3089} INFO - Sync 1 DAGs
[2024-08-09T03:50:03.322+0000] {logging_mixin.py:188} INFO - [2024-08-09T03:50:03.322+0000] {dag.py:3947} INFO - Setting next_dagrun for example_display_name to None, run_after=None
[2024-08-09T03:50:03.371+0000] {processor.py:183} INFO - Processing /home/airflow/.local/lib/python3.12/site-packages/airflow/example_dags/example_display_name.py took 0.187 seconds
[2024-08-09T03:50:50.992+0000] {processor.py:161} INFO - Started process (PID=1262) to work on /home/airflow/.local/lib/python3.12/site-packages/airflow/example_dags/example_display_name.py
[2024-08-09T03:50:50.998+0000] {processor.py:830} INFO - Processing file /home/airflow/.local/lib/python3.12/site-packages/airflow/example_dags/example_display_name.py for tasks to queue
[2024-08-09T03:50:50.999+0000] {logging_mixin.py:188} INFO - [2024-08-09T03:50:50.999+0000] {dagbag.py:545} INFO - Filling up the DagBag from /home/airflow/.local/lib/python3.12/site-packages/airflow/example_dags/example_display_name.py
[2024-08-09T03:50:51.006+0000] {processor.py:840} INFO - DAG(s) 'example_display_name' retrieved from /home/airflow/.local/lib/python3.12/site-packages/airflow/example_dags/example_display_name.py
[2024-08-09T03:50:51.032+0000] {logging_mixin.py:188} INFO - [2024-08-09T03:50:51.032+0000] {dag.py:3089} INFO - Sync 1 DAGs
[2024-08-09T03:50:51.047+0000] {logging_mixin.py:188} INFO - [2024-08-09T03:50:51.047+0000] {dag.py:3947} INFO - Setting next_dagrun for example_display_name to None, run_after=None
[2024-08-09T03:50:51.199+0000] {processor.py:183} INFO - Processing /home/airflow/.local/lib/python3.12/site-packages/airflow/example_dags/example_display_name.py took 0.215 seconds
[2024-08-09T03:51:33.737+0000] {processor.py:161} INFO - Started process (PID=1328) to work on /home/airflow/.local/lib/python3.12/site-packages/airflow/example_dags/example_display_name.py
[2024-08-09T03:51:33.745+0000] {processor.py:830} INFO - Processing file /home/airflow/.local/lib/python3.12/site-packages/airflow/example_dags/example_display_name.py for tasks to queue
[2024-08-09T03:51:33.751+0000] {logging_mixin.py:188} INFO - [2024-08-09T03:51:33.746+0000] {dagbag.py:545} INFO - Filling up the DagBag from /home/airflow/.local/lib/python3.12/site-packages/airflow/example_dags/example_display_name.py
[2024-08-09T03:51:33.761+0000] {processor.py:840} INFO - DAG(s) 'example_display_name' retrieved from /home/airflow/.local/lib/python3.12/site-packages/airflow/example_dags/example_display_name.py
[2024-08-09T03:51:33.809+0000] {logging_mixin.py:188} INFO - [2024-08-09T03:51:33.809+0000] {dag.py:3089} INFO - Sync 1 DAGs
[2024-08-09T03:51:33.832+0000] {logging_mixin.py:188} INFO - [2024-08-09T03:51:33.832+0000] {dag.py:3947} INFO - Setting next_dagrun for example_display_name to None, run_after=None
[2024-08-09T03:51:33.861+0000] {processor.py:183} INFO - Processing /home/airflow/.local/lib/python3.12/site-packages/airflow/example_dags/example_display_name.py took 0.134 seconds
[2024-08-09T03:52:06.209+0000] {processor.py:161} INFO - Started process (PID=1391) to work on /home/airflow/.local/lib/python3.12/site-packages/airflow/example_dags/example_display_name.py
[2024-08-09T03:52:06.220+0000] {processor.py:830} INFO - Processing file /home/airflow/.local/lib/python3.12/site-packages/airflow/example_dags/example_display_name.py for tasks to queue
[2024-08-09T03:52:06.221+0000] {logging_mixin.py:188} INFO - [2024-08-09T03:52:06.221+0000] {dagbag.py:545} INFO - Filling up the DagBag from /home/airflow/.local/lib/python3.12/site-packages/airflow/example_dags/example_display_name.py
[2024-08-09T03:52:06.237+0000] {processor.py:840} INFO - DAG(s) 'example_display_name' retrieved from /home/airflow/.local/lib/python3.12/site-packages/airflow/example_dags/example_display_name.py
[2024-08-09T03:52:06.295+0000] {logging_mixin.py:188} INFO - [2024-08-09T03:52:06.295+0000] {dag.py:3089} INFO - Sync 1 DAGs
[2024-08-09T03:52:06.321+0000] {logging_mixin.py:188} INFO - [2024-08-09T03:52:06.321+0000] {dag.py:3947} INFO - Setting next_dagrun for example_display_name to None, run_after=None
[2024-08-09T03:52:06.365+0000] {processor.py:183} INFO - Processing /home/airflow/.local/lib/python3.12/site-packages/airflow/example_dags/example_display_name.py took 0.162 seconds
[2024-08-09T03:53:04.839+0000] {processor.py:161} INFO - Started process (PID=1450) to work on /home/airflow/.local/lib/python3.12/site-packages/airflow/example_dags/example_display_name.py
[2024-08-09T03:53:04.863+0000] {processor.py:830} INFO - Processing file /home/airflow/.local/lib/python3.12/site-packages/airflow/example_dags/example_display_name.py for tasks to queue
[2024-08-09T03:53:04.866+0000] {logging_mixin.py:188} INFO - [2024-08-09T03:53:04.865+0000] {dagbag.py:545} INFO - Filling up the DagBag from /home/airflow/.local/lib/python3.12/site-packages/airflow/example_dags/example_display_name.py
[2024-08-09T03:53:04.932+0000] {processor.py:840} INFO - DAG(s) 'example_display_name' retrieved from /home/airflow/.local/lib/python3.12/site-packages/airflow/example_dags/example_display_name.py
[2024-08-09T03:53:05.088+0000] {logging_mixin.py:188} INFO - [2024-08-09T03:53:05.088+0000] {dag.py:3089} INFO - Sync 1 DAGs
[2024-08-09T03:53:05.217+0000] {logging_mixin.py:188} INFO - [2024-08-09T03:53:05.217+0000] {dag.py:3947} INFO - Setting next_dagrun for example_display_name to None, run_after=None
[2024-08-09T03:53:05.459+0000] {processor.py:183} INFO - Processing /home/airflow/.local/lib/python3.12/site-packages/airflow/example_dags/example_display_name.py took 0.703 seconds
