[2024-08-09T02:38:13.181+0000] {processor.py:161} INFO - Started process (PID=67) to work on /home/airflow/.local/lib/python3.12/site-packages/airflow/example_dags/example_external_task_marker_dag.py
[2024-08-09T02:38:13.184+0000] {processor.py:830} INFO - Processing file /home/airflow/.local/lib/python3.12/site-packages/airflow/example_dags/example_external_task_marker_dag.py for tasks to queue
[2024-08-09T02:38:13.189+0000] {logging_mixin.py:188} INFO - [2024-08-09T02:38:13.188+0000] {dagbag.py:545} INFO - Filling up the DagBag from /home/airflow/.local/lib/python3.12/site-packages/airflow/example_dags/example_external_task_marker_dag.py
[2024-08-09T02:38:13.195+0000] {processor.py:840} INFO - DAG(s) 'example_external_task_marker_parent', 'example_external_task_marker_child' retrieved from /home/airflow/.local/lib/python3.12/site-packages/airflow/example_dags/example_external_task_marker_dag.py
[2024-08-09T02:38:13.649+0000] {logging_mixin.py:188} INFO - [2024-08-09T02:38:13.649+0000] {dag.py:3089} INFO - Sync 2 DAGs
[2024-08-09T02:38:13.699+0000] {logging_mixin.py:188} INFO - [2024-08-09T02:38:13.699+0000] {dag.py:3947} INFO - Setting next_dagrun for example_external_task_marker_child to None, run_after=None
[2024-08-09T02:38:13.706+0000] {logging_mixin.py:188} INFO - [2024-08-09T02:38:13.706+0000] {dag.py:3947} INFO - Setting next_dagrun for example_external_task_marker_parent to None, run_after=None
[2024-08-09T02:38:13.813+0000] {processor.py:183} INFO - Processing /home/airflow/.local/lib/python3.12/site-packages/airflow/example_dags/example_external_task_marker_dag.py took 0.646 seconds
[2024-08-09T02:39:29.704+0000] {processor.py:161} INFO - Started process (PID=133) to work on /home/airflow/.local/lib/python3.12/site-packages/airflow/example_dags/example_external_task_marker_dag.py
[2024-08-09T02:39:29.706+0000] {processor.py:830} INFO - Processing file /home/airflow/.local/lib/python3.12/site-packages/airflow/example_dags/example_external_task_marker_dag.py for tasks to queue
[2024-08-09T02:39:29.709+0000] {logging_mixin.py:188} INFO - [2024-08-09T02:39:29.708+0000] {dagbag.py:545} INFO - Filling up the DagBag from /home/airflow/.local/lib/python3.12/site-packages/airflow/example_dags/example_external_task_marker_dag.py
[2024-08-09T02:39:29.719+0000] {processor.py:840} INFO - DAG(s) 'example_external_task_marker_parent', 'example_external_task_marker_child' retrieved from /home/airflow/.local/lib/python3.12/site-packages/airflow/example_dags/example_external_task_marker_dag.py
[2024-08-09T02:39:29.756+0000] {logging_mixin.py:188} INFO - [2024-08-09T02:39:29.756+0000] {dag.py:3089} INFO - Sync 2 DAGs
[2024-08-09T02:39:29.775+0000] {logging_mixin.py:188} INFO - [2024-08-09T02:39:29.775+0000] {dag.py:3947} INFO - Setting next_dagrun for example_external_task_marker_child to None, run_after=None
[2024-08-09T02:39:29.780+0000] {logging_mixin.py:188} INFO - [2024-08-09T02:39:29.780+0000] {dag.py:3947} INFO - Setting next_dagrun for example_external_task_marker_parent to None, run_after=None
[2024-08-09T02:39:29.805+0000] {processor.py:183} INFO - Processing /home/airflow/.local/lib/python3.12/site-packages/airflow/example_dags/example_external_task_marker_dag.py took 0.107 seconds
[2024-08-09T02:40:00.443+0000] {processor.py:161} INFO - Started process (PID=190) to work on /home/airflow/.local/lib/python3.12/site-packages/airflow/example_dags/example_external_task_marker_dag.py
[2024-08-09T02:40:00.444+0000] {processor.py:830} INFO - Processing file /home/airflow/.local/lib/python3.12/site-packages/airflow/example_dags/example_external_task_marker_dag.py for tasks to queue
[2024-08-09T02:40:00.446+0000] {logging_mixin.py:188} INFO - [2024-08-09T02:40:00.446+0000] {dagbag.py:545} INFO - Filling up the DagBag from /home/airflow/.local/lib/python3.12/site-packages/airflow/example_dags/example_external_task_marker_dag.py
[2024-08-09T02:40:00.454+0000] {processor.py:840} INFO - DAG(s) 'example_external_task_marker_parent', 'example_external_task_marker_child' retrieved from /home/airflow/.local/lib/python3.12/site-packages/airflow/example_dags/example_external_task_marker_dag.py
[2024-08-09T02:40:00.480+0000] {logging_mixin.py:188} INFO - [2024-08-09T02:40:00.479+0000] {dag.py:3089} INFO - Sync 2 DAGs
[2024-08-09T02:40:00.499+0000] {logging_mixin.py:188} INFO - [2024-08-09T02:40:00.499+0000] {dag.py:3947} INFO - Setting next_dagrun for example_external_task_marker_child to None, run_after=None
[2024-08-09T02:40:00.504+0000] {logging_mixin.py:188} INFO - [2024-08-09T02:40:00.504+0000] {dag.py:3947} INFO - Setting next_dagrun for example_external_task_marker_parent to None, run_after=None
[2024-08-09T02:40:00.527+0000] {processor.py:183} INFO - Processing /home/airflow/.local/lib/python3.12/site-packages/airflow/example_dags/example_external_task_marker_dag.py took 0.091 seconds
[2024-08-09T02:40:32.435+0000] {processor.py:161} INFO - Started process (PID=250) to work on /home/airflow/.local/lib/python3.12/site-packages/airflow/example_dags/example_external_task_marker_dag.py
[2024-08-09T02:40:32.447+0000] {processor.py:830} INFO - Processing file /home/airflow/.local/lib/python3.12/site-packages/airflow/example_dags/example_external_task_marker_dag.py for tasks to queue
[2024-08-09T02:40:32.450+0000] {logging_mixin.py:188} INFO - [2024-08-09T02:40:32.449+0000] {dagbag.py:545} INFO - Filling up the DagBag from /home/airflow/.local/lib/python3.12/site-packages/airflow/example_dags/example_external_task_marker_dag.py
[2024-08-09T02:40:32.457+0000] {processor.py:840} INFO - DAG(s) 'example_external_task_marker_parent', 'example_external_task_marker_child' retrieved from /home/airflow/.local/lib/python3.12/site-packages/airflow/example_dags/example_external_task_marker_dag.py
[2024-08-09T02:40:32.520+0000] {logging_mixin.py:188} INFO - [2024-08-09T02:40:32.519+0000] {dag.py:3089} INFO - Sync 2 DAGs
[2024-08-09T02:40:32.551+0000] {logging_mixin.py:188} INFO - [2024-08-09T02:40:32.550+0000] {dag.py:3947} INFO - Setting next_dagrun for example_external_task_marker_child to None, run_after=None
[2024-08-09T02:40:32.572+0000] {logging_mixin.py:188} INFO - [2024-08-09T02:40:32.571+0000] {dag.py:3947} INFO - Setting next_dagrun for example_external_task_marker_parent to None, run_after=None
[2024-08-09T02:40:32.626+0000] {processor.py:183} INFO - Processing /home/airflow/.local/lib/python3.12/site-packages/airflow/example_dags/example_external_task_marker_dag.py took 0.210 seconds
[2024-08-09T02:41:03.540+0000] {processor.py:161} INFO - Started process (PID=314) to work on /home/airflow/.local/lib/python3.12/site-packages/airflow/example_dags/example_external_task_marker_dag.py
[2024-08-09T02:41:03.561+0000] {processor.py:830} INFO - Processing file /home/airflow/.local/lib/python3.12/site-packages/airflow/example_dags/example_external_task_marker_dag.py for tasks to queue
[2024-08-09T02:41:03.572+0000] {logging_mixin.py:188} INFO - [2024-08-09T02:41:03.571+0000] {dagbag.py:545} INFO - Filling up the DagBag from /home/airflow/.local/lib/python3.12/site-packages/airflow/example_dags/example_external_task_marker_dag.py
[2024-08-09T02:41:03.592+0000] {processor.py:840} INFO - DAG(s) 'example_external_task_marker_child', 'example_external_task_marker_parent' retrieved from /home/airflow/.local/lib/python3.12/site-packages/airflow/example_dags/example_external_task_marker_dag.py
[2024-08-09T02:41:03.674+0000] {logging_mixin.py:188} INFO - [2024-08-09T02:41:03.673+0000] {dag.py:3089} INFO - Sync 2 DAGs
[2024-08-09T02:41:03.751+0000] {logging_mixin.py:188} INFO - [2024-08-09T02:41:03.751+0000] {dag.py:3947} INFO - Setting next_dagrun for example_external_task_marker_child to None, run_after=None
[2024-08-09T02:41:03.786+0000] {logging_mixin.py:188} INFO - [2024-08-09T02:41:03.786+0000] {dag.py:3947} INFO - Setting next_dagrun for example_external_task_marker_parent to None, run_after=None
[2024-08-09T02:41:03.848+0000] {processor.py:183} INFO - Processing /home/airflow/.local/lib/python3.12/site-packages/airflow/example_dags/example_external_task_marker_dag.py took 0.315 seconds
[2024-08-09T02:41:34.146+0000] {processor.py:161} INFO - Started process (PID=373) to work on /home/airflow/.local/lib/python3.12/site-packages/airflow/example_dags/example_external_task_marker_dag.py
[2024-08-09T02:41:34.148+0000] {processor.py:830} INFO - Processing file /home/airflow/.local/lib/python3.12/site-packages/airflow/example_dags/example_external_task_marker_dag.py for tasks to queue
[2024-08-09T02:41:34.150+0000] {logging_mixin.py:188} INFO - [2024-08-09T02:41:34.150+0000] {dagbag.py:545} INFO - Filling up the DagBag from /home/airflow/.local/lib/python3.12/site-packages/airflow/example_dags/example_external_task_marker_dag.py
[2024-08-09T02:41:34.159+0000] {processor.py:840} INFO - DAG(s) 'example_external_task_marker_child', 'example_external_task_marker_parent' retrieved from /home/airflow/.local/lib/python3.12/site-packages/airflow/example_dags/example_external_task_marker_dag.py
[2024-08-09T02:41:34.184+0000] {logging_mixin.py:188} INFO - [2024-08-09T02:41:34.184+0000] {dag.py:3089} INFO - Sync 2 DAGs
[2024-08-09T02:41:34.201+0000] {logging_mixin.py:188} INFO - [2024-08-09T02:41:34.201+0000] {dag.py:3947} INFO - Setting next_dagrun for example_external_task_marker_child to None, run_after=None
[2024-08-09T02:41:34.205+0000] {logging_mixin.py:188} INFO - [2024-08-09T02:41:34.205+0000] {dag.py:3947} INFO - Setting next_dagrun for example_external_task_marker_parent to None, run_after=None
[2024-08-09T02:41:34.246+0000] {processor.py:183} INFO - Processing /home/airflow/.local/lib/python3.12/site-packages/airflow/example_dags/example_external_task_marker_dag.py took 0.107 seconds
[2024-08-09T02:42:26.854+0000] {processor.py:161} INFO - Started process (PID=433) to work on /home/airflow/.local/lib/python3.12/site-packages/airflow/example_dags/example_external_task_marker_dag.py
[2024-08-09T02:42:26.856+0000] {processor.py:830} INFO - Processing file /home/airflow/.local/lib/python3.12/site-packages/airflow/example_dags/example_external_task_marker_dag.py for tasks to queue
[2024-08-09T02:42:26.870+0000] {logging_mixin.py:188} INFO - [2024-08-09T02:42:26.869+0000] {dagbag.py:545} INFO - Filling up the DagBag from /home/airflow/.local/lib/python3.12/site-packages/airflow/example_dags/example_external_task_marker_dag.py
[2024-08-09T02:42:26.928+0000] {processor.py:840} INFO - DAG(s) 'example_external_task_marker_child', 'example_external_task_marker_parent' retrieved from /home/airflow/.local/lib/python3.12/site-packages/airflow/example_dags/example_external_task_marker_dag.py
[2024-08-09T02:42:27.029+0000] {logging_mixin.py:188} INFO - [2024-08-09T02:42:27.029+0000] {dag.py:3089} INFO - Sync 2 DAGs
[2024-08-09T02:42:27.113+0000] {logging_mixin.py:188} INFO - [2024-08-09T02:42:27.112+0000] {dag.py:3947} INFO - Setting next_dagrun for example_external_task_marker_child to None, run_after=None
[2024-08-09T02:42:27.158+0000] {logging_mixin.py:188} INFO - [2024-08-09T02:42:27.158+0000] {dag.py:3947} INFO - Setting next_dagrun for example_external_task_marker_parent to None, run_after=None
[2024-08-09T02:42:27.328+0000] {processor.py:183} INFO - Processing /home/airflow/.local/lib/python3.12/site-packages/airflow/example_dags/example_external_task_marker_dag.py took 0.491 seconds
[2024-08-09T02:42:58.158+0000] {processor.py:161} INFO - Started process (PID=493) to work on /home/airflow/.local/lib/python3.12/site-packages/airflow/example_dags/example_external_task_marker_dag.py
[2024-08-09T02:42:58.159+0000] {processor.py:830} INFO - Processing file /home/airflow/.local/lib/python3.12/site-packages/airflow/example_dags/example_external_task_marker_dag.py for tasks to queue
[2024-08-09T02:42:58.163+0000] {logging_mixin.py:188} INFO - [2024-08-09T02:42:58.163+0000] {dagbag.py:545} INFO - Filling up the DagBag from /home/airflow/.local/lib/python3.12/site-packages/airflow/example_dags/example_external_task_marker_dag.py
[2024-08-09T02:42:58.170+0000] {processor.py:840} INFO - DAG(s) 'example_external_task_marker_child', 'example_external_task_marker_parent' retrieved from /home/airflow/.local/lib/python3.12/site-packages/airflow/example_dags/example_external_task_marker_dag.py
[2024-08-09T02:42:58.235+0000] {logging_mixin.py:188} INFO - [2024-08-09T02:42:58.235+0000] {dag.py:3089} INFO - Sync 2 DAGs
[2024-08-09T02:42:58.261+0000] {logging_mixin.py:188} INFO - [2024-08-09T02:42:58.261+0000] {dag.py:3947} INFO - Setting next_dagrun for example_external_task_marker_child to None, run_after=None
[2024-08-09T02:42:58.266+0000] {logging_mixin.py:188} INFO - [2024-08-09T02:42:58.266+0000] {dag.py:3947} INFO - Setting next_dagrun for example_external_task_marker_parent to None, run_after=None
[2024-08-09T02:42:58.449+0000] {processor.py:183} INFO - Processing /home/airflow/.local/lib/python3.12/site-packages/airflow/example_dags/example_external_task_marker_dag.py took 0.297 seconds
[2024-08-09T02:43:28.580+0000] {processor.py:161} INFO - Started process (PID=551) to work on /home/airflow/.local/lib/python3.12/site-packages/airflow/example_dags/example_external_task_marker_dag.py
[2024-08-09T02:43:28.581+0000] {processor.py:830} INFO - Processing file /home/airflow/.local/lib/python3.12/site-packages/airflow/example_dags/example_external_task_marker_dag.py for tasks to queue
[2024-08-09T02:43:28.582+0000] {logging_mixin.py:188} INFO - [2024-08-09T02:43:28.582+0000] {dagbag.py:545} INFO - Filling up the DagBag from /home/airflow/.local/lib/python3.12/site-packages/airflow/example_dags/example_external_task_marker_dag.py
[2024-08-09T02:43:28.589+0000] {processor.py:840} INFO - DAG(s) 'example_external_task_marker_parent', 'example_external_task_marker_child' retrieved from /home/airflow/.local/lib/python3.12/site-packages/airflow/example_dags/example_external_task_marker_dag.py
[2024-08-09T02:43:28.618+0000] {logging_mixin.py:188} INFO - [2024-08-09T02:43:28.618+0000] {dag.py:3089} INFO - Sync 2 DAGs
[2024-08-09T02:43:28.634+0000] {logging_mixin.py:188} INFO - [2024-08-09T02:43:28.634+0000] {dag.py:3947} INFO - Setting next_dagrun for example_external_task_marker_child to None, run_after=None
[2024-08-09T02:43:28.639+0000] {logging_mixin.py:188} INFO - [2024-08-09T02:43:28.639+0000] {dag.py:3947} INFO - Setting next_dagrun for example_external_task_marker_parent to None, run_after=None
[2024-08-09T02:43:28.887+0000] {processor.py:183} INFO - Processing /home/airflow/.local/lib/python3.12/site-packages/airflow/example_dags/example_external_task_marker_dag.py took 0.314 seconds
[2024-08-09T02:43:59.546+0000] {processor.py:161} INFO - Started process (PID=611) to work on /home/airflow/.local/lib/python3.12/site-packages/airflow/example_dags/example_external_task_marker_dag.py
[2024-08-09T02:43:59.558+0000] {processor.py:830} INFO - Processing file /home/airflow/.local/lib/python3.12/site-packages/airflow/example_dags/example_external_task_marker_dag.py for tasks to queue
[2024-08-09T02:43:59.559+0000] {logging_mixin.py:188} INFO - [2024-08-09T02:43:59.559+0000] {dagbag.py:545} INFO - Filling up the DagBag from /home/airflow/.local/lib/python3.12/site-packages/airflow/example_dags/example_external_task_marker_dag.py
[2024-08-09T02:43:59.581+0000] {processor.py:840} INFO - DAG(s) 'example_external_task_marker_child', 'example_external_task_marker_parent' retrieved from /home/airflow/.local/lib/python3.12/site-packages/airflow/example_dags/example_external_task_marker_dag.py
[2024-08-09T02:43:59.661+0000] {logging_mixin.py:188} INFO - [2024-08-09T02:43:59.660+0000] {dag.py:3089} INFO - Sync 2 DAGs
[2024-08-09T02:43:59.748+0000] {logging_mixin.py:188} INFO - [2024-08-09T02:43:59.747+0000] {dag.py:3947} INFO - Setting next_dagrun for example_external_task_marker_child to None, run_after=None
[2024-08-09T02:43:59.765+0000] {logging_mixin.py:188} INFO - [2024-08-09T02:43:59.765+0000] {dag.py:3947} INFO - Setting next_dagrun for example_external_task_marker_parent to None, run_after=None
[2024-08-09T02:43:59.899+0000] {processor.py:183} INFO - Processing /home/airflow/.local/lib/python3.12/site-packages/airflow/example_dags/example_external_task_marker_dag.py took 0.359 seconds
[2024-08-09T02:44:30.683+0000] {processor.py:161} INFO - Started process (PID=671) to work on /home/airflow/.local/lib/python3.12/site-packages/airflow/example_dags/example_external_task_marker_dag.py
[2024-08-09T02:44:30.689+0000] {processor.py:830} INFO - Processing file /home/airflow/.local/lib/python3.12/site-packages/airflow/example_dags/example_external_task_marker_dag.py for tasks to queue
[2024-08-09T02:44:30.690+0000] {logging_mixin.py:188} INFO - [2024-08-09T02:44:30.690+0000] {dagbag.py:545} INFO - Filling up the DagBag from /home/airflow/.local/lib/python3.12/site-packages/airflow/example_dags/example_external_task_marker_dag.py
[2024-08-09T02:44:30.698+0000] {processor.py:840} INFO - DAG(s) 'example_external_task_marker_parent', 'example_external_task_marker_child' retrieved from /home/airflow/.local/lib/python3.12/site-packages/airflow/example_dags/example_external_task_marker_dag.py
[2024-08-09T02:44:30.750+0000] {logging_mixin.py:188} INFO - [2024-08-09T02:44:30.750+0000] {dag.py:3089} INFO - Sync 2 DAGs
[2024-08-09T02:44:30.770+0000] {logging_mixin.py:188} INFO - [2024-08-09T02:44:30.769+0000] {dag.py:3947} INFO - Setting next_dagrun for example_external_task_marker_child to None, run_after=None
[2024-08-09T02:44:30.776+0000] {logging_mixin.py:188} INFO - [2024-08-09T02:44:30.776+0000] {dag.py:3947} INFO - Setting next_dagrun for example_external_task_marker_parent to None, run_after=None
[2024-08-09T02:44:30.813+0000] {processor.py:183} INFO - Processing /home/airflow/.local/lib/python3.12/site-packages/airflow/example_dags/example_external_task_marker_dag.py took 0.138 seconds
[2024-08-09T02:45:01.224+0000] {processor.py:161} INFO - Started process (PID=732) to work on /home/airflow/.local/lib/python3.12/site-packages/airflow/example_dags/example_external_task_marker_dag.py
[2024-08-09T02:45:01.225+0000] {processor.py:830} INFO - Processing file /home/airflow/.local/lib/python3.12/site-packages/airflow/example_dags/example_external_task_marker_dag.py for tasks to queue
[2024-08-09T02:45:01.226+0000] {logging_mixin.py:188} INFO - [2024-08-09T02:45:01.225+0000] {dagbag.py:545} INFO - Filling up the DagBag from /home/airflow/.local/lib/python3.12/site-packages/airflow/example_dags/example_external_task_marker_dag.py
[2024-08-09T02:45:01.232+0000] {processor.py:840} INFO - DAG(s) 'example_external_task_marker_child', 'example_external_task_marker_parent' retrieved from /home/airflow/.local/lib/python3.12/site-packages/airflow/example_dags/example_external_task_marker_dag.py
[2024-08-09T02:45:01.266+0000] {logging_mixin.py:188} INFO - [2024-08-09T02:45:01.266+0000] {dag.py:3089} INFO - Sync 2 DAGs
[2024-08-09T02:45:01.290+0000] {logging_mixin.py:188} INFO - [2024-08-09T02:45:01.290+0000] {dag.py:3947} INFO - Setting next_dagrun for example_external_task_marker_child to None, run_after=None
[2024-08-09T02:45:01.296+0000] {logging_mixin.py:188} INFO - [2024-08-09T02:45:01.296+0000] {dag.py:3947} INFO - Setting next_dagrun for example_external_task_marker_parent to None, run_after=None
[2024-08-09T02:45:01.330+0000] {processor.py:183} INFO - Processing /home/airflow/.local/lib/python3.12/site-packages/airflow/example_dags/example_external_task_marker_dag.py took 0.113 seconds
[2024-08-09T02:45:31.719+0000] {processor.py:161} INFO - Started process (PID=793) to work on /home/airflow/.local/lib/python3.12/site-packages/airflow/example_dags/example_external_task_marker_dag.py
[2024-08-09T02:45:31.720+0000] {processor.py:830} INFO - Processing file /home/airflow/.local/lib/python3.12/site-packages/airflow/example_dags/example_external_task_marker_dag.py for tasks to queue
[2024-08-09T02:45:31.721+0000] {logging_mixin.py:188} INFO - [2024-08-09T02:45:31.720+0000] {dagbag.py:545} INFO - Filling up the DagBag from /home/airflow/.local/lib/python3.12/site-packages/airflow/example_dags/example_external_task_marker_dag.py
[2024-08-09T02:45:31.727+0000] {processor.py:840} INFO - DAG(s) 'example_external_task_marker_parent', 'example_external_task_marker_child' retrieved from /home/airflow/.local/lib/python3.12/site-packages/airflow/example_dags/example_external_task_marker_dag.py
[2024-08-09T02:45:31.758+0000] {logging_mixin.py:188} INFO - [2024-08-09T02:45:31.758+0000] {dag.py:3089} INFO - Sync 2 DAGs
[2024-08-09T02:45:31.775+0000] {logging_mixin.py:188} INFO - [2024-08-09T02:45:31.775+0000] {dag.py:3947} INFO - Setting next_dagrun for example_external_task_marker_child to None, run_after=None
[2024-08-09T02:45:31.780+0000] {logging_mixin.py:188} INFO - [2024-08-09T02:45:31.780+0000] {dag.py:3947} INFO - Setting next_dagrun for example_external_task_marker_parent to None, run_after=None
[2024-08-09T02:45:31.805+0000] {processor.py:183} INFO - Processing /home/airflow/.local/lib/python3.12/site-packages/airflow/example_dags/example_external_task_marker_dag.py took 0.092 seconds
[2024-08-09T02:46:02.259+0000] {processor.py:161} INFO - Started process (PID=853) to work on /home/airflow/.local/lib/python3.12/site-packages/airflow/example_dags/example_external_task_marker_dag.py
[2024-08-09T02:46:02.261+0000] {processor.py:830} INFO - Processing file /home/airflow/.local/lib/python3.12/site-packages/airflow/example_dags/example_external_task_marker_dag.py for tasks to queue
[2024-08-09T02:46:02.262+0000] {logging_mixin.py:188} INFO - [2024-08-09T02:46:02.262+0000] {dagbag.py:545} INFO - Filling up the DagBag from /home/airflow/.local/lib/python3.12/site-packages/airflow/example_dags/example_external_task_marker_dag.py
[2024-08-09T02:46:02.270+0000] {processor.py:840} INFO - DAG(s) 'example_external_task_marker_parent', 'example_external_task_marker_child' retrieved from /home/airflow/.local/lib/python3.12/site-packages/airflow/example_dags/example_external_task_marker_dag.py
[2024-08-09T02:46:02.316+0000] {logging_mixin.py:188} INFO - [2024-08-09T02:46:02.315+0000] {dag.py:3089} INFO - Sync 2 DAGs
[2024-08-09T02:46:02.352+0000] {logging_mixin.py:188} INFO - [2024-08-09T02:46:02.351+0000] {dag.py:3947} INFO - Setting next_dagrun for example_external_task_marker_child to None, run_after=None
[2024-08-09T02:46:02.371+0000] {logging_mixin.py:188} INFO - [2024-08-09T02:46:02.371+0000] {dag.py:3947} INFO - Setting next_dagrun for example_external_task_marker_parent to None, run_after=None
[2024-08-09T02:46:02.400+0000] {processor.py:183} INFO - Processing /home/airflow/.local/lib/python3.12/site-packages/airflow/example_dags/example_external_task_marker_dag.py took 0.149 seconds
[2024-08-09T02:46:33.223+0000] {processor.py:161} INFO - Started process (PID=913) to work on /home/airflow/.local/lib/python3.12/site-packages/airflow/example_dags/example_external_task_marker_dag.py
[2024-08-09T02:46:33.224+0000] {processor.py:830} INFO - Processing file /home/airflow/.local/lib/python3.12/site-packages/airflow/example_dags/example_external_task_marker_dag.py for tasks to queue
[2024-08-09T02:46:33.225+0000] {logging_mixin.py:188} INFO - [2024-08-09T02:46:33.225+0000] {dagbag.py:545} INFO - Filling up the DagBag from /home/airflow/.local/lib/python3.12/site-packages/airflow/example_dags/example_external_task_marker_dag.py
[2024-08-09T02:46:33.232+0000] {processor.py:840} INFO - DAG(s) 'example_external_task_marker_parent', 'example_external_task_marker_child' retrieved from /home/airflow/.local/lib/python3.12/site-packages/airflow/example_dags/example_external_task_marker_dag.py
[2024-08-09T02:46:33.260+0000] {logging_mixin.py:188} INFO - [2024-08-09T02:46:33.259+0000] {dag.py:3089} INFO - Sync 2 DAGs
[2024-08-09T02:46:33.281+0000] {logging_mixin.py:188} INFO - [2024-08-09T02:46:33.280+0000] {dag.py:3947} INFO - Setting next_dagrun for example_external_task_marker_child to None, run_after=None
[2024-08-09T02:46:33.287+0000] {logging_mixin.py:188} INFO - [2024-08-09T02:46:33.287+0000] {dag.py:3947} INFO - Setting next_dagrun for example_external_task_marker_parent to None, run_after=None
[2024-08-09T02:46:33.312+0000] {processor.py:183} INFO - Processing /home/airflow/.local/lib/python3.12/site-packages/airflow/example_dags/example_external_task_marker_dag.py took 0.097 seconds
[2024-08-09T02:47:03.910+0000] {processor.py:161} INFO - Started process (PID=971) to work on /home/airflow/.local/lib/python3.12/site-packages/airflow/example_dags/example_external_task_marker_dag.py
[2024-08-09T02:47:03.911+0000] {processor.py:830} INFO - Processing file /home/airflow/.local/lib/python3.12/site-packages/airflow/example_dags/example_external_task_marker_dag.py for tasks to queue
[2024-08-09T02:47:03.912+0000] {logging_mixin.py:188} INFO - [2024-08-09T02:47:03.912+0000] {dagbag.py:545} INFO - Filling up the DagBag from /home/airflow/.local/lib/python3.12/site-packages/airflow/example_dags/example_external_task_marker_dag.py
[2024-08-09T02:47:03.925+0000] {processor.py:840} INFO - DAG(s) 'example_external_task_marker_child', 'example_external_task_marker_parent' retrieved from /home/airflow/.local/lib/python3.12/site-packages/airflow/example_dags/example_external_task_marker_dag.py
[2024-08-09T02:47:03.961+0000] {logging_mixin.py:188} INFO - [2024-08-09T02:47:03.961+0000] {dag.py:3089} INFO - Sync 2 DAGs
[2024-08-09T02:47:03.982+0000] {logging_mixin.py:188} INFO - [2024-08-09T02:47:03.981+0000] {dag.py:3947} INFO - Setting next_dagrun for example_external_task_marker_child to None, run_after=None
[2024-08-09T02:47:03.988+0000] {logging_mixin.py:188} INFO - [2024-08-09T02:47:03.988+0000] {dag.py:3947} INFO - Setting next_dagrun for example_external_task_marker_parent to None, run_after=None
[2024-08-09T02:47:04.011+0000] {processor.py:183} INFO - Processing /home/airflow/.local/lib/python3.12/site-packages/airflow/example_dags/example_external_task_marker_dag.py took 0.108 seconds
[2024-08-09T02:47:34.088+0000] {processor.py:161} INFO - Started process (PID=1030) to work on /home/airflow/.local/lib/python3.12/site-packages/airflow/example_dags/example_external_task_marker_dag.py
[2024-08-09T02:47:34.090+0000] {processor.py:830} INFO - Processing file /home/airflow/.local/lib/python3.12/site-packages/airflow/example_dags/example_external_task_marker_dag.py for tasks to queue
[2024-08-09T02:47:34.091+0000] {logging_mixin.py:188} INFO - [2024-08-09T02:47:34.090+0000] {dagbag.py:545} INFO - Filling up the DagBag from /home/airflow/.local/lib/python3.12/site-packages/airflow/example_dags/example_external_task_marker_dag.py
[2024-08-09T02:47:34.098+0000] {processor.py:840} INFO - DAG(s) 'example_external_task_marker_child', 'example_external_task_marker_parent' retrieved from /home/airflow/.local/lib/python3.12/site-packages/airflow/example_dags/example_external_task_marker_dag.py
[2024-08-09T02:47:34.132+0000] {logging_mixin.py:188} INFO - [2024-08-09T02:47:34.132+0000] {dag.py:3089} INFO - Sync 2 DAGs
[2024-08-09T02:47:34.150+0000] {logging_mixin.py:188} INFO - [2024-08-09T02:47:34.149+0000] {dag.py:3947} INFO - Setting next_dagrun for example_external_task_marker_child to None, run_after=None
[2024-08-09T02:47:34.155+0000] {logging_mixin.py:188} INFO - [2024-08-09T02:47:34.155+0000] {dag.py:3947} INFO - Setting next_dagrun for example_external_task_marker_parent to None, run_after=None
[2024-08-09T02:47:34.182+0000] {processor.py:183} INFO - Processing /home/airflow/.local/lib/python3.12/site-packages/airflow/example_dags/example_external_task_marker_dag.py took 0.101 seconds
[2024-08-09T02:48:04.580+0000] {processor.py:161} INFO - Started process (PID=1090) to work on /home/airflow/.local/lib/python3.12/site-packages/airflow/example_dags/example_external_task_marker_dag.py
[2024-08-09T02:48:04.582+0000] {processor.py:830} INFO - Processing file /home/airflow/.local/lib/python3.12/site-packages/airflow/example_dags/example_external_task_marker_dag.py for tasks to queue
[2024-08-09T02:48:04.583+0000] {logging_mixin.py:188} INFO - [2024-08-09T02:48:04.582+0000] {dagbag.py:545} INFO - Filling up the DagBag from /home/airflow/.local/lib/python3.12/site-packages/airflow/example_dags/example_external_task_marker_dag.py
[2024-08-09T02:48:04.593+0000] {processor.py:840} INFO - DAG(s) 'example_external_task_marker_parent', 'example_external_task_marker_child' retrieved from /home/airflow/.local/lib/python3.12/site-packages/airflow/example_dags/example_external_task_marker_dag.py
[2024-08-09T02:48:04.624+0000] {logging_mixin.py:188} INFO - [2024-08-09T02:48:04.624+0000] {dag.py:3089} INFO - Sync 2 DAGs
[2024-08-09T02:48:04.641+0000] {logging_mixin.py:188} INFO - [2024-08-09T02:48:04.641+0000] {dag.py:3947} INFO - Setting next_dagrun for example_external_task_marker_child to None, run_after=None
[2024-08-09T02:48:04.647+0000] {logging_mixin.py:188} INFO - [2024-08-09T02:48:04.647+0000] {dag.py:3947} INFO - Setting next_dagrun for example_external_task_marker_parent to None, run_after=None
[2024-08-09T02:48:04.670+0000] {processor.py:183} INFO - Processing /home/airflow/.local/lib/python3.12/site-packages/airflow/example_dags/example_external_task_marker_dag.py took 0.096 seconds
[2024-08-09T02:48:35.229+0000] {processor.py:161} INFO - Started process (PID=1150) to work on /home/airflow/.local/lib/python3.12/site-packages/airflow/example_dags/example_external_task_marker_dag.py
[2024-08-09T02:48:35.230+0000] {processor.py:830} INFO - Processing file /home/airflow/.local/lib/python3.12/site-packages/airflow/example_dags/example_external_task_marker_dag.py for tasks to queue
[2024-08-09T02:48:35.232+0000] {logging_mixin.py:188} INFO - [2024-08-09T02:48:35.231+0000] {dagbag.py:545} INFO - Filling up the DagBag from /home/airflow/.local/lib/python3.12/site-packages/airflow/example_dags/example_external_task_marker_dag.py
[2024-08-09T02:48:35.239+0000] {processor.py:840} INFO - DAG(s) 'example_external_task_marker_child', 'example_external_task_marker_parent' retrieved from /home/airflow/.local/lib/python3.12/site-packages/airflow/example_dags/example_external_task_marker_dag.py
[2024-08-09T02:48:35.268+0000] {logging_mixin.py:188} INFO - [2024-08-09T02:48:35.268+0000] {dag.py:3089} INFO - Sync 2 DAGs
[2024-08-09T02:48:35.284+0000] {logging_mixin.py:188} INFO - [2024-08-09T02:48:35.284+0000] {dag.py:3947} INFO - Setting next_dagrun for example_external_task_marker_child to None, run_after=None
[2024-08-09T02:48:35.289+0000] {logging_mixin.py:188} INFO - [2024-08-09T02:48:35.288+0000] {dag.py:3947} INFO - Setting next_dagrun for example_external_task_marker_parent to None, run_after=None
[2024-08-09T02:48:35.316+0000] {processor.py:183} INFO - Processing /home/airflow/.local/lib/python3.12/site-packages/airflow/example_dags/example_external_task_marker_dag.py took 0.094 seconds
[2024-08-09T02:49:05.785+0000] {processor.py:161} INFO - Started process (PID=1210) to work on /home/airflow/.local/lib/python3.12/site-packages/airflow/example_dags/example_external_task_marker_dag.py
[2024-08-09T02:49:05.786+0000] {processor.py:830} INFO - Processing file /home/airflow/.local/lib/python3.12/site-packages/airflow/example_dags/example_external_task_marker_dag.py for tasks to queue
[2024-08-09T02:49:05.787+0000] {logging_mixin.py:188} INFO - [2024-08-09T02:49:05.787+0000] {dagbag.py:545} INFO - Filling up the DagBag from /home/airflow/.local/lib/python3.12/site-packages/airflow/example_dags/example_external_task_marker_dag.py
[2024-08-09T02:49:05.796+0000] {processor.py:840} INFO - DAG(s) 'example_external_task_marker_child', 'example_external_task_marker_parent' retrieved from /home/airflow/.local/lib/python3.12/site-packages/airflow/example_dags/example_external_task_marker_dag.py
[2024-08-09T02:49:05.827+0000] {logging_mixin.py:188} INFO - [2024-08-09T02:49:05.827+0000] {dag.py:3089} INFO - Sync 2 DAGs
[2024-08-09T02:49:05.843+0000] {logging_mixin.py:188} INFO - [2024-08-09T02:49:05.843+0000] {dag.py:3947} INFO - Setting next_dagrun for example_external_task_marker_child to None, run_after=None
[2024-08-09T02:49:05.849+0000] {logging_mixin.py:188} INFO - [2024-08-09T02:49:05.849+0000] {dag.py:3947} INFO - Setting next_dagrun for example_external_task_marker_parent to None, run_after=None
[2024-08-09T02:49:05.873+0000] {processor.py:183} INFO - Processing /home/airflow/.local/lib/python3.12/site-packages/airflow/example_dags/example_external_task_marker_dag.py took 0.094 seconds
[2024-08-09T02:49:36.328+0000] {processor.py:161} INFO - Started process (PID=1270) to work on /home/airflow/.local/lib/python3.12/site-packages/airflow/example_dags/example_external_task_marker_dag.py
[2024-08-09T02:49:36.329+0000] {processor.py:830} INFO - Processing file /home/airflow/.local/lib/python3.12/site-packages/airflow/example_dags/example_external_task_marker_dag.py for tasks to queue
[2024-08-09T02:49:36.330+0000] {logging_mixin.py:188} INFO - [2024-08-09T02:49:36.330+0000] {dagbag.py:545} INFO - Filling up the DagBag from /home/airflow/.local/lib/python3.12/site-packages/airflow/example_dags/example_external_task_marker_dag.py
[2024-08-09T02:49:36.337+0000] {processor.py:840} INFO - DAG(s) 'example_external_task_marker_parent', 'example_external_task_marker_child' retrieved from /home/airflow/.local/lib/python3.12/site-packages/airflow/example_dags/example_external_task_marker_dag.py
[2024-08-09T02:49:36.364+0000] {logging_mixin.py:188} INFO - [2024-08-09T02:49:36.364+0000] {dag.py:3089} INFO - Sync 2 DAGs
[2024-08-09T02:49:36.380+0000] {logging_mixin.py:188} INFO - [2024-08-09T02:49:36.380+0000] {dag.py:3947} INFO - Setting next_dagrun for example_external_task_marker_child to None, run_after=None
[2024-08-09T02:49:36.387+0000] {logging_mixin.py:188} INFO - [2024-08-09T02:49:36.387+0000] {dag.py:3947} INFO - Setting next_dagrun for example_external_task_marker_parent to None, run_after=None
[2024-08-09T02:49:36.406+0000] {processor.py:183} INFO - Processing /home/airflow/.local/lib/python3.12/site-packages/airflow/example_dags/example_external_task_marker_dag.py took 0.085 seconds
[2024-08-09T02:50:07.227+0000] {processor.py:161} INFO - Started process (PID=1331) to work on /home/airflow/.local/lib/python3.12/site-packages/airflow/example_dags/example_external_task_marker_dag.py
[2024-08-09T02:50:07.233+0000] {processor.py:830} INFO - Processing file /home/airflow/.local/lib/python3.12/site-packages/airflow/example_dags/example_external_task_marker_dag.py for tasks to queue
[2024-08-09T02:50:07.234+0000] {logging_mixin.py:188} INFO - [2024-08-09T02:50:07.234+0000] {dagbag.py:545} INFO - Filling up the DagBag from /home/airflow/.local/lib/python3.12/site-packages/airflow/example_dags/example_external_task_marker_dag.py
[2024-08-09T02:50:07.240+0000] {processor.py:840} INFO - DAG(s) 'example_external_task_marker_parent', 'example_external_task_marker_child' retrieved from /home/airflow/.local/lib/python3.12/site-packages/airflow/example_dags/example_external_task_marker_dag.py
[2024-08-09T02:50:07.287+0000] {logging_mixin.py:188} INFO - [2024-08-09T02:50:07.287+0000] {dag.py:3089} INFO - Sync 2 DAGs
[2024-08-09T02:50:07.321+0000] {logging_mixin.py:188} INFO - [2024-08-09T02:50:07.321+0000] {dag.py:3947} INFO - Setting next_dagrun for example_external_task_marker_child to None, run_after=None
[2024-08-09T02:50:07.333+0000] {logging_mixin.py:188} INFO - [2024-08-09T02:50:07.332+0000] {dag.py:3947} INFO - Setting next_dagrun for example_external_task_marker_parent to None, run_after=None
[2024-08-09T02:50:07.374+0000] {processor.py:183} INFO - Processing /home/airflow/.local/lib/python3.12/site-packages/airflow/example_dags/example_external_task_marker_dag.py took 0.155 seconds
[2024-08-09T02:50:37.827+0000] {processor.py:161} INFO - Started process (PID=1391) to work on /home/airflow/.local/lib/python3.12/site-packages/airflow/example_dags/example_external_task_marker_dag.py
[2024-08-09T02:50:37.828+0000] {processor.py:830} INFO - Processing file /home/airflow/.local/lib/python3.12/site-packages/airflow/example_dags/example_external_task_marker_dag.py for tasks to queue
[2024-08-09T02:50:37.830+0000] {logging_mixin.py:188} INFO - [2024-08-09T02:50:37.829+0000] {dagbag.py:545} INFO - Filling up the DagBag from /home/airflow/.local/lib/python3.12/site-packages/airflow/example_dags/example_external_task_marker_dag.py
[2024-08-09T02:50:37.837+0000] {processor.py:840} INFO - DAG(s) 'example_external_task_marker_child', 'example_external_task_marker_parent' retrieved from /home/airflow/.local/lib/python3.12/site-packages/airflow/example_dags/example_external_task_marker_dag.py
[2024-08-09T02:50:37.863+0000] {logging_mixin.py:188} INFO - [2024-08-09T02:50:37.863+0000] {dag.py:3089} INFO - Sync 2 DAGs
[2024-08-09T02:50:37.879+0000] {logging_mixin.py:188} INFO - [2024-08-09T02:50:37.879+0000] {dag.py:3947} INFO - Setting next_dagrun for example_external_task_marker_child to None, run_after=None
[2024-08-09T02:50:37.885+0000] {logging_mixin.py:188} INFO - [2024-08-09T02:50:37.885+0000] {dag.py:3947} INFO - Setting next_dagrun for example_external_task_marker_parent to None, run_after=None
[2024-08-09T02:50:37.907+0000] {processor.py:183} INFO - Processing /home/airflow/.local/lib/python3.12/site-packages/airflow/example_dags/example_external_task_marker_dag.py took 0.086 seconds
[2024-08-09T02:51:08.435+0000] {processor.py:161} INFO - Started process (PID=1451) to work on /home/airflow/.local/lib/python3.12/site-packages/airflow/example_dags/example_external_task_marker_dag.py
[2024-08-09T02:51:08.449+0000] {processor.py:830} INFO - Processing file /home/airflow/.local/lib/python3.12/site-packages/airflow/example_dags/example_external_task_marker_dag.py for tasks to queue
[2024-08-09T02:51:08.450+0000] {logging_mixin.py:188} INFO - [2024-08-09T02:51:08.450+0000] {dagbag.py:545} INFO - Filling up the DagBag from /home/airflow/.local/lib/python3.12/site-packages/airflow/example_dags/example_external_task_marker_dag.py
[2024-08-09T02:51:08.463+0000] {processor.py:840} INFO - DAG(s) 'example_external_task_marker_parent', 'example_external_task_marker_child' retrieved from /home/airflow/.local/lib/python3.12/site-packages/airflow/example_dags/example_external_task_marker_dag.py
[2024-08-09T02:51:08.507+0000] {logging_mixin.py:188} INFO - [2024-08-09T02:51:08.506+0000] {dag.py:3089} INFO - Sync 2 DAGs
[2024-08-09T02:51:08.534+0000] {logging_mixin.py:188} INFO - [2024-08-09T02:51:08.533+0000] {dag.py:3947} INFO - Setting next_dagrun for example_external_task_marker_child to None, run_after=None
[2024-08-09T02:51:08.548+0000] {logging_mixin.py:188} INFO - [2024-08-09T02:51:08.548+0000] {dag.py:3947} INFO - Setting next_dagrun for example_external_task_marker_parent to None, run_after=None
[2024-08-09T02:51:08.576+0000] {processor.py:183} INFO - Processing /home/airflow/.local/lib/python3.12/site-packages/airflow/example_dags/example_external_task_marker_dag.py took 0.148 seconds
[2024-08-09T02:59:59.676+0000] {processor.py:161} INFO - Started process (PID=1511) to work on /home/airflow/.local/lib/python3.12/site-packages/airflow/example_dags/example_external_task_marker_dag.py
[2024-08-09T02:59:59.697+0000] {processor.py:830} INFO - Processing file /home/airflow/.local/lib/python3.12/site-packages/airflow/example_dags/example_external_task_marker_dag.py for tasks to queue
[2024-08-09T02:59:59.700+0000] {logging_mixin.py:188} INFO - [2024-08-09T02:59:59.700+0000] {dagbag.py:545} INFO - Filling up the DagBag from /home/airflow/.local/lib/python3.12/site-packages/airflow/example_dags/example_external_task_marker_dag.py
[2024-08-09T02:59:59.728+0000] {processor.py:840} INFO - DAG(s) 'example_external_task_marker_child', 'example_external_task_marker_parent' retrieved from /home/airflow/.local/lib/python3.12/site-packages/airflow/example_dags/example_external_task_marker_dag.py
[2024-08-09T02:59:59.859+0000] {logging_mixin.py:188} INFO - [2024-08-09T02:59:59.859+0000] {dag.py:3089} INFO - Sync 2 DAGs
[2024-08-09T02:59:59.911+0000] {logging_mixin.py:188} INFO - [2024-08-09T02:59:59.910+0000] {dag.py:3947} INFO - Setting next_dagrun for example_external_task_marker_child to None, run_after=None
[2024-08-09T02:59:59.933+0000] {logging_mixin.py:188} INFO - [2024-08-09T02:59:59.932+0000] {dag.py:3947} INFO - Setting next_dagrun for example_external_task_marker_parent to None, run_after=None
[2024-08-09T03:00:00.071+0000] {processor.py:183} INFO - Processing /home/airflow/.local/lib/python3.12/site-packages/airflow/example_dags/example_external_task_marker_dag.py took 0.405 seconds
[2024-08-09T03:39:27.548+0000] {processor.py:161} INFO - Started process (PID=66) to work on /home/airflow/.local/lib/python3.12/site-packages/airflow/example_dags/example_external_task_marker_dag.py
[2024-08-09T03:39:27.552+0000] {processor.py:830} INFO - Processing file /home/airflow/.local/lib/python3.12/site-packages/airflow/example_dags/example_external_task_marker_dag.py for tasks to queue
[2024-08-09T03:39:27.561+0000] {logging_mixin.py:188} INFO - [2024-08-09T03:39:27.560+0000] {dagbag.py:545} INFO - Filling up the DagBag from /home/airflow/.local/lib/python3.12/site-packages/airflow/example_dags/example_external_task_marker_dag.py
[2024-08-09T03:39:27.592+0000] {processor.py:840} INFO - DAG(s) 'example_external_task_marker_parent', 'example_external_task_marker_child' retrieved from /home/airflow/.local/lib/python3.12/site-packages/airflow/example_dags/example_external_task_marker_dag.py
[2024-08-09T03:39:28.263+0000] {logging_mixin.py:188} INFO - [2024-08-09T03:39:28.262+0000] {dag.py:3089} INFO - Sync 2 DAGs
[2024-08-09T03:39:28.346+0000] {logging_mixin.py:188} INFO - [2024-08-09T03:39:28.346+0000] {dag.py:3947} INFO - Setting next_dagrun for example_external_task_marker_child to None, run_after=None
[2024-08-09T03:39:28.368+0000] {logging_mixin.py:188} INFO - [2024-08-09T03:39:28.368+0000] {dag.py:3947} INFO - Setting next_dagrun for example_external_task_marker_parent to None, run_after=None
[2024-08-09T03:39:28.456+0000] {processor.py:183} INFO - Processing /home/airflow/.local/lib/python3.12/site-packages/airflow/example_dags/example_external_task_marker_dag.py took 0.916 seconds
[2024-08-09T03:40:12.605+0000] {processor.py:161} INFO - Started process (PID=124) to work on /home/airflow/.local/lib/python3.12/site-packages/airflow/example_dags/example_external_task_marker_dag.py
[2024-08-09T03:40:12.607+0000] {processor.py:830} INFO - Processing file /home/airflow/.local/lib/python3.12/site-packages/airflow/example_dags/example_external_task_marker_dag.py for tasks to queue
[2024-08-09T03:40:12.611+0000] {logging_mixin.py:188} INFO - [2024-08-09T03:40:12.610+0000] {dagbag.py:545} INFO - Filling up the DagBag from /home/airflow/.local/lib/python3.12/site-packages/airflow/example_dags/example_external_task_marker_dag.py
[2024-08-09T03:40:12.620+0000] {processor.py:840} INFO - DAG(s) 'example_external_task_marker_parent', 'example_external_task_marker_child' retrieved from /home/airflow/.local/lib/python3.12/site-packages/airflow/example_dags/example_external_task_marker_dag.py
[2024-08-09T03:40:12.699+0000] {logging_mixin.py:188} INFO - [2024-08-09T03:40:12.699+0000] {dag.py:3089} INFO - Sync 2 DAGs
[2024-08-09T03:40:12.722+0000] {logging_mixin.py:188} INFO - [2024-08-09T03:40:12.722+0000] {dag.py:3947} INFO - Setting next_dagrun for example_external_task_marker_child to None, run_after=None
[2024-08-09T03:40:12.728+0000] {logging_mixin.py:188} INFO - [2024-08-09T03:40:12.727+0000] {dag.py:3947} INFO - Setting next_dagrun for example_external_task_marker_parent to None, run_after=None
[2024-08-09T03:40:12.768+0000] {processor.py:183} INFO - Processing /home/airflow/.local/lib/python3.12/site-packages/airflow/example_dags/example_external_task_marker_dag.py took 0.169 seconds
[2024-08-09T03:40:43.398+0000] {processor.py:161} INFO - Started process (PID=183) to work on /home/airflow/.local/lib/python3.12/site-packages/airflow/example_dags/example_external_task_marker_dag.py
[2024-08-09T03:40:43.400+0000] {processor.py:830} INFO - Processing file /home/airflow/.local/lib/python3.12/site-packages/airflow/example_dags/example_external_task_marker_dag.py for tasks to queue
[2024-08-09T03:40:43.401+0000] {logging_mixin.py:188} INFO - [2024-08-09T03:40:43.401+0000] {dagbag.py:545} INFO - Filling up the DagBag from /home/airflow/.local/lib/python3.12/site-packages/airflow/example_dags/example_external_task_marker_dag.py
[2024-08-09T03:40:43.409+0000] {processor.py:840} INFO - DAG(s) 'example_external_task_marker_child', 'example_external_task_marker_parent' retrieved from /home/airflow/.local/lib/python3.12/site-packages/airflow/example_dags/example_external_task_marker_dag.py
[2024-08-09T03:40:43.447+0000] {logging_mixin.py:188} INFO - [2024-08-09T03:40:43.447+0000] {dag.py:3089} INFO - Sync 2 DAGs
[2024-08-09T03:40:43.464+0000] {logging_mixin.py:188} INFO - [2024-08-09T03:40:43.463+0000] {dag.py:3947} INFO - Setting next_dagrun for example_external_task_marker_child to None, run_after=None
[2024-08-09T03:40:43.469+0000] {logging_mixin.py:188} INFO - [2024-08-09T03:40:43.468+0000] {dag.py:3947} INFO - Setting next_dagrun for example_external_task_marker_parent to None, run_after=None
[2024-08-09T03:40:44.103+0000] {processor.py:183} INFO - Processing /home/airflow/.local/lib/python3.12/site-packages/airflow/example_dags/example_external_task_marker_dag.py took 0.712 seconds
[2024-08-09T03:41:14.377+0000] {processor.py:161} INFO - Started process (PID=243) to work on /home/airflow/.local/lib/python3.12/site-packages/airflow/example_dags/example_external_task_marker_dag.py
[2024-08-09T03:41:14.387+0000] {processor.py:830} INFO - Processing file /home/airflow/.local/lib/python3.12/site-packages/airflow/example_dags/example_external_task_marker_dag.py for tasks to queue
[2024-08-09T03:41:14.389+0000] {logging_mixin.py:188} INFO - [2024-08-09T03:41:14.388+0000] {dagbag.py:545} INFO - Filling up the DagBag from /home/airflow/.local/lib/python3.12/site-packages/airflow/example_dags/example_external_task_marker_dag.py
[2024-08-09T03:41:14.396+0000] {processor.py:840} INFO - DAG(s) 'example_external_task_marker_parent', 'example_external_task_marker_child' retrieved from /home/airflow/.local/lib/python3.12/site-packages/airflow/example_dags/example_external_task_marker_dag.py
[2024-08-09T03:41:14.422+0000] {logging_mixin.py:188} INFO - [2024-08-09T03:41:14.422+0000] {dag.py:3089} INFO - Sync 2 DAGs
[2024-08-09T03:41:14.438+0000] {logging_mixin.py:188} INFO - [2024-08-09T03:41:14.438+0000] {dag.py:3947} INFO - Setting next_dagrun for example_external_task_marker_child to None, run_after=None
[2024-08-09T03:41:14.443+0000] {logging_mixin.py:188} INFO - [2024-08-09T03:41:14.443+0000] {dag.py:3947} INFO - Setting next_dagrun for example_external_task_marker_parent to None, run_after=None
[2024-08-09T03:41:14.474+0000] {processor.py:183} INFO - Processing /home/airflow/.local/lib/python3.12/site-packages/airflow/example_dags/example_external_task_marker_dag.py took 0.108 seconds
[2024-08-09T03:41:44.674+0000] {processor.py:161} INFO - Started process (PID=303) to work on /home/airflow/.local/lib/python3.12/site-packages/airflow/example_dags/example_external_task_marker_dag.py
[2024-08-09T03:41:44.676+0000] {processor.py:830} INFO - Processing file /home/airflow/.local/lib/python3.12/site-packages/airflow/example_dags/example_external_task_marker_dag.py for tasks to queue
[2024-08-09T03:41:44.680+0000] {logging_mixin.py:188} INFO - [2024-08-09T03:41:44.679+0000] {dagbag.py:545} INFO - Filling up the DagBag from /home/airflow/.local/lib/python3.12/site-packages/airflow/example_dags/example_external_task_marker_dag.py
[2024-08-09T03:41:44.692+0000] {processor.py:840} INFO - DAG(s) 'example_external_task_marker_child', 'example_external_task_marker_parent' retrieved from /home/airflow/.local/lib/python3.12/site-packages/airflow/example_dags/example_external_task_marker_dag.py
[2024-08-09T03:41:44.715+0000] {logging_mixin.py:188} INFO - [2024-08-09T03:41:44.715+0000] {dag.py:3089} INFO - Sync 2 DAGs
[2024-08-09T03:41:44.731+0000] {logging_mixin.py:188} INFO - [2024-08-09T03:41:44.731+0000] {dag.py:3947} INFO - Setting next_dagrun for example_external_task_marker_child to None, run_after=None
[2024-08-09T03:41:44.741+0000] {logging_mixin.py:188} INFO - [2024-08-09T03:41:44.740+0000] {dag.py:3947} INFO - Setting next_dagrun for example_external_task_marker_parent to None, run_after=None
[2024-08-09T03:41:44.770+0000] {processor.py:183} INFO - Processing /home/airflow/.local/lib/python3.12/site-packages/airflow/example_dags/example_external_task_marker_dag.py took 0.102 seconds
[2024-08-09T03:42:15.214+0000] {processor.py:161} INFO - Started process (PID=368) to work on /home/airflow/.local/lib/python3.12/site-packages/airflow/example_dags/example_external_task_marker_dag.py
[2024-08-09T03:42:15.226+0000] {processor.py:830} INFO - Processing file /home/airflow/.local/lib/python3.12/site-packages/airflow/example_dags/example_external_task_marker_dag.py for tasks to queue
[2024-08-09T03:42:15.228+0000] {logging_mixin.py:188} INFO - [2024-08-09T03:42:15.227+0000] {dagbag.py:545} INFO - Filling up the DagBag from /home/airflow/.local/lib/python3.12/site-packages/airflow/example_dags/example_external_task_marker_dag.py
[2024-08-09T03:42:15.270+0000] {processor.py:840} INFO - DAG(s) 'example_external_task_marker_parent', 'example_external_task_marker_child' retrieved from /home/airflow/.local/lib/python3.12/site-packages/airflow/example_dags/example_external_task_marker_dag.py
[2024-08-09T03:42:15.303+0000] {logging_mixin.py:188} INFO - [2024-08-09T03:42:15.303+0000] {dag.py:3089} INFO - Sync 2 DAGs
[2024-08-09T03:42:15.321+0000] {logging_mixin.py:188} INFO - [2024-08-09T03:42:15.320+0000] {dag.py:3947} INFO - Setting next_dagrun for example_external_task_marker_child to None, run_after=None
[2024-08-09T03:42:15.326+0000] {logging_mixin.py:188} INFO - [2024-08-09T03:42:15.326+0000] {dag.py:3947} INFO - Setting next_dagrun for example_external_task_marker_parent to None, run_after=None
[2024-08-09T03:42:15.361+0000] {processor.py:183} INFO - Processing /home/airflow/.local/lib/python3.12/site-packages/airflow/example_dags/example_external_task_marker_dag.py took 0.159 seconds
[2024-08-09T03:42:45.444+0000] {processor.py:161} INFO - Started process (PID=426) to work on /home/airflow/.local/lib/python3.12/site-packages/airflow/example_dags/example_external_task_marker_dag.py
[2024-08-09T03:42:45.445+0000] {processor.py:830} INFO - Processing file /home/airflow/.local/lib/python3.12/site-packages/airflow/example_dags/example_external_task_marker_dag.py for tasks to queue
[2024-08-09T03:42:45.447+0000] {logging_mixin.py:188} INFO - [2024-08-09T03:42:45.446+0000] {dagbag.py:545} INFO - Filling up the DagBag from /home/airflow/.local/lib/python3.12/site-packages/airflow/example_dags/example_external_task_marker_dag.py
[2024-08-09T03:42:45.456+0000] {processor.py:840} INFO - DAG(s) 'example_external_task_marker_child', 'example_external_task_marker_parent' retrieved from /home/airflow/.local/lib/python3.12/site-packages/airflow/example_dags/example_external_task_marker_dag.py
[2024-08-09T03:42:45.489+0000] {logging_mixin.py:188} INFO - [2024-08-09T03:42:45.488+0000] {dag.py:3089} INFO - Sync 2 DAGs
[2024-08-09T03:42:45.506+0000] {logging_mixin.py:188} INFO - [2024-08-09T03:42:45.506+0000] {dag.py:3947} INFO - Setting next_dagrun for example_external_task_marker_child to None, run_after=None
[2024-08-09T03:42:45.511+0000] {logging_mixin.py:188} INFO - [2024-08-09T03:42:45.511+0000] {dag.py:3947} INFO - Setting next_dagrun for example_external_task_marker_parent to None, run_after=None
[2024-08-09T03:42:45.541+0000] {processor.py:183} INFO - Processing /home/airflow/.local/lib/python3.12/site-packages/airflow/example_dags/example_external_task_marker_dag.py took 0.105 seconds
[2024-08-09T03:43:15.647+0000] {processor.py:161} INFO - Started process (PID=486) to work on /home/airflow/.local/lib/python3.12/site-packages/airflow/example_dags/example_external_task_marker_dag.py
[2024-08-09T03:43:15.648+0000] {processor.py:830} INFO - Processing file /home/airflow/.local/lib/python3.12/site-packages/airflow/example_dags/example_external_task_marker_dag.py for tasks to queue
[2024-08-09T03:43:15.650+0000] {logging_mixin.py:188} INFO - [2024-08-09T03:43:15.650+0000] {dagbag.py:545} INFO - Filling up the DagBag from /home/airflow/.local/lib/python3.12/site-packages/airflow/example_dags/example_external_task_marker_dag.py
[2024-08-09T03:43:15.657+0000] {processor.py:840} INFO - DAG(s) 'example_external_task_marker_child', 'example_external_task_marker_parent' retrieved from /home/airflow/.local/lib/python3.12/site-packages/airflow/example_dags/example_external_task_marker_dag.py
[2024-08-09T03:43:15.682+0000] {logging_mixin.py:188} INFO - [2024-08-09T03:43:15.682+0000] {dag.py:3089} INFO - Sync 2 DAGs
[2024-08-09T03:43:15.699+0000] {logging_mixin.py:188} INFO - [2024-08-09T03:43:15.698+0000] {dag.py:3947} INFO - Setting next_dagrun for example_external_task_marker_child to None, run_after=None
[2024-08-09T03:43:15.705+0000] {logging_mixin.py:188} INFO - [2024-08-09T03:43:15.705+0000] {dag.py:3947} INFO - Setting next_dagrun for example_external_task_marker_parent to None, run_after=None
[2024-08-09T03:43:15.725+0000] {processor.py:183} INFO - Processing /home/airflow/.local/lib/python3.12/site-packages/airflow/example_dags/example_external_task_marker_dag.py took 0.086 seconds
[2024-08-09T03:43:51.889+0000] {processor.py:161} INFO - Started process (PID=535) to work on /home/airflow/.local/lib/python3.12/site-packages/airflow/example_dags/example_external_task_marker_dag.py
[2024-08-09T03:43:51.890+0000] {processor.py:830} INFO - Processing file /home/airflow/.local/lib/python3.12/site-packages/airflow/example_dags/example_external_task_marker_dag.py for tasks to queue
[2024-08-09T03:43:51.891+0000] {logging_mixin.py:188} INFO - [2024-08-09T03:43:51.891+0000] {dagbag.py:545} INFO - Filling up the DagBag from /home/airflow/.local/lib/python3.12/site-packages/airflow/example_dags/example_external_task_marker_dag.py
[2024-08-09T03:43:51.897+0000] {processor.py:840} INFO - DAG(s) 'example_external_task_marker_parent', 'example_external_task_marker_child' retrieved from /home/airflow/.local/lib/python3.12/site-packages/airflow/example_dags/example_external_task_marker_dag.py
[2024-08-09T03:43:51.920+0000] {logging_mixin.py:188} INFO - [2024-08-09T03:43:51.920+0000] {dag.py:3089} INFO - Sync 2 DAGs
[2024-08-09T03:43:51.933+0000] {logging_mixin.py:188} INFO - [2024-08-09T03:43:51.933+0000] {dag.py:3947} INFO - Setting next_dagrun for example_external_task_marker_child to None, run_after=None
[2024-08-09T03:43:51.938+0000] {logging_mixin.py:188} INFO - [2024-08-09T03:43:51.938+0000] {dag.py:3947} INFO - Setting next_dagrun for example_external_task_marker_parent to None, run_after=None
[2024-08-09T03:43:52.800+0000] {processor.py:183} INFO - Processing /home/airflow/.local/lib/python3.12/site-packages/airflow/example_dags/example_external_task_marker_dag.py took 0.917 seconds
[2024-08-09T03:44:23.322+0000] {processor.py:161} INFO - Started process (PID=595) to work on /home/airflow/.local/lib/python3.12/site-packages/airflow/example_dags/example_external_task_marker_dag.py
[2024-08-09T03:44:23.331+0000] {processor.py:830} INFO - Processing file /home/airflow/.local/lib/python3.12/site-packages/airflow/example_dags/example_external_task_marker_dag.py for tasks to queue
[2024-08-09T03:44:23.332+0000] {logging_mixin.py:188} INFO - [2024-08-09T03:44:23.331+0000] {dagbag.py:545} INFO - Filling up the DagBag from /home/airflow/.local/lib/python3.12/site-packages/airflow/example_dags/example_external_task_marker_dag.py
[2024-08-09T03:44:23.337+0000] {processor.py:840} INFO - DAG(s) 'example_external_task_marker_child', 'example_external_task_marker_parent' retrieved from /home/airflow/.local/lib/python3.12/site-packages/airflow/example_dags/example_external_task_marker_dag.py
[2024-08-09T03:44:23.448+0000] {logging_mixin.py:188} INFO - [2024-08-09T03:44:23.448+0000] {dag.py:3089} INFO - Sync 2 DAGs
[2024-08-09T03:44:23.512+0000] {logging_mixin.py:188} INFO - [2024-08-09T03:44:23.512+0000] {dag.py:3947} INFO - Setting next_dagrun for example_external_task_marker_child to None, run_after=None
[2024-08-09T03:44:23.531+0000] {logging_mixin.py:188} INFO - [2024-08-09T03:44:23.531+0000] {dag.py:3947} INFO - Setting next_dagrun for example_external_task_marker_parent to None, run_after=None
[2024-08-09T03:44:23.632+0000] {processor.py:183} INFO - Processing /home/airflow/.local/lib/python3.12/site-packages/airflow/example_dags/example_external_task_marker_dag.py took 0.324 seconds
[2024-08-09T03:44:54.293+0000] {processor.py:161} INFO - Started process (PID=655) to work on /home/airflow/.local/lib/python3.12/site-packages/airflow/example_dags/example_external_task_marker_dag.py
[2024-08-09T03:44:54.295+0000] {processor.py:830} INFO - Processing file /home/airflow/.local/lib/python3.12/site-packages/airflow/example_dags/example_external_task_marker_dag.py for tasks to queue
[2024-08-09T03:44:54.296+0000] {logging_mixin.py:188} INFO - [2024-08-09T03:44:54.295+0000] {dagbag.py:545} INFO - Filling up the DagBag from /home/airflow/.local/lib/python3.12/site-packages/airflow/example_dags/example_external_task_marker_dag.py
[2024-08-09T03:44:54.304+0000] {processor.py:840} INFO - DAG(s) 'example_external_task_marker_child', 'example_external_task_marker_parent' retrieved from /home/airflow/.local/lib/python3.12/site-packages/airflow/example_dags/example_external_task_marker_dag.py
[2024-08-09T03:44:54.329+0000] {logging_mixin.py:188} INFO - [2024-08-09T03:44:54.329+0000] {dag.py:3089} INFO - Sync 2 DAGs
[2024-08-09T03:44:54.350+0000] {logging_mixin.py:188} INFO - [2024-08-09T03:44:54.349+0000] {dag.py:3947} INFO - Setting next_dagrun for example_external_task_marker_child to None, run_after=None
[2024-08-09T03:44:54.354+0000] {logging_mixin.py:188} INFO - [2024-08-09T03:44:54.354+0000] {dag.py:3947} INFO - Setting next_dagrun for example_external_task_marker_parent to None, run_after=None
[2024-08-09T03:44:54.374+0000] {processor.py:183} INFO - Processing /home/airflow/.local/lib/python3.12/site-packages/airflow/example_dags/example_external_task_marker_dag.py took 0.087 seconds
[2024-08-09T03:45:24.820+0000] {processor.py:161} INFO - Started process (PID=714) to work on /home/airflow/.local/lib/python3.12/site-packages/airflow/example_dags/example_external_task_marker_dag.py
[2024-08-09T03:45:24.830+0000] {processor.py:830} INFO - Processing file /home/airflow/.local/lib/python3.12/site-packages/airflow/example_dags/example_external_task_marker_dag.py for tasks to queue
[2024-08-09T03:45:24.831+0000] {logging_mixin.py:188} INFO - [2024-08-09T03:45:24.831+0000] {dagbag.py:545} INFO - Filling up the DagBag from /home/airflow/.local/lib/python3.12/site-packages/airflow/example_dags/example_external_task_marker_dag.py
[2024-08-09T03:45:24.836+0000] {processor.py:840} INFO - DAG(s) 'example_external_task_marker_parent', 'example_external_task_marker_child' retrieved from /home/airflow/.local/lib/python3.12/site-packages/airflow/example_dags/example_external_task_marker_dag.py
[2024-08-09T03:45:24.881+0000] {logging_mixin.py:188} INFO - [2024-08-09T03:45:24.880+0000] {dag.py:3089} INFO - Sync 2 DAGs
[2024-08-09T03:45:24.897+0000] {logging_mixin.py:188} INFO - [2024-08-09T03:45:24.897+0000] {dag.py:3947} INFO - Setting next_dagrun for example_external_task_marker_child to None, run_after=None
[2024-08-09T03:45:24.903+0000] {logging_mixin.py:188} INFO - [2024-08-09T03:45:24.902+0000] {dag.py:3947} INFO - Setting next_dagrun for example_external_task_marker_parent to None, run_after=None
[2024-08-09T03:45:24.931+0000] {processor.py:183} INFO - Processing /home/airflow/.local/lib/python3.12/site-packages/airflow/example_dags/example_external_task_marker_dag.py took 0.123 seconds
[2024-08-09T03:45:55.742+0000] {processor.py:161} INFO - Started process (PID=774) to work on /home/airflow/.local/lib/python3.12/site-packages/airflow/example_dags/example_external_task_marker_dag.py
[2024-08-09T03:45:55.744+0000] {processor.py:830} INFO - Processing file /home/airflow/.local/lib/python3.12/site-packages/airflow/example_dags/example_external_task_marker_dag.py for tasks to queue
[2024-08-09T03:45:55.745+0000] {logging_mixin.py:188} INFO - [2024-08-09T03:45:55.744+0000] {dagbag.py:545} INFO - Filling up the DagBag from /home/airflow/.local/lib/python3.12/site-packages/airflow/example_dags/example_external_task_marker_dag.py
[2024-08-09T03:45:55.752+0000] {processor.py:840} INFO - DAG(s) 'example_external_task_marker_child', 'example_external_task_marker_parent' retrieved from /home/airflow/.local/lib/python3.12/site-packages/airflow/example_dags/example_external_task_marker_dag.py
[2024-08-09T03:45:55.781+0000] {logging_mixin.py:188} INFO - [2024-08-09T03:45:55.781+0000] {dag.py:3089} INFO - Sync 2 DAGs
[2024-08-09T03:45:55.798+0000] {logging_mixin.py:188} INFO - [2024-08-09T03:45:55.798+0000] {dag.py:3947} INFO - Setting next_dagrun for example_external_task_marker_child to None, run_after=None
[2024-08-09T03:45:55.804+0000] {logging_mixin.py:188} INFO - [2024-08-09T03:45:55.803+0000] {dag.py:3947} INFO - Setting next_dagrun for example_external_task_marker_parent to None, run_after=None
[2024-08-09T03:45:55.827+0000] {processor.py:183} INFO - Processing /home/airflow/.local/lib/python3.12/site-packages/airflow/example_dags/example_external_task_marker_dag.py took 0.092 seconds
[2024-08-09T03:46:25.892+0000] {processor.py:161} INFO - Started process (PID=833) to work on /home/airflow/.local/lib/python3.12/site-packages/airflow/example_dags/example_external_task_marker_dag.py
[2024-08-09T03:46:25.894+0000] {processor.py:830} INFO - Processing file /home/airflow/.local/lib/python3.12/site-packages/airflow/example_dags/example_external_task_marker_dag.py for tasks to queue
[2024-08-09T03:46:25.896+0000] {logging_mixin.py:188} INFO - [2024-08-09T03:46:25.896+0000] {dagbag.py:545} INFO - Filling up the DagBag from /home/airflow/.local/lib/python3.12/site-packages/airflow/example_dags/example_external_task_marker_dag.py
[2024-08-09T03:46:25.903+0000] {processor.py:840} INFO - DAG(s) 'example_external_task_marker_child', 'example_external_task_marker_parent' retrieved from /home/airflow/.local/lib/python3.12/site-packages/airflow/example_dags/example_external_task_marker_dag.py
[2024-08-09T03:46:25.931+0000] {logging_mixin.py:188} INFO - [2024-08-09T03:46:25.931+0000] {dag.py:3089} INFO - Sync 2 DAGs
[2024-08-09T03:46:25.946+0000] {logging_mixin.py:188} INFO - [2024-08-09T03:46:25.945+0000] {dag.py:3947} INFO - Setting next_dagrun for example_external_task_marker_child to None, run_after=None
[2024-08-09T03:46:25.951+0000] {logging_mixin.py:188} INFO - [2024-08-09T03:46:25.950+0000] {dag.py:3947} INFO - Setting next_dagrun for example_external_task_marker_parent to None, run_after=None
[2024-08-09T03:46:25.976+0000] {processor.py:183} INFO - Processing /home/airflow/.local/lib/python3.12/site-packages/airflow/example_dags/example_external_task_marker_dag.py took 0.092 seconds
[2024-08-09T03:46:56.192+0000] {processor.py:161} INFO - Started process (PID=892) to work on /home/airflow/.local/lib/python3.12/site-packages/airflow/example_dags/example_external_task_marker_dag.py
[2024-08-09T03:46:56.193+0000] {processor.py:830} INFO - Processing file /home/airflow/.local/lib/python3.12/site-packages/airflow/example_dags/example_external_task_marker_dag.py for tasks to queue
[2024-08-09T03:46:56.194+0000] {logging_mixin.py:188} INFO - [2024-08-09T03:46:56.194+0000] {dagbag.py:545} INFO - Filling up the DagBag from /home/airflow/.local/lib/python3.12/site-packages/airflow/example_dags/example_external_task_marker_dag.py
[2024-08-09T03:46:56.201+0000] {processor.py:840} INFO - DAG(s) 'example_external_task_marker_child', 'example_external_task_marker_parent' retrieved from /home/airflow/.local/lib/python3.12/site-packages/airflow/example_dags/example_external_task_marker_dag.py
[2024-08-09T03:46:56.227+0000] {logging_mixin.py:188} INFO - [2024-08-09T03:46:56.226+0000] {dag.py:3089} INFO - Sync 2 DAGs
[2024-08-09T03:46:56.243+0000] {logging_mixin.py:188} INFO - [2024-08-09T03:46:56.242+0000] {dag.py:3947} INFO - Setting next_dagrun for example_external_task_marker_child to None, run_after=None
[2024-08-09T03:46:56.248+0000] {logging_mixin.py:188} INFO - [2024-08-09T03:46:56.248+0000] {dag.py:3947} INFO - Setting next_dagrun for example_external_task_marker_parent to None, run_after=None
[2024-08-09T03:46:56.273+0000] {processor.py:183} INFO - Processing /home/airflow/.local/lib/python3.12/site-packages/airflow/example_dags/example_external_task_marker_dag.py took 0.088 seconds
[2024-08-09T03:47:26.430+0000] {processor.py:161} INFO - Started process (PID=952) to work on /home/airflow/.local/lib/python3.12/site-packages/airflow/example_dags/example_external_task_marker_dag.py
[2024-08-09T03:47:26.432+0000] {processor.py:830} INFO - Processing file /home/airflow/.local/lib/python3.12/site-packages/airflow/example_dags/example_external_task_marker_dag.py for tasks to queue
[2024-08-09T03:47:26.433+0000] {logging_mixin.py:188} INFO - [2024-08-09T03:47:26.433+0000] {dagbag.py:545} INFO - Filling up the DagBag from /home/airflow/.local/lib/python3.12/site-packages/airflow/example_dags/example_external_task_marker_dag.py
[2024-08-09T03:47:26.440+0000] {processor.py:840} INFO - DAG(s) 'example_external_task_marker_parent', 'example_external_task_marker_child' retrieved from /home/airflow/.local/lib/python3.12/site-packages/airflow/example_dags/example_external_task_marker_dag.py
[2024-08-09T03:47:26.465+0000] {logging_mixin.py:188} INFO - [2024-08-09T03:47:26.464+0000] {dag.py:3089} INFO - Sync 2 DAGs
[2024-08-09T03:47:26.480+0000] {logging_mixin.py:188} INFO - [2024-08-09T03:47:26.480+0000] {dag.py:3947} INFO - Setting next_dagrun for example_external_task_marker_child to None, run_after=None
[2024-08-09T03:47:26.485+0000] {logging_mixin.py:188} INFO - [2024-08-09T03:47:26.484+0000] {dag.py:3947} INFO - Setting next_dagrun for example_external_task_marker_parent to None, run_after=None
[2024-08-09T03:47:26.523+0000] {processor.py:183} INFO - Processing /home/airflow/.local/lib/python3.12/site-packages/airflow/example_dags/example_external_task_marker_dag.py took 0.103 seconds
[2024-08-09T03:47:57.117+0000] {processor.py:161} INFO - Started process (PID=1012) to work on /home/airflow/.local/lib/python3.12/site-packages/airflow/example_dags/example_external_task_marker_dag.py
[2024-08-09T03:47:57.118+0000] {processor.py:830} INFO - Processing file /home/airflow/.local/lib/python3.12/site-packages/airflow/example_dags/example_external_task_marker_dag.py for tasks to queue
[2024-08-09T03:47:57.119+0000] {logging_mixin.py:188} INFO - [2024-08-09T03:47:57.119+0000] {dagbag.py:545} INFO - Filling up the DagBag from /home/airflow/.local/lib/python3.12/site-packages/airflow/example_dags/example_external_task_marker_dag.py
[2024-08-09T03:47:57.126+0000] {processor.py:840} INFO - DAG(s) 'example_external_task_marker_child', 'example_external_task_marker_parent' retrieved from /home/airflow/.local/lib/python3.12/site-packages/airflow/example_dags/example_external_task_marker_dag.py
[2024-08-09T03:47:57.152+0000] {logging_mixin.py:188} INFO - [2024-08-09T03:47:57.152+0000] {dag.py:3089} INFO - Sync 2 DAGs
[2024-08-09T03:47:57.168+0000] {logging_mixin.py:188} INFO - [2024-08-09T03:47:57.168+0000] {dag.py:3947} INFO - Setting next_dagrun for example_external_task_marker_child to None, run_after=None
[2024-08-09T03:47:57.173+0000] {logging_mixin.py:188} INFO - [2024-08-09T03:47:57.172+0000] {dag.py:3947} INFO - Setting next_dagrun for example_external_task_marker_parent to None, run_after=None
[2024-08-09T03:47:57.196+0000] {processor.py:183} INFO - Processing /home/airflow/.local/lib/python3.12/site-packages/airflow/example_dags/example_external_task_marker_dag.py took 0.085 seconds
[2024-08-09T03:48:30.543+0000] {processor.py:161} INFO - Started process (PID=1061) to work on /home/airflow/.local/lib/python3.12/site-packages/airflow/example_dags/example_external_task_marker_dag.py
[2024-08-09T03:48:30.547+0000] {processor.py:830} INFO - Processing file /home/airflow/.local/lib/python3.12/site-packages/airflow/example_dags/example_external_task_marker_dag.py for tasks to queue
[2024-08-09T03:48:30.555+0000] {logging_mixin.py:188} INFO - [2024-08-09T03:48:30.554+0000] {dagbag.py:545} INFO - Filling up the DagBag from /home/airflow/.local/lib/python3.12/site-packages/airflow/example_dags/example_external_task_marker_dag.py
[2024-08-09T03:48:30.567+0000] {processor.py:840} INFO - DAG(s) 'example_external_task_marker_parent', 'example_external_task_marker_child' retrieved from /home/airflow/.local/lib/python3.12/site-packages/airflow/example_dags/example_external_task_marker_dag.py
[2024-08-09T03:48:30.608+0000] {logging_mixin.py:188} INFO - [2024-08-09T03:48:30.608+0000] {dag.py:3089} INFO - Sync 2 DAGs
[2024-08-09T03:48:30.643+0000] {logging_mixin.py:188} INFO - [2024-08-09T03:48:30.637+0000] {dag.py:3947} INFO - Setting next_dagrun for example_external_task_marker_child to None, run_after=None
[2024-08-09T03:48:30.654+0000] {logging_mixin.py:188} INFO - [2024-08-09T03:48:30.654+0000] {dag.py:3947} INFO - Setting next_dagrun for example_external_task_marker_parent to None, run_after=None
[2024-08-09T03:48:30.703+0000] {processor.py:183} INFO - Processing /home/airflow/.local/lib/python3.12/site-packages/airflow/example_dags/example_external_task_marker_dag.py took 0.166 seconds
[2024-08-09T03:49:06.341+0000] {processor.py:161} INFO - Started process (PID=1118) to work on /home/airflow/.local/lib/python3.12/site-packages/airflow/example_dags/example_external_task_marker_dag.py
[2024-08-09T03:49:06.342+0000] {processor.py:830} INFO - Processing file /home/airflow/.local/lib/python3.12/site-packages/airflow/example_dags/example_external_task_marker_dag.py for tasks to queue
[2024-08-09T03:49:06.344+0000] {logging_mixin.py:188} INFO - [2024-08-09T03:49:06.344+0000] {dagbag.py:545} INFO - Filling up the DagBag from /home/airflow/.local/lib/python3.12/site-packages/airflow/example_dags/example_external_task_marker_dag.py
[2024-08-09T03:49:06.388+0000] {processor.py:840} INFO - DAG(s) 'example_external_task_marker_parent', 'example_external_task_marker_child' retrieved from /home/airflow/.local/lib/python3.12/site-packages/airflow/example_dags/example_external_task_marker_dag.py
[2024-08-09T03:49:06.463+0000] {logging_mixin.py:188} INFO - [2024-08-09T03:49:06.462+0000] {dag.py:3089} INFO - Sync 2 DAGs
[2024-08-09T03:49:06.504+0000] {logging_mixin.py:188} INFO - [2024-08-09T03:49:06.504+0000] {dag.py:3947} INFO - Setting next_dagrun for example_external_task_marker_child to None, run_after=None
[2024-08-09T03:49:06.513+0000] {logging_mixin.py:188} INFO - [2024-08-09T03:49:06.513+0000] {dag.py:3947} INFO - Setting next_dagrun for example_external_task_marker_parent to None, run_after=None
[2024-08-09T03:49:06.612+0000] {processor.py:183} INFO - Processing /home/airflow/.local/lib/python3.12/site-packages/airflow/example_dags/example_external_task_marker_dag.py took 0.280 seconds
[2024-08-09T03:49:40.059+0000] {processor.py:161} INFO - Started process (PID=1174) to work on /home/airflow/.local/lib/python3.12/site-packages/airflow/example_dags/example_external_task_marker_dag.py
[2024-08-09T03:49:40.060+0000] {processor.py:830} INFO - Processing file /home/airflow/.local/lib/python3.12/site-packages/airflow/example_dags/example_external_task_marker_dag.py for tasks to queue
[2024-08-09T03:49:40.061+0000] {logging_mixin.py:188} INFO - [2024-08-09T03:49:40.061+0000] {dagbag.py:545} INFO - Filling up the DagBag from /home/airflow/.local/lib/python3.12/site-packages/airflow/example_dags/example_external_task_marker_dag.py
[2024-08-09T03:49:40.073+0000] {processor.py:840} INFO - DAG(s) 'example_external_task_marker_child', 'example_external_task_marker_parent' retrieved from /home/airflow/.local/lib/python3.12/site-packages/airflow/example_dags/example_external_task_marker_dag.py
[2024-08-09T03:49:40.100+0000] {logging_mixin.py:188} INFO - [2024-08-09T03:49:40.100+0000] {dag.py:3089} INFO - Sync 2 DAGs
[2024-08-09T03:49:40.119+0000] {logging_mixin.py:188} INFO - [2024-08-09T03:49:40.119+0000] {dag.py:3947} INFO - Setting next_dagrun for example_external_task_marker_child to None, run_after=None
[2024-08-09T03:49:40.124+0000] {logging_mixin.py:188} INFO - [2024-08-09T03:49:40.124+0000] {dag.py:3947} INFO - Setting next_dagrun for example_external_task_marker_parent to None, run_after=None
[2024-08-09T03:49:40.351+0000] {processor.py:183} INFO - Processing /home/airflow/.local/lib/python3.12/site-packages/airflow/example_dags/example_external_task_marker_dag.py took 0.300 seconds
[2024-08-09T03:50:19.340+0000] {processor.py:161} INFO - Started process (PID=1231) to work on /home/airflow/.local/lib/python3.12/site-packages/airflow/example_dags/example_external_task_marker_dag.py
[2024-08-09T03:50:19.342+0000] {processor.py:830} INFO - Processing file /home/airflow/.local/lib/python3.12/site-packages/airflow/example_dags/example_external_task_marker_dag.py for tasks to queue
[2024-08-09T03:50:19.346+0000] {logging_mixin.py:188} INFO - [2024-08-09T03:50:19.346+0000] {dagbag.py:545} INFO - Filling up the DagBag from /home/airflow/.local/lib/python3.12/site-packages/airflow/example_dags/example_external_task_marker_dag.py
[2024-08-09T03:50:19.355+0000] {processor.py:840} INFO - DAG(s) 'example_external_task_marker_child', 'example_external_task_marker_parent' retrieved from /home/airflow/.local/lib/python3.12/site-packages/airflow/example_dags/example_external_task_marker_dag.py
[2024-08-09T03:50:19.410+0000] {logging_mixin.py:188} INFO - [2024-08-09T03:50:19.409+0000] {dag.py:3089} INFO - Sync 2 DAGs
[2024-08-09T03:50:19.426+0000] {logging_mixin.py:188} INFO - [2024-08-09T03:50:19.426+0000] {dag.py:3947} INFO - Setting next_dagrun for example_external_task_marker_child to None, run_after=None
[2024-08-09T03:50:19.431+0000] {logging_mixin.py:188} INFO - [2024-08-09T03:50:19.431+0000] {dag.py:3947} INFO - Setting next_dagrun for example_external_task_marker_parent to None, run_after=None
[2024-08-09T03:50:19.537+0000] {processor.py:183} INFO - Processing /home/airflow/.local/lib/python3.12/site-packages/airflow/example_dags/example_external_task_marker_dag.py took 0.205 seconds
[2024-08-09T03:50:54.348+0000] {processor.py:161} INFO - Started process (PID=1289) to work on /home/airflow/.local/lib/python3.12/site-packages/airflow/example_dags/example_external_task_marker_dag.py
[2024-08-09T03:50:54.352+0000] {processor.py:830} INFO - Processing file /home/airflow/.local/lib/python3.12/site-packages/airflow/example_dags/example_external_task_marker_dag.py for tasks to queue
[2024-08-09T03:50:54.353+0000] {logging_mixin.py:188} INFO - [2024-08-09T03:50:54.353+0000] {dagbag.py:545} INFO - Filling up the DagBag from /home/airflow/.local/lib/python3.12/site-packages/airflow/example_dags/example_external_task_marker_dag.py
[2024-08-09T03:50:54.362+0000] {processor.py:840} INFO - DAG(s) 'example_external_task_marker_parent', 'example_external_task_marker_child' retrieved from /home/airflow/.local/lib/python3.12/site-packages/airflow/example_dags/example_external_task_marker_dag.py
[2024-08-09T03:50:54.407+0000] {logging_mixin.py:188} INFO - [2024-08-09T03:50:54.407+0000] {dag.py:3089} INFO - Sync 2 DAGs
[2024-08-09T03:50:54.430+0000] {logging_mixin.py:188} INFO - [2024-08-09T03:50:54.430+0000] {dag.py:3947} INFO - Setting next_dagrun for example_external_task_marker_child to None, run_after=None
[2024-08-09T03:50:54.438+0000] {logging_mixin.py:188} INFO - [2024-08-09T03:50:54.438+0000] {dag.py:3947} INFO - Setting next_dagrun for example_external_task_marker_parent to None, run_after=None
[2024-08-09T03:50:54.462+0000] {processor.py:183} INFO - Processing /home/airflow/.local/lib/python3.12/site-packages/airflow/example_dags/example_external_task_marker_dag.py took 0.127 seconds
[2024-08-09T03:51:30.893+0000] {processor.py:161} INFO - Started process (PID=1320) to work on /home/airflow/.local/lib/python3.12/site-packages/airflow/example_dags/example_external_task_marker_dag.py
[2024-08-09T03:51:30.895+0000] {processor.py:830} INFO - Processing file /home/airflow/.local/lib/python3.12/site-packages/airflow/example_dags/example_external_task_marker_dag.py for tasks to queue
[2024-08-09T03:51:30.898+0000] {logging_mixin.py:188} INFO - [2024-08-09T03:51:30.896+0000] {dagbag.py:545} INFO - Filling up the DagBag from /home/airflow/.local/lib/python3.12/site-packages/airflow/example_dags/example_external_task_marker_dag.py
[2024-08-09T03:51:30.909+0000] {processor.py:840} INFO - DAG(s) 'example_external_task_marker_child', 'example_external_task_marker_parent' retrieved from /home/airflow/.local/lib/python3.12/site-packages/airflow/example_dags/example_external_task_marker_dag.py
[2024-08-09T03:51:30.957+0000] {logging_mixin.py:188} INFO - [2024-08-09T03:51:30.957+0000] {dag.py:3089} INFO - Sync 2 DAGs
[2024-08-09T03:51:30.996+0000] {logging_mixin.py:188} INFO - [2024-08-09T03:51:30.996+0000] {dag.py:3947} INFO - Setting next_dagrun for example_external_task_marker_child to None, run_after=None
[2024-08-09T03:51:31.004+0000] {logging_mixin.py:188} INFO - [2024-08-09T03:51:31.003+0000] {dag.py:3947} INFO - Setting next_dagrun for example_external_task_marker_parent to None, run_after=None
[2024-08-09T03:51:31.094+0000] {processor.py:183} INFO - Processing /home/airflow/.local/lib/python3.12/site-packages/airflow/example_dags/example_external_task_marker_dag.py took 0.216 seconds
[2024-08-09T03:52:03.556+0000] {processor.py:161} INFO - Started process (PID=1376) to work on /home/airflow/.local/lib/python3.12/site-packages/airflow/example_dags/example_external_task_marker_dag.py
[2024-08-09T03:52:03.571+0000] {processor.py:830} INFO - Processing file /home/airflow/.local/lib/python3.12/site-packages/airflow/example_dags/example_external_task_marker_dag.py for tasks to queue
[2024-08-09T03:52:03.579+0000] {logging_mixin.py:188} INFO - [2024-08-09T03:52:03.579+0000] {dagbag.py:545} INFO - Filling up the DagBag from /home/airflow/.local/lib/python3.12/site-packages/airflow/example_dags/example_external_task_marker_dag.py
[2024-08-09T03:52:03.604+0000] {processor.py:840} INFO - DAG(s) 'example_external_task_marker_parent', 'example_external_task_marker_child' retrieved from /home/airflow/.local/lib/python3.12/site-packages/airflow/example_dags/example_external_task_marker_dag.py
[2024-08-09T03:52:03.718+0000] {logging_mixin.py:188} INFO - [2024-08-09T03:52:03.718+0000] {dag.py:3089} INFO - Sync 2 DAGs
[2024-08-09T03:52:03.782+0000] {logging_mixin.py:188} INFO - [2024-08-09T03:52:03.782+0000] {dag.py:3947} INFO - Setting next_dagrun for example_external_task_marker_child to None, run_after=None
[2024-08-09T03:52:03.808+0000] {logging_mixin.py:188} INFO - [2024-08-09T03:52:03.808+0000] {dag.py:3947} INFO - Setting next_dagrun for example_external_task_marker_parent to None, run_after=None
[2024-08-09T03:52:03.903+0000] {processor.py:183} INFO - Processing /home/airflow/.local/lib/python3.12/site-packages/airflow/example_dags/example_external_task_marker_dag.py took 0.371 seconds
[2024-08-09T03:52:46.004+0000] {processor.py:161} INFO - Started process (PID=1441) to work on /home/airflow/.local/lib/python3.12/site-packages/airflow/example_dags/example_external_task_marker_dag.py
[2024-08-09T03:52:46.010+0000] {processor.py:830} INFO - Processing file /home/airflow/.local/lib/python3.12/site-packages/airflow/example_dags/example_external_task_marker_dag.py for tasks to queue
[2024-08-09T03:52:46.012+0000] {logging_mixin.py:188} INFO - [2024-08-09T03:52:46.012+0000] {dagbag.py:545} INFO - Filling up the DagBag from /home/airflow/.local/lib/python3.12/site-packages/airflow/example_dags/example_external_task_marker_dag.py
[2024-08-09T03:52:46.020+0000] {processor.py:840} INFO - DAG(s) 'example_external_task_marker_parent', 'example_external_task_marker_child' retrieved from /home/airflow/.local/lib/python3.12/site-packages/airflow/example_dags/example_external_task_marker_dag.py
[2024-08-09T03:52:46.050+0000] {logging_mixin.py:188} INFO - [2024-08-09T03:52:46.050+0000] {dag.py:3089} INFO - Sync 2 DAGs
[2024-08-09T03:52:46.079+0000] {logging_mixin.py:188} INFO - [2024-08-09T03:52:46.079+0000] {dag.py:3947} INFO - Setting next_dagrun for example_external_task_marker_child to None, run_after=None
[2024-08-09T03:52:46.085+0000] {logging_mixin.py:188} INFO - [2024-08-09T03:52:46.085+0000] {dag.py:3947} INFO - Setting next_dagrun for example_external_task_marker_parent to None, run_after=None
[2024-08-09T03:52:46.876+0000] {processor.py:183} INFO - Processing /home/airflow/.local/lib/python3.12/site-packages/airflow/example_dags/example_external_task_marker_dag.py took 0.879 seconds
[2024-08-09T06:02:19.811+0000] {processor.py:161} INFO - Started process (PID=66) to work on /home/airflow/.local/lib/python3.12/site-packages/airflow/example_dags/example_external_task_marker_dag.py
[2024-08-09T06:02:19.814+0000] {processor.py:830} INFO - Processing file /home/airflow/.local/lib/python3.12/site-packages/airflow/example_dags/example_external_task_marker_dag.py for tasks to queue
[2024-08-09T06:02:19.817+0000] {logging_mixin.py:188} INFO - [2024-08-09T06:02:19.817+0000] {dagbag.py:545} INFO - Filling up the DagBag from /home/airflow/.local/lib/python3.12/site-packages/airflow/example_dags/example_external_task_marker_dag.py
[2024-08-09T06:02:19.835+0000] {processor.py:840} INFO - DAG(s) 'example_external_task_marker_parent', 'example_external_task_marker_child' retrieved from /home/airflow/.local/lib/python3.12/site-packages/airflow/example_dags/example_external_task_marker_dag.py
[2024-08-09T06:02:19.912+0000] {logging_mixin.py:188} INFO - [2024-08-09T06:02:19.911+0000] {dag.py:3089} INFO - Sync 2 DAGs
[2024-08-09T06:02:19.943+0000] {logging_mixin.py:188} INFO - [2024-08-09T06:02:19.943+0000] {dag.py:3947} INFO - Setting next_dagrun for example_external_task_marker_child to None, run_after=None
[2024-08-09T06:02:19.957+0000] {logging_mixin.py:188} INFO - [2024-08-09T06:02:19.956+0000] {dag.py:3947} INFO - Setting next_dagrun for example_external_task_marker_parent to None, run_after=None
[2024-08-09T06:02:20.025+0000] {processor.py:183} INFO - Processing /home/airflow/.local/lib/python3.12/site-packages/airflow/example_dags/example_external_task_marker_dag.py took 0.244 seconds
