[2024-08-09T02:39:19.222+0000] {processor.py:161} INFO - Started process (PID=118) to work on /home/airflow/.local/lib/python3.12/site-packages/airflow/example_dags/example_bash_decorator.py
[2024-08-09T02:39:19.323+0000] {processor.py:830} INFO - Processing file /home/airflow/.local/lib/python3.12/site-packages/airflow/example_dags/example_bash_decorator.py for tasks to queue
[2024-08-09T02:39:19.329+0000] {logging_mixin.py:188} INFO - [2024-08-09T02:39:19.328+0000] {dagbag.py:545} INFO - Filling up the DagBag from /home/airflow/.local/lib/python3.12/site-packages/airflow/example_dags/example_bash_decorator.py
[2024-08-09T02:39:20.708+0000] {processor.py:840} INFO - DAG(s) 'example_bash_decorator' retrieved from /home/airflow/.local/lib/python3.12/site-packages/airflow/example_dags/example_bash_decorator.py
[2024-08-09T02:39:21.756+0000] {logging_mixin.py:188} INFO - [2024-08-09T02:39:21.755+0000] {dag.py:3089} INFO - Sync 1 DAGs
[2024-08-09T02:39:22.292+0000] {logging_mixin.py:188} INFO - [2024-08-09T02:39:22.292+0000] {dag.py:3947} INFO - Setting next_dagrun for example_bash_decorator to None, run_after=None
[2024-08-09T02:39:22.604+0000] {processor.py:183} INFO - Processing /home/airflow/.local/lib/python3.12/site-packages/airflow/example_dags/example_bash_decorator.py took 3.565 seconds
[2024-08-09T02:39:53.460+0000] {processor.py:161} INFO - Started process (PID=177) to work on /home/airflow/.local/lib/python3.12/site-packages/airflow/example_dags/example_bash_decorator.py
[2024-08-09T02:39:53.461+0000] {processor.py:830} INFO - Processing file /home/airflow/.local/lib/python3.12/site-packages/airflow/example_dags/example_bash_decorator.py for tasks to queue
[2024-08-09T02:39:53.463+0000] {logging_mixin.py:188} INFO - [2024-08-09T02:39:53.463+0000] {dagbag.py:545} INFO - Filling up the DagBag from /home/airflow/.local/lib/python3.12/site-packages/airflow/example_dags/example_bash_decorator.py
[2024-08-09T02:39:53.477+0000] {processor.py:840} INFO - DAG(s) 'example_bash_decorator' retrieved from /home/airflow/.local/lib/python3.12/site-packages/airflow/example_dags/example_bash_decorator.py
[2024-08-09T02:39:53.513+0000] {logging_mixin.py:188} INFO - [2024-08-09T02:39:53.513+0000] {dag.py:3089} INFO - Sync 1 DAGs
[2024-08-09T02:39:53.526+0000] {logging_mixin.py:188} INFO - [2024-08-09T02:39:53.526+0000] {dag.py:3947} INFO - Setting next_dagrun for example_bash_decorator to None, run_after=None
[2024-08-09T02:39:53.555+0000] {processor.py:183} INFO - Processing /home/airflow/.local/lib/python3.12/site-packages/airflow/example_dags/example_bash_decorator.py took 0.101 seconds
[2024-08-09T02:40:23.602+0000] {processor.py:161} INFO - Started process (PID=238) to work on /home/airflow/.local/lib/python3.12/site-packages/airflow/example_dags/example_bash_decorator.py
[2024-08-09T02:40:23.603+0000] {processor.py:830} INFO - Processing file /home/airflow/.local/lib/python3.12/site-packages/airflow/example_dags/example_bash_decorator.py for tasks to queue
[2024-08-09T02:40:23.606+0000] {logging_mixin.py:188} INFO - [2024-08-09T02:40:23.605+0000] {dagbag.py:545} INFO - Filling up the DagBag from /home/airflow/.local/lib/python3.12/site-packages/airflow/example_dags/example_bash_decorator.py
[2024-08-09T02:40:23.621+0000] {processor.py:840} INFO - DAG(s) 'example_bash_decorator' retrieved from /home/airflow/.local/lib/python3.12/site-packages/airflow/example_dags/example_bash_decorator.py
[2024-08-09T02:40:23.650+0000] {logging_mixin.py:188} INFO - [2024-08-09T02:40:23.649+0000] {dag.py:3089} INFO - Sync 1 DAGs
[2024-08-09T02:40:23.667+0000] {logging_mixin.py:188} INFO - [2024-08-09T02:40:23.666+0000] {dag.py:3947} INFO - Setting next_dagrun for example_bash_decorator to None, run_after=None
[2024-08-09T02:40:23.907+0000] {processor.py:183} INFO - Processing /home/airflow/.local/lib/python3.12/site-packages/airflow/example_dags/example_bash_decorator.py took 0.313 seconds
[2024-08-09T02:40:54.379+0000] {processor.py:161} INFO - Started process (PID=297) to work on /home/airflow/.local/lib/python3.12/site-packages/airflow/example_dags/example_bash_decorator.py
[2024-08-09T02:40:54.380+0000] {processor.py:830} INFO - Processing file /home/airflow/.local/lib/python3.12/site-packages/airflow/example_dags/example_bash_decorator.py for tasks to queue
[2024-08-09T02:40:54.382+0000] {logging_mixin.py:188} INFO - [2024-08-09T02:40:54.382+0000] {dagbag.py:545} INFO - Filling up the DagBag from /home/airflow/.local/lib/python3.12/site-packages/airflow/example_dags/example_bash_decorator.py
[2024-08-09T02:40:54.401+0000] {processor.py:840} INFO - DAG(s) 'example_bash_decorator' retrieved from /home/airflow/.local/lib/python3.12/site-packages/airflow/example_dags/example_bash_decorator.py
[2024-08-09T02:40:54.428+0000] {logging_mixin.py:188} INFO - [2024-08-09T02:40:54.428+0000] {dag.py:3089} INFO - Sync 1 DAGs
[2024-08-09T02:40:54.442+0000] {logging_mixin.py:188} INFO - [2024-08-09T02:40:54.442+0000] {dag.py:3947} INFO - Setting next_dagrun for example_bash_decorator to None, run_after=None
[2024-08-09T02:40:54.476+0000] {processor.py:183} INFO - Processing /home/airflow/.local/lib/python3.12/site-packages/airflow/example_dags/example_bash_decorator.py took 0.102 seconds
[2024-08-09T02:41:25.355+0000] {processor.py:161} INFO - Started process (PID=357) to work on /home/airflow/.local/lib/python3.12/site-packages/airflow/example_dags/example_bash_decorator.py
[2024-08-09T02:41:25.357+0000] {processor.py:830} INFO - Processing file /home/airflow/.local/lib/python3.12/site-packages/airflow/example_dags/example_bash_decorator.py for tasks to queue
[2024-08-09T02:41:25.360+0000] {logging_mixin.py:188} INFO - [2024-08-09T02:41:25.360+0000] {dagbag.py:545} INFO - Filling up the DagBag from /home/airflow/.local/lib/python3.12/site-packages/airflow/example_dags/example_bash_decorator.py
[2024-08-09T02:41:25.376+0000] {processor.py:840} INFO - DAG(s) 'example_bash_decorator' retrieved from /home/airflow/.local/lib/python3.12/site-packages/airflow/example_dags/example_bash_decorator.py
[2024-08-09T02:41:25.403+0000] {logging_mixin.py:188} INFO - [2024-08-09T02:41:25.402+0000] {dag.py:3089} INFO - Sync 1 DAGs
[2024-08-09T02:41:25.430+0000] {logging_mixin.py:188} INFO - [2024-08-09T02:41:25.430+0000] {dag.py:3947} INFO - Setting next_dagrun for example_bash_decorator to None, run_after=None
[2024-08-09T02:41:25.470+0000] {processor.py:183} INFO - Processing /home/airflow/.local/lib/python3.12/site-packages/airflow/example_dags/example_bash_decorator.py took 0.121 seconds
[2024-08-09T02:41:55.943+0000] {processor.py:161} INFO - Started process (PID=416) to work on /home/airflow/.local/lib/python3.12/site-packages/airflow/example_dags/example_bash_decorator.py
[2024-08-09T02:41:55.944+0000] {processor.py:830} INFO - Processing file /home/airflow/.local/lib/python3.12/site-packages/airflow/example_dags/example_bash_decorator.py for tasks to queue
[2024-08-09T02:41:55.947+0000] {logging_mixin.py:188} INFO - [2024-08-09T02:41:55.946+0000] {dagbag.py:545} INFO - Filling up the DagBag from /home/airflow/.local/lib/python3.12/site-packages/airflow/example_dags/example_bash_decorator.py
[2024-08-09T02:41:55.963+0000] {processor.py:840} INFO - DAG(s) 'example_bash_decorator' retrieved from /home/airflow/.local/lib/python3.12/site-packages/airflow/example_dags/example_bash_decorator.py
[2024-08-09T02:41:55.989+0000] {logging_mixin.py:188} INFO - [2024-08-09T02:41:55.989+0000] {dag.py:3089} INFO - Sync 1 DAGs
[2024-08-09T02:41:56.005+0000] {logging_mixin.py:188} INFO - [2024-08-09T02:41:56.004+0000] {dag.py:3947} INFO - Setting next_dagrun for example_bash_decorator to None, run_after=None
[2024-08-09T02:41:56.038+0000] {processor.py:183} INFO - Processing /home/airflow/.local/lib/python3.12/site-packages/airflow/example_dags/example_bash_decorator.py took 0.101 seconds
[2024-08-09T02:42:43.560+0000] {processor.py:161} INFO - Started process (PID=480) to work on /home/airflow/.local/lib/python3.12/site-packages/airflow/example_dags/example_bash_decorator.py
[2024-08-09T02:42:43.562+0000] {processor.py:830} INFO - Processing file /home/airflow/.local/lib/python3.12/site-packages/airflow/example_dags/example_bash_decorator.py for tasks to queue
[2024-08-09T02:42:43.566+0000] {logging_mixin.py:188} INFO - [2024-08-09T02:42:43.566+0000] {dagbag.py:545} INFO - Filling up the DagBag from /home/airflow/.local/lib/python3.12/site-packages/airflow/example_dags/example_bash_decorator.py
[2024-08-09T02:42:43.588+0000] {processor.py:840} INFO - DAG(s) 'example_bash_decorator' retrieved from /home/airflow/.local/lib/python3.12/site-packages/airflow/example_dags/example_bash_decorator.py
[2024-08-09T02:42:43.620+0000] {logging_mixin.py:188} INFO - [2024-08-09T02:42:43.620+0000] {dag.py:3089} INFO - Sync 1 DAGs
[2024-08-09T02:42:43.641+0000] {logging_mixin.py:188} INFO - [2024-08-09T02:42:43.641+0000] {dag.py:3947} INFO - Setting next_dagrun for example_bash_decorator to None, run_after=None
[2024-08-09T02:42:43.681+0000] {processor.py:183} INFO - Processing /home/airflow/.local/lib/python3.12/site-packages/airflow/example_dags/example_bash_decorator.py took 0.131 seconds
[2024-08-09T02:43:13.921+0000] {processor.py:161} INFO - Started process (PID=540) to work on /home/airflow/.local/lib/python3.12/site-packages/airflow/example_dags/example_bash_decorator.py
[2024-08-09T02:43:13.922+0000] {processor.py:830} INFO - Processing file /home/airflow/.local/lib/python3.12/site-packages/airflow/example_dags/example_bash_decorator.py for tasks to queue
[2024-08-09T02:43:13.923+0000] {logging_mixin.py:188} INFO - [2024-08-09T02:43:13.923+0000] {dagbag.py:545} INFO - Filling up the DagBag from /home/airflow/.local/lib/python3.12/site-packages/airflow/example_dags/example_bash_decorator.py
[2024-08-09T02:43:13.939+0000] {processor.py:840} INFO - DAG(s) 'example_bash_decorator' retrieved from /home/airflow/.local/lib/python3.12/site-packages/airflow/example_dags/example_bash_decorator.py
[2024-08-09T02:43:13.977+0000] {logging_mixin.py:188} INFO - [2024-08-09T02:43:13.976+0000] {dag.py:3089} INFO - Sync 1 DAGs
[2024-08-09T02:43:13.994+0000] {logging_mixin.py:188} INFO - [2024-08-09T02:43:13.994+0000] {dag.py:3947} INFO - Setting next_dagrun for example_bash_decorator to None, run_after=None
[2024-08-09T02:43:14.018+0000] {processor.py:183} INFO - Processing /home/airflow/.local/lib/python3.12/site-packages/airflow/example_dags/example_bash_decorator.py took 0.103 seconds
[2024-08-09T02:43:46.639+0000] {processor.py:161} INFO - Started process (PID=600) to work on /home/airflow/.local/lib/python3.12/site-packages/airflow/example_dags/example_bash_decorator.py
[2024-08-09T02:43:46.640+0000] {processor.py:830} INFO - Processing file /home/airflow/.local/lib/python3.12/site-packages/airflow/example_dags/example_bash_decorator.py for tasks to queue
[2024-08-09T02:43:46.641+0000] {logging_mixin.py:188} INFO - [2024-08-09T02:43:46.641+0000] {dagbag.py:545} INFO - Filling up the DagBag from /home/airflow/.local/lib/python3.12/site-packages/airflow/example_dags/example_bash_decorator.py
[2024-08-09T02:43:46.656+0000] {processor.py:840} INFO - DAG(s) 'example_bash_decorator' retrieved from /home/airflow/.local/lib/python3.12/site-packages/airflow/example_dags/example_bash_decorator.py
[2024-08-09T02:43:46.682+0000] {logging_mixin.py:188} INFO - [2024-08-09T02:43:46.682+0000] {dag.py:3089} INFO - Sync 1 DAGs
[2024-08-09T02:43:46.696+0000] {logging_mixin.py:188} INFO - [2024-08-09T02:43:46.695+0000] {dag.py:3947} INFO - Setting next_dagrun for example_bash_decorator to None, run_after=None
[2024-08-09T02:43:46.727+0000] {processor.py:183} INFO - Processing /home/airflow/.local/lib/python3.12/site-packages/airflow/example_dags/example_bash_decorator.py took 0.095 seconds
[2024-08-09T02:44:18.212+0000] {processor.py:161} INFO - Started process (PID=660) to work on /home/airflow/.local/lib/python3.12/site-packages/airflow/example_dags/example_bash_decorator.py
[2024-08-09T02:44:18.214+0000] {processor.py:830} INFO - Processing file /home/airflow/.local/lib/python3.12/site-packages/airflow/example_dags/example_bash_decorator.py for tasks to queue
[2024-08-09T02:44:18.216+0000] {logging_mixin.py:188} INFO - [2024-08-09T02:44:18.215+0000] {dagbag.py:545} INFO - Filling up the DagBag from /home/airflow/.local/lib/python3.12/site-packages/airflow/example_dags/example_bash_decorator.py
[2024-08-09T02:44:18.280+0000] {processor.py:840} INFO - DAG(s) 'example_bash_decorator' retrieved from /home/airflow/.local/lib/python3.12/site-packages/airflow/example_dags/example_bash_decorator.py
[2024-08-09T02:44:18.313+0000] {logging_mixin.py:188} INFO - [2024-08-09T02:44:18.313+0000] {dag.py:3089} INFO - Sync 1 DAGs
[2024-08-09T02:44:18.348+0000] {logging_mixin.py:188} INFO - [2024-08-09T02:44:18.348+0000] {dag.py:3947} INFO - Setting next_dagrun for example_bash_decorator to None, run_after=None
[2024-08-09T02:44:18.384+0000] {processor.py:183} INFO - Processing /home/airflow/.local/lib/python3.12/site-packages/airflow/example_dags/example_bash_decorator.py took 0.182 seconds
[2024-08-09T02:44:48.482+0000] {processor.py:161} INFO - Started process (PID=719) to work on /home/airflow/.local/lib/python3.12/site-packages/airflow/example_dags/example_bash_decorator.py
[2024-08-09T02:44:48.484+0000] {processor.py:830} INFO - Processing file /home/airflow/.local/lib/python3.12/site-packages/airflow/example_dags/example_bash_decorator.py for tasks to queue
[2024-08-09T02:44:48.485+0000] {logging_mixin.py:188} INFO - [2024-08-09T02:44:48.485+0000] {dagbag.py:545} INFO - Filling up the DagBag from /home/airflow/.local/lib/python3.12/site-packages/airflow/example_dags/example_bash_decorator.py
[2024-08-09T02:44:48.503+0000] {processor.py:840} INFO - DAG(s) 'example_bash_decorator' retrieved from /home/airflow/.local/lib/python3.12/site-packages/airflow/example_dags/example_bash_decorator.py
[2024-08-09T02:44:48.550+0000] {logging_mixin.py:188} INFO - [2024-08-09T02:44:48.549+0000] {dag.py:3089} INFO - Sync 1 DAGs
[2024-08-09T02:44:48.574+0000] {logging_mixin.py:188} INFO - [2024-08-09T02:44:48.574+0000] {dag.py:3947} INFO - Setting next_dagrun for example_bash_decorator to None, run_after=None
[2024-08-09T02:44:48.601+0000] {processor.py:183} INFO - Processing /home/airflow/.local/lib/python3.12/site-packages/airflow/example_dags/example_bash_decorator.py took 0.131 seconds
[2024-08-09T02:45:19.038+0000] {processor.py:161} INFO - Started process (PID=780) to work on /home/airflow/.local/lib/python3.12/site-packages/airflow/example_dags/example_bash_decorator.py
[2024-08-09T02:45:19.039+0000] {processor.py:830} INFO - Processing file /home/airflow/.local/lib/python3.12/site-packages/airflow/example_dags/example_bash_decorator.py for tasks to queue
[2024-08-09T02:45:19.040+0000] {logging_mixin.py:188} INFO - [2024-08-09T02:45:19.040+0000] {dagbag.py:545} INFO - Filling up the DagBag from /home/airflow/.local/lib/python3.12/site-packages/airflow/example_dags/example_bash_decorator.py
[2024-08-09T02:45:19.057+0000] {processor.py:840} INFO - DAG(s) 'example_bash_decorator' retrieved from /home/airflow/.local/lib/python3.12/site-packages/airflow/example_dags/example_bash_decorator.py
[2024-08-09T02:45:19.083+0000] {logging_mixin.py:188} INFO - [2024-08-09T02:45:19.083+0000] {dag.py:3089} INFO - Sync 1 DAGs
[2024-08-09T02:45:19.098+0000] {logging_mixin.py:188} INFO - [2024-08-09T02:45:19.097+0000] {dag.py:3947} INFO - Setting next_dagrun for example_bash_decorator to None, run_after=None
[2024-08-09T02:45:19.121+0000] {processor.py:183} INFO - Processing /home/airflow/.local/lib/python3.12/site-packages/airflow/example_dags/example_bash_decorator.py took 0.090 seconds
[2024-08-09T02:45:49.908+0000] {processor.py:161} INFO - Started process (PID=839) to work on /home/airflow/.local/lib/python3.12/site-packages/airflow/example_dags/example_bash_decorator.py
[2024-08-09T02:45:49.909+0000] {processor.py:830} INFO - Processing file /home/airflow/.local/lib/python3.12/site-packages/airflow/example_dags/example_bash_decorator.py for tasks to queue
[2024-08-09T02:45:49.910+0000] {logging_mixin.py:188} INFO - [2024-08-09T02:45:49.910+0000] {dagbag.py:545} INFO - Filling up the DagBag from /home/airflow/.local/lib/python3.12/site-packages/airflow/example_dags/example_bash_decorator.py
[2024-08-09T02:45:49.929+0000] {processor.py:840} INFO - DAG(s) 'example_bash_decorator' retrieved from /home/airflow/.local/lib/python3.12/site-packages/airflow/example_dags/example_bash_decorator.py
[2024-08-09T02:45:49.972+0000] {logging_mixin.py:188} INFO - [2024-08-09T02:45:49.971+0000] {dag.py:3089} INFO - Sync 1 DAGs
[2024-08-09T02:45:49.991+0000] {logging_mixin.py:188} INFO - [2024-08-09T02:45:49.990+0000] {dag.py:3947} INFO - Setting next_dagrun for example_bash_decorator to None, run_after=None
[2024-08-09T02:45:50.025+0000] {processor.py:183} INFO - Processing /home/airflow/.local/lib/python3.12/site-packages/airflow/example_dags/example_bash_decorator.py took 0.124 seconds
[2024-08-09T02:46:20.961+0000] {processor.py:161} INFO - Started process (PID=900) to work on /home/airflow/.local/lib/python3.12/site-packages/airflow/example_dags/example_bash_decorator.py
[2024-08-09T02:46:20.963+0000] {processor.py:830} INFO - Processing file /home/airflow/.local/lib/python3.12/site-packages/airflow/example_dags/example_bash_decorator.py for tasks to queue
[2024-08-09T02:46:20.965+0000] {logging_mixin.py:188} INFO - [2024-08-09T02:46:20.964+0000] {dagbag.py:545} INFO - Filling up the DagBag from /home/airflow/.local/lib/python3.12/site-packages/airflow/example_dags/example_bash_decorator.py
[2024-08-09T02:46:20.986+0000] {processor.py:840} INFO - DAG(s) 'example_bash_decorator' retrieved from /home/airflow/.local/lib/python3.12/site-packages/airflow/example_dags/example_bash_decorator.py
[2024-08-09T02:46:21.030+0000] {logging_mixin.py:188} INFO - [2024-08-09T02:46:21.028+0000] {dag.py:3089} INFO - Sync 1 DAGs
[2024-08-09T02:46:21.103+0000] {logging_mixin.py:188} INFO - [2024-08-09T02:46:21.102+0000] {dag.py:3947} INFO - Setting next_dagrun for example_bash_decorator to None, run_after=None
[2024-08-09T02:46:21.154+0000] {processor.py:183} INFO - Processing /home/airflow/.local/lib/python3.12/site-packages/airflow/example_dags/example_bash_decorator.py took 0.215 seconds
[2024-08-09T02:46:51.884+0000] {processor.py:161} INFO - Started process (PID=960) to work on /home/airflow/.local/lib/python3.12/site-packages/airflow/example_dags/example_bash_decorator.py
[2024-08-09T02:46:51.886+0000] {processor.py:830} INFO - Processing file /home/airflow/.local/lib/python3.12/site-packages/airflow/example_dags/example_bash_decorator.py for tasks to queue
[2024-08-09T02:46:51.887+0000] {logging_mixin.py:188} INFO - [2024-08-09T02:46:51.887+0000] {dagbag.py:545} INFO - Filling up the DagBag from /home/airflow/.local/lib/python3.12/site-packages/airflow/example_dags/example_bash_decorator.py
[2024-08-09T02:46:51.908+0000] {processor.py:840} INFO - DAG(s) 'example_bash_decorator' retrieved from /home/airflow/.local/lib/python3.12/site-packages/airflow/example_dags/example_bash_decorator.py
[2024-08-09T02:46:51.944+0000] {logging_mixin.py:188} INFO - [2024-08-09T02:46:51.944+0000] {dag.py:3089} INFO - Sync 1 DAGs
[2024-08-09T02:46:51.966+0000] {logging_mixin.py:188} INFO - [2024-08-09T02:46:51.966+0000] {dag.py:3947} INFO - Setting next_dagrun for example_bash_decorator to None, run_after=None
[2024-08-09T02:46:51.990+0000] {processor.py:183} INFO - Processing /home/airflow/.local/lib/python3.12/site-packages/airflow/example_dags/example_bash_decorator.py took 0.116 seconds
[2024-08-09T02:47:22.924+0000] {processor.py:161} INFO - Started process (PID=1019) to work on /home/airflow/.local/lib/python3.12/site-packages/airflow/example_dags/example_bash_decorator.py
[2024-08-09T02:47:22.932+0000] {processor.py:830} INFO - Processing file /home/airflow/.local/lib/python3.12/site-packages/airflow/example_dags/example_bash_decorator.py for tasks to queue
[2024-08-09T02:47:22.934+0000] {logging_mixin.py:188} INFO - [2024-08-09T02:47:22.933+0000] {dagbag.py:545} INFO - Filling up the DagBag from /home/airflow/.local/lib/python3.12/site-packages/airflow/example_dags/example_bash_decorator.py
[2024-08-09T02:47:22.951+0000] {processor.py:840} INFO - DAG(s) 'example_bash_decorator' retrieved from /home/airflow/.local/lib/python3.12/site-packages/airflow/example_dags/example_bash_decorator.py
[2024-08-09T02:47:22.975+0000] {logging_mixin.py:188} INFO - [2024-08-09T02:47:22.975+0000] {dag.py:3089} INFO - Sync 1 DAGs
[2024-08-09T02:47:22.988+0000] {logging_mixin.py:188} INFO - [2024-08-09T02:47:22.988+0000] {dag.py:3947} INFO - Setting next_dagrun for example_bash_decorator to None, run_after=None
[2024-08-09T02:47:23.013+0000] {processor.py:183} INFO - Processing /home/airflow/.local/lib/python3.12/site-packages/airflow/example_dags/example_bash_decorator.py took 0.097 seconds
[2024-08-09T02:47:53.386+0000] {processor.py:161} INFO - Started process (PID=1079) to work on /home/airflow/.local/lib/python3.12/site-packages/airflow/example_dags/example_bash_decorator.py
[2024-08-09T02:47:53.387+0000] {processor.py:830} INFO - Processing file /home/airflow/.local/lib/python3.12/site-packages/airflow/example_dags/example_bash_decorator.py for tasks to queue
[2024-08-09T02:47:53.389+0000] {logging_mixin.py:188} INFO - [2024-08-09T02:47:53.388+0000] {dagbag.py:545} INFO - Filling up the DagBag from /home/airflow/.local/lib/python3.12/site-packages/airflow/example_dags/example_bash_decorator.py
[2024-08-09T02:47:53.424+0000] {processor.py:840} INFO - DAG(s) 'example_bash_decorator' retrieved from /home/airflow/.local/lib/python3.12/site-packages/airflow/example_dags/example_bash_decorator.py
[2024-08-09T02:47:53.476+0000] {logging_mixin.py:188} INFO - [2024-08-09T02:47:53.475+0000] {dag.py:3089} INFO - Sync 1 DAGs
[2024-08-09T02:47:53.511+0000] {logging_mixin.py:188} INFO - [2024-08-09T02:47:53.511+0000] {dag.py:3947} INFO - Setting next_dagrun for example_bash_decorator to None, run_after=None
[2024-08-09T02:47:53.562+0000] {processor.py:183} INFO - Processing /home/airflow/.local/lib/python3.12/site-packages/airflow/example_dags/example_bash_decorator.py took 0.182 seconds
[2024-08-09T02:48:24.115+0000] {processor.py:161} INFO - Started process (PID=1139) to work on /home/airflow/.local/lib/python3.12/site-packages/airflow/example_dags/example_bash_decorator.py
[2024-08-09T02:48:24.117+0000] {processor.py:830} INFO - Processing file /home/airflow/.local/lib/python3.12/site-packages/airflow/example_dags/example_bash_decorator.py for tasks to queue
[2024-08-09T02:48:24.121+0000] {logging_mixin.py:188} INFO - [2024-08-09T02:48:24.121+0000] {dagbag.py:545} INFO - Filling up the DagBag from /home/airflow/.local/lib/python3.12/site-packages/airflow/example_dags/example_bash_decorator.py
[2024-08-09T02:48:24.158+0000] {processor.py:840} INFO - DAG(s) 'example_bash_decorator' retrieved from /home/airflow/.local/lib/python3.12/site-packages/airflow/example_dags/example_bash_decorator.py
[2024-08-09T02:48:24.201+0000] {logging_mixin.py:188} INFO - [2024-08-09T02:48:24.201+0000] {dag.py:3089} INFO - Sync 1 DAGs
[2024-08-09T02:48:24.220+0000] {logging_mixin.py:188} INFO - [2024-08-09T02:48:24.220+0000] {dag.py:3947} INFO - Setting next_dagrun for example_bash_decorator to None, run_after=None
[2024-08-09T02:48:24.258+0000] {processor.py:183} INFO - Processing /home/airflow/.local/lib/python3.12/site-packages/airflow/example_dags/example_bash_decorator.py took 0.159 seconds
[2024-08-09T02:48:54.310+0000] {processor.py:161} INFO - Started process (PID=1199) to work on /home/airflow/.local/lib/python3.12/site-packages/airflow/example_dags/example_bash_decorator.py
[2024-08-09T02:48:54.311+0000] {processor.py:830} INFO - Processing file /home/airflow/.local/lib/python3.12/site-packages/airflow/example_dags/example_bash_decorator.py for tasks to queue
[2024-08-09T02:48:54.312+0000] {logging_mixin.py:188} INFO - [2024-08-09T02:48:54.312+0000] {dagbag.py:545} INFO - Filling up the DagBag from /home/airflow/.local/lib/python3.12/site-packages/airflow/example_dags/example_bash_decorator.py
[2024-08-09T02:48:54.328+0000] {processor.py:840} INFO - DAG(s) 'example_bash_decorator' retrieved from /home/airflow/.local/lib/python3.12/site-packages/airflow/example_dags/example_bash_decorator.py
[2024-08-09T02:48:54.355+0000] {logging_mixin.py:188} INFO - [2024-08-09T02:48:54.355+0000] {dag.py:3089} INFO - Sync 1 DAGs
[2024-08-09T02:48:54.368+0000] {logging_mixin.py:188} INFO - [2024-08-09T02:48:54.368+0000] {dag.py:3947} INFO - Setting next_dagrun for example_bash_decorator to None, run_after=None
[2024-08-09T02:48:54.392+0000] {processor.py:183} INFO - Processing /home/airflow/.local/lib/python3.12/site-packages/airflow/example_dags/example_bash_decorator.py took 0.088 seconds
[2024-08-09T02:49:24.998+0000] {processor.py:161} INFO - Started process (PID=1259) to work on /home/airflow/.local/lib/python3.12/site-packages/airflow/example_dags/example_bash_decorator.py
[2024-08-09T02:49:25.000+0000] {processor.py:830} INFO - Processing file /home/airflow/.local/lib/python3.12/site-packages/airflow/example_dags/example_bash_decorator.py for tasks to queue
[2024-08-09T02:49:25.001+0000] {logging_mixin.py:188} INFO - [2024-08-09T02:49:25.000+0000] {dagbag.py:545} INFO - Filling up the DagBag from /home/airflow/.local/lib/python3.12/site-packages/airflow/example_dags/example_bash_decorator.py
[2024-08-09T02:49:25.017+0000] {processor.py:840} INFO - DAG(s) 'example_bash_decorator' retrieved from /home/airflow/.local/lib/python3.12/site-packages/airflow/example_dags/example_bash_decorator.py
[2024-08-09T02:49:25.046+0000] {logging_mixin.py:188} INFO - [2024-08-09T02:49:25.046+0000] {dag.py:3089} INFO - Sync 1 DAGs
[2024-08-09T02:49:25.062+0000] {logging_mixin.py:188} INFO - [2024-08-09T02:49:25.062+0000] {dag.py:3947} INFO - Setting next_dagrun for example_bash_decorator to None, run_after=None
[2024-08-09T02:49:25.086+0000] {processor.py:183} INFO - Processing /home/airflow/.local/lib/python3.12/site-packages/airflow/example_dags/example_bash_decorator.py took 0.095 seconds
[2024-08-09T02:49:56.201+0000] {processor.py:161} INFO - Started process (PID=1320) to work on /home/airflow/.local/lib/python3.12/site-packages/airflow/example_dags/example_bash_decorator.py
[2024-08-09T02:49:56.203+0000] {processor.py:830} INFO - Processing file /home/airflow/.local/lib/python3.12/site-packages/airflow/example_dags/example_bash_decorator.py for tasks to queue
[2024-08-09T02:49:56.204+0000] {logging_mixin.py:188} INFO - [2024-08-09T02:49:56.204+0000] {dagbag.py:545} INFO - Filling up the DagBag from /home/airflow/.local/lib/python3.12/site-packages/airflow/example_dags/example_bash_decorator.py
[2024-08-09T02:49:56.222+0000] {processor.py:840} INFO - DAG(s) 'example_bash_decorator' retrieved from /home/airflow/.local/lib/python3.12/site-packages/airflow/example_dags/example_bash_decorator.py
[2024-08-09T02:49:56.253+0000] {logging_mixin.py:188} INFO - [2024-08-09T02:49:56.252+0000] {dag.py:3089} INFO - Sync 1 DAGs
[2024-08-09T02:49:56.269+0000] {logging_mixin.py:188} INFO - [2024-08-09T02:49:56.269+0000] {dag.py:3947} INFO - Setting next_dagrun for example_bash_decorator to None, run_after=None
[2024-08-09T02:49:56.292+0000] {processor.py:183} INFO - Processing /home/airflow/.local/lib/python3.12/site-packages/airflow/example_dags/example_bash_decorator.py took 0.099 seconds
[2024-08-09T02:50:27.069+0000] {processor.py:161} INFO - Started process (PID=1378) to work on /home/airflow/.local/lib/python3.12/site-packages/airflow/example_dags/example_bash_decorator.py
[2024-08-09T02:50:27.070+0000] {processor.py:830} INFO - Processing file /home/airflow/.local/lib/python3.12/site-packages/airflow/example_dags/example_bash_decorator.py for tasks to queue
[2024-08-09T02:50:27.071+0000] {logging_mixin.py:188} INFO - [2024-08-09T02:50:27.071+0000] {dagbag.py:545} INFO - Filling up the DagBag from /home/airflow/.local/lib/python3.12/site-packages/airflow/example_dags/example_bash_decorator.py
[2024-08-09T02:50:27.088+0000] {processor.py:840} INFO - DAG(s) 'example_bash_decorator' retrieved from /home/airflow/.local/lib/python3.12/site-packages/airflow/example_dags/example_bash_decorator.py
[2024-08-09T02:50:27.122+0000] {logging_mixin.py:188} INFO - [2024-08-09T02:50:27.121+0000] {dag.py:3089} INFO - Sync 1 DAGs
[2024-08-09T02:50:27.139+0000] {logging_mixin.py:188} INFO - [2024-08-09T02:50:27.139+0000] {dag.py:3947} INFO - Setting next_dagrun for example_bash_decorator to None, run_after=None
[2024-08-09T02:50:27.165+0000] {processor.py:183} INFO - Processing /home/airflow/.local/lib/python3.12/site-packages/airflow/example_dags/example_bash_decorator.py took 0.104 seconds
[2024-08-09T02:50:57.251+0000] {processor.py:161} INFO - Started process (PID=1438) to work on /home/airflow/.local/lib/python3.12/site-packages/airflow/example_dags/example_bash_decorator.py
[2024-08-09T02:50:57.252+0000] {processor.py:830} INFO - Processing file /home/airflow/.local/lib/python3.12/site-packages/airflow/example_dags/example_bash_decorator.py for tasks to queue
[2024-08-09T02:50:57.253+0000] {logging_mixin.py:188} INFO - [2024-08-09T02:50:57.253+0000] {dagbag.py:545} INFO - Filling up the DagBag from /home/airflow/.local/lib/python3.12/site-packages/airflow/example_dags/example_bash_decorator.py
[2024-08-09T02:50:57.269+0000] {processor.py:840} INFO - DAG(s) 'example_bash_decorator' retrieved from /home/airflow/.local/lib/python3.12/site-packages/airflow/example_dags/example_bash_decorator.py
[2024-08-09T02:50:57.304+0000] {logging_mixin.py:188} INFO - [2024-08-09T02:50:57.304+0000] {dag.py:3089} INFO - Sync 1 DAGs
[2024-08-09T02:50:57.320+0000] {logging_mixin.py:188} INFO - [2024-08-09T02:50:57.320+0000] {dag.py:3947} INFO - Setting next_dagrun for example_bash_decorator to None, run_after=None
[2024-08-09T02:50:57.359+0000] {processor.py:183} INFO - Processing /home/airflow/.local/lib/python3.12/site-packages/airflow/example_dags/example_bash_decorator.py took 0.114 seconds
[2024-08-09T03:00:07.254+0000] {processor.py:161} INFO - Started process (PID=1542) to work on /home/airflow/.local/lib/python3.12/site-packages/airflow/example_dags/example_bash_decorator.py
[2024-08-09T03:00:07.255+0000] {processor.py:830} INFO - Processing file /home/airflow/.local/lib/python3.12/site-packages/airflow/example_dags/example_bash_decorator.py for tasks to queue
[2024-08-09T03:00:07.256+0000] {logging_mixin.py:188} INFO - [2024-08-09T03:00:07.256+0000] {dagbag.py:545} INFO - Filling up the DagBag from /home/airflow/.local/lib/python3.12/site-packages/airflow/example_dags/example_bash_decorator.py
[2024-08-09T03:00:07.284+0000] {processor.py:840} INFO - DAG(s) 'example_bash_decorator' retrieved from /home/airflow/.local/lib/python3.12/site-packages/airflow/example_dags/example_bash_decorator.py
[2024-08-09T03:00:07.310+0000] {logging_mixin.py:188} INFO - [2024-08-09T03:00:07.309+0000] {dag.py:3089} INFO - Sync 1 DAGs
[2024-08-09T03:00:07.325+0000] {logging_mixin.py:188} INFO - [2024-08-09T03:00:07.325+0000] {dag.py:3947} INFO - Setting next_dagrun for example_bash_decorator to None, run_after=None
[2024-08-09T03:00:07.355+0000] {processor.py:183} INFO - Processing /home/airflow/.local/lib/python3.12/site-packages/airflow/example_dags/example_bash_decorator.py took 0.111 seconds
[2024-08-09T03:40:04.334+0000] {processor.py:161} INFO - Started process (PID=111) to work on /home/airflow/.local/lib/python3.12/site-packages/airflow/example_dags/example_bash_decorator.py
[2024-08-09T03:40:04.363+0000] {processor.py:830} INFO - Processing file /home/airflow/.local/lib/python3.12/site-packages/airflow/example_dags/example_bash_decorator.py for tasks to queue
[2024-08-09T03:40:04.366+0000] {logging_mixin.py:188} INFO - [2024-08-09T03:40:04.365+0000] {dagbag.py:545} INFO - Filling up the DagBag from /home/airflow/.local/lib/python3.12/site-packages/airflow/example_dags/example_bash_decorator.py
[2024-08-09T03:40:04.386+0000] {processor.py:840} INFO - DAG(s) 'example_bash_decorator' retrieved from /home/airflow/.local/lib/python3.12/site-packages/airflow/example_dags/example_bash_decorator.py
[2024-08-09T03:40:04.497+0000] {logging_mixin.py:188} INFO - [2024-08-09T03:40:04.497+0000] {dag.py:3089} INFO - Sync 1 DAGs
[2024-08-09T03:40:04.509+0000] {logging_mixin.py:188} INFO - [2024-08-09T03:40:04.508+0000] {dag.py:3947} INFO - Setting next_dagrun for example_bash_decorator to None, run_after=None
[2024-08-09T03:40:04.926+0000] {processor.py:183} INFO - Processing /home/airflow/.local/lib/python3.12/site-packages/airflow/example_dags/example_bash_decorator.py took 0.597 seconds
[2024-08-09T03:40:35.138+0000] {processor.py:161} INFO - Started process (PID=172) to work on /home/airflow/.local/lib/python3.12/site-packages/airflow/example_dags/example_bash_decorator.py
[2024-08-09T03:40:35.139+0000] {processor.py:830} INFO - Processing file /home/airflow/.local/lib/python3.12/site-packages/airflow/example_dags/example_bash_decorator.py for tasks to queue
[2024-08-09T03:40:35.140+0000] {logging_mixin.py:188} INFO - [2024-08-09T03:40:35.140+0000] {dagbag.py:545} INFO - Filling up the DagBag from /home/airflow/.local/lib/python3.12/site-packages/airflow/example_dags/example_bash_decorator.py
[2024-08-09T03:40:35.168+0000] {processor.py:840} INFO - DAG(s) 'example_bash_decorator' retrieved from /home/airflow/.local/lib/python3.12/site-packages/airflow/example_dags/example_bash_decorator.py
[2024-08-09T03:40:35.204+0000] {logging_mixin.py:188} INFO - [2024-08-09T03:40:35.203+0000] {dag.py:3089} INFO - Sync 1 DAGs
[2024-08-09T03:40:35.218+0000] {logging_mixin.py:188} INFO - [2024-08-09T03:40:35.218+0000] {dag.py:3947} INFO - Setting next_dagrun for example_bash_decorator to None, run_after=None
[2024-08-09T03:40:35.396+0000] {processor.py:183} INFO - Processing /home/airflow/.local/lib/python3.12/site-packages/airflow/example_dags/example_bash_decorator.py took 0.266 seconds
[2024-08-09T03:41:05.446+0000] {processor.py:161} INFO - Started process (PID=230) to work on /home/airflow/.local/lib/python3.12/site-packages/airflow/example_dags/example_bash_decorator.py
[2024-08-09T03:41:05.447+0000] {processor.py:830} INFO - Processing file /home/airflow/.local/lib/python3.12/site-packages/airflow/example_dags/example_bash_decorator.py for tasks to queue
[2024-08-09T03:41:05.449+0000] {logging_mixin.py:188} INFO - [2024-08-09T03:41:05.448+0000] {dagbag.py:545} INFO - Filling up the DagBag from /home/airflow/.local/lib/python3.12/site-packages/airflow/example_dags/example_bash_decorator.py
[2024-08-09T03:41:05.464+0000] {processor.py:840} INFO - DAG(s) 'example_bash_decorator' retrieved from /home/airflow/.local/lib/python3.12/site-packages/airflow/example_dags/example_bash_decorator.py
[2024-08-09T03:41:05.491+0000] {logging_mixin.py:188} INFO - [2024-08-09T03:41:05.491+0000] {dag.py:3089} INFO - Sync 1 DAGs
[2024-08-09T03:41:05.506+0000] {logging_mixin.py:188} INFO - [2024-08-09T03:41:05.505+0000] {dag.py:3947} INFO - Setting next_dagrun for example_bash_decorator to None, run_after=None
[2024-08-09T03:41:05.539+0000] {processor.py:183} INFO - Processing /home/airflow/.local/lib/python3.12/site-packages/airflow/example_dags/example_bash_decorator.py took 0.099 seconds
[2024-08-09T03:41:36.160+0000] {processor.py:161} INFO - Started process (PID=290) to work on /home/airflow/.local/lib/python3.12/site-packages/airflow/example_dags/example_bash_decorator.py
[2024-08-09T03:41:36.161+0000] {processor.py:830} INFO - Processing file /home/airflow/.local/lib/python3.12/site-packages/airflow/example_dags/example_bash_decorator.py for tasks to queue
[2024-08-09T03:41:36.162+0000] {logging_mixin.py:188} INFO - [2024-08-09T03:41:36.162+0000] {dagbag.py:545} INFO - Filling up the DagBag from /home/airflow/.local/lib/python3.12/site-packages/airflow/example_dags/example_bash_decorator.py
[2024-08-09T03:41:36.178+0000] {processor.py:840} INFO - DAG(s) 'example_bash_decorator' retrieved from /home/airflow/.local/lib/python3.12/site-packages/airflow/example_dags/example_bash_decorator.py
[2024-08-09T03:41:36.204+0000] {logging_mixin.py:188} INFO - [2024-08-09T03:41:36.203+0000] {dag.py:3089} INFO - Sync 1 DAGs
[2024-08-09T03:41:36.218+0000] {logging_mixin.py:188} INFO - [2024-08-09T03:41:36.218+0000] {dag.py:3947} INFO - Setting next_dagrun for example_bash_decorator to None, run_after=None
[2024-08-09T03:41:36.249+0000] {processor.py:183} INFO - Processing /home/airflow/.local/lib/python3.12/site-packages/airflow/example_dags/example_bash_decorator.py took 0.096 seconds
[2024-08-09T03:42:06.969+0000] {processor.py:161} INFO - Started process (PID=350) to work on /home/airflow/.local/lib/python3.12/site-packages/airflow/example_dags/example_bash_decorator.py
[2024-08-09T03:42:06.971+0000] {processor.py:830} INFO - Processing file /home/airflow/.local/lib/python3.12/site-packages/airflow/example_dags/example_bash_decorator.py for tasks to queue
[2024-08-09T03:42:06.979+0000] {logging_mixin.py:188} INFO - [2024-08-09T03:42:06.979+0000] {dagbag.py:545} INFO - Filling up the DagBag from /home/airflow/.local/lib/python3.12/site-packages/airflow/example_dags/example_bash_decorator.py
[2024-08-09T03:42:07.027+0000] {processor.py:840} INFO - DAG(s) 'example_bash_decorator' retrieved from /home/airflow/.local/lib/python3.12/site-packages/airflow/example_dags/example_bash_decorator.py
[2024-08-09T03:42:07.067+0000] {logging_mixin.py:188} INFO - [2024-08-09T03:42:07.067+0000] {dag.py:3089} INFO - Sync 1 DAGs
[2024-08-09T03:42:07.082+0000] {logging_mixin.py:188} INFO - [2024-08-09T03:42:07.082+0000] {dag.py:3947} INFO - Setting next_dagrun for example_bash_decorator to None, run_after=None
[2024-08-09T03:42:07.110+0000] {processor.py:183} INFO - Processing /home/airflow/.local/lib/python3.12/site-packages/airflow/example_dags/example_bash_decorator.py took 0.148 seconds
[2024-08-09T03:42:38.348+0000] {processor.py:161} INFO - Started process (PID=409) to work on /home/airflow/.local/lib/python3.12/site-packages/airflow/example_dags/example_bash_decorator.py
[2024-08-09T03:42:38.363+0000] {processor.py:830} INFO - Processing file /home/airflow/.local/lib/python3.12/site-packages/airflow/example_dags/example_bash_decorator.py for tasks to queue
[2024-08-09T03:42:38.366+0000] {logging_mixin.py:188} INFO - [2024-08-09T03:42:38.366+0000] {dagbag.py:545} INFO - Filling up the DagBag from /home/airflow/.local/lib/python3.12/site-packages/airflow/example_dags/example_bash_decorator.py
[2024-08-09T03:42:38.378+0000] {processor.py:840} INFO - DAG(s) 'example_bash_decorator' retrieved from /home/airflow/.local/lib/python3.12/site-packages/airflow/example_dags/example_bash_decorator.py
[2024-08-09T03:42:38.431+0000] {logging_mixin.py:188} INFO - [2024-08-09T03:42:38.425+0000] {dag.py:3089} INFO - Sync 1 DAGs
[2024-08-09T03:42:38.459+0000] {logging_mixin.py:188} INFO - [2024-08-09T03:42:38.451+0000] {dag.py:3947} INFO - Setting next_dagrun for example_bash_decorator to None, run_after=None
[2024-08-09T03:42:38.542+0000] {processor.py:183} INFO - Processing /home/airflow/.local/lib/python3.12/site-packages/airflow/example_dags/example_bash_decorator.py took 0.199 seconds
[2024-08-09T03:43:08.691+0000] {processor.py:161} INFO - Started process (PID=469) to work on /home/airflow/.local/lib/python3.12/site-packages/airflow/example_dags/example_bash_decorator.py
[2024-08-09T03:43:08.708+0000] {processor.py:830} INFO - Processing file /home/airflow/.local/lib/python3.12/site-packages/airflow/example_dags/example_bash_decorator.py for tasks to queue
[2024-08-09T03:43:08.710+0000] {logging_mixin.py:188} INFO - [2024-08-09T03:43:08.710+0000] {dagbag.py:545} INFO - Filling up the DagBag from /home/airflow/.local/lib/python3.12/site-packages/airflow/example_dags/example_bash_decorator.py
[2024-08-09T03:43:08.748+0000] {processor.py:840} INFO - DAG(s) 'example_bash_decorator' retrieved from /home/airflow/.local/lib/python3.12/site-packages/airflow/example_dags/example_bash_decorator.py
[2024-08-09T03:43:08.801+0000] {logging_mixin.py:188} INFO - [2024-08-09T03:43:08.800+0000] {dag.py:3089} INFO - Sync 1 DAGs
[2024-08-09T03:43:08.829+0000] {logging_mixin.py:188} INFO - [2024-08-09T03:43:08.829+0000] {dag.py:3947} INFO - Setting next_dagrun for example_bash_decorator to None, run_after=None
[2024-08-09T03:43:08.881+0000] {processor.py:183} INFO - Processing /home/airflow/.local/lib/python3.12/site-packages/airflow/example_dags/example_bash_decorator.py took 0.212 seconds
[2024-08-09T03:43:57.000+0000] {processor.py:161} INFO - Started process (PID=549) to work on /home/airflow/.local/lib/python3.12/site-packages/airflow/example_dags/example_bash_decorator.py
[2024-08-09T03:43:57.001+0000] {processor.py:830} INFO - Processing file /home/airflow/.local/lib/python3.12/site-packages/airflow/example_dags/example_bash_decorator.py for tasks to queue
[2024-08-09T03:43:57.003+0000] {logging_mixin.py:188} INFO - [2024-08-09T03:43:57.002+0000] {dagbag.py:545} INFO - Filling up the DagBag from /home/airflow/.local/lib/python3.12/site-packages/airflow/example_dags/example_bash_decorator.py
[2024-08-09T03:43:57.020+0000] {processor.py:840} INFO - DAG(s) 'example_bash_decorator' retrieved from /home/airflow/.local/lib/python3.12/site-packages/airflow/example_dags/example_bash_decorator.py
[2024-08-09T03:43:57.049+0000] {logging_mixin.py:188} INFO - [2024-08-09T03:43:57.048+0000] {dag.py:3089} INFO - Sync 1 DAGs
[2024-08-09T03:43:57.065+0000] {logging_mixin.py:188} INFO - [2024-08-09T03:43:57.064+0000] {dag.py:3947} INFO - Setting next_dagrun for example_bash_decorator to None, run_after=None
[2024-08-09T03:43:57.237+0000] {processor.py:183} INFO - Processing /home/airflow/.local/lib/python3.12/site-packages/airflow/example_dags/example_bash_decorator.py took 0.249 seconds
[2024-08-09T03:44:27.809+0000] {processor.py:161} INFO - Started process (PID=609) to work on /home/airflow/.local/lib/python3.12/site-packages/airflow/example_dags/example_bash_decorator.py
[2024-08-09T03:44:27.810+0000] {processor.py:830} INFO - Processing file /home/airflow/.local/lib/python3.12/site-packages/airflow/example_dags/example_bash_decorator.py for tasks to queue
[2024-08-09T03:44:27.811+0000] {logging_mixin.py:188} INFO - [2024-08-09T03:44:27.811+0000] {dagbag.py:545} INFO - Filling up the DagBag from /home/airflow/.local/lib/python3.12/site-packages/airflow/example_dags/example_bash_decorator.py
[2024-08-09T03:44:27.827+0000] {processor.py:840} INFO - DAG(s) 'example_bash_decorator' retrieved from /home/airflow/.local/lib/python3.12/site-packages/airflow/example_dags/example_bash_decorator.py
[2024-08-09T03:44:27.863+0000] {logging_mixin.py:188} INFO - [2024-08-09T03:44:27.863+0000] {dag.py:3089} INFO - Sync 1 DAGs
[2024-08-09T03:44:27.878+0000] {logging_mixin.py:188} INFO - [2024-08-09T03:44:27.878+0000] {dag.py:3947} INFO - Setting next_dagrun for example_bash_decorator to None, run_after=None
[2024-08-09T03:44:27.904+0000] {processor.py:183} INFO - Processing /home/airflow/.local/lib/python3.12/site-packages/airflow/example_dags/example_bash_decorator.py took 0.102 seconds
[2024-08-09T03:44:59.147+0000] {processor.py:161} INFO - Started process (PID=670) to work on /home/airflow/.local/lib/python3.12/site-packages/airflow/example_dags/example_bash_decorator.py
[2024-08-09T03:44:59.149+0000] {processor.py:830} INFO - Processing file /home/airflow/.local/lib/python3.12/site-packages/airflow/example_dags/example_bash_decorator.py for tasks to queue
[2024-08-09T03:44:59.151+0000] {logging_mixin.py:188} INFO - [2024-08-09T03:44:59.150+0000] {dagbag.py:545} INFO - Filling up the DagBag from /home/airflow/.local/lib/python3.12/site-packages/airflow/example_dags/example_bash_decorator.py
[2024-08-09T03:44:59.177+0000] {processor.py:840} INFO - DAG(s) 'example_bash_decorator' retrieved from /home/airflow/.local/lib/python3.12/site-packages/airflow/example_dags/example_bash_decorator.py
[2024-08-09T03:44:59.233+0000] {logging_mixin.py:188} INFO - [2024-08-09T03:44:59.233+0000] {dag.py:3089} INFO - Sync 1 DAGs
[2024-08-09T03:44:59.278+0000] {logging_mixin.py:188} INFO - [2024-08-09T03:44:59.277+0000] {dag.py:3947} INFO - Setting next_dagrun for example_bash_decorator to None, run_after=None
[2024-08-09T03:44:59.335+0000] {processor.py:183} INFO - Processing /home/airflow/.local/lib/python3.12/site-packages/airflow/example_dags/example_bash_decorator.py took 0.204 seconds
[2024-08-09T03:45:29.683+0000] {processor.py:161} INFO - Started process (PID=733) to work on /home/airflow/.local/lib/python3.12/site-packages/airflow/example_dags/example_bash_decorator.py
[2024-08-09T03:45:29.695+0000] {processor.py:830} INFO - Processing file /home/airflow/.local/lib/python3.12/site-packages/airflow/example_dags/example_bash_decorator.py for tasks to queue
[2024-08-09T03:45:29.700+0000] {logging_mixin.py:188} INFO - [2024-08-09T03:45:29.700+0000] {dagbag.py:545} INFO - Filling up the DagBag from /home/airflow/.local/lib/python3.12/site-packages/airflow/example_dags/example_bash_decorator.py
[2024-08-09T03:45:29.736+0000] {processor.py:840} INFO - DAG(s) 'example_bash_decorator' retrieved from /home/airflow/.local/lib/python3.12/site-packages/airflow/example_dags/example_bash_decorator.py
[2024-08-09T03:45:29.775+0000] {logging_mixin.py:188} INFO - [2024-08-09T03:45:29.775+0000] {dag.py:3089} INFO - Sync 1 DAGs
[2024-08-09T03:45:29.807+0000] {logging_mixin.py:188} INFO - [2024-08-09T03:45:29.807+0000] {dag.py:3947} INFO - Setting next_dagrun for example_bash_decorator to None, run_after=None
[2024-08-09T03:45:29.886+0000] {processor.py:183} INFO - Processing /home/airflow/.local/lib/python3.12/site-packages/airflow/example_dags/example_bash_decorator.py took 0.209 seconds
[2024-08-09T03:46:00.342+0000] {processor.py:161} INFO - Started process (PID=791) to work on /home/airflow/.local/lib/python3.12/site-packages/airflow/example_dags/example_bash_decorator.py
[2024-08-09T03:46:00.343+0000] {processor.py:830} INFO - Processing file /home/airflow/.local/lib/python3.12/site-packages/airflow/example_dags/example_bash_decorator.py for tasks to queue
[2024-08-09T03:46:00.344+0000] {logging_mixin.py:188} INFO - [2024-08-09T03:46:00.344+0000] {dagbag.py:545} INFO - Filling up the DagBag from /home/airflow/.local/lib/python3.12/site-packages/airflow/example_dags/example_bash_decorator.py
[2024-08-09T03:46:00.361+0000] {processor.py:840} INFO - DAG(s) 'example_bash_decorator' retrieved from /home/airflow/.local/lib/python3.12/site-packages/airflow/example_dags/example_bash_decorator.py
[2024-08-09T03:46:00.390+0000] {logging_mixin.py:188} INFO - [2024-08-09T03:46:00.390+0000] {dag.py:3089} INFO - Sync 1 DAGs
[2024-08-09T03:46:00.406+0000] {logging_mixin.py:188} INFO - [2024-08-09T03:46:00.406+0000] {dag.py:3947} INFO - Setting next_dagrun for example_bash_decorator to None, run_after=None
[2024-08-09T03:46:00.453+0000] {processor.py:183} INFO - Processing /home/airflow/.local/lib/python3.12/site-packages/airflow/example_dags/example_bash_decorator.py took 0.118 seconds
[2024-08-09T03:46:32.103+0000] {processor.py:161} INFO - Started process (PID=849) to work on /home/airflow/.local/lib/python3.12/site-packages/airflow/example_dags/example_bash_decorator.py
[2024-08-09T03:46:32.105+0000] {processor.py:830} INFO - Processing file /home/airflow/.local/lib/python3.12/site-packages/airflow/example_dags/example_bash_decorator.py for tasks to queue
[2024-08-09T03:46:32.106+0000] {logging_mixin.py:188} INFO - [2024-08-09T03:46:32.106+0000] {dagbag.py:545} INFO - Filling up the DagBag from /home/airflow/.local/lib/python3.12/site-packages/airflow/example_dags/example_bash_decorator.py
[2024-08-09T03:46:32.121+0000] {processor.py:840} INFO - DAG(s) 'example_bash_decorator' retrieved from /home/airflow/.local/lib/python3.12/site-packages/airflow/example_dags/example_bash_decorator.py
[2024-08-09T03:46:32.148+0000] {logging_mixin.py:188} INFO - [2024-08-09T03:46:32.148+0000] {dag.py:3089} INFO - Sync 1 DAGs
[2024-08-09T03:46:32.163+0000] {logging_mixin.py:188} INFO - [2024-08-09T03:46:32.163+0000] {dag.py:3947} INFO - Setting next_dagrun for example_bash_decorator to None, run_after=None
[2024-08-09T03:46:32.581+0000] {processor.py:183} INFO - Processing /home/airflow/.local/lib/python3.12/site-packages/airflow/example_dags/example_bash_decorator.py took 0.484 seconds
[2024-08-09T03:47:02.696+0000] {processor.py:161} INFO - Started process (PID=912) to work on /home/airflow/.local/lib/python3.12/site-packages/airflow/example_dags/example_bash_decorator.py
[2024-08-09T03:47:02.697+0000] {processor.py:830} INFO - Processing file /home/airflow/.local/lib/python3.12/site-packages/airflow/example_dags/example_bash_decorator.py for tasks to queue
[2024-08-09T03:47:02.698+0000] {logging_mixin.py:188} INFO - [2024-08-09T03:47:02.698+0000] {dagbag.py:545} INFO - Filling up the DagBag from /home/airflow/.local/lib/python3.12/site-packages/airflow/example_dags/example_bash_decorator.py
[2024-08-09T03:47:02.715+0000] {processor.py:840} INFO - DAG(s) 'example_bash_decorator' retrieved from /home/airflow/.local/lib/python3.12/site-packages/airflow/example_dags/example_bash_decorator.py
[2024-08-09T03:47:02.744+0000] {logging_mixin.py:188} INFO - [2024-08-09T03:47:02.744+0000] {dag.py:3089} INFO - Sync 1 DAGs
[2024-08-09T03:47:02.759+0000] {logging_mixin.py:188} INFO - [2024-08-09T03:47:02.759+0000] {dag.py:3947} INFO - Setting next_dagrun for example_bash_decorator to None, run_after=None
[2024-08-09T03:47:02.794+0000] {processor.py:183} INFO - Processing /home/airflow/.local/lib/python3.12/site-packages/airflow/example_dags/example_bash_decorator.py took 0.105 seconds
[2024-08-09T03:47:32.847+0000] {processor.py:161} INFO - Started process (PID=972) to work on /home/airflow/.local/lib/python3.12/site-packages/airflow/example_dags/example_bash_decorator.py
[2024-08-09T03:47:32.848+0000] {processor.py:830} INFO - Processing file /home/airflow/.local/lib/python3.12/site-packages/airflow/example_dags/example_bash_decorator.py for tasks to queue
[2024-08-09T03:47:32.849+0000] {logging_mixin.py:188} INFO - [2024-08-09T03:47:32.848+0000] {dagbag.py:545} INFO - Filling up the DagBag from /home/airflow/.local/lib/python3.12/site-packages/airflow/example_dags/example_bash_decorator.py
[2024-08-09T03:47:32.861+0000] {processor.py:840} INFO - DAG(s) 'example_bash_decorator' retrieved from /home/airflow/.local/lib/python3.12/site-packages/airflow/example_dags/example_bash_decorator.py
[2024-08-09T03:47:32.884+0000] {logging_mixin.py:188} INFO - [2024-08-09T03:47:32.884+0000] {dag.py:3089} INFO - Sync 1 DAGs
[2024-08-09T03:47:32.897+0000] {logging_mixin.py:188} INFO - [2024-08-09T03:47:32.897+0000] {dag.py:3947} INFO - Setting next_dagrun for example_bash_decorator to None, run_after=None
[2024-08-09T03:47:32.922+0000] {processor.py:183} INFO - Processing /home/airflow/.local/lib/python3.12/site-packages/airflow/example_dags/example_bash_decorator.py took 0.081 seconds
[2024-08-09T03:48:03.309+0000] {processor.py:161} INFO - Started process (PID=1031) to work on /home/airflow/.local/lib/python3.12/site-packages/airflow/example_dags/example_bash_decorator.py
[2024-08-09T03:48:03.310+0000] {processor.py:830} INFO - Processing file /home/airflow/.local/lib/python3.12/site-packages/airflow/example_dags/example_bash_decorator.py for tasks to queue
[2024-08-09T03:48:03.312+0000] {logging_mixin.py:188} INFO - [2024-08-09T03:48:03.311+0000] {dagbag.py:545} INFO - Filling up the DagBag from /home/airflow/.local/lib/python3.12/site-packages/airflow/example_dags/example_bash_decorator.py
[2024-08-09T03:48:03.327+0000] {processor.py:840} INFO - DAG(s) 'example_bash_decorator' retrieved from /home/airflow/.local/lib/python3.12/site-packages/airflow/example_dags/example_bash_decorator.py
[2024-08-09T03:48:03.352+0000] {logging_mixin.py:188} INFO - [2024-08-09T03:48:03.352+0000] {dag.py:3089} INFO - Sync 1 DAGs
[2024-08-09T03:48:03.365+0000] {logging_mixin.py:188} INFO - [2024-08-09T03:48:03.364+0000] {dag.py:3947} INFO - Setting next_dagrun for example_bash_decorator to None, run_after=None
[2024-08-09T03:48:03.428+0000] {processor.py:183} INFO - Processing /home/airflow/.local/lib/python3.12/site-packages/airflow/example_dags/example_bash_decorator.py took 0.129 seconds
[2024-08-09T03:48:42.307+0000] {processor.py:161} INFO - Started process (PID=1090) to work on /home/airflow/.local/lib/python3.12/site-packages/airflow/example_dags/example_bash_decorator.py
[2024-08-09T03:48:42.308+0000] {processor.py:830} INFO - Processing file /home/airflow/.local/lib/python3.12/site-packages/airflow/example_dags/example_bash_decorator.py for tasks to queue
[2024-08-09T03:48:42.310+0000] {logging_mixin.py:188} INFO - [2024-08-09T03:48:42.309+0000] {dagbag.py:545} INFO - Filling up the DagBag from /home/airflow/.local/lib/python3.12/site-packages/airflow/example_dags/example_bash_decorator.py
[2024-08-09T03:48:42.330+0000] {processor.py:840} INFO - DAG(s) 'example_bash_decorator' retrieved from /home/airflow/.local/lib/python3.12/site-packages/airflow/example_dags/example_bash_decorator.py
[2024-08-09T03:48:42.400+0000] {logging_mixin.py:188} INFO - [2024-08-09T03:48:42.400+0000] {dag.py:3089} INFO - Sync 1 DAGs
[2024-08-09T03:48:42.451+0000] {logging_mixin.py:188} INFO - [2024-08-09T03:48:42.450+0000] {dag.py:3947} INFO - Setting next_dagrun for example_bash_decorator to None, run_after=None
[2024-08-09T03:48:42.648+0000] {processor.py:183} INFO - Processing /home/airflow/.local/lib/python3.12/site-packages/airflow/example_dags/example_bash_decorator.py took 0.348 seconds
[2024-08-09T03:49:35.072+0000] {processor.py:161} INFO - Started process (PID=1162) to work on /home/airflow/.local/lib/python3.12/site-packages/airflow/example_dags/example_bash_decorator.py
[2024-08-09T03:49:35.073+0000] {processor.py:830} INFO - Processing file /home/airflow/.local/lib/python3.12/site-packages/airflow/example_dags/example_bash_decorator.py for tasks to queue
[2024-08-09T03:49:35.074+0000] {logging_mixin.py:188} INFO - [2024-08-09T03:49:35.074+0000] {dagbag.py:545} INFO - Filling up the DagBag from /home/airflow/.local/lib/python3.12/site-packages/airflow/example_dags/example_bash_decorator.py
[2024-08-09T03:49:35.090+0000] {processor.py:840} INFO - DAG(s) 'example_bash_decorator' retrieved from /home/airflow/.local/lib/python3.12/site-packages/airflow/example_dags/example_bash_decorator.py
[2024-08-09T03:49:35.121+0000] {logging_mixin.py:188} INFO - [2024-08-09T03:49:35.121+0000] {dag.py:3089} INFO - Sync 1 DAGs
[2024-08-09T03:49:35.160+0000] {logging_mixin.py:188} INFO - [2024-08-09T03:49:35.160+0000] {dag.py:3947} INFO - Setting next_dagrun for example_bash_decorator to None, run_after=None
[2024-08-09T03:49:35.537+0000] {processor.py:183} INFO - Processing /home/airflow/.local/lib/python3.12/site-packages/airflow/example_dags/example_bash_decorator.py took 0.470 seconds
[2024-08-09T03:50:05.753+0000] {processor.py:161} INFO - Started process (PID=1219) to work on /home/airflow/.local/lib/python3.12/site-packages/airflow/example_dags/example_bash_decorator.py
[2024-08-09T03:50:05.762+0000] {processor.py:830} INFO - Processing file /home/airflow/.local/lib/python3.12/site-packages/airflow/example_dags/example_bash_decorator.py for tasks to queue
[2024-08-09T03:50:05.763+0000] {logging_mixin.py:188} INFO - [2024-08-09T03:50:05.763+0000] {dagbag.py:545} INFO - Filling up the DagBag from /home/airflow/.local/lib/python3.12/site-packages/airflow/example_dags/example_bash_decorator.py
[2024-08-09T03:50:05.799+0000] {processor.py:840} INFO - DAG(s) 'example_bash_decorator' retrieved from /home/airflow/.local/lib/python3.12/site-packages/airflow/example_dags/example_bash_decorator.py
[2024-08-09T03:50:05.881+0000] {logging_mixin.py:188} INFO - [2024-08-09T03:50:05.880+0000] {dag.py:3089} INFO - Sync 1 DAGs
[2024-08-09T03:50:05.916+0000] {logging_mixin.py:188} INFO - [2024-08-09T03:50:05.916+0000] {dag.py:3947} INFO - Setting next_dagrun for example_bash_decorator to None, run_after=None
[2024-08-09T03:50:05.958+0000] {processor.py:183} INFO - Processing /home/airflow/.local/lib/python3.12/site-packages/airflow/example_dags/example_bash_decorator.py took 0.213 seconds
[2024-08-09T03:50:53.704+0000] {processor.py:161} INFO - Started process (PID=1279) to work on /home/airflow/.local/lib/python3.12/site-packages/airflow/example_dags/example_bash_decorator.py
[2024-08-09T03:50:53.705+0000] {processor.py:830} INFO - Processing file /home/airflow/.local/lib/python3.12/site-packages/airflow/example_dags/example_bash_decorator.py for tasks to queue
[2024-08-09T03:50:53.706+0000] {logging_mixin.py:188} INFO - [2024-08-09T03:50:53.706+0000] {dagbag.py:545} INFO - Filling up the DagBag from /home/airflow/.local/lib/python3.12/site-packages/airflow/example_dags/example_bash_decorator.py
[2024-08-09T03:50:53.724+0000] {processor.py:840} INFO - DAG(s) 'example_bash_decorator' retrieved from /home/airflow/.local/lib/python3.12/site-packages/airflow/example_dags/example_bash_decorator.py
[2024-08-09T03:50:53.769+0000] {logging_mixin.py:188} INFO - [2024-08-09T03:50:53.768+0000] {dag.py:3089} INFO - Sync 1 DAGs
[2024-08-09T03:50:53.792+0000] {logging_mixin.py:188} INFO - [2024-08-09T03:50:53.792+0000] {dag.py:3947} INFO - Setting next_dagrun for example_bash_decorator to None, run_after=None
[2024-08-09T03:50:53.825+0000] {processor.py:183} INFO - Processing /home/airflow/.local/lib/python3.12/site-packages/airflow/example_dags/example_bash_decorator.py took 0.131 seconds
[2024-08-09T03:51:42.202+0000] {processor.py:161} INFO - Started process (PID=1356) to work on /home/airflow/.local/lib/python3.12/site-packages/airflow/example_dags/example_bash_decorator.py
[2024-08-09T03:51:42.204+0000] {processor.py:830} INFO - Processing file /home/airflow/.local/lib/python3.12/site-packages/airflow/example_dags/example_bash_decorator.py for tasks to queue
[2024-08-09T03:51:42.205+0000] {logging_mixin.py:188} INFO - [2024-08-09T03:51:42.204+0000] {dagbag.py:545} INFO - Filling up the DagBag from /home/airflow/.local/lib/python3.12/site-packages/airflow/example_dags/example_bash_decorator.py
[2024-08-09T03:51:42.254+0000] {processor.py:840} INFO - DAG(s) 'example_bash_decorator' retrieved from /home/airflow/.local/lib/python3.12/site-packages/airflow/example_dags/example_bash_decorator.py
[2024-08-09T03:51:42.312+0000] {logging_mixin.py:188} INFO - [2024-08-09T03:51:42.311+0000] {dag.py:3089} INFO - Sync 1 DAGs
[2024-08-09T03:51:42.357+0000] {logging_mixin.py:188} INFO - [2024-08-09T03:51:42.357+0000] {dag.py:3947} INFO - Setting next_dagrun for example_bash_decorator to None, run_after=None
[2024-08-09T03:51:42.410+0000] {processor.py:183} INFO - Processing /home/airflow/.local/lib/python3.12/site-packages/airflow/example_dags/example_bash_decorator.py took 0.244 seconds
[2024-08-09T03:52:29.445+0000] {processor.py:161} INFO - Started process (PID=1418) to work on /home/airflow/.local/lib/python3.12/site-packages/airflow/example_dags/example_bash_decorator.py
[2024-08-09T03:52:29.461+0000] {processor.py:830} INFO - Processing file /home/airflow/.local/lib/python3.12/site-packages/airflow/example_dags/example_bash_decorator.py for tasks to queue
[2024-08-09T03:52:29.478+0000] {logging_mixin.py:188} INFO - [2024-08-09T03:52:29.469+0000] {dagbag.py:545} INFO - Filling up the DagBag from /home/airflow/.local/lib/python3.12/site-packages/airflow/example_dags/example_bash_decorator.py
[2024-08-09T03:52:29.921+0000] {processor.py:840} INFO - DAG(s) 'example_bash_decorator' retrieved from /home/airflow/.local/lib/python3.12/site-packages/airflow/example_dags/example_bash_decorator.py
[2024-08-09T03:52:30.674+0000] {logging_mixin.py:188} INFO - [2024-08-09T03:52:30.674+0000] {dag.py:3089} INFO - Sync 1 DAGs
[2024-08-09T03:52:31.050+0000] {logging_mixin.py:188} INFO - [2024-08-09T03:52:31.049+0000] {dag.py:3947} INFO - Setting next_dagrun for example_bash_decorator to None, run_after=None
[2024-08-09T03:52:31.297+0000] {processor.py:183} INFO - Processing /home/airflow/.local/lib/python3.12/site-packages/airflow/example_dags/example_bash_decorator.py took 1.880 seconds
