[2024-08-09T02:38:08.037+0000] {processor.py:161} INFO - Started process (PID=62) to work on /home/airflow/.local/lib/python3.12/site-packages/airflow/example_dags/example_dag_decorator.py
[2024-08-09T02:38:08.080+0000] {processor.py:830} INFO - Processing file /home/airflow/.local/lib/python3.12/site-packages/airflow/example_dags/example_dag_decorator.py for tasks to queue
[2024-08-09T02:38:08.093+0000] {logging_mixin.py:188} INFO - [2024-08-09T02:38:08.085+0000] {dagbag.py:545} INFO - Filling up the DagBag from /home/airflow/.local/lib/python3.12/site-packages/airflow/example_dags/example_dag_decorator.py
[2024-08-09T02:38:09.960+0000] {processor.py:840} INFO - DAG(s) 'example_dag_decorator' retrieved from /home/airflow/.local/lib/python3.12/site-packages/airflow/example_dags/example_dag_decorator.py
[2024-08-09T02:38:10.302+0000] {logging_mixin.py:188} INFO - [2024-08-09T02:38:10.302+0000] {dag.py:3089} INFO - Sync 1 DAGs
[2024-08-09T02:38:10.340+0000] {logging_mixin.py:188} INFO - [2024-08-09T02:38:10.339+0000] {dag.py:3947} INFO - Setting next_dagrun for example_dag_decorator to None, run_after=None
[2024-08-09T02:38:10.418+0000] {processor.py:183} INFO - Processing /home/airflow/.local/lib/python3.12/site-packages/airflow/example_dags/example_dag_decorator.py took 2.482 seconds
[2024-08-09T02:39:28.144+0000] {processor.py:161} INFO - Started process (PID=128) to work on /home/airflow/.local/lib/python3.12/site-packages/airflow/example_dags/example_dag_decorator.py
[2024-08-09T02:39:28.154+0000] {processor.py:830} INFO - Processing file /home/airflow/.local/lib/python3.12/site-packages/airflow/example_dags/example_dag_decorator.py for tasks to queue
[2024-08-09T02:39:28.186+0000] {logging_mixin.py:188} INFO - [2024-08-09T02:39:28.185+0000] {dagbag.py:545} INFO - Filling up the DagBag from /home/airflow/.local/lib/python3.12/site-packages/airflow/example_dags/example_dag_decorator.py
[2024-08-09T02:39:28.490+0000] {processor.py:840} INFO - DAG(s) 'example_dag_decorator' retrieved from /home/airflow/.local/lib/python3.12/site-packages/airflow/example_dags/example_dag_decorator.py
[2024-08-09T02:39:28.592+0000] {logging_mixin.py:188} INFO - [2024-08-09T02:39:28.591+0000] {dag.py:3089} INFO - Sync 1 DAGs
[2024-08-09T02:39:28.603+0000] {logging_mixin.py:188} INFO - [2024-08-09T02:39:28.603+0000] {dag.py:3947} INFO - Setting next_dagrun for example_dag_decorator to None, run_after=None
[2024-08-09T02:39:28.662+0000] {processor.py:183} INFO - Processing /home/airflow/.local/lib/python3.12/site-packages/airflow/example_dags/example_dag_decorator.py took 0.546 seconds
[2024-08-09T02:39:58.824+0000] {processor.py:161} INFO - Started process (PID=185) to work on /home/airflow/.local/lib/python3.12/site-packages/airflow/example_dags/example_dag_decorator.py
[2024-08-09T02:39:58.825+0000] {processor.py:830} INFO - Processing file /home/airflow/.local/lib/python3.12/site-packages/airflow/example_dags/example_dag_decorator.py for tasks to queue
[2024-08-09T02:39:58.827+0000] {logging_mixin.py:188} INFO - [2024-08-09T02:39:58.827+0000] {dagbag.py:545} INFO - Filling up the DagBag from /home/airflow/.local/lib/python3.12/site-packages/airflow/example_dags/example_dag_decorator.py
[2024-08-09T02:39:58.933+0000] {processor.py:840} INFO - DAG(s) 'example_dag_decorator' retrieved from /home/airflow/.local/lib/python3.12/site-packages/airflow/example_dags/example_dag_decorator.py
[2024-08-09T02:39:59.049+0000] {logging_mixin.py:188} INFO - [2024-08-09T02:39:59.049+0000] {dag.py:3089} INFO - Sync 1 DAGs
[2024-08-09T02:39:59.062+0000] {logging_mixin.py:188} INFO - [2024-08-09T02:39:59.062+0000] {dag.py:3947} INFO - Setting next_dagrun for example_dag_decorator to None, run_after=None
[2024-08-09T02:39:59.110+0000] {processor.py:183} INFO - Processing /home/airflow/.local/lib/python3.12/site-packages/airflow/example_dags/example_dag_decorator.py took 0.295 seconds
[2024-08-09T02:40:29.158+0000] {processor.py:161} INFO - Started process (PID=243) to work on /home/airflow/.local/lib/python3.12/site-packages/airflow/example_dags/example_dag_decorator.py
[2024-08-09T02:40:29.159+0000] {processor.py:830} INFO - Processing file /home/airflow/.local/lib/python3.12/site-packages/airflow/example_dags/example_dag_decorator.py for tasks to queue
[2024-08-09T02:40:29.161+0000] {logging_mixin.py:188} INFO - [2024-08-09T02:40:29.161+0000] {dagbag.py:545} INFO - Filling up the DagBag from /home/airflow/.local/lib/python3.12/site-packages/airflow/example_dags/example_dag_decorator.py
[2024-08-09T02:40:29.277+0000] {processor.py:840} INFO - DAG(s) 'example_dag_decorator' retrieved from /home/airflow/.local/lib/python3.12/site-packages/airflow/example_dags/example_dag_decorator.py
[2024-08-09T02:40:29.389+0000] {logging_mixin.py:188} INFO - [2024-08-09T02:40:29.388+0000] {dag.py:3089} INFO - Sync 1 DAGs
[2024-08-09T02:40:29.403+0000] {logging_mixin.py:188} INFO - [2024-08-09T02:40:29.402+0000] {dag.py:3947} INFO - Setting next_dagrun for example_dag_decorator to None, run_after=None
[2024-08-09T02:40:29.443+0000] {processor.py:183} INFO - Processing /home/airflow/.local/lib/python3.12/site-packages/airflow/example_dags/example_dag_decorator.py took 0.291 seconds
[2024-08-09T02:40:59.705+0000] {processor.py:161} INFO - Started process (PID=303) to work on /home/airflow/.local/lib/python3.12/site-packages/airflow/example_dags/example_dag_decorator.py
[2024-08-09T02:40:59.706+0000] {processor.py:830} INFO - Processing file /home/airflow/.local/lib/python3.12/site-packages/airflow/example_dags/example_dag_decorator.py for tasks to queue
[2024-08-09T02:40:59.709+0000] {logging_mixin.py:188} INFO - [2024-08-09T02:40:59.708+0000] {dagbag.py:545} INFO - Filling up the DagBag from /home/airflow/.local/lib/python3.12/site-packages/airflow/example_dags/example_dag_decorator.py
[2024-08-09T02:40:59.830+0000] {processor.py:840} INFO - DAG(s) 'example_dag_decorator' retrieved from /home/airflow/.local/lib/python3.12/site-packages/airflow/example_dags/example_dag_decorator.py
[2024-08-09T02:40:59.942+0000] {logging_mixin.py:188} INFO - [2024-08-09T02:40:59.941+0000] {dag.py:3089} INFO - Sync 1 DAGs
[2024-08-09T02:40:59.954+0000] {logging_mixin.py:188} INFO - [2024-08-09T02:40:59.954+0000] {dag.py:3947} INFO - Setting next_dagrun for example_dag_decorator to None, run_after=None
[2024-08-09T02:40:59.993+0000] {processor.py:183} INFO - Processing /home/airflow/.local/lib/python3.12/site-packages/airflow/example_dags/example_dag_decorator.py took 0.294 seconds
[2024-08-09T02:41:30.709+0000] {processor.py:161} INFO - Started process (PID=363) to work on /home/airflow/.local/lib/python3.12/site-packages/airflow/example_dags/example_dag_decorator.py
[2024-08-09T02:41:30.710+0000] {processor.py:830} INFO - Processing file /home/airflow/.local/lib/python3.12/site-packages/airflow/example_dags/example_dag_decorator.py for tasks to queue
[2024-08-09T02:41:30.712+0000] {logging_mixin.py:188} INFO - [2024-08-09T02:41:30.712+0000] {dagbag.py:545} INFO - Filling up the DagBag from /home/airflow/.local/lib/python3.12/site-packages/airflow/example_dags/example_dag_decorator.py
[2024-08-09T02:41:30.831+0000] {processor.py:840} INFO - DAG(s) 'example_dag_decorator' retrieved from /home/airflow/.local/lib/python3.12/site-packages/airflow/example_dags/example_dag_decorator.py
[2024-08-09T02:41:30.942+0000] {logging_mixin.py:188} INFO - [2024-08-09T02:41:30.942+0000] {dag.py:3089} INFO - Sync 1 DAGs
[2024-08-09T02:41:30.955+0000] {logging_mixin.py:188} INFO - [2024-08-09T02:41:30.954+0000] {dag.py:3947} INFO - Setting next_dagrun for example_dag_decorator to None, run_after=None
[2024-08-09T02:41:30.978+0000] {processor.py:183} INFO - Processing /home/airflow/.local/lib/python3.12/site-packages/airflow/example_dags/example_dag_decorator.py took 0.276 seconds
[2024-08-09T02:42:06.276+0000] {processor.py:161} INFO - Started process (PID=428) to work on /home/airflow/.local/lib/python3.12/site-packages/airflow/example_dags/example_dag_decorator.py
[2024-08-09T02:42:06.291+0000] {processor.py:830} INFO - Processing file /home/airflow/.local/lib/python3.12/site-packages/airflow/example_dags/example_dag_decorator.py for tasks to queue
[2024-08-09T02:42:06.304+0000] {logging_mixin.py:188} INFO - [2024-08-09T02:42:06.303+0000] {dagbag.py:545} INFO - Filling up the DagBag from /home/airflow/.local/lib/python3.12/site-packages/airflow/example_dags/example_dag_decorator.py
[2024-08-09T02:42:08.148+0000] {processor.py:840} INFO - DAG(s) 'example_dag_decorator' retrieved from /home/airflow/.local/lib/python3.12/site-packages/airflow/example_dags/example_dag_decorator.py
[2024-08-09T02:42:09.679+0000] {logging_mixin.py:188} INFO - [2024-08-09T02:42:09.679+0000] {dag.py:3089} INFO - Sync 1 DAGs
[2024-08-09T02:42:09.808+0000] {logging_mixin.py:188} INFO - [2024-08-09T02:42:09.808+0000] {dag.py:3947} INFO - Setting next_dagrun for example_dag_decorator to None, run_after=None
[2024-08-09T02:42:10.265+0000] {processor.py:183} INFO - Processing /home/airflow/.local/lib/python3.12/site-packages/airflow/example_dags/example_dag_decorator.py took 4.018 seconds
[2024-08-09T02:42:43.956+0000] {processor.py:161} INFO - Started process (PID=486) to work on /home/airflow/.local/lib/python3.12/site-packages/airflow/example_dags/example_dag_decorator.py
[2024-08-09T02:42:43.959+0000] {processor.py:830} INFO - Processing file /home/airflow/.local/lib/python3.12/site-packages/airflow/example_dags/example_dag_decorator.py for tasks to queue
[2024-08-09T02:42:43.961+0000] {logging_mixin.py:188} INFO - [2024-08-09T02:42:43.961+0000] {dagbag.py:545} INFO - Filling up the DagBag from /home/airflow/.local/lib/python3.12/site-packages/airflow/example_dags/example_dag_decorator.py
[2024-08-09T02:42:44.137+0000] {processor.py:840} INFO - DAG(s) 'example_dag_decorator' retrieved from /home/airflow/.local/lib/python3.12/site-packages/airflow/example_dags/example_dag_decorator.py
[2024-08-09T02:42:44.270+0000] {logging_mixin.py:188} INFO - [2024-08-09T02:42:44.269+0000] {dag.py:3089} INFO - Sync 1 DAGs
[2024-08-09T02:42:44.283+0000] {logging_mixin.py:188} INFO - [2024-08-09T02:42:44.283+0000] {dag.py:3947} INFO - Setting next_dagrun for example_dag_decorator to None, run_after=None
[2024-08-09T02:42:44.308+0000] {processor.py:183} INFO - Processing /home/airflow/.local/lib/python3.12/site-packages/airflow/example_dags/example_dag_decorator.py took 0.360 seconds
[2024-08-09T02:43:15.243+0000] {processor.py:161} INFO - Started process (PID=546) to work on /home/airflow/.local/lib/python3.12/site-packages/airflow/example_dags/example_dag_decorator.py
[2024-08-09T02:43:15.245+0000] {processor.py:830} INFO - Processing file /home/airflow/.local/lib/python3.12/site-packages/airflow/example_dags/example_dag_decorator.py for tasks to queue
[2024-08-09T02:43:15.247+0000] {logging_mixin.py:188} INFO - [2024-08-09T02:43:15.246+0000] {dagbag.py:545} INFO - Filling up the DagBag from /home/airflow/.local/lib/python3.12/site-packages/airflow/example_dags/example_dag_decorator.py
[2024-08-09T02:43:15.395+0000] {processor.py:840} INFO - DAG(s) 'example_dag_decorator' retrieved from /home/airflow/.local/lib/python3.12/site-packages/airflow/example_dags/example_dag_decorator.py
[2024-08-09T02:43:15.516+0000] {logging_mixin.py:188} INFO - [2024-08-09T02:43:15.516+0000] {dag.py:3089} INFO - Sync 1 DAGs
[2024-08-09T02:43:15.673+0000] {logging_mixin.py:188} INFO - [2024-08-09T02:43:15.673+0000] {dag.py:3947} INFO - Setting next_dagrun for example_dag_decorator to None, run_after=None
[2024-08-09T02:43:15.705+0000] {processor.py:183} INFO - Processing /home/airflow/.local/lib/python3.12/site-packages/airflow/example_dags/example_dag_decorator.py took 0.467 seconds
[2024-08-09T02:43:46.964+0000] {processor.py:161} INFO - Started process (PID=607) to work on /home/airflow/.local/lib/python3.12/site-packages/airflow/example_dags/example_dag_decorator.py
[2024-08-09T02:43:46.965+0000] {processor.py:830} INFO - Processing file /home/airflow/.local/lib/python3.12/site-packages/airflow/example_dags/example_dag_decorator.py for tasks to queue
[2024-08-09T02:43:46.966+0000] {logging_mixin.py:188} INFO - [2024-08-09T02:43:46.966+0000] {dagbag.py:545} INFO - Filling up the DagBag from /home/airflow/.local/lib/python3.12/site-packages/airflow/example_dags/example_dag_decorator.py
[2024-08-09T02:43:47.083+0000] {processor.py:840} INFO - DAG(s) 'example_dag_decorator' retrieved from /home/airflow/.local/lib/python3.12/site-packages/airflow/example_dags/example_dag_decorator.py
[2024-08-09T02:43:47.192+0000] {logging_mixin.py:188} INFO - [2024-08-09T02:43:47.192+0000] {dag.py:3089} INFO - Sync 1 DAGs
[2024-08-09T02:43:47.205+0000] {logging_mixin.py:188} INFO - [2024-08-09T02:43:47.205+0000] {dag.py:3947} INFO - Setting next_dagrun for example_dag_decorator to None, run_after=None
[2024-08-09T02:43:47.242+0000] {processor.py:183} INFO - Processing /home/airflow/.local/lib/python3.12/site-packages/airflow/example_dags/example_dag_decorator.py took 0.285 seconds
[2024-08-09T02:44:18.680+0000] {processor.py:161} INFO - Started process (PID=665) to work on /home/airflow/.local/lib/python3.12/site-packages/airflow/example_dags/example_dag_decorator.py
[2024-08-09T02:44:18.681+0000] {processor.py:830} INFO - Processing file /home/airflow/.local/lib/python3.12/site-packages/airflow/example_dags/example_dag_decorator.py for tasks to queue
[2024-08-09T02:44:18.683+0000] {logging_mixin.py:188} INFO - [2024-08-09T02:44:18.683+0000] {dagbag.py:545} INFO - Filling up the DagBag from /home/airflow/.local/lib/python3.12/site-packages/airflow/example_dags/example_dag_decorator.py
[2024-08-09T02:44:18.858+0000] {processor.py:840} INFO - DAG(s) 'example_dag_decorator' retrieved from /home/airflow/.local/lib/python3.12/site-packages/airflow/example_dags/example_dag_decorator.py
[2024-08-09T02:44:19.021+0000] {logging_mixin.py:188} INFO - [2024-08-09T02:44:19.021+0000] {dag.py:3089} INFO - Sync 1 DAGs
[2024-08-09T02:44:19.035+0000] {logging_mixin.py:188} INFO - [2024-08-09T02:44:19.035+0000] {dag.py:3947} INFO - Setting next_dagrun for example_dag_decorator to None, run_after=None
[2024-08-09T02:44:19.060+0000] {processor.py:183} INFO - Processing /home/airflow/.local/lib/python3.12/site-packages/airflow/example_dags/example_dag_decorator.py took 0.389 seconds
[2024-08-09T02:44:49.805+0000] {processor.py:161} INFO - Started process (PID=725) to work on /home/airflow/.local/lib/python3.12/site-packages/airflow/example_dags/example_dag_decorator.py
[2024-08-09T02:44:49.806+0000] {processor.py:830} INFO - Processing file /home/airflow/.local/lib/python3.12/site-packages/airflow/example_dags/example_dag_decorator.py for tasks to queue
[2024-08-09T02:44:49.808+0000] {logging_mixin.py:188} INFO - [2024-08-09T02:44:49.808+0000] {dagbag.py:545} INFO - Filling up the DagBag from /home/airflow/.local/lib/python3.12/site-packages/airflow/example_dags/example_dag_decorator.py
[2024-08-09T02:44:49.924+0000] {processor.py:840} INFO - DAG(s) 'example_dag_decorator' retrieved from /home/airflow/.local/lib/python3.12/site-packages/airflow/example_dags/example_dag_decorator.py
[2024-08-09T02:44:50.030+0000] {logging_mixin.py:188} INFO - [2024-08-09T02:44:50.030+0000] {dag.py:3089} INFO - Sync 1 DAGs
[2024-08-09T02:44:50.044+0000] {logging_mixin.py:188} INFO - [2024-08-09T02:44:50.044+0000] {dag.py:3947} INFO - Setting next_dagrun for example_dag_decorator to None, run_after=None
[2024-08-09T02:44:50.080+0000] {processor.py:183} INFO - Processing /home/airflow/.local/lib/python3.12/site-packages/airflow/example_dags/example_dag_decorator.py took 0.281 seconds
[2024-08-09T02:45:20.300+0000] {processor.py:161} INFO - Started process (PID=785) to work on /home/airflow/.local/lib/python3.12/site-packages/airflow/example_dags/example_dag_decorator.py
[2024-08-09T02:45:20.301+0000] {processor.py:830} INFO - Processing file /home/airflow/.local/lib/python3.12/site-packages/airflow/example_dags/example_dag_decorator.py for tasks to queue
[2024-08-09T02:45:20.303+0000] {logging_mixin.py:188} INFO - [2024-08-09T02:45:20.302+0000] {dagbag.py:545} INFO - Filling up the DagBag from /home/airflow/.local/lib/python3.12/site-packages/airflow/example_dags/example_dag_decorator.py
[2024-08-09T02:45:20.431+0000] {processor.py:840} INFO - DAG(s) 'example_dag_decorator' retrieved from /home/airflow/.local/lib/python3.12/site-packages/airflow/example_dags/example_dag_decorator.py
[2024-08-09T02:45:20.696+0000] {logging_mixin.py:188} INFO - [2024-08-09T02:45:20.696+0000] {dag.py:3089} INFO - Sync 1 DAGs
[2024-08-09T02:45:20.710+0000] {logging_mixin.py:188} INFO - [2024-08-09T02:45:20.710+0000] {dag.py:3947} INFO - Setting next_dagrun for example_dag_decorator to None, run_after=None
[2024-08-09T02:45:20.741+0000] {processor.py:183} INFO - Processing /home/airflow/.local/lib/python3.12/site-packages/airflow/example_dags/example_dag_decorator.py took 0.448 seconds
[2024-08-09T02:45:51.307+0000] {processor.py:161} INFO - Started process (PID=845) to work on /home/airflow/.local/lib/python3.12/site-packages/airflow/example_dags/example_dag_decorator.py
[2024-08-09T02:45:51.308+0000] {processor.py:830} INFO - Processing file /home/airflow/.local/lib/python3.12/site-packages/airflow/example_dags/example_dag_decorator.py for tasks to queue
[2024-08-09T02:45:51.310+0000] {logging_mixin.py:188} INFO - [2024-08-09T02:45:51.309+0000] {dagbag.py:545} INFO - Filling up the DagBag from /home/airflow/.local/lib/python3.12/site-packages/airflow/example_dags/example_dag_decorator.py
[2024-08-09T02:45:51.455+0000] {processor.py:840} INFO - DAG(s) 'example_dag_decorator' retrieved from /home/airflow/.local/lib/python3.12/site-packages/airflow/example_dags/example_dag_decorator.py
[2024-08-09T02:45:51.606+0000] {logging_mixin.py:188} INFO - [2024-08-09T02:45:51.606+0000] {dag.py:3089} INFO - Sync 1 DAGs
[2024-08-09T02:45:51.871+0000] {logging_mixin.py:188} INFO - [2024-08-09T02:45:51.870+0000] {dag.py:3947} INFO - Setting next_dagrun for example_dag_decorator to None, run_after=None
[2024-08-09T02:45:51.897+0000] {processor.py:183} INFO - Processing /home/airflow/.local/lib/python3.12/site-packages/airflow/example_dags/example_dag_decorator.py took 0.597 seconds
[2024-08-09T02:46:22.279+0000] {processor.py:161} INFO - Started process (PID=905) to work on /home/airflow/.local/lib/python3.12/site-packages/airflow/example_dags/example_dag_decorator.py
[2024-08-09T02:46:22.280+0000] {processor.py:830} INFO - Processing file /home/airflow/.local/lib/python3.12/site-packages/airflow/example_dags/example_dag_decorator.py for tasks to queue
[2024-08-09T02:46:22.282+0000] {logging_mixin.py:188} INFO - [2024-08-09T02:46:22.281+0000] {dagbag.py:545} INFO - Filling up the DagBag from /home/airflow/.local/lib/python3.12/site-packages/airflow/example_dags/example_dag_decorator.py
[2024-08-09T02:46:22.396+0000] {processor.py:840} INFO - DAG(s) 'example_dag_decorator' retrieved from /home/airflow/.local/lib/python3.12/site-packages/airflow/example_dags/example_dag_decorator.py
[2024-08-09T02:46:22.544+0000] {logging_mixin.py:188} INFO - [2024-08-09T02:46:22.544+0000] {dag.py:3089} INFO - Sync 1 DAGs
[2024-08-09T02:46:22.560+0000] {logging_mixin.py:188} INFO - [2024-08-09T02:46:22.560+0000] {dag.py:3947} INFO - Setting next_dagrun for example_dag_decorator to None, run_after=None
[2024-08-09T02:46:22.786+0000] {processor.py:183} INFO - Processing /home/airflow/.local/lib/python3.12/site-packages/airflow/example_dags/example_dag_decorator.py took 0.514 seconds
[2024-08-09T02:46:53.116+0000] {processor.py:161} INFO - Started process (PID=965) to work on /home/airflow/.local/lib/python3.12/site-packages/airflow/example_dags/example_dag_decorator.py
[2024-08-09T02:46:53.117+0000] {processor.py:830} INFO - Processing file /home/airflow/.local/lib/python3.12/site-packages/airflow/example_dags/example_dag_decorator.py for tasks to queue
[2024-08-09T02:46:53.119+0000] {logging_mixin.py:188} INFO - [2024-08-09T02:46:53.118+0000] {dagbag.py:545} INFO - Filling up the DagBag from /home/airflow/.local/lib/python3.12/site-packages/airflow/example_dags/example_dag_decorator.py
[2024-08-09T02:46:53.264+0000] {processor.py:840} INFO - DAG(s) 'example_dag_decorator' retrieved from /home/airflow/.local/lib/python3.12/site-packages/airflow/example_dags/example_dag_decorator.py
[2024-08-09T02:46:53.558+0000] {logging_mixin.py:188} INFO - [2024-08-09T02:46:53.558+0000] {dag.py:3089} INFO - Sync 1 DAGs
[2024-08-09T02:46:53.570+0000] {logging_mixin.py:188} INFO - [2024-08-09T02:46:53.569+0000] {dag.py:3947} INFO - Setting next_dagrun for example_dag_decorator to None, run_after=None
[2024-08-09T02:46:53.591+0000] {processor.py:183} INFO - Processing /home/airflow/.local/lib/python3.12/site-packages/airflow/example_dags/example_dag_decorator.py took 0.485 seconds
[2024-08-09T02:47:24.192+0000] {processor.py:161} INFO - Started process (PID=1024) to work on /home/airflow/.local/lib/python3.12/site-packages/airflow/example_dags/example_dag_decorator.py
[2024-08-09T02:47:24.193+0000] {processor.py:830} INFO - Processing file /home/airflow/.local/lib/python3.12/site-packages/airflow/example_dags/example_dag_decorator.py for tasks to queue
[2024-08-09T02:47:24.195+0000] {logging_mixin.py:188} INFO - [2024-08-09T02:47:24.194+0000] {dagbag.py:545} INFO - Filling up the DagBag from /home/airflow/.local/lib/python3.12/site-packages/airflow/example_dags/example_dag_decorator.py
[2024-08-09T02:47:24.333+0000] {processor.py:840} INFO - DAG(s) 'example_dag_decorator' retrieved from /home/airflow/.local/lib/python3.12/site-packages/airflow/example_dags/example_dag_decorator.py
[2024-08-09T02:47:24.649+0000] {logging_mixin.py:188} INFO - [2024-08-09T02:47:24.649+0000] {dag.py:3089} INFO - Sync 1 DAGs
[2024-08-09T02:47:24.669+0000] {logging_mixin.py:188} INFO - [2024-08-09T02:47:24.668+0000] {dag.py:3947} INFO - Setting next_dagrun for example_dag_decorator to None, run_after=None
[2024-08-09T02:47:24.691+0000] {processor.py:183} INFO - Processing /home/airflow/.local/lib/python3.12/site-packages/airflow/example_dags/example_dag_decorator.py took 0.507 seconds
[2024-08-09T02:47:55.686+0000] {processor.py:161} INFO - Started process (PID=1084) to work on /home/airflow/.local/lib/python3.12/site-packages/airflow/example_dags/example_dag_decorator.py
[2024-08-09T02:47:55.693+0000] {processor.py:830} INFO - Processing file /home/airflow/.local/lib/python3.12/site-packages/airflow/example_dags/example_dag_decorator.py for tasks to queue
[2024-08-09T02:47:55.694+0000] {logging_mixin.py:188} INFO - [2024-08-09T02:47:55.694+0000] {dagbag.py:545} INFO - Filling up the DagBag from /home/airflow/.local/lib/python3.12/site-packages/airflow/example_dags/example_dag_decorator.py
[2024-08-09T02:47:55.966+0000] {processor.py:840} INFO - DAG(s) 'example_dag_decorator' retrieved from /home/airflow/.local/lib/python3.12/site-packages/airflow/example_dags/example_dag_decorator.py
[2024-08-09T02:47:56.267+0000] {logging_mixin.py:188} INFO - [2024-08-09T02:47:56.267+0000] {dag.py:3089} INFO - Sync 1 DAGs
[2024-08-09T02:47:56.279+0000] {logging_mixin.py:188} INFO - [2024-08-09T02:47:56.278+0000] {dag.py:3947} INFO - Setting next_dagrun for example_dag_decorator to None, run_after=None
[2024-08-09T02:47:56.315+0000] {processor.py:183} INFO - Processing /home/airflow/.local/lib/python3.12/site-packages/airflow/example_dags/example_dag_decorator.py took 0.641 seconds
[2024-08-09T02:48:26.442+0000] {processor.py:161} INFO - Started process (PID=1144) to work on /home/airflow/.local/lib/python3.12/site-packages/airflow/example_dags/example_dag_decorator.py
[2024-08-09T02:48:26.443+0000] {processor.py:830} INFO - Processing file /home/airflow/.local/lib/python3.12/site-packages/airflow/example_dags/example_dag_decorator.py for tasks to queue
[2024-08-09T02:48:26.450+0000] {logging_mixin.py:188} INFO - [2024-08-09T02:48:26.450+0000] {dagbag.py:545} INFO - Filling up the DagBag from /home/airflow/.local/lib/python3.12/site-packages/airflow/example_dags/example_dag_decorator.py
[2024-08-09T02:48:26.644+0000] {processor.py:840} INFO - DAG(s) 'example_dag_decorator' retrieved from /home/airflow/.local/lib/python3.12/site-packages/airflow/example_dags/example_dag_decorator.py
[2024-08-09T02:48:27.047+0000] {logging_mixin.py:188} INFO - [2024-08-09T02:48:27.046+0000] {dag.py:3089} INFO - Sync 1 DAGs
[2024-08-09T02:48:27.068+0000] {logging_mixin.py:188} INFO - [2024-08-09T02:48:27.067+0000] {dag.py:3947} INFO - Setting next_dagrun for example_dag_decorator to None, run_after=None
[2024-08-09T02:48:27.101+0000] {processor.py:183} INFO - Processing /home/airflow/.local/lib/python3.12/site-packages/airflow/example_dags/example_dag_decorator.py took 0.666 seconds
[2024-08-09T02:48:57.566+0000] {processor.py:161} INFO - Started process (PID=1204) to work on /home/airflow/.local/lib/python3.12/site-packages/airflow/example_dags/example_dag_decorator.py
[2024-08-09T02:48:57.571+0000] {processor.py:830} INFO - Processing file /home/airflow/.local/lib/python3.12/site-packages/airflow/example_dags/example_dag_decorator.py for tasks to queue
[2024-08-09T02:48:57.572+0000] {logging_mixin.py:188} INFO - [2024-08-09T02:48:57.572+0000] {dagbag.py:545} INFO - Filling up the DagBag from /home/airflow/.local/lib/python3.12/site-packages/airflow/example_dags/example_dag_decorator.py
[2024-08-09T02:48:57.857+0000] {processor.py:840} INFO - DAG(s) 'example_dag_decorator' retrieved from /home/airflow/.local/lib/python3.12/site-packages/airflow/example_dags/example_dag_decorator.py
[2024-08-09T02:48:58.509+0000] {logging_mixin.py:188} INFO - [2024-08-09T02:48:58.508+0000] {dag.py:3089} INFO - Sync 1 DAGs
[2024-08-09T02:48:58.520+0000] {logging_mixin.py:188} INFO - [2024-08-09T02:48:58.520+0000] {dag.py:3947} INFO - Setting next_dagrun for example_dag_decorator to None, run_after=None
[2024-08-09T02:48:58.544+0000] {processor.py:183} INFO - Processing /home/airflow/.local/lib/python3.12/site-packages/airflow/example_dags/example_dag_decorator.py took 1.002 seconds
[2024-08-09T02:49:29.294+0000] {processor.py:161} INFO - Started process (PID=1264) to work on /home/airflow/.local/lib/python3.12/site-packages/airflow/example_dags/example_dag_decorator.py
[2024-08-09T02:49:29.295+0000] {processor.py:830} INFO - Processing file /home/airflow/.local/lib/python3.12/site-packages/airflow/example_dags/example_dag_decorator.py for tasks to queue
[2024-08-09T02:49:29.297+0000] {logging_mixin.py:188} INFO - [2024-08-09T02:49:29.296+0000] {dagbag.py:545} INFO - Filling up the DagBag from /home/airflow/.local/lib/python3.12/site-packages/airflow/example_dags/example_dag_decorator.py
[2024-08-09T02:49:29.515+0000] {processor.py:840} INFO - DAG(s) 'example_dag_decorator' retrieved from /home/airflow/.local/lib/python3.12/site-packages/airflow/example_dags/example_dag_decorator.py
[2024-08-09T02:49:30.000+0000] {logging_mixin.py:188} INFO - [2024-08-09T02:49:30.000+0000] {dag.py:3089} INFO - Sync 1 DAGs
[2024-08-09T02:49:30.025+0000] {logging_mixin.py:188} INFO - [2024-08-09T02:49:30.025+0000] {dag.py:3947} INFO - Setting next_dagrun for example_dag_decorator to None, run_after=None
[2024-08-09T02:49:30.054+0000] {processor.py:183} INFO - Processing /home/airflow/.local/lib/python3.12/site-packages/airflow/example_dags/example_dag_decorator.py took 0.776 seconds
[2024-08-09T02:50:00.459+0000] {processor.py:161} INFO - Started process (PID=1325) to work on /home/airflow/.local/lib/python3.12/site-packages/airflow/example_dags/example_dag_decorator.py
[2024-08-09T02:50:00.460+0000] {processor.py:830} INFO - Processing file /home/airflow/.local/lib/python3.12/site-packages/airflow/example_dags/example_dag_decorator.py for tasks to queue
[2024-08-09T02:50:00.461+0000] {logging_mixin.py:188} INFO - [2024-08-09T02:50:00.460+0000] {dagbag.py:545} INFO - Filling up the DagBag from /home/airflow/.local/lib/python3.12/site-packages/airflow/example_dags/example_dag_decorator.py
[2024-08-09T02:50:00.596+0000] {processor.py:840} INFO - DAG(s) 'example_dag_decorator' retrieved from /home/airflow/.local/lib/python3.12/site-packages/airflow/example_dags/example_dag_decorator.py
[2024-08-09T02:50:00.921+0000] {logging_mixin.py:188} INFO - [2024-08-09T02:50:00.920+0000] {dag.py:3089} INFO - Sync 1 DAGs
[2024-08-09T02:50:00.932+0000] {logging_mixin.py:188} INFO - [2024-08-09T02:50:00.932+0000] {dag.py:3947} INFO - Setting next_dagrun for example_dag_decorator to None, run_after=None
[2024-08-09T02:50:00.962+0000] {processor.py:183} INFO - Processing /home/airflow/.local/lib/python3.12/site-packages/airflow/example_dags/example_dag_decorator.py took 0.509 seconds
[2024-08-09T02:50:31.301+0000] {processor.py:161} INFO - Started process (PID=1385) to work on /home/airflow/.local/lib/python3.12/site-packages/airflow/example_dags/example_dag_decorator.py
[2024-08-09T02:50:31.303+0000] {processor.py:830} INFO - Processing file /home/airflow/.local/lib/python3.12/site-packages/airflow/example_dags/example_dag_decorator.py for tasks to queue
[2024-08-09T02:50:31.304+0000] {logging_mixin.py:188} INFO - [2024-08-09T02:50:31.304+0000] {dagbag.py:545} INFO - Filling up the DagBag from /home/airflow/.local/lib/python3.12/site-packages/airflow/example_dags/example_dag_decorator.py
[2024-08-09T02:50:31.580+0000] {processor.py:840} INFO - DAG(s) 'example_dag_decorator' retrieved from /home/airflow/.local/lib/python3.12/site-packages/airflow/example_dags/example_dag_decorator.py
[2024-08-09T02:50:31.755+0000] {logging_mixin.py:188} INFO - [2024-08-09T02:50:31.755+0000] {dag.py:3089} INFO - Sync 1 DAGs
[2024-08-09T02:50:31.784+0000] {logging_mixin.py:188} INFO - [2024-08-09T02:50:31.784+0000] {dag.py:3947} INFO - Setting next_dagrun for example_dag_decorator to None, run_after=None
[2024-08-09T02:50:32.265+0000] {processor.py:183} INFO - Processing /home/airflow/.local/lib/python3.12/site-packages/airflow/example_dags/example_dag_decorator.py took 0.969 seconds
[2024-08-09T02:51:03.450+0000] {processor.py:161} INFO - Started process (PID=1443) to work on /home/airflow/.local/lib/python3.12/site-packages/airflow/example_dags/example_dag_decorator.py
[2024-08-09T02:51:03.451+0000] {processor.py:830} INFO - Processing file /home/airflow/.local/lib/python3.12/site-packages/airflow/example_dags/example_dag_decorator.py for tasks to queue
[2024-08-09T02:51:03.452+0000] {logging_mixin.py:188} INFO - [2024-08-09T02:51:03.452+0000] {dagbag.py:545} INFO - Filling up the DagBag from /home/airflow/.local/lib/python3.12/site-packages/airflow/example_dags/example_dag_decorator.py
[2024-08-09T02:51:03.878+0000] {processor.py:840} INFO - DAG(s) 'example_dag_decorator' retrieved from /home/airflow/.local/lib/python3.12/site-packages/airflow/example_dags/example_dag_decorator.py
[2024-08-09T02:51:03.989+0000] {logging_mixin.py:188} INFO - [2024-08-09T02:51:03.988+0000] {dag.py:3089} INFO - Sync 1 DAGs
[2024-08-09T02:51:04.000+0000] {logging_mixin.py:188} INFO - [2024-08-09T02:51:04.000+0000] {dag.py:3947} INFO - Setting next_dagrun for example_dag_decorator to None, run_after=None
[2024-08-09T02:51:04.027+0000] {processor.py:183} INFO - Processing /home/airflow/.local/lib/python3.12/site-packages/airflow/example_dags/example_dag_decorator.py took 0.584 seconds
[2024-08-09T02:59:48.326+0000] {processor.py:161} INFO - Started process (PID=1500) to work on /home/airflow/.local/lib/python3.12/site-packages/airflow/example_dags/example_dag_decorator.py
[2024-08-09T02:59:48.327+0000] {processor.py:830} INFO - Processing file /home/airflow/.local/lib/python3.12/site-packages/airflow/example_dags/example_dag_decorator.py for tasks to queue
[2024-08-09T02:59:48.329+0000] {logging_mixin.py:188} INFO - [2024-08-09T02:59:48.328+0000] {dagbag.py:545} INFO - Filling up the DagBag from /home/airflow/.local/lib/python3.12/site-packages/airflow/example_dags/example_dag_decorator.py
[2024-08-09T02:59:49.541+0000] {processor.py:840} INFO - DAG(s) 'example_dag_decorator' retrieved from /home/airflow/.local/lib/python3.12/site-packages/airflow/example_dags/example_dag_decorator.py
[2024-08-09T02:59:50.064+0000] {logging_mixin.py:188} INFO - [2024-08-09T02:59:50.064+0000] {dag.py:3089} INFO - Sync 1 DAGs
[2024-08-09T02:59:50.942+0000] {logging_mixin.py:188} INFO - [2024-08-09T02:59:50.942+0000] {dag.py:3947} INFO - Setting next_dagrun for example_dag_decorator to None, run_after=None
[2024-08-09T02:59:53.654+0000] {processor.py:183} INFO - Processing /home/airflow/.local/lib/python3.12/site-packages/airflow/example_dags/example_dag_decorator.py took 5.333 seconds
[2024-08-09T03:39:21.147+0000] {processor.py:161} INFO - Started process (PID=61) to work on /home/airflow/.local/lib/python3.12/site-packages/airflow/example_dags/example_dag_decorator.py
[2024-08-09T03:39:21.165+0000] {processor.py:830} INFO - Processing file /home/airflow/.local/lib/python3.12/site-packages/airflow/example_dags/example_dag_decorator.py for tasks to queue
[2024-08-09T03:39:21.168+0000] {logging_mixin.py:188} INFO - [2024-08-09T03:39:21.168+0000] {dagbag.py:545} INFO - Filling up the DagBag from /home/airflow/.local/lib/python3.12/site-packages/airflow/example_dags/example_dag_decorator.py
[2024-08-09T03:39:24.158+0000] {processor.py:840} INFO - DAG(s) 'example_dag_decorator' retrieved from /home/airflow/.local/lib/python3.12/site-packages/airflow/example_dags/example_dag_decorator.py
[2024-08-09T03:39:24.510+0000] {logging_mixin.py:188} INFO - [2024-08-09T03:39:24.510+0000] {dag.py:3089} INFO - Sync 1 DAGs
[2024-08-09T03:39:24.571+0000] {logging_mixin.py:188} INFO - [2024-08-09T03:39:24.571+0000] {dag.py:3947} INFO - Setting next_dagrun for example_dag_decorator to None, run_after=None
[2024-08-09T03:39:24.642+0000] {processor.py:183} INFO - Processing /home/airflow/.local/lib/python3.12/site-packages/airflow/example_dags/example_dag_decorator.py took 3.504 seconds
[2024-08-09T03:40:05.777+0000] {processor.py:161} INFO - Started process (PID=118) to work on /home/airflow/.local/lib/python3.12/site-packages/airflow/example_dags/example_dag_decorator.py
[2024-08-09T03:40:05.790+0000] {processor.py:830} INFO - Processing file /home/airflow/.local/lib/python3.12/site-packages/airflow/example_dags/example_dag_decorator.py for tasks to queue
[2024-08-09T03:40:05.793+0000] {logging_mixin.py:188} INFO - [2024-08-09T03:40:05.793+0000] {dagbag.py:545} INFO - Filling up the DagBag from /home/airflow/.local/lib/python3.12/site-packages/airflow/example_dags/example_dag_decorator.py
[2024-08-09T03:40:11.466+0000] {processor.py:840} INFO - DAG(s) 'example_dag_decorator' retrieved from /home/airflow/.local/lib/python3.12/site-packages/airflow/example_dags/example_dag_decorator.py
[2024-08-09T03:40:11.595+0000] {logging_mixin.py:188} INFO - [2024-08-09T03:40:11.594+0000] {dag.py:3089} INFO - Sync 1 DAGs
[2024-08-09T03:40:11.608+0000] {logging_mixin.py:188} INFO - [2024-08-09T03:40:11.608+0000] {dag.py:3947} INFO - Setting next_dagrun for example_dag_decorator to None, run_after=None
[2024-08-09T03:40:11.771+0000] {processor.py:183} INFO - Processing /home/airflow/.local/lib/python3.12/site-packages/airflow/example_dags/example_dag_decorator.py took 6.001 seconds
[2024-08-09T03:40:42.344+0000] {processor.py:161} INFO - Started process (PID=178) to work on /home/airflow/.local/lib/python3.12/site-packages/airflow/example_dags/example_dag_decorator.py
[2024-08-09T03:40:42.351+0000] {processor.py:830} INFO - Processing file /home/airflow/.local/lib/python3.12/site-packages/airflow/example_dags/example_dag_decorator.py for tasks to queue
[2024-08-09T03:40:42.352+0000] {logging_mixin.py:188} INFO - [2024-08-09T03:40:42.352+0000] {dagbag.py:545} INFO - Filling up the DagBag from /home/airflow/.local/lib/python3.12/site-packages/airflow/example_dags/example_dag_decorator.py
[2024-08-09T03:40:42.462+0000] {processor.py:840} INFO - DAG(s) 'example_dag_decorator' retrieved from /home/airflow/.local/lib/python3.12/site-packages/airflow/example_dags/example_dag_decorator.py
[2024-08-09T03:40:42.491+0000] {logging_mixin.py:188} INFO - [2024-08-09T03:40:42.491+0000] {dag.py:3089} INFO - Sync 1 DAGs
[2024-08-09T03:40:42.506+0000] {logging_mixin.py:188} INFO - [2024-08-09T03:40:42.506+0000] {dag.py:3947} INFO - Setting next_dagrun for example_dag_decorator to None, run_after=None
[2024-08-09T03:40:42.815+0000] {processor.py:183} INFO - Processing /home/airflow/.local/lib/python3.12/site-packages/airflow/example_dags/example_dag_decorator.py took 0.478 seconds
[2024-08-09T03:41:12.929+0000] {processor.py:161} INFO - Started process (PID=238) to work on /home/airflow/.local/lib/python3.12/site-packages/airflow/example_dags/example_dag_decorator.py
[2024-08-09T03:41:12.930+0000] {processor.py:830} INFO - Processing file /home/airflow/.local/lib/python3.12/site-packages/airflow/example_dags/example_dag_decorator.py for tasks to queue
[2024-08-09T03:41:12.932+0000] {logging_mixin.py:188} INFO - [2024-08-09T03:41:12.931+0000] {dagbag.py:545} INFO - Filling up the DagBag from /home/airflow/.local/lib/python3.12/site-packages/airflow/example_dags/example_dag_decorator.py
[2024-08-09T03:41:13.106+0000] {processor.py:840} INFO - DAG(s) 'example_dag_decorator' retrieved from /home/airflow/.local/lib/python3.12/site-packages/airflow/example_dags/example_dag_decorator.py
[2024-08-09T03:41:13.140+0000] {logging_mixin.py:188} INFO - [2024-08-09T03:41:13.140+0000] {dag.py:3089} INFO - Sync 1 DAGs
[2024-08-09T03:41:13.154+0000] {logging_mixin.py:188} INFO - [2024-08-09T03:41:13.154+0000] {dag.py:3947} INFO - Setting next_dagrun for example_dag_decorator to None, run_after=None
[2024-08-09T03:41:13.180+0000] {processor.py:183} INFO - Processing /home/airflow/.local/lib/python3.12/site-packages/airflow/example_dags/example_dag_decorator.py took 0.258 seconds
[2024-08-09T03:41:43.613+0000] {processor.py:161} INFO - Started process (PID=298) to work on /home/airflow/.local/lib/python3.12/site-packages/airflow/example_dags/example_dag_decorator.py
[2024-08-09T03:41:43.615+0000] {processor.py:830} INFO - Processing file /home/airflow/.local/lib/python3.12/site-packages/airflow/example_dags/example_dag_decorator.py for tasks to queue
[2024-08-09T03:41:43.616+0000] {logging_mixin.py:188} INFO - [2024-08-09T03:41:43.616+0000] {dagbag.py:545} INFO - Filling up the DagBag from /home/airflow/.local/lib/python3.12/site-packages/airflow/example_dags/example_dag_decorator.py
[2024-08-09T03:41:43.721+0000] {processor.py:840} INFO - DAG(s) 'example_dag_decorator' retrieved from /home/airflow/.local/lib/python3.12/site-packages/airflow/example_dags/example_dag_decorator.py
[2024-08-09T03:41:43.743+0000] {logging_mixin.py:188} INFO - [2024-08-09T03:41:43.743+0000] {dag.py:3089} INFO - Sync 1 DAGs
[2024-08-09T03:41:43.755+0000] {logging_mixin.py:188} INFO - [2024-08-09T03:41:43.755+0000] {dag.py:3947} INFO - Setting next_dagrun for example_dag_decorator to None, run_after=None
[2024-08-09T03:41:43.785+0000] {processor.py:183} INFO - Processing /home/airflow/.local/lib/python3.12/site-packages/airflow/example_dags/example_dag_decorator.py took 0.178 seconds
[2024-08-09T03:42:14.405+0000] {processor.py:161} INFO - Started process (PID=356) to work on /home/airflow/.local/lib/python3.12/site-packages/airflow/example_dags/example_dag_decorator.py
[2024-08-09T03:42:14.406+0000] {processor.py:830} INFO - Processing file /home/airflow/.local/lib/python3.12/site-packages/airflow/example_dags/example_dag_decorator.py for tasks to queue
[2024-08-09T03:42:14.407+0000] {logging_mixin.py:188} INFO - [2024-08-09T03:42:14.407+0000] {dagbag.py:545} INFO - Filling up the DagBag from /home/airflow/.local/lib/python3.12/site-packages/airflow/example_dags/example_dag_decorator.py
[2024-08-09T03:42:14.589+0000] {processor.py:840} INFO - DAG(s) 'example_dag_decorator' retrieved from /home/airflow/.local/lib/python3.12/site-packages/airflow/example_dags/example_dag_decorator.py
[2024-08-09T03:42:14.694+0000] {logging_mixin.py:188} INFO - [2024-08-09T03:42:14.694+0000] {dag.py:3089} INFO - Sync 1 DAGs
[2024-08-09T03:42:14.710+0000] {logging_mixin.py:188} INFO - [2024-08-09T03:42:14.710+0000] {dag.py:3947} INFO - Setting next_dagrun for example_dag_decorator to None, run_after=None
[2024-08-09T03:42:14.737+0000] {processor.py:183} INFO - Processing /home/airflow/.local/lib/python3.12/site-packages/airflow/example_dags/example_dag_decorator.py took 0.340 seconds
[2024-08-09T03:42:44.965+0000] {processor.py:161} INFO - Started process (PID=421) to work on /home/airflow/.local/lib/python3.12/site-packages/airflow/example_dags/example_dag_decorator.py
[2024-08-09T03:42:44.969+0000] {processor.py:830} INFO - Processing file /home/airflow/.local/lib/python3.12/site-packages/airflow/example_dags/example_dag_decorator.py for tasks to queue
[2024-08-09T03:42:44.970+0000] {logging_mixin.py:188} INFO - [2024-08-09T03:42:44.970+0000] {dagbag.py:545} INFO - Filling up the DagBag from /home/airflow/.local/lib/python3.12/site-packages/airflow/example_dags/example_dag_decorator.py
[2024-08-09T03:42:45.081+0000] {processor.py:840} INFO - DAG(s) 'example_dag_decorator' retrieved from /home/airflow/.local/lib/python3.12/site-packages/airflow/example_dags/example_dag_decorator.py
[2024-08-09T03:42:45.192+0000] {logging_mixin.py:188} INFO - [2024-08-09T03:42:45.192+0000] {dag.py:3089} INFO - Sync 1 DAGs
[2024-08-09T03:42:45.206+0000] {logging_mixin.py:188} INFO - [2024-08-09T03:42:45.206+0000] {dag.py:3947} INFO - Setting next_dagrun for example_dag_decorator to None, run_after=None
[2024-08-09T03:42:45.228+0000] {processor.py:183} INFO - Processing /home/airflow/.local/lib/python3.12/site-packages/airflow/example_dags/example_dag_decorator.py took 0.272 seconds
[2024-08-09T03:43:15.308+0000] {processor.py:161} INFO - Started process (PID=482) to work on /home/airflow/.local/lib/python3.12/site-packages/airflow/example_dags/example_dag_decorator.py
[2024-08-09T03:43:15.309+0000] {processor.py:830} INFO - Processing file /home/airflow/.local/lib/python3.12/site-packages/airflow/example_dags/example_dag_decorator.py for tasks to queue
[2024-08-09T03:43:15.310+0000] {logging_mixin.py:188} INFO - [2024-08-09T03:43:15.309+0000] {dagbag.py:545} INFO - Filling up the DagBag from /home/airflow/.local/lib/python3.12/site-packages/airflow/example_dags/example_dag_decorator.py
[2024-08-09T03:43:15.424+0000] {processor.py:840} INFO - DAG(s) 'example_dag_decorator' retrieved from /home/airflow/.local/lib/python3.12/site-packages/airflow/example_dags/example_dag_decorator.py
[2024-08-09T03:43:15.567+0000] {logging_mixin.py:188} INFO - [2024-08-09T03:43:15.567+0000] {dag.py:3089} INFO - Sync 1 DAGs
[2024-08-09T03:43:15.580+0000] {logging_mixin.py:188} INFO - [2024-08-09T03:43:15.580+0000] {dag.py:3947} INFO - Setting next_dagrun for example_dag_decorator to None, run_after=None
[2024-08-09T03:43:15.608+0000] {processor.py:183} INFO - Processing /home/airflow/.local/lib/python3.12/site-packages/airflow/example_dags/example_dag_decorator.py took 0.308 seconds
[2024-08-09T03:43:50.396+0000] {processor.py:161} INFO - Started process (PID=530) to work on /home/airflow/.local/lib/python3.12/site-packages/airflow/example_dags/example_dag_decorator.py
[2024-08-09T03:43:50.404+0000] {processor.py:830} INFO - Processing file /home/airflow/.local/lib/python3.12/site-packages/airflow/example_dags/example_dag_decorator.py for tasks to queue
[2024-08-09T03:43:50.405+0000] {logging_mixin.py:188} INFO - [2024-08-09T03:43:50.405+0000] {dagbag.py:545} INFO - Filling up the DagBag from /home/airflow/.local/lib/python3.12/site-packages/airflow/example_dags/example_dag_decorator.py
[2024-08-09T03:43:50.741+0000] {processor.py:840} INFO - DAG(s) 'example_dag_decorator' retrieved from /home/airflow/.local/lib/python3.12/site-packages/airflow/example_dags/example_dag_decorator.py
[2024-08-09T03:43:51.126+0000] {logging_mixin.py:188} INFO - [2024-08-09T03:43:51.125+0000] {dag.py:3089} INFO - Sync 1 DAGs
[2024-08-09T03:43:51.165+0000] {logging_mixin.py:188} INFO - [2024-08-09T03:43:51.165+0000] {dag.py:3947} INFO - Setting next_dagrun for example_dag_decorator to None, run_after=None
[2024-08-09T03:43:51.571+0000] {processor.py:183} INFO - Processing /home/airflow/.local/lib/python3.12/site-packages/airflow/example_dags/example_dag_decorator.py took 1.183 seconds
[2024-08-09T03:44:22.169+0000] {processor.py:161} INFO - Started process (PID=590) to work on /home/airflow/.local/lib/python3.12/site-packages/airflow/example_dags/example_dag_decorator.py
[2024-08-09T03:44:22.180+0000] {processor.py:830} INFO - Processing file /home/airflow/.local/lib/python3.12/site-packages/airflow/example_dags/example_dag_decorator.py for tasks to queue
[2024-08-09T03:44:22.182+0000] {logging_mixin.py:188} INFO - [2024-08-09T03:44:22.181+0000] {dagbag.py:545} INFO - Filling up the DagBag from /home/airflow/.local/lib/python3.12/site-packages/airflow/example_dags/example_dag_decorator.py
[2024-08-09T03:44:22.581+0000] {processor.py:840} INFO - DAG(s) 'example_dag_decorator' retrieved from /home/airflow/.local/lib/python3.12/site-packages/airflow/example_dags/example_dag_decorator.py
[2024-08-09T03:44:22.966+0000] {logging_mixin.py:188} INFO - [2024-08-09T03:44:22.966+0000] {dag.py:3089} INFO - Sync 1 DAGs
[2024-08-09T03:44:23.002+0000] {logging_mixin.py:188} INFO - [2024-08-09T03:44:23.002+0000] {dag.py:3947} INFO - Setting next_dagrun for example_dag_decorator to None, run_after=None
[2024-08-09T03:44:23.112+0000] {processor.py:183} INFO - Processing /home/airflow/.local/lib/python3.12/site-packages/airflow/example_dags/example_dag_decorator.py took 0.948 seconds
[2024-08-09T03:44:53.469+0000] {processor.py:161} INFO - Started process (PID=652) to work on /home/airflow/.local/lib/python3.12/site-packages/airflow/example_dags/example_dag_decorator.py
[2024-08-09T03:44:53.470+0000] {processor.py:830} INFO - Processing file /home/airflow/.local/lib/python3.12/site-packages/airflow/example_dags/example_dag_decorator.py for tasks to queue
[2024-08-09T03:44:53.471+0000] {logging_mixin.py:188} INFO - [2024-08-09T03:44:53.471+0000] {dagbag.py:545} INFO - Filling up the DagBag from /home/airflow/.local/lib/python3.12/site-packages/airflow/example_dags/example_dag_decorator.py
[2024-08-09T03:44:53.575+0000] {processor.py:840} INFO - DAG(s) 'example_dag_decorator' retrieved from /home/airflow/.local/lib/python3.12/site-packages/airflow/example_dags/example_dag_decorator.py
[2024-08-09T03:44:53.840+0000] {logging_mixin.py:188} INFO - [2024-08-09T03:44:53.840+0000] {dag.py:3089} INFO - Sync 1 DAGs
[2024-08-09T03:44:53.858+0000] {logging_mixin.py:188} INFO - [2024-08-09T03:44:53.858+0000] {dag.py:3947} INFO - Setting next_dagrun for example_dag_decorator to None, run_after=None
[2024-08-09T03:44:53.925+0000] {processor.py:183} INFO - Processing /home/airflow/.local/lib/python3.12/site-packages/airflow/example_dags/example_dag_decorator.py took 0.463 seconds
[2024-08-09T03:45:24.564+0000] {processor.py:161} INFO - Started process (PID=711) to work on /home/airflow/.local/lib/python3.12/site-packages/airflow/example_dags/example_dag_decorator.py
[2024-08-09T03:45:24.565+0000] {processor.py:830} INFO - Processing file /home/airflow/.local/lib/python3.12/site-packages/airflow/example_dags/example_dag_decorator.py for tasks to queue
[2024-08-09T03:45:24.566+0000] {logging_mixin.py:188} INFO - [2024-08-09T03:45:24.566+0000] {dagbag.py:545} INFO - Filling up the DagBag from /home/airflow/.local/lib/python3.12/site-packages/airflow/example_dags/example_dag_decorator.py
[2024-08-09T03:45:24.682+0000] {processor.py:840} INFO - DAG(s) 'example_dag_decorator' retrieved from /home/airflow/.local/lib/python3.12/site-packages/airflow/example_dags/example_dag_decorator.py
[2024-08-09T03:45:24.789+0000] {logging_mixin.py:188} INFO - [2024-08-09T03:45:24.789+0000] {dag.py:3089} INFO - Sync 1 DAGs
[2024-08-09T03:45:24.962+0000] {logging_mixin.py:188} INFO - [2024-08-09T03:45:24.962+0000] {dag.py:3947} INFO - Setting next_dagrun for example_dag_decorator to None, run_after=None
[2024-08-09T03:45:24.992+0000] {processor.py:183} INFO - Processing /home/airflow/.local/lib/python3.12/site-packages/airflow/example_dags/example_dag_decorator.py took 0.435 seconds
[2024-08-09T03:45:55.488+0000] {processor.py:161} INFO - Started process (PID=771) to work on /home/airflow/.local/lib/python3.12/site-packages/airflow/example_dags/example_dag_decorator.py
[2024-08-09T03:45:55.489+0000] {processor.py:830} INFO - Processing file /home/airflow/.local/lib/python3.12/site-packages/airflow/example_dags/example_dag_decorator.py for tasks to queue
[2024-08-09T03:45:55.491+0000] {logging_mixin.py:188} INFO - [2024-08-09T03:45:55.490+0000] {dagbag.py:545} INFO - Filling up the DagBag from /home/airflow/.local/lib/python3.12/site-packages/airflow/example_dags/example_dag_decorator.py
[2024-08-09T03:45:55.612+0000] {processor.py:840} INFO - DAG(s) 'example_dag_decorator' retrieved from /home/airflow/.local/lib/python3.12/site-packages/airflow/example_dags/example_dag_decorator.py
[2024-08-09T03:45:55.743+0000] {logging_mixin.py:188} INFO - [2024-08-09T03:45:55.742+0000] {dag.py:3089} INFO - Sync 1 DAGs
[2024-08-09T03:45:55.759+0000] {logging_mixin.py:188} INFO - [2024-08-09T03:45:55.759+0000] {dag.py:3947} INFO - Setting next_dagrun for example_dag_decorator to None, run_after=None
[2024-08-09T03:45:55.944+0000] {processor.py:183} INFO - Processing /home/airflow/.local/lib/python3.12/site-packages/airflow/example_dags/example_dag_decorator.py took 0.467 seconds
[2024-08-09T03:46:26.018+0000] {processor.py:161} INFO - Started process (PID=834) to work on /home/airflow/.local/lib/python3.12/site-packages/airflow/example_dags/example_dag_decorator.py
[2024-08-09T03:46:26.019+0000] {processor.py:830} INFO - Processing file /home/airflow/.local/lib/python3.12/site-packages/airflow/example_dags/example_dag_decorator.py for tasks to queue
[2024-08-09T03:46:26.020+0000] {logging_mixin.py:188} INFO - [2024-08-09T03:46:26.020+0000] {dagbag.py:545} INFO - Filling up the DagBag from /home/airflow/.local/lib/python3.12/site-packages/airflow/example_dags/example_dag_decorator.py
[2024-08-09T03:46:26.138+0000] {processor.py:840} INFO - DAG(s) 'example_dag_decorator' retrieved from /home/airflow/.local/lib/python3.12/site-packages/airflow/example_dags/example_dag_decorator.py
[2024-08-09T03:46:26.260+0000] {logging_mixin.py:188} INFO - [2024-08-09T03:46:26.260+0000] {dag.py:3089} INFO - Sync 1 DAGs
[2024-08-09T03:46:26.273+0000] {logging_mixin.py:188} INFO - [2024-08-09T03:46:26.273+0000] {dag.py:3947} INFO - Setting next_dagrun for example_dag_decorator to None, run_after=None
[2024-08-09T03:46:26.441+0000] {processor.py:183} INFO - Processing /home/airflow/.local/lib/python3.12/site-packages/airflow/example_dags/example_dag_decorator.py took 0.429 seconds
[2024-08-09T03:46:57.252+0000] {processor.py:161} INFO - Started process (PID=893) to work on /home/airflow/.local/lib/python3.12/site-packages/airflow/example_dags/example_dag_decorator.py
[2024-08-09T03:46:57.253+0000] {processor.py:830} INFO - Processing file /home/airflow/.local/lib/python3.12/site-packages/airflow/example_dags/example_dag_decorator.py for tasks to queue
[2024-08-09T03:46:57.255+0000] {logging_mixin.py:188} INFO - [2024-08-09T03:46:57.254+0000] {dagbag.py:545} INFO - Filling up the DagBag from /home/airflow/.local/lib/python3.12/site-packages/airflow/example_dags/example_dag_decorator.py
[2024-08-09T03:46:57.371+0000] {processor.py:840} INFO - DAG(s) 'example_dag_decorator' retrieved from /home/airflow/.local/lib/python3.12/site-packages/airflow/example_dags/example_dag_decorator.py
[2024-08-09T03:46:57.621+0000] {logging_mixin.py:188} INFO - [2024-08-09T03:46:57.620+0000] {dag.py:3089} INFO - Sync 1 DAGs
[2024-08-09T03:46:57.631+0000] {logging_mixin.py:188} INFO - [2024-08-09T03:46:57.631+0000] {dag.py:3947} INFO - Setting next_dagrun for example_dag_decorator to None, run_after=None
[2024-08-09T03:46:57.662+0000] {processor.py:183} INFO - Processing /home/airflow/.local/lib/python3.12/site-packages/airflow/example_dags/example_dag_decorator.py took 0.418 seconds
[2024-08-09T03:47:28.569+0000] {processor.py:161} INFO - Started process (PID=954) to work on /home/airflow/.local/lib/python3.12/site-packages/airflow/example_dags/example_dag_decorator.py
[2024-08-09T03:47:28.570+0000] {processor.py:830} INFO - Processing file /home/airflow/.local/lib/python3.12/site-packages/airflow/example_dags/example_dag_decorator.py for tasks to queue
[2024-08-09T03:47:28.572+0000] {logging_mixin.py:188} INFO - [2024-08-09T03:47:28.571+0000] {dagbag.py:545} INFO - Filling up the DagBag from /home/airflow/.local/lib/python3.12/site-packages/airflow/example_dags/example_dag_decorator.py
[2024-08-09T03:47:28.729+0000] {processor.py:840} INFO - DAG(s) 'example_dag_decorator' retrieved from /home/airflow/.local/lib/python3.12/site-packages/airflow/example_dags/example_dag_decorator.py
[2024-08-09T03:47:29.078+0000] {logging_mixin.py:188} INFO - [2024-08-09T03:47:29.078+0000] {dag.py:3089} INFO - Sync 1 DAGs
[2024-08-09T03:47:29.090+0000] {logging_mixin.py:188} INFO - [2024-08-09T03:47:29.090+0000] {dag.py:3947} INFO - Setting next_dagrun for example_dag_decorator to None, run_after=None
[2024-08-09T03:47:29.120+0000] {processor.py:183} INFO - Processing /home/airflow/.local/lib/python3.12/site-packages/airflow/example_dags/example_dag_decorator.py took 0.557 seconds
[2024-08-09T03:47:59.269+0000] {processor.py:161} INFO - Started process (PID=1014) to work on /home/airflow/.local/lib/python3.12/site-packages/airflow/example_dags/example_dag_decorator.py
[2024-08-09T03:47:59.270+0000] {processor.py:830} INFO - Processing file /home/airflow/.local/lib/python3.12/site-packages/airflow/example_dags/example_dag_decorator.py for tasks to queue
[2024-08-09T03:47:59.271+0000] {logging_mixin.py:188} INFO - [2024-08-09T03:47:59.271+0000] {dagbag.py:545} INFO - Filling up the DagBag from /home/airflow/.local/lib/python3.12/site-packages/airflow/example_dags/example_dag_decorator.py
[2024-08-09T03:47:59.418+0000] {processor.py:840} INFO - DAG(s) 'example_dag_decorator' retrieved from /home/airflow/.local/lib/python3.12/site-packages/airflow/example_dags/example_dag_decorator.py
[2024-08-09T03:47:59.680+0000] {logging_mixin.py:188} INFO - [2024-08-09T03:47:59.679+0000] {dag.py:3089} INFO - Sync 1 DAGs
[2024-08-09T03:47:59.697+0000] {logging_mixin.py:188} INFO - [2024-08-09T03:47:59.696+0000] {dag.py:3947} INFO - Setting next_dagrun for example_dag_decorator to None, run_after=None
[2024-08-09T03:47:59.726+0000] {processor.py:183} INFO - Processing /home/airflow/.local/lib/python3.12/site-packages/airflow/example_dags/example_dag_decorator.py took 0.464 seconds
[2024-08-09T03:48:36.811+0000] {processor.py:161} INFO - Started process (PID=1074) to work on /home/airflow/.local/lib/python3.12/site-packages/airflow/example_dags/example_dag_decorator.py
[2024-08-09T03:48:36.812+0000] {processor.py:830} INFO - Processing file /home/airflow/.local/lib/python3.12/site-packages/airflow/example_dags/example_dag_decorator.py for tasks to queue
[2024-08-09T03:48:36.813+0000] {logging_mixin.py:188} INFO - [2024-08-09T03:48:36.813+0000] {dagbag.py:545} INFO - Filling up the DagBag from /home/airflow/.local/lib/python3.12/site-packages/airflow/example_dags/example_dag_decorator.py
[2024-08-09T03:48:37.666+0000] {processor.py:840} INFO - DAG(s) 'example_dag_decorator' retrieved from /home/airflow/.local/lib/python3.12/site-packages/airflow/example_dags/example_dag_decorator.py
[2024-08-09T03:48:39.621+0000] {logging_mixin.py:188} INFO - [2024-08-09T03:48:39.620+0000] {dag.py:3089} INFO - Sync 1 DAGs
[2024-08-09T03:48:39.647+0000] {logging_mixin.py:188} INFO - [2024-08-09T03:48:39.647+0000] {dag.py:3947} INFO - Setting next_dagrun for example_dag_decorator to None, run_after=None
[2024-08-09T03:48:39.691+0000] {processor.py:183} INFO - Processing /home/airflow/.local/lib/python3.12/site-packages/airflow/example_dags/example_dag_decorator.py took 2.888 seconds
[2024-08-09T03:49:22.907+0000] {processor.py:161} INFO - Started process (PID=1137) to work on /home/airflow/.local/lib/python3.12/site-packages/airflow/example_dags/example_dag_decorator.py
[2024-08-09T03:49:22.909+0000] {processor.py:830} INFO - Processing file /home/airflow/.local/lib/python3.12/site-packages/airflow/example_dags/example_dag_decorator.py for tasks to queue
[2024-08-09T03:49:22.922+0000] {logging_mixin.py:188} INFO - [2024-08-09T03:49:22.916+0000] {dagbag.py:545} INFO - Filling up the DagBag from /home/airflow/.local/lib/python3.12/site-packages/airflow/example_dags/example_dag_decorator.py
[2024-08-09T03:49:23.433+0000] {processor.py:840} INFO - DAG(s) 'example_dag_decorator' retrieved from /home/airflow/.local/lib/python3.12/site-packages/airflow/example_dags/example_dag_decorator.py
[2024-08-09T03:49:26.427+0000] {logging_mixin.py:188} INFO - [2024-08-09T03:49:26.424+0000] {dag.py:3089} INFO - Sync 1 DAGs
[2024-08-09T03:49:26.506+0000] {logging_mixin.py:188} INFO - [2024-08-09T03:49:26.505+0000] {dag.py:3947} INFO - Setting next_dagrun for example_dag_decorator to None, run_after=None
[2024-08-09T03:49:26.582+0000] {processor.py:183} INFO - Processing /home/airflow/.local/lib/python3.12/site-packages/airflow/example_dags/example_dag_decorator.py took 3.720 seconds
[2024-08-09T03:50:00.519+0000] {processor.py:161} INFO - Started process (PID=1194) to work on /home/airflow/.local/lib/python3.12/site-packages/airflow/example_dags/example_dag_decorator.py
[2024-08-09T03:50:00.521+0000] {processor.py:830} INFO - Processing file /home/airflow/.local/lib/python3.12/site-packages/airflow/example_dags/example_dag_decorator.py for tasks to queue
[2024-08-09T03:50:00.522+0000] {logging_mixin.py:188} INFO - [2024-08-09T03:50:00.521+0000] {dagbag.py:545} INFO - Filling up the DagBag from /home/airflow/.local/lib/python3.12/site-packages/airflow/example_dags/example_dag_decorator.py
[2024-08-09T03:50:01.160+0000] {processor.py:840} INFO - DAG(s) 'example_dag_decorator' retrieved from /home/airflow/.local/lib/python3.12/site-packages/airflow/example_dags/example_dag_decorator.py
[2024-08-09T03:50:02.418+0000] {logging_mixin.py:188} INFO - [2024-08-09T03:50:02.418+0000] {dag.py:3089} INFO - Sync 1 DAGs
[2024-08-09T03:50:02.442+0000] {logging_mixin.py:188} INFO - [2024-08-09T03:50:02.440+0000] {dag.py:3947} INFO - Setting next_dagrun for example_dag_decorator to None, run_after=None
[2024-08-09T03:50:02.481+0000] {processor.py:183} INFO - Processing /home/airflow/.local/lib/python3.12/site-packages/airflow/example_dags/example_dag_decorator.py took 1.989 seconds
[2024-08-09T03:50:40.526+0000] {processor.py:161} INFO - Started process (PID=1253) to work on /home/airflow/.local/lib/python3.12/site-packages/airflow/example_dags/example_dag_decorator.py
[2024-08-09T03:50:40.549+0000] {processor.py:830} INFO - Processing file /home/airflow/.local/lib/python3.12/site-packages/airflow/example_dags/example_dag_decorator.py for tasks to queue
[2024-08-09T03:50:40.550+0000] {logging_mixin.py:188} INFO - [2024-08-09T03:50:40.550+0000] {dagbag.py:545} INFO - Filling up the DagBag from /home/airflow/.local/lib/python3.12/site-packages/airflow/example_dags/example_dag_decorator.py
[2024-08-09T03:50:41.046+0000] {processor.py:840} INFO - DAG(s) 'example_dag_decorator' retrieved from /home/airflow/.local/lib/python3.12/site-packages/airflow/example_dags/example_dag_decorator.py
[2024-08-09T03:50:41.669+0000] {logging_mixin.py:188} INFO - [2024-08-09T03:50:41.669+0000] {dag.py:3089} INFO - Sync 1 DAGs
[2024-08-09T03:50:41.959+0000] {logging_mixin.py:188} INFO - [2024-08-09T03:50:41.958+0000] {dag.py:3947} INFO - Setting next_dagrun for example_dag_decorator to None, run_after=None
[2024-08-09T03:50:42.656+0000] {processor.py:183} INFO - Processing /home/airflow/.local/lib/python3.12/site-packages/airflow/example_dags/example_dag_decorator.py took 2.176 seconds
[2024-08-09T03:51:12.813+0000] {processor.py:161} INFO - Started process (PID=1310) to work on /home/airflow/.local/lib/python3.12/site-packages/airflow/example_dags/example_dag_decorator.py
[2024-08-09T03:51:12.830+0000] {processor.py:830} INFO - Processing file /home/airflow/.local/lib/python3.12/site-packages/airflow/example_dags/example_dag_decorator.py for tasks to queue
[2024-08-09T03:51:12.831+0000] {logging_mixin.py:188} INFO - [2024-08-09T03:51:12.831+0000] {dagbag.py:545} INFO - Filling up the DagBag from /home/airflow/.local/lib/python3.12/site-packages/airflow/example_dags/example_dag_decorator.py
[2024-08-09T03:51:12.960+0000] {processor.py:840} INFO - DAG(s) 'example_dag_decorator' retrieved from /home/airflow/.local/lib/python3.12/site-packages/airflow/example_dags/example_dag_decorator.py
[2024-08-09T03:51:13.498+0000] {logging_mixin.py:188} INFO - [2024-08-09T03:51:13.497+0000] {dag.py:3089} INFO - Sync 1 DAGs
[2024-08-09T03:51:13.508+0000] {logging_mixin.py:188} INFO - [2024-08-09T03:51:13.508+0000] {dag.py:3947} INFO - Setting next_dagrun for example_dag_decorator to None, run_after=None
[2024-08-09T03:51:13.797+0000] {processor.py:183} INFO - Processing /home/airflow/.local/lib/python3.12/site-packages/airflow/example_dags/example_dag_decorator.py took 0.991 seconds
[2024-08-09T03:51:44.378+0000] {processor.py:161} INFO - Started process (PID=1368) to work on /home/airflow/.local/lib/python3.12/site-packages/airflow/example_dags/example_dag_decorator.py
[2024-08-09T03:51:44.390+0000] {processor.py:830} INFO - Processing file /home/airflow/.local/lib/python3.12/site-packages/airflow/example_dags/example_dag_decorator.py for tasks to queue
[2024-08-09T03:51:44.396+0000] {logging_mixin.py:188} INFO - [2024-08-09T03:51:44.394+0000] {dagbag.py:545} INFO - Filling up the DagBag from /home/airflow/.local/lib/python3.12/site-packages/airflow/example_dags/example_dag_decorator.py
[2024-08-09T03:51:58.077+0000] {processor.py:840} INFO - DAG(s) 'example_dag_decorator' retrieved from /home/airflow/.local/lib/python3.12/site-packages/airflow/example_dags/example_dag_decorator.py
[2024-08-09T03:52:01.359+0000] {logging_mixin.py:188} INFO - [2024-08-09T03:52:01.359+0000] {dag.py:3089} INFO - Sync 1 DAGs
[2024-08-09T03:52:01.405+0000] {logging_mixin.py:188} INFO - [2024-08-09T03:52:01.405+0000] {dag.py:3947} INFO - Setting next_dagrun for example_dag_decorator to None, run_after=None
[2024-08-09T03:52:01.524+0000] {processor.py:183} INFO - Processing /home/airflow/.local/lib/python3.12/site-packages/airflow/example_dags/example_dag_decorator.py took 17.175 seconds
[2024-08-09T03:52:33.139+0000] {processor.py:161} INFO - Started process (PID=1423) to work on /home/airflow/.local/lib/python3.12/site-packages/airflow/example_dags/example_dag_decorator.py
[2024-08-09T03:52:33.144+0000] {processor.py:830} INFO - Processing file /home/airflow/.local/lib/python3.12/site-packages/airflow/example_dags/example_dag_decorator.py for tasks to queue
[2024-08-09T03:52:33.145+0000] {logging_mixin.py:188} INFO - [2024-08-09T03:52:33.145+0000] {dagbag.py:545} INFO - Filling up the DagBag from /home/airflow/.local/lib/python3.12/site-packages/airflow/example_dags/example_dag_decorator.py
[2024-08-09T03:52:34.058+0000] {processor.py:840} INFO - DAG(s) 'example_dag_decorator' retrieved from /home/airflow/.local/lib/python3.12/site-packages/airflow/example_dags/example_dag_decorator.py
[2024-08-09T03:52:38.785+0000] {logging_mixin.py:188} INFO - [2024-08-09T03:52:38.785+0000] {dag.py:3089} INFO - Sync 1 DAGs
[2024-08-09T03:52:38.816+0000] {logging_mixin.py:188} INFO - [2024-08-09T03:52:38.816+0000] {dag.py:3947} INFO - Setting next_dagrun for example_dag_decorator to None, run_after=None
[2024-08-09T03:52:39.114+0000] {processor.py:183} INFO - Processing /home/airflow/.local/lib/python3.12/site-packages/airflow/example_dags/example_dag_decorator.py took 6.031 seconds
[2024-08-09T06:02:15.254+0000] {processor.py:161} INFO - Started process (PID=61) to work on /home/airflow/.local/lib/python3.12/site-packages/airflow/example_dags/example_dag_decorator.py
[2024-08-09T06:02:15.274+0000] {processor.py:830} INFO - Processing file /home/airflow/.local/lib/python3.12/site-packages/airflow/example_dags/example_dag_decorator.py for tasks to queue
[2024-08-09T06:02:15.285+0000] {logging_mixin.py:188} INFO - [2024-08-09T06:02:15.285+0000] {dagbag.py:545} INFO - Filling up the DagBag from /home/airflow/.local/lib/python3.12/site-packages/airflow/example_dags/example_dag_decorator.py
[2024-08-09T06:02:16.021+0000] {processor.py:840} INFO - DAG(s) 'example_dag_decorator' retrieved from /home/airflow/.local/lib/python3.12/site-packages/airflow/example_dags/example_dag_decorator.py
[2024-08-09T06:02:16.825+0000] {logging_mixin.py:188} INFO - [2024-08-09T06:02:16.824+0000] {dag.py:3089} INFO - Sync 1 DAGs
[2024-08-09T06:02:16.839+0000] {logging_mixin.py:188} INFO - [2024-08-09T06:02:16.839+0000] {dag.py:3947} INFO - Setting next_dagrun for example_dag_decorator to None, run_after=None
[2024-08-09T06:02:16.951+0000] {processor.py:183} INFO - Processing /home/airflow/.local/lib/python3.12/site-packages/airflow/example_dags/example_dag_decorator.py took 1.710 seconds
