[2024-08-09T02:38:56.944+0000] {processor.py:161} INFO - Started process (PID=88) to work on /home/airflow/.local/lib/python3.12/site-packages/airflow/example_dags/example_task_group.py
[2024-08-09T02:38:57.068+0000] {processor.py:830} INFO - Processing file /home/airflow/.local/lib/python3.12/site-packages/airflow/example_dags/example_task_group.py for tasks to queue
[2024-08-09T02:38:57.118+0000] {logging_mixin.py:188} INFO - [2024-08-09T02:38:57.103+0000] {dagbag.py:545} INFO - Filling up the DagBag from /home/airflow/.local/lib/python3.12/site-packages/airflow/example_dags/example_task_group.py
[2024-08-09T02:38:57.250+0000] {processor.py:840} INFO - DAG(s) 'example_task_group' retrieved from /home/airflow/.local/lib/python3.12/site-packages/airflow/example_dags/example_task_group.py
[2024-08-09T02:39:01.440+0000] {logging_mixin.py:188} INFO - [2024-08-09T02:39:01.439+0000] {dag.py:3089} INFO - Sync 1 DAGs
[2024-08-09T02:39:01.668+0000] {logging_mixin.py:188} INFO - [2024-08-09T02:39:01.668+0000] {dag.py:3947} INFO - Setting next_dagrun for example_task_group to 2024-08-08 00:00:00+00:00, run_after=2024-08-09 00:00:00+00:00
[2024-08-09T02:39:01.795+0000] {processor.py:183} INFO - Processing /home/airflow/.local/lib/python3.12/site-packages/airflow/example_dags/example_task_group.py took 4.997 seconds
[2024-08-09T02:39:32.878+0000] {processor.py:161} INFO - Started process (PID=148) to work on /home/airflow/.local/lib/python3.12/site-packages/airflow/example_dags/example_task_group.py
[2024-08-09T02:39:32.879+0000] {processor.py:830} INFO - Processing file /home/airflow/.local/lib/python3.12/site-packages/airflow/example_dags/example_task_group.py for tasks to queue
[2024-08-09T02:39:32.881+0000] {logging_mixin.py:188} INFO - [2024-08-09T02:39:32.881+0000] {dagbag.py:545} INFO - Filling up the DagBag from /home/airflow/.local/lib/python3.12/site-packages/airflow/example_dags/example_task_group.py
[2024-08-09T02:39:32.890+0000] {processor.py:840} INFO - DAG(s) 'example_task_group' retrieved from /home/airflow/.local/lib/python3.12/site-packages/airflow/example_dags/example_task_group.py
[2024-08-09T02:39:32.919+0000] {logging_mixin.py:188} INFO - [2024-08-09T02:39:32.919+0000] {dag.py:3089} INFO - Sync 1 DAGs
[2024-08-09T02:39:32.955+0000] {logging_mixin.py:188} INFO - [2024-08-09T02:39:32.951+0000] {dag.py:3947} INFO - Setting next_dagrun for example_task_group to 2024-08-08 00:00:00+00:00, run_after=2024-08-09 00:00:00+00:00
[2024-08-09T02:39:32.997+0000] {processor.py:183} INFO - Processing /home/airflow/.local/lib/python3.12/site-packages/airflow/example_dags/example_task_group.py took 0.126 seconds
[2024-08-09T02:40:03.678+0000] {processor.py:161} INFO - Started process (PID=211) to work on /home/airflow/.local/lib/python3.12/site-packages/airflow/example_dags/example_task_group.py
[2024-08-09T02:40:03.679+0000] {processor.py:830} INFO - Processing file /home/airflow/.local/lib/python3.12/site-packages/airflow/example_dags/example_task_group.py for tasks to queue
[2024-08-09T02:40:03.681+0000] {logging_mixin.py:188} INFO - [2024-08-09T02:40:03.681+0000] {dagbag.py:545} INFO - Filling up the DagBag from /home/airflow/.local/lib/python3.12/site-packages/airflow/example_dags/example_task_group.py
[2024-08-09T02:40:03.690+0000] {processor.py:840} INFO - DAG(s) 'example_task_group' retrieved from /home/airflow/.local/lib/python3.12/site-packages/airflow/example_dags/example_task_group.py
[2024-08-09T02:40:03.713+0000] {logging_mixin.py:188} INFO - [2024-08-09T02:40:03.713+0000] {dag.py:3089} INFO - Sync 1 DAGs
[2024-08-09T02:40:03.737+0000] {logging_mixin.py:188} INFO - [2024-08-09T02:40:03.737+0000] {dag.py:3947} INFO - Setting next_dagrun for example_task_group to 2024-08-08 00:00:00+00:00, run_after=2024-08-09 00:00:00+00:00
[2024-08-09T02:40:03.760+0000] {processor.py:183} INFO - Processing /home/airflow/.local/lib/python3.12/site-packages/airflow/example_dags/example_task_group.py took 0.088 seconds
[2024-08-09T02:40:33.864+0000] {processor.py:161} INFO - Started process (PID=271) to work on /home/airflow/.local/lib/python3.12/site-packages/airflow/example_dags/example_task_group.py
[2024-08-09T02:40:33.865+0000] {processor.py:830} INFO - Processing file /home/airflow/.local/lib/python3.12/site-packages/airflow/example_dags/example_task_group.py for tasks to queue
[2024-08-09T02:40:33.868+0000] {logging_mixin.py:188} INFO - [2024-08-09T02:40:33.868+0000] {dagbag.py:545} INFO - Filling up the DagBag from /home/airflow/.local/lib/python3.12/site-packages/airflow/example_dags/example_task_group.py
[2024-08-09T02:40:33.877+0000] {processor.py:840} INFO - DAG(s) 'example_task_group' retrieved from /home/airflow/.local/lib/python3.12/site-packages/airflow/example_dags/example_task_group.py
[2024-08-09T02:40:33.901+0000] {logging_mixin.py:188} INFO - [2024-08-09T02:40:33.901+0000] {dag.py:3089} INFO - Sync 1 DAGs
[2024-08-09T02:40:33.928+0000] {logging_mixin.py:188} INFO - [2024-08-09T02:40:33.928+0000] {dag.py:3947} INFO - Setting next_dagrun for example_task_group to 2024-08-08 00:00:00+00:00, run_after=2024-08-09 00:00:00+00:00
[2024-08-09T02:40:33.954+0000] {processor.py:183} INFO - Processing /home/airflow/.local/lib/python3.12/site-packages/airflow/example_dags/example_task_group.py took 0.097 seconds
[2024-08-09T02:41:06.715+0000] {processor.py:161} INFO - Started process (PID=331) to work on /home/airflow/.local/lib/python3.12/site-packages/airflow/example_dags/example_task_group.py
[2024-08-09T02:41:06.718+0000] {processor.py:830} INFO - Processing file /home/airflow/.local/lib/python3.12/site-packages/airflow/example_dags/example_task_group.py for tasks to queue
[2024-08-09T02:41:06.724+0000] {logging_mixin.py:188} INFO - [2024-08-09T02:41:06.724+0000] {dagbag.py:545} INFO - Filling up the DagBag from /home/airflow/.local/lib/python3.12/site-packages/airflow/example_dags/example_task_group.py
[2024-08-09T02:41:06.734+0000] {processor.py:840} INFO - DAG(s) 'example_task_group' retrieved from /home/airflow/.local/lib/python3.12/site-packages/airflow/example_dags/example_task_group.py
[2024-08-09T02:41:06.759+0000] {logging_mixin.py:188} INFO - [2024-08-09T02:41:06.759+0000] {dag.py:3089} INFO - Sync 1 DAGs
[2024-08-09T02:41:06.795+0000] {logging_mixin.py:188} INFO - [2024-08-09T02:41:06.794+0000] {dag.py:3947} INFO - Setting next_dagrun for example_task_group to 2024-08-08 00:00:00+00:00, run_after=2024-08-09 00:00:00+00:00
[2024-08-09T02:41:06.824+0000] {processor.py:183} INFO - Processing /home/airflow/.local/lib/python3.12/site-packages/airflow/example_dags/example_task_group.py took 0.119 seconds
[2024-08-09T02:41:37.822+0000] {processor.py:161} INFO - Started process (PID=390) to work on /home/airflow/.local/lib/python3.12/site-packages/airflow/example_dags/example_task_group.py
[2024-08-09T02:41:37.830+0000] {processor.py:830} INFO - Processing file /home/airflow/.local/lib/python3.12/site-packages/airflow/example_dags/example_task_group.py for tasks to queue
[2024-08-09T02:41:37.833+0000] {logging_mixin.py:188} INFO - [2024-08-09T02:41:37.832+0000] {dagbag.py:545} INFO - Filling up the DagBag from /home/airflow/.local/lib/python3.12/site-packages/airflow/example_dags/example_task_group.py
[2024-08-09T02:41:37.865+0000] {processor.py:840} INFO - DAG(s) 'example_task_group' retrieved from /home/airflow/.local/lib/python3.12/site-packages/airflow/example_dags/example_task_group.py
[2024-08-09T02:41:37.912+0000] {logging_mixin.py:188} INFO - [2024-08-09T02:41:37.911+0000] {dag.py:3089} INFO - Sync 1 DAGs
[2024-08-09T02:41:38.018+0000] {logging_mixin.py:188} INFO - [2024-08-09T02:41:38.018+0000] {dag.py:3947} INFO - Setting next_dagrun for example_task_group to 2024-08-08 00:00:00+00:00, run_after=2024-08-09 00:00:00+00:00
[2024-08-09T02:41:38.100+0000] {processor.py:183} INFO - Processing /home/airflow/.local/lib/python3.12/site-packages/airflow/example_dags/example_task_group.py took 0.295 seconds
[2024-08-09T02:42:32.197+0000] {processor.py:161} INFO - Started process (PID=448) to work on /home/airflow/.local/lib/python3.12/site-packages/airflow/example_dags/example_task_group.py
[2024-08-09T02:42:32.205+0000] {processor.py:830} INFO - Processing file /home/airflow/.local/lib/python3.12/site-packages/airflow/example_dags/example_task_group.py for tasks to queue
[2024-08-09T02:42:32.213+0000] {logging_mixin.py:188} INFO - [2024-08-09T02:42:32.213+0000] {dagbag.py:545} INFO - Filling up the DagBag from /home/airflow/.local/lib/python3.12/site-packages/airflow/example_dags/example_task_group.py
[2024-08-09T02:42:32.222+0000] {processor.py:840} INFO - DAG(s) 'example_task_group' retrieved from /home/airflow/.local/lib/python3.12/site-packages/airflow/example_dags/example_task_group.py
[2024-08-09T02:42:32.244+0000] {logging_mixin.py:188} INFO - [2024-08-09T02:42:32.244+0000] {dag.py:3089} INFO - Sync 1 DAGs
[2024-08-09T02:42:32.297+0000] {logging_mixin.py:188} INFO - [2024-08-09T02:42:32.296+0000] {dag.py:3947} INFO - Setting next_dagrun for example_task_group to 2024-08-08 00:00:00+00:00, run_after=2024-08-09 00:00:00+00:00
[2024-08-09T02:42:32.481+0000] {processor.py:183} INFO - Processing /home/airflow/.local/lib/python3.12/site-packages/airflow/example_dags/example_task_group.py took 0.291 seconds
[2024-08-09T02:43:04.175+0000] {processor.py:161} INFO - Started process (PID=508) to work on /home/airflow/.local/lib/python3.12/site-packages/airflow/example_dags/example_task_group.py
[2024-08-09T02:43:04.180+0000] {processor.py:830} INFO - Processing file /home/airflow/.local/lib/python3.12/site-packages/airflow/example_dags/example_task_group.py for tasks to queue
[2024-08-09T02:43:04.182+0000] {logging_mixin.py:188} INFO - [2024-08-09T02:43:04.182+0000] {dagbag.py:545} INFO - Filling up the DagBag from /home/airflow/.local/lib/python3.12/site-packages/airflow/example_dags/example_task_group.py
[2024-08-09T02:43:04.191+0000] {processor.py:840} INFO - DAG(s) 'example_task_group' retrieved from /home/airflow/.local/lib/python3.12/site-packages/airflow/example_dags/example_task_group.py
[2024-08-09T02:43:04.225+0000] {logging_mixin.py:188} INFO - [2024-08-09T02:43:04.225+0000] {dag.py:3089} INFO - Sync 1 DAGs
[2024-08-09T02:43:04.280+0000] {logging_mixin.py:188} INFO - [2024-08-09T02:43:04.279+0000] {dag.py:3947} INFO - Setting next_dagrun for example_task_group to 2024-08-08 00:00:00+00:00, run_after=2024-08-09 00:00:00+00:00
[2024-08-09T02:43:04.341+0000] {processor.py:183} INFO - Processing /home/airflow/.local/lib/python3.12/site-packages/airflow/example_dags/example_task_group.py took 0.174 seconds
[2024-08-09T02:43:34.903+0000] {processor.py:161} INFO - Started process (PID=566) to work on /home/airflow/.local/lib/python3.12/site-packages/airflow/example_dags/example_task_group.py
[2024-08-09T02:43:34.904+0000] {processor.py:830} INFO - Processing file /home/airflow/.local/lib/python3.12/site-packages/airflow/example_dags/example_task_group.py for tasks to queue
[2024-08-09T02:43:34.905+0000] {logging_mixin.py:188} INFO - [2024-08-09T02:43:34.904+0000] {dagbag.py:545} INFO - Filling up the DagBag from /home/airflow/.local/lib/python3.12/site-packages/airflow/example_dags/example_task_group.py
[2024-08-09T02:43:34.914+0000] {processor.py:840} INFO - DAG(s) 'example_task_group' retrieved from /home/airflow/.local/lib/python3.12/site-packages/airflow/example_dags/example_task_group.py
[2024-08-09T02:43:34.938+0000] {logging_mixin.py:188} INFO - [2024-08-09T02:43:34.937+0000] {dag.py:3089} INFO - Sync 1 DAGs
[2024-08-09T02:43:34.966+0000] {logging_mixin.py:188} INFO - [2024-08-09T02:43:34.966+0000] {dag.py:3947} INFO - Setting next_dagrun for example_task_group to 2024-08-08 00:00:00+00:00, run_after=2024-08-09 00:00:00+00:00
[2024-08-09T02:43:34.993+0000] {processor.py:183} INFO - Processing /home/airflow/.local/lib/python3.12/site-packages/airflow/example_dags/example_task_group.py took 0.097 seconds
[2024-08-09T02:44:05.602+0000] {processor.py:161} INFO - Started process (PID=626) to work on /home/airflow/.local/lib/python3.12/site-packages/airflow/example_dags/example_task_group.py
[2024-08-09T02:44:05.603+0000] {processor.py:830} INFO - Processing file /home/airflow/.local/lib/python3.12/site-packages/airflow/example_dags/example_task_group.py for tasks to queue
[2024-08-09T02:44:05.605+0000] {logging_mixin.py:188} INFO - [2024-08-09T02:44:05.605+0000] {dagbag.py:545} INFO - Filling up the DagBag from /home/airflow/.local/lib/python3.12/site-packages/airflow/example_dags/example_task_group.py
[2024-08-09T02:44:05.615+0000] {processor.py:840} INFO - DAG(s) 'example_task_group' retrieved from /home/airflow/.local/lib/python3.12/site-packages/airflow/example_dags/example_task_group.py
[2024-08-09T02:44:05.641+0000] {logging_mixin.py:188} INFO - [2024-08-09T02:44:05.641+0000] {dag.py:3089} INFO - Sync 1 DAGs
[2024-08-09T02:44:05.674+0000] {logging_mixin.py:188} INFO - [2024-08-09T02:44:05.673+0000] {dag.py:3947} INFO - Setting next_dagrun for example_task_group to 2024-08-08 00:00:00+00:00, run_after=2024-08-09 00:00:00+00:00
[2024-08-09T02:44:05.832+0000] {processor.py:183} INFO - Processing /home/airflow/.local/lib/python3.12/site-packages/airflow/example_dags/example_task_group.py took 0.238 seconds
[2024-08-09T02:44:36.345+0000] {processor.py:161} INFO - Started process (PID=686) to work on /home/airflow/.local/lib/python3.12/site-packages/airflow/example_dags/example_task_group.py
[2024-08-09T02:44:36.349+0000] {processor.py:830} INFO - Processing file /home/airflow/.local/lib/python3.12/site-packages/airflow/example_dags/example_task_group.py for tasks to queue
[2024-08-09T02:44:36.350+0000] {logging_mixin.py:188} INFO - [2024-08-09T02:44:36.350+0000] {dagbag.py:545} INFO - Filling up the DagBag from /home/airflow/.local/lib/python3.12/site-packages/airflow/example_dags/example_task_group.py
[2024-08-09T02:44:36.359+0000] {processor.py:840} INFO - DAG(s) 'example_task_group' retrieved from /home/airflow/.local/lib/python3.12/site-packages/airflow/example_dags/example_task_group.py
[2024-08-09T02:44:36.386+0000] {logging_mixin.py:188} INFO - [2024-08-09T02:44:36.386+0000] {dag.py:3089} INFO - Sync 1 DAGs
[2024-08-09T02:44:36.411+0000] {logging_mixin.py:188} INFO - [2024-08-09T02:44:36.410+0000] {dag.py:3947} INFO - Setting next_dagrun for example_task_group to 2024-08-08 00:00:00+00:00, run_after=2024-08-09 00:00:00+00:00
[2024-08-09T02:44:36.432+0000] {processor.py:183} INFO - Processing /home/airflow/.local/lib/python3.12/site-packages/airflow/example_dags/example_task_group.py took 0.095 seconds
[2024-08-09T02:45:06.883+0000] {processor.py:161} INFO - Started process (PID=747) to work on /home/airflow/.local/lib/python3.12/site-packages/airflow/example_dags/example_task_group.py
[2024-08-09T02:45:06.887+0000] {processor.py:830} INFO - Processing file /home/airflow/.local/lib/python3.12/site-packages/airflow/example_dags/example_task_group.py for tasks to queue
[2024-08-09T02:45:06.889+0000] {logging_mixin.py:188} INFO - [2024-08-09T02:45:06.888+0000] {dagbag.py:545} INFO - Filling up the DagBag from /home/airflow/.local/lib/python3.12/site-packages/airflow/example_dags/example_task_group.py
[2024-08-09T02:45:06.904+0000] {processor.py:840} INFO - DAG(s) 'example_task_group' retrieved from /home/airflow/.local/lib/python3.12/site-packages/airflow/example_dags/example_task_group.py
[2024-08-09T02:45:06.931+0000] {logging_mixin.py:188} INFO - [2024-08-09T02:45:06.930+0000] {dag.py:3089} INFO - Sync 1 DAGs
[2024-08-09T02:45:06.958+0000] {logging_mixin.py:188} INFO - [2024-08-09T02:45:06.957+0000] {dag.py:3947} INFO - Setting next_dagrun for example_task_group to 2024-08-08 00:00:00+00:00, run_after=2024-08-09 00:00:00+00:00
[2024-08-09T02:45:06.985+0000] {processor.py:183} INFO - Processing /home/airflow/.local/lib/python3.12/site-packages/airflow/example_dags/example_task_group.py took 0.109 seconds
[2024-08-09T02:45:37.728+0000] {processor.py:161} INFO - Started process (PID=808) to work on /home/airflow/.local/lib/python3.12/site-packages/airflow/example_dags/example_task_group.py
[2024-08-09T02:45:37.735+0000] {processor.py:830} INFO - Processing file /home/airflow/.local/lib/python3.12/site-packages/airflow/example_dags/example_task_group.py for tasks to queue
[2024-08-09T02:45:37.736+0000] {logging_mixin.py:188} INFO - [2024-08-09T02:45:37.736+0000] {dagbag.py:545} INFO - Filling up the DagBag from /home/airflow/.local/lib/python3.12/site-packages/airflow/example_dags/example_task_group.py
[2024-08-09T02:45:37.762+0000] {processor.py:840} INFO - DAG(s) 'example_task_group' retrieved from /home/airflow/.local/lib/python3.12/site-packages/airflow/example_dags/example_task_group.py
[2024-08-09T02:45:37.838+0000] {logging_mixin.py:188} INFO - [2024-08-09T02:45:37.838+0000] {dag.py:3089} INFO - Sync 1 DAGs
[2024-08-09T02:45:37.892+0000] {logging_mixin.py:188} INFO - [2024-08-09T02:45:37.892+0000] {dag.py:3947} INFO - Setting next_dagrun for example_task_group to 2024-08-08 00:00:00+00:00, run_after=2024-08-09 00:00:00+00:00
[2024-08-09T02:45:37.949+0000] {processor.py:183} INFO - Processing /home/airflow/.local/lib/python3.12/site-packages/airflow/example_dags/example_task_group.py took 0.237 seconds
[2024-08-09T02:46:08.564+0000] {processor.py:161} INFO - Started process (PID=868) to work on /home/airflow/.local/lib/python3.12/site-packages/airflow/example_dags/example_task_group.py
[2024-08-09T02:46:08.567+0000] {processor.py:830} INFO - Processing file /home/airflow/.local/lib/python3.12/site-packages/airflow/example_dags/example_task_group.py for tasks to queue
[2024-08-09T02:46:08.574+0000] {logging_mixin.py:188} INFO - [2024-08-09T02:46:08.573+0000] {dagbag.py:545} INFO - Filling up the DagBag from /home/airflow/.local/lib/python3.12/site-packages/airflow/example_dags/example_task_group.py
[2024-08-09T02:46:08.590+0000] {processor.py:840} INFO - DAG(s) 'example_task_group' retrieved from /home/airflow/.local/lib/python3.12/site-packages/airflow/example_dags/example_task_group.py
[2024-08-09T02:46:08.640+0000] {logging_mixin.py:188} INFO - [2024-08-09T02:46:08.640+0000] {dag.py:3089} INFO - Sync 1 DAGs
[2024-08-09T02:46:08.691+0000] {logging_mixin.py:188} INFO - [2024-08-09T02:46:08.689+0000] {dag.py:3947} INFO - Setting next_dagrun for example_task_group to 2024-08-08 00:00:00+00:00, run_after=2024-08-09 00:00:00+00:00
[2024-08-09T02:46:08.735+0000] {processor.py:183} INFO - Processing /home/airflow/.local/lib/python3.12/site-packages/airflow/example_dags/example_task_group.py took 0.182 seconds
[2024-08-09T02:46:39.699+0000] {processor.py:161} INFO - Started process (PID=934) to work on /home/airflow/.local/lib/python3.12/site-packages/airflow/example_dags/example_task_group.py
[2024-08-09T02:46:39.702+0000] {processor.py:830} INFO - Processing file /home/airflow/.local/lib/python3.12/site-packages/airflow/example_dags/example_task_group.py for tasks to queue
[2024-08-09T02:46:39.704+0000] {logging_mixin.py:188} INFO - [2024-08-09T02:46:39.703+0000] {dagbag.py:545} INFO - Filling up the DagBag from /home/airflow/.local/lib/python3.12/site-packages/airflow/example_dags/example_task_group.py
[2024-08-09T02:46:39.717+0000] {processor.py:840} INFO - DAG(s) 'example_task_group' retrieved from /home/airflow/.local/lib/python3.12/site-packages/airflow/example_dags/example_task_group.py
[2024-08-09T02:46:39.759+0000] {logging_mixin.py:188} INFO - [2024-08-09T02:46:39.759+0000] {dag.py:3089} INFO - Sync 1 DAGs
[2024-08-09T02:46:39.882+0000] {logging_mixin.py:188} INFO - [2024-08-09T02:46:39.882+0000] {dag.py:3947} INFO - Setting next_dagrun for example_task_group to 2024-08-08 00:00:00+00:00, run_after=2024-08-09 00:00:00+00:00
[2024-08-09T02:46:39.925+0000] {processor.py:183} INFO - Processing /home/airflow/.local/lib/python3.12/site-packages/airflow/example_dags/example_task_group.py took 0.239 seconds
[2024-08-09T02:47:10.200+0000] {processor.py:161} INFO - Started process (PID=993) to work on /home/airflow/.local/lib/python3.12/site-packages/airflow/example_dags/example_task_group.py
[2024-08-09T02:47:10.201+0000] {processor.py:830} INFO - Processing file /home/airflow/.local/lib/python3.12/site-packages/airflow/example_dags/example_task_group.py for tasks to queue
[2024-08-09T02:47:10.204+0000] {logging_mixin.py:188} INFO - [2024-08-09T02:47:10.203+0000] {dagbag.py:545} INFO - Filling up the DagBag from /home/airflow/.local/lib/python3.12/site-packages/airflow/example_dags/example_task_group.py
[2024-08-09T02:47:10.215+0000] {processor.py:840} INFO - DAG(s) 'example_task_group' retrieved from /home/airflow/.local/lib/python3.12/site-packages/airflow/example_dags/example_task_group.py
[2024-08-09T02:47:10.246+0000] {logging_mixin.py:188} INFO - [2024-08-09T02:47:10.245+0000] {dag.py:3089} INFO - Sync 1 DAGs
[2024-08-09T02:47:10.280+0000] {logging_mixin.py:188} INFO - [2024-08-09T02:47:10.279+0000] {dag.py:3947} INFO - Setting next_dagrun for example_task_group to 2024-08-08 00:00:00+00:00, run_after=2024-08-09 00:00:00+00:00
[2024-08-09T02:47:10.310+0000] {processor.py:183} INFO - Processing /home/airflow/.local/lib/python3.12/site-packages/airflow/example_dags/example_task_group.py took 0.119 seconds
[2024-08-09T02:47:40.567+0000] {processor.py:161} INFO - Started process (PID=1053) to work on /home/airflow/.local/lib/python3.12/site-packages/airflow/example_dags/example_task_group.py
[2024-08-09T02:47:40.568+0000] {processor.py:830} INFO - Processing file /home/airflow/.local/lib/python3.12/site-packages/airflow/example_dags/example_task_group.py for tasks to queue
[2024-08-09T02:47:40.569+0000] {logging_mixin.py:188} INFO - [2024-08-09T02:47:40.569+0000] {dagbag.py:545} INFO - Filling up the DagBag from /home/airflow/.local/lib/python3.12/site-packages/airflow/example_dags/example_task_group.py
[2024-08-09T02:47:40.577+0000] {processor.py:840} INFO - DAG(s) 'example_task_group' retrieved from /home/airflow/.local/lib/python3.12/site-packages/airflow/example_dags/example_task_group.py
[2024-08-09T02:47:40.603+0000] {logging_mixin.py:188} INFO - [2024-08-09T02:47:40.603+0000] {dag.py:3089} INFO - Sync 1 DAGs
[2024-08-09T02:47:40.627+0000] {logging_mixin.py:188} INFO - [2024-08-09T02:47:40.627+0000] {dag.py:3947} INFO - Setting next_dagrun for example_task_group to 2024-08-08 00:00:00+00:00, run_after=2024-08-09 00:00:00+00:00
[2024-08-09T02:47:40.648+0000] {processor.py:183} INFO - Processing /home/airflow/.local/lib/python3.12/site-packages/airflow/example_dags/example_task_group.py took 0.088 seconds
[2024-08-09T02:48:10.741+0000] {processor.py:161} INFO - Started process (PID=1111) to work on /home/airflow/.local/lib/python3.12/site-packages/airflow/example_dags/example_task_group.py
[2024-08-09T02:48:10.743+0000] {processor.py:830} INFO - Processing file /home/airflow/.local/lib/python3.12/site-packages/airflow/example_dags/example_task_group.py for tasks to queue
[2024-08-09T02:48:10.744+0000] {logging_mixin.py:188} INFO - [2024-08-09T02:48:10.744+0000] {dagbag.py:545} INFO - Filling up the DagBag from /home/airflow/.local/lib/python3.12/site-packages/airflow/example_dags/example_task_group.py
[2024-08-09T02:48:10.756+0000] {processor.py:840} INFO - DAG(s) 'example_task_group' retrieved from /home/airflow/.local/lib/python3.12/site-packages/airflow/example_dags/example_task_group.py
[2024-08-09T02:48:10.804+0000] {logging_mixin.py:188} INFO - [2024-08-09T02:48:10.803+0000] {dag.py:3089} INFO - Sync 1 DAGs
[2024-08-09T02:48:10.849+0000] {logging_mixin.py:188} INFO - [2024-08-09T02:48:10.848+0000] {dag.py:3947} INFO - Setting next_dagrun for example_task_group to 2024-08-08 00:00:00+00:00, run_after=2024-08-09 00:00:00+00:00
[2024-08-09T02:48:10.887+0000] {processor.py:183} INFO - Processing /home/airflow/.local/lib/python3.12/site-packages/airflow/example_dags/example_task_group.py took 0.154 seconds
[2024-08-09T02:48:41.191+0000] {processor.py:161} INFO - Started process (PID=1171) to work on /home/airflow/.local/lib/python3.12/site-packages/airflow/example_dags/example_task_group.py
[2024-08-09T02:48:41.193+0000] {processor.py:830} INFO - Processing file /home/airflow/.local/lib/python3.12/site-packages/airflow/example_dags/example_task_group.py for tasks to queue
[2024-08-09T02:48:41.201+0000] {logging_mixin.py:188} INFO - [2024-08-09T02:48:41.197+0000] {dagbag.py:545} INFO - Filling up the DagBag from /home/airflow/.local/lib/python3.12/site-packages/airflow/example_dags/example_task_group.py
[2024-08-09T02:48:41.213+0000] {processor.py:840} INFO - DAG(s) 'example_task_group' retrieved from /home/airflow/.local/lib/python3.12/site-packages/airflow/example_dags/example_task_group.py
[2024-08-09T02:48:41.243+0000] {logging_mixin.py:188} INFO - [2024-08-09T02:48:41.243+0000] {dag.py:3089} INFO - Sync 1 DAGs
[2024-08-09T02:48:41.270+0000] {logging_mixin.py:188} INFO - [2024-08-09T02:48:41.270+0000] {dag.py:3947} INFO - Setting next_dagrun for example_task_group to 2024-08-08 00:00:00+00:00, run_after=2024-08-09 00:00:00+00:00
[2024-08-09T02:48:41.291+0000] {processor.py:183} INFO - Processing /home/airflow/.local/lib/python3.12/site-packages/airflow/example_dags/example_task_group.py took 0.107 seconds
[2024-08-09T02:49:11.882+0000] {processor.py:161} INFO - Started process (PID=1231) to work on /home/airflow/.local/lib/python3.12/site-packages/airflow/example_dags/example_task_group.py
[2024-08-09T02:49:11.883+0000] {processor.py:830} INFO - Processing file /home/airflow/.local/lib/python3.12/site-packages/airflow/example_dags/example_task_group.py for tasks to queue
[2024-08-09T02:49:11.885+0000] {logging_mixin.py:188} INFO - [2024-08-09T02:49:11.884+0000] {dagbag.py:545} INFO - Filling up the DagBag from /home/airflow/.local/lib/python3.12/site-packages/airflow/example_dags/example_task_group.py
[2024-08-09T02:49:11.894+0000] {processor.py:840} INFO - DAG(s) 'example_task_group' retrieved from /home/airflow/.local/lib/python3.12/site-packages/airflow/example_dags/example_task_group.py
[2024-08-09T02:49:11.918+0000] {logging_mixin.py:188} INFO - [2024-08-09T02:49:11.918+0000] {dag.py:3089} INFO - Sync 1 DAGs
[2024-08-09T02:49:11.946+0000] {logging_mixin.py:188} INFO - [2024-08-09T02:49:11.946+0000] {dag.py:3947} INFO - Setting next_dagrun for example_task_group to 2024-08-08 00:00:00+00:00, run_after=2024-08-09 00:00:00+00:00
[2024-08-09T02:49:11.973+0000] {processor.py:183} INFO - Processing /home/airflow/.local/lib/python3.12/site-packages/airflow/example_dags/example_task_group.py took 0.098 seconds
[2024-08-09T02:49:42.376+0000] {processor.py:161} INFO - Started process (PID=1292) to work on /home/airflow/.local/lib/python3.12/site-packages/airflow/example_dags/example_task_group.py
[2024-08-09T02:49:42.377+0000] {processor.py:830} INFO - Processing file /home/airflow/.local/lib/python3.12/site-packages/airflow/example_dags/example_task_group.py for tasks to queue
[2024-08-09T02:49:42.378+0000] {logging_mixin.py:188} INFO - [2024-08-09T02:49:42.378+0000] {dagbag.py:545} INFO - Filling up the DagBag from /home/airflow/.local/lib/python3.12/site-packages/airflow/example_dags/example_task_group.py
[2024-08-09T02:49:42.389+0000] {processor.py:840} INFO - DAG(s) 'example_task_group' retrieved from /home/airflow/.local/lib/python3.12/site-packages/airflow/example_dags/example_task_group.py
[2024-08-09T02:49:42.415+0000] {logging_mixin.py:188} INFO - [2024-08-09T02:49:42.415+0000] {dag.py:3089} INFO - Sync 1 DAGs
[2024-08-09T02:49:42.440+0000] {logging_mixin.py:188} INFO - [2024-08-09T02:49:42.440+0000] {dag.py:3947} INFO - Setting next_dagrun for example_task_group to 2024-08-08 00:00:00+00:00, run_after=2024-08-09 00:00:00+00:00
[2024-08-09T02:49:42.459+0000] {processor.py:183} INFO - Processing /home/airflow/.local/lib/python3.12/site-packages/airflow/example_dags/example_task_group.py took 0.097 seconds
[2024-08-09T02:50:12.599+0000] {processor.py:161} INFO - Started process (PID=1352) to work on /home/airflow/.local/lib/python3.12/site-packages/airflow/example_dags/example_task_group.py
[2024-08-09T02:50:12.601+0000] {processor.py:830} INFO - Processing file /home/airflow/.local/lib/python3.12/site-packages/airflow/example_dags/example_task_group.py for tasks to queue
[2024-08-09T02:50:12.602+0000] {logging_mixin.py:188} INFO - [2024-08-09T02:50:12.601+0000] {dagbag.py:545} INFO - Filling up the DagBag from /home/airflow/.local/lib/python3.12/site-packages/airflow/example_dags/example_task_group.py
[2024-08-09T02:50:12.612+0000] {processor.py:840} INFO - DAG(s) 'example_task_group' retrieved from /home/airflow/.local/lib/python3.12/site-packages/airflow/example_dags/example_task_group.py
[2024-08-09T02:50:12.637+0000] {logging_mixin.py:188} INFO - [2024-08-09T02:50:12.636+0000] {dag.py:3089} INFO - Sync 1 DAGs
[2024-08-09T02:50:12.664+0000] {logging_mixin.py:188} INFO - [2024-08-09T02:50:12.664+0000] {dag.py:3947} INFO - Setting next_dagrun for example_task_group to 2024-08-08 00:00:00+00:00, run_after=2024-08-09 00:00:00+00:00
[2024-08-09T02:50:12.693+0000] {processor.py:183} INFO - Processing /home/airflow/.local/lib/python3.12/site-packages/airflow/example_dags/example_task_group.py took 0.101 seconds
[2024-08-09T02:50:43.149+0000] {processor.py:161} INFO - Started process (PID=1412) to work on /home/airflow/.local/lib/python3.12/site-packages/airflow/example_dags/example_task_group.py
[2024-08-09T02:50:43.150+0000] {processor.py:830} INFO - Processing file /home/airflow/.local/lib/python3.12/site-packages/airflow/example_dags/example_task_group.py for tasks to queue
[2024-08-09T02:50:43.152+0000] {logging_mixin.py:188} INFO - [2024-08-09T02:50:43.151+0000] {dagbag.py:545} INFO - Filling up the DagBag from /home/airflow/.local/lib/python3.12/site-packages/airflow/example_dags/example_task_group.py
[2024-08-09T02:50:43.165+0000] {processor.py:840} INFO - DAG(s) 'example_task_group' retrieved from /home/airflow/.local/lib/python3.12/site-packages/airflow/example_dags/example_task_group.py
[2024-08-09T02:50:43.189+0000] {logging_mixin.py:188} INFO - [2024-08-09T02:50:43.188+0000] {dag.py:3089} INFO - Sync 1 DAGs
[2024-08-09T02:50:43.222+0000] {logging_mixin.py:188} INFO - [2024-08-09T02:50:43.222+0000] {dag.py:3947} INFO - Setting next_dagrun for example_task_group to 2024-08-08 00:00:00+00:00, run_after=2024-08-09 00:00:00+00:00
[2024-08-09T02:50:43.258+0000] {processor.py:183} INFO - Processing /home/airflow/.local/lib/python3.12/site-packages/airflow/example_dags/example_task_group.py took 0.116 seconds
[2024-08-09T02:51:13.682+0000] {processor.py:161} INFO - Started process (PID=1473) to work on /home/airflow/.local/lib/python3.12/site-packages/airflow/example_dags/example_task_group.py
[2024-08-09T02:51:13.685+0000] {processor.py:830} INFO - Processing file /home/airflow/.local/lib/python3.12/site-packages/airflow/example_dags/example_task_group.py for tasks to queue
[2024-08-09T02:51:13.688+0000] {logging_mixin.py:188} INFO - [2024-08-09T02:51:13.688+0000] {dagbag.py:545} INFO - Filling up the DagBag from /home/airflow/.local/lib/python3.12/site-packages/airflow/example_dags/example_task_group.py
[2024-08-09T02:51:13.706+0000] {processor.py:840} INFO - DAG(s) 'example_task_group' retrieved from /home/airflow/.local/lib/python3.12/site-packages/airflow/example_dags/example_task_group.py
[2024-08-09T02:51:13.771+0000] {logging_mixin.py:188} INFO - [2024-08-09T02:51:13.765+0000] {dag.py:3089} INFO - Sync 1 DAGs
[2024-08-09T02:51:13.818+0000] {logging_mixin.py:188} INFO - [2024-08-09T02:51:13.818+0000] {dag.py:3947} INFO - Setting next_dagrun for example_task_group to 2024-08-08 00:00:00+00:00, run_after=2024-08-09 00:00:00+00:00
[2024-08-09T02:51:13.902+0000] {processor.py:183} INFO - Processing /home/airflow/.local/lib/python3.12/site-packages/airflow/example_dags/example_task_group.py took 0.226 seconds
[2024-08-09T03:00:03.521+0000] {processor.py:161} INFO - Started process (PID=1526) to work on /home/airflow/.local/lib/python3.12/site-packages/airflow/example_dags/example_task_group.py
[2024-08-09T03:00:03.537+0000] {processor.py:830} INFO - Processing file /home/airflow/.local/lib/python3.12/site-packages/airflow/example_dags/example_task_group.py for tasks to queue
[2024-08-09T03:00:03.539+0000] {logging_mixin.py:188} INFO - [2024-08-09T03:00:03.539+0000] {dagbag.py:545} INFO - Filling up the DagBag from /home/airflow/.local/lib/python3.12/site-packages/airflow/example_dags/example_task_group.py
[2024-08-09T03:00:03.555+0000] {processor.py:840} INFO - DAG(s) 'example_task_group' retrieved from /home/airflow/.local/lib/python3.12/site-packages/airflow/example_dags/example_task_group.py
[2024-08-09T03:00:03.650+0000] {logging_mixin.py:188} INFO - [2024-08-09T03:00:03.641+0000] {dag.py:3089} INFO - Sync 1 DAGs
[2024-08-09T03:00:03.843+0000] {logging_mixin.py:188} INFO - [2024-08-09T03:00:03.843+0000] {dag.py:3947} INFO - Setting next_dagrun for example_task_group to 2024-08-08 00:00:00+00:00, run_after=2024-08-09 00:00:00+00:00
[2024-08-09T03:00:04.018+0000] {processor.py:183} INFO - Processing /home/airflow/.local/lib/python3.12/site-packages/airflow/example_dags/example_task_group.py took 0.524 seconds
[2024-08-09T03:39:54.238+0000] {processor.py:161} INFO - Started process (PID=87) to work on /home/airflow/.local/lib/python3.12/site-packages/airflow/example_dags/example_task_group.py
[2024-08-09T03:39:54.255+0000] {processor.py:830} INFO - Processing file /home/airflow/.local/lib/python3.12/site-packages/airflow/example_dags/example_task_group.py for tasks to queue
[2024-08-09T03:39:54.257+0000] {logging_mixin.py:188} INFO - [2024-08-09T03:39:54.257+0000] {dagbag.py:545} INFO - Filling up the DagBag from /home/airflow/.local/lib/python3.12/site-packages/airflow/example_dags/example_task_group.py
[2024-08-09T03:39:54.266+0000] {processor.py:840} INFO - DAG(s) 'example_task_group' retrieved from /home/airflow/.local/lib/python3.12/site-packages/airflow/example_dags/example_task_group.py
[2024-08-09T03:39:54.610+0000] {logging_mixin.py:188} INFO - [2024-08-09T03:39:54.610+0000] {dag.py:3089} INFO - Sync 1 DAGs
[2024-08-09T03:39:55.085+0000] {logging_mixin.py:188} INFO - [2024-08-09T03:39:55.085+0000] {dag.py:3947} INFO - Setting next_dagrun for example_task_group to 2024-08-08 00:00:00+00:00, run_after=2024-08-09 00:00:00+00:00
[2024-08-09T03:39:55.213+0000] {processor.py:183} INFO - Processing /home/airflow/.local/lib/python3.12/site-packages/airflow/example_dags/example_task_group.py took 0.983 seconds
[2024-08-09T03:40:26.659+0000] {processor.py:161} INFO - Started process (PID=148) to work on /home/airflow/.local/lib/python3.12/site-packages/airflow/example_dags/example_task_group.py
[2024-08-09T03:40:26.674+0000] {processor.py:830} INFO - Processing file /home/airflow/.local/lib/python3.12/site-packages/airflow/example_dags/example_task_group.py for tasks to queue
[2024-08-09T03:40:26.677+0000] {logging_mixin.py:188} INFO - [2024-08-09T03:40:26.675+0000] {dagbag.py:545} INFO - Filling up the DagBag from /home/airflow/.local/lib/python3.12/site-packages/airflow/example_dags/example_task_group.py
[2024-08-09T03:40:26.698+0000] {processor.py:840} INFO - DAG(s) 'example_task_group' retrieved from /home/airflow/.local/lib/python3.12/site-packages/airflow/example_dags/example_task_group.py
[2024-08-09T03:40:26.719+0000] {logging_mixin.py:188} INFO - [2024-08-09T03:40:26.719+0000] {dag.py:3089} INFO - Sync 1 DAGs
[2024-08-09T03:40:26.747+0000] {logging_mixin.py:188} INFO - [2024-08-09T03:40:26.746+0000] {dag.py:3947} INFO - Setting next_dagrun for example_task_group to 2024-08-08 00:00:00+00:00, run_after=2024-08-09 00:00:00+00:00
[2024-08-09T03:40:27.066+0000] {processor.py:183} INFO - Processing /home/airflow/.local/lib/python3.12/site-packages/airflow/example_dags/example_task_group.py took 0.413 seconds
[2024-08-09T03:40:57.574+0000] {processor.py:161} INFO - Started process (PID=206) to work on /home/airflow/.local/lib/python3.12/site-packages/airflow/example_dags/example_task_group.py
[2024-08-09T03:40:57.575+0000] {processor.py:830} INFO - Processing file /home/airflow/.local/lib/python3.12/site-packages/airflow/example_dags/example_task_group.py for tasks to queue
[2024-08-09T03:40:57.575+0000] {logging_mixin.py:188} INFO - [2024-08-09T03:40:57.575+0000] {dagbag.py:545} INFO - Filling up the DagBag from /home/airflow/.local/lib/python3.12/site-packages/airflow/example_dags/example_task_group.py
[2024-08-09T03:40:57.583+0000] {processor.py:840} INFO - DAG(s) 'example_task_group' retrieved from /home/airflow/.local/lib/python3.12/site-packages/airflow/example_dags/example_task_group.py
[2024-08-09T03:40:57.619+0000] {logging_mixin.py:188} INFO - [2024-08-09T03:40:57.619+0000] {dag.py:3089} INFO - Sync 1 DAGs
[2024-08-09T03:40:57.641+0000] {logging_mixin.py:188} INFO - [2024-08-09T03:40:57.640+0000] {dag.py:3947} INFO - Setting next_dagrun for example_task_group to 2024-08-08 00:00:00+00:00, run_after=2024-08-09 00:00:00+00:00
[2024-08-09T03:40:57.666+0000] {processor.py:183} INFO - Processing /home/airflow/.local/lib/python3.12/site-packages/airflow/example_dags/example_task_group.py took 0.108 seconds
[2024-08-09T03:41:28.220+0000] {processor.py:161} INFO - Started process (PID=266) to work on /home/airflow/.local/lib/python3.12/site-packages/airflow/example_dags/example_task_group.py
[2024-08-09T03:41:28.222+0000] {processor.py:830} INFO - Processing file /home/airflow/.local/lib/python3.12/site-packages/airflow/example_dags/example_task_group.py for tasks to queue
[2024-08-09T03:41:28.223+0000] {logging_mixin.py:188} INFO - [2024-08-09T03:41:28.222+0000] {dagbag.py:545} INFO - Filling up the DagBag from /home/airflow/.local/lib/python3.12/site-packages/airflow/example_dags/example_task_group.py
[2024-08-09T03:41:28.232+0000] {processor.py:840} INFO - DAG(s) 'example_task_group' retrieved from /home/airflow/.local/lib/python3.12/site-packages/airflow/example_dags/example_task_group.py
[2024-08-09T03:41:28.256+0000] {logging_mixin.py:188} INFO - [2024-08-09T03:41:28.255+0000] {dag.py:3089} INFO - Sync 1 DAGs
[2024-08-09T03:41:28.277+0000] {logging_mixin.py:188} INFO - [2024-08-09T03:41:28.277+0000] {dag.py:3947} INFO - Setting next_dagrun for example_task_group to 2024-08-08 00:00:00+00:00, run_after=2024-08-09 00:00:00+00:00
[2024-08-09T03:41:28.304+0000] {processor.py:183} INFO - Processing /home/airflow/.local/lib/python3.12/site-packages/airflow/example_dags/example_task_group.py took 0.091 seconds
[2024-08-09T03:41:58.542+0000] {processor.py:161} INFO - Started process (PID=326) to work on /home/airflow/.local/lib/python3.12/site-packages/airflow/example_dags/example_task_group.py
[2024-08-09T03:41:58.543+0000] {processor.py:830} INFO - Processing file /home/airflow/.local/lib/python3.12/site-packages/airflow/example_dags/example_task_group.py for tasks to queue
[2024-08-09T03:41:58.544+0000] {logging_mixin.py:188} INFO - [2024-08-09T03:41:58.544+0000] {dagbag.py:545} INFO - Filling up the DagBag from /home/airflow/.local/lib/python3.12/site-packages/airflow/example_dags/example_task_group.py
[2024-08-09T03:41:58.556+0000] {processor.py:840} INFO - DAG(s) 'example_task_group' retrieved from /home/airflow/.local/lib/python3.12/site-packages/airflow/example_dags/example_task_group.py
[2024-08-09T03:41:58.577+0000] {logging_mixin.py:188} INFO - [2024-08-09T03:41:58.577+0000] {dag.py:3089} INFO - Sync 1 DAGs
[2024-08-09T03:41:58.599+0000] {logging_mixin.py:188} INFO - [2024-08-09T03:41:58.599+0000] {dag.py:3947} INFO - Setting next_dagrun for example_task_group to 2024-08-08 00:00:00+00:00, run_after=2024-08-09 00:00:00+00:00
[2024-08-09T03:41:58.624+0000] {processor.py:183} INFO - Processing /home/airflow/.local/lib/python3.12/site-packages/airflow/example_dags/example_task_group.py took 0.088 seconds
[2024-08-09T03:42:28.936+0000] {processor.py:161} INFO - Started process (PID=385) to work on /home/airflow/.local/lib/python3.12/site-packages/airflow/example_dags/example_task_group.py
[2024-08-09T03:42:28.943+0000] {processor.py:830} INFO - Processing file /home/airflow/.local/lib/python3.12/site-packages/airflow/example_dags/example_task_group.py for tasks to queue
[2024-08-09T03:42:28.944+0000] {logging_mixin.py:188} INFO - [2024-08-09T03:42:28.944+0000] {dagbag.py:545} INFO - Filling up the DagBag from /home/airflow/.local/lib/python3.12/site-packages/airflow/example_dags/example_task_group.py
[2024-08-09T03:42:28.953+0000] {processor.py:840} INFO - DAG(s) 'example_task_group' retrieved from /home/airflow/.local/lib/python3.12/site-packages/airflow/example_dags/example_task_group.py
[2024-08-09T03:42:28.979+0000] {logging_mixin.py:188} INFO - [2024-08-09T03:42:28.979+0000] {dag.py:3089} INFO - Sync 1 DAGs
[2024-08-09T03:42:29.005+0000] {logging_mixin.py:188} INFO - [2024-08-09T03:42:29.005+0000] {dag.py:3947} INFO - Setting next_dagrun for example_task_group to 2024-08-08 00:00:00+00:00, run_after=2024-08-09 00:00:00+00:00
[2024-08-09T03:42:29.056+0000] {processor.py:183} INFO - Processing /home/airflow/.local/lib/python3.12/site-packages/airflow/example_dags/example_task_group.py took 0.127 seconds
[2024-08-09T03:42:59.990+0000] {processor.py:161} INFO - Started process (PID=445) to work on /home/airflow/.local/lib/python3.12/site-packages/airflow/example_dags/example_task_group.py
[2024-08-09T03:42:59.991+0000] {processor.py:830} INFO - Processing file /home/airflow/.local/lib/python3.12/site-packages/airflow/example_dags/example_task_group.py for tasks to queue
[2024-08-09T03:42:59.993+0000] {logging_mixin.py:188} INFO - [2024-08-09T03:42:59.992+0000] {dagbag.py:545} INFO - Filling up the DagBag from /home/airflow/.local/lib/python3.12/site-packages/airflow/example_dags/example_task_group.py
[2024-08-09T03:43:00.004+0000] {processor.py:840} INFO - DAG(s) 'example_task_group' retrieved from /home/airflow/.local/lib/python3.12/site-packages/airflow/example_dags/example_task_group.py
[2024-08-09T03:43:00.037+0000] {logging_mixin.py:188} INFO - [2024-08-09T03:43:00.036+0000] {dag.py:3089} INFO - Sync 1 DAGs
[2024-08-09T03:43:00.064+0000] {logging_mixin.py:188} INFO - [2024-08-09T03:43:00.063+0000] {dag.py:3947} INFO - Setting next_dagrun for example_task_group to 2024-08-08 00:00:00+00:00, run_after=2024-08-09 00:00:00+00:00
[2024-08-09T03:43:00.092+0000] {processor.py:183} INFO - Processing /home/airflow/.local/lib/python3.12/site-packages/airflow/example_dags/example_task_group.py took 0.111 seconds
[2024-08-09T03:43:40.134+0000] {processor.py:161} INFO - Started process (PID=505) to work on /home/airflow/.local/lib/python3.12/site-packages/airflow/example_dags/example_task_group.py
[2024-08-09T03:43:40.137+0000] {processor.py:830} INFO - Processing file /home/airflow/.local/lib/python3.12/site-packages/airflow/example_dags/example_task_group.py for tasks to queue
[2024-08-09T03:43:40.139+0000] {logging_mixin.py:188} INFO - [2024-08-09T03:43:40.138+0000] {dagbag.py:545} INFO - Filling up the DagBag from /home/airflow/.local/lib/python3.12/site-packages/airflow/example_dags/example_task_group.py
[2024-08-09T03:43:40.166+0000] {processor.py:840} INFO - DAG(s) 'example_task_group' retrieved from /home/airflow/.local/lib/python3.12/site-packages/airflow/example_dags/example_task_group.py
[2024-08-09T03:43:40.250+0000] {logging_mixin.py:188} INFO - [2024-08-09T03:43:40.250+0000] {dag.py:3089} INFO - Sync 1 DAGs
[2024-08-09T03:43:40.287+0000] {logging_mixin.py:188} INFO - [2024-08-09T03:43:40.286+0000] {dag.py:3947} INFO - Setting next_dagrun for example_task_group to 2024-08-08 00:00:00+00:00, run_after=2024-08-09 00:00:00+00:00
[2024-08-09T03:43:40.500+0000] {processor.py:183} INFO - Processing /home/airflow/.local/lib/python3.12/site-packages/airflow/example_dags/example_task_group.py took 0.396 seconds
[2024-08-09T03:44:11.120+0000] {processor.py:161} INFO - Started process (PID=563) to work on /home/airflow/.local/lib/python3.12/site-packages/airflow/example_dags/example_task_group.py
[2024-08-09T03:44:11.122+0000] {processor.py:830} INFO - Processing file /home/airflow/.local/lib/python3.12/site-packages/airflow/example_dags/example_task_group.py for tasks to queue
[2024-08-09T03:44:11.123+0000] {logging_mixin.py:188} INFO - [2024-08-09T03:44:11.122+0000] {dagbag.py:545} INFO - Filling up the DagBag from /home/airflow/.local/lib/python3.12/site-packages/airflow/example_dags/example_task_group.py
[2024-08-09T03:44:11.133+0000] {processor.py:840} INFO - DAG(s) 'example_task_group' retrieved from /home/airflow/.local/lib/python3.12/site-packages/airflow/example_dags/example_task_group.py
[2024-08-09T03:44:11.160+0000] {logging_mixin.py:188} INFO - [2024-08-09T03:44:11.160+0000] {dag.py:3089} INFO - Sync 1 DAGs
[2024-08-09T03:44:11.188+0000] {logging_mixin.py:188} INFO - [2024-08-09T03:44:11.188+0000] {dag.py:3947} INFO - Setting next_dagrun for example_task_group to 2024-08-08 00:00:00+00:00, run_after=2024-08-09 00:00:00+00:00
[2024-08-09T03:44:11.221+0000] {processor.py:183} INFO - Processing /home/airflow/.local/lib/python3.12/site-packages/airflow/example_dags/example_task_group.py took 0.108 seconds
[2024-08-09T03:44:41.679+0000] {processor.py:161} INFO - Started process (PID=623) to work on /home/airflow/.local/lib/python3.12/site-packages/airflow/example_dags/example_task_group.py
[2024-08-09T03:44:41.680+0000] {processor.py:830} INFO - Processing file /home/airflow/.local/lib/python3.12/site-packages/airflow/example_dags/example_task_group.py for tasks to queue
[2024-08-09T03:44:41.681+0000] {logging_mixin.py:188} INFO - [2024-08-09T03:44:41.681+0000] {dagbag.py:545} INFO - Filling up the DagBag from /home/airflow/.local/lib/python3.12/site-packages/airflow/example_dags/example_task_group.py
[2024-08-09T03:44:41.691+0000] {processor.py:840} INFO - DAG(s) 'example_task_group' retrieved from /home/airflow/.local/lib/python3.12/site-packages/airflow/example_dags/example_task_group.py
[2024-08-09T03:44:41.718+0000] {logging_mixin.py:188} INFO - [2024-08-09T03:44:41.717+0000] {dag.py:3089} INFO - Sync 1 DAGs
[2024-08-09T03:44:41.750+0000] {logging_mixin.py:188} INFO - [2024-08-09T03:44:41.750+0000] {dag.py:3947} INFO - Setting next_dagrun for example_task_group to 2024-08-08 00:00:00+00:00, run_after=2024-08-09 00:00:00+00:00
[2024-08-09T03:44:41.774+0000] {processor.py:183} INFO - Processing /home/airflow/.local/lib/python3.12/site-packages/airflow/example_dags/example_task_group.py took 0.102 seconds
[2024-08-09T03:45:12.016+0000] {processor.py:161} INFO - Started process (PID=683) to work on /home/airflow/.local/lib/python3.12/site-packages/airflow/example_dags/example_task_group.py
[2024-08-09T03:45:12.018+0000] {processor.py:830} INFO - Processing file /home/airflow/.local/lib/python3.12/site-packages/airflow/example_dags/example_task_group.py for tasks to queue
[2024-08-09T03:45:12.021+0000] {logging_mixin.py:188} INFO - [2024-08-09T03:45:12.020+0000] {dagbag.py:545} INFO - Filling up the DagBag from /home/airflow/.local/lib/python3.12/site-packages/airflow/example_dags/example_task_group.py
[2024-08-09T03:45:12.035+0000] {processor.py:840} INFO - DAG(s) 'example_task_group' retrieved from /home/airflow/.local/lib/python3.12/site-packages/airflow/example_dags/example_task_group.py
[2024-08-09T03:45:12.070+0000] {logging_mixin.py:188} INFO - [2024-08-09T03:45:12.070+0000] {dag.py:3089} INFO - Sync 1 DAGs
[2024-08-09T03:45:12.108+0000] {logging_mixin.py:188} INFO - [2024-08-09T03:45:12.108+0000] {dag.py:3947} INFO - Setting next_dagrun for example_task_group to 2024-08-08 00:00:00+00:00, run_after=2024-08-09 00:00:00+00:00
[2024-08-09T03:45:12.138+0000] {processor.py:183} INFO - Processing /home/airflow/.local/lib/python3.12/site-packages/airflow/example_dags/example_task_group.py took 0.134 seconds
[2024-08-09T03:45:42.445+0000] {processor.py:161} INFO - Started process (PID=744) to work on /home/airflow/.local/lib/python3.12/site-packages/airflow/example_dags/example_task_group.py
[2024-08-09T03:45:42.446+0000] {processor.py:830} INFO - Processing file /home/airflow/.local/lib/python3.12/site-packages/airflow/example_dags/example_task_group.py for tasks to queue
[2024-08-09T03:45:42.447+0000] {logging_mixin.py:188} INFO - [2024-08-09T03:45:42.447+0000] {dagbag.py:545} INFO - Filling up the DagBag from /home/airflow/.local/lib/python3.12/site-packages/airflow/example_dags/example_task_group.py
[2024-08-09T03:45:42.456+0000] {processor.py:840} INFO - DAG(s) 'example_task_group' retrieved from /home/airflow/.local/lib/python3.12/site-packages/airflow/example_dags/example_task_group.py
[2024-08-09T03:45:42.480+0000] {logging_mixin.py:188} INFO - [2024-08-09T03:45:42.480+0000] {dag.py:3089} INFO - Sync 1 DAGs
[2024-08-09T03:45:42.508+0000] {logging_mixin.py:188} INFO - [2024-08-09T03:45:42.507+0000] {dag.py:3947} INFO - Setting next_dagrun for example_task_group to 2024-08-08 00:00:00+00:00, run_after=2024-08-09 00:00:00+00:00
[2024-08-09T03:45:42.536+0000] {processor.py:183} INFO - Processing /home/airflow/.local/lib/python3.12/site-packages/airflow/example_dags/example_task_group.py took 0.098 seconds
[2024-08-09T03:46:13.134+0000] {processor.py:161} INFO - Started process (PID=804) to work on /home/airflow/.local/lib/python3.12/site-packages/airflow/example_dags/example_task_group.py
[2024-08-09T03:46:13.135+0000] {processor.py:830} INFO - Processing file /home/airflow/.local/lib/python3.12/site-packages/airflow/example_dags/example_task_group.py for tasks to queue
[2024-08-09T03:46:13.136+0000] {logging_mixin.py:188} INFO - [2024-08-09T03:46:13.136+0000] {dagbag.py:545} INFO - Filling up the DagBag from /home/airflow/.local/lib/python3.12/site-packages/airflow/example_dags/example_task_group.py
[2024-08-09T03:46:13.144+0000] {processor.py:840} INFO - DAG(s) 'example_task_group' retrieved from /home/airflow/.local/lib/python3.12/site-packages/airflow/example_dags/example_task_group.py
[2024-08-09T03:46:13.169+0000] {logging_mixin.py:188} INFO - [2024-08-09T03:46:13.169+0000] {dag.py:3089} INFO - Sync 1 DAGs
[2024-08-09T03:46:13.192+0000] {logging_mixin.py:188} INFO - [2024-08-09T03:46:13.192+0000] {dag.py:3947} INFO - Setting next_dagrun for example_task_group to 2024-08-08 00:00:00+00:00, run_after=2024-08-09 00:00:00+00:00
[2024-08-09T03:46:13.218+0000] {processor.py:183} INFO - Processing /home/airflow/.local/lib/python3.12/site-packages/airflow/example_dags/example_task_group.py took 0.092 seconds
[2024-08-09T03:46:43.299+0000] {processor.py:161} INFO - Started process (PID=864) to work on /home/airflow/.local/lib/python3.12/site-packages/airflow/example_dags/example_task_group.py
[2024-08-09T03:46:43.300+0000] {processor.py:830} INFO - Processing file /home/airflow/.local/lib/python3.12/site-packages/airflow/example_dags/example_task_group.py for tasks to queue
[2024-08-09T03:46:43.301+0000] {logging_mixin.py:188} INFO - [2024-08-09T03:46:43.301+0000] {dagbag.py:545} INFO - Filling up the DagBag from /home/airflow/.local/lib/python3.12/site-packages/airflow/example_dags/example_task_group.py
[2024-08-09T03:46:43.310+0000] {processor.py:840} INFO - DAG(s) 'example_task_group' retrieved from /home/airflow/.local/lib/python3.12/site-packages/airflow/example_dags/example_task_group.py
[2024-08-09T03:46:43.333+0000] {logging_mixin.py:188} INFO - [2024-08-09T03:46:43.333+0000] {dag.py:3089} INFO - Sync 1 DAGs
[2024-08-09T03:46:43.360+0000] {logging_mixin.py:188} INFO - [2024-08-09T03:46:43.360+0000] {dag.py:3947} INFO - Setting next_dagrun for example_task_group to 2024-08-08 00:00:00+00:00, run_after=2024-08-09 00:00:00+00:00
[2024-08-09T03:46:43.388+0000] {processor.py:183} INFO - Processing /home/airflow/.local/lib/python3.12/site-packages/airflow/example_dags/example_task_group.py took 0.095 seconds
[2024-08-09T03:47:13.783+0000] {processor.py:161} INFO - Started process (PID=923) to work on /home/airflow/.local/lib/python3.12/site-packages/airflow/example_dags/example_task_group.py
[2024-08-09T03:47:13.784+0000] {processor.py:830} INFO - Processing file /home/airflow/.local/lib/python3.12/site-packages/airflow/example_dags/example_task_group.py for tasks to queue
[2024-08-09T03:47:13.786+0000] {logging_mixin.py:188} INFO - [2024-08-09T03:47:13.785+0000] {dagbag.py:545} INFO - Filling up the DagBag from /home/airflow/.local/lib/python3.12/site-packages/airflow/example_dags/example_task_group.py
[2024-08-09T03:47:13.797+0000] {processor.py:840} INFO - DAG(s) 'example_task_group' retrieved from /home/airflow/.local/lib/python3.12/site-packages/airflow/example_dags/example_task_group.py
[2024-08-09T03:47:13.826+0000] {logging_mixin.py:188} INFO - [2024-08-09T03:47:13.826+0000] {dag.py:3089} INFO - Sync 1 DAGs
[2024-08-09T03:47:13.863+0000] {logging_mixin.py:188} INFO - [2024-08-09T03:47:13.862+0000] {dag.py:3947} INFO - Setting next_dagrun for example_task_group to 2024-08-08 00:00:00+00:00, run_after=2024-08-09 00:00:00+00:00
[2024-08-09T03:47:13.900+0000] {processor.py:183} INFO - Processing /home/airflow/.local/lib/python3.12/site-packages/airflow/example_dags/example_task_group.py took 0.124 seconds
[2024-08-09T03:47:44.384+0000] {processor.py:161} INFO - Started process (PID=983) to work on /home/airflow/.local/lib/python3.12/site-packages/airflow/example_dags/example_task_group.py
[2024-08-09T03:47:44.401+0000] {processor.py:830} INFO - Processing file /home/airflow/.local/lib/python3.12/site-packages/airflow/example_dags/example_task_group.py for tasks to queue
[2024-08-09T03:47:44.402+0000] {logging_mixin.py:188} INFO - [2024-08-09T03:47:44.402+0000] {dagbag.py:545} INFO - Filling up the DagBag from /home/airflow/.local/lib/python3.12/site-packages/airflow/example_dags/example_task_group.py
[2024-08-09T03:47:44.443+0000] {processor.py:840} INFO - DAG(s) 'example_task_group' retrieved from /home/airflow/.local/lib/python3.12/site-packages/airflow/example_dags/example_task_group.py
[2024-08-09T03:47:44.523+0000] {logging_mixin.py:188} INFO - [2024-08-09T03:47:44.523+0000] {dag.py:3089} INFO - Sync 1 DAGs
[2024-08-09T03:47:44.690+0000] {logging_mixin.py:188} INFO - [2024-08-09T03:47:44.689+0000] {dag.py:3947} INFO - Setting next_dagrun for example_task_group to 2024-08-08 00:00:00+00:00, run_after=2024-08-09 00:00:00+00:00
[2024-08-09T03:47:44.783+0000] {processor.py:183} INFO - Processing /home/airflow/.local/lib/python3.12/site-packages/airflow/example_dags/example_task_group.py took 0.415 seconds
[2024-08-09T03:48:14.958+0000] {processor.py:161} INFO - Started process (PID=1041) to work on /home/airflow/.local/lib/python3.12/site-packages/airflow/example_dags/example_task_group.py
[2024-08-09T03:48:14.959+0000] {processor.py:830} INFO - Processing file /home/airflow/.local/lib/python3.12/site-packages/airflow/example_dags/example_task_group.py for tasks to queue
[2024-08-09T03:48:14.961+0000] {logging_mixin.py:188} INFO - [2024-08-09T03:48:14.960+0000] {dagbag.py:545} INFO - Filling up the DagBag from /home/airflow/.local/lib/python3.12/site-packages/airflow/example_dags/example_task_group.py
[2024-08-09T03:48:14.971+0000] {processor.py:840} INFO - DAG(s) 'example_task_group' retrieved from /home/airflow/.local/lib/python3.12/site-packages/airflow/example_dags/example_task_group.py
[2024-08-09T03:48:14.992+0000] {logging_mixin.py:188} INFO - [2024-08-09T03:48:14.991+0000] {dag.py:3089} INFO - Sync 1 DAGs
[2024-08-09T03:48:15.015+0000] {logging_mixin.py:188} INFO - [2024-08-09T03:48:15.015+0000] {dag.py:3947} INFO - Setting next_dagrun for example_task_group to 2024-08-08 00:00:00+00:00, run_after=2024-08-09 00:00:00+00:00
[2024-08-09T03:48:15.041+0000] {processor.py:183} INFO - Processing /home/airflow/.local/lib/python3.12/site-packages/airflow/example_dags/example_task_group.py took 0.089 seconds
[2024-08-09T03:48:45.269+0000] {processor.py:161} INFO - Started process (PID=1101) to work on /home/airflow/.local/lib/python3.12/site-packages/airflow/example_dags/example_task_group.py
[2024-08-09T03:48:45.270+0000] {processor.py:830} INFO - Processing file /home/airflow/.local/lib/python3.12/site-packages/airflow/example_dags/example_task_group.py for tasks to queue
[2024-08-09T03:48:45.272+0000] {logging_mixin.py:188} INFO - [2024-08-09T03:48:45.271+0000] {dagbag.py:545} INFO - Filling up the DagBag from /home/airflow/.local/lib/python3.12/site-packages/airflow/example_dags/example_task_group.py
[2024-08-09T03:48:45.368+0000] {processor.py:840} INFO - DAG(s) 'example_task_group' retrieved from /home/airflow/.local/lib/python3.12/site-packages/airflow/example_dags/example_task_group.py
[2024-08-09T03:48:45.419+0000] {logging_mixin.py:188} INFO - [2024-08-09T03:48:45.419+0000] {dag.py:3089} INFO - Sync 1 DAGs
[2024-08-09T03:48:45.455+0000] {logging_mixin.py:188} INFO - [2024-08-09T03:48:45.455+0000] {dag.py:3947} INFO - Setting next_dagrun for example_task_group to 2024-08-08 00:00:00+00:00, run_after=2024-08-09 00:00:00+00:00
[2024-08-09T03:48:45.500+0000] {processor.py:183} INFO - Processing /home/airflow/.local/lib/python3.12/site-packages/airflow/example_dags/example_task_group.py took 0.249 seconds
[2024-08-09T03:49:31.587+0000] {processor.py:161} INFO - Started process (PID=1151) to work on /home/airflow/.local/lib/python3.12/site-packages/airflow/example_dags/example_task_group.py
[2024-08-09T03:49:31.589+0000] {processor.py:830} INFO - Processing file /home/airflow/.local/lib/python3.12/site-packages/airflow/example_dags/example_task_group.py for tasks to queue
[2024-08-09T03:49:31.591+0000] {logging_mixin.py:188} INFO - [2024-08-09T03:49:31.590+0000] {dagbag.py:545} INFO - Filling up the DagBag from /home/airflow/.local/lib/python3.12/site-packages/airflow/example_dags/example_task_group.py
[2024-08-09T03:49:31.600+0000] {processor.py:840} INFO - DAG(s) 'example_task_group' retrieved from /home/airflow/.local/lib/python3.12/site-packages/airflow/example_dags/example_task_group.py
[2024-08-09T03:49:31.655+0000] {logging_mixin.py:188} INFO - [2024-08-09T03:49:31.653+0000] {dag.py:3089} INFO - Sync 1 DAGs
[2024-08-09T03:49:31.731+0000] {logging_mixin.py:188} INFO - [2024-08-09T03:49:31.731+0000] {dag.py:3947} INFO - Setting next_dagrun for example_task_group to 2024-08-08 00:00:00+00:00, run_after=2024-08-09 00:00:00+00:00
[2024-08-09T03:49:31.822+0000] {processor.py:183} INFO - Processing /home/airflow/.local/lib/python3.12/site-packages/airflow/example_dags/example_task_group.py took 0.242 seconds
[2024-08-09T03:50:03.667+0000] {processor.py:161} INFO - Started process (PID=1208) to work on /home/airflow/.local/lib/python3.12/site-packages/airflow/example_dags/example_task_group.py
[2024-08-09T03:50:03.670+0000] {processor.py:830} INFO - Processing file /home/airflow/.local/lib/python3.12/site-packages/airflow/example_dags/example_task_group.py for tasks to queue
[2024-08-09T03:50:03.673+0000] {logging_mixin.py:188} INFO - [2024-08-09T03:50:03.671+0000] {dagbag.py:545} INFO - Filling up the DagBag from /home/airflow/.local/lib/python3.12/site-packages/airflow/example_dags/example_task_group.py
[2024-08-09T03:50:03.695+0000] {processor.py:840} INFO - DAG(s) 'example_task_group' retrieved from /home/airflow/.local/lib/python3.12/site-packages/airflow/example_dags/example_task_group.py
[2024-08-09T03:50:03.739+0000] {logging_mixin.py:188} INFO - [2024-08-09T03:50:03.738+0000] {dag.py:3089} INFO - Sync 1 DAGs
[2024-08-09T03:50:03.797+0000] {logging_mixin.py:188} INFO - [2024-08-09T03:50:03.796+0000] {dag.py:3947} INFO - Setting next_dagrun for example_task_group to 2024-08-08 00:00:00+00:00, run_after=2024-08-09 00:00:00+00:00
[2024-08-09T03:50:03.834+0000] {processor.py:183} INFO - Processing /home/airflow/.local/lib/python3.12/site-packages/airflow/example_dags/example_task_group.py took 0.173 seconds
[2024-08-09T03:50:51.800+0000] {processor.py:161} INFO - Started process (PID=1267) to work on /home/airflow/.local/lib/python3.12/site-packages/airflow/example_dags/example_task_group.py
[2024-08-09T03:50:51.827+0000] {processor.py:830} INFO - Processing file /home/airflow/.local/lib/python3.12/site-packages/airflow/example_dags/example_task_group.py for tasks to queue
[2024-08-09T03:50:51.828+0000] {logging_mixin.py:188} INFO - [2024-08-09T03:50:51.828+0000] {dagbag.py:545} INFO - Filling up the DagBag from /home/airflow/.local/lib/python3.12/site-packages/airflow/example_dags/example_task_group.py
[2024-08-09T03:50:51.839+0000] {processor.py:840} INFO - DAG(s) 'example_task_group' retrieved from /home/airflow/.local/lib/python3.12/site-packages/airflow/example_dags/example_task_group.py
[2024-08-09T03:50:51.866+0000] {logging_mixin.py:188} INFO - [2024-08-09T03:50:51.866+0000] {dag.py:3089} INFO - Sync 1 DAGs
[2024-08-09T03:50:51.889+0000] {logging_mixin.py:188} INFO - [2024-08-09T03:50:51.888+0000] {dag.py:3947} INFO - Setting next_dagrun for example_task_group to 2024-08-08 00:00:00+00:00, run_after=2024-08-09 00:00:00+00:00
[2024-08-09T03:50:52.125+0000] {processor.py:183} INFO - Processing /home/airflow/.local/lib/python3.12/site-packages/airflow/example_dags/example_task_group.py took 0.336 seconds
[2024-08-09T03:51:36.063+0000] {processor.py:161} INFO - Started process (PID=1338) to work on /home/airflow/.local/lib/python3.12/site-packages/airflow/example_dags/example_task_group.py
[2024-08-09T03:51:36.065+0000] {processor.py:830} INFO - Processing file /home/airflow/.local/lib/python3.12/site-packages/airflow/example_dags/example_task_group.py for tasks to queue
[2024-08-09T03:51:36.069+0000] {logging_mixin.py:188} INFO - [2024-08-09T03:51:36.069+0000] {dagbag.py:545} INFO - Filling up the DagBag from /home/airflow/.local/lib/python3.12/site-packages/airflow/example_dags/example_task_group.py
[2024-08-09T03:51:36.115+0000] {processor.py:840} INFO - DAG(s) 'example_task_group' retrieved from /home/airflow/.local/lib/python3.12/site-packages/airflow/example_dags/example_task_group.py
[2024-08-09T03:51:36.154+0000] {logging_mixin.py:188} INFO - [2024-08-09T03:51:36.154+0000] {dag.py:3089} INFO - Sync 1 DAGs
[2024-08-09T03:51:36.187+0000] {logging_mixin.py:188} INFO - [2024-08-09T03:51:36.187+0000] {dag.py:3947} INFO - Setting next_dagrun for example_task_group to 2024-08-08 00:00:00+00:00, run_after=2024-08-09 00:00:00+00:00
[2024-08-09T03:51:36.244+0000] {processor.py:183} INFO - Processing /home/airflow/.local/lib/python3.12/site-packages/airflow/example_dags/example_task_group.py took 0.189 seconds
[2024-08-09T03:52:06.888+0000] {processor.py:161} INFO - Started process (PID=1396) to work on /home/airflow/.local/lib/python3.12/site-packages/airflow/example_dags/example_task_group.py
[2024-08-09T03:52:06.894+0000] {processor.py:830} INFO - Processing file /home/airflow/.local/lib/python3.12/site-packages/airflow/example_dags/example_task_group.py for tasks to queue
[2024-08-09T03:52:06.895+0000] {logging_mixin.py:188} INFO - [2024-08-09T03:52:06.895+0000] {dagbag.py:545} INFO - Filling up the DagBag from /home/airflow/.local/lib/python3.12/site-packages/airflow/example_dags/example_task_group.py
[2024-08-09T03:52:06.910+0000] {processor.py:840} INFO - DAG(s) 'example_task_group' retrieved from /home/airflow/.local/lib/python3.12/site-packages/airflow/example_dags/example_task_group.py
[2024-08-09T03:52:06.969+0000] {logging_mixin.py:188} INFO - [2024-08-09T03:52:06.968+0000] {dag.py:3089} INFO - Sync 1 DAGs
[2024-08-09T03:52:07.044+0000] {logging_mixin.py:188} INFO - [2024-08-09T03:52:07.043+0000] {dag.py:3947} INFO - Setting next_dagrun for example_task_group to 2024-08-08 00:00:00+00:00, run_after=2024-08-09 00:00:00+00:00
[2024-08-09T03:52:07.096+0000] {processor.py:183} INFO - Processing /home/airflow/.local/lib/python3.12/site-packages/airflow/example_dags/example_task_group.py took 0.222 seconds
[2024-08-09T03:53:06.890+0000] {processor.py:161} INFO - Started process (PID=1461) to work on /home/airflow/.local/lib/python3.12/site-packages/airflow/example_dags/example_task_group.py
[2024-08-09T03:53:06.924+0000] {processor.py:830} INFO - Processing file /home/airflow/.local/lib/python3.12/site-packages/airflow/example_dags/example_task_group.py for tasks to queue
[2024-08-09T03:53:06.932+0000] {logging_mixin.py:188} INFO - [2024-08-09T03:53:06.927+0000] {dagbag.py:545} INFO - Filling up the DagBag from /home/airflow/.local/lib/python3.12/site-packages/airflow/example_dags/example_task_group.py
[2024-08-09T03:53:06.958+0000] {processor.py:840} INFO - DAG(s) 'example_task_group' retrieved from /home/airflow/.local/lib/python3.12/site-packages/airflow/example_dags/example_task_group.py
[2024-08-09T03:53:07.095+0000] {logging_mixin.py:188} INFO - [2024-08-09T03:53:07.094+0000] {dag.py:3089} INFO - Sync 1 DAGs
[2024-08-09T03:53:07.126+0000] {logging_mixin.py:188} INFO - [2024-08-09T03:53:07.126+0000] {dag.py:3947} INFO - Setting next_dagrun for example_task_group to 2024-08-08 00:00:00+00:00, run_after=2024-08-09 00:00:00+00:00
[2024-08-09T03:53:07.262+0000] {processor.py:183} INFO - Processing /home/airflow/.local/lib/python3.12/site-packages/airflow/example_dags/example_task_group.py took 0.385 seconds
