[2024-08-09T02:39:05.022+0000] {processor.py:161} INFO - Started process (PID=98) to work on /home/airflow/.local/lib/python3.12/site-packages/airflow/example_dags/example_sensors.py
[2024-08-09T02:39:05.055+0000] {processor.py:830} INFO - Processing file /home/airflow/.local/lib/python3.12/site-packages/airflow/example_dags/example_sensors.py for tasks to queue
[2024-08-09T02:39:05.068+0000] {logging_mixin.py:188} INFO - [2024-08-09T02:39:05.065+0000] {dagbag.py:545} INFO - Filling up the DagBag from /home/airflow/.local/lib/python3.12/site-packages/airflow/example_dags/example_sensors.py
[2024-08-09T02:39:05.468+0000] {processor.py:840} INFO - DAG(s) 'example_sensors' retrieved from /home/airflow/.local/lib/python3.12/site-packages/airflow/example_dags/example_sensors.py
[2024-08-09T02:39:06.835+0000] {logging_mixin.py:188} INFO - [2024-08-09T02:39:06.834+0000] {dag.py:3089} INFO - Sync 1 DAGs
[2024-08-09T02:39:07.166+0000] {logging_mixin.py:188} INFO - [2024-08-09T02:39:07.166+0000] {dag.py:3947} INFO - Setting next_dagrun for example_sensors to None, run_after=None
[2024-08-09T02:39:07.655+0000] {processor.py:183} INFO - Processing /home/airflow/.local/lib/python3.12/site-packages/airflow/example_dags/example_sensors.py took 2.645 seconds
[2024-08-09T02:39:38.305+0000] {processor.py:161} INFO - Started process (PID=157) to work on /home/airflow/.local/lib/python3.12/site-packages/airflow/example_dags/example_sensors.py
[2024-08-09T02:39:38.306+0000] {processor.py:830} INFO - Processing file /home/airflow/.local/lib/python3.12/site-packages/airflow/example_dags/example_sensors.py for tasks to queue
[2024-08-09T02:39:38.309+0000] {logging_mixin.py:188} INFO - [2024-08-09T02:39:38.308+0000] {dagbag.py:545} INFO - Filling up the DagBag from /home/airflow/.local/lib/python3.12/site-packages/airflow/example_dags/example_sensors.py
[2024-08-09T02:39:38.321+0000] {processor.py:840} INFO - DAG(s) 'example_sensors' retrieved from /home/airflow/.local/lib/python3.12/site-packages/airflow/example_dags/example_sensors.py
[2024-08-09T02:39:38.354+0000] {logging_mixin.py:188} INFO - [2024-08-09T02:39:38.353+0000] {dag.py:3089} INFO - Sync 1 DAGs
[2024-08-09T02:39:38.455+0000] {logging_mixin.py:188} INFO - [2024-08-09T02:39:38.454+0000] {dag.py:3947} INFO - Setting next_dagrun for example_sensors to None, run_after=None
[2024-08-09T02:39:38.514+0000] {processor.py:183} INFO - Processing /home/airflow/.local/lib/python3.12/site-packages/airflow/example_dags/example_sensors.py took 0.217 seconds
[2024-08-09T02:40:09.060+0000] {processor.py:161} INFO - Started process (PID=215) to work on /home/airflow/.local/lib/python3.12/site-packages/airflow/example_dags/example_sensors.py
[2024-08-09T02:40:09.061+0000] {processor.py:830} INFO - Processing file /home/airflow/.local/lib/python3.12/site-packages/airflow/example_dags/example_sensors.py for tasks to queue
[2024-08-09T02:40:09.064+0000] {logging_mixin.py:188} INFO - [2024-08-09T02:40:09.064+0000] {dagbag.py:545} INFO - Filling up the DagBag from /home/airflow/.local/lib/python3.12/site-packages/airflow/example_dags/example_sensors.py
[2024-08-09T02:40:09.074+0000] {processor.py:840} INFO - DAG(s) 'example_sensors' retrieved from /home/airflow/.local/lib/python3.12/site-packages/airflow/example_dags/example_sensors.py
[2024-08-09T02:40:09.105+0000] {logging_mixin.py:188} INFO - [2024-08-09T02:40:09.105+0000] {dag.py:3089} INFO - Sync 1 DAGs
[2024-08-09T02:40:09.122+0000] {logging_mixin.py:188} INFO - [2024-08-09T02:40:09.122+0000] {dag.py:3947} INFO - Setting next_dagrun for example_sensors to None, run_after=None
[2024-08-09T02:40:09.318+0000] {processor.py:183} INFO - Processing /home/airflow/.local/lib/python3.12/site-packages/airflow/example_dags/example_sensors.py took 0.265 seconds
[2024-08-09T02:40:40.178+0000] {processor.py:161} INFO - Started process (PID=275) to work on /home/airflow/.local/lib/python3.12/site-packages/airflow/example_dags/example_sensors.py
[2024-08-09T02:40:40.180+0000] {processor.py:830} INFO - Processing file /home/airflow/.local/lib/python3.12/site-packages/airflow/example_dags/example_sensors.py for tasks to queue
[2024-08-09T02:40:40.183+0000] {logging_mixin.py:188} INFO - [2024-08-09T02:40:40.182+0000] {dagbag.py:545} INFO - Filling up the DagBag from /home/airflow/.local/lib/python3.12/site-packages/airflow/example_dags/example_sensors.py
[2024-08-09T02:40:40.193+0000] {processor.py:840} INFO - DAG(s) 'example_sensors' retrieved from /home/airflow/.local/lib/python3.12/site-packages/airflow/example_dags/example_sensors.py
[2024-08-09T02:40:40.223+0000] {logging_mixin.py:188} INFO - [2024-08-09T02:40:40.223+0000] {dag.py:3089} INFO - Sync 1 DAGs
[2024-08-09T02:40:40.238+0000] {logging_mixin.py:188} INFO - [2024-08-09T02:40:40.238+0000] {dag.py:3947} INFO - Setting next_dagrun for example_sensors to None, run_after=None
[2024-08-09T02:40:40.274+0000] {processor.py:183} INFO - Processing /home/airflow/.local/lib/python3.12/site-packages/airflow/example_dags/example_sensors.py took 0.102 seconds
[2024-08-09T02:41:11.061+0000] {processor.py:161} INFO - Started process (PID=335) to work on /home/airflow/.local/lib/python3.12/site-packages/airflow/example_dags/example_sensors.py
[2024-08-09T02:41:11.063+0000] {processor.py:830} INFO - Processing file /home/airflow/.local/lib/python3.12/site-packages/airflow/example_dags/example_sensors.py for tasks to queue
[2024-08-09T02:41:11.065+0000] {logging_mixin.py:188} INFO - [2024-08-09T02:41:11.064+0000] {dagbag.py:545} INFO - Filling up the DagBag from /home/airflow/.local/lib/python3.12/site-packages/airflow/example_dags/example_sensors.py
[2024-08-09T02:41:11.074+0000] {processor.py:840} INFO - DAG(s) 'example_sensors' retrieved from /home/airflow/.local/lib/python3.12/site-packages/airflow/example_dags/example_sensors.py
[2024-08-09T02:41:11.103+0000] {logging_mixin.py:188} INFO - [2024-08-09T02:41:11.102+0000] {dag.py:3089} INFO - Sync 1 DAGs
[2024-08-09T02:41:11.117+0000] {logging_mixin.py:188} INFO - [2024-08-09T02:41:11.116+0000] {dag.py:3947} INFO - Setting next_dagrun for example_sensors to None, run_after=None
[2024-08-09T02:41:11.140+0000] {processor.py:183} INFO - Processing /home/airflow/.local/lib/python3.12/site-packages/airflow/example_dags/example_sensors.py took 0.088 seconds
[2024-08-09T02:41:41.300+0000] {processor.py:161} INFO - Started process (PID=394) to work on /home/airflow/.local/lib/python3.12/site-packages/airflow/example_dags/example_sensors.py
[2024-08-09T02:41:41.302+0000] {processor.py:830} INFO - Processing file /home/airflow/.local/lib/python3.12/site-packages/airflow/example_dags/example_sensors.py for tasks to queue
[2024-08-09T02:41:41.304+0000] {logging_mixin.py:188} INFO - [2024-08-09T02:41:41.303+0000] {dagbag.py:545} INFO - Filling up the DagBag from /home/airflow/.local/lib/python3.12/site-packages/airflow/example_dags/example_sensors.py
[2024-08-09T02:41:41.314+0000] {processor.py:840} INFO - DAG(s) 'example_sensors' retrieved from /home/airflow/.local/lib/python3.12/site-packages/airflow/example_dags/example_sensors.py
[2024-08-09T02:41:41.343+0000] {logging_mixin.py:188} INFO - [2024-08-09T02:41:41.342+0000] {dag.py:3089} INFO - Sync 1 DAGs
[2024-08-09T02:41:41.358+0000] {logging_mixin.py:188} INFO - [2024-08-09T02:41:41.357+0000] {dag.py:3947} INFO - Setting next_dagrun for example_sensors to None, run_after=None
[2024-08-09T02:41:41.378+0000] {processor.py:183} INFO - Processing /home/airflow/.local/lib/python3.12/site-packages/airflow/example_dags/example_sensors.py took 0.085 seconds
[2024-08-09T02:42:39.463+0000] {processor.py:161} INFO - Started process (PID=460) to work on /home/airflow/.local/lib/python3.12/site-packages/airflow/example_dags/example_sensors.py
[2024-08-09T02:42:39.468+0000] {processor.py:830} INFO - Processing file /home/airflow/.local/lib/python3.12/site-packages/airflow/example_dags/example_sensors.py for tasks to queue
[2024-08-09T02:42:39.484+0000] {logging_mixin.py:188} INFO - [2024-08-09T02:42:39.482+0000] {dagbag.py:545} INFO - Filling up the DagBag from /home/airflow/.local/lib/python3.12/site-packages/airflow/example_dags/example_sensors.py
[2024-08-09T02:42:39.514+0000] {processor.py:840} INFO - DAG(s) 'example_sensors' retrieved from /home/airflow/.local/lib/python3.12/site-packages/airflow/example_dags/example_sensors.py
[2024-08-09T02:42:39.602+0000] {logging_mixin.py:188} INFO - [2024-08-09T02:42:39.601+0000] {dag.py:3089} INFO - Sync 1 DAGs
[2024-08-09T02:42:39.769+0000] {logging_mixin.py:188} INFO - [2024-08-09T02:42:39.769+0000] {dag.py:3947} INFO - Setting next_dagrun for example_sensors to None, run_after=None
[2024-08-09T02:42:39.871+0000] {processor.py:183} INFO - Processing /home/airflow/.local/lib/python3.12/site-packages/airflow/example_dags/example_sensors.py took 0.449 seconds
[2024-08-09T02:43:10.184+0000] {processor.py:161} INFO - Started process (PID=518) to work on /home/airflow/.local/lib/python3.12/site-packages/airflow/example_dags/example_sensors.py
[2024-08-09T02:43:10.186+0000] {processor.py:830} INFO - Processing file /home/airflow/.local/lib/python3.12/site-packages/airflow/example_dags/example_sensors.py for tasks to queue
[2024-08-09T02:43:10.187+0000] {logging_mixin.py:188} INFO - [2024-08-09T02:43:10.187+0000] {dagbag.py:545} INFO - Filling up the DagBag from /home/airflow/.local/lib/python3.12/site-packages/airflow/example_dags/example_sensors.py
[2024-08-09T02:43:10.200+0000] {processor.py:840} INFO - DAG(s) 'example_sensors' retrieved from /home/airflow/.local/lib/python3.12/site-packages/airflow/example_dags/example_sensors.py
[2024-08-09T02:43:10.234+0000] {logging_mixin.py:188} INFO - [2024-08-09T02:43:10.233+0000] {dag.py:3089} INFO - Sync 1 DAGs
[2024-08-09T02:43:10.250+0000] {logging_mixin.py:188} INFO - [2024-08-09T02:43:10.250+0000] {dag.py:3947} INFO - Setting next_dagrun for example_sensors to None, run_after=None
[2024-08-09T02:43:10.282+0000] {processor.py:183} INFO - Processing /home/airflow/.local/lib/python3.12/site-packages/airflow/example_dags/example_sensors.py took 0.107 seconds
[2024-08-09T02:43:40.769+0000] {processor.py:161} INFO - Started process (PID=578) to work on /home/airflow/.local/lib/python3.12/site-packages/airflow/example_dags/example_sensors.py
[2024-08-09T02:43:40.776+0000] {processor.py:830} INFO - Processing file /home/airflow/.local/lib/python3.12/site-packages/airflow/example_dags/example_sensors.py for tasks to queue
[2024-08-09T02:43:40.777+0000] {logging_mixin.py:188} INFO - [2024-08-09T02:43:40.777+0000] {dagbag.py:545} INFO - Filling up the DagBag from /home/airflow/.local/lib/python3.12/site-packages/airflow/example_dags/example_sensors.py
[2024-08-09T02:43:40.792+0000] {processor.py:840} INFO - DAG(s) 'example_sensors' retrieved from /home/airflow/.local/lib/python3.12/site-packages/airflow/example_dags/example_sensors.py
[2024-08-09T02:43:40.820+0000] {logging_mixin.py:188} INFO - [2024-08-09T02:43:40.820+0000] {dag.py:3089} INFO - Sync 1 DAGs
[2024-08-09T02:43:40.836+0000] {logging_mixin.py:188} INFO - [2024-08-09T02:43:40.836+0000] {dag.py:3947} INFO - Setting next_dagrun for example_sensors to None, run_after=None
[2024-08-09T02:43:41.970+0000] {processor.py:183} INFO - Processing /home/airflow/.local/lib/python3.12/site-packages/airflow/example_dags/example_sensors.py took 1.207 seconds
[2024-08-09T02:44:12.134+0000] {processor.py:161} INFO - Started process (PID=636) to work on /home/airflow/.local/lib/python3.12/site-packages/airflow/example_dags/example_sensors.py
[2024-08-09T02:44:12.135+0000] {processor.py:830} INFO - Processing file /home/airflow/.local/lib/python3.12/site-packages/airflow/example_dags/example_sensors.py for tasks to queue
[2024-08-09T02:44:12.136+0000] {logging_mixin.py:188} INFO - [2024-08-09T02:44:12.136+0000] {dagbag.py:545} INFO - Filling up the DagBag from /home/airflow/.local/lib/python3.12/site-packages/airflow/example_dags/example_sensors.py
[2024-08-09T02:44:12.148+0000] {processor.py:840} INFO - DAG(s) 'example_sensors' retrieved from /home/airflow/.local/lib/python3.12/site-packages/airflow/example_dags/example_sensors.py
[2024-08-09T02:44:12.179+0000] {logging_mixin.py:188} INFO - [2024-08-09T02:44:12.179+0000] {dag.py:3089} INFO - Sync 1 DAGs
[2024-08-09T02:44:12.194+0000] {logging_mixin.py:188} INFO - [2024-08-09T02:44:12.194+0000] {dag.py:3947} INFO - Setting next_dagrun for example_sensors to None, run_after=None
[2024-08-09T02:44:12.225+0000] {processor.py:183} INFO - Processing /home/airflow/.local/lib/python3.12/site-packages/airflow/example_dags/example_sensors.py took 0.098 seconds
[2024-08-09T02:44:42.670+0000] {processor.py:161} INFO - Started process (PID=697) to work on /home/airflow/.local/lib/python3.12/site-packages/airflow/example_dags/example_sensors.py
[2024-08-09T02:44:42.672+0000] {processor.py:830} INFO - Processing file /home/airflow/.local/lib/python3.12/site-packages/airflow/example_dags/example_sensors.py for tasks to queue
[2024-08-09T02:44:42.673+0000] {logging_mixin.py:188} INFO - [2024-08-09T02:44:42.673+0000] {dagbag.py:545} INFO - Filling up the DagBag from /home/airflow/.local/lib/python3.12/site-packages/airflow/example_dags/example_sensors.py
[2024-08-09T02:44:42.686+0000] {processor.py:840} INFO - DAG(s) 'example_sensors' retrieved from /home/airflow/.local/lib/python3.12/site-packages/airflow/example_dags/example_sensors.py
[2024-08-09T02:44:42.723+0000] {logging_mixin.py:188} INFO - [2024-08-09T02:44:42.723+0000] {dag.py:3089} INFO - Sync 1 DAGs
[2024-08-09T02:44:42.746+0000] {logging_mixin.py:188} INFO - [2024-08-09T02:44:42.745+0000] {dag.py:3947} INFO - Setting next_dagrun for example_sensors to None, run_after=None
[2024-08-09T02:44:42.775+0000] {processor.py:183} INFO - Processing /home/airflow/.local/lib/python3.12/site-packages/airflow/example_dags/example_sensors.py took 0.113 seconds
[2024-08-09T02:45:13.212+0000] {processor.py:161} INFO - Started process (PID=758) to work on /home/airflow/.local/lib/python3.12/site-packages/airflow/example_dags/example_sensors.py
[2024-08-09T02:45:13.214+0000] {processor.py:830} INFO - Processing file /home/airflow/.local/lib/python3.12/site-packages/airflow/example_dags/example_sensors.py for tasks to queue
[2024-08-09T02:45:13.215+0000] {logging_mixin.py:188} INFO - [2024-08-09T02:45:13.215+0000] {dagbag.py:545} INFO - Filling up the DagBag from /home/airflow/.local/lib/python3.12/site-packages/airflow/example_dags/example_sensors.py
[2024-08-09T02:45:13.226+0000] {processor.py:840} INFO - DAG(s) 'example_sensors' retrieved from /home/airflow/.local/lib/python3.12/site-packages/airflow/example_dags/example_sensors.py
[2024-08-09T02:45:13.258+0000] {logging_mixin.py:188} INFO - [2024-08-09T02:45:13.257+0000] {dag.py:3089} INFO - Sync 1 DAGs
[2024-08-09T02:45:13.273+0000] {logging_mixin.py:188} INFO - [2024-08-09T02:45:13.273+0000] {dag.py:3947} INFO - Setting next_dagrun for example_sensors to None, run_after=None
[2024-08-09T02:45:13.296+0000] {processor.py:183} INFO - Processing /home/airflow/.local/lib/python3.12/site-packages/airflow/example_dags/example_sensors.py took 0.091 seconds
[2024-08-09T02:45:44.037+0000] {processor.py:161} INFO - Started process (PID=818) to work on /home/airflow/.local/lib/python3.12/site-packages/airflow/example_dags/example_sensors.py
[2024-08-09T02:45:44.039+0000] {processor.py:830} INFO - Processing file /home/airflow/.local/lib/python3.12/site-packages/airflow/example_dags/example_sensors.py for tasks to queue
[2024-08-09T02:45:44.042+0000] {logging_mixin.py:188} INFO - [2024-08-09T02:45:44.040+0000] {dagbag.py:545} INFO - Filling up the DagBag from /home/airflow/.local/lib/python3.12/site-packages/airflow/example_dags/example_sensors.py
[2024-08-09T02:45:44.071+0000] {processor.py:840} INFO - DAG(s) 'example_sensors' retrieved from /home/airflow/.local/lib/python3.12/site-packages/airflow/example_dags/example_sensors.py
[2024-08-09T02:45:44.116+0000] {logging_mixin.py:188} INFO - [2024-08-09T02:45:44.114+0000] {dag.py:3089} INFO - Sync 1 DAGs
[2024-08-09T02:45:44.132+0000] {logging_mixin.py:188} INFO - [2024-08-09T02:45:44.132+0000] {dag.py:3947} INFO - Setting next_dagrun for example_sensors to None, run_after=None
[2024-08-09T02:45:44.157+0000] {processor.py:183} INFO - Processing /home/airflow/.local/lib/python3.12/site-packages/airflow/example_dags/example_sensors.py took 0.136 seconds
[2024-08-09T02:46:14.887+0000] {processor.py:161} INFO - Started process (PID=878) to work on /home/airflow/.local/lib/python3.12/site-packages/airflow/example_dags/example_sensors.py
[2024-08-09T02:46:14.889+0000] {processor.py:830} INFO - Processing file /home/airflow/.local/lib/python3.12/site-packages/airflow/example_dags/example_sensors.py for tasks to queue
[2024-08-09T02:46:14.890+0000] {logging_mixin.py:188} INFO - [2024-08-09T02:46:14.890+0000] {dagbag.py:545} INFO - Filling up the DagBag from /home/airflow/.local/lib/python3.12/site-packages/airflow/example_dags/example_sensors.py
[2024-08-09T02:46:14.899+0000] {processor.py:840} INFO - DAG(s) 'example_sensors' retrieved from /home/airflow/.local/lib/python3.12/site-packages/airflow/example_dags/example_sensors.py
[2024-08-09T02:46:14.925+0000] {logging_mixin.py:188} INFO - [2024-08-09T02:46:14.924+0000] {dag.py:3089} INFO - Sync 1 DAGs
[2024-08-09T02:46:14.939+0000] {logging_mixin.py:188} INFO - [2024-08-09T02:46:14.939+0000] {dag.py:3947} INFO - Setting next_dagrun for example_sensors to None, run_after=None
[2024-08-09T02:46:14.979+0000] {processor.py:183} INFO - Processing /home/airflow/.local/lib/python3.12/site-packages/airflow/example_dags/example_sensors.py took 0.097 seconds
[2024-08-09T02:46:45.773+0000] {processor.py:161} INFO - Started process (PID=938) to work on /home/airflow/.local/lib/python3.12/site-packages/airflow/example_dags/example_sensors.py
[2024-08-09T02:46:45.786+0000] {processor.py:830} INFO - Processing file /home/airflow/.local/lib/python3.12/site-packages/airflow/example_dags/example_sensors.py for tasks to queue
[2024-08-09T02:46:45.788+0000] {logging_mixin.py:188} INFO - [2024-08-09T02:46:45.787+0000] {dagbag.py:545} INFO - Filling up the DagBag from /home/airflow/.local/lib/python3.12/site-packages/airflow/example_dags/example_sensors.py
[2024-08-09T02:46:45.810+0000] {processor.py:840} INFO - DAG(s) 'example_sensors' retrieved from /home/airflow/.local/lib/python3.12/site-packages/airflow/example_dags/example_sensors.py
[2024-08-09T02:46:45.877+0000] {logging_mixin.py:188} INFO - [2024-08-09T02:46:45.877+0000] {dag.py:3089} INFO - Sync 1 DAGs
[2024-08-09T02:46:45.908+0000] {logging_mixin.py:188} INFO - [2024-08-09T02:46:45.908+0000] {dag.py:3947} INFO - Setting next_dagrun for example_sensors to None, run_after=None
[2024-08-09T02:46:45.950+0000] {processor.py:183} INFO - Processing /home/airflow/.local/lib/python3.12/site-packages/airflow/example_dags/example_sensors.py took 0.183 seconds
[2024-08-09T02:47:16.420+0000] {processor.py:161} INFO - Started process (PID=997) to work on /home/airflow/.local/lib/python3.12/site-packages/airflow/example_dags/example_sensors.py
[2024-08-09T02:47:16.422+0000] {processor.py:830} INFO - Processing file /home/airflow/.local/lib/python3.12/site-packages/airflow/example_dags/example_sensors.py for tasks to queue
[2024-08-09T02:47:16.423+0000] {logging_mixin.py:188} INFO - [2024-08-09T02:47:16.423+0000] {dagbag.py:545} INFO - Filling up the DagBag from /home/airflow/.local/lib/python3.12/site-packages/airflow/example_dags/example_sensors.py
[2024-08-09T02:47:16.434+0000] {processor.py:840} INFO - DAG(s) 'example_sensors' retrieved from /home/airflow/.local/lib/python3.12/site-packages/airflow/example_dags/example_sensors.py
[2024-08-09T02:47:16.466+0000] {logging_mixin.py:188} INFO - [2024-08-09T02:47:16.466+0000] {dag.py:3089} INFO - Sync 1 DAGs
[2024-08-09T02:47:16.482+0000] {logging_mixin.py:188} INFO - [2024-08-09T02:47:16.482+0000] {dag.py:3947} INFO - Setting next_dagrun for example_sensors to None, run_after=None
[2024-08-09T02:47:16.509+0000] {processor.py:183} INFO - Processing /home/airflow/.local/lib/python3.12/site-packages/airflow/example_dags/example_sensors.py took 0.095 seconds
[2024-08-09T02:47:46.858+0000] {processor.py:161} INFO - Started process (PID=1057) to work on /home/airflow/.local/lib/python3.12/site-packages/airflow/example_dags/example_sensors.py
[2024-08-09T02:47:46.859+0000] {processor.py:830} INFO - Processing file /home/airflow/.local/lib/python3.12/site-packages/airflow/example_dags/example_sensors.py for tasks to queue
[2024-08-09T02:47:46.861+0000] {logging_mixin.py:188} INFO - [2024-08-09T02:47:46.860+0000] {dagbag.py:545} INFO - Filling up the DagBag from /home/airflow/.local/lib/python3.12/site-packages/airflow/example_dags/example_sensors.py
[2024-08-09T02:47:46.873+0000] {processor.py:840} INFO - DAG(s) 'example_sensors' retrieved from /home/airflow/.local/lib/python3.12/site-packages/airflow/example_dags/example_sensors.py
[2024-08-09T02:47:46.905+0000] {logging_mixin.py:188} INFO - [2024-08-09T02:47:46.905+0000] {dag.py:3089} INFO - Sync 1 DAGs
[2024-08-09T02:47:46.923+0000] {logging_mixin.py:188} INFO - [2024-08-09T02:47:46.923+0000] {dag.py:3947} INFO - Setting next_dagrun for example_sensors to None, run_after=None
[2024-08-09T02:47:46.950+0000] {processor.py:183} INFO - Processing /home/airflow/.local/lib/python3.12/site-packages/airflow/example_dags/example_sensors.py took 0.098 seconds
[2024-08-09T02:48:17.077+0000] {processor.py:161} INFO - Started process (PID=1117) to work on /home/airflow/.local/lib/python3.12/site-packages/airflow/example_dags/example_sensors.py
[2024-08-09T02:48:17.078+0000] {processor.py:830} INFO - Processing file /home/airflow/.local/lib/python3.12/site-packages/airflow/example_dags/example_sensors.py for tasks to queue
[2024-08-09T02:48:17.079+0000] {logging_mixin.py:188} INFO - [2024-08-09T02:48:17.079+0000] {dagbag.py:545} INFO - Filling up the DagBag from /home/airflow/.local/lib/python3.12/site-packages/airflow/example_dags/example_sensors.py
[2024-08-09T02:48:17.090+0000] {processor.py:840} INFO - DAG(s) 'example_sensors' retrieved from /home/airflow/.local/lib/python3.12/site-packages/airflow/example_dags/example_sensors.py
[2024-08-09T02:48:17.123+0000] {logging_mixin.py:188} INFO - [2024-08-09T02:48:17.123+0000] {dag.py:3089} INFO - Sync 1 DAGs
[2024-08-09T02:48:17.138+0000] {logging_mixin.py:188} INFO - [2024-08-09T02:48:17.138+0000] {dag.py:3947} INFO - Setting next_dagrun for example_sensors to None, run_after=None
[2024-08-09T02:48:17.164+0000] {processor.py:183} INFO - Processing /home/airflow/.local/lib/python3.12/site-packages/airflow/example_dags/example_sensors.py took 0.093 seconds
[2024-08-09T02:48:47.540+0000] {processor.py:161} INFO - Started process (PID=1176) to work on /home/airflow/.local/lib/python3.12/site-packages/airflow/example_dags/example_sensors.py
[2024-08-09T02:48:47.541+0000] {processor.py:830} INFO - Processing file /home/airflow/.local/lib/python3.12/site-packages/airflow/example_dags/example_sensors.py for tasks to queue
[2024-08-09T02:48:47.542+0000] {logging_mixin.py:188} INFO - [2024-08-09T02:48:47.541+0000] {dagbag.py:545} INFO - Filling up the DagBag from /home/airflow/.local/lib/python3.12/site-packages/airflow/example_dags/example_sensors.py
[2024-08-09T02:48:47.552+0000] {processor.py:840} INFO - DAG(s) 'example_sensors' retrieved from /home/airflow/.local/lib/python3.12/site-packages/airflow/example_dags/example_sensors.py
[2024-08-09T02:48:47.584+0000] {logging_mixin.py:188} INFO - [2024-08-09T02:48:47.583+0000] {dag.py:3089} INFO - Sync 1 DAGs
[2024-08-09T02:48:47.599+0000] {logging_mixin.py:188} INFO - [2024-08-09T02:48:47.599+0000] {dag.py:3947} INFO - Setting next_dagrun for example_sensors to None, run_after=None
[2024-08-09T02:48:47.631+0000] {processor.py:183} INFO - Processing /home/airflow/.local/lib/python3.12/site-packages/airflow/example_dags/example_sensors.py took 0.098 seconds
[2024-08-09T02:49:18.214+0000] {processor.py:161} INFO - Started process (PID=1235) to work on /home/airflow/.local/lib/python3.12/site-packages/airflow/example_dags/example_sensors.py
[2024-08-09T02:49:18.215+0000] {processor.py:830} INFO - Processing file /home/airflow/.local/lib/python3.12/site-packages/airflow/example_dags/example_sensors.py for tasks to queue
[2024-08-09T02:49:18.216+0000] {logging_mixin.py:188} INFO - [2024-08-09T02:49:18.216+0000] {dagbag.py:545} INFO - Filling up the DagBag from /home/airflow/.local/lib/python3.12/site-packages/airflow/example_dags/example_sensors.py
[2024-08-09T02:49:18.228+0000] {processor.py:840} INFO - DAG(s) 'example_sensors' retrieved from /home/airflow/.local/lib/python3.12/site-packages/airflow/example_dags/example_sensors.py
[2024-08-09T02:49:18.262+0000] {logging_mixin.py:188} INFO - [2024-08-09T02:49:18.261+0000] {dag.py:3089} INFO - Sync 1 DAGs
[2024-08-09T02:49:18.277+0000] {logging_mixin.py:188} INFO - [2024-08-09T02:49:18.277+0000] {dag.py:3947} INFO - Setting next_dagrun for example_sensors to None, run_after=None
[2024-08-09T02:49:18.305+0000] {processor.py:183} INFO - Processing /home/airflow/.local/lib/python3.12/site-packages/airflow/example_dags/example_sensors.py took 0.098 seconds
[2024-08-09T02:49:48.576+0000] {processor.py:161} INFO - Started process (PID=1296) to work on /home/airflow/.local/lib/python3.12/site-packages/airflow/example_dags/example_sensors.py
[2024-08-09T02:49:48.577+0000] {processor.py:830} INFO - Processing file /home/airflow/.local/lib/python3.12/site-packages/airflow/example_dags/example_sensors.py for tasks to queue
[2024-08-09T02:49:48.578+0000] {logging_mixin.py:188} INFO - [2024-08-09T02:49:48.578+0000] {dagbag.py:545} INFO - Filling up the DagBag from /home/airflow/.local/lib/python3.12/site-packages/airflow/example_dags/example_sensors.py
[2024-08-09T02:49:48.590+0000] {processor.py:840} INFO - DAG(s) 'example_sensors' retrieved from /home/airflow/.local/lib/python3.12/site-packages/airflow/example_dags/example_sensors.py
[2024-08-09T02:49:48.621+0000] {logging_mixin.py:188} INFO - [2024-08-09T02:49:48.620+0000] {dag.py:3089} INFO - Sync 1 DAGs
[2024-08-09T02:49:48.637+0000] {logging_mixin.py:188} INFO - [2024-08-09T02:49:48.637+0000] {dag.py:3947} INFO - Setting next_dagrun for example_sensors to None, run_after=None
[2024-08-09T02:49:48.669+0000] {processor.py:183} INFO - Processing /home/airflow/.local/lib/python3.12/site-packages/airflow/example_dags/example_sensors.py took 0.101 seconds
[2024-08-09T02:50:18.935+0000] {processor.py:161} INFO - Started process (PID=1356) to work on /home/airflow/.local/lib/python3.12/site-packages/airflow/example_dags/example_sensors.py
[2024-08-09T02:50:18.936+0000] {processor.py:830} INFO - Processing file /home/airflow/.local/lib/python3.12/site-packages/airflow/example_dags/example_sensors.py for tasks to queue
[2024-08-09T02:50:18.937+0000] {logging_mixin.py:188} INFO - [2024-08-09T02:50:18.937+0000] {dagbag.py:545} INFO - Filling up the DagBag from /home/airflow/.local/lib/python3.12/site-packages/airflow/example_dags/example_sensors.py
[2024-08-09T02:50:18.948+0000] {processor.py:840} INFO - DAG(s) 'example_sensors' retrieved from /home/airflow/.local/lib/python3.12/site-packages/airflow/example_dags/example_sensors.py
[2024-08-09T02:50:18.979+0000] {logging_mixin.py:188} INFO - [2024-08-09T02:50:18.979+0000] {dag.py:3089} INFO - Sync 1 DAGs
[2024-08-09T02:50:18.995+0000] {logging_mixin.py:188} INFO - [2024-08-09T02:50:18.995+0000] {dag.py:3947} INFO - Setting next_dagrun for example_sensors to None, run_after=None
[2024-08-09T02:50:19.027+0000] {processor.py:183} INFO - Processing /home/airflow/.local/lib/python3.12/site-packages/airflow/example_dags/example_sensors.py took 0.099 seconds
[2024-08-09T02:50:49.504+0000] {processor.py:161} INFO - Started process (PID=1416) to work on /home/airflow/.local/lib/python3.12/site-packages/airflow/example_dags/example_sensors.py
[2024-08-09T02:50:49.505+0000] {processor.py:830} INFO - Processing file /home/airflow/.local/lib/python3.12/site-packages/airflow/example_dags/example_sensors.py for tasks to queue
[2024-08-09T02:50:49.506+0000] {logging_mixin.py:188} INFO - [2024-08-09T02:50:49.506+0000] {dagbag.py:545} INFO - Filling up the DagBag from /home/airflow/.local/lib/python3.12/site-packages/airflow/example_dags/example_sensors.py
[2024-08-09T02:50:49.518+0000] {processor.py:840} INFO - DAG(s) 'example_sensors' retrieved from /home/airflow/.local/lib/python3.12/site-packages/airflow/example_dags/example_sensors.py
[2024-08-09T02:50:49.553+0000] {logging_mixin.py:188} INFO - [2024-08-09T02:50:49.553+0000] {dag.py:3089} INFO - Sync 1 DAGs
[2024-08-09T02:50:49.569+0000] {logging_mixin.py:188} INFO - [2024-08-09T02:50:49.568+0000] {dag.py:3947} INFO - Setting next_dagrun for example_sensors to None, run_after=None
[2024-08-09T02:50:49.594+0000] {processor.py:183} INFO - Processing /home/airflow/.local/lib/python3.12/site-packages/airflow/example_dags/example_sensors.py took 0.097 seconds
[2024-08-09T02:51:19.996+0000] {processor.py:161} INFO - Started process (PID=1477) to work on /home/airflow/.local/lib/python3.12/site-packages/airflow/example_dags/example_sensors.py
[2024-08-09T02:51:19.997+0000] {processor.py:830} INFO - Processing file /home/airflow/.local/lib/python3.12/site-packages/airflow/example_dags/example_sensors.py for tasks to queue
[2024-08-09T02:51:19.999+0000] {logging_mixin.py:188} INFO - [2024-08-09T02:51:19.998+0000] {dagbag.py:545} INFO - Filling up the DagBag from /home/airflow/.local/lib/python3.12/site-packages/airflow/example_dags/example_sensors.py
[2024-08-09T02:51:20.010+0000] {processor.py:840} INFO - DAG(s) 'example_sensors' retrieved from /home/airflow/.local/lib/python3.12/site-packages/airflow/example_dags/example_sensors.py
[2024-08-09T02:51:20.040+0000] {logging_mixin.py:188} INFO - [2024-08-09T02:51:20.040+0000] {dag.py:3089} INFO - Sync 1 DAGs
[2024-08-09T02:51:20.055+0000] {logging_mixin.py:188} INFO - [2024-08-09T02:51:20.055+0000] {dag.py:3947} INFO - Setting next_dagrun for example_sensors to None, run_after=None
[2024-08-09T02:51:20.097+0000] {processor.py:183} INFO - Processing /home/airflow/.local/lib/python3.12/site-packages/airflow/example_dags/example_sensors.py took 0.108 seconds
[2024-08-09T03:00:04.623+0000] {processor.py:161} INFO - Started process (PID=1530) to work on /home/airflow/.local/lib/python3.12/site-packages/airflow/example_dags/example_sensors.py
[2024-08-09T03:00:04.624+0000] {processor.py:830} INFO - Processing file /home/airflow/.local/lib/python3.12/site-packages/airflow/example_dags/example_sensors.py for tasks to queue
[2024-08-09T03:00:04.625+0000] {logging_mixin.py:188} INFO - [2024-08-09T03:00:04.625+0000] {dagbag.py:545} INFO - Filling up the DagBag from /home/airflow/.local/lib/python3.12/site-packages/airflow/example_dags/example_sensors.py
[2024-08-09T03:00:04.649+0000] {processor.py:840} INFO - DAG(s) 'example_sensors' retrieved from /home/airflow/.local/lib/python3.12/site-packages/airflow/example_dags/example_sensors.py
[2024-08-09T03:00:04.714+0000] {logging_mixin.py:188} INFO - [2024-08-09T03:00:04.714+0000] {dag.py:3089} INFO - Sync 1 DAGs
[2024-08-09T03:00:04.749+0000] {logging_mixin.py:188} INFO - [2024-08-09T03:00:04.749+0000] {dag.py:3947} INFO - Setting next_dagrun for example_sensors to None, run_after=None
[2024-08-09T03:00:04.799+0000] {processor.py:183} INFO - Processing /home/airflow/.local/lib/python3.12/site-packages/airflow/example_dags/example_sensors.py took 0.183 seconds
[2024-08-09T03:39:56.955+0000] {processor.py:161} INFO - Started process (PID=91) to work on /home/airflow/.local/lib/python3.12/site-packages/airflow/example_dags/example_sensors.py
[2024-08-09T03:39:56.966+0000] {processor.py:830} INFO - Processing file /home/airflow/.local/lib/python3.12/site-packages/airflow/example_dags/example_sensors.py for tasks to queue
[2024-08-09T03:39:56.969+0000] {logging_mixin.py:188} INFO - [2024-08-09T03:39:56.968+0000] {dagbag.py:545} INFO - Filling up the DagBag from /home/airflow/.local/lib/python3.12/site-packages/airflow/example_dags/example_sensors.py
[2024-08-09T03:39:57.074+0000] {processor.py:840} INFO - DAG(s) 'example_sensors' retrieved from /home/airflow/.local/lib/python3.12/site-packages/airflow/example_dags/example_sensors.py
[2024-08-09T03:39:57.486+0000] {logging_mixin.py:188} INFO - [2024-08-09T03:39:57.486+0000] {dag.py:3089} INFO - Sync 1 DAGs
[2024-08-09T03:39:57.499+0000] {logging_mixin.py:188} INFO - [2024-08-09T03:39:57.498+0000] {dag.py:3947} INFO - Setting next_dagrun for example_sensors to None, run_after=None
[2024-08-09T03:39:57.860+0000] {processor.py:183} INFO - Processing /home/airflow/.local/lib/python3.12/site-packages/airflow/example_dags/example_sensors.py took 0.911 seconds
[2024-08-09T03:40:28.569+0000] {processor.py:161} INFO - Started process (PID=152) to work on /home/airflow/.local/lib/python3.12/site-packages/airflow/example_dags/example_sensors.py
[2024-08-09T03:40:28.571+0000] {processor.py:830} INFO - Processing file /home/airflow/.local/lib/python3.12/site-packages/airflow/example_dags/example_sensors.py for tasks to queue
[2024-08-09T03:40:28.572+0000] {logging_mixin.py:188} INFO - [2024-08-09T03:40:28.572+0000] {dagbag.py:545} INFO - Filling up the DagBag from /home/airflow/.local/lib/python3.12/site-packages/airflow/example_dags/example_sensors.py
[2024-08-09T03:40:28.584+0000] {processor.py:840} INFO - DAG(s) 'example_sensors' retrieved from /home/airflow/.local/lib/python3.12/site-packages/airflow/example_dags/example_sensors.py
[2024-08-09T03:40:28.625+0000] {logging_mixin.py:188} INFO - [2024-08-09T03:40:28.625+0000] {dag.py:3089} INFO - Sync 1 DAGs
[2024-08-09T03:40:28.640+0000] {logging_mixin.py:188} INFO - [2024-08-09T03:40:28.640+0000] {dag.py:3947} INFO - Setting next_dagrun for example_sensors to None, run_after=None
[2024-08-09T03:40:28.662+0000] {processor.py:183} INFO - Processing /home/airflow/.local/lib/python3.12/site-packages/airflow/example_dags/example_sensors.py took 0.099 seconds
[2024-08-09T03:40:58.868+0000] {processor.py:161} INFO - Started process (PID=210) to work on /home/airflow/.local/lib/python3.12/site-packages/airflow/example_dags/example_sensors.py
[2024-08-09T03:40:58.869+0000] {processor.py:830} INFO - Processing file /home/airflow/.local/lib/python3.12/site-packages/airflow/example_dags/example_sensors.py for tasks to queue
[2024-08-09T03:40:58.875+0000] {logging_mixin.py:188} INFO - [2024-08-09T03:40:58.875+0000] {dagbag.py:545} INFO - Filling up the DagBag from /home/airflow/.local/lib/python3.12/site-packages/airflow/example_dags/example_sensors.py
[2024-08-09T03:40:58.887+0000] {processor.py:840} INFO - DAG(s) 'example_sensors' retrieved from /home/airflow/.local/lib/python3.12/site-packages/airflow/example_dags/example_sensors.py
[2024-08-09T03:40:58.932+0000] {logging_mixin.py:188} INFO - [2024-08-09T03:40:58.931+0000] {dag.py:3089} INFO - Sync 1 DAGs
[2024-08-09T03:40:58.953+0000] {logging_mixin.py:188} INFO - [2024-08-09T03:40:58.952+0000] {dag.py:3947} INFO - Setting next_dagrun for example_sensors to None, run_after=None
[2024-08-09T03:40:59.008+0000] {processor.py:183} INFO - Processing /home/airflow/.local/lib/python3.12/site-packages/airflow/example_dags/example_sensors.py took 0.147 seconds
[2024-08-09T03:41:29.465+0000] {processor.py:161} INFO - Started process (PID=270) to work on /home/airflow/.local/lib/python3.12/site-packages/airflow/example_dags/example_sensors.py
[2024-08-09T03:41:29.471+0000] {processor.py:830} INFO - Processing file /home/airflow/.local/lib/python3.12/site-packages/airflow/example_dags/example_sensors.py for tasks to queue
[2024-08-09T03:41:29.472+0000] {logging_mixin.py:188} INFO - [2024-08-09T03:41:29.472+0000] {dagbag.py:545} INFO - Filling up the DagBag from /home/airflow/.local/lib/python3.12/site-packages/airflow/example_dags/example_sensors.py
[2024-08-09T03:41:29.481+0000] {processor.py:840} INFO - DAG(s) 'example_sensors' retrieved from /home/airflow/.local/lib/python3.12/site-packages/airflow/example_dags/example_sensors.py
[2024-08-09T03:41:29.539+0000] {logging_mixin.py:188} INFO - [2024-08-09T03:41:29.539+0000] {dag.py:3089} INFO - Sync 1 DAGs
[2024-08-09T03:41:29.558+0000] {logging_mixin.py:188} INFO - [2024-08-09T03:41:29.558+0000] {dag.py:3947} INFO - Setting next_dagrun for example_sensors to None, run_after=None
[2024-08-09T03:41:29.599+0000] {processor.py:183} INFO - Processing /home/airflow/.local/lib/python3.12/site-packages/airflow/example_dags/example_sensors.py took 0.140 seconds
[2024-08-09T03:41:59.803+0000] {processor.py:161} INFO - Started process (PID=330) to work on /home/airflow/.local/lib/python3.12/site-packages/airflow/example_dags/example_sensors.py
[2024-08-09T03:41:59.804+0000] {processor.py:830} INFO - Processing file /home/airflow/.local/lib/python3.12/site-packages/airflow/example_dags/example_sensors.py for tasks to queue
[2024-08-09T03:41:59.806+0000] {logging_mixin.py:188} INFO - [2024-08-09T03:41:59.805+0000] {dagbag.py:545} INFO - Filling up the DagBag from /home/airflow/.local/lib/python3.12/site-packages/airflow/example_dags/example_sensors.py
[2024-08-09T03:41:59.817+0000] {processor.py:840} INFO - DAG(s) 'example_sensors' retrieved from /home/airflow/.local/lib/python3.12/site-packages/airflow/example_dags/example_sensors.py
[2024-08-09T03:41:59.857+0000] {logging_mixin.py:188} INFO - [2024-08-09T03:41:59.857+0000] {dag.py:3089} INFO - Sync 1 DAGs
[2024-08-09T03:41:59.870+0000] {logging_mixin.py:188} INFO - [2024-08-09T03:41:59.870+0000] {dag.py:3947} INFO - Setting next_dagrun for example_sensors to None, run_after=None
[2024-08-09T03:41:59.911+0000] {processor.py:183} INFO - Processing /home/airflow/.local/lib/python3.12/site-packages/airflow/example_dags/example_sensors.py took 0.115 seconds
[2024-08-09T03:42:30.225+0000] {processor.py:161} INFO - Started process (PID=389) to work on /home/airflow/.local/lib/python3.12/site-packages/airflow/example_dags/example_sensors.py
[2024-08-09T03:42:30.230+0000] {processor.py:830} INFO - Processing file /home/airflow/.local/lib/python3.12/site-packages/airflow/example_dags/example_sensors.py for tasks to queue
[2024-08-09T03:42:30.231+0000] {logging_mixin.py:188} INFO - [2024-08-09T03:42:30.231+0000] {dagbag.py:545} INFO - Filling up the DagBag from /home/airflow/.local/lib/python3.12/site-packages/airflow/example_dags/example_sensors.py
[2024-08-09T03:42:30.245+0000] {processor.py:840} INFO - DAG(s) 'example_sensors' retrieved from /home/airflow/.local/lib/python3.12/site-packages/airflow/example_dags/example_sensors.py
[2024-08-09T03:42:30.268+0000] {logging_mixin.py:188} INFO - [2024-08-09T03:42:30.268+0000] {dag.py:3089} INFO - Sync 1 DAGs
[2024-08-09T03:42:30.282+0000] {logging_mixin.py:188} INFO - [2024-08-09T03:42:30.282+0000] {dag.py:3947} INFO - Setting next_dagrun for example_sensors to None, run_after=None
[2024-08-09T03:42:30.342+0000] {processor.py:183} INFO - Processing /home/airflow/.local/lib/python3.12/site-packages/airflow/example_dags/example_sensors.py took 0.123 seconds
[2024-08-09T03:43:01.293+0000] {processor.py:161} INFO - Started process (PID=449) to work on /home/airflow/.local/lib/python3.12/site-packages/airflow/example_dags/example_sensors.py
[2024-08-09T03:43:01.294+0000] {processor.py:830} INFO - Processing file /home/airflow/.local/lib/python3.12/site-packages/airflow/example_dags/example_sensors.py for tasks to queue
[2024-08-09T03:43:01.295+0000] {logging_mixin.py:188} INFO - [2024-08-09T03:43:01.294+0000] {dagbag.py:545} INFO - Filling up the DagBag from /home/airflow/.local/lib/python3.12/site-packages/airflow/example_dags/example_sensors.py
[2024-08-09T03:43:01.306+0000] {processor.py:840} INFO - DAG(s) 'example_sensors' retrieved from /home/airflow/.local/lib/python3.12/site-packages/airflow/example_dags/example_sensors.py
[2024-08-09T03:43:01.345+0000] {logging_mixin.py:188} INFO - [2024-08-09T03:43:01.345+0000] {dag.py:3089} INFO - Sync 1 DAGs
[2024-08-09T03:43:01.358+0000] {logging_mixin.py:188} INFO - [2024-08-09T03:43:01.357+0000] {dag.py:3947} INFO - Setting next_dagrun for example_sensors to None, run_after=None
[2024-08-09T03:43:01.377+0000] {processor.py:183} INFO - Processing /home/airflow/.local/lib/python3.12/site-packages/airflow/example_dags/example_sensors.py took 0.096 seconds
[2024-08-09T03:43:47.039+0000] {processor.py:161} INFO - Started process (PID=515) to work on /home/airflow/.local/lib/python3.12/site-packages/airflow/example_dags/example_sensors.py
[2024-08-09T03:43:47.042+0000] {processor.py:830} INFO - Processing file /home/airflow/.local/lib/python3.12/site-packages/airflow/example_dags/example_sensors.py for tasks to queue
[2024-08-09T03:43:47.045+0000] {logging_mixin.py:188} INFO - [2024-08-09T03:43:47.044+0000] {dagbag.py:545} INFO - Filling up the DagBag from /home/airflow/.local/lib/python3.12/site-packages/airflow/example_dags/example_sensors.py
[2024-08-09T03:43:47.068+0000] {processor.py:840} INFO - DAG(s) 'example_sensors' retrieved from /home/airflow/.local/lib/python3.12/site-packages/airflow/example_dags/example_sensors.py
[2024-08-09T03:43:47.160+0000] {logging_mixin.py:188} INFO - [2024-08-09T03:43:47.159+0000] {dag.py:3089} INFO - Sync 1 DAGs
[2024-08-09T03:43:47.205+0000] {logging_mixin.py:188} INFO - [2024-08-09T03:43:47.205+0000] {dag.py:3947} INFO - Setting next_dagrun for example_sensors to None, run_after=None
[2024-08-09T03:43:47.281+0000] {processor.py:183} INFO - Processing /home/airflow/.local/lib/python3.12/site-packages/airflow/example_dags/example_sensors.py took 0.253 seconds
[2024-08-09T03:44:17.509+0000] {processor.py:161} INFO - Started process (PID=575) to work on /home/airflow/.local/lib/python3.12/site-packages/airflow/example_dags/example_sensors.py
[2024-08-09T03:44:17.516+0000] {processor.py:830} INFO - Processing file /home/airflow/.local/lib/python3.12/site-packages/airflow/example_dags/example_sensors.py for tasks to queue
[2024-08-09T03:44:17.517+0000] {logging_mixin.py:188} INFO - [2024-08-09T03:44:17.517+0000] {dagbag.py:545} INFO - Filling up the DagBag from /home/airflow/.local/lib/python3.12/site-packages/airflow/example_dags/example_sensors.py
[2024-08-09T03:44:17.530+0000] {processor.py:840} INFO - DAG(s) 'example_sensors' retrieved from /home/airflow/.local/lib/python3.12/site-packages/airflow/example_dags/example_sensors.py
[2024-08-09T03:44:17.556+0000] {logging_mixin.py:188} INFO - [2024-08-09T03:44:17.556+0000] {dag.py:3089} INFO - Sync 1 DAGs
[2024-08-09T03:44:17.573+0000] {logging_mixin.py:188} INFO - [2024-08-09T03:44:17.573+0000] {dag.py:3947} INFO - Setting next_dagrun for example_sensors to None, run_after=None
[2024-08-09T03:44:17.600+0000] {processor.py:183} INFO - Processing /home/airflow/.local/lib/python3.12/site-packages/airflow/example_dags/example_sensors.py took 0.098 seconds
[2024-08-09T03:44:47.932+0000] {processor.py:161} INFO - Started process (PID=633) to work on /home/airflow/.local/lib/python3.12/site-packages/airflow/example_dags/example_sensors.py
[2024-08-09T03:44:47.933+0000] {processor.py:830} INFO - Processing file /home/airflow/.local/lib/python3.12/site-packages/airflow/example_dags/example_sensors.py for tasks to queue
[2024-08-09T03:44:47.935+0000] {logging_mixin.py:188} INFO - [2024-08-09T03:44:47.934+0000] {dagbag.py:545} INFO - Filling up the DagBag from /home/airflow/.local/lib/python3.12/site-packages/airflow/example_dags/example_sensors.py
[2024-08-09T03:44:47.945+0000] {processor.py:840} INFO - DAG(s) 'example_sensors' retrieved from /home/airflow/.local/lib/python3.12/site-packages/airflow/example_dags/example_sensors.py
[2024-08-09T03:44:47.971+0000] {logging_mixin.py:188} INFO - [2024-08-09T03:44:47.970+0000] {dag.py:3089} INFO - Sync 1 DAGs
[2024-08-09T03:44:47.983+0000] {logging_mixin.py:188} INFO - [2024-08-09T03:44:47.983+0000] {dag.py:3947} INFO - Setting next_dagrun for example_sensors to None, run_after=None
[2024-08-09T03:44:48.017+0000] {processor.py:183} INFO - Processing /home/airflow/.local/lib/python3.12/site-packages/airflow/example_dags/example_sensors.py took 0.092 seconds
[2024-08-09T03:45:18.245+0000] {processor.py:161} INFO - Started process (PID=694) to work on /home/airflow/.local/lib/python3.12/site-packages/airflow/example_dags/example_sensors.py
[2024-08-09T03:45:18.246+0000] {processor.py:830} INFO - Processing file /home/airflow/.local/lib/python3.12/site-packages/airflow/example_dags/example_sensors.py for tasks to queue
[2024-08-09T03:45:18.247+0000] {logging_mixin.py:188} INFO - [2024-08-09T03:45:18.247+0000] {dagbag.py:545} INFO - Filling up the DagBag from /home/airflow/.local/lib/python3.12/site-packages/airflow/example_dags/example_sensors.py
[2024-08-09T03:45:18.260+0000] {processor.py:840} INFO - DAG(s) 'example_sensors' retrieved from /home/airflow/.local/lib/python3.12/site-packages/airflow/example_dags/example_sensors.py
[2024-08-09T03:45:18.314+0000] {logging_mixin.py:188} INFO - [2024-08-09T03:45:18.313+0000] {dag.py:3089} INFO - Sync 1 DAGs
[2024-08-09T03:45:18.329+0000] {logging_mixin.py:188} INFO - [2024-08-09T03:45:18.329+0000] {dag.py:3947} INFO - Setting next_dagrun for example_sensors to None, run_after=None
[2024-08-09T03:45:18.353+0000] {processor.py:183} INFO - Processing /home/airflow/.local/lib/python3.12/site-packages/airflow/example_dags/example_sensors.py took 0.116 seconds
[2024-08-09T03:45:48.698+0000] {processor.py:161} INFO - Started process (PID=754) to work on /home/airflow/.local/lib/python3.12/site-packages/airflow/example_dags/example_sensors.py
[2024-08-09T03:45:48.700+0000] {processor.py:830} INFO - Processing file /home/airflow/.local/lib/python3.12/site-packages/airflow/example_dags/example_sensors.py for tasks to queue
[2024-08-09T03:45:48.702+0000] {logging_mixin.py:188} INFO - [2024-08-09T03:45:48.702+0000] {dagbag.py:545} INFO - Filling up the DagBag from /home/airflow/.local/lib/python3.12/site-packages/airflow/example_dags/example_sensors.py
[2024-08-09T03:45:48.719+0000] {processor.py:840} INFO - DAG(s) 'example_sensors' retrieved from /home/airflow/.local/lib/python3.12/site-packages/airflow/example_dags/example_sensors.py
[2024-08-09T03:45:48.777+0000] {logging_mixin.py:188} INFO - [2024-08-09T03:45:48.777+0000] {dag.py:3089} INFO - Sync 1 DAGs
[2024-08-09T03:45:48.807+0000] {logging_mixin.py:188} INFO - [2024-08-09T03:45:48.807+0000] {dag.py:3947} INFO - Setting next_dagrun for example_sensors to None, run_after=None
[2024-08-09T03:45:48.847+0000] {processor.py:183} INFO - Processing /home/airflow/.local/lib/python3.12/site-packages/airflow/example_dags/example_sensors.py took 0.155 seconds
[2024-08-09T03:46:19.398+0000] {processor.py:161} INFO - Started process (PID=814) to work on /home/airflow/.local/lib/python3.12/site-packages/airflow/example_dags/example_sensors.py
[2024-08-09T03:46:19.400+0000] {processor.py:830} INFO - Processing file /home/airflow/.local/lib/python3.12/site-packages/airflow/example_dags/example_sensors.py for tasks to queue
[2024-08-09T03:46:19.401+0000] {logging_mixin.py:188} INFO - [2024-08-09T03:46:19.400+0000] {dagbag.py:545} INFO - Filling up the DagBag from /home/airflow/.local/lib/python3.12/site-packages/airflow/example_dags/example_sensors.py
[2024-08-09T03:46:19.412+0000] {processor.py:840} INFO - DAG(s) 'example_sensors' retrieved from /home/airflow/.local/lib/python3.12/site-packages/airflow/example_dags/example_sensors.py
[2024-08-09T03:46:19.437+0000] {logging_mixin.py:188} INFO - [2024-08-09T03:46:19.436+0000] {dag.py:3089} INFO - Sync 1 DAGs
[2024-08-09T03:46:19.449+0000] {logging_mixin.py:188} INFO - [2024-08-09T03:46:19.449+0000] {dag.py:3947} INFO - Setting next_dagrun for example_sensors to None, run_after=None
[2024-08-09T03:46:19.479+0000] {processor.py:183} INFO - Processing /home/airflow/.local/lib/python3.12/site-packages/airflow/example_dags/example_sensors.py took 0.087 seconds
[2024-08-09T03:46:49.549+0000] {processor.py:161} INFO - Started process (PID=873) to work on /home/airflow/.local/lib/python3.12/site-packages/airflow/example_dags/example_sensors.py
[2024-08-09T03:46:49.550+0000] {processor.py:830} INFO - Processing file /home/airflow/.local/lib/python3.12/site-packages/airflow/example_dags/example_sensors.py for tasks to queue
[2024-08-09T03:46:49.550+0000] {logging_mixin.py:188} INFO - [2024-08-09T03:46:49.550+0000] {dagbag.py:545} INFO - Filling up the DagBag from /home/airflow/.local/lib/python3.12/site-packages/airflow/example_dags/example_sensors.py
[2024-08-09T03:46:49.560+0000] {processor.py:840} INFO - DAG(s) 'example_sensors' retrieved from /home/airflow/.local/lib/python3.12/site-packages/airflow/example_dags/example_sensors.py
[2024-08-09T03:46:49.589+0000] {logging_mixin.py:188} INFO - [2024-08-09T03:46:49.589+0000] {dag.py:3089} INFO - Sync 1 DAGs
[2024-08-09T03:46:49.602+0000] {logging_mixin.py:188} INFO - [2024-08-09T03:46:49.602+0000] {dag.py:3947} INFO - Setting next_dagrun for example_sensors to None, run_after=None
[2024-08-09T03:46:49.620+0000] {processor.py:183} INFO - Processing /home/airflow/.local/lib/python3.12/site-packages/airflow/example_dags/example_sensors.py took 0.078 seconds
[2024-08-09T03:47:20.112+0000] {processor.py:161} INFO - Started process (PID=933) to work on /home/airflow/.local/lib/python3.12/site-packages/airflow/example_dags/example_sensors.py
[2024-08-09T03:47:20.113+0000] {processor.py:830} INFO - Processing file /home/airflow/.local/lib/python3.12/site-packages/airflow/example_dags/example_sensors.py for tasks to queue
[2024-08-09T03:47:20.114+0000] {logging_mixin.py:188} INFO - [2024-08-09T03:47:20.114+0000] {dagbag.py:545} INFO - Filling up the DagBag from /home/airflow/.local/lib/python3.12/site-packages/airflow/example_dags/example_sensors.py
[2024-08-09T03:47:20.129+0000] {processor.py:840} INFO - DAG(s) 'example_sensors' retrieved from /home/airflow/.local/lib/python3.12/site-packages/airflow/example_dags/example_sensors.py
[2024-08-09T03:47:20.178+0000] {logging_mixin.py:188} INFO - [2024-08-09T03:47:20.178+0000] {dag.py:3089} INFO - Sync 1 DAGs
[2024-08-09T03:47:20.196+0000] {logging_mixin.py:188} INFO - [2024-08-09T03:47:20.196+0000] {dag.py:3947} INFO - Setting next_dagrun for example_sensors to None, run_after=None
[2024-08-09T03:47:20.221+0000] {processor.py:183} INFO - Processing /home/airflow/.local/lib/python3.12/site-packages/airflow/example_dags/example_sensors.py took 0.115 seconds
[2024-08-09T03:47:50.739+0000] {processor.py:161} INFO - Started process (PID=993) to work on /home/airflow/.local/lib/python3.12/site-packages/airflow/example_dags/example_sensors.py
[2024-08-09T03:47:50.740+0000] {processor.py:830} INFO - Processing file /home/airflow/.local/lib/python3.12/site-packages/airflow/example_dags/example_sensors.py for tasks to queue
[2024-08-09T03:47:50.741+0000] {logging_mixin.py:188} INFO - [2024-08-09T03:47:50.741+0000] {dagbag.py:545} INFO - Filling up the DagBag from /home/airflow/.local/lib/python3.12/site-packages/airflow/example_dags/example_sensors.py
[2024-08-09T03:47:50.753+0000] {processor.py:840} INFO - DAG(s) 'example_sensors' retrieved from /home/airflow/.local/lib/python3.12/site-packages/airflow/example_dags/example_sensors.py
[2024-08-09T03:47:50.795+0000] {logging_mixin.py:188} INFO - [2024-08-09T03:47:50.795+0000] {dag.py:3089} INFO - Sync 1 DAGs
[2024-08-09T03:47:50.807+0000] {logging_mixin.py:188} INFO - [2024-08-09T03:47:50.807+0000] {dag.py:3947} INFO - Setting next_dagrun for example_sensors to None, run_after=None
[2024-08-09T03:47:50.840+0000] {processor.py:183} INFO - Processing /home/airflow/.local/lib/python3.12/site-packages/airflow/example_dags/example_sensors.py took 0.107 seconds
[2024-08-09T03:48:28.072+0000] {processor.py:161} INFO - Started process (PID=1053) to work on /home/airflow/.local/lib/python3.12/site-packages/airflow/example_dags/example_sensors.py
[2024-08-09T03:48:28.074+0000] {processor.py:830} INFO - Processing file /home/airflow/.local/lib/python3.12/site-packages/airflow/example_dags/example_sensors.py for tasks to queue
[2024-08-09T03:48:28.075+0000] {logging_mixin.py:188} INFO - [2024-08-09T03:48:28.075+0000] {dagbag.py:545} INFO - Filling up the DagBag from /home/airflow/.local/lib/python3.12/site-packages/airflow/example_dags/example_sensors.py
[2024-08-09T03:48:28.116+0000] {processor.py:840} INFO - DAG(s) 'example_sensors' retrieved from /home/airflow/.local/lib/python3.12/site-packages/airflow/example_dags/example_sensors.py
[2024-08-09T03:48:28.379+0000] {logging_mixin.py:188} INFO - [2024-08-09T03:48:28.378+0000] {dag.py:3089} INFO - Sync 1 DAGs
[2024-08-09T03:48:28.498+0000] {logging_mixin.py:188} INFO - [2024-08-09T03:48:28.497+0000] {dag.py:3947} INFO - Setting next_dagrun for example_sensors to None, run_after=None
[2024-08-09T03:48:28.589+0000] {processor.py:183} INFO - Processing /home/airflow/.local/lib/python3.12/site-packages/airflow/example_dags/example_sensors.py took 0.546 seconds
[2024-08-09T03:48:59.629+0000] {processor.py:161} INFO - Started process (PID=1110) to work on /home/airflow/.local/lib/python3.12/site-packages/airflow/example_dags/example_sensors.py
[2024-08-09T03:48:59.657+0000] {processor.py:830} INFO - Processing file /home/airflow/.local/lib/python3.12/site-packages/airflow/example_dags/example_sensors.py for tasks to queue
[2024-08-09T03:48:59.659+0000] {logging_mixin.py:188} INFO - [2024-08-09T03:48:59.658+0000] {dagbag.py:545} INFO - Filling up the DagBag from /home/airflow/.local/lib/python3.12/site-packages/airflow/example_dags/example_sensors.py
[2024-08-09T03:48:59.928+0000] {processor.py:840} INFO - DAG(s) 'example_sensors' retrieved from /home/airflow/.local/lib/python3.12/site-packages/airflow/example_dags/example_sensors.py
[2024-08-09T03:49:00.469+0000] {logging_mixin.py:188} INFO - [2024-08-09T03:49:00.469+0000] {dag.py:3089} INFO - Sync 1 DAGs
[2024-08-09T03:49:00.600+0000] {logging_mixin.py:188} INFO - [2024-08-09T03:49:00.600+0000] {dag.py:3947} INFO - Setting next_dagrun for example_sensors to None, run_after=None
[2024-08-09T03:49:00.883+0000] {processor.py:183} INFO - Processing /home/airflow/.local/lib/python3.12/site-packages/airflow/example_dags/example_sensors.py took 1.262 seconds
[2024-08-09T03:49:40.853+0000] {processor.py:161} INFO - Started process (PID=1176) to work on /home/airflow/.local/lib/python3.12/site-packages/airflow/example_dags/example_sensors.py
[2024-08-09T03:49:40.867+0000] {processor.py:830} INFO - Processing file /home/airflow/.local/lib/python3.12/site-packages/airflow/example_dags/example_sensors.py for tasks to queue
[2024-08-09T03:49:40.869+0000] {logging_mixin.py:188} INFO - [2024-08-09T03:49:40.868+0000] {dagbag.py:545} INFO - Filling up the DagBag from /home/airflow/.local/lib/python3.12/site-packages/airflow/example_dags/example_sensors.py
[2024-08-09T03:49:40.900+0000] {processor.py:840} INFO - DAG(s) 'example_sensors' retrieved from /home/airflow/.local/lib/python3.12/site-packages/airflow/example_dags/example_sensors.py
[2024-08-09T03:49:41.017+0000] {logging_mixin.py:188} INFO - [2024-08-09T03:49:41.017+0000] {dag.py:3089} INFO - Sync 1 DAGs
[2024-08-09T03:49:41.066+0000] {logging_mixin.py:188} INFO - [2024-08-09T03:49:41.066+0000] {dag.py:3947} INFO - Setting next_dagrun for example_sensors to None, run_after=None
[2024-08-09T03:49:41.158+0000] {processor.py:183} INFO - Processing /home/airflow/.local/lib/python3.12/site-packages/airflow/example_dags/example_sensors.py took 0.310 seconds
[2024-08-09T03:50:19.914+0000] {processor.py:161} INFO - Started process (PID=1234) to work on /home/airflow/.local/lib/python3.12/site-packages/airflow/example_dags/example_sensors.py
[2024-08-09T03:50:19.915+0000] {processor.py:830} INFO - Processing file /home/airflow/.local/lib/python3.12/site-packages/airflow/example_dags/example_sensors.py for tasks to queue
[2024-08-09T03:50:19.916+0000] {logging_mixin.py:188} INFO - [2024-08-09T03:50:19.916+0000] {dagbag.py:545} INFO - Filling up the DagBag from /home/airflow/.local/lib/python3.12/site-packages/airflow/example_dags/example_sensors.py
[2024-08-09T03:50:19.929+0000] {processor.py:840} INFO - DAG(s) 'example_sensors' retrieved from /home/airflow/.local/lib/python3.12/site-packages/airflow/example_dags/example_sensors.py
[2024-08-09T03:50:19.986+0000] {logging_mixin.py:188} INFO - [2024-08-09T03:50:19.986+0000] {dag.py:3089} INFO - Sync 1 DAGs
[2024-08-09T03:50:20.010+0000] {logging_mixin.py:188} INFO - [2024-08-09T03:50:20.010+0000] {dag.py:3947} INFO - Setting next_dagrun for example_sensors to None, run_after=None
[2024-08-09T03:50:20.043+0000] {processor.py:183} INFO - Processing /home/airflow/.local/lib/python3.12/site-packages/airflow/example_dags/example_sensors.py took 0.135 seconds
[2024-08-09T03:50:54.555+0000] {processor.py:161} INFO - Started process (PID=1292) to work on /home/airflow/.local/lib/python3.12/site-packages/airflow/example_dags/example_sensors.py
[2024-08-09T03:50:54.556+0000] {processor.py:830} INFO - Processing file /home/airflow/.local/lib/python3.12/site-packages/airflow/example_dags/example_sensors.py for tasks to queue
[2024-08-09T03:50:54.557+0000] {logging_mixin.py:188} INFO - [2024-08-09T03:50:54.557+0000] {dagbag.py:545} INFO - Filling up the DagBag from /home/airflow/.local/lib/python3.12/site-packages/airflow/example_dags/example_sensors.py
[2024-08-09T03:50:54.570+0000] {processor.py:840} INFO - DAG(s) 'example_sensors' retrieved from /home/airflow/.local/lib/python3.12/site-packages/airflow/example_dags/example_sensors.py
[2024-08-09T03:50:54.608+0000] {logging_mixin.py:188} INFO - [2024-08-09T03:50:54.607+0000] {dag.py:3089} INFO - Sync 1 DAGs
[2024-08-09T03:50:54.622+0000] {logging_mixin.py:188} INFO - [2024-08-09T03:50:54.622+0000] {dag.py:3947} INFO - Setting next_dagrun for example_sensors to None, run_after=None
[2024-08-09T03:50:54.650+0000] {processor.py:183} INFO - Processing /home/airflow/.local/lib/python3.12/site-packages/airflow/example_dags/example_sensors.py took 0.103 seconds
[2024-08-09T03:51:37.181+0000] {processor.py:161} INFO - Started process (PID=1342) to work on /home/airflow/.local/lib/python3.12/site-packages/airflow/example_dags/example_sensors.py
[2024-08-09T03:51:37.182+0000] {processor.py:830} INFO - Processing file /home/airflow/.local/lib/python3.12/site-packages/airflow/example_dags/example_sensors.py for tasks to queue
[2024-08-09T03:51:37.183+0000] {logging_mixin.py:188} INFO - [2024-08-09T03:51:37.182+0000] {dagbag.py:545} INFO - Filling up the DagBag from /home/airflow/.local/lib/python3.12/site-packages/airflow/example_dags/example_sensors.py
[2024-08-09T03:51:37.196+0000] {processor.py:840} INFO - DAG(s) 'example_sensors' retrieved from /home/airflow/.local/lib/python3.12/site-packages/airflow/example_dags/example_sensors.py
[2024-08-09T03:51:37.225+0000] {logging_mixin.py:188} INFO - [2024-08-09T03:51:37.225+0000] {dag.py:3089} INFO - Sync 1 DAGs
[2024-08-09T03:51:37.243+0000] {logging_mixin.py:188} INFO - [2024-08-09T03:51:37.242+0000] {dag.py:3947} INFO - Setting next_dagrun for example_sensors to None, run_after=None
[2024-08-09T03:51:37.273+0000] {processor.py:183} INFO - Processing /home/airflow/.local/lib/python3.12/site-packages/airflow/example_dags/example_sensors.py took 0.099 seconds
[2024-08-09T03:52:07.354+0000] {processor.py:161} INFO - Started process (PID=1400) to work on /home/airflow/.local/lib/python3.12/site-packages/airflow/example_dags/example_sensors.py
[2024-08-09T03:52:07.356+0000] {processor.py:830} INFO - Processing file /home/airflow/.local/lib/python3.12/site-packages/airflow/example_dags/example_sensors.py for tasks to queue
[2024-08-09T03:52:07.357+0000] {logging_mixin.py:188} INFO - [2024-08-09T03:52:07.356+0000] {dagbag.py:545} INFO - Filling up the DagBag from /home/airflow/.local/lib/python3.12/site-packages/airflow/example_dags/example_sensors.py
[2024-08-09T03:52:07.370+0000] {processor.py:840} INFO - DAG(s) 'example_sensors' retrieved from /home/airflow/.local/lib/python3.12/site-packages/airflow/example_dags/example_sensors.py
[2024-08-09T03:52:07.415+0000] {logging_mixin.py:188} INFO - [2024-08-09T03:52:07.415+0000] {dag.py:3089} INFO - Sync 1 DAGs
[2024-08-09T03:52:07.436+0000] {logging_mixin.py:188} INFO - [2024-08-09T03:52:07.436+0000] {dag.py:3947} INFO - Setting next_dagrun for example_sensors to None, run_after=None
[2024-08-09T03:52:07.462+0000] {processor.py:183} INFO - Processing /home/airflow/.local/lib/python3.12/site-packages/airflow/example_dags/example_sensors.py took 0.115 seconds
[2024-08-09T03:53:08.534+0000] {processor.py:161} INFO - Started process (PID=1465) to work on /home/airflow/.local/lib/python3.12/site-packages/airflow/example_dags/example_sensors.py
[2024-08-09T03:53:08.543+0000] {processor.py:830} INFO - Processing file /home/airflow/.local/lib/python3.12/site-packages/airflow/example_dags/example_sensors.py for tasks to queue
[2024-08-09T03:53:08.546+0000] {logging_mixin.py:188} INFO - [2024-08-09T03:53:08.545+0000] {dagbag.py:545} INFO - Filling up the DagBag from /home/airflow/.local/lib/python3.12/site-packages/airflow/example_dags/example_sensors.py
[2024-08-09T03:53:08.594+0000] {processor.py:840} INFO - DAG(s) 'example_sensors' retrieved from /home/airflow/.local/lib/python3.12/site-packages/airflow/example_dags/example_sensors.py
[2024-08-09T03:53:08.687+0000] {logging_mixin.py:188} INFO - [2024-08-09T03:53:08.686+0000] {dag.py:3089} INFO - Sync 1 DAGs
[2024-08-09T03:53:08.827+0000] {logging_mixin.py:188} INFO - [2024-08-09T03:53:08.827+0000] {dag.py:3947} INFO - Setting next_dagrun for example_sensors to None, run_after=None
[2024-08-09T03:53:08.900+0000] {processor.py:183} INFO - Processing /home/airflow/.local/lib/python3.12/site-packages/airflow/example_dags/example_sensors.py took 0.464 seconds
