[2024-08-09T02:38:15.293+0000] {processor.py:161} INFO - Started process (PID=69) to work on /home/airflow/.local/lib/python3.12/site-packages/airflow/example_dags/example_branch_python_dop_operator_3.py
[2024-08-09T02:38:15.306+0000] {processor.py:830} INFO - Processing file /home/airflow/.local/lib/python3.12/site-packages/airflow/example_dags/example_branch_python_dop_operator_3.py for tasks to queue
[2024-08-09T02:38:15.308+0000] {logging_mixin.py:188} INFO - [2024-08-09T02:38:15.308+0000] {dagbag.py:545} INFO - Filling up the DagBag from /home/airflow/.local/lib/python3.12/site-packages/airflow/example_dags/example_branch_python_dop_operator_3.py
[2024-08-09T02:38:15.330+0000] {processor.py:840} INFO - DAG(s) 'example_branch_dop_operator_v3' retrieved from /home/airflow/.local/lib/python3.12/site-packages/airflow/example_dags/example_branch_python_dop_operator_3.py
[2024-08-09T02:38:15.699+0000] {logging_mixin.py:188} INFO - [2024-08-09T02:38:15.699+0000] {dag.py:3089} INFO - Sync 1 DAGs
[2024-08-09T02:38:15.776+0000] {logging_mixin.py:188} INFO - [2024-08-09T02:38:15.776+0000] {dag.py:3947} INFO - Setting next_dagrun for example_branch_dop_operator_v3 to 2024-08-09 02:37:00+00:00, run_after=2024-08-09 02:38:00+00:00
[2024-08-09T02:38:15.849+0000] {processor.py:183} INFO - Processing /home/airflow/.local/lib/python3.12/site-packages/airflow/example_dags/example_branch_python_dop_operator_3.py took 0.565 seconds
[2024-08-09T02:39:29.972+0000] {processor.py:161} INFO - Started process (PID=135) to work on /home/airflow/.local/lib/python3.12/site-packages/airflow/example_dags/example_branch_python_dop_operator_3.py
[2024-08-09T02:39:29.974+0000] {processor.py:830} INFO - Processing file /home/airflow/.local/lib/python3.12/site-packages/airflow/example_dags/example_branch_python_dop_operator_3.py for tasks to queue
[2024-08-09T02:39:29.976+0000] {logging_mixin.py:188} INFO - [2024-08-09T02:39:29.976+0000] {dagbag.py:545} INFO - Filling up the DagBag from /home/airflow/.local/lib/python3.12/site-packages/airflow/example_dags/example_branch_python_dop_operator_3.py
[2024-08-09T02:39:29.986+0000] {processor.py:840} INFO - DAG(s) 'example_branch_dop_operator_v3' retrieved from /home/airflow/.local/lib/python3.12/site-packages/airflow/example_dags/example_branch_python_dop_operator_3.py
[2024-08-09T02:39:30.013+0000] {logging_mixin.py:188} INFO - [2024-08-09T02:39:30.013+0000] {dag.py:3089} INFO - Sync 1 DAGs
[2024-08-09T02:39:30.047+0000] {logging_mixin.py:188} INFO - [2024-08-09T02:39:30.046+0000] {dag.py:3947} INFO - Setting next_dagrun for example_branch_dop_operator_v3 to 2024-08-09 02:38:00+00:00, run_after=2024-08-09 02:39:00+00:00
[2024-08-09T02:39:30.072+0000] {processor.py:183} INFO - Processing /home/airflow/.local/lib/python3.12/site-packages/airflow/example_dags/example_branch_python_dop_operator_3.py took 0.107 seconds
[2024-08-09T02:40:00.702+0000] {processor.py:161} INFO - Started process (PID=192) to work on /home/airflow/.local/lib/python3.12/site-packages/airflow/example_dags/example_branch_python_dop_operator_3.py
[2024-08-09T02:40:00.703+0000] {processor.py:830} INFO - Processing file /home/airflow/.local/lib/python3.12/site-packages/airflow/example_dags/example_branch_python_dop_operator_3.py for tasks to queue
[2024-08-09T02:40:00.706+0000] {logging_mixin.py:188} INFO - [2024-08-09T02:40:00.705+0000] {dagbag.py:545} INFO - Filling up the DagBag from /home/airflow/.local/lib/python3.12/site-packages/airflow/example_dags/example_branch_python_dop_operator_3.py
[2024-08-09T02:40:00.716+0000] {processor.py:840} INFO - DAG(s) 'example_branch_dop_operator_v3' retrieved from /home/airflow/.local/lib/python3.12/site-packages/airflow/example_dags/example_branch_python_dop_operator_3.py
[2024-08-09T02:40:00.737+0000] {logging_mixin.py:188} INFO - [2024-08-09T02:40:00.737+0000] {dag.py:3089} INFO - Sync 1 DAGs
[2024-08-09T02:40:00.770+0000] {logging_mixin.py:188} INFO - [2024-08-09T02:40:00.770+0000] {dag.py:3947} INFO - Setting next_dagrun for example_branch_dop_operator_v3 to 2024-08-09 02:39:00+00:00, run_after=2024-08-09 02:40:00+00:00
[2024-08-09T02:40:00.794+0000] {processor.py:183} INFO - Processing /home/airflow/.local/lib/python3.12/site-packages/airflow/example_dags/example_branch_python_dop_operator_3.py took 0.098 seconds
[2024-08-09T02:40:32.681+0000] {processor.py:161} INFO - Started process (PID=252) to work on /home/airflow/.local/lib/python3.12/site-packages/airflow/example_dags/example_branch_python_dop_operator_3.py
[2024-08-09T02:40:32.686+0000] {processor.py:830} INFO - Processing file /home/airflow/.local/lib/python3.12/site-packages/airflow/example_dags/example_branch_python_dop_operator_3.py for tasks to queue
[2024-08-09T02:40:32.692+0000] {logging_mixin.py:188} INFO - [2024-08-09T02:40:32.691+0000] {dagbag.py:545} INFO - Filling up the DagBag from /home/airflow/.local/lib/python3.12/site-packages/airflow/example_dags/example_branch_python_dop_operator_3.py
[2024-08-09T02:40:32.714+0000] {processor.py:840} INFO - DAG(s) 'example_branch_dop_operator_v3' retrieved from /home/airflow/.local/lib/python3.12/site-packages/airflow/example_dags/example_branch_python_dop_operator_3.py
[2024-08-09T02:40:32.747+0000] {logging_mixin.py:188} INFO - [2024-08-09T02:40:32.744+0000] {dag.py:3089} INFO - Sync 1 DAGs
[2024-08-09T02:40:32.818+0000] {logging_mixin.py:188} INFO - [2024-08-09T02:40:32.817+0000] {dag.py:3947} INFO - Setting next_dagrun for example_branch_dop_operator_v3 to 2024-08-09 02:39:00+00:00, run_after=2024-08-09 02:40:00+00:00
[2024-08-09T02:40:32.860+0000] {processor.py:183} INFO - Processing /home/airflow/.local/lib/python3.12/site-packages/airflow/example_dags/example_branch_python_dop_operator_3.py took 0.190 seconds
[2024-08-09T02:41:03.927+0000] {processor.py:161} INFO - Started process (PID=316) to work on /home/airflow/.local/lib/python3.12/site-packages/airflow/example_dags/example_branch_python_dop_operator_3.py
[2024-08-09T02:41:03.940+0000] {processor.py:830} INFO - Processing file /home/airflow/.local/lib/python3.12/site-packages/airflow/example_dags/example_branch_python_dop_operator_3.py for tasks to queue
[2024-08-09T02:41:03.950+0000] {logging_mixin.py:188} INFO - [2024-08-09T02:41:03.949+0000] {dagbag.py:545} INFO - Filling up the DagBag from /home/airflow/.local/lib/python3.12/site-packages/airflow/example_dags/example_branch_python_dop_operator_3.py
[2024-08-09T02:41:03.974+0000] {processor.py:840} INFO - DAG(s) 'example_branch_dop_operator_v3' retrieved from /home/airflow/.local/lib/python3.12/site-packages/airflow/example_dags/example_branch_python_dop_operator_3.py
[2024-08-09T02:41:04.031+0000] {logging_mixin.py:188} INFO - [2024-08-09T02:41:04.031+0000] {dag.py:3089} INFO - Sync 1 DAGs
[2024-08-09T02:41:04.147+0000] {logging_mixin.py:188} INFO - [2024-08-09T02:41:04.146+0000] {dag.py:3947} INFO - Setting next_dagrun for example_branch_dop_operator_v3 to 2024-08-09 02:40:00+00:00, run_after=2024-08-09 02:41:00+00:00
[2024-08-09T02:41:04.202+0000] {processor.py:183} INFO - Processing /home/airflow/.local/lib/python3.12/site-packages/airflow/example_dags/example_branch_python_dop_operator_3.py took 0.281 seconds
[2024-08-09T02:41:34.294+0000] {processor.py:161} INFO - Started process (PID=375) to work on /home/airflow/.local/lib/python3.12/site-packages/airflow/example_dags/example_branch_python_dop_operator_3.py
[2024-08-09T02:41:34.295+0000] {processor.py:830} INFO - Processing file /home/airflow/.local/lib/python3.12/site-packages/airflow/example_dags/example_branch_python_dop_operator_3.py for tasks to queue
[2024-08-09T02:41:34.297+0000] {logging_mixin.py:188} INFO - [2024-08-09T02:41:34.297+0000] {dagbag.py:545} INFO - Filling up the DagBag from /home/airflow/.local/lib/python3.12/site-packages/airflow/example_dags/example_branch_python_dop_operator_3.py
[2024-08-09T02:41:34.308+0000] {processor.py:840} INFO - DAG(s) 'example_branch_dop_operator_v3' retrieved from /home/airflow/.local/lib/python3.12/site-packages/airflow/example_dags/example_branch_python_dop_operator_3.py
[2024-08-09T02:41:34.333+0000] {logging_mixin.py:188} INFO - [2024-08-09T02:41:34.333+0000] {dag.py:3089} INFO - Sync 1 DAGs
[2024-08-09T02:41:34.366+0000] {logging_mixin.py:188} INFO - [2024-08-09T02:41:34.366+0000] {dag.py:3947} INFO - Setting next_dagrun for example_branch_dop_operator_v3 to 2024-08-09 02:40:00+00:00, run_after=2024-08-09 02:41:00+00:00
[2024-08-09T02:41:34.394+0000] {processor.py:183} INFO - Processing /home/airflow/.local/lib/python3.12/site-packages/airflow/example_dags/example_branch_python_dop_operator_3.py took 0.109 seconds
[2024-08-09T02:42:27.416+0000] {processor.py:161} INFO - Started process (PID=435) to work on /home/airflow/.local/lib/python3.12/site-packages/airflow/example_dags/example_branch_python_dop_operator_3.py
[2024-08-09T02:42:27.422+0000] {processor.py:830} INFO - Processing file /home/airflow/.local/lib/python3.12/site-packages/airflow/example_dags/example_branch_python_dop_operator_3.py for tasks to queue
[2024-08-09T02:42:27.428+0000] {logging_mixin.py:188} INFO - [2024-08-09T02:42:27.427+0000] {dagbag.py:545} INFO - Filling up the DagBag from /home/airflow/.local/lib/python3.12/site-packages/airflow/example_dags/example_branch_python_dop_operator_3.py
[2024-08-09T02:42:27.443+0000] {processor.py:840} INFO - DAG(s) 'example_branch_dop_operator_v3' retrieved from /home/airflow/.local/lib/python3.12/site-packages/airflow/example_dags/example_branch_python_dop_operator_3.py
[2024-08-09T02:42:27.532+0000] {logging_mixin.py:188} INFO - [2024-08-09T02:42:27.532+0000] {dag.py:3089} INFO - Sync 1 DAGs
[2024-08-09T02:42:27.597+0000] {logging_mixin.py:188} INFO - [2024-08-09T02:42:27.597+0000] {dag.py:3947} INFO - Setting next_dagrun for example_branch_dop_operator_v3 to 2024-08-09 02:41:00+00:00, run_after=2024-08-09 02:42:00+00:00
[2024-08-09T02:42:28.008+0000] {processor.py:183} INFO - Processing /home/airflow/.local/lib/python3.12/site-packages/airflow/example_dags/example_branch_python_dop_operator_3.py took 0.599 seconds
[2024-08-09T02:42:58.815+0000] {processor.py:161} INFO - Started process (PID=495) to work on /home/airflow/.local/lib/python3.12/site-packages/airflow/example_dags/example_branch_python_dop_operator_3.py
[2024-08-09T02:42:58.837+0000] {processor.py:830} INFO - Processing file /home/airflow/.local/lib/python3.12/site-packages/airflow/example_dags/example_branch_python_dop_operator_3.py for tasks to queue
[2024-08-09T02:42:58.840+0000] {logging_mixin.py:188} INFO - [2024-08-09T02:42:58.839+0000] {dagbag.py:545} INFO - Filling up the DagBag from /home/airflow/.local/lib/python3.12/site-packages/airflow/example_dags/example_branch_python_dop_operator_3.py
[2024-08-09T02:42:58.853+0000] {processor.py:840} INFO - DAG(s) 'example_branch_dop_operator_v3' retrieved from /home/airflow/.local/lib/python3.12/site-packages/airflow/example_dags/example_branch_python_dop_operator_3.py
[2024-08-09T02:42:58.880+0000] {logging_mixin.py:188} INFO - [2024-08-09T02:42:58.880+0000] {dag.py:3089} INFO - Sync 1 DAGs
[2024-08-09T02:42:58.914+0000] {logging_mixin.py:188} INFO - [2024-08-09T02:42:58.913+0000] {dag.py:3947} INFO - Setting next_dagrun for example_branch_dop_operator_v3 to 2024-08-09 02:41:00+00:00, run_after=2024-08-09 02:42:00+00:00
[2024-08-09T02:42:59.261+0000] {processor.py:183} INFO - Processing /home/airflow/.local/lib/python3.12/site-packages/airflow/example_dags/example_branch_python_dop_operator_3.py took 0.456 seconds
[2024-08-09T02:43:29.972+0000] {processor.py:161} INFO - Started process (PID=553) to work on /home/airflow/.local/lib/python3.12/site-packages/airflow/example_dags/example_branch_python_dop_operator_3.py
[2024-08-09T02:43:29.973+0000] {processor.py:830} INFO - Processing file /home/airflow/.local/lib/python3.12/site-packages/airflow/example_dags/example_branch_python_dop_operator_3.py for tasks to queue
[2024-08-09T02:43:29.975+0000] {logging_mixin.py:188} INFO - [2024-08-09T02:43:29.974+0000] {dagbag.py:545} INFO - Filling up the DagBag from /home/airflow/.local/lib/python3.12/site-packages/airflow/example_dags/example_branch_python_dop_operator_3.py
[2024-08-09T02:43:29.984+0000] {processor.py:840} INFO - DAG(s) 'example_branch_dop_operator_v3' retrieved from /home/airflow/.local/lib/python3.12/site-packages/airflow/example_dags/example_branch_python_dop_operator_3.py
[2024-08-09T02:43:30.012+0000] {logging_mixin.py:188} INFO - [2024-08-09T02:43:30.011+0000] {dag.py:3089} INFO - Sync 1 DAGs
[2024-08-09T02:43:30.055+0000] {logging_mixin.py:188} INFO - [2024-08-09T02:43:30.055+0000] {dag.py:3947} INFO - Setting next_dagrun for example_branch_dop_operator_v3 to 2024-08-09 02:42:00+00:00, run_after=2024-08-09 02:43:00+00:00
[2024-08-09T02:43:30.306+0000] {processor.py:183} INFO - Processing /home/airflow/.local/lib/python3.12/site-packages/airflow/example_dags/example_branch_python_dop_operator_3.py took 0.341 seconds
[2024-08-09T02:44:01.048+0000] {processor.py:161} INFO - Started process (PID=613) to work on /home/airflow/.local/lib/python3.12/site-packages/airflow/example_dags/example_branch_python_dop_operator_3.py
[2024-08-09T02:44:01.050+0000] {processor.py:830} INFO - Processing file /home/airflow/.local/lib/python3.12/site-packages/airflow/example_dags/example_branch_python_dop_operator_3.py for tasks to queue
[2024-08-09T02:44:01.051+0000] {logging_mixin.py:188} INFO - [2024-08-09T02:44:01.050+0000] {dagbag.py:545} INFO - Filling up the DagBag from /home/airflow/.local/lib/python3.12/site-packages/airflow/example_dags/example_branch_python_dop_operator_3.py
[2024-08-09T02:44:01.082+0000] {processor.py:840} INFO - DAG(s) 'example_branch_dop_operator_v3' retrieved from /home/airflow/.local/lib/python3.12/site-packages/airflow/example_dags/example_branch_python_dop_operator_3.py
[2024-08-09T02:44:01.116+0000] {logging_mixin.py:188} INFO - [2024-08-09T02:44:01.116+0000] {dag.py:3089} INFO - Sync 1 DAGs
[2024-08-09T02:44:01.156+0000] {logging_mixin.py:188} INFO - [2024-08-09T02:44:01.155+0000] {dag.py:3947} INFO - Setting next_dagrun for example_branch_dop_operator_v3 to 2024-08-09 02:43:00+00:00, run_after=2024-08-09 02:44:00+00:00
[2024-08-09T02:44:01.179+0000] {processor.py:183} INFO - Processing /home/airflow/.local/lib/python3.12/site-packages/airflow/example_dags/example_branch_python_dop_operator_3.py took 0.147 seconds
[2024-08-09T02:44:31.923+0000] {processor.py:161} INFO - Started process (PID=673) to work on /home/airflow/.local/lib/python3.12/site-packages/airflow/example_dags/example_branch_python_dop_operator_3.py
[2024-08-09T02:44:31.931+0000] {processor.py:830} INFO - Processing file /home/airflow/.local/lib/python3.12/site-packages/airflow/example_dags/example_branch_python_dop_operator_3.py for tasks to queue
[2024-08-09T02:44:31.941+0000] {logging_mixin.py:188} INFO - [2024-08-09T02:44:31.941+0000] {dagbag.py:545} INFO - Filling up the DagBag from /home/airflow/.local/lib/python3.12/site-packages/airflow/example_dags/example_branch_python_dop_operator_3.py
[2024-08-09T02:44:31.972+0000] {processor.py:840} INFO - DAG(s) 'example_branch_dop_operator_v3' retrieved from /home/airflow/.local/lib/python3.12/site-packages/airflow/example_dags/example_branch_python_dop_operator_3.py
[2024-08-09T02:44:32.034+0000] {logging_mixin.py:188} INFO - [2024-08-09T02:44:32.034+0000] {dag.py:3089} INFO - Sync 1 DAGs
[2024-08-09T02:44:32.145+0000] {logging_mixin.py:188} INFO - [2024-08-09T02:44:32.145+0000] {dag.py:3947} INFO - Setting next_dagrun for example_branch_dop_operator_v3 to 2024-08-09 02:43:00+00:00, run_after=2024-08-09 02:44:00+00:00
[2024-08-09T02:44:32.218+0000] {processor.py:183} INFO - Processing /home/airflow/.local/lib/python3.12/site-packages/airflow/example_dags/example_branch_python_dop_operator_3.py took 0.301 seconds
[2024-08-09T02:45:02.392+0000] {processor.py:161} INFO - Started process (PID=734) to work on /home/airflow/.local/lib/python3.12/site-packages/airflow/example_dags/example_branch_python_dop_operator_3.py
[2024-08-09T02:45:02.393+0000] {processor.py:830} INFO - Processing file /home/airflow/.local/lib/python3.12/site-packages/airflow/example_dags/example_branch_python_dop_operator_3.py for tasks to queue
[2024-08-09T02:45:02.394+0000] {logging_mixin.py:188} INFO - [2024-08-09T02:45:02.394+0000] {dagbag.py:545} INFO - Filling up the DagBag from /home/airflow/.local/lib/python3.12/site-packages/airflow/example_dags/example_branch_python_dop_operator_3.py
[2024-08-09T02:45:02.403+0000] {processor.py:840} INFO - DAG(s) 'example_branch_dop_operator_v3' retrieved from /home/airflow/.local/lib/python3.12/site-packages/airflow/example_dags/example_branch_python_dop_operator_3.py
[2024-08-09T02:45:02.423+0000] {logging_mixin.py:188} INFO - [2024-08-09T02:45:02.423+0000] {dag.py:3089} INFO - Sync 1 DAGs
[2024-08-09T02:45:02.452+0000] {logging_mixin.py:188} INFO - [2024-08-09T02:45:02.452+0000] {dag.py:3947} INFO - Setting next_dagrun for example_branch_dop_operator_v3 to 2024-08-09 02:44:00+00:00, run_after=2024-08-09 02:45:00+00:00
[2024-08-09T02:45:02.484+0000] {processor.py:183} INFO - Processing /home/airflow/.local/lib/python3.12/site-packages/airflow/example_dags/example_branch_python_dop_operator_3.py took 0.099 seconds
[2024-08-09T02:45:32.886+0000] {processor.py:161} INFO - Started process (PID=795) to work on /home/airflow/.local/lib/python3.12/site-packages/airflow/example_dags/example_branch_python_dop_operator_3.py
[2024-08-09T02:45:32.887+0000] {processor.py:830} INFO - Processing file /home/airflow/.local/lib/python3.12/site-packages/airflow/example_dags/example_branch_python_dop_operator_3.py for tasks to queue
[2024-08-09T02:45:32.888+0000] {logging_mixin.py:188} INFO - [2024-08-09T02:45:32.887+0000] {dagbag.py:545} INFO - Filling up the DagBag from /home/airflow/.local/lib/python3.12/site-packages/airflow/example_dags/example_branch_python_dop_operator_3.py
[2024-08-09T02:45:32.898+0000] {processor.py:840} INFO - DAG(s) 'example_branch_dop_operator_v3' retrieved from /home/airflow/.local/lib/python3.12/site-packages/airflow/example_dags/example_branch_python_dop_operator_3.py
[2024-08-09T02:45:32.927+0000] {logging_mixin.py:188} INFO - [2024-08-09T02:45:32.927+0000] {dag.py:3089} INFO - Sync 1 DAGs
[2024-08-09T02:45:32.955+0000] {logging_mixin.py:188} INFO - [2024-08-09T02:45:32.955+0000] {dag.py:3947} INFO - Setting next_dagrun for example_branch_dop_operator_v3 to 2024-08-09 02:44:00+00:00, run_after=2024-08-09 02:45:00+00:00
[2024-08-09T02:45:32.978+0000] {processor.py:183} INFO - Processing /home/airflow/.local/lib/python3.12/site-packages/airflow/example_dags/example_branch_python_dop_operator_3.py took 0.100 seconds
[2024-08-09T02:46:03.456+0000] {processor.py:161} INFO - Started process (PID=855) to work on /home/airflow/.local/lib/python3.12/site-packages/airflow/example_dags/example_branch_python_dop_operator_3.py
[2024-08-09T02:46:03.457+0000] {processor.py:830} INFO - Processing file /home/airflow/.local/lib/python3.12/site-packages/airflow/example_dags/example_branch_python_dop_operator_3.py for tasks to queue
[2024-08-09T02:46:03.458+0000] {logging_mixin.py:188} INFO - [2024-08-09T02:46:03.457+0000] {dagbag.py:545} INFO - Filling up the DagBag from /home/airflow/.local/lib/python3.12/site-packages/airflow/example_dags/example_branch_python_dop_operator_3.py
[2024-08-09T02:46:03.468+0000] {processor.py:840} INFO - DAG(s) 'example_branch_dop_operator_v3' retrieved from /home/airflow/.local/lib/python3.12/site-packages/airflow/example_dags/example_branch_python_dop_operator_3.py
[2024-08-09T02:46:03.494+0000] {logging_mixin.py:188} INFO - [2024-08-09T02:46:03.494+0000] {dag.py:3089} INFO - Sync 1 DAGs
[2024-08-09T02:46:03.529+0000] {logging_mixin.py:188} INFO - [2024-08-09T02:46:03.528+0000] {dag.py:3947} INFO - Setting next_dagrun for example_branch_dop_operator_v3 to 2024-08-09 02:45:00+00:00, run_after=2024-08-09 02:46:00+00:00
[2024-08-09T02:46:03.558+0000] {processor.py:183} INFO - Processing /home/airflow/.local/lib/python3.12/site-packages/airflow/example_dags/example_branch_python_dop_operator_3.py took 0.110 seconds
[2024-08-09T02:46:34.369+0000] {processor.py:161} INFO - Started process (PID=915) to work on /home/airflow/.local/lib/python3.12/site-packages/airflow/example_dags/example_branch_python_dop_operator_3.py
[2024-08-09T02:46:34.371+0000] {processor.py:830} INFO - Processing file /home/airflow/.local/lib/python3.12/site-packages/airflow/example_dags/example_branch_python_dop_operator_3.py for tasks to queue
[2024-08-09T02:46:34.372+0000] {logging_mixin.py:188} INFO - [2024-08-09T02:46:34.371+0000] {dagbag.py:545} INFO - Filling up the DagBag from /home/airflow/.local/lib/python3.12/site-packages/airflow/example_dags/example_branch_python_dop_operator_3.py
[2024-08-09T02:46:34.382+0000] {processor.py:840} INFO - DAG(s) 'example_branch_dop_operator_v3' retrieved from /home/airflow/.local/lib/python3.12/site-packages/airflow/example_dags/example_branch_python_dop_operator_3.py
[2024-08-09T02:46:34.409+0000] {logging_mixin.py:188} INFO - [2024-08-09T02:46:34.408+0000] {dag.py:3089} INFO - Sync 1 DAGs
[2024-08-09T02:46:34.446+0000] {logging_mixin.py:188} INFO - [2024-08-09T02:46:34.446+0000] {dag.py:3947} INFO - Setting next_dagrun for example_branch_dop_operator_v3 to 2024-08-09 02:45:00+00:00, run_after=2024-08-09 02:46:00+00:00
[2024-08-09T02:46:34.488+0000] {processor.py:183} INFO - Processing /home/airflow/.local/lib/python3.12/site-packages/airflow/example_dags/example_branch_python_dop_operator_3.py took 0.127 seconds
[2024-08-09T02:47:05.095+0000] {processor.py:161} INFO - Started process (PID=974) to work on /home/airflow/.local/lib/python3.12/site-packages/airflow/example_dags/example_branch_python_dop_operator_3.py
[2024-08-09T02:47:05.096+0000] {processor.py:830} INFO - Processing file /home/airflow/.local/lib/python3.12/site-packages/airflow/example_dags/example_branch_python_dop_operator_3.py for tasks to queue
[2024-08-09T02:47:05.097+0000] {logging_mixin.py:188} INFO - [2024-08-09T02:47:05.096+0000] {dagbag.py:545} INFO - Filling up the DagBag from /home/airflow/.local/lib/python3.12/site-packages/airflow/example_dags/example_branch_python_dop_operator_3.py
[2024-08-09T02:47:05.105+0000] {processor.py:840} INFO - DAG(s) 'example_branch_dop_operator_v3' retrieved from /home/airflow/.local/lib/python3.12/site-packages/airflow/example_dags/example_branch_python_dop_operator_3.py
[2024-08-09T02:47:05.127+0000] {logging_mixin.py:188} INFO - [2024-08-09T02:47:05.127+0000] {dag.py:3089} INFO - Sync 1 DAGs
[2024-08-09T02:47:05.162+0000] {logging_mixin.py:188} INFO - [2024-08-09T02:47:05.161+0000] {dag.py:3947} INFO - Setting next_dagrun for example_branch_dop_operator_v3 to 2024-08-09 02:46:00+00:00, run_after=2024-08-09 02:47:00+00:00
[2024-08-09T02:47:05.186+0000] {processor.py:183} INFO - Processing /home/airflow/.local/lib/python3.12/site-packages/airflow/example_dags/example_branch_python_dop_operator_3.py took 0.098 seconds
[2024-08-09T02:47:35.257+0000] {processor.py:161} INFO - Started process (PID=1032) to work on /home/airflow/.local/lib/python3.12/site-packages/airflow/example_dags/example_branch_python_dop_operator_3.py
[2024-08-09T02:47:35.258+0000] {processor.py:830} INFO - Processing file /home/airflow/.local/lib/python3.12/site-packages/airflow/example_dags/example_branch_python_dop_operator_3.py for tasks to queue
[2024-08-09T02:47:35.260+0000] {logging_mixin.py:188} INFO - [2024-08-09T02:47:35.259+0000] {dagbag.py:545} INFO - Filling up the DagBag from /home/airflow/.local/lib/python3.12/site-packages/airflow/example_dags/example_branch_python_dop_operator_3.py
[2024-08-09T02:47:35.270+0000] {processor.py:840} INFO - DAG(s) 'example_branch_dop_operator_v3' retrieved from /home/airflow/.local/lib/python3.12/site-packages/airflow/example_dags/example_branch_python_dop_operator_3.py
[2024-08-09T02:47:35.294+0000] {logging_mixin.py:188} INFO - [2024-08-09T02:47:35.294+0000] {dag.py:3089} INFO - Sync 1 DAGs
[2024-08-09T02:47:35.325+0000] {logging_mixin.py:188} INFO - [2024-08-09T02:47:35.325+0000] {dag.py:3947} INFO - Setting next_dagrun for example_branch_dop_operator_v3 to 2024-08-09 02:46:00+00:00, run_after=2024-08-09 02:47:00+00:00
[2024-08-09T02:47:35.355+0000] {processor.py:183} INFO - Processing /home/airflow/.local/lib/python3.12/site-packages/airflow/example_dags/example_branch_python_dop_operator_3.py took 0.104 seconds
[2024-08-09T02:48:05.759+0000] {processor.py:161} INFO - Started process (PID=1092) to work on /home/airflow/.local/lib/python3.12/site-packages/airflow/example_dags/example_branch_python_dop_operator_3.py
[2024-08-09T02:48:05.760+0000] {processor.py:830} INFO - Processing file /home/airflow/.local/lib/python3.12/site-packages/airflow/example_dags/example_branch_python_dop_operator_3.py for tasks to queue
[2024-08-09T02:48:05.762+0000] {logging_mixin.py:188} INFO - [2024-08-09T02:48:05.762+0000] {dagbag.py:545} INFO - Filling up the DagBag from /home/airflow/.local/lib/python3.12/site-packages/airflow/example_dags/example_branch_python_dop_operator_3.py
[2024-08-09T02:48:05.774+0000] {processor.py:840} INFO - DAG(s) 'example_branch_dop_operator_v3' retrieved from /home/airflow/.local/lib/python3.12/site-packages/airflow/example_dags/example_branch_python_dop_operator_3.py
[2024-08-09T02:48:05.829+0000] {logging_mixin.py:188} INFO - [2024-08-09T02:48:05.829+0000] {dag.py:3089} INFO - Sync 1 DAGs
[2024-08-09T02:48:05.896+0000] {logging_mixin.py:188} INFO - [2024-08-09T02:48:05.896+0000] {dag.py:3947} INFO - Setting next_dagrun for example_branch_dop_operator_v3 to 2024-08-09 02:47:00+00:00, run_after=2024-08-09 02:48:00+00:00
[2024-08-09T02:48:05.933+0000] {processor.py:183} INFO - Processing /home/airflow/.local/lib/python3.12/site-packages/airflow/example_dags/example_branch_python_dop_operator_3.py took 0.182 seconds
[2024-08-09T02:48:36.386+0000] {processor.py:161} INFO - Started process (PID=1152) to work on /home/airflow/.local/lib/python3.12/site-packages/airflow/example_dags/example_branch_python_dop_operator_3.py
[2024-08-09T02:48:36.387+0000] {processor.py:830} INFO - Processing file /home/airflow/.local/lib/python3.12/site-packages/airflow/example_dags/example_branch_python_dop_operator_3.py for tasks to queue
[2024-08-09T02:48:36.389+0000] {logging_mixin.py:188} INFO - [2024-08-09T02:48:36.388+0000] {dagbag.py:545} INFO - Filling up the DagBag from /home/airflow/.local/lib/python3.12/site-packages/airflow/example_dags/example_branch_python_dop_operator_3.py
[2024-08-09T02:48:36.399+0000] {processor.py:840} INFO - DAG(s) 'example_branch_dop_operator_v3' retrieved from /home/airflow/.local/lib/python3.12/site-packages/airflow/example_dags/example_branch_python_dop_operator_3.py
[2024-08-09T02:48:36.421+0000] {logging_mixin.py:188} INFO - [2024-08-09T02:48:36.420+0000] {dag.py:3089} INFO - Sync 1 DAGs
[2024-08-09T02:48:36.448+0000] {logging_mixin.py:188} INFO - [2024-08-09T02:48:36.447+0000] {dag.py:3947} INFO - Setting next_dagrun for example_branch_dop_operator_v3 to 2024-08-09 02:47:00+00:00, run_after=2024-08-09 02:48:00+00:00
[2024-08-09T02:48:36.473+0000] {processor.py:183} INFO - Processing /home/airflow/.local/lib/python3.12/site-packages/airflow/example_dags/example_branch_python_dop_operator_3.py took 0.093 seconds
[2024-08-09T02:49:06.954+0000] {processor.py:161} INFO - Started process (PID=1212) to work on /home/airflow/.local/lib/python3.12/site-packages/airflow/example_dags/example_branch_python_dop_operator_3.py
[2024-08-09T02:49:06.956+0000] {processor.py:830} INFO - Processing file /home/airflow/.local/lib/python3.12/site-packages/airflow/example_dags/example_branch_python_dop_operator_3.py for tasks to queue
[2024-08-09T02:49:06.957+0000] {logging_mixin.py:188} INFO - [2024-08-09T02:49:06.956+0000] {dagbag.py:545} INFO - Filling up the DagBag from /home/airflow/.local/lib/python3.12/site-packages/airflow/example_dags/example_branch_python_dop_operator_3.py
[2024-08-09T02:49:06.966+0000] {processor.py:840} INFO - DAG(s) 'example_branch_dop_operator_v3' retrieved from /home/airflow/.local/lib/python3.12/site-packages/airflow/example_dags/example_branch_python_dop_operator_3.py
[2024-08-09T02:49:06.994+0000] {logging_mixin.py:188} INFO - [2024-08-09T02:49:06.994+0000] {dag.py:3089} INFO - Sync 1 DAGs
[2024-08-09T02:49:07.028+0000] {logging_mixin.py:188} INFO - [2024-08-09T02:49:07.027+0000] {dag.py:3947} INFO - Setting next_dagrun for example_branch_dop_operator_v3 to 2024-08-09 02:48:00+00:00, run_after=2024-08-09 02:49:00+00:00
[2024-08-09T02:49:07.061+0000] {processor.py:183} INFO - Processing /home/airflow/.local/lib/python3.12/site-packages/airflow/example_dags/example_branch_python_dop_operator_3.py took 0.113 seconds
[2024-08-09T02:49:37.501+0000] {processor.py:161} INFO - Started process (PID=1272) to work on /home/airflow/.local/lib/python3.12/site-packages/airflow/example_dags/example_branch_python_dop_operator_3.py
[2024-08-09T02:49:37.503+0000] {processor.py:830} INFO - Processing file /home/airflow/.local/lib/python3.12/site-packages/airflow/example_dags/example_branch_python_dop_operator_3.py for tasks to queue
[2024-08-09T02:49:37.504+0000] {logging_mixin.py:188} INFO - [2024-08-09T02:49:37.503+0000] {dagbag.py:545} INFO - Filling up the DagBag from /home/airflow/.local/lib/python3.12/site-packages/airflow/example_dags/example_branch_python_dop_operator_3.py
[2024-08-09T02:49:37.513+0000] {processor.py:840} INFO - DAG(s) 'example_branch_dop_operator_v3' retrieved from /home/airflow/.local/lib/python3.12/site-packages/airflow/example_dags/example_branch_python_dop_operator_3.py
[2024-08-09T02:49:37.536+0000] {logging_mixin.py:188} INFO - [2024-08-09T02:49:37.535+0000] {dag.py:3089} INFO - Sync 1 DAGs
[2024-08-09T02:49:37.568+0000] {logging_mixin.py:188} INFO - [2024-08-09T02:49:37.568+0000] {dag.py:3947} INFO - Setting next_dagrun for example_branch_dop_operator_v3 to 2024-08-09 02:48:00+00:00, run_after=2024-08-09 02:49:00+00:00
[2024-08-09T02:49:37.591+0000] {processor.py:183} INFO - Processing /home/airflow/.local/lib/python3.12/site-packages/airflow/example_dags/example_branch_python_dop_operator_3.py took 0.096 seconds
[2024-08-09T02:50:08.488+0000] {processor.py:161} INFO - Started process (PID=1333) to work on /home/airflow/.local/lib/python3.12/site-packages/airflow/example_dags/example_branch_python_dop_operator_3.py
[2024-08-09T02:50:08.490+0000] {processor.py:830} INFO - Processing file /home/airflow/.local/lib/python3.12/site-packages/airflow/example_dags/example_branch_python_dop_operator_3.py for tasks to queue
[2024-08-09T02:50:08.501+0000] {logging_mixin.py:188} INFO - [2024-08-09T02:50:08.491+0000] {dagbag.py:545} INFO - Filling up the DagBag from /home/airflow/.local/lib/python3.12/site-packages/airflow/example_dags/example_branch_python_dop_operator_3.py
[2024-08-09T02:50:08.525+0000] {processor.py:840} INFO - DAG(s) 'example_branch_dop_operator_v3' retrieved from /home/airflow/.local/lib/python3.12/site-packages/airflow/example_dags/example_branch_python_dop_operator_3.py
[2024-08-09T02:50:08.573+0000] {logging_mixin.py:188} INFO - [2024-08-09T02:50:08.573+0000] {dag.py:3089} INFO - Sync 1 DAGs
[2024-08-09T02:50:08.632+0000] {logging_mixin.py:188} INFO - [2024-08-09T02:50:08.632+0000] {dag.py:3947} INFO - Setting next_dagrun for example_branch_dop_operator_v3 to 2024-08-09 02:49:00+00:00, run_after=2024-08-09 02:50:00+00:00
[2024-08-09T02:50:08.659+0000] {processor.py:183} INFO - Processing /home/airflow/.local/lib/python3.12/site-packages/airflow/example_dags/example_branch_python_dop_operator_3.py took 0.178 seconds
[2024-08-09T02:50:39.023+0000] {processor.py:161} INFO - Started process (PID=1393) to work on /home/airflow/.local/lib/python3.12/site-packages/airflow/example_dags/example_branch_python_dop_operator_3.py
[2024-08-09T02:50:39.024+0000] {processor.py:830} INFO - Processing file /home/airflow/.local/lib/python3.12/site-packages/airflow/example_dags/example_branch_python_dop_operator_3.py for tasks to queue
[2024-08-09T02:50:39.025+0000] {logging_mixin.py:188} INFO - [2024-08-09T02:50:39.025+0000] {dagbag.py:545} INFO - Filling up the DagBag from /home/airflow/.local/lib/python3.12/site-packages/airflow/example_dags/example_branch_python_dop_operator_3.py
[2024-08-09T02:50:39.044+0000] {processor.py:840} INFO - DAG(s) 'example_branch_dop_operator_v3' retrieved from /home/airflow/.local/lib/python3.12/site-packages/airflow/example_dags/example_branch_python_dop_operator_3.py
[2024-08-09T02:50:39.071+0000] {logging_mixin.py:188} INFO - [2024-08-09T02:50:39.071+0000] {dag.py:3089} INFO - Sync 1 DAGs
[2024-08-09T02:50:39.121+0000] {logging_mixin.py:188} INFO - [2024-08-09T02:50:39.121+0000] {dag.py:3947} INFO - Setting next_dagrun for example_branch_dop_operator_v3 to 2024-08-09 02:49:00+00:00, run_after=2024-08-09 02:50:00+00:00
[2024-08-09T02:50:39.155+0000] {processor.py:183} INFO - Processing /home/airflow/.local/lib/python3.12/site-packages/airflow/example_dags/example_branch_python_dop_operator_3.py took 0.149 seconds
[2024-08-09T02:51:09.657+0000] {processor.py:161} INFO - Started process (PID=1453) to work on /home/airflow/.local/lib/python3.12/site-packages/airflow/example_dags/example_branch_python_dop_operator_3.py
[2024-08-09T02:51:09.658+0000] {processor.py:830} INFO - Processing file /home/airflow/.local/lib/python3.12/site-packages/airflow/example_dags/example_branch_python_dop_operator_3.py for tasks to queue
[2024-08-09T02:51:09.666+0000] {logging_mixin.py:188} INFO - [2024-08-09T02:51:09.659+0000] {dagbag.py:545} INFO - Filling up the DagBag from /home/airflow/.local/lib/python3.12/site-packages/airflow/example_dags/example_branch_python_dop_operator_3.py
[2024-08-09T02:51:09.676+0000] {processor.py:840} INFO - DAG(s) 'example_branch_dop_operator_v3' retrieved from /home/airflow/.local/lib/python3.12/site-packages/airflow/example_dags/example_branch_python_dop_operator_3.py
[2024-08-09T02:51:09.724+0000] {logging_mixin.py:188} INFO - [2024-08-09T02:51:09.721+0000] {dag.py:3089} INFO - Sync 1 DAGs
[2024-08-09T02:51:09.751+0000] {logging_mixin.py:188} INFO - [2024-08-09T02:51:09.750+0000] {dag.py:3947} INFO - Setting next_dagrun for example_branch_dop_operator_v3 to 2024-08-09 02:50:00+00:00, run_after=2024-08-09 02:51:00+00:00
[2024-08-09T02:51:09.793+0000] {processor.py:183} INFO - Processing /home/airflow/.local/lib/python3.12/site-packages/airflow/example_dags/example_branch_python_dop_operator_3.py took 0.142 seconds
[2024-08-09T03:00:00.189+0000] {processor.py:161} INFO - Started process (PID=1513) to work on /home/airflow/.local/lib/python3.12/site-packages/airflow/example_dags/example_branch_python_dop_operator_3.py
[2024-08-09T03:00:00.192+0000] {processor.py:830} INFO - Processing file /home/airflow/.local/lib/python3.12/site-packages/airflow/example_dags/example_branch_python_dop_operator_3.py for tasks to queue
[2024-08-09T03:00:00.197+0000] {logging_mixin.py:188} INFO - [2024-08-09T03:00:00.197+0000] {dagbag.py:545} INFO - Filling up the DagBag from /home/airflow/.local/lib/python3.12/site-packages/airflow/example_dags/example_branch_python_dop_operator_3.py
[2024-08-09T03:00:00.222+0000] {processor.py:840} INFO - DAG(s) 'example_branch_dop_operator_v3' retrieved from /home/airflow/.local/lib/python3.12/site-packages/airflow/example_dags/example_branch_python_dop_operator_3.py
[2024-08-09T03:00:00.308+0000] {logging_mixin.py:188} INFO - [2024-08-09T03:00:00.307+0000] {dag.py:3089} INFO - Sync 1 DAGs
[2024-08-09T03:00:00.444+0000] {logging_mixin.py:188} INFO - [2024-08-09T03:00:00.444+0000] {dag.py:3947} INFO - Setting next_dagrun for example_branch_dop_operator_v3 to 2024-08-09 02:59:00+00:00, run_after=2024-08-09 03:00:00+00:00
[2024-08-09T03:00:00.533+0000] {processor.py:183} INFO - Processing /home/airflow/.local/lib/python3.12/site-packages/airflow/example_dags/example_branch_python_dop_operator_3.py took 0.370 seconds
[2024-08-09T03:39:29.655+0000] {processor.py:161} INFO - Started process (PID=68) to work on /home/airflow/.local/lib/python3.12/site-packages/airflow/example_dags/example_branch_python_dop_operator_3.py
[2024-08-09T03:39:29.657+0000] {processor.py:830} INFO - Processing file /home/airflow/.local/lib/python3.12/site-packages/airflow/example_dags/example_branch_python_dop_operator_3.py for tasks to queue
[2024-08-09T03:39:29.662+0000] {logging_mixin.py:188} INFO - [2024-08-09T03:39:29.659+0000] {dagbag.py:545} INFO - Filling up the DagBag from /home/airflow/.local/lib/python3.12/site-packages/airflow/example_dags/example_branch_python_dop_operator_3.py
[2024-08-09T03:39:29.686+0000] {processor.py:840} INFO - DAG(s) 'example_branch_dop_operator_v3' retrieved from /home/airflow/.local/lib/python3.12/site-packages/airflow/example_dags/example_branch_python_dop_operator_3.py
[2024-08-09T03:39:30.188+0000] {logging_mixin.py:188} INFO - [2024-08-09T03:39:30.188+0000] {dag.py:3089} INFO - Sync 1 DAGs
[2024-08-09T03:39:30.269+0000] {logging_mixin.py:188} INFO - [2024-08-09T03:39:30.269+0000] {dag.py:3947} INFO - Setting next_dagrun for example_branch_dop_operator_v3 to 2024-08-09 03:38:00+00:00, run_after=2024-08-09 03:39:00+00:00
[2024-08-09T03:39:30.371+0000] {processor.py:183} INFO - Processing /home/airflow/.local/lib/python3.12/site-packages/airflow/example_dags/example_branch_python_dop_operator_3.py took 0.729 seconds
[2024-08-09T03:40:12.816+0000] {processor.py:161} INFO - Started process (PID=126) to work on /home/airflow/.local/lib/python3.12/site-packages/airflow/example_dags/example_branch_python_dop_operator_3.py
[2024-08-09T03:40:12.824+0000] {processor.py:830} INFO - Processing file /home/airflow/.local/lib/python3.12/site-packages/airflow/example_dags/example_branch_python_dop_operator_3.py for tasks to queue
[2024-08-09T03:40:12.837+0000] {logging_mixin.py:188} INFO - [2024-08-09T03:40:12.836+0000] {dagbag.py:545} INFO - Filling up the DagBag from /home/airflow/.local/lib/python3.12/site-packages/airflow/example_dags/example_branch_python_dop_operator_3.py
[2024-08-09T03:40:12.846+0000] {processor.py:840} INFO - DAG(s) 'example_branch_dop_operator_v3' retrieved from /home/airflow/.local/lib/python3.12/site-packages/airflow/example_dags/example_branch_python_dop_operator_3.py
[2024-08-09T03:40:12.877+0000] {logging_mixin.py:188} INFO - [2024-08-09T03:40:12.877+0000] {dag.py:3089} INFO - Sync 1 DAGs
[2024-08-09T03:40:12.915+0000] {logging_mixin.py:188} INFO - [2024-08-09T03:40:12.914+0000] {dag.py:3947} INFO - Setting next_dagrun for example_branch_dop_operator_v3 to 2024-08-09 03:39:00+00:00, run_after=2024-08-09 03:40:00+00:00
[2024-08-09T03:40:12.976+0000] {processor.py:183} INFO - Processing /home/airflow/.local/lib/python3.12/site-packages/airflow/example_dags/example_branch_python_dop_operator_3.py took 0.169 seconds
[2024-08-09T03:40:44.838+0000] {processor.py:161} INFO - Started process (PID=193) to work on /home/airflow/.local/lib/python3.12/site-packages/airflow/example_dags/example_branch_python_dop_operator_3.py
[2024-08-09T03:40:44.847+0000] {processor.py:830} INFO - Processing file /home/airflow/.local/lib/python3.12/site-packages/airflow/example_dags/example_branch_python_dop_operator_3.py for tasks to queue
[2024-08-09T03:40:44.848+0000] {logging_mixin.py:188} INFO - [2024-08-09T03:40:44.848+0000] {dagbag.py:545} INFO - Filling up the DagBag from /home/airflow/.local/lib/python3.12/site-packages/airflow/example_dags/example_branch_python_dop_operator_3.py
[2024-08-09T03:40:44.858+0000] {processor.py:840} INFO - DAG(s) 'example_branch_dop_operator_v3' retrieved from /home/airflow/.local/lib/python3.12/site-packages/airflow/example_dags/example_branch_python_dop_operator_3.py
[2024-08-09T03:40:44.881+0000] {logging_mixin.py:188} INFO - [2024-08-09T03:40:44.880+0000] {dag.py:3089} INFO - Sync 1 DAGs
[2024-08-09T03:40:44.908+0000] {logging_mixin.py:188} INFO - [2024-08-09T03:40:44.908+0000] {dag.py:3947} INFO - Setting next_dagrun for example_branch_dop_operator_v3 to 2024-08-09 03:39:00+00:00, run_after=2024-08-09 03:40:00+00:00
[2024-08-09T03:40:45.229+0000] {processor.py:183} INFO - Processing /home/airflow/.local/lib/python3.12/site-packages/airflow/example_dags/example_branch_python_dop_operator_3.py took 0.399 seconds
[2024-08-09T03:41:15.425+0000] {processor.py:161} INFO - Started process (PID=251) to work on /home/airflow/.local/lib/python3.12/site-packages/airflow/example_dags/example_branch_python_dop_operator_3.py
[2024-08-09T03:41:15.427+0000] {processor.py:830} INFO - Processing file /home/airflow/.local/lib/python3.12/site-packages/airflow/example_dags/example_branch_python_dop_operator_3.py for tasks to queue
[2024-08-09T03:41:15.428+0000] {logging_mixin.py:188} INFO - [2024-08-09T03:41:15.427+0000] {dagbag.py:545} INFO - Filling up the DagBag from /home/airflow/.local/lib/python3.12/site-packages/airflow/example_dags/example_branch_python_dop_operator_3.py
[2024-08-09T03:41:15.437+0000] {processor.py:840} INFO - DAG(s) 'example_branch_dop_operator_v3' retrieved from /home/airflow/.local/lib/python3.12/site-packages/airflow/example_dags/example_branch_python_dop_operator_3.py
[2024-08-09T03:41:15.466+0000] {logging_mixin.py:188} INFO - [2024-08-09T03:41:15.466+0000] {dag.py:3089} INFO - Sync 1 DAGs
[2024-08-09T03:41:15.496+0000] {logging_mixin.py:188} INFO - [2024-08-09T03:41:15.496+0000] {dag.py:3947} INFO - Setting next_dagrun for example_branch_dop_operator_v3 to 2024-08-09 03:40:00+00:00, run_after=2024-08-09 03:41:00+00:00
[2024-08-09T03:41:15.523+0000] {processor.py:183} INFO - Processing /home/airflow/.local/lib/python3.12/site-packages/airflow/example_dags/example_branch_python_dop_operator_3.py took 0.105 seconds
[2024-08-09T03:41:45.745+0000] {processor.py:161} INFO - Started process (PID=311) to work on /home/airflow/.local/lib/python3.12/site-packages/airflow/example_dags/example_branch_python_dop_operator_3.py
[2024-08-09T03:41:45.746+0000] {processor.py:830} INFO - Processing file /home/airflow/.local/lib/python3.12/site-packages/airflow/example_dags/example_branch_python_dop_operator_3.py for tasks to queue
[2024-08-09T03:41:45.747+0000] {logging_mixin.py:188} INFO - [2024-08-09T03:41:45.747+0000] {dagbag.py:545} INFO - Filling up the DagBag from /home/airflow/.local/lib/python3.12/site-packages/airflow/example_dags/example_branch_python_dop_operator_3.py
[2024-08-09T03:41:45.756+0000] {processor.py:840} INFO - DAG(s) 'example_branch_dop_operator_v3' retrieved from /home/airflow/.local/lib/python3.12/site-packages/airflow/example_dags/example_branch_python_dop_operator_3.py
[2024-08-09T03:41:45.777+0000] {logging_mixin.py:188} INFO - [2024-08-09T03:41:45.777+0000] {dag.py:3089} INFO - Sync 1 DAGs
[2024-08-09T03:41:45.802+0000] {logging_mixin.py:188} INFO - [2024-08-09T03:41:45.802+0000] {dag.py:3947} INFO - Setting next_dagrun for example_branch_dop_operator_v3 to 2024-08-09 03:40:00+00:00, run_after=2024-08-09 03:41:00+00:00
[2024-08-09T03:41:45.826+0000] {processor.py:183} INFO - Processing /home/airflow/.local/lib/python3.12/site-packages/airflow/example_dags/example_branch_python_dop_operator_3.py took 0.088 seconds
[2024-08-09T03:42:16.346+0000] {processor.py:161} INFO - Started process (PID=370) to work on /home/airflow/.local/lib/python3.12/site-packages/airflow/example_dags/example_branch_python_dop_operator_3.py
[2024-08-09T03:42:16.348+0000] {processor.py:830} INFO - Processing file /home/airflow/.local/lib/python3.12/site-packages/airflow/example_dags/example_branch_python_dop_operator_3.py for tasks to queue
[2024-08-09T03:42:16.349+0000] {logging_mixin.py:188} INFO - [2024-08-09T03:42:16.349+0000] {dagbag.py:545} INFO - Filling up the DagBag from /home/airflow/.local/lib/python3.12/site-packages/airflow/example_dags/example_branch_python_dop_operator_3.py
[2024-08-09T03:42:16.361+0000] {processor.py:840} INFO - DAG(s) 'example_branch_dop_operator_v3' retrieved from /home/airflow/.local/lib/python3.12/site-packages/airflow/example_dags/example_branch_python_dop_operator_3.py
[2024-08-09T03:42:16.401+0000] {logging_mixin.py:188} INFO - [2024-08-09T03:42:16.401+0000] {dag.py:3089} INFO - Sync 1 DAGs
[2024-08-09T03:42:16.497+0000] {logging_mixin.py:188} INFO - [2024-08-09T03:42:16.497+0000] {dag.py:3947} INFO - Setting next_dagrun for example_branch_dop_operator_v3 to 2024-08-09 03:41:00+00:00, run_after=2024-08-09 03:42:00+00:00
[2024-08-09T03:42:16.544+0000] {processor.py:183} INFO - Processing /home/airflow/.local/lib/python3.12/site-packages/airflow/example_dags/example_branch_python_dop_operator_3.py took 0.206 seconds
[2024-08-09T03:42:46.692+0000] {processor.py:161} INFO - Started process (PID=428) to work on /home/airflow/.local/lib/python3.12/site-packages/airflow/example_dags/example_branch_python_dop_operator_3.py
[2024-08-09T03:42:46.694+0000] {processor.py:830} INFO - Processing file /home/airflow/.local/lib/python3.12/site-packages/airflow/example_dags/example_branch_python_dop_operator_3.py for tasks to queue
[2024-08-09T03:42:46.699+0000] {logging_mixin.py:188} INFO - [2024-08-09T03:42:46.695+0000] {dagbag.py:545} INFO - Filling up the DagBag from /home/airflow/.local/lib/python3.12/site-packages/airflow/example_dags/example_branch_python_dop_operator_3.py
[2024-08-09T03:42:46.710+0000] {processor.py:840} INFO - DAG(s) 'example_branch_dop_operator_v3' retrieved from /home/airflow/.local/lib/python3.12/site-packages/airflow/example_dags/example_branch_python_dop_operator_3.py
[2024-08-09T03:42:46.737+0000] {logging_mixin.py:188} INFO - [2024-08-09T03:42:46.736+0000] {dag.py:3089} INFO - Sync 1 DAGs
[2024-08-09T03:42:46.770+0000] {logging_mixin.py:188} INFO - [2024-08-09T03:42:46.769+0000] {dag.py:3947} INFO - Setting next_dagrun for example_branch_dop_operator_v3 to 2024-08-09 03:41:00+00:00, run_after=2024-08-09 03:42:00+00:00
[2024-08-09T03:42:46.815+0000] {processor.py:183} INFO - Processing /home/airflow/.local/lib/python3.12/site-packages/airflow/example_dags/example_branch_python_dop_operator_3.py took 0.129 seconds
[2024-08-09T03:43:16.872+0000] {processor.py:161} INFO - Started process (PID=488) to work on /home/airflow/.local/lib/python3.12/site-packages/airflow/example_dags/example_branch_python_dop_operator_3.py
[2024-08-09T03:43:16.873+0000] {processor.py:830} INFO - Processing file /home/airflow/.local/lib/python3.12/site-packages/airflow/example_dags/example_branch_python_dop_operator_3.py for tasks to queue
[2024-08-09T03:43:16.874+0000] {logging_mixin.py:188} INFO - [2024-08-09T03:43:16.874+0000] {dagbag.py:545} INFO - Filling up the DagBag from /home/airflow/.local/lib/python3.12/site-packages/airflow/example_dags/example_branch_python_dop_operator_3.py
[2024-08-09T03:43:16.884+0000] {processor.py:840} INFO - DAG(s) 'example_branch_dop_operator_v3' retrieved from /home/airflow/.local/lib/python3.12/site-packages/airflow/example_dags/example_branch_python_dop_operator_3.py
[2024-08-09T03:43:16.909+0000] {logging_mixin.py:188} INFO - [2024-08-09T03:43:16.908+0000] {dag.py:3089} INFO - Sync 1 DAGs
[2024-08-09T03:43:16.938+0000] {logging_mixin.py:188} INFO - [2024-08-09T03:43:16.938+0000] {dag.py:3947} INFO - Setting next_dagrun for example_branch_dop_operator_v3 to 2024-08-09 03:42:00+00:00, run_after=2024-08-09 03:43:00+00:00
[2024-08-09T03:43:16.966+0000] {processor.py:183} INFO - Processing /home/airflow/.local/lib/python3.12/site-packages/airflow/example_dags/example_branch_python_dop_operator_3.py took 0.101 seconds
[2024-08-09T03:43:53.053+0000] {processor.py:161} INFO - Started process (PID=537) to work on /home/airflow/.local/lib/python3.12/site-packages/airflow/example_dags/example_branch_python_dop_operator_3.py
[2024-08-09T03:43:53.054+0000] {processor.py:830} INFO - Processing file /home/airflow/.local/lib/python3.12/site-packages/airflow/example_dags/example_branch_python_dop_operator_3.py for tasks to queue
[2024-08-09T03:43:53.056+0000] {logging_mixin.py:188} INFO - [2024-08-09T03:43:53.055+0000] {dagbag.py:545} INFO - Filling up the DagBag from /home/airflow/.local/lib/python3.12/site-packages/airflow/example_dags/example_branch_python_dop_operator_3.py
[2024-08-09T03:43:53.065+0000] {processor.py:840} INFO - DAG(s) 'example_branch_dop_operator_v3' retrieved from /home/airflow/.local/lib/python3.12/site-packages/airflow/example_dags/example_branch_python_dop_operator_3.py
[2024-08-09T03:43:53.089+0000] {logging_mixin.py:188} INFO - [2024-08-09T03:43:53.089+0000] {dag.py:3089} INFO - Sync 1 DAGs
[2024-08-09T03:43:53.119+0000] {logging_mixin.py:188} INFO - [2024-08-09T03:43:53.118+0000] {dag.py:3947} INFO - Setting next_dagrun for example_branch_dop_operator_v3 to 2024-08-09 03:42:00+00:00, run_after=2024-08-09 03:43:00+00:00
[2024-08-09T03:43:54.089+0000] {processor.py:183} INFO - Processing /home/airflow/.local/lib/python3.12/site-packages/airflow/example_dags/example_branch_python_dop_operator_3.py took 1.044 seconds
[2024-08-09T03:44:24.731+0000] {processor.py:161} INFO - Started process (PID=597) to work on /home/airflow/.local/lib/python3.12/site-packages/airflow/example_dags/example_branch_python_dop_operator_3.py
[2024-08-09T03:44:24.732+0000] {processor.py:830} INFO - Processing file /home/airflow/.local/lib/python3.12/site-packages/airflow/example_dags/example_branch_python_dop_operator_3.py for tasks to queue
[2024-08-09T03:44:24.743+0000] {logging_mixin.py:188} INFO - [2024-08-09T03:44:24.742+0000] {dagbag.py:545} INFO - Filling up the DagBag from /home/airflow/.local/lib/python3.12/site-packages/airflow/example_dags/example_branch_python_dop_operator_3.py
[2024-08-09T03:44:24.768+0000] {processor.py:840} INFO - DAG(s) 'example_branch_dop_operator_v3' retrieved from /home/airflow/.local/lib/python3.12/site-packages/airflow/example_dags/example_branch_python_dop_operator_3.py
[2024-08-09T03:44:24.836+0000] {logging_mixin.py:188} INFO - [2024-08-09T03:44:24.836+0000] {dag.py:3089} INFO - Sync 1 DAGs
[2024-08-09T03:44:24.928+0000] {logging_mixin.py:188} INFO - [2024-08-09T03:44:24.928+0000] {dag.py:3947} INFO - Setting next_dagrun for example_branch_dop_operator_v3 to 2024-08-09 03:43:00+00:00, run_after=2024-08-09 03:44:00+00:00
[2024-08-09T03:44:25.027+0000] {processor.py:183} INFO - Processing /home/airflow/.local/lib/python3.12/site-packages/airflow/example_dags/example_branch_python_dop_operator_3.py took 0.315 seconds
[2024-08-09T03:44:55.283+0000] {processor.py:161} INFO - Started process (PID=657) to work on /home/airflow/.local/lib/python3.12/site-packages/airflow/example_dags/example_branch_python_dop_operator_3.py
[2024-08-09T03:44:55.292+0000] {processor.py:830} INFO - Processing file /home/airflow/.local/lib/python3.12/site-packages/airflow/example_dags/example_branch_python_dop_operator_3.py for tasks to queue
[2024-08-09T03:44:55.301+0000] {logging_mixin.py:188} INFO - [2024-08-09T03:44:55.301+0000] {dagbag.py:545} INFO - Filling up the DagBag from /home/airflow/.local/lib/python3.12/site-packages/airflow/example_dags/example_branch_python_dop_operator_3.py
[2024-08-09T03:44:55.309+0000] {processor.py:840} INFO - DAG(s) 'example_branch_dop_operator_v3' retrieved from /home/airflow/.local/lib/python3.12/site-packages/airflow/example_dags/example_branch_python_dop_operator_3.py
[2024-08-09T03:44:55.352+0000] {logging_mixin.py:188} INFO - [2024-08-09T03:44:55.352+0000] {dag.py:3089} INFO - Sync 1 DAGs
[2024-08-09T03:44:55.400+0000] {logging_mixin.py:188} INFO - [2024-08-09T03:44:55.399+0000] {dag.py:3947} INFO - Setting next_dagrun for example_branch_dop_operator_v3 to 2024-08-09 03:43:00+00:00, run_after=2024-08-09 03:44:00+00:00
[2024-08-09T03:44:55.435+0000] {processor.py:183} INFO - Processing /home/airflow/.local/lib/python3.12/site-packages/airflow/example_dags/example_branch_python_dop_operator_3.py took 0.158 seconds
[2024-08-09T03:45:26.065+0000] {processor.py:161} INFO - Started process (PID=717) to work on /home/airflow/.local/lib/python3.12/site-packages/airflow/example_dags/example_branch_python_dop_operator_3.py
[2024-08-09T03:45:26.066+0000] {processor.py:830} INFO - Processing file /home/airflow/.local/lib/python3.12/site-packages/airflow/example_dags/example_branch_python_dop_operator_3.py for tasks to queue
[2024-08-09T03:45:26.067+0000] {logging_mixin.py:188} INFO - [2024-08-09T03:45:26.067+0000] {dagbag.py:545} INFO - Filling up the DagBag from /home/airflow/.local/lib/python3.12/site-packages/airflow/example_dags/example_branch_python_dop_operator_3.py
[2024-08-09T03:45:26.076+0000] {processor.py:840} INFO - DAG(s) 'example_branch_dop_operator_v3' retrieved from /home/airflow/.local/lib/python3.12/site-packages/airflow/example_dags/example_branch_python_dop_operator_3.py
[2024-08-09T03:45:26.095+0000] {logging_mixin.py:188} INFO - [2024-08-09T03:45:26.095+0000] {dag.py:3089} INFO - Sync 1 DAGs
[2024-08-09T03:45:26.124+0000] {logging_mixin.py:188} INFO - [2024-08-09T03:45:26.124+0000] {dag.py:3947} INFO - Setting next_dagrun for example_branch_dop_operator_v3 to 2024-08-09 03:44:00+00:00, run_after=2024-08-09 03:45:00+00:00
[2024-08-09T03:45:26.147+0000] {processor.py:183} INFO - Processing /home/airflow/.local/lib/python3.12/site-packages/airflow/example_dags/example_branch_python_dop_operator_3.py took 0.088 seconds
[2024-08-09T03:45:57.013+0000] {processor.py:161} INFO - Started process (PID=776) to work on /home/airflow/.local/lib/python3.12/site-packages/airflow/example_dags/example_branch_python_dop_operator_3.py
[2024-08-09T03:45:57.015+0000] {processor.py:830} INFO - Processing file /home/airflow/.local/lib/python3.12/site-packages/airflow/example_dags/example_branch_python_dop_operator_3.py for tasks to queue
[2024-08-09T03:45:57.019+0000] {logging_mixin.py:188} INFO - [2024-08-09T03:45:57.018+0000] {dagbag.py:545} INFO - Filling up the DagBag from /home/airflow/.local/lib/python3.12/site-packages/airflow/example_dags/example_branch_python_dop_operator_3.py
[2024-08-09T03:45:57.031+0000] {processor.py:840} INFO - DAG(s) 'example_branch_dop_operator_v3' retrieved from /home/airflow/.local/lib/python3.12/site-packages/airflow/example_dags/example_branch_python_dop_operator_3.py
[2024-08-09T03:45:57.064+0000] {logging_mixin.py:188} INFO - [2024-08-09T03:45:57.064+0000] {dag.py:3089} INFO - Sync 1 DAGs
[2024-08-09T03:45:57.095+0000] {logging_mixin.py:188} INFO - [2024-08-09T03:45:57.095+0000] {dag.py:3947} INFO - Setting next_dagrun for example_branch_dop_operator_v3 to 2024-08-09 03:44:00+00:00, run_after=2024-08-09 03:45:00+00:00
[2024-08-09T03:45:57.135+0000] {processor.py:183} INFO - Processing /home/airflow/.local/lib/python3.12/site-packages/airflow/example_dags/example_branch_python_dop_operator_3.py took 0.128 seconds
[2024-08-09T03:46:27.496+0000] {processor.py:161} INFO - Started process (PID=836) to work on /home/airflow/.local/lib/python3.12/site-packages/airflow/example_dags/example_branch_python_dop_operator_3.py
[2024-08-09T03:46:27.504+0000] {processor.py:830} INFO - Processing file /home/airflow/.local/lib/python3.12/site-packages/airflow/example_dags/example_branch_python_dop_operator_3.py for tasks to queue
[2024-08-09T03:46:27.505+0000] {logging_mixin.py:188} INFO - [2024-08-09T03:46:27.504+0000] {dagbag.py:545} INFO - Filling up the DagBag from /home/airflow/.local/lib/python3.12/site-packages/airflow/example_dags/example_branch_python_dop_operator_3.py
[2024-08-09T03:46:27.533+0000] {processor.py:840} INFO - DAG(s) 'example_branch_dop_operator_v3' retrieved from /home/airflow/.local/lib/python3.12/site-packages/airflow/example_dags/example_branch_python_dop_operator_3.py
[2024-08-09T03:46:27.579+0000] {logging_mixin.py:188} INFO - [2024-08-09T03:46:27.579+0000] {dag.py:3089} INFO - Sync 1 DAGs
[2024-08-09T03:46:27.608+0000] {logging_mixin.py:188} INFO - [2024-08-09T03:46:27.608+0000] {dag.py:3947} INFO - Setting next_dagrun for example_branch_dop_operator_v3 to 2024-08-09 03:45:00+00:00, run_after=2024-08-09 03:46:00+00:00
[2024-08-09T03:46:27.920+0000] {processor.py:183} INFO - Processing /home/airflow/.local/lib/python3.12/site-packages/airflow/example_dags/example_branch_python_dop_operator_3.py took 0.431 seconds
[2024-08-09T03:46:58.402+0000] {processor.py:161} INFO - Started process (PID=895) to work on /home/airflow/.local/lib/python3.12/site-packages/airflow/example_dags/example_branch_python_dop_operator_3.py
[2024-08-09T03:46:58.403+0000] {processor.py:830} INFO - Processing file /home/airflow/.local/lib/python3.12/site-packages/airflow/example_dags/example_branch_python_dop_operator_3.py for tasks to queue
[2024-08-09T03:46:58.405+0000] {logging_mixin.py:188} INFO - [2024-08-09T03:46:58.404+0000] {dagbag.py:545} INFO - Filling up the DagBag from /home/airflow/.local/lib/python3.12/site-packages/airflow/example_dags/example_branch_python_dop_operator_3.py
[2024-08-09T03:46:58.413+0000] {processor.py:840} INFO - DAG(s) 'example_branch_dop_operator_v3' retrieved from /home/airflow/.local/lib/python3.12/site-packages/airflow/example_dags/example_branch_python_dop_operator_3.py
[2024-08-09T03:46:58.449+0000] {logging_mixin.py:188} INFO - [2024-08-09T03:46:58.449+0000] {dag.py:3089} INFO - Sync 1 DAGs
[2024-08-09T03:46:58.483+0000] {logging_mixin.py:188} INFO - [2024-08-09T03:46:58.483+0000] {dag.py:3947} INFO - Setting next_dagrun for example_branch_dop_operator_v3 to 2024-08-09 03:45:00+00:00, run_after=2024-08-09 03:46:00+00:00
[2024-08-09T03:46:58.511+0000] {processor.py:183} INFO - Processing /home/airflow/.local/lib/python3.12/site-packages/airflow/example_dags/example_branch_python_dop_operator_3.py took 0.115 seconds
[2024-08-09T03:47:28.589+0000] {processor.py:161} INFO - Started process (PID=955) to work on /home/airflow/.local/lib/python3.12/site-packages/airflow/example_dags/example_branch_python_dop_operator_3.py
[2024-08-09T03:47:28.591+0000] {processor.py:830} INFO - Processing file /home/airflow/.local/lib/python3.12/site-packages/airflow/example_dags/example_branch_python_dop_operator_3.py for tasks to queue
[2024-08-09T03:47:28.593+0000] {logging_mixin.py:188} INFO - [2024-08-09T03:47:28.593+0000] {dagbag.py:545} INFO - Filling up the DagBag from /home/airflow/.local/lib/python3.12/site-packages/airflow/example_dags/example_branch_python_dop_operator_3.py
[2024-08-09T03:47:28.603+0000] {processor.py:840} INFO - DAG(s) 'example_branch_dop_operator_v3' retrieved from /home/airflow/.local/lib/python3.12/site-packages/airflow/example_dags/example_branch_python_dop_operator_3.py
[2024-08-09T03:47:28.628+0000] {logging_mixin.py:188} INFO - [2024-08-09T03:47:28.628+0000] {dag.py:3089} INFO - Sync 1 DAGs
[2024-08-09T03:47:28.656+0000] {logging_mixin.py:188} INFO - [2024-08-09T03:47:28.656+0000] {dag.py:3947} INFO - Setting next_dagrun for example_branch_dop_operator_v3 to 2024-08-09 03:46:00+00:00, run_after=2024-08-09 03:47:00+00:00
[2024-08-09T03:47:28.689+0000] {processor.py:183} INFO - Processing /home/airflow/.local/lib/python3.12/site-packages/airflow/example_dags/example_branch_python_dop_operator_3.py took 0.112 seconds
[2024-08-09T03:47:59.283+0000] {processor.py:161} INFO - Started process (PID=1015) to work on /home/airflow/.local/lib/python3.12/site-packages/airflow/example_dags/example_branch_python_dop_operator_3.py
[2024-08-09T03:47:59.284+0000] {processor.py:830} INFO - Processing file /home/airflow/.local/lib/python3.12/site-packages/airflow/example_dags/example_branch_python_dop_operator_3.py for tasks to queue
[2024-08-09T03:47:59.285+0000] {logging_mixin.py:188} INFO - [2024-08-09T03:47:59.285+0000] {dagbag.py:545} INFO - Filling up the DagBag from /home/airflow/.local/lib/python3.12/site-packages/airflow/example_dags/example_branch_python_dop_operator_3.py
[2024-08-09T03:47:59.295+0000] {processor.py:840} INFO - DAG(s) 'example_branch_dop_operator_v3' retrieved from /home/airflow/.local/lib/python3.12/site-packages/airflow/example_dags/example_branch_python_dop_operator_3.py
[2024-08-09T03:47:59.322+0000] {logging_mixin.py:188} INFO - [2024-08-09T03:47:59.322+0000] {dag.py:3089} INFO - Sync 1 DAGs
[2024-08-09T03:47:59.347+0000] {logging_mixin.py:188} INFO - [2024-08-09T03:47:59.347+0000] {dag.py:3947} INFO - Setting next_dagrun for example_branch_dop_operator_v3 to 2024-08-09 03:46:00+00:00, run_after=2024-08-09 03:47:00+00:00
[2024-08-09T03:47:59.377+0000] {processor.py:183} INFO - Processing /home/airflow/.local/lib/python3.12/site-packages/airflow/example_dags/example_branch_python_dop_operator_3.py took 0.101 seconds
[2024-08-09T03:48:37.132+0000] {processor.py:161} INFO - Started process (PID=1075) to work on /home/airflow/.local/lib/python3.12/site-packages/airflow/example_dags/example_branch_python_dop_operator_3.py
[2024-08-09T03:48:37.134+0000] {processor.py:830} INFO - Processing file /home/airflow/.local/lib/python3.12/site-packages/airflow/example_dags/example_branch_python_dop_operator_3.py for tasks to queue
[2024-08-09T03:48:37.135+0000] {logging_mixin.py:188} INFO - [2024-08-09T03:48:37.135+0000] {dagbag.py:545} INFO - Filling up the DagBag from /home/airflow/.local/lib/python3.12/site-packages/airflow/example_dags/example_branch_python_dop_operator_3.py
[2024-08-09T03:48:37.149+0000] {processor.py:840} INFO - DAG(s) 'example_branch_dop_operator_v3' retrieved from /home/airflow/.local/lib/python3.12/site-packages/airflow/example_dags/example_branch_python_dop_operator_3.py
[2024-08-09T03:48:37.171+0000] {logging_mixin.py:188} INFO - [2024-08-09T03:48:37.171+0000] {dag.py:3089} INFO - Sync 1 DAGs
[2024-08-09T03:48:37.203+0000] {logging_mixin.py:188} INFO - [2024-08-09T03:48:37.203+0000] {dag.py:3947} INFO - Setting next_dagrun for example_branch_dop_operator_v3 to 2024-08-09 03:47:00+00:00, run_after=2024-08-09 03:48:00+00:00
[2024-08-09T03:48:37.649+0000] {processor.py:183} INFO - Processing /home/airflow/.local/lib/python3.12/site-packages/airflow/example_dags/example_branch_python_dop_operator_3.py took 0.525 seconds
[2024-08-09T03:49:26.720+0000] {processor.py:161} INFO - Started process (PID=1138) to work on /home/airflow/.local/lib/python3.12/site-packages/airflow/example_dags/example_branch_python_dop_operator_3.py
[2024-08-09T03:49:26.737+0000] {processor.py:830} INFO - Processing file /home/airflow/.local/lib/python3.12/site-packages/airflow/example_dags/example_branch_python_dop_operator_3.py for tasks to queue
[2024-08-09T03:49:26.739+0000] {logging_mixin.py:188} INFO - [2024-08-09T03:49:26.738+0000] {dagbag.py:545} INFO - Filling up the DagBag from /home/airflow/.local/lib/python3.12/site-packages/airflow/example_dags/example_branch_python_dop_operator_3.py
[2024-08-09T03:49:26.913+0000] {processor.py:840} INFO - DAG(s) 'example_branch_dop_operator_v3' retrieved from /home/airflow/.local/lib/python3.12/site-packages/airflow/example_dags/example_branch_python_dop_operator_3.py
[2024-08-09T03:49:27.009+0000] {logging_mixin.py:188} INFO - [2024-08-09T03:49:27.009+0000] {dag.py:3089} INFO - Sync 1 DAGs
[2024-08-09T03:49:27.112+0000] {logging_mixin.py:188} INFO - [2024-08-09T03:49:27.111+0000] {dag.py:3947} INFO - Setting next_dagrun for example_branch_dop_operator_v3 to 2024-08-09 03:48:00+00:00, run_after=2024-08-09 03:49:00+00:00
[2024-08-09T03:49:27.278+0000] {processor.py:183} INFO - Processing /home/airflow/.local/lib/python3.12/site-packages/airflow/example_dags/example_branch_python_dop_operator_3.py took 0.568 seconds
[2024-08-09T03:50:00.886+0000] {processor.py:161} INFO - Started process (PID=1195) to work on /home/airflow/.local/lib/python3.12/site-packages/airflow/example_dags/example_branch_python_dop_operator_3.py
[2024-08-09T03:50:00.926+0000] {processor.py:830} INFO - Processing file /home/airflow/.local/lib/python3.12/site-packages/airflow/example_dags/example_branch_python_dop_operator_3.py for tasks to queue
[2024-08-09T03:50:00.928+0000] {logging_mixin.py:188} INFO - [2024-08-09T03:50:00.927+0000] {dagbag.py:545} INFO - Filling up the DagBag from /home/airflow/.local/lib/python3.12/site-packages/airflow/example_dags/example_branch_python_dop_operator_3.py
[2024-08-09T03:50:00.950+0000] {processor.py:840} INFO - DAG(s) 'example_branch_dop_operator_v3' retrieved from /home/airflow/.local/lib/python3.12/site-packages/airflow/example_dags/example_branch_python_dop_operator_3.py
[2024-08-09T03:50:01.118+0000] {logging_mixin.py:188} INFO - [2024-08-09T03:50:01.117+0000] {dag.py:3089} INFO - Sync 1 DAGs
[2024-08-09T03:50:01.282+0000] {logging_mixin.py:188} INFO - [2024-08-09T03:50:01.282+0000] {dag.py:3947} INFO - Setting next_dagrun for example_branch_dop_operator_v3 to 2024-08-09 03:49:00+00:00, run_after=2024-08-09 03:50:00+00:00
[2024-08-09T03:50:01.702+0000] {processor.py:183} INFO - Processing /home/airflow/.local/lib/python3.12/site-packages/airflow/example_dags/example_branch_python_dop_operator_3.py took 0.822 seconds
[2024-08-09T03:50:42.764+0000] {processor.py:161} INFO - Started process (PID=1254) to work on /home/airflow/.local/lib/python3.12/site-packages/airflow/example_dags/example_branch_python_dop_operator_3.py
[2024-08-09T03:50:42.782+0000] {processor.py:830} INFO - Processing file /home/airflow/.local/lib/python3.12/site-packages/airflow/example_dags/example_branch_python_dop_operator_3.py for tasks to queue
[2024-08-09T03:50:42.788+0000] {logging_mixin.py:188} INFO - [2024-08-09T03:50:42.787+0000] {dagbag.py:545} INFO - Filling up the DagBag from /home/airflow/.local/lib/python3.12/site-packages/airflow/example_dags/example_branch_python_dop_operator_3.py
[2024-08-09T03:50:42.893+0000] {processor.py:840} INFO - DAG(s) 'example_branch_dop_operator_v3' retrieved from /home/airflow/.local/lib/python3.12/site-packages/airflow/example_dags/example_branch_python_dop_operator_3.py
[2024-08-09T03:50:42.960+0000] {logging_mixin.py:188} INFO - [2024-08-09T03:50:42.959+0000] {dag.py:3089} INFO - Sync 1 DAGs
[2024-08-09T03:50:42.999+0000] {logging_mixin.py:188} INFO - [2024-08-09T03:50:42.999+0000] {dag.py:3947} INFO - Setting next_dagrun for example_branch_dop_operator_v3 to 2024-08-09 03:49:00+00:00, run_after=2024-08-09 03:50:00+00:00
[2024-08-09T03:50:43.235+0000] {processor.py:183} INFO - Processing /home/airflow/.local/lib/python3.12/site-packages/airflow/example_dags/example_branch_python_dop_operator_3.py took 0.479 seconds
[2024-08-09T03:51:13.840+0000] {processor.py:161} INFO - Started process (PID=1311) to work on /home/airflow/.local/lib/python3.12/site-packages/airflow/example_dags/example_branch_python_dop_operator_3.py
[2024-08-09T03:51:13.841+0000] {processor.py:830} INFO - Processing file /home/airflow/.local/lib/python3.12/site-packages/airflow/example_dags/example_branch_python_dop_operator_3.py for tasks to queue
[2024-08-09T03:51:13.843+0000] {logging_mixin.py:188} INFO - [2024-08-09T03:51:13.842+0000] {dagbag.py:545} INFO - Filling up the DagBag from /home/airflow/.local/lib/python3.12/site-packages/airflow/example_dags/example_branch_python_dop_operator_3.py
[2024-08-09T03:51:13.852+0000] {processor.py:840} INFO - DAG(s) 'example_branch_dop_operator_v3' retrieved from /home/airflow/.local/lib/python3.12/site-packages/airflow/example_dags/example_branch_python_dop_operator_3.py
[2024-08-09T03:51:13.872+0000] {logging_mixin.py:188} INFO - [2024-08-09T03:51:13.872+0000] {dag.py:3089} INFO - Sync 1 DAGs
[2024-08-09T03:51:13.961+0000] {logging_mixin.py:188} INFO - [2024-08-09T03:51:13.960+0000] {dag.py:3947} INFO - Setting next_dagrun for example_branch_dop_operator_v3 to 2024-08-09 03:50:00+00:00, run_after=2024-08-09 03:51:00+00:00
[2024-08-09T03:51:14.047+0000] {processor.py:183} INFO - Processing /home/airflow/.local/lib/python3.12/site-packages/airflow/example_dags/example_branch_python_dop_operator_3.py took 0.215 seconds
[2024-08-09T03:52:01.581+0000] {processor.py:161} INFO - Started process (PID=1370) to work on /home/airflow/.local/lib/python3.12/site-packages/airflow/example_dags/example_branch_python_dop_operator_3.py
[2024-08-09T03:52:01.582+0000] {processor.py:830} INFO - Processing file /home/airflow/.local/lib/python3.12/site-packages/airflow/example_dags/example_branch_python_dop_operator_3.py for tasks to queue
[2024-08-09T03:52:01.583+0000] {logging_mixin.py:188} INFO - [2024-08-09T03:52:01.583+0000] {dagbag.py:545} INFO - Filling up the DagBag from /home/airflow/.local/lib/python3.12/site-packages/airflow/example_dags/example_branch_python_dop_operator_3.py
[2024-08-09T03:52:01.593+0000] {processor.py:840} INFO - DAG(s) 'example_branch_dop_operator_v3' retrieved from /home/airflow/.local/lib/python3.12/site-packages/airflow/example_dags/example_branch_python_dop_operator_3.py
[2024-08-09T03:52:01.893+0000] {logging_mixin.py:188} INFO - [2024-08-09T03:52:01.892+0000] {dag.py:3089} INFO - Sync 1 DAGs
[2024-08-09T03:52:02.041+0000] {logging_mixin.py:188} INFO - [2024-08-09T03:52:02.041+0000] {dag.py:3947} INFO - Setting next_dagrun for example_branch_dop_operator_v3 to 2024-08-09 03:51:00+00:00, run_after=2024-08-09 03:52:00+00:00
[2024-08-09T03:52:02.233+0000] {processor.py:183} INFO - Processing /home/airflow/.local/lib/python3.12/site-packages/airflow/example_dags/example_branch_python_dop_operator_3.py took 0.659 seconds
[2024-08-09T03:52:39.418+0000] {processor.py:161} INFO - Started process (PID=1429) to work on /home/airflow/.local/lib/python3.12/site-packages/airflow/example_dags/example_branch_python_dop_operator_3.py
[2024-08-09T03:52:39.422+0000] {processor.py:830} INFO - Processing file /home/airflow/.local/lib/python3.12/site-packages/airflow/example_dags/example_branch_python_dop_operator_3.py for tasks to queue
[2024-08-09T03:52:39.430+0000] {logging_mixin.py:188} INFO - [2024-08-09T03:52:39.429+0000] {dagbag.py:545} INFO - Filling up the DagBag from /home/airflow/.local/lib/python3.12/site-packages/airflow/example_dags/example_branch_python_dop_operator_3.py
[2024-08-09T03:52:39.523+0000] {processor.py:840} INFO - DAG(s) 'example_branch_dop_operator_v3' retrieved from /home/airflow/.local/lib/python3.12/site-packages/airflow/example_dags/example_branch_python_dop_operator_3.py
[2024-08-09T03:52:39.795+0000] {logging_mixin.py:188} INFO - [2024-08-09T03:52:39.794+0000] {dag.py:3089} INFO - Sync 1 DAGs
[2024-08-09T03:52:40.203+0000] {logging_mixin.py:188} INFO - [2024-08-09T03:52:40.201+0000] {dag.py:3947} INFO - Setting next_dagrun for example_branch_dop_operator_v3 to 2024-08-09 03:51:00+00:00, run_after=2024-08-09 03:52:00+00:00
[2024-08-09T03:52:40.358+0000] {processor.py:183} INFO - Processing /home/airflow/.local/lib/python3.12/site-packages/airflow/example_dags/example_branch_python_dop_operator_3.py took 1.068 seconds
[2024-08-09T06:02:20.858+0000] {processor.py:161} INFO - Started process (PID=68) to work on /home/airflow/.local/lib/python3.12/site-packages/airflow/example_dags/example_branch_python_dop_operator_3.py
[2024-08-09T06:02:20.866+0000] {processor.py:830} INFO - Processing file /home/airflow/.local/lib/python3.12/site-packages/airflow/example_dags/example_branch_python_dop_operator_3.py for tasks to queue
[2024-08-09T06:02:20.881+0000] {logging_mixin.py:188} INFO - [2024-08-09T06:02:20.881+0000] {dagbag.py:545} INFO - Filling up the DagBag from /home/airflow/.local/lib/python3.12/site-packages/airflow/example_dags/example_branch_python_dop_operator_3.py
[2024-08-09T06:02:20.940+0000] {processor.py:840} INFO - DAG(s) 'example_branch_dop_operator_v3' retrieved from /home/airflow/.local/lib/python3.12/site-packages/airflow/example_dags/example_branch_python_dop_operator_3.py
[2024-08-09T06:02:21.042+0000] {logging_mixin.py:188} INFO - [2024-08-09T06:02:21.042+0000] {dag.py:3089} INFO - Sync 1 DAGs
[2024-08-09T06:02:21.179+0000] {logging_mixin.py:188} INFO - [2024-08-09T06:02:21.179+0000] {dag.py:3947} INFO - Setting next_dagrun for example_branch_dop_operator_v3 to 2024-08-09 06:01:00+00:00, run_after=2024-08-09 06:02:00+00:00
[2024-08-09T06:02:21.312+0000] {processor.py:183} INFO - Processing /home/airflow/.local/lib/python3.12/site-packages/airflow/example_dags/example_branch_python_dop_operator_3.py took 0.535 seconds
