[2024-08-09T02:39:13.563+0000] {processor.py:161} INFO - Started process (PID=108) to work on /home/airflow/.local/lib/python3.12/site-packages/airflow/example_dags/tutorial.py
[2024-08-09T02:39:13.564+0000] {processor.py:830} INFO - Processing file /home/airflow/.local/lib/python3.12/site-packages/airflow/example_dags/tutorial.py for tasks to queue
[2024-08-09T02:39:13.567+0000] {logging_mixin.py:188} INFO - [2024-08-09T02:39:13.566+0000] {dagbag.py:545} INFO - Filling up the DagBag from /home/airflow/.local/lib/python3.12/site-packages/airflow/example_dags/tutorial.py
[2024-08-09T02:39:13.576+0000] {processor.py:840} INFO - DAG(s) 'tutorial' retrieved from /home/airflow/.local/lib/python3.12/site-packages/airflow/example_dags/tutorial.py
[2024-08-09T02:39:13.748+0000] {logging_mixin.py:188} INFO - [2024-08-09T02:39:13.747+0000] {dag.py:3089} INFO - Sync 1 DAGs
[2024-08-09T02:39:13.765+0000] {logging_mixin.py:188} INFO - [2024-08-09T02:39:13.765+0000] {dag.py:3947} INFO - Setting next_dagrun for tutorial to 2024-08-08 00:00:00+00:00, run_after=2024-08-09 00:00:00+00:00
[2024-08-09T02:39:14.053+0000] {processor.py:183} INFO - Processing /home/airflow/.local/lib/python3.12/site-packages/airflow/example_dags/tutorial.py took 0.499 seconds
[2024-08-09T02:39:44.729+0000] {processor.py:161} INFO - Started process (PID=167) to work on /home/airflow/.local/lib/python3.12/site-packages/airflow/example_dags/tutorial.py
[2024-08-09T02:39:44.742+0000] {processor.py:830} INFO - Processing file /home/airflow/.local/lib/python3.12/site-packages/airflow/example_dags/tutorial.py for tasks to queue
[2024-08-09T02:39:44.745+0000] {logging_mixin.py:188} INFO - [2024-08-09T02:39:44.744+0000] {dagbag.py:545} INFO - Filling up the DagBag from /home/airflow/.local/lib/python3.12/site-packages/airflow/example_dags/tutorial.py
[2024-08-09T02:39:44.754+0000] {processor.py:840} INFO - DAG(s) 'tutorial' retrieved from /home/airflow/.local/lib/python3.12/site-packages/airflow/example_dags/tutorial.py
[2024-08-09T02:39:44.783+0000] {logging_mixin.py:188} INFO - [2024-08-09T02:39:44.783+0000] {dag.py:3089} INFO - Sync 1 DAGs
[2024-08-09T02:39:44.809+0000] {logging_mixin.py:188} INFO - [2024-08-09T02:39:44.808+0000] {dag.py:3947} INFO - Setting next_dagrun for tutorial to 2024-08-08 00:00:00+00:00, run_after=2024-08-09 00:00:00+00:00
[2024-08-09T02:39:44.831+0000] {processor.py:183} INFO - Processing /home/airflow/.local/lib/python3.12/site-packages/airflow/example_dags/tutorial.py took 0.108 seconds
[2024-08-09T02:40:19.470+0000] {processor.py:161} INFO - Started process (PID=227) to work on /home/airflow/.local/lib/python3.12/site-packages/airflow/example_dags/tutorial.py
[2024-08-09T02:40:19.471+0000] {processor.py:830} INFO - Processing file /home/airflow/.local/lib/python3.12/site-packages/airflow/example_dags/tutorial.py for tasks to queue
[2024-08-09T02:40:19.474+0000] {logging_mixin.py:188} INFO - [2024-08-09T02:40:19.474+0000] {dagbag.py:545} INFO - Filling up the DagBag from /home/airflow/.local/lib/python3.12/site-packages/airflow/example_dags/tutorial.py
[2024-08-09T02:40:19.481+0000] {processor.py:840} INFO - DAG(s) 'tutorial' retrieved from /home/airflow/.local/lib/python3.12/site-packages/airflow/example_dags/tutorial.py
[2024-08-09T02:40:19.504+0000] {logging_mixin.py:188} INFO - [2024-08-09T02:40:19.504+0000] {dag.py:3089} INFO - Sync 1 DAGs
[2024-08-09T02:40:19.529+0000] {logging_mixin.py:188} INFO - [2024-08-09T02:40:19.529+0000] {dag.py:3947} INFO - Setting next_dagrun for tutorial to 2024-08-08 00:00:00+00:00, run_after=2024-08-09 00:00:00+00:00
[2024-08-09T02:40:20.972+0000] {processor.py:183} INFO - Processing /home/airflow/.local/lib/python3.12/site-packages/airflow/example_dags/tutorial.py took 1.509 seconds
[2024-08-09T02:40:51.809+0000] {processor.py:161} INFO - Started process (PID=287) to work on /home/airflow/.local/lib/python3.12/site-packages/airflow/example_dags/tutorial.py
[2024-08-09T02:40:51.810+0000] {processor.py:830} INFO - Processing file /home/airflow/.local/lib/python3.12/site-packages/airflow/example_dags/tutorial.py for tasks to queue
[2024-08-09T02:40:51.813+0000] {logging_mixin.py:188} INFO - [2024-08-09T02:40:51.812+0000] {dagbag.py:545} INFO - Filling up the DagBag from /home/airflow/.local/lib/python3.12/site-packages/airflow/example_dags/tutorial.py
[2024-08-09T02:40:51.819+0000] {processor.py:840} INFO - DAG(s) 'tutorial' retrieved from /home/airflow/.local/lib/python3.12/site-packages/airflow/example_dags/tutorial.py
[2024-08-09T02:40:51.847+0000] {logging_mixin.py:188} INFO - [2024-08-09T02:40:51.846+0000] {dag.py:3089} INFO - Sync 1 DAGs
[2024-08-09T02:40:51.869+0000] {logging_mixin.py:188} INFO - [2024-08-09T02:40:51.868+0000] {dag.py:3947} INFO - Setting next_dagrun for tutorial to 2024-08-08 00:00:00+00:00, run_after=2024-08-09 00:00:00+00:00
[2024-08-09T02:40:51.896+0000] {processor.py:183} INFO - Processing /home/airflow/.local/lib/python3.12/site-packages/airflow/example_dags/tutorial.py took 0.094 seconds
[2024-08-09T02:41:22.296+0000] {processor.py:161} INFO - Started process (PID=346) to work on /home/airflow/.local/lib/python3.12/site-packages/airflow/example_dags/tutorial.py
[2024-08-09T02:41:22.299+0000] {processor.py:830} INFO - Processing file /home/airflow/.local/lib/python3.12/site-packages/airflow/example_dags/tutorial.py for tasks to queue
[2024-08-09T02:41:22.301+0000] {logging_mixin.py:188} INFO - [2024-08-09T02:41:22.301+0000] {dagbag.py:545} INFO - Filling up the DagBag from /home/airflow/.local/lib/python3.12/site-packages/airflow/example_dags/tutorial.py
[2024-08-09T02:41:22.311+0000] {processor.py:840} INFO - DAG(s) 'tutorial' retrieved from /home/airflow/.local/lib/python3.12/site-packages/airflow/example_dags/tutorial.py
[2024-08-09T02:41:22.331+0000] {logging_mixin.py:188} INFO - [2024-08-09T02:41:22.331+0000] {dag.py:3089} INFO - Sync 1 DAGs
[2024-08-09T02:41:22.356+0000] {logging_mixin.py:188} INFO - [2024-08-09T02:41:22.356+0000] {dag.py:3947} INFO - Setting next_dagrun for tutorial to 2024-08-08 00:00:00+00:00, run_after=2024-08-09 00:00:00+00:00
[2024-08-09T02:41:22.381+0000] {processor.py:183} INFO - Processing /home/airflow/.local/lib/python3.12/site-packages/airflow/example_dags/tutorial.py took 0.094 seconds
[2024-08-09T02:41:53.156+0000] {processor.py:161} INFO - Started process (PID=404) to work on /home/airflow/.local/lib/python3.12/site-packages/airflow/example_dags/tutorial.py
[2024-08-09T02:41:53.158+0000] {processor.py:830} INFO - Processing file /home/airflow/.local/lib/python3.12/site-packages/airflow/example_dags/tutorial.py for tasks to queue
[2024-08-09T02:41:53.161+0000] {logging_mixin.py:188} INFO - [2024-08-09T02:41:53.160+0000] {dagbag.py:545} INFO - Filling up the DagBag from /home/airflow/.local/lib/python3.12/site-packages/airflow/example_dags/tutorial.py
[2024-08-09T02:41:53.170+0000] {processor.py:840} INFO - DAG(s) 'tutorial' retrieved from /home/airflow/.local/lib/python3.12/site-packages/airflow/example_dags/tutorial.py
[2024-08-09T02:41:53.201+0000] {logging_mixin.py:188} INFO - [2024-08-09T02:41:53.200+0000] {dag.py:3089} INFO - Sync 1 DAGs
[2024-08-09T02:41:53.237+0000] {logging_mixin.py:188} INFO - [2024-08-09T02:41:53.236+0000] {dag.py:3947} INFO - Setting next_dagrun for tutorial to 2024-08-08 00:00:00+00:00, run_after=2024-08-09 00:00:00+00:00
[2024-08-09T02:41:53.276+0000] {processor.py:183} INFO - Processing /home/airflow/.local/lib/python3.12/site-packages/airflow/example_dags/tutorial.py took 0.128 seconds
[2024-08-09T02:42:42.355+0000] {processor.py:161} INFO - Started process (PID=470) to work on /home/airflow/.local/lib/python3.12/site-packages/airflow/example_dags/tutorial.py
[2024-08-09T02:42:42.356+0000] {processor.py:830} INFO - Processing file /home/airflow/.local/lib/python3.12/site-packages/airflow/example_dags/tutorial.py for tasks to queue
[2024-08-09T02:42:42.359+0000] {logging_mixin.py:188} INFO - [2024-08-09T02:42:42.358+0000] {dagbag.py:545} INFO - Filling up the DagBag from /home/airflow/.local/lib/python3.12/site-packages/airflow/example_dags/tutorial.py
[2024-08-09T02:42:42.364+0000] {processor.py:840} INFO - DAG(s) 'tutorial' retrieved from /home/airflow/.local/lib/python3.12/site-packages/airflow/example_dags/tutorial.py
[2024-08-09T02:42:42.384+0000] {logging_mixin.py:188} INFO - [2024-08-09T02:42:42.383+0000] {dag.py:3089} INFO - Sync 1 DAGs
[2024-08-09T02:42:42.412+0000] {logging_mixin.py:188} INFO - [2024-08-09T02:42:42.412+0000] {dag.py:3947} INFO - Setting next_dagrun for tutorial to 2024-08-08 00:00:00+00:00, run_after=2024-08-09 00:00:00+00:00
[2024-08-09T02:42:42.442+0000] {processor.py:183} INFO - Processing /home/airflow/.local/lib/python3.12/site-packages/airflow/example_dags/tutorial.py took 0.093 seconds
[2024-08-09T02:43:12.894+0000] {processor.py:161} INFO - Started process (PID=528) to work on /home/airflow/.local/lib/python3.12/site-packages/airflow/example_dags/tutorial.py
[2024-08-09T02:43:12.895+0000] {processor.py:830} INFO - Processing file /home/airflow/.local/lib/python3.12/site-packages/airflow/example_dags/tutorial.py for tasks to queue
[2024-08-09T02:43:12.896+0000] {logging_mixin.py:188} INFO - [2024-08-09T02:43:12.896+0000] {dagbag.py:545} INFO - Filling up the DagBag from /home/airflow/.local/lib/python3.12/site-packages/airflow/example_dags/tutorial.py
[2024-08-09T02:43:12.904+0000] {processor.py:840} INFO - DAG(s) 'tutorial' retrieved from /home/airflow/.local/lib/python3.12/site-packages/airflow/example_dags/tutorial.py
[2024-08-09T02:43:12.929+0000] {logging_mixin.py:188} INFO - [2024-08-09T02:43:12.928+0000] {dag.py:3089} INFO - Sync 1 DAGs
[2024-08-09T02:43:12.958+0000] {logging_mixin.py:188} INFO - [2024-08-09T02:43:12.957+0000] {dag.py:3947} INFO - Setting next_dagrun for tutorial to 2024-08-08 00:00:00+00:00, run_after=2024-08-09 00:00:00+00:00
[2024-08-09T02:43:12.986+0000] {processor.py:183} INFO - Processing /home/airflow/.local/lib/python3.12/site-packages/airflow/example_dags/tutorial.py took 0.099 seconds
[2024-08-09T02:43:45.996+0000] {processor.py:161} INFO - Started process (PID=590) to work on /home/airflow/.local/lib/python3.12/site-packages/airflow/example_dags/tutorial.py
[2024-08-09T02:43:45.997+0000] {processor.py:830} INFO - Processing file /home/airflow/.local/lib/python3.12/site-packages/airflow/example_dags/tutorial.py for tasks to queue
[2024-08-09T02:43:45.998+0000] {logging_mixin.py:188} INFO - [2024-08-09T02:43:45.997+0000] {dagbag.py:545} INFO - Filling up the DagBag from /home/airflow/.local/lib/python3.12/site-packages/airflow/example_dags/tutorial.py
[2024-08-09T02:43:46.005+0000] {processor.py:840} INFO - DAG(s) 'tutorial' retrieved from /home/airflow/.local/lib/python3.12/site-packages/airflow/example_dags/tutorial.py
[2024-08-09T02:43:46.034+0000] {logging_mixin.py:188} INFO - [2024-08-09T02:43:46.034+0000] {dag.py:3089} INFO - Sync 1 DAGs
[2024-08-09T02:43:46.070+0000] {logging_mixin.py:188} INFO - [2024-08-09T02:43:46.070+0000] {dag.py:3947} INFO - Setting next_dagrun for tutorial to 2024-08-08 00:00:00+00:00, run_after=2024-08-09 00:00:00+00:00
[2024-08-09T02:43:46.093+0000] {processor.py:183} INFO - Processing /home/airflow/.local/lib/python3.12/site-packages/airflow/example_dags/tutorial.py took 0.103 seconds
[2024-08-09T02:44:16.882+0000] {processor.py:161} INFO - Started process (PID=650) to work on /home/airflow/.local/lib/python3.12/site-packages/airflow/example_dags/tutorial.py
[2024-08-09T02:44:16.883+0000] {processor.py:830} INFO - Processing file /home/airflow/.local/lib/python3.12/site-packages/airflow/example_dags/tutorial.py for tasks to queue
[2024-08-09T02:44:16.884+0000] {logging_mixin.py:188} INFO - [2024-08-09T02:44:16.883+0000] {dagbag.py:545} INFO - Filling up the DagBag from /home/airflow/.local/lib/python3.12/site-packages/airflow/example_dags/tutorial.py
[2024-08-09T02:44:16.891+0000] {processor.py:840} INFO - DAG(s) 'tutorial' retrieved from /home/airflow/.local/lib/python3.12/site-packages/airflow/example_dags/tutorial.py
[2024-08-09T02:44:16.910+0000] {logging_mixin.py:188} INFO - [2024-08-09T02:44:16.909+0000] {dag.py:3089} INFO - Sync 1 DAGs
[2024-08-09T02:44:16.931+0000] {logging_mixin.py:188} INFO - [2024-08-09T02:44:16.931+0000] {dag.py:3947} INFO - Setting next_dagrun for tutorial to 2024-08-08 00:00:00+00:00, run_after=2024-08-09 00:00:00+00:00
[2024-08-09T02:44:16.962+0000] {processor.py:183} INFO - Processing /home/airflow/.local/lib/python3.12/site-packages/airflow/example_dags/tutorial.py took 0.087 seconds
[2024-08-09T02:44:47.798+0000] {processor.py:161} INFO - Started process (PID=709) to work on /home/airflow/.local/lib/python3.12/site-packages/airflow/example_dags/tutorial.py
[2024-08-09T02:44:47.799+0000] {processor.py:830} INFO - Processing file /home/airflow/.local/lib/python3.12/site-packages/airflow/example_dags/tutorial.py for tasks to queue
[2024-08-09T02:44:47.800+0000] {logging_mixin.py:188} INFO - [2024-08-09T02:44:47.800+0000] {dagbag.py:545} INFO - Filling up the DagBag from /home/airflow/.local/lib/python3.12/site-packages/airflow/example_dags/tutorial.py
[2024-08-09T02:44:47.808+0000] {processor.py:840} INFO - DAG(s) 'tutorial' retrieved from /home/airflow/.local/lib/python3.12/site-packages/airflow/example_dags/tutorial.py
[2024-08-09T02:44:47.833+0000] {logging_mixin.py:188} INFO - [2024-08-09T02:44:47.833+0000] {dag.py:3089} INFO - Sync 1 DAGs
[2024-08-09T02:44:47.858+0000] {logging_mixin.py:188} INFO - [2024-08-09T02:44:47.858+0000] {dag.py:3947} INFO - Setting next_dagrun for tutorial to 2024-08-08 00:00:00+00:00, run_after=2024-08-09 00:00:00+00:00
[2024-08-09T02:44:47.884+0000] {processor.py:183} INFO - Processing /home/airflow/.local/lib/python3.12/site-packages/airflow/example_dags/tutorial.py took 0.092 seconds
[2024-08-09T02:45:18.219+0000] {processor.py:161} INFO - Started process (PID=770) to work on /home/airflow/.local/lib/python3.12/site-packages/airflow/example_dags/tutorial.py
[2024-08-09T02:45:18.221+0000] {processor.py:830} INFO - Processing file /home/airflow/.local/lib/python3.12/site-packages/airflow/example_dags/tutorial.py for tasks to queue
[2024-08-09T02:45:18.222+0000] {logging_mixin.py:188} INFO - [2024-08-09T02:45:18.221+0000] {dagbag.py:545} INFO - Filling up the DagBag from /home/airflow/.local/lib/python3.12/site-packages/airflow/example_dags/tutorial.py
[2024-08-09T02:45:18.229+0000] {processor.py:840} INFO - DAG(s) 'tutorial' retrieved from /home/airflow/.local/lib/python3.12/site-packages/airflow/example_dags/tutorial.py
[2024-08-09T02:45:18.253+0000] {logging_mixin.py:188} INFO - [2024-08-09T02:45:18.252+0000] {dag.py:3089} INFO - Sync 1 DAGs
[2024-08-09T02:45:18.278+0000] {logging_mixin.py:188} INFO - [2024-08-09T02:45:18.278+0000] {dag.py:3947} INFO - Setting next_dagrun for tutorial to 2024-08-08 00:00:00+00:00, run_after=2024-08-09 00:00:00+00:00
[2024-08-09T02:45:18.320+0000] {processor.py:183} INFO - Processing /home/airflow/.local/lib/python3.12/site-packages/airflow/example_dags/tutorial.py took 0.108 seconds
[2024-08-09T02:45:49.189+0000] {processor.py:161} INFO - Started process (PID=830) to work on /home/airflow/.local/lib/python3.12/site-packages/airflow/example_dags/tutorial.py
[2024-08-09T02:45:49.191+0000] {processor.py:830} INFO - Processing file /home/airflow/.local/lib/python3.12/site-packages/airflow/example_dags/tutorial.py for tasks to queue
[2024-08-09T02:45:49.192+0000] {logging_mixin.py:188} INFO - [2024-08-09T02:45:49.191+0000] {dagbag.py:545} INFO - Filling up the DagBag from /home/airflow/.local/lib/python3.12/site-packages/airflow/example_dags/tutorial.py
[2024-08-09T02:45:49.200+0000] {processor.py:840} INFO - DAG(s) 'tutorial' retrieved from /home/airflow/.local/lib/python3.12/site-packages/airflow/example_dags/tutorial.py
[2024-08-09T02:45:49.225+0000] {logging_mixin.py:188} INFO - [2024-08-09T02:45:49.225+0000] {dag.py:3089} INFO - Sync 1 DAGs
[2024-08-09T02:45:49.252+0000] {logging_mixin.py:188} INFO - [2024-08-09T02:45:49.252+0000] {dag.py:3947} INFO - Setting next_dagrun for tutorial to 2024-08-08 00:00:00+00:00, run_after=2024-08-09 00:00:00+00:00
[2024-08-09T02:45:49.290+0000] {processor.py:183} INFO - Processing /home/airflow/.local/lib/python3.12/site-packages/airflow/example_dags/tutorial.py took 0.108 seconds
[2024-08-09T02:46:19.840+0000] {processor.py:161} INFO - Started process (PID=890) to work on /home/airflow/.local/lib/python3.12/site-packages/airflow/example_dags/tutorial.py
[2024-08-09T02:46:19.841+0000] {processor.py:830} INFO - Processing file /home/airflow/.local/lib/python3.12/site-packages/airflow/example_dags/tutorial.py for tasks to queue
[2024-08-09T02:46:19.842+0000] {logging_mixin.py:188} INFO - [2024-08-09T02:46:19.842+0000] {dagbag.py:545} INFO - Filling up the DagBag from /home/airflow/.local/lib/python3.12/site-packages/airflow/example_dags/tutorial.py
[2024-08-09T02:46:19.851+0000] {processor.py:840} INFO - DAG(s) 'tutorial' retrieved from /home/airflow/.local/lib/python3.12/site-packages/airflow/example_dags/tutorial.py
[2024-08-09T02:46:19.882+0000] {logging_mixin.py:188} INFO - [2024-08-09T02:46:19.882+0000] {dag.py:3089} INFO - Sync 1 DAGs
[2024-08-09T02:46:19.911+0000] {logging_mixin.py:188} INFO - [2024-08-09T02:46:19.911+0000] {dag.py:3947} INFO - Setting next_dagrun for tutorial to 2024-08-08 00:00:00+00:00, run_after=2024-08-09 00:00:00+00:00
[2024-08-09T02:46:19.938+0000] {processor.py:183} INFO - Processing /home/airflow/.local/lib/python3.12/site-packages/airflow/example_dags/tutorial.py took 0.106 seconds
[2024-08-09T02:46:50.724+0000] {processor.py:161} INFO - Started process (PID=950) to work on /home/airflow/.local/lib/python3.12/site-packages/airflow/example_dags/tutorial.py
[2024-08-09T02:46:50.725+0000] {processor.py:830} INFO - Processing file /home/airflow/.local/lib/python3.12/site-packages/airflow/example_dags/tutorial.py for tasks to queue
[2024-08-09T02:46:50.726+0000] {logging_mixin.py:188} INFO - [2024-08-09T02:46:50.726+0000] {dagbag.py:545} INFO - Filling up the DagBag from /home/airflow/.local/lib/python3.12/site-packages/airflow/example_dags/tutorial.py
[2024-08-09T02:46:50.735+0000] {processor.py:840} INFO - DAG(s) 'tutorial' retrieved from /home/airflow/.local/lib/python3.12/site-packages/airflow/example_dags/tutorial.py
[2024-08-09T02:46:50.759+0000] {logging_mixin.py:188} INFO - [2024-08-09T02:46:50.759+0000] {dag.py:3089} INFO - Sync 1 DAGs
[2024-08-09T02:46:50.787+0000] {logging_mixin.py:188} INFO - [2024-08-09T02:46:50.787+0000] {dag.py:3947} INFO - Setting next_dagrun for tutorial to 2024-08-08 00:00:00+00:00, run_after=2024-08-09 00:00:00+00:00
[2024-08-09T02:46:50.816+0000] {processor.py:183} INFO - Processing /home/airflow/.local/lib/python3.12/site-packages/airflow/example_dags/tutorial.py took 0.102 seconds
[2024-08-09T02:47:21.757+0000] {processor.py:161} INFO - Started process (PID=1009) to work on /home/airflow/.local/lib/python3.12/site-packages/airflow/example_dags/tutorial.py
[2024-08-09T02:47:21.767+0000] {processor.py:830} INFO - Processing file /home/airflow/.local/lib/python3.12/site-packages/airflow/example_dags/tutorial.py for tasks to queue
[2024-08-09T02:47:21.768+0000] {logging_mixin.py:188} INFO - [2024-08-09T02:47:21.768+0000] {dagbag.py:545} INFO - Filling up the DagBag from /home/airflow/.local/lib/python3.12/site-packages/airflow/example_dags/tutorial.py
[2024-08-09T02:47:21.784+0000] {processor.py:840} INFO - DAG(s) 'tutorial' retrieved from /home/airflow/.local/lib/python3.12/site-packages/airflow/example_dags/tutorial.py
[2024-08-09T02:47:21.832+0000] {logging_mixin.py:188} INFO - [2024-08-09T02:47:21.832+0000] {dag.py:3089} INFO - Sync 1 DAGs
[2024-08-09T02:47:21.904+0000] {logging_mixin.py:188} INFO - [2024-08-09T02:47:21.904+0000] {dag.py:3947} INFO - Setting next_dagrun for tutorial to 2024-08-08 00:00:00+00:00, run_after=2024-08-09 00:00:00+00:00
[2024-08-09T02:47:21.945+0000] {processor.py:183} INFO - Processing /home/airflow/.local/lib/python3.12/site-packages/airflow/example_dags/tutorial.py took 0.197 seconds
[2024-08-09T02:47:51.999+0000] {processor.py:161} INFO - Started process (PID=1068) to work on /home/airflow/.local/lib/python3.12/site-packages/airflow/example_dags/tutorial.py
[2024-08-09T02:47:52.000+0000] {processor.py:830} INFO - Processing file /home/airflow/.local/lib/python3.12/site-packages/airflow/example_dags/tutorial.py for tasks to queue
[2024-08-09T02:47:52.001+0000] {logging_mixin.py:188} INFO - [2024-08-09T02:47:52.001+0000] {dagbag.py:545} INFO - Filling up the DagBag from /home/airflow/.local/lib/python3.12/site-packages/airflow/example_dags/tutorial.py
[2024-08-09T02:47:52.010+0000] {processor.py:840} INFO - DAG(s) 'tutorial' retrieved from /home/airflow/.local/lib/python3.12/site-packages/airflow/example_dags/tutorial.py
[2024-08-09T02:47:52.056+0000] {logging_mixin.py:188} INFO - [2024-08-09T02:47:52.056+0000] {dag.py:3089} INFO - Sync 1 DAGs
[2024-08-09T02:47:52.085+0000] {logging_mixin.py:188} INFO - [2024-08-09T02:47:52.085+0000] {dag.py:3947} INFO - Setting next_dagrun for tutorial to 2024-08-08 00:00:00+00:00, run_after=2024-08-09 00:00:00+00:00
[2024-08-09T02:47:52.109+0000] {processor.py:183} INFO - Processing /home/airflow/.local/lib/python3.12/site-packages/airflow/example_dags/tutorial.py took 0.119 seconds
[2024-08-09T02:48:23.042+0000] {processor.py:161} INFO - Started process (PID=1129) to work on /home/airflow/.local/lib/python3.12/site-packages/airflow/example_dags/tutorial.py
[2024-08-09T02:48:23.047+0000] {processor.py:830} INFO - Processing file /home/airflow/.local/lib/python3.12/site-packages/airflow/example_dags/tutorial.py for tasks to queue
[2024-08-09T02:48:23.055+0000] {logging_mixin.py:188} INFO - [2024-08-09T02:48:23.055+0000] {dagbag.py:545} INFO - Filling up the DagBag from /home/airflow/.local/lib/python3.12/site-packages/airflow/example_dags/tutorial.py
[2024-08-09T02:48:23.062+0000] {processor.py:840} INFO - DAG(s) 'tutorial' retrieved from /home/airflow/.local/lib/python3.12/site-packages/airflow/example_dags/tutorial.py
[2024-08-09T02:48:23.110+0000] {logging_mixin.py:188} INFO - [2024-08-09T02:48:23.109+0000] {dag.py:3089} INFO - Sync 1 DAGs
[2024-08-09T02:48:23.157+0000] {logging_mixin.py:188} INFO - [2024-08-09T02:48:23.156+0000] {dag.py:3947} INFO - Setting next_dagrun for tutorial to 2024-08-08 00:00:00+00:00, run_after=2024-08-09 00:00:00+00:00
[2024-08-09T02:48:23.196+0000] {processor.py:183} INFO - Processing /home/airflow/.local/lib/python3.12/site-packages/airflow/example_dags/tutorial.py took 0.160 seconds
[2024-08-09T02:48:53.403+0000] {processor.py:161} INFO - Started process (PID=1189) to work on /home/airflow/.local/lib/python3.12/site-packages/airflow/example_dags/tutorial.py
[2024-08-09T02:48:53.405+0000] {processor.py:830} INFO - Processing file /home/airflow/.local/lib/python3.12/site-packages/airflow/example_dags/tutorial.py for tasks to queue
[2024-08-09T02:48:53.406+0000] {logging_mixin.py:188} INFO - [2024-08-09T02:48:53.405+0000] {dagbag.py:545} INFO - Filling up the DagBag from /home/airflow/.local/lib/python3.12/site-packages/airflow/example_dags/tutorial.py
[2024-08-09T02:48:53.413+0000] {processor.py:840} INFO - DAG(s) 'tutorial' retrieved from /home/airflow/.local/lib/python3.12/site-packages/airflow/example_dags/tutorial.py
[2024-08-09T02:48:53.435+0000] {logging_mixin.py:188} INFO - [2024-08-09T02:48:53.435+0000] {dag.py:3089} INFO - Sync 1 DAGs
[2024-08-09T02:48:53.468+0000] {logging_mixin.py:188} INFO - [2024-08-09T02:48:53.467+0000] {dag.py:3947} INFO - Setting next_dagrun for tutorial to 2024-08-08 00:00:00+00:00, run_after=2024-08-09 00:00:00+00:00
[2024-08-09T02:48:53.490+0000] {processor.py:183} INFO - Processing /home/airflow/.local/lib/python3.12/site-packages/airflow/example_dags/tutorial.py took 0.093 seconds
[2024-08-09T02:49:23.760+0000] {processor.py:161} INFO - Started process (PID=1249) to work on /home/airflow/.local/lib/python3.12/site-packages/airflow/example_dags/tutorial.py
[2024-08-09T02:49:23.761+0000] {processor.py:830} INFO - Processing file /home/airflow/.local/lib/python3.12/site-packages/airflow/example_dags/tutorial.py for tasks to queue
[2024-08-09T02:49:23.762+0000] {logging_mixin.py:188} INFO - [2024-08-09T02:49:23.762+0000] {dagbag.py:545} INFO - Filling up the DagBag from /home/airflow/.local/lib/python3.12/site-packages/airflow/example_dags/tutorial.py
[2024-08-09T02:49:23.778+0000] {processor.py:840} INFO - DAG(s) 'tutorial' retrieved from /home/airflow/.local/lib/python3.12/site-packages/airflow/example_dags/tutorial.py
[2024-08-09T02:49:23.809+0000] {logging_mixin.py:188} INFO - [2024-08-09T02:49:23.808+0000] {dag.py:3089} INFO - Sync 1 DAGs
[2024-08-09T02:49:23.833+0000] {logging_mixin.py:188} INFO - [2024-08-09T02:49:23.833+0000] {dag.py:3947} INFO - Setting next_dagrun for tutorial to 2024-08-08 00:00:00+00:00, run_after=2024-08-09 00:00:00+00:00
[2024-08-09T02:49:23.859+0000] {processor.py:183} INFO - Processing /home/airflow/.local/lib/python3.12/site-packages/airflow/example_dags/tutorial.py took 0.110 seconds
[2024-08-09T02:49:53.920+0000] {processor.py:161} INFO - Started process (PID=1308) to work on /home/airflow/.local/lib/python3.12/site-packages/airflow/example_dags/tutorial.py
[2024-08-09T02:49:53.922+0000] {processor.py:830} INFO - Processing file /home/airflow/.local/lib/python3.12/site-packages/airflow/example_dags/tutorial.py for tasks to queue
[2024-08-09T02:49:53.923+0000] {logging_mixin.py:188} INFO - [2024-08-09T02:49:53.923+0000] {dagbag.py:545} INFO - Filling up the DagBag from /home/airflow/.local/lib/python3.12/site-packages/airflow/example_dags/tutorial.py
[2024-08-09T02:49:53.931+0000] {processor.py:840} INFO - DAG(s) 'tutorial' retrieved from /home/airflow/.local/lib/python3.12/site-packages/airflow/example_dags/tutorial.py
[2024-08-09T02:49:53.955+0000] {logging_mixin.py:188} INFO - [2024-08-09T02:49:53.955+0000] {dag.py:3089} INFO - Sync 1 DAGs
[2024-08-09T02:49:53.982+0000] {logging_mixin.py:188} INFO - [2024-08-09T02:49:53.982+0000] {dag.py:3947} INFO - Setting next_dagrun for tutorial to 2024-08-08 00:00:00+00:00, run_after=2024-08-09 00:00:00+00:00
[2024-08-09T02:49:54.005+0000] {processor.py:183} INFO - Processing /home/airflow/.local/lib/python3.12/site-packages/airflow/example_dags/tutorial.py took 0.091 seconds
[2024-08-09T02:50:24.101+0000] {processor.py:161} INFO - Started process (PID=1368) to work on /home/airflow/.local/lib/python3.12/site-packages/airflow/example_dags/tutorial.py
[2024-08-09T02:50:24.102+0000] {processor.py:830} INFO - Processing file /home/airflow/.local/lib/python3.12/site-packages/airflow/example_dags/tutorial.py for tasks to queue
[2024-08-09T02:50:24.104+0000] {logging_mixin.py:188} INFO - [2024-08-09T02:50:24.103+0000] {dagbag.py:545} INFO - Filling up the DagBag from /home/airflow/.local/lib/python3.12/site-packages/airflow/example_dags/tutorial.py
[2024-08-09T02:50:24.113+0000] {processor.py:840} INFO - DAG(s) 'tutorial' retrieved from /home/airflow/.local/lib/python3.12/site-packages/airflow/example_dags/tutorial.py
[2024-08-09T02:50:24.140+0000] {logging_mixin.py:188} INFO - [2024-08-09T02:50:24.140+0000] {dag.py:3089} INFO - Sync 1 DAGs
[2024-08-09T02:50:24.170+0000] {logging_mixin.py:188} INFO - [2024-08-09T02:50:24.170+0000] {dag.py:3947} INFO - Setting next_dagrun for tutorial to 2024-08-08 00:00:00+00:00, run_after=2024-08-09 00:00:00+00:00
[2024-08-09T02:50:24.195+0000] {processor.py:183} INFO - Processing /home/airflow/.local/lib/python3.12/site-packages/airflow/example_dags/tutorial.py took 0.101 seconds
[2024-08-09T02:50:54.343+0000] {processor.py:161} INFO - Started process (PID=1428) to work on /home/airflow/.local/lib/python3.12/site-packages/airflow/example_dags/tutorial.py
[2024-08-09T02:50:54.344+0000] {processor.py:830} INFO - Processing file /home/airflow/.local/lib/python3.12/site-packages/airflow/example_dags/tutorial.py for tasks to queue
[2024-08-09T02:50:54.345+0000] {logging_mixin.py:188} INFO - [2024-08-09T02:50:54.345+0000] {dagbag.py:545} INFO - Filling up the DagBag from /home/airflow/.local/lib/python3.12/site-packages/airflow/example_dags/tutorial.py
[2024-08-09T02:50:54.353+0000] {processor.py:840} INFO - DAG(s) 'tutorial' retrieved from /home/airflow/.local/lib/python3.12/site-packages/airflow/example_dags/tutorial.py
[2024-08-09T02:50:54.376+0000] {logging_mixin.py:188} INFO - [2024-08-09T02:50:54.376+0000] {dag.py:3089} INFO - Sync 1 DAGs
[2024-08-09T02:50:54.405+0000] {logging_mixin.py:188} INFO - [2024-08-09T02:50:54.404+0000] {dag.py:3947} INFO - Setting next_dagrun for tutorial to 2024-08-08 00:00:00+00:00, run_after=2024-08-09 00:00:00+00:00
[2024-08-09T02:50:54.429+0000] {processor.py:183} INFO - Processing /home/airflow/.local/lib/python3.12/site-packages/airflow/example_dags/tutorial.py took 0.093 seconds
[2024-08-09T02:51:25.451+0000] {processor.py:161} INFO - Started process (PID=1489) to work on /home/airflow/.local/lib/python3.12/site-packages/airflow/example_dags/tutorial.py
[2024-08-09T02:51:25.452+0000] {processor.py:830} INFO - Processing file /home/airflow/.local/lib/python3.12/site-packages/airflow/example_dags/tutorial.py for tasks to queue
[2024-08-09T02:51:25.455+0000] {logging_mixin.py:188} INFO - [2024-08-09T02:51:25.454+0000] {dagbag.py:545} INFO - Filling up the DagBag from /home/airflow/.local/lib/python3.12/site-packages/airflow/example_dags/tutorial.py
[2024-08-09T02:51:25.466+0000] {processor.py:840} INFO - DAG(s) 'tutorial' retrieved from /home/airflow/.local/lib/python3.12/site-packages/airflow/example_dags/tutorial.py
[2024-08-09T02:51:25.492+0000] {logging_mixin.py:188} INFO - [2024-08-09T02:51:25.492+0000] {dag.py:3089} INFO - Sync 1 DAGs
[2024-08-09T02:51:25.870+0000] {logging_mixin.py:188} INFO - [2024-08-09T02:51:25.869+0000] {dag.py:3947} INFO - Setting next_dagrun for tutorial to 2024-08-08 00:00:00+00:00, run_after=2024-08-09 00:00:00+00:00
[2024-08-09T02:51:26.643+0000] {processor.py:183} INFO - Processing /home/airflow/.local/lib/python3.12/site-packages/airflow/example_dags/tutorial.py took 1.199 seconds
[2024-08-09T03:00:13.670+0000] {processor.py:161} INFO - Started process (PID=1549) to work on /home/airflow/.local/lib/python3.12/site-packages/airflow/example_dags/tutorial.py
[2024-08-09T03:00:13.671+0000] {processor.py:830} INFO - Processing file /home/airflow/.local/lib/python3.12/site-packages/airflow/example_dags/tutorial.py for tasks to queue
[2024-08-09T03:00:13.672+0000] {logging_mixin.py:188} INFO - [2024-08-09T03:00:13.672+0000] {dagbag.py:545} INFO - Filling up the DagBag from /home/airflow/.local/lib/python3.12/site-packages/airflow/example_dags/tutorial.py
[2024-08-09T03:00:13.679+0000] {processor.py:840} INFO - DAG(s) 'tutorial' retrieved from /home/airflow/.local/lib/python3.12/site-packages/airflow/example_dags/tutorial.py
[2024-08-09T03:00:13.699+0000] {logging_mixin.py:188} INFO - [2024-08-09T03:00:13.699+0000] {dag.py:3089} INFO - Sync 1 DAGs
[2024-08-09T03:00:13.735+0000] {logging_mixin.py:188} INFO - [2024-08-09T03:00:13.735+0000] {dag.py:3947} INFO - Setting next_dagrun for tutorial to 2024-08-08 00:00:00+00:00, run_after=2024-08-09 00:00:00+00:00
[2024-08-09T03:00:13.759+0000] {processor.py:183} INFO - Processing /home/airflow/.local/lib/python3.12/site-packages/airflow/example_dags/tutorial.py took 0.094 seconds
[2024-08-09T03:40:01.032+0000] {processor.py:161} INFO - Started process (PID=101) to work on /home/airflow/.local/lib/python3.12/site-packages/airflow/example_dags/tutorial.py
[2024-08-09T03:40:01.063+0000] {processor.py:830} INFO - Processing file /home/airflow/.local/lib/python3.12/site-packages/airflow/example_dags/tutorial.py for tasks to queue
[2024-08-09T03:40:01.065+0000] {logging_mixin.py:188} INFO - [2024-08-09T03:40:01.065+0000] {dagbag.py:545} INFO - Filling up the DagBag from /home/airflow/.local/lib/python3.12/site-packages/airflow/example_dags/tutorial.py
[2024-08-09T03:40:01.072+0000] {processor.py:840} INFO - DAG(s) 'tutorial' retrieved from /home/airflow/.local/lib/python3.12/site-packages/airflow/example_dags/tutorial.py
[2024-08-09T03:40:01.181+0000] {logging_mixin.py:188} INFO - [2024-08-09T03:40:01.180+0000] {dag.py:3089} INFO - Sync 1 DAGs
[2024-08-09T03:40:01.203+0000] {logging_mixin.py:188} INFO - [2024-08-09T03:40:01.203+0000] {dag.py:3947} INFO - Setting next_dagrun for tutorial to 2024-08-08 00:00:00+00:00, run_after=2024-08-09 00:00:00+00:00
[2024-08-09T03:40:01.630+0000] {processor.py:183} INFO - Processing /home/airflow/.local/lib/python3.12/site-packages/airflow/example_dags/tutorial.py took 0.604 seconds
[2024-08-09T03:40:32.345+0000] {processor.py:161} INFO - Started process (PID=162) to work on /home/airflow/.local/lib/python3.12/site-packages/airflow/example_dags/tutorial.py
[2024-08-09T03:40:32.346+0000] {processor.py:830} INFO - Processing file /home/airflow/.local/lib/python3.12/site-packages/airflow/example_dags/tutorial.py for tasks to queue
[2024-08-09T03:40:32.348+0000] {logging_mixin.py:188} INFO - [2024-08-09T03:40:32.347+0000] {dagbag.py:545} INFO - Filling up the DagBag from /home/airflow/.local/lib/python3.12/site-packages/airflow/example_dags/tutorial.py
[2024-08-09T03:40:32.356+0000] {processor.py:840} INFO - DAG(s) 'tutorial' retrieved from /home/airflow/.local/lib/python3.12/site-packages/airflow/example_dags/tutorial.py
[2024-08-09T03:40:32.382+0000] {logging_mixin.py:188} INFO - [2024-08-09T03:40:32.382+0000] {dag.py:3089} INFO - Sync 1 DAGs
[2024-08-09T03:40:32.408+0000] {logging_mixin.py:188} INFO - [2024-08-09T03:40:32.408+0000] {dag.py:3947} INFO - Setting next_dagrun for tutorial to 2024-08-08 00:00:00+00:00, run_after=2024-08-09 00:00:00+00:00
[2024-08-09T03:40:32.626+0000] {processor.py:183} INFO - Processing /home/airflow/.local/lib/python3.12/site-packages/airflow/example_dags/tutorial.py took 0.288 seconds
[2024-08-09T03:41:02.725+0000] {processor.py:161} INFO - Started process (PID=220) to work on /home/airflow/.local/lib/python3.12/site-packages/airflow/example_dags/tutorial.py
[2024-08-09T03:41:02.727+0000] {processor.py:830} INFO - Processing file /home/airflow/.local/lib/python3.12/site-packages/airflow/example_dags/tutorial.py for tasks to queue
[2024-08-09T03:41:02.728+0000] {logging_mixin.py:188} INFO - [2024-08-09T03:41:02.727+0000] {dagbag.py:545} INFO - Filling up the DagBag from /home/airflow/.local/lib/python3.12/site-packages/airflow/example_dags/tutorial.py
[2024-08-09T03:41:02.735+0000] {processor.py:840} INFO - DAG(s) 'tutorial' retrieved from /home/airflow/.local/lib/python3.12/site-packages/airflow/example_dags/tutorial.py
[2024-08-09T03:41:02.759+0000] {logging_mixin.py:188} INFO - [2024-08-09T03:41:02.758+0000] {dag.py:3089} INFO - Sync 1 DAGs
[2024-08-09T03:41:02.785+0000] {logging_mixin.py:188} INFO - [2024-08-09T03:41:02.784+0000] {dag.py:3947} INFO - Setting next_dagrun for tutorial to 2024-08-08 00:00:00+00:00, run_after=2024-08-09 00:00:00+00:00
[2024-08-09T03:41:02.825+0000] {processor.py:183} INFO - Processing /home/airflow/.local/lib/python3.12/site-packages/airflow/example_dags/tutorial.py took 0.106 seconds
[2024-08-09T03:41:33.432+0000] {processor.py:161} INFO - Started process (PID=280) to work on /home/airflow/.local/lib/python3.12/site-packages/airflow/example_dags/tutorial.py
[2024-08-09T03:41:33.434+0000] {processor.py:830} INFO - Processing file /home/airflow/.local/lib/python3.12/site-packages/airflow/example_dags/tutorial.py for tasks to queue
[2024-08-09T03:41:33.435+0000] {logging_mixin.py:188} INFO - [2024-08-09T03:41:33.435+0000] {dagbag.py:545} INFO - Filling up the DagBag from /home/airflow/.local/lib/python3.12/site-packages/airflow/example_dags/tutorial.py
[2024-08-09T03:41:33.453+0000] {processor.py:840} INFO - DAG(s) 'tutorial' retrieved from /home/airflow/.local/lib/python3.12/site-packages/airflow/example_dags/tutorial.py
[2024-08-09T03:41:33.484+0000] {logging_mixin.py:188} INFO - [2024-08-09T03:41:33.484+0000] {dag.py:3089} INFO - Sync 1 DAGs
[2024-08-09T03:41:33.513+0000] {logging_mixin.py:188} INFO - [2024-08-09T03:41:33.513+0000] {dag.py:3947} INFO - Setting next_dagrun for tutorial to 2024-08-08 00:00:00+00:00, run_after=2024-08-09 00:00:00+00:00
[2024-08-09T03:41:33.539+0000] {processor.py:183} INFO - Processing /home/airflow/.local/lib/python3.12/site-packages/airflow/example_dags/tutorial.py took 0.114 seconds
[2024-08-09T03:42:03.687+0000] {processor.py:161} INFO - Started process (PID=340) to work on /home/airflow/.local/lib/python3.12/site-packages/airflow/example_dags/tutorial.py
[2024-08-09T03:42:03.691+0000] {processor.py:830} INFO - Processing file /home/airflow/.local/lib/python3.12/site-packages/airflow/example_dags/tutorial.py for tasks to queue
[2024-08-09T03:42:03.692+0000] {logging_mixin.py:188} INFO - [2024-08-09T03:42:03.692+0000] {dagbag.py:545} INFO - Filling up the DagBag from /home/airflow/.local/lib/python3.12/site-packages/airflow/example_dags/tutorial.py
[2024-08-09T03:42:03.699+0000] {processor.py:840} INFO - DAG(s) 'tutorial' retrieved from /home/airflow/.local/lib/python3.12/site-packages/airflow/example_dags/tutorial.py
[2024-08-09T03:42:03.778+0000] {logging_mixin.py:188} INFO - [2024-08-09T03:42:03.777+0000] {dag.py:3089} INFO - Sync 1 DAGs
[2024-08-09T03:42:03.830+0000] {logging_mixin.py:188} INFO - [2024-08-09T03:42:03.830+0000] {dag.py:3947} INFO - Setting next_dagrun for tutorial to 2024-08-08 00:00:00+00:00, run_after=2024-08-09 00:00:00+00:00
[2024-08-09T03:42:03.912+0000] {processor.py:183} INFO - Processing /home/airflow/.local/lib/python3.12/site-packages/airflow/example_dags/tutorial.py took 0.231 seconds
[2024-08-09T03:42:34.019+0000] {processor.py:161} INFO - Started process (PID=399) to work on /home/airflow/.local/lib/python3.12/site-packages/airflow/example_dags/tutorial.py
[2024-08-09T03:42:34.021+0000] {processor.py:830} INFO - Processing file /home/airflow/.local/lib/python3.12/site-packages/airflow/example_dags/tutorial.py for tasks to queue
[2024-08-09T03:42:34.022+0000] {logging_mixin.py:188} INFO - [2024-08-09T03:42:34.022+0000] {dagbag.py:545} INFO - Filling up the DagBag from /home/airflow/.local/lib/python3.12/site-packages/airflow/example_dags/tutorial.py
[2024-08-09T03:42:34.031+0000] {processor.py:840} INFO - DAG(s) 'tutorial' retrieved from /home/airflow/.local/lib/python3.12/site-packages/airflow/example_dags/tutorial.py
[2024-08-09T03:42:34.054+0000] {logging_mixin.py:188} INFO - [2024-08-09T03:42:34.054+0000] {dag.py:3089} INFO - Sync 1 DAGs
[2024-08-09T03:42:34.081+0000] {logging_mixin.py:188} INFO - [2024-08-09T03:42:34.081+0000] {dag.py:3947} INFO - Setting next_dagrun for tutorial to 2024-08-08 00:00:00+00:00, run_after=2024-08-09 00:00:00+00:00
[2024-08-09T03:42:34.109+0000] {processor.py:183} INFO - Processing /home/airflow/.local/lib/python3.12/site-packages/airflow/example_dags/tutorial.py took 0.096 seconds
[2024-08-09T03:43:04.880+0000] {processor.py:161} INFO - Started process (PID=459) to work on /home/airflow/.local/lib/python3.12/site-packages/airflow/example_dags/tutorial.py
[2024-08-09T03:43:04.881+0000] {processor.py:830} INFO - Processing file /home/airflow/.local/lib/python3.12/site-packages/airflow/example_dags/tutorial.py for tasks to queue
[2024-08-09T03:43:04.883+0000] {logging_mixin.py:188} INFO - [2024-08-09T03:43:04.882+0000] {dagbag.py:545} INFO - Filling up the DagBag from /home/airflow/.local/lib/python3.12/site-packages/airflow/example_dags/tutorial.py
[2024-08-09T03:43:04.892+0000] {processor.py:840} INFO - DAG(s) 'tutorial' retrieved from /home/airflow/.local/lib/python3.12/site-packages/airflow/example_dags/tutorial.py
[2024-08-09T03:43:04.930+0000] {logging_mixin.py:188} INFO - [2024-08-09T03:43:04.930+0000] {dag.py:3089} INFO - Sync 1 DAGs
[2024-08-09T03:43:04.955+0000] {logging_mixin.py:188} INFO - [2024-08-09T03:43:04.954+0000] {dag.py:3947} INFO - Setting next_dagrun for tutorial to 2024-08-08 00:00:00+00:00, run_after=2024-08-09 00:00:00+00:00
[2024-08-09T03:43:04.986+0000] {processor.py:183} INFO - Processing /home/airflow/.local/lib/python3.12/site-packages/airflow/example_dags/tutorial.py took 0.114 seconds
[2024-08-09T03:43:49.063+0000] {processor.py:161} INFO - Started process (PID=525) to work on /home/airflow/.local/lib/python3.12/site-packages/airflow/example_dags/tutorial.py
[2024-08-09T03:43:49.074+0000] {processor.py:830} INFO - Processing file /home/airflow/.local/lib/python3.12/site-packages/airflow/example_dags/tutorial.py for tasks to queue
[2024-08-09T03:43:49.075+0000] {logging_mixin.py:188} INFO - [2024-08-09T03:43:49.075+0000] {dagbag.py:545} INFO - Filling up the DagBag from /home/airflow/.local/lib/python3.12/site-packages/airflow/example_dags/tutorial.py
[2024-08-09T03:43:49.085+0000] {processor.py:840} INFO - DAG(s) 'tutorial' retrieved from /home/airflow/.local/lib/python3.12/site-packages/airflow/example_dags/tutorial.py
[2024-08-09T03:43:49.119+0000] {logging_mixin.py:188} INFO - [2024-08-09T03:43:49.119+0000] {dag.py:3089} INFO - Sync 1 DAGs
[2024-08-09T03:43:49.158+0000] {logging_mixin.py:188} INFO - [2024-08-09T03:43:49.158+0000] {dag.py:3947} INFO - Setting next_dagrun for tutorial to 2024-08-08 00:00:00+00:00, run_after=2024-08-09 00:00:00+00:00
[2024-08-09T03:43:49.444+0000] {processor.py:183} INFO - Processing /home/airflow/.local/lib/python3.12/site-packages/airflow/example_dags/tutorial.py took 0.387 seconds
[2024-08-09T03:44:19.858+0000] {processor.py:161} INFO - Started process (PID=585) to work on /home/airflow/.local/lib/python3.12/site-packages/airflow/example_dags/tutorial.py
[2024-08-09T03:44:19.859+0000] {processor.py:830} INFO - Processing file /home/airflow/.local/lib/python3.12/site-packages/airflow/example_dags/tutorial.py for tasks to queue
[2024-08-09T03:44:19.861+0000] {logging_mixin.py:188} INFO - [2024-08-09T03:44:19.861+0000] {dagbag.py:545} INFO - Filling up the DagBag from /home/airflow/.local/lib/python3.12/site-packages/airflow/example_dags/tutorial.py
[2024-08-09T03:44:19.868+0000] {processor.py:840} INFO - DAG(s) 'tutorial' retrieved from /home/airflow/.local/lib/python3.12/site-packages/airflow/example_dags/tutorial.py
[2024-08-09T03:44:19.888+0000] {logging_mixin.py:188} INFO - [2024-08-09T03:44:19.888+0000] {dag.py:3089} INFO - Sync 1 DAGs
[2024-08-09T03:44:19.910+0000] {logging_mixin.py:188} INFO - [2024-08-09T03:44:19.909+0000] {dag.py:3947} INFO - Setting next_dagrun for tutorial to 2024-08-08 00:00:00+00:00, run_after=2024-08-09 00:00:00+00:00
[2024-08-09T03:44:19.934+0000] {processor.py:183} INFO - Processing /home/airflow/.local/lib/python3.12/site-packages/airflow/example_dags/tutorial.py took 0.083 seconds
[2024-08-09T03:44:50.745+0000] {processor.py:161} INFO - Started process (PID=643) to work on /home/airflow/.local/lib/python3.12/site-packages/airflow/example_dags/tutorial.py
[2024-08-09T03:44:50.746+0000] {processor.py:830} INFO - Processing file /home/airflow/.local/lib/python3.12/site-packages/airflow/example_dags/tutorial.py for tasks to queue
[2024-08-09T03:44:50.748+0000] {logging_mixin.py:188} INFO - [2024-08-09T03:44:50.747+0000] {dagbag.py:545} INFO - Filling up the DagBag from /home/airflow/.local/lib/python3.12/site-packages/airflow/example_dags/tutorial.py
[2024-08-09T03:44:50.756+0000] {processor.py:840} INFO - DAG(s) 'tutorial' retrieved from /home/airflow/.local/lib/python3.12/site-packages/airflow/example_dags/tutorial.py
[2024-08-09T03:44:50.782+0000] {logging_mixin.py:188} INFO - [2024-08-09T03:44:50.782+0000] {dag.py:3089} INFO - Sync 1 DAGs
[2024-08-09T03:44:50.810+0000] {logging_mixin.py:188} INFO - [2024-08-09T03:44:50.809+0000] {dag.py:3947} INFO - Setting next_dagrun for tutorial to 2024-08-08 00:00:00+00:00, run_after=2024-08-09 00:00:00+00:00
[2024-08-09T03:44:50.840+0000] {processor.py:183} INFO - Processing /home/airflow/.local/lib/python3.12/site-packages/airflow/example_dags/tutorial.py took 0.102 seconds
[2024-08-09T03:45:21.095+0000] {processor.py:161} INFO - Started process (PID=704) to work on /home/airflow/.local/lib/python3.12/site-packages/airflow/example_dags/tutorial.py
[2024-08-09T03:45:21.096+0000] {processor.py:830} INFO - Processing file /home/airflow/.local/lib/python3.12/site-packages/airflow/example_dags/tutorial.py for tasks to queue
[2024-08-09T03:45:21.097+0000] {logging_mixin.py:188} INFO - [2024-08-09T03:45:21.097+0000] {dagbag.py:545} INFO - Filling up the DagBag from /home/airflow/.local/lib/python3.12/site-packages/airflow/example_dags/tutorial.py
[2024-08-09T03:45:21.104+0000] {processor.py:840} INFO - DAG(s) 'tutorial' retrieved from /home/airflow/.local/lib/python3.12/site-packages/airflow/example_dags/tutorial.py
[2024-08-09T03:45:21.126+0000] {logging_mixin.py:188} INFO - [2024-08-09T03:45:21.126+0000] {dag.py:3089} INFO - Sync 1 DAGs
[2024-08-09T03:45:21.150+0000] {logging_mixin.py:188} INFO - [2024-08-09T03:45:21.150+0000] {dag.py:3947} INFO - Setting next_dagrun for tutorial to 2024-08-08 00:00:00+00:00, run_after=2024-08-09 00:00:00+00:00
[2024-08-09T03:45:21.178+0000] {processor.py:183} INFO - Processing /home/airflow/.local/lib/python3.12/site-packages/airflow/example_dags/tutorial.py took 0.090 seconds
[2024-08-09T03:45:52.002+0000] {processor.py:161} INFO - Started process (PID=764) to work on /home/airflow/.local/lib/python3.12/site-packages/airflow/example_dags/tutorial.py
[2024-08-09T03:45:52.003+0000] {processor.py:830} INFO - Processing file /home/airflow/.local/lib/python3.12/site-packages/airflow/example_dags/tutorial.py for tasks to queue
[2024-08-09T03:45:52.004+0000] {logging_mixin.py:188} INFO - [2024-08-09T03:45:52.004+0000] {dagbag.py:545} INFO - Filling up the DagBag from /home/airflow/.local/lib/python3.12/site-packages/airflow/example_dags/tutorial.py
[2024-08-09T03:45:52.011+0000] {processor.py:840} INFO - DAG(s) 'tutorial' retrieved from /home/airflow/.local/lib/python3.12/site-packages/airflow/example_dags/tutorial.py
[2024-08-09T03:45:52.031+0000] {logging_mixin.py:188} INFO - [2024-08-09T03:45:52.031+0000] {dag.py:3089} INFO - Sync 1 DAGs
[2024-08-09T03:45:52.054+0000] {logging_mixin.py:188} INFO - [2024-08-09T03:45:52.054+0000] {dag.py:3947} INFO - Setting next_dagrun for tutorial to 2024-08-08 00:00:00+00:00, run_after=2024-08-09 00:00:00+00:00
[2024-08-09T03:45:52.078+0000] {processor.py:183} INFO - Processing /home/airflow/.local/lib/python3.12/site-packages/airflow/example_dags/tutorial.py took 0.082 seconds
[2024-08-09T03:46:22.195+0000] {processor.py:161} INFO - Started process (PID=824) to work on /home/airflow/.local/lib/python3.12/site-packages/airflow/example_dags/tutorial.py
[2024-08-09T03:46:22.196+0000] {processor.py:830} INFO - Processing file /home/airflow/.local/lib/python3.12/site-packages/airflow/example_dags/tutorial.py for tasks to queue
[2024-08-09T03:46:22.197+0000] {logging_mixin.py:188} INFO - [2024-08-09T03:46:22.197+0000] {dagbag.py:545} INFO - Filling up the DagBag from /home/airflow/.local/lib/python3.12/site-packages/airflow/example_dags/tutorial.py
[2024-08-09T03:46:22.204+0000] {processor.py:840} INFO - DAG(s) 'tutorial' retrieved from /home/airflow/.local/lib/python3.12/site-packages/airflow/example_dags/tutorial.py
[2024-08-09T03:46:22.229+0000] {logging_mixin.py:188} INFO - [2024-08-09T03:46:22.228+0000] {dag.py:3089} INFO - Sync 1 DAGs
[2024-08-09T03:46:22.254+0000] {logging_mixin.py:188} INFO - [2024-08-09T03:46:22.253+0000] {dag.py:3947} INFO - Setting next_dagrun for tutorial to 2024-08-08 00:00:00+00:00, run_after=2024-08-09 00:00:00+00:00
[2024-08-09T03:46:22.277+0000] {processor.py:183} INFO - Processing /home/airflow/.local/lib/python3.12/site-packages/airflow/example_dags/tutorial.py took 0.089 seconds
[2024-08-09T03:46:52.409+0000] {processor.py:161} INFO - Started process (PID=883) to work on /home/airflow/.local/lib/python3.12/site-packages/airflow/example_dags/tutorial.py
[2024-08-09T03:46:52.411+0000] {processor.py:830} INFO - Processing file /home/airflow/.local/lib/python3.12/site-packages/airflow/example_dags/tutorial.py for tasks to queue
[2024-08-09T03:46:52.412+0000] {logging_mixin.py:188} INFO - [2024-08-09T03:46:52.412+0000] {dagbag.py:545} INFO - Filling up the DagBag from /home/airflow/.local/lib/python3.12/site-packages/airflow/example_dags/tutorial.py
[2024-08-09T03:46:52.421+0000] {processor.py:840} INFO - DAG(s) 'tutorial' retrieved from /home/airflow/.local/lib/python3.12/site-packages/airflow/example_dags/tutorial.py
[2024-08-09T03:46:52.449+0000] {logging_mixin.py:188} INFO - [2024-08-09T03:46:52.449+0000] {dag.py:3089} INFO - Sync 1 DAGs
[2024-08-09T03:46:52.491+0000] {logging_mixin.py:188} INFO - [2024-08-09T03:46:52.491+0000] {dag.py:3947} INFO - Setting next_dagrun for tutorial to 2024-08-08 00:00:00+00:00, run_after=2024-08-09 00:00:00+00:00
[2024-08-09T03:46:52.523+0000] {processor.py:183} INFO - Processing /home/airflow/.local/lib/python3.12/site-packages/airflow/example_dags/tutorial.py took 0.120 seconds
[2024-08-09T03:47:22.806+0000] {processor.py:161} INFO - Started process (PID=943) to work on /home/airflow/.local/lib/python3.12/site-packages/airflow/example_dags/tutorial.py
[2024-08-09T03:47:22.807+0000] {processor.py:830} INFO - Processing file /home/airflow/.local/lib/python3.12/site-packages/airflow/example_dags/tutorial.py for tasks to queue
[2024-08-09T03:47:22.808+0000] {logging_mixin.py:188} INFO - [2024-08-09T03:47:22.808+0000] {dagbag.py:545} INFO - Filling up the DagBag from /home/airflow/.local/lib/python3.12/site-packages/airflow/example_dags/tutorial.py
[2024-08-09T03:47:22.817+0000] {processor.py:840} INFO - DAG(s) 'tutorial' retrieved from /home/airflow/.local/lib/python3.12/site-packages/airflow/example_dags/tutorial.py
[2024-08-09T03:47:22.840+0000] {logging_mixin.py:188} INFO - [2024-08-09T03:47:22.840+0000] {dag.py:3089} INFO - Sync 1 DAGs
[2024-08-09T03:47:22.866+0000] {logging_mixin.py:188} INFO - [2024-08-09T03:47:22.865+0000] {dag.py:3947} INFO - Setting next_dagrun for tutorial to 2024-08-08 00:00:00+00:00, run_after=2024-08-09 00:00:00+00:00
[2024-08-09T03:47:22.894+0000] {processor.py:183} INFO - Processing /home/airflow/.local/lib/python3.12/site-packages/airflow/example_dags/tutorial.py took 0.095 seconds
[2024-08-09T03:47:53.423+0000] {processor.py:161} INFO - Started process (PID=1003) to work on /home/airflow/.local/lib/python3.12/site-packages/airflow/example_dags/tutorial.py
[2024-08-09T03:47:53.425+0000] {processor.py:830} INFO - Processing file /home/airflow/.local/lib/python3.12/site-packages/airflow/example_dags/tutorial.py for tasks to queue
[2024-08-09T03:47:53.427+0000] {logging_mixin.py:188} INFO - [2024-08-09T03:47:53.426+0000] {dagbag.py:545} INFO - Filling up the DagBag from /home/airflow/.local/lib/python3.12/site-packages/airflow/example_dags/tutorial.py
[2024-08-09T03:47:53.436+0000] {processor.py:840} INFO - DAG(s) 'tutorial' retrieved from /home/airflow/.local/lib/python3.12/site-packages/airflow/example_dags/tutorial.py
[2024-08-09T03:47:53.456+0000] {logging_mixin.py:188} INFO - [2024-08-09T03:47:53.456+0000] {dag.py:3089} INFO - Sync 1 DAGs
[2024-08-09T03:47:53.481+0000] {logging_mixin.py:188} INFO - [2024-08-09T03:47:53.480+0000] {dag.py:3947} INFO - Setting next_dagrun for tutorial to 2024-08-08 00:00:00+00:00, run_after=2024-08-09 00:00:00+00:00
[2024-08-09T03:47:53.511+0000] {processor.py:183} INFO - Processing /home/airflow/.local/lib/python3.12/site-packages/airflow/example_dags/tutorial.py took 0.094 seconds
[2024-08-09T03:48:35.696+0000] {processor.py:161} INFO - Started process (PID=1070) to work on /home/airflow/.local/lib/python3.12/site-packages/airflow/example_dags/tutorial.py
[2024-08-09T03:48:35.700+0000] {processor.py:830} INFO - Processing file /home/airflow/.local/lib/python3.12/site-packages/airflow/example_dags/tutorial.py for tasks to queue
[2024-08-09T03:48:35.701+0000] {logging_mixin.py:188} INFO - [2024-08-09T03:48:35.701+0000] {dagbag.py:545} INFO - Filling up the DagBag from /home/airflow/.local/lib/python3.12/site-packages/airflow/example_dags/tutorial.py
[2024-08-09T03:48:35.721+0000] {processor.py:840} INFO - DAG(s) 'tutorial' retrieved from /home/airflow/.local/lib/python3.12/site-packages/airflow/example_dags/tutorial.py
[2024-08-09T03:48:35.764+0000] {logging_mixin.py:188} INFO - [2024-08-09T03:48:35.764+0000] {dag.py:3089} INFO - Sync 1 DAGs
[2024-08-09T03:48:35.851+0000] {logging_mixin.py:188} INFO - [2024-08-09T03:48:35.850+0000] {dag.py:3947} INFO - Setting next_dagrun for tutorial to 2024-08-08 00:00:00+00:00, run_after=2024-08-09 00:00:00+00:00
[2024-08-09T03:48:35.915+0000] {processor.py:183} INFO - Processing /home/airflow/.local/lib/python3.12/site-packages/airflow/example_dags/tutorial.py took 0.234 seconds
[2024-08-09T03:49:19.386+0000] {processor.py:161} INFO - Started process (PID=1135) to work on /home/airflow/.local/lib/python3.12/site-packages/airflow/example_dags/tutorial.py
[2024-08-09T03:49:19.405+0000] {processor.py:830} INFO - Processing file /home/airflow/.local/lib/python3.12/site-packages/airflow/example_dags/tutorial.py for tasks to queue
[2024-08-09T03:49:19.407+0000] {logging_mixin.py:188} INFO - [2024-08-09T03:49:19.406+0000] {dagbag.py:545} INFO - Filling up the DagBag from /home/airflow/.local/lib/python3.12/site-packages/airflow/example_dags/tutorial.py
[2024-08-09T03:49:19.419+0000] {processor.py:840} INFO - DAG(s) 'tutorial' retrieved from /home/airflow/.local/lib/python3.12/site-packages/airflow/example_dags/tutorial.py
[2024-08-09T03:49:21.798+0000] {logging_mixin.py:188} INFO - [2024-08-09T03:49:21.797+0000] {dag.py:3089} INFO - Sync 1 DAGs
[2024-08-09T03:49:21.828+0000] {logging_mixin.py:188} INFO - [2024-08-09T03:49:21.828+0000] {dag.py:3947} INFO - Setting next_dagrun for tutorial to 2024-08-08 00:00:00+00:00, run_after=2024-08-09 00:00:00+00:00
[2024-08-09T03:49:22.093+0000] {processor.py:183} INFO - Processing /home/airflow/.local/lib/python3.12/site-packages/airflow/example_dags/tutorial.py took 2.715 seconds
[2024-08-09T03:49:59.846+0000] {processor.py:161} INFO - Started process (PID=1192) to work on /home/airflow/.local/lib/python3.12/site-packages/airflow/example_dags/tutorial.py
[2024-08-09T03:49:59.858+0000] {processor.py:830} INFO - Processing file /home/airflow/.local/lib/python3.12/site-packages/airflow/example_dags/tutorial.py for tasks to queue
[2024-08-09T03:49:59.859+0000] {logging_mixin.py:188} INFO - [2024-08-09T03:49:59.859+0000] {dagbag.py:545} INFO - Filling up the DagBag from /home/airflow/.local/lib/python3.12/site-packages/airflow/example_dags/tutorial.py
[2024-08-09T03:49:59.890+0000] {processor.py:840} INFO - DAG(s) 'tutorial' retrieved from /home/airflow/.local/lib/python3.12/site-packages/airflow/example_dags/tutorial.py
[2024-08-09T03:49:59.996+0000] {logging_mixin.py:188} INFO - [2024-08-09T03:49:59.995+0000] {dag.py:3089} INFO - Sync 1 DAGs
[2024-08-09T03:50:00.151+0000] {logging_mixin.py:188} INFO - [2024-08-09T03:50:00.151+0000] {dag.py:3947} INFO - Setting next_dagrun for tutorial to 2024-08-08 00:00:00+00:00, run_after=2024-08-09 00:00:00+00:00
[2024-08-09T03:50:00.352+0000] {processor.py:183} INFO - Processing /home/airflow/.local/lib/python3.12/site-packages/airflow/example_dags/tutorial.py took 0.513 seconds
[2024-08-09T03:50:39.922+0000] {processor.py:161} INFO - Started process (PID=1252) to work on /home/airflow/.local/lib/python3.12/site-packages/airflow/example_dags/tutorial.py
[2024-08-09T03:50:39.924+0000] {processor.py:830} INFO - Processing file /home/airflow/.local/lib/python3.12/site-packages/airflow/example_dags/tutorial.py for tasks to queue
[2024-08-09T03:50:39.931+0000] {logging_mixin.py:188} INFO - [2024-08-09T03:50:39.925+0000] {dagbag.py:545} INFO - Filling up the DagBag from /home/airflow/.local/lib/python3.12/site-packages/airflow/example_dags/tutorial.py
[2024-08-09T03:50:39.952+0000] {processor.py:840} INFO - DAG(s) 'tutorial' retrieved from /home/airflow/.local/lib/python3.12/site-packages/airflow/example_dags/tutorial.py
[2024-08-09T03:50:40.044+0000] {logging_mixin.py:188} INFO - [2024-08-09T03:50:40.043+0000] {dag.py:3089} INFO - Sync 1 DAGs
[2024-08-09T03:50:40.068+0000] {logging_mixin.py:188} INFO - [2024-08-09T03:50:40.068+0000] {dag.py:3947} INFO - Setting next_dagrun for tutorial to 2024-08-08 00:00:00+00:00, run_after=2024-08-09 00:00:00+00:00
[2024-08-09T03:50:40.435+0000] {processor.py:183} INFO - Processing /home/airflow/.local/lib/python3.12/site-packages/airflow/example_dags/tutorial.py took 0.529 seconds
[2024-08-09T03:51:10.598+0000] {processor.py:161} INFO - Started process (PID=1309) to work on /home/airflow/.local/lib/python3.12/site-packages/airflow/example_dags/tutorial.py
[2024-08-09T03:51:10.602+0000] {processor.py:830} INFO - Processing file /home/airflow/.local/lib/python3.12/site-packages/airflow/example_dags/tutorial.py for tasks to queue
[2024-08-09T03:51:10.604+0000] {logging_mixin.py:188} INFO - [2024-08-09T03:51:10.604+0000] {dagbag.py:545} INFO - Filling up the DagBag from /home/airflow/.local/lib/python3.12/site-packages/airflow/example_dags/tutorial.py
[2024-08-09T03:51:10.612+0000] {processor.py:840} INFO - DAG(s) 'tutorial' retrieved from /home/airflow/.local/lib/python3.12/site-packages/airflow/example_dags/tutorial.py
[2024-08-09T03:51:10.650+0000] {logging_mixin.py:188} INFO - [2024-08-09T03:51:10.650+0000] {dag.py:3089} INFO - Sync 1 DAGs
[2024-08-09T03:51:10.677+0000] {logging_mixin.py:188} INFO - [2024-08-09T03:51:10.677+0000] {dag.py:3947} INFO - Setting next_dagrun for tutorial to 2024-08-08 00:00:00+00:00, run_after=2024-08-09 00:00:00+00:00
[2024-08-09T03:51:10.718+0000] {processor.py:183} INFO - Processing /home/airflow/.local/lib/python3.12/site-packages/airflow/example_dags/tutorial.py took 0.126 seconds
[2024-08-09T03:51:43.982+0000] {processor.py:161} INFO - Started process (PID=1366) to work on /home/airflow/.local/lib/python3.12/site-packages/airflow/example_dags/tutorial.py
[2024-08-09T03:51:43.986+0000] {processor.py:830} INFO - Processing file /home/airflow/.local/lib/python3.12/site-packages/airflow/example_dags/tutorial.py for tasks to queue
[2024-08-09T03:51:43.994+0000] {logging_mixin.py:188} INFO - [2024-08-09T03:51:43.994+0000] {dagbag.py:545} INFO - Filling up the DagBag from /home/airflow/.local/lib/python3.12/site-packages/airflow/example_dags/tutorial.py
[2024-08-09T03:51:44.055+0000] {processor.py:840} INFO - DAG(s) 'tutorial' retrieved from /home/airflow/.local/lib/python3.12/site-packages/airflow/example_dags/tutorial.py
[2024-08-09T03:51:44.120+0000] {logging_mixin.py:188} INFO - [2024-08-09T03:51:44.120+0000] {dag.py:3089} INFO - Sync 1 DAGs
[2024-08-09T03:51:44.194+0000] {logging_mixin.py:188} INFO - [2024-08-09T03:51:44.194+0000] {dag.py:3947} INFO - Setting next_dagrun for tutorial to 2024-08-08 00:00:00+00:00, run_after=2024-08-09 00:00:00+00:00
[2024-08-09T03:51:44.294+0000] {processor.py:183} INFO - Processing /home/airflow/.local/lib/python3.12/site-packages/airflow/example_dags/tutorial.py took 0.327 seconds
[2024-08-09T03:52:41.947+0000] {processor.py:161} INFO - Started process (PID=1433) to work on /home/airflow/.local/lib/python3.12/site-packages/airflow/example_dags/tutorial.py
[2024-08-09T03:52:41.949+0000] {processor.py:830} INFO - Processing file /home/airflow/.local/lib/python3.12/site-packages/airflow/example_dags/tutorial.py for tasks to queue
[2024-08-09T03:52:41.954+0000] {logging_mixin.py:188} INFO - [2024-08-09T03:52:41.950+0000] {dagbag.py:545} INFO - Filling up the DagBag from /home/airflow/.local/lib/python3.12/site-packages/airflow/example_dags/tutorial.py
[2024-08-09T03:52:41.983+0000] {processor.py:840} INFO - DAG(s) 'tutorial' retrieved from /home/airflow/.local/lib/python3.12/site-packages/airflow/example_dags/tutorial.py
[2024-08-09T03:52:42.019+0000] {logging_mixin.py:188} INFO - [2024-08-09T03:52:42.019+0000] {dag.py:3089} INFO - Sync 1 DAGs
[2024-08-09T03:52:42.053+0000] {logging_mixin.py:188} INFO - [2024-08-09T03:52:42.053+0000] {dag.py:3947} INFO - Setting next_dagrun for tutorial to 2024-08-08 00:00:00+00:00, run_after=2024-08-09 00:00:00+00:00
[2024-08-09T03:52:42.395+0000] {processor.py:183} INFO - Processing /home/airflow/.local/lib/python3.12/site-packages/airflow/example_dags/tutorial.py took 0.488 seconds
