[2024-08-08T03:16:25.572+0000] {processor.py:161} INFO - Started process (PID=72) to work on /home/airflow/.local/lib/python3.12/site-packages/airflow/example_dags/example_branch_operator.py
[2024-08-08T03:16:25.574+0000] {processor.py:830} INFO - Processing file /home/airflow/.local/lib/python3.12/site-packages/airflow/example_dags/example_branch_operator.py for tasks to queue
[2024-08-08T03:16:25.577+0000] {logging_mixin.py:188} INFO - [2024-08-08T03:16:25.577+0000] {dagbag.py:545} INFO - Filling up the DagBag from /home/airflow/.local/lib/python3.12/site-packages/airflow/example_dags/example_branch_operator.py
[2024-08-08T03:16:25.614+0000] {processor.py:840} INFO - DAG(s) 'example_branch_operator' retrieved from /home/airflow/.local/lib/python3.12/site-packages/airflow/example_dags/example_branch_operator.py
[2024-08-08T03:16:25.743+0000] {logging_mixin.py:188} INFO - [2024-08-08T03:16:25.743+0000] {dag.py:3089} INFO - Sync 1 DAGs
[2024-08-08T03:16:25.765+0000] {logging_mixin.py:188} INFO - [2024-08-08T03:16:25.765+0000] {dag.py:3947} INFO - Setting next_dagrun for example_branch_operator to 2024-08-07 00:00:00+00:00, run_after=2024-08-08 00:00:00+00:00
[2024-08-08T03:16:26.022+0000] {processor.py:183} INFO - Processing /home/airflow/.local/lib/python3.12/site-packages/airflow/example_dags/example_branch_operator.py took 0.456 seconds
[2024-08-08T03:17:08.727+0000] {processor.py:161} INFO - Started process (PID=132) to work on /home/airflow/.local/lib/python3.12/site-packages/airflow/example_dags/example_branch_operator.py
[2024-08-08T03:17:08.732+0000] {processor.py:830} INFO - Processing file /home/airflow/.local/lib/python3.12/site-packages/airflow/example_dags/example_branch_operator.py for tasks to queue
[2024-08-08T03:17:08.735+0000] {logging_mixin.py:188} INFO - [2024-08-08T03:17:08.735+0000] {dagbag.py:545} INFO - Filling up the DagBag from /home/airflow/.local/lib/python3.12/site-packages/airflow/example_dags/example_branch_operator.py
[2024-08-08T03:17:08.754+0000] {processor.py:840} INFO - DAG(s) 'example_branch_operator' retrieved from /home/airflow/.local/lib/python3.12/site-packages/airflow/example_dags/example_branch_operator.py
[2024-08-08T03:17:08.786+0000] {logging_mixin.py:188} INFO - [2024-08-08T03:17:08.786+0000] {dag.py:3089} INFO - Sync 1 DAGs
[2024-08-08T03:17:08.811+0000] {logging_mixin.py:188} INFO - [2024-08-08T03:17:08.811+0000] {dag.py:3947} INFO - Setting next_dagrun for example_branch_operator to 2024-08-07 00:00:00+00:00, run_after=2024-08-08 00:00:00+00:00
[2024-08-08T03:17:08.951+0000] {processor.py:183} INFO - Processing /home/airflow/.local/lib/python3.12/site-packages/airflow/example_dags/example_branch_operator.py took 0.231 seconds
[2024-08-08T03:17:39.578+0000] {processor.py:161} INFO - Started process (PID=191) to work on /home/airflow/.local/lib/python3.12/site-packages/airflow/example_dags/example_branch_operator.py
[2024-08-08T03:17:39.579+0000] {processor.py:830} INFO - Processing file /home/airflow/.local/lib/python3.12/site-packages/airflow/example_dags/example_branch_operator.py for tasks to queue
[2024-08-08T03:17:39.582+0000] {logging_mixin.py:188} INFO - [2024-08-08T03:17:39.581+0000] {dagbag.py:545} INFO - Filling up the DagBag from /home/airflow/.local/lib/python3.12/site-packages/airflow/example_dags/example_branch_operator.py
[2024-08-08T03:17:39.612+0000] {processor.py:840} INFO - DAG(s) 'example_branch_operator' retrieved from /home/airflow/.local/lib/python3.12/site-packages/airflow/example_dags/example_branch_operator.py
[2024-08-08T03:17:39.649+0000] {logging_mixin.py:188} INFO - [2024-08-08T03:17:39.648+0000] {dag.py:3089} INFO - Sync 1 DAGs
[2024-08-08T03:17:39.683+0000] {logging_mixin.py:188} INFO - [2024-08-08T03:17:39.683+0000] {dag.py:3947} INFO - Setting next_dagrun for example_branch_operator to 2024-08-07 00:00:00+00:00, run_after=2024-08-08 00:00:00+00:00
[2024-08-08T03:17:39.787+0000] {processor.py:183} INFO - Processing /home/airflow/.local/lib/python3.12/site-packages/airflow/example_dags/example_branch_operator.py took 0.216 seconds
[2024-08-08T03:18:09.872+0000] {processor.py:161} INFO - Started process (PID=251) to work on /home/airflow/.local/lib/python3.12/site-packages/airflow/example_dags/example_branch_operator.py
[2024-08-08T03:18:09.873+0000] {processor.py:830} INFO - Processing file /home/airflow/.local/lib/python3.12/site-packages/airflow/example_dags/example_branch_operator.py for tasks to queue
[2024-08-08T03:18:09.875+0000] {logging_mixin.py:188} INFO - [2024-08-08T03:18:09.874+0000] {dagbag.py:545} INFO - Filling up the DagBag from /home/airflow/.local/lib/python3.12/site-packages/airflow/example_dags/example_branch_operator.py
[2024-08-08T03:18:09.894+0000] {processor.py:840} INFO - DAG(s) 'example_branch_operator' retrieved from /home/airflow/.local/lib/python3.12/site-packages/airflow/example_dags/example_branch_operator.py
[2024-08-08T03:18:10.003+0000] {logging_mixin.py:188} INFO - [2024-08-08T03:18:10.003+0000] {dag.py:3089} INFO - Sync 1 DAGs
[2024-08-08T03:18:10.026+0000] {logging_mixin.py:188} INFO - [2024-08-08T03:18:10.025+0000] {dag.py:3947} INFO - Setting next_dagrun for example_branch_operator to 2024-08-07 00:00:00+00:00, run_after=2024-08-08 00:00:00+00:00
[2024-08-08T03:18:10.055+0000] {processor.py:183} INFO - Processing /home/airflow/.local/lib/python3.12/site-packages/airflow/example_dags/example_branch_operator.py took 0.189 seconds
[2024-08-08T03:18:40.582+0000] {processor.py:161} INFO - Started process (PID=311) to work on /home/airflow/.local/lib/python3.12/site-packages/airflow/example_dags/example_branch_operator.py
[2024-08-08T03:18:40.583+0000] {processor.py:830} INFO - Processing file /home/airflow/.local/lib/python3.12/site-packages/airflow/example_dags/example_branch_operator.py for tasks to queue
[2024-08-08T03:18:40.585+0000] {logging_mixin.py:188} INFO - [2024-08-08T03:18:40.584+0000] {dagbag.py:545} INFO - Filling up the DagBag from /home/airflow/.local/lib/python3.12/site-packages/airflow/example_dags/example_branch_operator.py
[2024-08-08T03:18:40.603+0000] {processor.py:840} INFO - DAG(s) 'example_branch_operator' retrieved from /home/airflow/.local/lib/python3.12/site-packages/airflow/example_dags/example_branch_operator.py
[2024-08-08T03:18:40.637+0000] {logging_mixin.py:188} INFO - [2024-08-08T03:18:40.637+0000] {dag.py:3089} INFO - Sync 1 DAGs
[2024-08-08T03:18:40.662+0000] {logging_mixin.py:188} INFO - [2024-08-08T03:18:40.662+0000] {dag.py:3947} INFO - Setting next_dagrun for example_branch_operator to 2024-08-07 00:00:00+00:00, run_after=2024-08-08 00:00:00+00:00
[2024-08-08T03:18:40.690+0000] {processor.py:183} INFO - Processing /home/airflow/.local/lib/python3.12/site-packages/airflow/example_dags/example_branch_operator.py took 0.114 seconds
[2024-08-08T03:19:11.451+0000] {processor.py:161} INFO - Started process (PID=371) to work on /home/airflow/.local/lib/python3.12/site-packages/airflow/example_dags/example_branch_operator.py
[2024-08-08T03:19:11.470+0000] {processor.py:830} INFO - Processing file /home/airflow/.local/lib/python3.12/site-packages/airflow/example_dags/example_branch_operator.py for tasks to queue
[2024-08-08T03:19:11.473+0000] {logging_mixin.py:188} INFO - [2024-08-08T03:19:11.473+0000] {dagbag.py:545} INFO - Filling up the DagBag from /home/airflow/.local/lib/python3.12/site-packages/airflow/example_dags/example_branch_operator.py
[2024-08-08T03:19:11.497+0000] {processor.py:840} INFO - DAG(s) 'example_branch_operator' retrieved from /home/airflow/.local/lib/python3.12/site-packages/airflow/example_dags/example_branch_operator.py
[2024-08-08T03:19:11.543+0000] {logging_mixin.py:188} INFO - [2024-08-08T03:19:11.543+0000] {dag.py:3089} INFO - Sync 1 DAGs
[2024-08-08T03:19:11.583+0000] {logging_mixin.py:188} INFO - [2024-08-08T03:19:11.583+0000] {dag.py:3947} INFO - Setting next_dagrun for example_branch_operator to 2024-08-07 00:00:00+00:00, run_after=2024-08-08 00:00:00+00:00
[2024-08-08T03:19:11.684+0000] {processor.py:183} INFO - Processing /home/airflow/.local/lib/python3.12/site-packages/airflow/example_dags/example_branch_operator.py took 0.240 seconds
[2024-08-08T03:19:42.290+0000] {processor.py:161} INFO - Started process (PID=432) to work on /home/airflow/.local/lib/python3.12/site-packages/airflow/example_dags/example_branch_operator.py
[2024-08-08T03:19:42.292+0000] {processor.py:830} INFO - Processing file /home/airflow/.local/lib/python3.12/site-packages/airflow/example_dags/example_branch_operator.py for tasks to queue
[2024-08-08T03:19:42.301+0000] {logging_mixin.py:188} INFO - [2024-08-08T03:19:42.300+0000] {dagbag.py:545} INFO - Filling up the DagBag from /home/airflow/.local/lib/python3.12/site-packages/airflow/example_dags/example_branch_operator.py
[2024-08-08T03:19:42.351+0000] {processor.py:840} INFO - DAG(s) 'example_branch_operator' retrieved from /home/airflow/.local/lib/python3.12/site-packages/airflow/example_dags/example_branch_operator.py
[2024-08-08T03:19:42.391+0000] {logging_mixin.py:188} INFO - [2024-08-08T03:19:42.390+0000] {dag.py:3089} INFO - Sync 1 DAGs
[2024-08-08T03:19:42.441+0000] {logging_mixin.py:188} INFO - [2024-08-08T03:19:42.440+0000] {dag.py:3947} INFO - Setting next_dagrun for example_branch_operator to 2024-08-07 00:00:00+00:00, run_after=2024-08-08 00:00:00+00:00
[2024-08-08T03:19:42.497+0000] {processor.py:183} INFO - Processing /home/airflow/.local/lib/python3.12/site-packages/airflow/example_dags/example_branch_operator.py took 0.222 seconds
[2024-08-08T03:20:12.662+0000] {processor.py:161} INFO - Started process (PID=491) to work on /home/airflow/.local/lib/python3.12/site-packages/airflow/example_dags/example_branch_operator.py
[2024-08-08T03:20:12.676+0000] {processor.py:830} INFO - Processing file /home/airflow/.local/lib/python3.12/site-packages/airflow/example_dags/example_branch_operator.py for tasks to queue
[2024-08-08T03:20:12.678+0000] {logging_mixin.py:188} INFO - [2024-08-08T03:20:12.678+0000] {dagbag.py:545} INFO - Filling up the DagBag from /home/airflow/.local/lib/python3.12/site-packages/airflow/example_dags/example_branch_operator.py
[2024-08-08T03:20:12.724+0000] {processor.py:840} INFO - DAG(s) 'example_branch_operator' retrieved from /home/airflow/.local/lib/python3.12/site-packages/airflow/example_dags/example_branch_operator.py
[2024-08-08T03:20:12.771+0000] {logging_mixin.py:188} INFO - [2024-08-08T03:20:12.771+0000] {dag.py:3089} INFO - Sync 1 DAGs
[2024-08-08T03:20:12.820+0000] {logging_mixin.py:188} INFO - [2024-08-08T03:20:12.820+0000] {dag.py:3947} INFO - Setting next_dagrun for example_branch_operator to 2024-08-07 00:00:00+00:00, run_after=2024-08-08 00:00:00+00:00
[2024-08-08T03:20:12.861+0000] {processor.py:183} INFO - Processing /home/airflow/.local/lib/python3.12/site-packages/airflow/example_dags/example_branch_operator.py took 0.205 seconds
[2024-08-08T03:20:43.735+0000] {processor.py:161} INFO - Started process (PID=551) to work on /home/airflow/.local/lib/python3.12/site-packages/airflow/example_dags/example_branch_operator.py
[2024-08-08T03:20:43.736+0000] {processor.py:830} INFO - Processing file /home/airflow/.local/lib/python3.12/site-packages/airflow/example_dags/example_branch_operator.py for tasks to queue
[2024-08-08T03:20:43.738+0000] {logging_mixin.py:188} INFO - [2024-08-08T03:20:43.738+0000] {dagbag.py:545} INFO - Filling up the DagBag from /home/airflow/.local/lib/python3.12/site-packages/airflow/example_dags/example_branch_operator.py
[2024-08-08T03:20:43.760+0000] {processor.py:840} INFO - DAG(s) 'example_branch_operator' retrieved from /home/airflow/.local/lib/python3.12/site-packages/airflow/example_dags/example_branch_operator.py
[2024-08-08T03:20:43.802+0000] {logging_mixin.py:188} INFO - [2024-08-08T03:20:43.801+0000] {dag.py:3089} INFO - Sync 1 DAGs
[2024-08-08T03:20:43.826+0000] {logging_mixin.py:188} INFO - [2024-08-08T03:20:43.826+0000] {dag.py:3947} INFO - Setting next_dagrun for example_branch_operator to 2024-08-07 00:00:00+00:00, run_after=2024-08-08 00:00:00+00:00
[2024-08-08T03:20:43.852+0000] {processor.py:183} INFO - Processing /home/airflow/.local/lib/python3.12/site-packages/airflow/example_dags/example_branch_operator.py took 0.124 seconds
[2024-08-08T03:21:14.434+0000] {processor.py:161} INFO - Started process (PID=610) to work on /home/airflow/.local/lib/python3.12/site-packages/airflow/example_dags/example_branch_operator.py
[2024-08-08T03:21:14.436+0000] {processor.py:830} INFO - Processing file /home/airflow/.local/lib/python3.12/site-packages/airflow/example_dags/example_branch_operator.py for tasks to queue
[2024-08-08T03:21:14.439+0000] {logging_mixin.py:188} INFO - [2024-08-08T03:21:14.439+0000] {dagbag.py:545} INFO - Filling up the DagBag from /home/airflow/.local/lib/python3.12/site-packages/airflow/example_dags/example_branch_operator.py
[2024-08-08T03:21:14.459+0000] {processor.py:840} INFO - DAG(s) 'example_branch_operator' retrieved from /home/airflow/.local/lib/python3.12/site-packages/airflow/example_dags/example_branch_operator.py
[2024-08-08T03:21:14.493+0000] {logging_mixin.py:188} INFO - [2024-08-08T03:21:14.492+0000] {dag.py:3089} INFO - Sync 1 DAGs
[2024-08-08T03:21:14.521+0000] {logging_mixin.py:188} INFO - [2024-08-08T03:21:14.520+0000] {dag.py:3947} INFO - Setting next_dagrun for example_branch_operator to 2024-08-07 00:00:00+00:00, run_after=2024-08-08 00:00:00+00:00
[2024-08-08T03:21:14.556+0000] {processor.py:183} INFO - Processing /home/airflow/.local/lib/python3.12/site-packages/airflow/example_dags/example_branch_operator.py took 0.128 seconds
