[2024-08-08T03:16:23.788+0000] {processor.py:161} INFO - Started process (PID=64) to work on /home/airflow/.local/lib/python3.12/site-packages/airflow/example_dags/example_subdag_operator.py
[2024-08-08T03:16:23.789+0000] {processor.py:830} INFO - Processing file /home/airflow/.local/lib/python3.12/site-packages/airflow/example_dags/example_subdag_operator.py for tasks to queue
[2024-08-08T03:16:23.792+0000] {logging_mixin.py:188} INFO - [2024-08-08T03:16:23.791+0000] {dagbag.py:545} INFO - Filling up the DagBag from /home/airflow/.local/lib/python3.12/site-packages/airflow/example_dags/example_subdag_operator.py
[2024-08-08T03:16:23.925+0000] {processor.py:840} INFO - DAG(s) 'example_subdag_operator.section-1', 'example_subdag_operator.section-2', 'example_subdag_operator' retrieved from /home/airflow/.local/lib/python3.12/site-packages/airflow/example_dags/example_subdag_operator.py
[2024-08-08T03:16:23.958+0000] {logging_mixin.py:188} INFO - [2024-08-08T03:16:23.958+0000] {dag.py:3089} INFO - Sync 3 DAGs
[2024-08-08T03:16:23.987+0000] {logging_mixin.py:188} INFO - [2024-08-08T03:16:23.986+0000] {dag.py:3947} INFO - Setting next_dagrun for example_subdag_operator to 2022-01-01 00:00:00+00:00, run_after=2022-01-01 00:00:00+00:00
[2024-08-08T03:16:23.991+0000] {logging_mixin.py:188} INFO - [2024-08-08T03:16:23.991+0000] {dag.py:3947} INFO - Setting next_dagrun for example_subdag_operator.section-1 to None, run_after=None
[2024-08-08T03:16:23.994+0000] {logging_mixin.py:188} INFO - [2024-08-08T03:16:23.993+0000] {dag.py:3947} INFO - Setting next_dagrun for example_subdag_operator.section-2 to None, run_after=None
[2024-08-08T03:16:24.002+0000] {logging_mixin.py:188} INFO - [2024-08-08T03:16:24.002+0000] {dag.py:3089} INFO - Sync 2 DAGs
[2024-08-08T03:16:24.006+0000] {logging_mixin.py:188} INFO - [2024-08-08T03:16:24.006+0000] {dag.py:3947} INFO - Setting next_dagrun for example_subdag_operator.section-1 to None, run_after=None
[2024-08-08T03:16:24.007+0000] {logging_mixin.py:188} INFO - [2024-08-08T03:16:24.007+0000] {dag.py:3947} INFO - Setting next_dagrun for example_subdag_operator.section-2 to None, run_after=None
[2024-08-08T03:16:24.144+0000] {processor.py:183} INFO - Processing /home/airflow/.local/lib/python3.12/site-packages/airflow/example_dags/example_subdag_operator.py took 0.362 seconds
[2024-08-08T03:17:05.592+0000] {processor.py:161} INFO - Started process (PID=124) to work on /home/airflow/.local/lib/python3.12/site-packages/airflow/example_dags/example_subdag_operator.py
[2024-08-08T03:17:05.606+0000] {processor.py:830} INFO - Processing file /home/airflow/.local/lib/python3.12/site-packages/airflow/example_dags/example_subdag_operator.py for tasks to queue
[2024-08-08T03:17:05.610+0000] {logging_mixin.py:188} INFO - [2024-08-08T03:17:05.609+0000] {dagbag.py:545} INFO - Filling up the DagBag from /home/airflow/.local/lib/python3.12/site-packages/airflow/example_dags/example_subdag_operator.py
[2024-08-08T03:17:05.633+0000] {processor.py:840} INFO - DAG(s) 'example_subdag_operator.section-1', 'example_subdag_operator.section-2', 'example_subdag_operator' retrieved from /home/airflow/.local/lib/python3.12/site-packages/airflow/example_dags/example_subdag_operator.py
[2024-08-08T03:17:05.652+0000] {logging_mixin.py:188} INFO - [2024-08-08T03:17:05.652+0000] {dag.py:3089} INFO - Sync 3 DAGs
[2024-08-08T03:17:05.690+0000] {logging_mixin.py:188} INFO - [2024-08-08T03:17:05.689+0000] {dag.py:3947} INFO - Setting next_dagrun for example_subdag_operator to 2022-01-01 00:00:00+00:00, run_after=2022-01-01 00:00:00+00:00
[2024-08-08T03:17:05.703+0000] {logging_mixin.py:188} INFO - [2024-08-08T03:17:05.702+0000] {dag.py:3947} INFO - Setting next_dagrun for example_subdag_operator.section-1 to None, run_after=None
[2024-08-08T03:17:05.705+0000] {logging_mixin.py:188} INFO - [2024-08-08T03:17:05.705+0000] {dag.py:3947} INFO - Setting next_dagrun for example_subdag_operator.section-2 to None, run_after=None
[2024-08-08T03:17:05.718+0000] {logging_mixin.py:188} INFO - [2024-08-08T03:17:05.718+0000] {dag.py:3089} INFO - Sync 2 DAGs
[2024-08-08T03:17:05.732+0000] {logging_mixin.py:188} INFO - [2024-08-08T03:17:05.730+0000] {dag.py:3947} INFO - Setting next_dagrun for example_subdag_operator.section-1 to None, run_after=None
[2024-08-08T03:17:05.734+0000] {logging_mixin.py:188} INFO - [2024-08-08T03:17:05.734+0000] {dag.py:3947} INFO - Setting next_dagrun for example_subdag_operator.section-2 to None, run_after=None
[2024-08-08T03:17:05.772+0000] {processor.py:183} INFO - Processing /home/airflow/.local/lib/python3.12/site-packages/airflow/example_dags/example_subdag_operator.py took 0.186 seconds
[2024-08-08T03:17:36.392+0000] {processor.py:161} INFO - Started process (PID=181) to work on /home/airflow/.local/lib/python3.12/site-packages/airflow/example_dags/example_subdag_operator.py
[2024-08-08T03:17:36.394+0000] {processor.py:830} INFO - Processing file /home/airflow/.local/lib/python3.12/site-packages/airflow/example_dags/example_subdag_operator.py for tasks to queue
[2024-08-08T03:17:36.396+0000] {logging_mixin.py:188} INFO - [2024-08-08T03:17:36.395+0000] {dagbag.py:545} INFO - Filling up the DagBag from /home/airflow/.local/lib/python3.12/site-packages/airflow/example_dags/example_subdag_operator.py
[2024-08-08T03:17:36.415+0000] {processor.py:840} INFO - DAG(s) 'example_subdag_operator.section-1', 'example_subdag_operator.section-2', 'example_subdag_operator' retrieved from /home/airflow/.local/lib/python3.12/site-packages/airflow/example_dags/example_subdag_operator.py
[2024-08-08T03:17:36.418+0000] {logging_mixin.py:188} INFO - [2024-08-08T03:17:36.418+0000] {dag.py:3089} INFO - Sync 3 DAGs
[2024-08-08T03:17:36.439+0000] {logging_mixin.py:188} INFO - [2024-08-08T03:17:36.439+0000] {dag.py:3947} INFO - Setting next_dagrun for example_subdag_operator to 2022-01-01 00:00:00+00:00, run_after=2022-01-01 00:00:00+00:00
[2024-08-08T03:17:36.443+0000] {logging_mixin.py:188} INFO - [2024-08-08T03:17:36.443+0000] {dag.py:3947} INFO - Setting next_dagrun for example_subdag_operator.section-1 to None, run_after=None
[2024-08-08T03:17:36.445+0000] {logging_mixin.py:188} INFO - [2024-08-08T03:17:36.445+0000] {dag.py:3947} INFO - Setting next_dagrun for example_subdag_operator.section-2 to None, run_after=None
[2024-08-08T03:17:36.452+0000] {logging_mixin.py:188} INFO - [2024-08-08T03:17:36.452+0000] {dag.py:3089} INFO - Sync 2 DAGs
[2024-08-08T03:17:36.461+0000] {logging_mixin.py:188} INFO - [2024-08-08T03:17:36.461+0000] {dag.py:3947} INFO - Setting next_dagrun for example_subdag_operator.section-1 to None, run_after=None
[2024-08-08T03:17:36.462+0000] {logging_mixin.py:188} INFO - [2024-08-08T03:17:36.462+0000] {dag.py:3947} INFO - Setting next_dagrun for example_subdag_operator.section-2 to None, run_after=None
[2024-08-08T03:17:36.486+0000] {processor.py:183} INFO - Processing /home/airflow/.local/lib/python3.12/site-packages/airflow/example_dags/example_subdag_operator.py took 0.100 seconds
[2024-08-08T03:18:07.699+0000] {processor.py:161} INFO - Started process (PID=241) to work on /home/airflow/.local/lib/python3.12/site-packages/airflow/example_dags/example_subdag_operator.py
[2024-08-08T03:18:07.701+0000] {processor.py:830} INFO - Processing file /home/airflow/.local/lib/python3.12/site-packages/airflow/example_dags/example_subdag_operator.py for tasks to queue
[2024-08-08T03:18:07.703+0000] {logging_mixin.py:188} INFO - [2024-08-08T03:18:07.702+0000] {dagbag.py:545} INFO - Filling up the DagBag from /home/airflow/.local/lib/python3.12/site-packages/airflow/example_dags/example_subdag_operator.py
[2024-08-08T03:18:07.725+0000] {processor.py:840} INFO - DAG(s) 'example_subdag_operator.section-1', 'example_subdag_operator.section-2', 'example_subdag_operator' retrieved from /home/airflow/.local/lib/python3.12/site-packages/airflow/example_dags/example_subdag_operator.py
[2024-08-08T03:18:07.827+0000] {logging_mixin.py:188} INFO - [2024-08-08T03:18:07.827+0000] {dag.py:3089} INFO - Sync 3 DAGs
[2024-08-08T03:18:07.844+0000] {logging_mixin.py:188} INFO - [2024-08-08T03:18:07.844+0000] {dag.py:3947} INFO - Setting next_dagrun for example_subdag_operator to 2022-01-01 00:00:00+00:00, run_after=2022-01-01 00:00:00+00:00
[2024-08-08T03:18:07.847+0000] {logging_mixin.py:188} INFO - [2024-08-08T03:18:07.847+0000] {dag.py:3947} INFO - Setting next_dagrun for example_subdag_operator.section-1 to None, run_after=None
[2024-08-08T03:18:07.849+0000] {logging_mixin.py:188} INFO - [2024-08-08T03:18:07.849+0000] {dag.py:3947} INFO - Setting next_dagrun for example_subdag_operator.section-2 to None, run_after=None
[2024-08-08T03:18:07.857+0000] {logging_mixin.py:188} INFO - [2024-08-08T03:18:07.857+0000] {dag.py:3089} INFO - Sync 2 DAGs
[2024-08-08T03:18:07.862+0000] {logging_mixin.py:188} INFO - [2024-08-08T03:18:07.861+0000] {dag.py:3947} INFO - Setting next_dagrun for example_subdag_operator.section-1 to None, run_after=None
[2024-08-08T03:18:07.862+0000] {logging_mixin.py:188} INFO - [2024-08-08T03:18:07.862+0000] {dag.py:3947} INFO - Setting next_dagrun for example_subdag_operator.section-2 to None, run_after=None
[2024-08-08T03:18:07.878+0000] {processor.py:183} INFO - Processing /home/airflow/.local/lib/python3.12/site-packages/airflow/example_dags/example_subdag_operator.py took 0.185 seconds
[2024-08-08T03:18:38.740+0000] {processor.py:161} INFO - Started process (PID=301) to work on /home/airflow/.local/lib/python3.12/site-packages/airflow/example_dags/example_subdag_operator.py
[2024-08-08T03:18:38.744+0000] {processor.py:830} INFO - Processing file /home/airflow/.local/lib/python3.12/site-packages/airflow/example_dags/example_subdag_operator.py for tasks to queue
[2024-08-08T03:18:38.746+0000] {logging_mixin.py:188} INFO - [2024-08-08T03:18:38.746+0000] {dagbag.py:545} INFO - Filling up the DagBag from /home/airflow/.local/lib/python3.12/site-packages/airflow/example_dags/example_subdag_operator.py
[2024-08-08T03:18:38.775+0000] {processor.py:840} INFO - DAG(s) 'example_subdag_operator.section-1', 'example_subdag_operator.section-2', 'example_subdag_operator' retrieved from /home/airflow/.local/lib/python3.12/site-packages/airflow/example_dags/example_subdag_operator.py
[2024-08-08T03:18:38.797+0000] {logging_mixin.py:188} INFO - [2024-08-08T03:18:38.797+0000] {dag.py:3089} INFO - Sync 3 DAGs
[2024-08-08T03:18:38.825+0000] {logging_mixin.py:188} INFO - [2024-08-08T03:18:38.825+0000] {dag.py:3947} INFO - Setting next_dagrun for example_subdag_operator to 2022-01-01 00:00:00+00:00, run_after=2022-01-01 00:00:00+00:00
[2024-08-08T03:18:38.830+0000] {logging_mixin.py:188} INFO - [2024-08-08T03:18:38.830+0000] {dag.py:3947} INFO - Setting next_dagrun for example_subdag_operator.section-1 to None, run_after=None
[2024-08-08T03:18:38.832+0000] {logging_mixin.py:188} INFO - [2024-08-08T03:18:38.832+0000] {dag.py:3947} INFO - Setting next_dagrun for example_subdag_operator.section-2 to None, run_after=None
[2024-08-08T03:18:38.841+0000] {logging_mixin.py:188} INFO - [2024-08-08T03:18:38.841+0000] {dag.py:3089} INFO - Sync 2 DAGs
[2024-08-08T03:18:38.847+0000] {logging_mixin.py:188} INFO - [2024-08-08T03:18:38.846+0000] {dag.py:3947} INFO - Setting next_dagrun for example_subdag_operator.section-1 to None, run_after=None
[2024-08-08T03:18:38.847+0000] {logging_mixin.py:188} INFO - [2024-08-08T03:18:38.847+0000] {dag.py:3947} INFO - Setting next_dagrun for example_subdag_operator.section-2 to None, run_after=None
[2024-08-08T03:18:38.870+0000] {processor.py:183} INFO - Processing /home/airflow/.local/lib/python3.12/site-packages/airflow/example_dags/example_subdag_operator.py took 0.137 seconds
[2024-08-08T03:19:09.059+0000] {processor.py:161} INFO - Started process (PID=359) to work on /home/airflow/.local/lib/python3.12/site-packages/airflow/example_dags/example_subdag_operator.py
[2024-08-08T03:19:09.060+0000] {processor.py:830} INFO - Processing file /home/airflow/.local/lib/python3.12/site-packages/airflow/example_dags/example_subdag_operator.py for tasks to queue
[2024-08-08T03:19:09.062+0000] {logging_mixin.py:188} INFO - [2024-08-08T03:19:09.062+0000] {dagbag.py:545} INFO - Filling up the DagBag from /home/airflow/.local/lib/python3.12/site-packages/airflow/example_dags/example_subdag_operator.py
[2024-08-08T03:19:09.087+0000] {processor.py:840} INFO - DAG(s) 'example_subdag_operator.section-1', 'example_subdag_operator.section-2', 'example_subdag_operator' retrieved from /home/airflow/.local/lib/python3.12/site-packages/airflow/example_dags/example_subdag_operator.py
[2024-08-08T03:19:09.105+0000] {logging_mixin.py:188} INFO - [2024-08-08T03:19:09.105+0000] {dag.py:3089} INFO - Sync 3 DAGs
[2024-08-08T03:19:09.130+0000] {logging_mixin.py:188} INFO - [2024-08-08T03:19:09.130+0000] {dag.py:3947} INFO - Setting next_dagrun for example_subdag_operator to 2022-01-01 00:00:00+00:00, run_after=2022-01-01 00:00:00+00:00
[2024-08-08T03:19:09.135+0000] {logging_mixin.py:188} INFO - [2024-08-08T03:19:09.135+0000] {dag.py:3947} INFO - Setting next_dagrun for example_subdag_operator.section-1 to None, run_after=None
[2024-08-08T03:19:09.137+0000] {logging_mixin.py:188} INFO - [2024-08-08T03:19:09.137+0000] {dag.py:3947} INFO - Setting next_dagrun for example_subdag_operator.section-2 to None, run_after=None
[2024-08-08T03:19:09.144+0000] {logging_mixin.py:188} INFO - [2024-08-08T03:19:09.144+0000] {dag.py:3089} INFO - Sync 2 DAGs
[2024-08-08T03:19:09.151+0000] {logging_mixin.py:188} INFO - [2024-08-08T03:19:09.150+0000] {dag.py:3947} INFO - Setting next_dagrun for example_subdag_operator.section-1 to None, run_after=None
[2024-08-08T03:19:09.152+0000] {logging_mixin.py:188} INFO - [2024-08-08T03:19:09.151+0000] {dag.py:3947} INFO - Setting next_dagrun for example_subdag_operator.section-2 to None, run_after=None
[2024-08-08T03:19:09.169+0000] {processor.py:183} INFO - Processing /home/airflow/.local/lib/python3.12/site-packages/airflow/example_dags/example_subdag_operator.py took 0.116 seconds
[2024-08-08T03:19:40.035+0000] {processor.py:161} INFO - Started process (PID=420) to work on /home/airflow/.local/lib/python3.12/site-packages/airflow/example_dags/example_subdag_operator.py
[2024-08-08T03:19:40.050+0000] {processor.py:830} INFO - Processing file /home/airflow/.local/lib/python3.12/site-packages/airflow/example_dags/example_subdag_operator.py for tasks to queue
[2024-08-08T03:19:40.052+0000] {logging_mixin.py:188} INFO - [2024-08-08T03:19:40.052+0000] {dagbag.py:545} INFO - Filling up the DagBag from /home/airflow/.local/lib/python3.12/site-packages/airflow/example_dags/example_subdag_operator.py
[2024-08-08T03:19:40.106+0000] {processor.py:840} INFO - DAG(s) 'example_subdag_operator.section-1', 'example_subdag_operator.section-2', 'example_subdag_operator' retrieved from /home/airflow/.local/lib/python3.12/site-packages/airflow/example_dags/example_subdag_operator.py
[2024-08-08T03:19:40.161+0000] {logging_mixin.py:188} INFO - [2024-08-08T03:19:40.161+0000] {dag.py:3089} INFO - Sync 3 DAGs
[2024-08-08T03:19:40.224+0000] {logging_mixin.py:188} INFO - [2024-08-08T03:19:40.223+0000] {dag.py:3947} INFO - Setting next_dagrun for example_subdag_operator to 2022-01-01 00:00:00+00:00, run_after=2022-01-01 00:00:00+00:00
[2024-08-08T03:19:40.237+0000] {logging_mixin.py:188} INFO - [2024-08-08T03:19:40.236+0000] {dag.py:3947} INFO - Setting next_dagrun for example_subdag_operator.section-1 to None, run_after=None
[2024-08-08T03:19:40.238+0000] {logging_mixin.py:188} INFO - [2024-08-08T03:19:40.238+0000] {dag.py:3947} INFO - Setting next_dagrun for example_subdag_operator.section-2 to None, run_after=None
[2024-08-08T03:19:40.256+0000] {logging_mixin.py:188} INFO - [2024-08-08T03:19:40.256+0000] {dag.py:3089} INFO - Sync 2 DAGs
[2024-08-08T03:19:40.274+0000] {logging_mixin.py:188} INFO - [2024-08-08T03:19:40.274+0000] {dag.py:3947} INFO - Setting next_dagrun for example_subdag_operator.section-1 to None, run_after=None
[2024-08-08T03:19:40.275+0000] {logging_mixin.py:188} INFO - [2024-08-08T03:19:40.275+0000] {dag.py:3947} INFO - Setting next_dagrun for example_subdag_operator.section-2 to None, run_after=None
[2024-08-08T03:19:40.312+0000] {processor.py:183} INFO - Processing /home/airflow/.local/lib/python3.12/site-packages/airflow/example_dags/example_subdag_operator.py took 0.284 seconds
[2024-08-08T03:20:10.693+0000] {processor.py:161} INFO - Started process (PID=481) to work on /home/airflow/.local/lib/python3.12/site-packages/airflow/example_dags/example_subdag_operator.py
[2024-08-08T03:20:10.695+0000] {processor.py:830} INFO - Processing file /home/airflow/.local/lib/python3.12/site-packages/airflow/example_dags/example_subdag_operator.py for tasks to queue
[2024-08-08T03:20:10.697+0000] {logging_mixin.py:188} INFO - [2024-08-08T03:20:10.696+0000] {dagbag.py:545} INFO - Filling up the DagBag from /home/airflow/.local/lib/python3.12/site-packages/airflow/example_dags/example_subdag_operator.py
[2024-08-08T03:20:10.718+0000] {processor.py:840} INFO - DAG(s) 'example_subdag_operator.section-1', 'example_subdag_operator.section-2', 'example_subdag_operator' retrieved from /home/airflow/.local/lib/python3.12/site-packages/airflow/example_dags/example_subdag_operator.py
[2024-08-08T03:20:10.732+0000] {logging_mixin.py:188} INFO - [2024-08-08T03:20:10.731+0000] {dag.py:3089} INFO - Sync 3 DAGs
[2024-08-08T03:20:10.753+0000] {logging_mixin.py:188} INFO - [2024-08-08T03:20:10.753+0000] {dag.py:3947} INFO - Setting next_dagrun for example_subdag_operator to 2022-01-01 00:00:00+00:00, run_after=2022-01-01 00:00:00+00:00
[2024-08-08T03:20:10.760+0000] {logging_mixin.py:188} INFO - [2024-08-08T03:20:10.760+0000] {dag.py:3947} INFO - Setting next_dagrun for example_subdag_operator.section-1 to None, run_after=None
[2024-08-08T03:20:10.762+0000] {logging_mixin.py:188} INFO - [2024-08-08T03:20:10.761+0000] {dag.py:3947} INFO - Setting next_dagrun for example_subdag_operator.section-2 to None, run_after=None
[2024-08-08T03:20:10.770+0000] {logging_mixin.py:188} INFO - [2024-08-08T03:20:10.768+0000] {dag.py:3089} INFO - Sync 2 DAGs
[2024-08-08T03:20:10.777+0000] {logging_mixin.py:188} INFO - [2024-08-08T03:20:10.776+0000] {dag.py:3947} INFO - Setting next_dagrun for example_subdag_operator.section-1 to None, run_after=None
[2024-08-08T03:20:10.778+0000] {logging_mixin.py:188} INFO - [2024-08-08T03:20:10.778+0000] {dag.py:3947} INFO - Setting next_dagrun for example_subdag_operator.section-2 to None, run_after=None
[2024-08-08T03:20:10.797+0000] {processor.py:183} INFO - Processing /home/airflow/.local/lib/python3.12/site-packages/airflow/example_dags/example_subdag_operator.py took 0.109 seconds
[2024-08-08T03:20:41.537+0000] {processor.py:161} INFO - Started process (PID=541) to work on /home/airflow/.local/lib/python3.12/site-packages/airflow/example_dags/example_subdag_operator.py
[2024-08-08T03:20:41.538+0000] {processor.py:830} INFO - Processing file /home/airflow/.local/lib/python3.12/site-packages/airflow/example_dags/example_subdag_operator.py for tasks to queue
[2024-08-08T03:20:41.540+0000] {logging_mixin.py:188} INFO - [2024-08-08T03:20:41.540+0000] {dagbag.py:545} INFO - Filling up the DagBag from /home/airflow/.local/lib/python3.12/site-packages/airflow/example_dags/example_subdag_operator.py
[2024-08-08T03:20:41.565+0000] {processor.py:840} INFO - DAG(s) 'example_subdag_operator.section-1', 'example_subdag_operator.section-2', 'example_subdag_operator' retrieved from /home/airflow/.local/lib/python3.12/site-packages/airflow/example_dags/example_subdag_operator.py
[2024-08-08T03:20:41.583+0000] {logging_mixin.py:188} INFO - [2024-08-08T03:20:41.583+0000] {dag.py:3089} INFO - Sync 3 DAGs
[2024-08-08T03:20:41.605+0000] {logging_mixin.py:188} INFO - [2024-08-08T03:20:41.605+0000] {dag.py:3947} INFO - Setting next_dagrun for example_subdag_operator to 2022-01-01 00:00:00+00:00, run_after=2022-01-01 00:00:00+00:00
[2024-08-08T03:20:41.609+0000] {logging_mixin.py:188} INFO - [2024-08-08T03:20:41.609+0000] {dag.py:3947} INFO - Setting next_dagrun for example_subdag_operator.section-1 to None, run_after=None
[2024-08-08T03:20:41.610+0000] {logging_mixin.py:188} INFO - [2024-08-08T03:20:41.610+0000] {dag.py:3947} INFO - Setting next_dagrun for example_subdag_operator.section-2 to None, run_after=None
[2024-08-08T03:20:41.616+0000] {logging_mixin.py:188} INFO - [2024-08-08T03:20:41.616+0000] {dag.py:3089} INFO - Sync 2 DAGs
[2024-08-08T03:20:41.621+0000] {logging_mixin.py:188} INFO - [2024-08-08T03:20:41.621+0000] {dag.py:3947} INFO - Setting next_dagrun for example_subdag_operator.section-1 to None, run_after=None
[2024-08-08T03:20:41.622+0000] {logging_mixin.py:188} INFO - [2024-08-08T03:20:41.622+0000] {dag.py:3947} INFO - Setting next_dagrun for example_subdag_operator.section-2 to None, run_after=None
[2024-08-08T03:20:41.639+0000] {processor.py:183} INFO - Processing /home/airflow/.local/lib/python3.12/site-packages/airflow/example_dags/example_subdag_operator.py took 0.108 seconds
[2024-08-08T03:21:11.874+0000] {processor.py:161} INFO - Started process (PID=601) to work on /home/airflow/.local/lib/python3.12/site-packages/airflow/example_dags/example_subdag_operator.py
[2024-08-08T03:21:11.875+0000] {processor.py:830} INFO - Processing file /home/airflow/.local/lib/python3.12/site-packages/airflow/example_dags/example_subdag_operator.py for tasks to queue
[2024-08-08T03:21:11.878+0000] {logging_mixin.py:188} INFO - [2024-08-08T03:21:11.878+0000] {dagbag.py:545} INFO - Filling up the DagBag from /home/airflow/.local/lib/python3.12/site-packages/airflow/example_dags/example_subdag_operator.py
[2024-08-08T03:21:11.904+0000] {processor.py:840} INFO - DAG(s) 'example_subdag_operator.section-1', 'example_subdag_operator.section-2', 'example_subdag_operator' retrieved from /home/airflow/.local/lib/python3.12/site-packages/airflow/example_dags/example_subdag_operator.py
[2024-08-08T03:21:11.921+0000] {logging_mixin.py:188} INFO - [2024-08-08T03:21:11.920+0000] {dag.py:3089} INFO - Sync 3 DAGs
[2024-08-08T03:21:11.945+0000] {logging_mixin.py:188} INFO - [2024-08-08T03:21:11.945+0000] {dag.py:3947} INFO - Setting next_dagrun for example_subdag_operator to 2022-01-01 00:00:00+00:00, run_after=2022-01-01 00:00:00+00:00
[2024-08-08T03:21:11.950+0000] {logging_mixin.py:188} INFO - [2024-08-08T03:21:11.950+0000] {dag.py:3947} INFO - Setting next_dagrun for example_subdag_operator.section-1 to None, run_after=None
[2024-08-08T03:21:11.951+0000] {logging_mixin.py:188} INFO - [2024-08-08T03:21:11.951+0000] {dag.py:3947} INFO - Setting next_dagrun for example_subdag_operator.section-2 to None, run_after=None
[2024-08-08T03:21:11.959+0000] {logging_mixin.py:188} INFO - [2024-08-08T03:21:11.959+0000] {dag.py:3089} INFO - Sync 2 DAGs
[2024-08-08T03:21:11.964+0000] {logging_mixin.py:188} INFO - [2024-08-08T03:21:11.964+0000] {dag.py:3947} INFO - Setting next_dagrun for example_subdag_operator.section-1 to None, run_after=None
[2024-08-08T03:21:11.965+0000] {logging_mixin.py:188} INFO - [2024-08-08T03:21:11.964+0000] {dag.py:3947} INFO - Setting next_dagrun for example_subdag_operator.section-2 to None, run_after=None
[2024-08-08T03:21:11.981+0000] {processor.py:183} INFO - Processing /home/airflow/.local/lib/python3.12/site-packages/airflow/example_dags/example_subdag_operator.py took 0.114 seconds
