[2024-08-08T03:16:25.703+0000] {processor.py:161} INFO - Started process (PID=73) to work on /home/airflow/.local/lib/python3.12/site-packages/airflow/example_dags/example_python_operator.py
[2024-08-08T03:16:25.704+0000] {processor.py:830} INFO - Processing file /home/airflow/.local/lib/python3.12/site-packages/airflow/example_dags/example_python_operator.py for tasks to queue
[2024-08-08T03:16:25.705+0000] {logging_mixin.py:188} INFO - [2024-08-08T03:16:25.705+0000] {dagbag.py:545} INFO - Filling up the DagBag from /home/airflow/.local/lib/python3.12/site-packages/airflow/example_dags/example_python_operator.py
[2024-08-08T03:16:25.838+0000] {processor.py:840} INFO - DAG(s) 'example_python_operator' retrieved from /home/airflow/.local/lib/python3.12/site-packages/airflow/example_dags/example_python_operator.py
[2024-08-08T03:16:25.943+0000] {logging_mixin.py:188} INFO - [2024-08-08T03:16:25.943+0000] {dag.py:3089} INFO - Sync 1 DAGs
[2024-08-08T03:16:25.954+0000] {logging_mixin.py:188} INFO - [2024-08-08T03:16:25.954+0000] {dag.py:3947} INFO - Setting next_dagrun for example_python_operator to None, run_after=None
[2024-08-08T03:16:26.140+0000] {processor.py:183} INFO - Processing /home/airflow/.local/lib/python3.12/site-packages/airflow/example_dags/example_python_operator.py took 0.454 seconds
[2024-08-08T03:17:08.988+0000] {processor.py:161} INFO - Started process (PID=133) to work on /home/airflow/.local/lib/python3.12/site-packages/airflow/example_dags/example_python_operator.py
[2024-08-08T03:17:08.993+0000] {processor.py:830} INFO - Processing file /home/airflow/.local/lib/python3.12/site-packages/airflow/example_dags/example_python_operator.py for tasks to queue
[2024-08-08T03:17:08.995+0000] {logging_mixin.py:188} INFO - [2024-08-08T03:17:08.995+0000] {dagbag.py:545} INFO - Filling up the DagBag from /home/airflow/.local/lib/python3.12/site-packages/airflow/example_dags/example_python_operator.py
[2024-08-08T03:17:09.007+0000] {processor.py:840} INFO - DAG(s) 'example_python_operator' retrieved from /home/airflow/.local/lib/python3.12/site-packages/airflow/example_dags/example_python_operator.py
[2024-08-08T03:17:09.039+0000] {logging_mixin.py:188} INFO - [2024-08-08T03:17:09.039+0000] {dag.py:3089} INFO - Sync 1 DAGs
[2024-08-08T03:17:09.054+0000] {logging_mixin.py:188} INFO - [2024-08-08T03:17:09.054+0000] {dag.py:3947} INFO - Setting next_dagrun for example_python_operator to None, run_after=None
[2024-08-08T03:17:09.176+0000] {processor.py:183} INFO - Processing /home/airflow/.local/lib/python3.12/site-packages/airflow/example_dags/example_python_operator.py took 0.194 seconds
[2024-08-08T03:17:39.701+0000] {processor.py:161} INFO - Started process (PID=192) to work on /home/airflow/.local/lib/python3.12/site-packages/airflow/example_dags/example_python_operator.py
[2024-08-08T03:17:39.703+0000] {processor.py:830} INFO - Processing file /home/airflow/.local/lib/python3.12/site-packages/airflow/example_dags/example_python_operator.py for tasks to queue
[2024-08-08T03:17:39.705+0000] {logging_mixin.py:188} INFO - [2024-08-08T03:17:39.704+0000] {dagbag.py:545} INFO - Filling up the DagBag from /home/airflow/.local/lib/python3.12/site-packages/airflow/example_dags/example_python_operator.py
[2024-08-08T03:17:39.718+0000] {processor.py:840} INFO - DAG(s) 'example_python_operator' retrieved from /home/airflow/.local/lib/python3.12/site-packages/airflow/example_dags/example_python_operator.py
[2024-08-08T03:17:39.735+0000] {logging_mixin.py:188} INFO - [2024-08-08T03:17:39.735+0000] {dag.py:3089} INFO - Sync 1 DAGs
[2024-08-08T03:17:39.753+0000] {logging_mixin.py:188} INFO - [2024-08-08T03:17:39.753+0000] {dag.py:3947} INFO - Setting next_dagrun for example_python_operator to None, run_after=None
[2024-08-08T03:17:39.876+0000] {processor.py:183} INFO - Processing /home/airflow/.local/lib/python3.12/site-packages/airflow/example_dags/example_python_operator.py took 0.182 seconds
[2024-08-08T03:18:10.089+0000] {processor.py:161} INFO - Started process (PID=252) to work on /home/airflow/.local/lib/python3.12/site-packages/airflow/example_dags/example_python_operator.py
[2024-08-08T03:18:10.090+0000] {processor.py:830} INFO - Processing file /home/airflow/.local/lib/python3.12/site-packages/airflow/example_dags/example_python_operator.py for tasks to queue
[2024-08-08T03:18:10.092+0000] {logging_mixin.py:188} INFO - [2024-08-08T03:18:10.092+0000] {dagbag.py:545} INFO - Filling up the DagBag from /home/airflow/.local/lib/python3.12/site-packages/airflow/example_dags/example_python_operator.py
[2024-08-08T03:18:10.102+0000] {processor.py:840} INFO - DAG(s) 'example_python_operator' retrieved from /home/airflow/.local/lib/python3.12/site-packages/airflow/example_dags/example_python_operator.py
[2024-08-08T03:18:10.195+0000] {logging_mixin.py:188} INFO - [2024-08-08T03:18:10.194+0000] {dag.py:3089} INFO - Sync 1 DAGs
[2024-08-08T03:18:10.205+0000] {logging_mixin.py:188} INFO - [2024-08-08T03:18:10.205+0000] {dag.py:3947} INFO - Setting next_dagrun for example_python_operator to None, run_after=None
[2024-08-08T03:18:10.233+0000] {processor.py:183} INFO - Processing /home/airflow/.local/lib/python3.12/site-packages/airflow/example_dags/example_python_operator.py took 0.149 seconds
[2024-08-08T03:18:40.728+0000] {processor.py:161} INFO - Started process (PID=312) to work on /home/airflow/.local/lib/python3.12/site-packages/airflow/example_dags/example_python_operator.py
[2024-08-08T03:18:40.729+0000] {processor.py:830} INFO - Processing file /home/airflow/.local/lib/python3.12/site-packages/airflow/example_dags/example_python_operator.py for tasks to queue
[2024-08-08T03:18:40.732+0000] {logging_mixin.py:188} INFO - [2024-08-08T03:18:40.731+0000] {dagbag.py:545} INFO - Filling up the DagBag from /home/airflow/.local/lib/python3.12/site-packages/airflow/example_dags/example_python_operator.py
[2024-08-08T03:18:40.745+0000] {processor.py:840} INFO - DAG(s) 'example_python_operator' retrieved from /home/airflow/.local/lib/python3.12/site-packages/airflow/example_dags/example_python_operator.py
[2024-08-08T03:18:40.764+0000] {logging_mixin.py:188} INFO - [2024-08-08T03:18:40.764+0000] {dag.py:3089} INFO - Sync 1 DAGs
[2024-08-08T03:18:40.776+0000] {logging_mixin.py:188} INFO - [2024-08-08T03:18:40.775+0000] {dag.py:3947} INFO - Setting next_dagrun for example_python_operator to None, run_after=None
[2024-08-08T03:18:40.805+0000] {processor.py:183} INFO - Processing /home/airflow/.local/lib/python3.12/site-packages/airflow/example_dags/example_python_operator.py took 0.084 seconds
[2024-08-08T03:19:11.526+0000] {processor.py:161} INFO - Started process (PID=372) to work on /home/airflow/.local/lib/python3.12/site-packages/airflow/example_dags/example_python_operator.py
[2024-08-08T03:19:11.531+0000] {processor.py:830} INFO - Processing file /home/airflow/.local/lib/python3.12/site-packages/airflow/example_dags/example_python_operator.py for tasks to queue
[2024-08-08T03:19:11.534+0000] {logging_mixin.py:188} INFO - [2024-08-08T03:19:11.534+0000] {dagbag.py:545} INFO - Filling up the DagBag from /home/airflow/.local/lib/python3.12/site-packages/airflow/example_dags/example_python_operator.py
[2024-08-08T03:19:11.550+0000] {processor.py:840} INFO - DAG(s) 'example_python_operator' retrieved from /home/airflow/.local/lib/python3.12/site-packages/airflow/example_dags/example_python_operator.py
[2024-08-08T03:19:11.582+0000] {logging_mixin.py:188} INFO - [2024-08-08T03:19:11.582+0000] {dag.py:3089} INFO - Sync 1 DAGs
[2024-08-08T03:19:11.597+0000] {logging_mixin.py:188} INFO - [2024-08-08T03:19:11.597+0000] {dag.py:3947} INFO - Setting next_dagrun for example_python_operator to None, run_after=None
[2024-08-08T03:19:11.748+0000] {processor.py:183} INFO - Processing /home/airflow/.local/lib/python3.12/site-packages/airflow/example_dags/example_python_operator.py took 0.230 seconds
[2024-08-08T03:19:42.565+0000] {processor.py:161} INFO - Started process (PID=433) to work on /home/airflow/.local/lib/python3.12/site-packages/airflow/example_dags/example_python_operator.py
[2024-08-08T03:19:42.589+0000] {processor.py:830} INFO - Processing file /home/airflow/.local/lib/python3.12/site-packages/airflow/example_dags/example_python_operator.py for tasks to queue
[2024-08-08T03:19:42.595+0000] {logging_mixin.py:188} INFO - [2024-08-08T03:19:42.594+0000] {dagbag.py:545} INFO - Filling up the DagBag from /home/airflow/.local/lib/python3.12/site-packages/airflow/example_dags/example_python_operator.py
[2024-08-08T03:19:42.632+0000] {processor.py:840} INFO - DAG(s) 'example_python_operator' retrieved from /home/airflow/.local/lib/python3.12/site-packages/airflow/example_dags/example_python_operator.py
[2024-08-08T03:19:42.678+0000] {logging_mixin.py:188} INFO - [2024-08-08T03:19:42.678+0000] {dag.py:3089} INFO - Sync 1 DAGs
[2024-08-08T03:19:42.707+0000] {logging_mixin.py:188} INFO - [2024-08-08T03:19:42.707+0000] {dag.py:3947} INFO - Setting next_dagrun for example_python_operator to None, run_after=None
[2024-08-08T03:19:42.760+0000] {processor.py:183} INFO - Processing /home/airflow/.local/lib/python3.12/site-packages/airflow/example_dags/example_python_operator.py took 0.219 seconds
[2024-08-08T03:20:12.809+0000] {processor.py:161} INFO - Started process (PID=492) to work on /home/airflow/.local/lib/python3.12/site-packages/airflow/example_dags/example_python_operator.py
[2024-08-08T03:20:12.812+0000] {processor.py:830} INFO - Processing file /home/airflow/.local/lib/python3.12/site-packages/airflow/example_dags/example_python_operator.py for tasks to queue
[2024-08-08T03:20:12.814+0000] {logging_mixin.py:188} INFO - [2024-08-08T03:20:12.813+0000] {dagbag.py:545} INFO - Filling up the DagBag from /home/airflow/.local/lib/python3.12/site-packages/airflow/example_dags/example_python_operator.py
[2024-08-08T03:20:12.833+0000] {processor.py:840} INFO - DAG(s) 'example_python_operator' retrieved from /home/airflow/.local/lib/python3.12/site-packages/airflow/example_dags/example_python_operator.py
[2024-08-08T03:20:12.879+0000] {logging_mixin.py:188} INFO - [2024-08-08T03:20:12.879+0000] {dag.py:3089} INFO - Sync 1 DAGs
[2024-08-08T03:20:12.955+0000] {logging_mixin.py:188} INFO - [2024-08-08T03:20:12.954+0000] {dag.py:3947} INFO - Setting next_dagrun for example_python_operator to None, run_after=None
[2024-08-08T03:20:13.089+0000] {processor.py:183} INFO - Processing /home/airflow/.local/lib/python3.12/site-packages/airflow/example_dags/example_python_operator.py took 0.286 seconds
[2024-08-08T03:20:43.736+0000] {processor.py:161} INFO - Started process (PID=552) to work on /home/airflow/.local/lib/python3.12/site-packages/airflow/example_dags/example_python_operator.py
[2024-08-08T03:20:43.737+0000] {processor.py:830} INFO - Processing file /home/airflow/.local/lib/python3.12/site-packages/airflow/example_dags/example_python_operator.py for tasks to queue
[2024-08-08T03:20:43.739+0000] {logging_mixin.py:188} INFO - [2024-08-08T03:20:43.739+0000] {dagbag.py:545} INFO - Filling up the DagBag from /home/airflow/.local/lib/python3.12/site-packages/airflow/example_dags/example_python_operator.py
[2024-08-08T03:20:43.750+0000] {processor.py:840} INFO - DAG(s) 'example_python_operator' retrieved from /home/airflow/.local/lib/python3.12/site-packages/airflow/example_dags/example_python_operator.py
[2024-08-08T03:20:43.782+0000] {logging_mixin.py:188} INFO - [2024-08-08T03:20:43.782+0000] {dag.py:3089} INFO - Sync 1 DAGs
[2024-08-08T03:20:43.804+0000] {logging_mixin.py:188} INFO - [2024-08-08T03:20:43.804+0000] {dag.py:3947} INFO - Setting next_dagrun for example_python_operator to None, run_after=None
[2024-08-08T03:20:43.826+0000] {processor.py:183} INFO - Processing /home/airflow/.local/lib/python3.12/site-packages/airflow/example_dags/example_python_operator.py took 0.097 seconds
[2024-08-08T03:21:14.596+0000] {processor.py:161} INFO - Started process (PID=612) to work on /home/airflow/.local/lib/python3.12/site-packages/airflow/example_dags/example_python_operator.py
[2024-08-08T03:21:14.597+0000] {processor.py:830} INFO - Processing file /home/airflow/.local/lib/python3.12/site-packages/airflow/example_dags/example_python_operator.py for tasks to queue
[2024-08-08T03:21:14.599+0000] {logging_mixin.py:188} INFO - [2024-08-08T03:21:14.598+0000] {dagbag.py:545} INFO - Filling up the DagBag from /home/airflow/.local/lib/python3.12/site-packages/airflow/example_dags/example_python_operator.py
[2024-08-08T03:21:14.613+0000] {processor.py:840} INFO - DAG(s) 'example_python_operator' retrieved from /home/airflow/.local/lib/python3.12/site-packages/airflow/example_dags/example_python_operator.py
[2024-08-08T03:21:14.636+0000] {logging_mixin.py:188} INFO - [2024-08-08T03:21:14.636+0000] {dag.py:3089} INFO - Sync 1 DAGs
[2024-08-08T03:21:14.650+0000] {logging_mixin.py:188} INFO - [2024-08-08T03:21:14.650+0000] {dag.py:3947} INFO - Setting next_dagrun for example_python_operator to None, run_after=None
[2024-08-08T03:21:14.681+0000] {processor.py:183} INFO - Processing /home/airflow/.local/lib/python3.12/site-packages/airflow/example_dags/example_python_operator.py took 0.092 seconds
