[2024-08-08T03:16:34.303+0000] {processor.py:161} INFO - Started process (PID=88) to work on /home/airflow/.local/lib/python3.12/site-packages/airflow/example_dags/example_datasets.py
[2024-08-08T03:16:34.328+0000] {processor.py:830} INFO - Processing file /home/airflow/.local/lib/python3.12/site-packages/airflow/example_dags/example_datasets.py for tasks to queue
[2024-08-08T03:16:34.358+0000] {logging_mixin.py:188} INFO - [2024-08-08T03:16:34.356+0000] {dagbag.py:545} INFO - Filling up the DagBag from /home/airflow/.local/lib/python3.12/site-packages/airflow/example_dags/example_datasets.py
[2024-08-08T03:16:34.726+0000] {processor.py:840} INFO - DAG(s) 'dataset_consumes_unknown_never_scheduled', 'dataset_consumes_1_never_scheduled', 'consume_1_and_2_with_dataset_expressions', 'consume_1_or_2_with_dataset_expressions', 'dataset_produces_2', 'dataset_produces_1', 'conditional_dataset_and_time_based_timetable', 'dataset_consumes_1_and_2', 'dataset_consumes_1', 'consume_1_or_both_2_and_3_with_dataset_expressions' retrieved from /home/airflow/.local/lib/python3.12/site-packages/airflow/example_dags/example_datasets.py
[2024-08-08T03:16:35.793+0000] {logging_mixin.py:188} INFO - [2024-08-08T03:16:35.793+0000] {dag.py:3089} INFO - Sync 10 DAGs
[2024-08-08T03:16:39.572+0000] {logging_mixin.py:188} INFO - [2024-08-08T03:16:39.571+0000] {dag.py:3947} INFO - Setting next_dagrun for conditional_dataset_and_time_based_timetable to 2024-08-07 01:00:00+00:00, run_after=2024-08-07 01:00:00+00:00
[2024-08-08T03:16:39.631+0000] {logging_mixin.py:188} INFO - [2024-08-08T03:16:39.629+0000] {dag.py:3947} INFO - Setting next_dagrun for consume_1_and_2_with_dataset_expressions to None, run_after=None
[2024-08-08T03:16:39.638+0000] {logging_mixin.py:188} INFO - [2024-08-08T03:16:39.637+0000] {dag.py:3947} INFO - Setting next_dagrun for consume_1_or_2_with_dataset_expressions to None, run_after=None
[2024-08-08T03:16:39.649+0000] {logging_mixin.py:188} INFO - [2024-08-08T03:16:39.649+0000] {dag.py:3947} INFO - Setting next_dagrun for consume_1_or_both_2_and_3_with_dataset_expressions to None, run_after=None
[2024-08-08T03:16:39.654+0000] {logging_mixin.py:188} INFO - [2024-08-08T03:16:39.654+0000] {dag.py:3947} INFO - Setting next_dagrun for dataset_consumes_1 to None, run_after=None
[2024-08-08T03:16:39.663+0000] {logging_mixin.py:188} INFO - [2024-08-08T03:16:39.663+0000] {dag.py:3947} INFO - Setting next_dagrun for dataset_consumes_1_and_2 to None, run_after=None
[2024-08-08T03:16:39.682+0000] {logging_mixin.py:188} INFO - [2024-08-08T03:16:39.682+0000] {dag.py:3947} INFO - Setting next_dagrun for dataset_consumes_1_never_scheduled to None, run_after=None
[2024-08-08T03:16:39.702+0000] {logging_mixin.py:188} INFO - [2024-08-08T03:16:39.702+0000] {dag.py:3947} INFO - Setting next_dagrun for dataset_consumes_unknown_never_scheduled to None, run_after=None
[2024-08-08T03:16:39.707+0000] {logging_mixin.py:188} INFO - [2024-08-08T03:16:39.707+0000] {dag.py:3947} INFO - Setting next_dagrun for dataset_produces_1 to 2024-08-07 00:00:00+00:00, run_after=2024-08-08 00:00:00+00:00
[2024-08-08T03:16:39.722+0000] {logging_mixin.py:188} INFO - [2024-08-08T03:16:39.722+0000] {dag.py:3947} INFO - Setting next_dagrun for dataset_produces_2 to None, run_after=None
[2024-08-08T03:16:39.960+0000] {processor.py:183} INFO - Processing /home/airflow/.local/lib/python3.12/site-packages/airflow/example_dags/example_datasets.py took 5.906 seconds
[2024-08-08T03:17:12.826+0000] {processor.py:161} INFO - Started process (PID=148) to work on /home/airflow/.local/lib/python3.12/site-packages/airflow/example_dags/example_datasets.py
[2024-08-08T03:17:12.830+0000] {processor.py:830} INFO - Processing file /home/airflow/.local/lib/python3.12/site-packages/airflow/example_dags/example_datasets.py for tasks to queue
[2024-08-08T03:17:12.833+0000] {logging_mixin.py:188} INFO - [2024-08-08T03:17:12.832+0000] {dagbag.py:545} INFO - Filling up the DagBag from /home/airflow/.local/lib/python3.12/site-packages/airflow/example_dags/example_datasets.py
[2024-08-08T03:17:12.849+0000] {processor.py:840} INFO - DAG(s) 'dataset_consumes_unknown_never_scheduled', 'consume_1_and_2_with_dataset_expressions', 'dataset_consumes_1_never_scheduled', 'dataset_produces_1', 'conditional_dataset_and_time_based_timetable', 'dataset_consumes_1_and_2', 'consume_1_or_both_2_and_3_with_dataset_expressions', 'consume_1_or_2_with_dataset_expressions', 'dataset_consumes_1', 'dataset_produces_2' retrieved from /home/airflow/.local/lib/python3.12/site-packages/airflow/example_dags/example_datasets.py
[2024-08-08T03:17:12.921+0000] {logging_mixin.py:188} INFO - [2024-08-08T03:17:12.921+0000] {dag.py:3089} INFO - Sync 10 DAGs
[2024-08-08T03:17:12.965+0000] {logging_mixin.py:188} INFO - [2024-08-08T03:17:12.965+0000] {dag.py:3947} INFO - Setting next_dagrun for conditional_dataset_and_time_based_timetable to 2024-08-07 01:00:00+00:00, run_after=2024-08-07 01:00:00+00:00
[2024-08-08T03:17:12.980+0000] {logging_mixin.py:188} INFO - [2024-08-08T03:17:12.980+0000] {dag.py:3947} INFO - Setting next_dagrun for consume_1_and_2_with_dataset_expressions to None, run_after=None
[2024-08-08T03:17:12.984+0000] {logging_mixin.py:188} INFO - [2024-08-08T03:17:12.983+0000] {dag.py:3947} INFO - Setting next_dagrun for consume_1_or_2_with_dataset_expressions to None, run_after=None
[2024-08-08T03:17:12.986+0000] {logging_mixin.py:188} INFO - [2024-08-08T03:17:12.986+0000] {dag.py:3947} INFO - Setting next_dagrun for consume_1_or_both_2_and_3_with_dataset_expressions to None, run_after=None
[2024-08-08T03:17:12.988+0000] {logging_mixin.py:188} INFO - [2024-08-08T03:17:12.988+0000] {dag.py:3947} INFO - Setting next_dagrun for dataset_consumes_1 to None, run_after=None
[2024-08-08T03:17:12.992+0000] {logging_mixin.py:188} INFO - [2024-08-08T03:17:12.992+0000] {dag.py:3947} INFO - Setting next_dagrun for dataset_consumes_1_and_2 to None, run_after=None
[2024-08-08T03:17:12.998+0000] {logging_mixin.py:188} INFO - [2024-08-08T03:17:12.998+0000] {dag.py:3947} INFO - Setting next_dagrun for dataset_consumes_1_never_scheduled to None, run_after=None
[2024-08-08T03:17:12.999+0000] {logging_mixin.py:188} INFO - [2024-08-08T03:17:12.999+0000] {dag.py:3947} INFO - Setting next_dagrun for dataset_consumes_unknown_never_scheduled to None, run_after=None
[2024-08-08T03:17:13.005+0000] {logging_mixin.py:188} INFO - [2024-08-08T03:17:13.005+0000] {dag.py:3947} INFO - Setting next_dagrun for dataset_produces_1 to 2024-08-07 00:00:00+00:00, run_after=2024-08-08 00:00:00+00:00
[2024-08-08T03:17:13.006+0000] {logging_mixin.py:188} INFO - [2024-08-08T03:17:13.006+0000] {dag.py:3947} INFO - Setting next_dagrun for dataset_produces_2 to None, run_after=None
[2024-08-08T03:17:13.121+0000] {processor.py:183} INFO - Processing /home/airflow/.local/lib/python3.12/site-packages/airflow/example_dags/example_datasets.py took 0.301 seconds
[2024-08-08T03:17:43.433+0000] {processor.py:161} INFO - Started process (PID=208) to work on /home/airflow/.local/lib/python3.12/site-packages/airflow/example_dags/example_datasets.py
[2024-08-08T03:17:43.435+0000] {processor.py:830} INFO - Processing file /home/airflow/.local/lib/python3.12/site-packages/airflow/example_dags/example_datasets.py for tasks to queue
[2024-08-08T03:17:43.437+0000] {logging_mixin.py:188} INFO - [2024-08-08T03:17:43.436+0000] {dagbag.py:545} INFO - Filling up the DagBag from /home/airflow/.local/lib/python3.12/site-packages/airflow/example_dags/example_datasets.py
[2024-08-08T03:17:43.452+0000] {processor.py:840} INFO - DAG(s) 'dataset_consumes_1_and_2', 'dataset_produces_2', 'consume_1_or_both_2_and_3_with_dataset_expressions', 'dataset_consumes_1_never_scheduled', 'conditional_dataset_and_time_based_timetable', 'dataset_produces_1', 'dataset_consumes_unknown_never_scheduled', 'consume_1_or_2_with_dataset_expressions', 'dataset_consumes_1', 'consume_1_and_2_with_dataset_expressions' retrieved from /home/airflow/.local/lib/python3.12/site-packages/airflow/example_dags/example_datasets.py
[2024-08-08T03:17:43.736+0000] {logging_mixin.py:188} INFO - [2024-08-08T03:17:43.735+0000] {dag.py:3089} INFO - Sync 10 DAGs
[2024-08-08T03:17:43.756+0000] {logging_mixin.py:188} INFO - [2024-08-08T03:17:43.756+0000] {dag.py:3947} INFO - Setting next_dagrun for conditional_dataset_and_time_based_timetable to 2024-08-07 01:00:00+00:00, run_after=2024-08-07 01:00:00+00:00
[2024-08-08T03:17:43.760+0000] {logging_mixin.py:188} INFO - [2024-08-08T03:17:43.760+0000] {dag.py:3947} INFO - Setting next_dagrun for consume_1_and_2_with_dataset_expressions to None, run_after=None
[2024-08-08T03:17:43.761+0000] {logging_mixin.py:188} INFO - [2024-08-08T03:17:43.761+0000] {dag.py:3947} INFO - Setting next_dagrun for consume_1_or_2_with_dataset_expressions to None, run_after=None
[2024-08-08T03:17:43.763+0000] {logging_mixin.py:188} INFO - [2024-08-08T03:17:43.763+0000] {dag.py:3947} INFO - Setting next_dagrun for consume_1_or_both_2_and_3_with_dataset_expressions to None, run_after=None
[2024-08-08T03:17:43.766+0000] {logging_mixin.py:188} INFO - [2024-08-08T03:17:43.765+0000] {dag.py:3947} INFO - Setting next_dagrun for dataset_consumes_1 to None, run_after=None
[2024-08-08T03:17:43.767+0000] {logging_mixin.py:188} INFO - [2024-08-08T03:17:43.767+0000] {dag.py:3947} INFO - Setting next_dagrun for dataset_consumes_1_and_2 to None, run_after=None
[2024-08-08T03:17:43.769+0000] {logging_mixin.py:188} INFO - [2024-08-08T03:17:43.769+0000] {dag.py:3947} INFO - Setting next_dagrun for dataset_consumes_1_never_scheduled to None, run_after=None
[2024-08-08T03:17:43.771+0000] {logging_mixin.py:188} INFO - [2024-08-08T03:17:43.771+0000] {dag.py:3947} INFO - Setting next_dagrun for dataset_consumes_unknown_never_scheduled to None, run_after=None
[2024-08-08T03:17:43.773+0000] {logging_mixin.py:188} INFO - [2024-08-08T03:17:43.773+0000] {dag.py:3947} INFO - Setting next_dagrun for dataset_produces_1 to 2024-08-07 00:00:00+00:00, run_after=2024-08-08 00:00:00+00:00
[2024-08-08T03:17:43.775+0000] {logging_mixin.py:188} INFO - [2024-08-08T03:17:43.775+0000] {dag.py:3947} INFO - Setting next_dagrun for dataset_produces_2 to None, run_after=None
[2024-08-08T03:17:43.845+0000] {processor.py:183} INFO - Processing /home/airflow/.local/lib/python3.12/site-packages/airflow/example_dags/example_datasets.py took 0.418 seconds
[2024-08-08T03:18:13.956+0000] {processor.py:161} INFO - Started process (PID=269) to work on /home/airflow/.local/lib/python3.12/site-packages/airflow/example_dags/example_datasets.py
[2024-08-08T03:18:13.957+0000] {processor.py:830} INFO - Processing file /home/airflow/.local/lib/python3.12/site-packages/airflow/example_dags/example_datasets.py for tasks to queue
[2024-08-08T03:18:13.959+0000] {logging_mixin.py:188} INFO - [2024-08-08T03:18:13.959+0000] {dagbag.py:545} INFO - Filling up the DagBag from /home/airflow/.local/lib/python3.12/site-packages/airflow/example_dags/example_datasets.py
[2024-08-08T03:18:13.975+0000] {processor.py:840} INFO - DAG(s) 'dataset_produces_1', 'consume_1_or_2_with_dataset_expressions', 'dataset_consumes_1_and_2', 'consume_1_and_2_with_dataset_expressions', 'consume_1_or_both_2_and_3_with_dataset_expressions', 'dataset_consumes_unknown_never_scheduled', 'dataset_consumes_1_never_scheduled', 'conditional_dataset_and_time_based_timetable', 'dataset_consumes_1', 'dataset_produces_2' retrieved from /home/airflow/.local/lib/python3.12/site-packages/airflow/example_dags/example_datasets.py
[2024-08-08T03:18:14.026+0000] {logging_mixin.py:188} INFO - [2024-08-08T03:18:14.026+0000] {dag.py:3089} INFO - Sync 10 DAGs
[2024-08-08T03:18:14.053+0000] {logging_mixin.py:188} INFO - [2024-08-08T03:18:14.053+0000] {dag.py:3947} INFO - Setting next_dagrun for conditional_dataset_and_time_based_timetable to 2024-08-07 01:00:00+00:00, run_after=2024-08-07 01:00:00+00:00
[2024-08-08T03:18:14.057+0000] {logging_mixin.py:188} INFO - [2024-08-08T03:18:14.056+0000] {dag.py:3947} INFO - Setting next_dagrun for consume_1_and_2_with_dataset_expressions to None, run_after=None
[2024-08-08T03:18:14.058+0000] {logging_mixin.py:188} INFO - [2024-08-08T03:18:14.058+0000] {dag.py:3947} INFO - Setting next_dagrun for consume_1_or_2_with_dataset_expressions to None, run_after=None
[2024-08-08T03:18:14.060+0000] {logging_mixin.py:188} INFO - [2024-08-08T03:18:14.059+0000] {dag.py:3947} INFO - Setting next_dagrun for consume_1_or_both_2_and_3_with_dataset_expressions to None, run_after=None
[2024-08-08T03:18:14.061+0000] {logging_mixin.py:188} INFO - [2024-08-08T03:18:14.061+0000] {dag.py:3947} INFO - Setting next_dagrun for dataset_consumes_1 to None, run_after=None
[2024-08-08T03:18:14.062+0000] {logging_mixin.py:188} INFO - [2024-08-08T03:18:14.062+0000] {dag.py:3947} INFO - Setting next_dagrun for dataset_consumes_1_and_2 to None, run_after=None
[2024-08-08T03:18:14.064+0000] {logging_mixin.py:188} INFO - [2024-08-08T03:18:14.064+0000] {dag.py:3947} INFO - Setting next_dagrun for dataset_consumes_1_never_scheduled to None, run_after=None
[2024-08-08T03:18:14.066+0000] {logging_mixin.py:188} INFO - [2024-08-08T03:18:14.065+0000] {dag.py:3947} INFO - Setting next_dagrun for dataset_consumes_unknown_never_scheduled to None, run_after=None
[2024-08-08T03:18:14.069+0000] {logging_mixin.py:188} INFO - [2024-08-08T03:18:14.069+0000] {dag.py:3947} INFO - Setting next_dagrun for dataset_produces_1 to 2024-08-07 00:00:00+00:00, run_after=2024-08-08 00:00:00+00:00
[2024-08-08T03:18:14.071+0000] {logging_mixin.py:188} INFO - [2024-08-08T03:18:14.071+0000] {dag.py:3947} INFO - Setting next_dagrun for dataset_produces_2 to None, run_after=None
[2024-08-08T03:18:14.109+0000] {processor.py:183} INFO - Processing /home/airflow/.local/lib/python3.12/site-packages/airflow/example_dags/example_datasets.py took 0.160 seconds
[2024-08-08T03:18:44.180+0000] {processor.py:161} INFO - Started process (PID=329) to work on /home/airflow/.local/lib/python3.12/site-packages/airflow/example_dags/example_datasets.py
[2024-08-08T03:18:44.182+0000] {processor.py:830} INFO - Processing file /home/airflow/.local/lib/python3.12/site-packages/airflow/example_dags/example_datasets.py for tasks to queue
[2024-08-08T03:18:44.184+0000] {logging_mixin.py:188} INFO - [2024-08-08T03:18:44.183+0000] {dagbag.py:545} INFO - Filling up the DagBag from /home/airflow/.local/lib/python3.12/site-packages/airflow/example_dags/example_datasets.py
[2024-08-08T03:18:44.199+0000] {processor.py:840} INFO - DAG(s) 'consume_1_or_2_with_dataset_expressions', 'dataset_consumes_1_and_2', 'dataset_consumes_1_never_scheduled', 'dataset_consumes_unknown_never_scheduled', 'dataset_consumes_1', 'dataset_produces_1', 'conditional_dataset_and_time_based_timetable', 'consume_1_and_2_with_dataset_expressions', 'dataset_produces_2', 'consume_1_or_both_2_and_3_with_dataset_expressions' retrieved from /home/airflow/.local/lib/python3.12/site-packages/airflow/example_dags/example_datasets.py
[2024-08-08T03:18:44.248+0000] {logging_mixin.py:188} INFO - [2024-08-08T03:18:44.248+0000] {dag.py:3089} INFO - Sync 10 DAGs
[2024-08-08T03:18:44.271+0000] {logging_mixin.py:188} INFO - [2024-08-08T03:18:44.271+0000] {dag.py:3947} INFO - Setting next_dagrun for conditional_dataset_and_time_based_timetable to 2024-08-07 01:00:00+00:00, run_after=2024-08-07 01:00:00+00:00
[2024-08-08T03:18:44.276+0000] {logging_mixin.py:188} INFO - [2024-08-08T03:18:44.276+0000] {dag.py:3947} INFO - Setting next_dagrun for consume_1_and_2_with_dataset_expressions to None, run_after=None
[2024-08-08T03:18:44.278+0000] {logging_mixin.py:188} INFO - [2024-08-08T03:18:44.277+0000] {dag.py:3947} INFO - Setting next_dagrun for consume_1_or_2_with_dataset_expressions to None, run_after=None
[2024-08-08T03:18:44.279+0000] {logging_mixin.py:188} INFO - [2024-08-08T03:18:44.279+0000] {dag.py:3947} INFO - Setting next_dagrun for consume_1_or_both_2_and_3_with_dataset_expressions to None, run_after=None
[2024-08-08T03:18:44.280+0000] {logging_mixin.py:188} INFO - [2024-08-08T03:18:44.280+0000] {dag.py:3947} INFO - Setting next_dagrun for dataset_consumes_1 to None, run_after=None
[2024-08-08T03:18:44.282+0000] {logging_mixin.py:188} INFO - [2024-08-08T03:18:44.282+0000] {dag.py:3947} INFO - Setting next_dagrun for dataset_consumes_1_and_2 to None, run_after=None
[2024-08-08T03:18:44.283+0000] {logging_mixin.py:188} INFO - [2024-08-08T03:18:44.283+0000] {dag.py:3947} INFO - Setting next_dagrun for dataset_consumes_1_never_scheduled to None, run_after=None
[2024-08-08T03:18:44.284+0000] {logging_mixin.py:188} INFO - [2024-08-08T03:18:44.284+0000] {dag.py:3947} INFO - Setting next_dagrun for dataset_consumes_unknown_never_scheduled to None, run_after=None
[2024-08-08T03:18:44.287+0000] {logging_mixin.py:188} INFO - [2024-08-08T03:18:44.287+0000] {dag.py:3947} INFO - Setting next_dagrun for dataset_produces_1 to 2024-08-07 00:00:00+00:00, run_after=2024-08-08 00:00:00+00:00
[2024-08-08T03:18:44.289+0000] {logging_mixin.py:188} INFO - [2024-08-08T03:18:44.289+0000] {dag.py:3947} INFO - Setting next_dagrun for dataset_produces_2 to None, run_after=None
[2024-08-08T03:18:44.327+0000] {processor.py:183} INFO - Processing /home/airflow/.local/lib/python3.12/site-packages/airflow/example_dags/example_datasets.py took 0.154 seconds
[2024-08-08T03:19:14.790+0000] {processor.py:161} INFO - Started process (PID=389) to work on /home/airflow/.local/lib/python3.12/site-packages/airflow/example_dags/example_datasets.py
[2024-08-08T03:19:14.798+0000] {processor.py:830} INFO - Processing file /home/airflow/.local/lib/python3.12/site-packages/airflow/example_dags/example_datasets.py for tasks to queue
[2024-08-08T03:19:14.801+0000] {logging_mixin.py:188} INFO - [2024-08-08T03:19:14.800+0000] {dagbag.py:545} INFO - Filling up the DagBag from /home/airflow/.local/lib/python3.12/site-packages/airflow/example_dags/example_datasets.py
[2024-08-08T03:19:14.819+0000] {processor.py:840} INFO - DAG(s) 'dataset_consumes_1_and_2', 'dataset_produces_1', 'dataset_produces_2', 'conditional_dataset_and_time_based_timetable', 'consume_1_or_both_2_and_3_with_dataset_expressions', 'dataset_consumes_unknown_never_scheduled', 'consume_1_or_2_with_dataset_expressions', 'dataset_consumes_1_never_scheduled', 'consume_1_and_2_with_dataset_expressions', 'dataset_consumes_1' retrieved from /home/airflow/.local/lib/python3.12/site-packages/airflow/example_dags/example_datasets.py
[2024-08-08T03:19:14.885+0000] {logging_mixin.py:188} INFO - [2024-08-08T03:19:14.885+0000] {dag.py:3089} INFO - Sync 10 DAGs
[2024-08-08T03:19:14.910+0000] {logging_mixin.py:188} INFO - [2024-08-08T03:19:14.910+0000] {dag.py:3947} INFO - Setting next_dagrun for conditional_dataset_and_time_based_timetable to 2024-08-07 01:00:00+00:00, run_after=2024-08-07 01:00:00+00:00
[2024-08-08T03:19:14.915+0000] {logging_mixin.py:188} INFO - [2024-08-08T03:19:14.915+0000] {dag.py:3947} INFO - Setting next_dagrun for consume_1_and_2_with_dataset_expressions to None, run_after=None
[2024-08-08T03:19:14.916+0000] {logging_mixin.py:188} INFO - [2024-08-08T03:19:14.916+0000] {dag.py:3947} INFO - Setting next_dagrun for consume_1_or_2_with_dataset_expressions to None, run_after=None
[2024-08-08T03:19:14.918+0000] {logging_mixin.py:188} INFO - [2024-08-08T03:19:14.918+0000] {dag.py:3947} INFO - Setting next_dagrun for consume_1_or_both_2_and_3_with_dataset_expressions to None, run_after=None
[2024-08-08T03:19:14.919+0000] {logging_mixin.py:188} INFO - [2024-08-08T03:19:14.919+0000] {dag.py:3947} INFO - Setting next_dagrun for dataset_consumes_1 to None, run_after=None
[2024-08-08T03:19:14.921+0000] {logging_mixin.py:188} INFO - [2024-08-08T03:19:14.921+0000] {dag.py:3947} INFO - Setting next_dagrun for dataset_consumes_1_and_2 to None, run_after=None
[2024-08-08T03:19:14.922+0000] {logging_mixin.py:188} INFO - [2024-08-08T03:19:14.922+0000] {dag.py:3947} INFO - Setting next_dagrun for dataset_consumes_1_never_scheduled to None, run_after=None
[2024-08-08T03:19:14.924+0000] {logging_mixin.py:188} INFO - [2024-08-08T03:19:14.923+0000] {dag.py:3947} INFO - Setting next_dagrun for dataset_consumes_unknown_never_scheduled to None, run_after=None
[2024-08-08T03:19:14.926+0000] {logging_mixin.py:188} INFO - [2024-08-08T03:19:14.926+0000] {dag.py:3947} INFO - Setting next_dagrun for dataset_produces_1 to 2024-08-07 00:00:00+00:00, run_after=2024-08-08 00:00:00+00:00
[2024-08-08T03:19:14.928+0000] {logging_mixin.py:188} INFO - [2024-08-08T03:19:14.927+0000] {dag.py:3947} INFO - Setting next_dagrun for dataset_produces_2 to None, run_after=None
[2024-08-08T03:19:15.081+0000] {processor.py:183} INFO - Processing /home/airflow/.local/lib/python3.12/site-packages/airflow/example_dags/example_datasets.py took 0.296 seconds
[2024-08-08T03:19:45.723+0000] {processor.py:161} INFO - Started process (PID=449) to work on /home/airflow/.local/lib/python3.12/site-packages/airflow/example_dags/example_datasets.py
[2024-08-08T03:19:45.724+0000] {processor.py:830} INFO - Processing file /home/airflow/.local/lib/python3.12/site-packages/airflow/example_dags/example_datasets.py for tasks to queue
[2024-08-08T03:19:45.727+0000] {logging_mixin.py:188} INFO - [2024-08-08T03:19:45.727+0000] {dagbag.py:545} INFO - Filling up the DagBag from /home/airflow/.local/lib/python3.12/site-packages/airflow/example_dags/example_datasets.py
[2024-08-08T03:19:45.741+0000] {processor.py:840} INFO - DAG(s) 'conditional_dataset_and_time_based_timetable', 'dataset_consumes_unknown_never_scheduled', 'consume_1_or_2_with_dataset_expressions', 'consume_1_or_both_2_and_3_with_dataset_expressions', 'dataset_produces_2', 'dataset_produces_1', 'dataset_consumes_1_and_2', 'dataset_consumes_1', 'consume_1_and_2_with_dataset_expressions', 'dataset_consumes_1_never_scheduled' retrieved from /home/airflow/.local/lib/python3.12/site-packages/airflow/example_dags/example_datasets.py
[2024-08-08T03:19:45.789+0000] {logging_mixin.py:188} INFO - [2024-08-08T03:19:45.788+0000] {dag.py:3089} INFO - Sync 10 DAGs
[2024-08-08T03:19:45.822+0000] {logging_mixin.py:188} INFO - [2024-08-08T03:19:45.821+0000] {dag.py:3947} INFO - Setting next_dagrun for conditional_dataset_and_time_based_timetable to 2024-08-07 01:00:00+00:00, run_after=2024-08-07 01:00:00+00:00
[2024-08-08T03:19:45.827+0000] {logging_mixin.py:188} INFO - [2024-08-08T03:19:45.826+0000] {dag.py:3947} INFO - Setting next_dagrun for consume_1_and_2_with_dataset_expressions to None, run_after=None
[2024-08-08T03:19:45.828+0000] {logging_mixin.py:188} INFO - [2024-08-08T03:19:45.828+0000] {dag.py:3947} INFO - Setting next_dagrun for consume_1_or_2_with_dataset_expressions to None, run_after=None
[2024-08-08T03:19:45.830+0000] {logging_mixin.py:188} INFO - [2024-08-08T03:19:45.830+0000] {dag.py:3947} INFO - Setting next_dagrun for consume_1_or_both_2_and_3_with_dataset_expressions to None, run_after=None
[2024-08-08T03:19:45.831+0000] {logging_mixin.py:188} INFO - [2024-08-08T03:19:45.831+0000] {dag.py:3947} INFO - Setting next_dagrun for dataset_consumes_1 to None, run_after=None
[2024-08-08T03:19:45.833+0000] {logging_mixin.py:188} INFO - [2024-08-08T03:19:45.833+0000] {dag.py:3947} INFO - Setting next_dagrun for dataset_consumes_1_and_2 to None, run_after=None
[2024-08-08T03:19:45.834+0000] {logging_mixin.py:188} INFO - [2024-08-08T03:19:45.834+0000] {dag.py:3947} INFO - Setting next_dagrun for dataset_consumes_1_never_scheduled to None, run_after=None
[2024-08-08T03:19:45.836+0000] {logging_mixin.py:188} INFO - [2024-08-08T03:19:45.836+0000] {dag.py:3947} INFO - Setting next_dagrun for dataset_consumes_unknown_never_scheduled to None, run_after=None
[2024-08-08T03:19:45.839+0000] {logging_mixin.py:188} INFO - [2024-08-08T03:19:45.839+0000] {dag.py:3947} INFO - Setting next_dagrun for dataset_produces_1 to 2024-08-07 00:00:00+00:00, run_after=2024-08-08 00:00:00+00:00
[2024-08-08T03:19:45.841+0000] {logging_mixin.py:188} INFO - [2024-08-08T03:19:45.841+0000] {dag.py:3947} INFO - Setting next_dagrun for dataset_produces_2 to None, run_after=None
[2024-08-08T03:19:45.896+0000] {processor.py:183} INFO - Processing /home/airflow/.local/lib/python3.12/site-packages/airflow/example_dags/example_datasets.py took 0.179 seconds
[2024-08-08T03:20:16.542+0000] {processor.py:161} INFO - Started process (PID=510) to work on /home/airflow/.local/lib/python3.12/site-packages/airflow/example_dags/example_datasets.py
[2024-08-08T03:20:16.544+0000] {processor.py:830} INFO - Processing file /home/airflow/.local/lib/python3.12/site-packages/airflow/example_dags/example_datasets.py for tasks to queue
[2024-08-08T03:20:16.550+0000] {logging_mixin.py:188} INFO - [2024-08-08T03:20:16.549+0000] {dagbag.py:545} INFO - Filling up the DagBag from /home/airflow/.local/lib/python3.12/site-packages/airflow/example_dags/example_datasets.py
[2024-08-08T03:20:16.601+0000] {processor.py:840} INFO - DAG(s) 'dataset_produces_2', 'dataset_consumes_unknown_never_scheduled', 'dataset_consumes_1_and_2', 'dataset_consumes_1_never_scheduled', 'consume_1_or_both_2_and_3_with_dataset_expressions', 'consume_1_and_2_with_dataset_expressions', 'dataset_consumes_1', 'dataset_produces_1', 'conditional_dataset_and_time_based_timetable', 'consume_1_or_2_with_dataset_expressions' retrieved from /home/airflow/.local/lib/python3.12/site-packages/airflow/example_dags/example_datasets.py
[2024-08-08T03:20:16.744+0000] {logging_mixin.py:188} INFO - [2024-08-08T03:20:16.744+0000] {dag.py:3089} INFO - Sync 10 DAGs
[2024-08-08T03:20:16.776+0000] {logging_mixin.py:188} INFO - [2024-08-08T03:20:16.776+0000] {dag.py:3947} INFO - Setting next_dagrun for conditional_dataset_and_time_based_timetable to 2024-08-07 01:00:00+00:00, run_after=2024-08-07 01:00:00+00:00
[2024-08-08T03:20:16.793+0000] {logging_mixin.py:188} INFO - [2024-08-08T03:20:16.793+0000] {dag.py:3947} INFO - Setting next_dagrun for consume_1_and_2_with_dataset_expressions to None, run_after=None
[2024-08-08T03:20:16.795+0000] {logging_mixin.py:188} INFO - [2024-08-08T03:20:16.795+0000] {dag.py:3947} INFO - Setting next_dagrun for consume_1_or_2_with_dataset_expressions to None, run_after=None
[2024-08-08T03:20:16.806+0000] {logging_mixin.py:188} INFO - [2024-08-08T03:20:16.806+0000] {dag.py:3947} INFO - Setting next_dagrun for consume_1_or_both_2_and_3_with_dataset_expressions to None, run_after=None
[2024-08-08T03:20:16.808+0000] {logging_mixin.py:188} INFO - [2024-08-08T03:20:16.808+0000] {dag.py:3947} INFO - Setting next_dagrun for dataset_consumes_1 to None, run_after=None
[2024-08-08T03:20:16.809+0000] {logging_mixin.py:188} INFO - [2024-08-08T03:20:16.809+0000] {dag.py:3947} INFO - Setting next_dagrun for dataset_consumes_1_and_2 to None, run_after=None
[2024-08-08T03:20:16.811+0000] {logging_mixin.py:188} INFO - [2024-08-08T03:20:16.811+0000] {dag.py:3947} INFO - Setting next_dagrun for dataset_consumes_1_never_scheduled to None, run_after=None
[2024-08-08T03:20:16.812+0000] {logging_mixin.py:188} INFO - [2024-08-08T03:20:16.812+0000] {dag.py:3947} INFO - Setting next_dagrun for dataset_consumes_unknown_never_scheduled to None, run_after=None
[2024-08-08T03:20:16.816+0000] {logging_mixin.py:188} INFO - [2024-08-08T03:20:16.816+0000] {dag.py:3947} INFO - Setting next_dagrun for dataset_produces_1 to 2024-08-07 00:00:00+00:00, run_after=2024-08-08 00:00:00+00:00
[2024-08-08T03:20:16.819+0000] {logging_mixin.py:188} INFO - [2024-08-08T03:20:16.818+0000] {dag.py:3947} INFO - Setting next_dagrun for dataset_produces_2 to None, run_after=None
[2024-08-08T03:20:16.876+0000] {processor.py:183} INFO - Processing /home/airflow/.local/lib/python3.12/site-packages/airflow/example_dags/example_datasets.py took 0.346 seconds
[2024-08-08T03:20:47.571+0000] {processor.py:161} INFO - Started process (PID=570) to work on /home/airflow/.local/lib/python3.12/site-packages/airflow/example_dags/example_datasets.py
[2024-08-08T03:20:47.583+0000] {processor.py:830} INFO - Processing file /home/airflow/.local/lib/python3.12/site-packages/airflow/example_dags/example_datasets.py for tasks to queue
[2024-08-08T03:20:47.593+0000] {logging_mixin.py:188} INFO - [2024-08-08T03:20:47.592+0000] {dagbag.py:545} INFO - Filling up the DagBag from /home/airflow/.local/lib/python3.12/site-packages/airflow/example_dags/example_datasets.py
[2024-08-08T03:20:47.637+0000] {processor.py:840} INFO - DAG(s) 'consume_1_or_2_with_dataset_expressions', 'consume_1_or_both_2_and_3_with_dataset_expressions', 'dataset_consumes_unknown_never_scheduled', 'conditional_dataset_and_time_based_timetable', 'consume_1_and_2_with_dataset_expressions', 'dataset_consumes_1_and_2', 'dataset_produces_1', 'dataset_consumes_1_never_scheduled', 'dataset_produces_2', 'dataset_consumes_1' retrieved from /home/airflow/.local/lib/python3.12/site-packages/airflow/example_dags/example_datasets.py
[2024-08-08T03:20:47.765+0000] {logging_mixin.py:188} INFO - [2024-08-08T03:20:47.765+0000] {dag.py:3089} INFO - Sync 10 DAGs
[2024-08-08T03:20:47.859+0000] {logging_mixin.py:188} INFO - [2024-08-08T03:20:47.858+0000] {dag.py:3947} INFO - Setting next_dagrun for conditional_dataset_and_time_based_timetable to 2024-08-07 01:00:00+00:00, run_after=2024-08-07 01:00:00+00:00
[2024-08-08T03:20:47.870+0000] {logging_mixin.py:188} INFO - [2024-08-08T03:20:47.870+0000] {dag.py:3947} INFO - Setting next_dagrun for consume_1_and_2_with_dataset_expressions to None, run_after=None
[2024-08-08T03:20:47.872+0000] {logging_mixin.py:188} INFO - [2024-08-08T03:20:47.872+0000] {dag.py:3947} INFO - Setting next_dagrun for consume_1_or_2_with_dataset_expressions to None, run_after=None
[2024-08-08T03:20:47.873+0000] {logging_mixin.py:188} INFO - [2024-08-08T03:20:47.873+0000] {dag.py:3947} INFO - Setting next_dagrun for consume_1_or_both_2_and_3_with_dataset_expressions to None, run_after=None
[2024-08-08T03:20:47.876+0000] {logging_mixin.py:188} INFO - [2024-08-08T03:20:47.875+0000] {dag.py:3947} INFO - Setting next_dagrun for dataset_consumes_1 to None, run_after=None
[2024-08-08T03:20:47.891+0000] {logging_mixin.py:188} INFO - [2024-08-08T03:20:47.891+0000] {dag.py:3947} INFO - Setting next_dagrun for dataset_consumes_1_and_2 to None, run_after=None
[2024-08-08T03:20:47.907+0000] {logging_mixin.py:188} INFO - [2024-08-08T03:20:47.907+0000] {dag.py:3947} INFO - Setting next_dagrun for dataset_consumes_1_never_scheduled to None, run_after=None
[2024-08-08T03:20:47.909+0000] {logging_mixin.py:188} INFO - [2024-08-08T03:20:47.909+0000] {dag.py:3947} INFO - Setting next_dagrun for dataset_consumes_unknown_never_scheduled to None, run_after=None
[2024-08-08T03:20:47.919+0000] {logging_mixin.py:188} INFO - [2024-08-08T03:20:47.918+0000] {dag.py:3947} INFO - Setting next_dagrun for dataset_produces_1 to 2024-08-07 00:00:00+00:00, run_after=2024-08-08 00:00:00+00:00
[2024-08-08T03:20:47.920+0000] {logging_mixin.py:188} INFO - [2024-08-08T03:20:47.920+0000] {dag.py:3947} INFO - Setting next_dagrun for dataset_produces_2 to None, run_after=None
[2024-08-08T03:20:48.010+0000] {processor.py:183} INFO - Processing /home/airflow/.local/lib/python3.12/site-packages/airflow/example_dags/example_datasets.py took 0.444 seconds
[2024-08-08T03:21:18.164+0000] {processor.py:161} INFO - Started process (PID=630) to work on /home/airflow/.local/lib/python3.12/site-packages/airflow/example_dags/example_datasets.py
[2024-08-08T03:21:18.165+0000] {processor.py:830} INFO - Processing file /home/airflow/.local/lib/python3.12/site-packages/airflow/example_dags/example_datasets.py for tasks to queue
[2024-08-08T03:21:18.167+0000] {logging_mixin.py:188} INFO - [2024-08-08T03:21:18.167+0000] {dagbag.py:545} INFO - Filling up the DagBag from /home/airflow/.local/lib/python3.12/site-packages/airflow/example_dags/example_datasets.py
[2024-08-08T03:21:18.179+0000] {processor.py:840} INFO - DAG(s) 'consume_1_or_2_with_dataset_expressions', 'dataset_consumes_1_and_2', 'conditional_dataset_and_time_based_timetable', 'dataset_consumes_1', 'consume_1_or_both_2_and_3_with_dataset_expressions', 'dataset_consumes_1_never_scheduled', 'consume_1_and_2_with_dataset_expressions', 'dataset_produces_2', 'dataset_consumes_unknown_never_scheduled', 'dataset_produces_1' retrieved from /home/airflow/.local/lib/python3.12/site-packages/airflow/example_dags/example_datasets.py
[2024-08-08T03:21:18.225+0000] {logging_mixin.py:188} INFO - [2024-08-08T03:21:18.225+0000] {dag.py:3089} INFO - Sync 10 DAGs
[2024-08-08T03:21:18.251+0000] {logging_mixin.py:188} INFO - [2024-08-08T03:21:18.251+0000] {dag.py:3947} INFO - Setting next_dagrun for conditional_dataset_and_time_based_timetable to 2024-08-07 01:00:00+00:00, run_after=2024-08-07 01:00:00+00:00
[2024-08-08T03:21:18.256+0000] {logging_mixin.py:188} INFO - [2024-08-08T03:21:18.256+0000] {dag.py:3947} INFO - Setting next_dagrun for consume_1_and_2_with_dataset_expressions to None, run_after=None
[2024-08-08T03:21:18.258+0000] {logging_mixin.py:188} INFO - [2024-08-08T03:21:18.258+0000] {dag.py:3947} INFO - Setting next_dagrun for consume_1_or_2_with_dataset_expressions to None, run_after=None
[2024-08-08T03:21:18.260+0000] {logging_mixin.py:188} INFO - [2024-08-08T03:21:18.259+0000] {dag.py:3947} INFO - Setting next_dagrun for consume_1_or_both_2_and_3_with_dataset_expressions to None, run_after=None
[2024-08-08T03:21:18.261+0000] {logging_mixin.py:188} INFO - [2024-08-08T03:21:18.261+0000] {dag.py:3947} INFO - Setting next_dagrun for dataset_consumes_1 to None, run_after=None
[2024-08-08T03:21:18.263+0000] {logging_mixin.py:188} INFO - [2024-08-08T03:21:18.263+0000] {dag.py:3947} INFO - Setting next_dagrun for dataset_consumes_1_and_2 to None, run_after=None
[2024-08-08T03:21:18.264+0000] {logging_mixin.py:188} INFO - [2024-08-08T03:21:18.264+0000] {dag.py:3947} INFO - Setting next_dagrun for dataset_consumes_1_never_scheduled to None, run_after=None
[2024-08-08T03:21:18.266+0000] {logging_mixin.py:188} INFO - [2024-08-08T03:21:18.266+0000] {dag.py:3947} INFO - Setting next_dagrun for dataset_consumes_unknown_never_scheduled to None, run_after=None
[2024-08-08T03:21:18.268+0000] {logging_mixin.py:188} INFO - [2024-08-08T03:21:18.268+0000] {dag.py:3947} INFO - Setting next_dagrun for dataset_produces_1 to 2024-08-07 00:00:00+00:00, run_after=2024-08-08 00:00:00+00:00
[2024-08-08T03:21:18.270+0000] {logging_mixin.py:188} INFO - [2024-08-08T03:21:18.270+0000] {dag.py:3947} INFO - Setting next_dagrun for dataset_produces_2 to None, run_after=None
[2024-08-08T03:21:18.312+0000] {processor.py:183} INFO - Processing /home/airflow/.local/lib/python3.12/site-packages/airflow/example_dags/example_datasets.py took 0.153 seconds
