[2024-08-08T03:16:27.548+0000] {processor.py:161} INFO - Started process (PID=80) to work on /home/airflow/.local/lib/python3.12/site-packages/airflow/example_dags/example_task_group_decorator.py
[2024-08-08T03:16:27.550+0000] {processor.py:830} INFO - Processing file /home/airflow/.local/lib/python3.12/site-packages/airflow/example_dags/example_task_group_decorator.py for tasks to queue
[2024-08-08T03:16:27.555+0000] {logging_mixin.py:188} INFO - [2024-08-08T03:16:27.555+0000] {dagbag.py:545} INFO - Filling up the DagBag from /home/airflow/.local/lib/python3.12/site-packages/airflow/example_dags/example_task_group_decorator.py
[2024-08-08T03:16:27.618+0000] {processor.py:840} INFO - DAG(s) 'example_task_group_decorator' retrieved from /home/airflow/.local/lib/python3.12/site-packages/airflow/example_dags/example_task_group_decorator.py
[2024-08-08T03:16:27.755+0000] {logging_mixin.py:188} INFO - [2024-08-08T03:16:27.752+0000] {dag.py:3089} INFO - Sync 1 DAGs
[2024-08-08T03:16:27.823+0000] {logging_mixin.py:188} INFO - [2024-08-08T03:16:27.823+0000] {dag.py:3947} INFO - Setting next_dagrun for example_task_group_decorator to 2024-08-07 00:00:00+00:00, run_after=2024-08-08 00:00:00+00:00
[2024-08-08T03:16:28.025+0000] {processor.py:183} INFO - Processing /home/airflow/.local/lib/python3.12/site-packages/airflow/example_dags/example_task_group_decorator.py took 0.497 seconds
[2024-08-08T03:17:10.541+0000] {processor.py:161} INFO - Started process (PID=140) to work on /home/airflow/.local/lib/python3.12/site-packages/airflow/example_dags/example_task_group_decorator.py
[2024-08-08T03:17:10.549+0000] {processor.py:830} INFO - Processing file /home/airflow/.local/lib/python3.12/site-packages/airflow/example_dags/example_task_group_decorator.py for tasks to queue
[2024-08-08T03:17:10.552+0000] {logging_mixin.py:188} INFO - [2024-08-08T03:17:10.552+0000] {dagbag.py:545} INFO - Filling up the DagBag from /home/airflow/.local/lib/python3.12/site-packages/airflow/example_dags/example_task_group_decorator.py
[2024-08-08T03:17:10.569+0000] {processor.py:840} INFO - DAG(s) 'example_task_group_decorator' retrieved from /home/airflow/.local/lib/python3.12/site-packages/airflow/example_dags/example_task_group_decorator.py
[2024-08-08T03:17:10.601+0000] {logging_mixin.py:188} INFO - [2024-08-08T03:17:10.600+0000] {dag.py:3089} INFO - Sync 1 DAGs
[2024-08-08T03:17:10.626+0000] {logging_mixin.py:188} INFO - [2024-08-08T03:17:10.625+0000] {dag.py:3947} INFO - Setting next_dagrun for example_task_group_decorator to 2024-08-07 00:00:00+00:00, run_after=2024-08-08 00:00:00+00:00
[2024-08-08T03:17:10.723+0000] {processor.py:183} INFO - Processing /home/airflow/.local/lib/python3.12/site-packages/airflow/example_dags/example_task_group_decorator.py took 0.188 seconds
[2024-08-08T03:17:41.598+0000] {processor.py:161} INFO - Started process (PID=199) to work on /home/airflow/.local/lib/python3.12/site-packages/airflow/example_dags/example_task_group_decorator.py
[2024-08-08T03:17:41.599+0000] {processor.py:830} INFO - Processing file /home/airflow/.local/lib/python3.12/site-packages/airflow/example_dags/example_task_group_decorator.py for tasks to queue
[2024-08-08T03:17:41.602+0000] {logging_mixin.py:188} INFO - [2024-08-08T03:17:41.601+0000] {dagbag.py:545} INFO - Filling up the DagBag from /home/airflow/.local/lib/python3.12/site-packages/airflow/example_dags/example_task_group_decorator.py
[2024-08-08T03:17:41.618+0000] {processor.py:840} INFO - DAG(s) 'example_task_group_decorator' retrieved from /home/airflow/.local/lib/python3.12/site-packages/airflow/example_dags/example_task_group_decorator.py
[2024-08-08T03:17:41.629+0000] {logging_mixin.py:188} INFO - [2024-08-08T03:17:41.629+0000] {dag.py:3089} INFO - Sync 1 DAGs
[2024-08-08T03:17:41.658+0000] {logging_mixin.py:188} INFO - [2024-08-08T03:17:41.657+0000] {dag.py:3947} INFO - Setting next_dagrun for example_task_group_decorator to 2024-08-07 00:00:00+00:00, run_after=2024-08-08 00:00:00+00:00
[2024-08-08T03:17:41.704+0000] {processor.py:183} INFO - Processing /home/airflow/.local/lib/python3.12/site-packages/airflow/example_dags/example_task_group_decorator.py took 0.113 seconds
[2024-08-08T03:18:11.844+0000] {processor.py:161} INFO - Started process (PID=259) to work on /home/airflow/.local/lib/python3.12/site-packages/airflow/example_dags/example_task_group_decorator.py
[2024-08-08T03:18:11.845+0000] {processor.py:830} INFO - Processing file /home/airflow/.local/lib/python3.12/site-packages/airflow/example_dags/example_task_group_decorator.py for tasks to queue
[2024-08-08T03:18:11.847+0000] {logging_mixin.py:188} INFO - [2024-08-08T03:18:11.847+0000] {dagbag.py:545} INFO - Filling up the DagBag from /home/airflow/.local/lib/python3.12/site-packages/airflow/example_dags/example_task_group_decorator.py
[2024-08-08T03:18:11.861+0000] {processor.py:840} INFO - DAG(s) 'example_task_group_decorator' retrieved from /home/airflow/.local/lib/python3.12/site-packages/airflow/example_dags/example_task_group_decorator.py
[2024-08-08T03:18:11.981+0000] {logging_mixin.py:188} INFO - [2024-08-08T03:18:11.981+0000] {dag.py:3089} INFO - Sync 1 DAGs
[2024-08-08T03:18:12.000+0000] {logging_mixin.py:188} INFO - [2024-08-08T03:18:12.000+0000] {dag.py:3947} INFO - Setting next_dagrun for example_task_group_decorator to 2024-08-07 00:00:00+00:00, run_after=2024-08-08 00:00:00+00:00
[2024-08-08T03:18:12.029+0000] {processor.py:183} INFO - Processing /home/airflow/.local/lib/python3.12/site-packages/airflow/example_dags/example_task_group_decorator.py took 0.191 seconds
[2024-08-08T03:18:42.215+0000] {processor.py:161} INFO - Started process (PID=319) to work on /home/airflow/.local/lib/python3.12/site-packages/airflow/example_dags/example_task_group_decorator.py
[2024-08-08T03:18:42.217+0000] {processor.py:830} INFO - Processing file /home/airflow/.local/lib/python3.12/site-packages/airflow/example_dags/example_task_group_decorator.py for tasks to queue
[2024-08-08T03:18:42.219+0000] {logging_mixin.py:188} INFO - [2024-08-08T03:18:42.219+0000] {dagbag.py:545} INFO - Filling up the DagBag from /home/airflow/.local/lib/python3.12/site-packages/airflow/example_dags/example_task_group_decorator.py
[2024-08-08T03:18:42.242+0000] {processor.py:840} INFO - DAG(s) 'example_task_group_decorator' retrieved from /home/airflow/.local/lib/python3.12/site-packages/airflow/example_dags/example_task_group_decorator.py
[2024-08-08T03:18:42.266+0000] {logging_mixin.py:188} INFO - [2024-08-08T03:18:42.266+0000] {dag.py:3089} INFO - Sync 1 DAGs
[2024-08-08T03:18:42.287+0000] {logging_mixin.py:188} INFO - [2024-08-08T03:18:42.287+0000] {dag.py:3947} INFO - Setting next_dagrun for example_task_group_decorator to 2024-08-07 00:00:00+00:00, run_after=2024-08-08 00:00:00+00:00
[2024-08-08T03:18:42.310+0000] {processor.py:183} INFO - Processing /home/airflow/.local/lib/python3.12/site-packages/airflow/example_dags/example_task_group_decorator.py took 0.101 seconds
[2024-08-08T03:19:12.446+0000] {processor.py:161} INFO - Started process (PID=379) to work on /home/airflow/.local/lib/python3.12/site-packages/airflow/example_dags/example_task_group_decorator.py
[2024-08-08T03:19:12.448+0000] {processor.py:830} INFO - Processing file /home/airflow/.local/lib/python3.12/site-packages/airflow/example_dags/example_task_group_decorator.py for tasks to queue
[2024-08-08T03:19:12.451+0000] {logging_mixin.py:188} INFO - [2024-08-08T03:19:12.450+0000] {dagbag.py:545} INFO - Filling up the DagBag from /home/airflow/.local/lib/python3.12/site-packages/airflow/example_dags/example_task_group_decorator.py
[2024-08-08T03:19:12.467+0000] {processor.py:840} INFO - DAG(s) 'example_task_group_decorator' retrieved from /home/airflow/.local/lib/python3.12/site-packages/airflow/example_dags/example_task_group_decorator.py
[2024-08-08T03:19:12.499+0000] {logging_mixin.py:188} INFO - [2024-08-08T03:19:12.499+0000] {dag.py:3089} INFO - Sync 1 DAGs
[2024-08-08T03:19:12.522+0000] {logging_mixin.py:188} INFO - [2024-08-08T03:19:12.522+0000] {dag.py:3947} INFO - Setting next_dagrun for example_task_group_decorator to 2024-08-07 00:00:00+00:00, run_after=2024-08-08 00:00:00+00:00
[2024-08-08T03:19:12.617+0000] {processor.py:183} INFO - Processing /home/airflow/.local/lib/python3.12/site-packages/airflow/example_dags/example_task_group_decorator.py took 0.178 seconds
[2024-08-08T03:19:43.106+0000] {processor.py:161} INFO - Started process (PID=440) to work on /home/airflow/.local/lib/python3.12/site-packages/airflow/example_dags/example_task_group_decorator.py
[2024-08-08T03:19:43.107+0000] {processor.py:830} INFO - Processing file /home/airflow/.local/lib/python3.12/site-packages/airflow/example_dags/example_task_group_decorator.py for tasks to queue
[2024-08-08T03:19:43.110+0000] {logging_mixin.py:188} INFO - [2024-08-08T03:19:43.110+0000] {dagbag.py:545} INFO - Filling up the DagBag from /home/airflow/.local/lib/python3.12/site-packages/airflow/example_dags/example_task_group_decorator.py
[2024-08-08T03:19:43.123+0000] {processor.py:840} INFO - DAG(s) 'example_task_group_decorator' retrieved from /home/airflow/.local/lib/python3.12/site-packages/airflow/example_dags/example_task_group_decorator.py
[2024-08-08T03:19:43.148+0000] {logging_mixin.py:188} INFO - [2024-08-08T03:19:43.147+0000] {dag.py:3089} INFO - Sync 1 DAGs
[2024-08-08T03:19:43.169+0000] {logging_mixin.py:188} INFO - [2024-08-08T03:19:43.169+0000] {dag.py:3947} INFO - Setting next_dagrun for example_task_group_decorator to 2024-08-07 00:00:00+00:00, run_after=2024-08-08 00:00:00+00:00
[2024-08-08T03:19:43.208+0000] {processor.py:183} INFO - Processing /home/airflow/.local/lib/python3.12/site-packages/airflow/example_dags/example_task_group_decorator.py took 0.107 seconds
[2024-08-08T03:20:15.065+0000] {processor.py:161} INFO - Started process (PID=501) to work on /home/airflow/.local/lib/python3.12/site-packages/airflow/example_dags/example_task_group_decorator.py
[2024-08-08T03:20:15.070+0000] {processor.py:830} INFO - Processing file /home/airflow/.local/lib/python3.12/site-packages/airflow/example_dags/example_task_group_decorator.py for tasks to queue
[2024-08-08T03:20:15.083+0000] {logging_mixin.py:188} INFO - [2024-08-08T03:20:15.082+0000] {dagbag.py:545} INFO - Filling up the DagBag from /home/airflow/.local/lib/python3.12/site-packages/airflow/example_dags/example_task_group_decorator.py
[2024-08-08T03:20:15.124+0000] {processor.py:840} INFO - DAG(s) 'example_task_group_decorator' retrieved from /home/airflow/.local/lib/python3.12/site-packages/airflow/example_dags/example_task_group_decorator.py
[2024-08-08T03:20:15.293+0000] {logging_mixin.py:188} INFO - [2024-08-08T03:20:15.293+0000] {dag.py:3089} INFO - Sync 1 DAGs
[2024-08-08T03:20:15.406+0000] {logging_mixin.py:188} INFO - [2024-08-08T03:20:15.405+0000] {dag.py:3947} INFO - Setting next_dagrun for example_task_group_decorator to 2024-08-07 00:00:00+00:00, run_after=2024-08-08 00:00:00+00:00
[2024-08-08T03:20:15.475+0000] {processor.py:183} INFO - Processing /home/airflow/.local/lib/python3.12/site-packages/airflow/example_dags/example_task_group_decorator.py took 0.429 seconds
[2024-08-08T03:20:45.851+0000] {processor.py:161} INFO - Started process (PID=561) to work on /home/airflow/.local/lib/python3.12/site-packages/airflow/example_dags/example_task_group_decorator.py
[2024-08-08T03:20:45.853+0000] {processor.py:830} INFO - Processing file /home/airflow/.local/lib/python3.12/site-packages/airflow/example_dags/example_task_group_decorator.py for tasks to queue
[2024-08-08T03:20:45.856+0000] {logging_mixin.py:188} INFO - [2024-08-08T03:20:45.855+0000] {dagbag.py:545} INFO - Filling up the DagBag from /home/airflow/.local/lib/python3.12/site-packages/airflow/example_dags/example_task_group_decorator.py
[2024-08-08T03:20:45.873+0000] {processor.py:840} INFO - DAG(s) 'example_task_group_decorator' retrieved from /home/airflow/.local/lib/python3.12/site-packages/airflow/example_dags/example_task_group_decorator.py
[2024-08-08T03:20:45.923+0000] {logging_mixin.py:188} INFO - [2024-08-08T03:20:45.922+0000] {dag.py:3089} INFO - Sync 1 DAGs
[2024-08-08T03:20:45.963+0000] {logging_mixin.py:188} INFO - [2024-08-08T03:20:45.963+0000] {dag.py:3947} INFO - Setting next_dagrun for example_task_group_decorator to 2024-08-07 00:00:00+00:00, run_after=2024-08-08 00:00:00+00:00
[2024-08-08T03:20:45.995+0000] {processor.py:183} INFO - Processing /home/airflow/.local/lib/python3.12/site-packages/airflow/example_dags/example_task_group_decorator.py took 0.149 seconds
[2024-08-08T03:21:16.261+0000] {processor.py:161} INFO - Started process (PID=620) to work on /home/airflow/.local/lib/python3.12/site-packages/airflow/example_dags/example_task_group_decorator.py
[2024-08-08T03:21:16.263+0000] {processor.py:830} INFO - Processing file /home/airflow/.local/lib/python3.12/site-packages/airflow/example_dags/example_task_group_decorator.py for tasks to queue
[2024-08-08T03:21:16.267+0000] {logging_mixin.py:188} INFO - [2024-08-08T03:21:16.266+0000] {dagbag.py:545} INFO - Filling up the DagBag from /home/airflow/.local/lib/python3.12/site-packages/airflow/example_dags/example_task_group_decorator.py
[2024-08-08T03:21:16.289+0000] {processor.py:840} INFO - DAG(s) 'example_task_group_decorator' retrieved from /home/airflow/.local/lib/python3.12/site-packages/airflow/example_dags/example_task_group_decorator.py
[2024-08-08T03:21:16.318+0000] {logging_mixin.py:188} INFO - [2024-08-08T03:21:16.317+0000] {dag.py:3089} INFO - Sync 1 DAGs
[2024-08-08T03:21:16.341+0000] {logging_mixin.py:188} INFO - [2024-08-08T03:21:16.340+0000] {dag.py:3947} INFO - Setting next_dagrun for example_task_group_decorator to 2024-08-07 00:00:00+00:00, run_after=2024-08-08 00:00:00+00:00
[2024-08-08T03:21:16.380+0000] {processor.py:183} INFO - Processing /home/airflow/.local/lib/python3.12/site-packages/airflow/example_dags/example_task_group_decorator.py took 0.125 seconds
