[2024-08-08T03:16:25.300+0000] {processor.py:161} INFO - Started process (PID=71) to work on /home/airflow/.local/lib/python3.12/site-packages/airflow/example_dags/example_setup_teardown.py
[2024-08-08T03:16:25.316+0000] {processor.py:830} INFO - Processing file /home/airflow/.local/lib/python3.12/site-packages/airflow/example_dags/example_setup_teardown.py for tasks to queue
[2024-08-08T03:16:25.330+0000] {logging_mixin.py:188} INFO - [2024-08-08T03:16:25.329+0000] {dagbag.py:545} INFO - Filling up the DagBag from /home/airflow/.local/lib/python3.12/site-packages/airflow/example_dags/example_setup_teardown.py
[2024-08-08T03:16:25.400+0000] {processor.py:840} INFO - DAG(s) 'example_setup_teardown' retrieved from /home/airflow/.local/lib/python3.12/site-packages/airflow/example_dags/example_setup_teardown.py
[2024-08-08T03:16:25.488+0000] {logging_mixin.py:188} INFO - [2024-08-08T03:16:25.488+0000] {dag.py:3089} INFO - Sync 1 DAGs
[2024-08-08T03:16:25.531+0000] {logging_mixin.py:188} INFO - [2024-08-08T03:16:25.531+0000] {dag.py:3947} INFO - Setting next_dagrun for example_setup_teardown to 2024-08-07 00:00:00+00:00, run_after=2024-08-08 00:00:00+00:00
[2024-08-08T03:16:25.643+0000] {processor.py:183} INFO - Processing /home/airflow/.local/lib/python3.12/site-packages/airflow/example_dags/example_setup_teardown.py took 0.350 seconds
[2024-08-08T03:17:08.490+0000] {processor.py:161} INFO - Started process (PID=131) to work on /home/airflow/.local/lib/python3.12/site-packages/airflow/example_dags/example_setup_teardown.py
[2024-08-08T03:17:08.508+0000] {processor.py:830} INFO - Processing file /home/airflow/.local/lib/python3.12/site-packages/airflow/example_dags/example_setup_teardown.py for tasks to queue
[2024-08-08T03:17:08.510+0000] {logging_mixin.py:188} INFO - [2024-08-08T03:17:08.510+0000] {dagbag.py:545} INFO - Filling up the DagBag from /home/airflow/.local/lib/python3.12/site-packages/airflow/example_dags/example_setup_teardown.py
[2024-08-08T03:17:08.518+0000] {processor.py:840} INFO - DAG(s) 'example_setup_teardown' retrieved from /home/airflow/.local/lib/python3.12/site-packages/airflow/example_dags/example_setup_teardown.py
[2024-08-08T03:17:08.541+0000] {logging_mixin.py:188} INFO - [2024-08-08T03:17:08.541+0000] {dag.py:3089} INFO - Sync 1 DAGs
[2024-08-08T03:17:08.566+0000] {logging_mixin.py:188} INFO - [2024-08-08T03:17:08.566+0000] {dag.py:3947} INFO - Setting next_dagrun for example_setup_teardown to 2024-08-07 00:00:00+00:00, run_after=2024-08-08 00:00:00+00:00
[2024-08-08T03:17:08.684+0000] {processor.py:183} INFO - Processing /home/airflow/.local/lib/python3.12/site-packages/airflow/example_dags/example_setup_teardown.py took 0.200 seconds
[2024-08-08T03:17:39.288+0000] {processor.py:161} INFO - Started process (PID=190) to work on /home/airflow/.local/lib/python3.12/site-packages/airflow/example_dags/example_setup_teardown.py
[2024-08-08T03:17:39.290+0000] {processor.py:830} INFO - Processing file /home/airflow/.local/lib/python3.12/site-packages/airflow/example_dags/example_setup_teardown.py for tasks to queue
[2024-08-08T03:17:39.297+0000] {logging_mixin.py:188} INFO - [2024-08-08T03:17:39.297+0000] {dagbag.py:545} INFO - Filling up the DagBag from /home/airflow/.local/lib/python3.12/site-packages/airflow/example_dags/example_setup_teardown.py
[2024-08-08T03:17:39.314+0000] {processor.py:840} INFO - DAG(s) 'example_setup_teardown' retrieved from /home/airflow/.local/lib/python3.12/site-packages/airflow/example_dags/example_setup_teardown.py
[2024-08-08T03:17:39.385+0000] {logging_mixin.py:188} INFO - [2024-08-08T03:17:39.385+0000] {dag.py:3089} INFO - Sync 1 DAGs
[2024-08-08T03:17:39.448+0000] {logging_mixin.py:188} INFO - [2024-08-08T03:17:39.448+0000] {dag.py:3947} INFO - Setting next_dagrun for example_setup_teardown to 2024-08-07 00:00:00+00:00, run_after=2024-08-08 00:00:00+00:00
[2024-08-08T03:17:39.539+0000] {processor.py:183} INFO - Processing /home/airflow/.local/lib/python3.12/site-packages/airflow/example_dags/example_setup_teardown.py took 0.266 seconds
[2024-08-08T03:18:09.684+0000] {processor.py:161} INFO - Started process (PID=250) to work on /home/airflow/.local/lib/python3.12/site-packages/airflow/example_dags/example_setup_teardown.py
[2024-08-08T03:18:09.688+0000] {processor.py:830} INFO - Processing file /home/airflow/.local/lib/python3.12/site-packages/airflow/example_dags/example_setup_teardown.py for tasks to queue
[2024-08-08T03:18:09.690+0000] {logging_mixin.py:188} INFO - [2024-08-08T03:18:09.689+0000] {dagbag.py:545} INFO - Filling up the DagBag from /home/airflow/.local/lib/python3.12/site-packages/airflow/example_dags/example_setup_teardown.py
[2024-08-08T03:18:09.696+0000] {processor.py:840} INFO - DAG(s) 'example_setup_teardown' retrieved from /home/airflow/.local/lib/python3.12/site-packages/airflow/example_dags/example_setup_teardown.py
[2024-08-08T03:18:09.794+0000] {logging_mixin.py:188} INFO - [2024-08-08T03:18:09.794+0000] {dag.py:3089} INFO - Sync 1 DAGs
[2024-08-08T03:18:09.812+0000] {logging_mixin.py:188} INFO - [2024-08-08T03:18:09.812+0000] {dag.py:3947} INFO - Setting next_dagrun for example_setup_teardown to 2024-08-07 00:00:00+00:00, run_after=2024-08-08 00:00:00+00:00
[2024-08-08T03:18:09.836+0000] {processor.py:183} INFO - Processing /home/airflow/.local/lib/python3.12/site-packages/airflow/example_dags/example_setup_teardown.py took 0.157 seconds
[2024-08-08T03:18:40.465+0000] {processor.py:161} INFO - Started process (PID=310) to work on /home/airflow/.local/lib/python3.12/site-packages/airflow/example_dags/example_setup_teardown.py
[2024-08-08T03:18:40.467+0000] {processor.py:830} INFO - Processing file /home/airflow/.local/lib/python3.12/site-packages/airflow/example_dags/example_setup_teardown.py for tasks to queue
[2024-08-08T03:18:40.469+0000] {logging_mixin.py:188} INFO - [2024-08-08T03:18:40.468+0000] {dagbag.py:545} INFO - Filling up the DagBag from /home/airflow/.local/lib/python3.12/site-packages/airflow/example_dags/example_setup_teardown.py
[2024-08-08T03:18:40.476+0000] {processor.py:840} INFO - DAG(s) 'example_setup_teardown' retrieved from /home/airflow/.local/lib/python3.12/site-packages/airflow/example_dags/example_setup_teardown.py
[2024-08-08T03:18:40.498+0000] {logging_mixin.py:188} INFO - [2024-08-08T03:18:40.498+0000] {dag.py:3089} INFO - Sync 1 DAGs
[2024-08-08T03:18:40.522+0000] {logging_mixin.py:188} INFO - [2024-08-08T03:18:40.522+0000] {dag.py:3947} INFO - Setting next_dagrun for example_setup_teardown to 2024-08-07 00:00:00+00:00, run_after=2024-08-08 00:00:00+00:00
[2024-08-08T03:18:40.548+0000] {processor.py:183} INFO - Processing /home/airflow/.local/lib/python3.12/site-packages/airflow/example_dags/example_setup_teardown.py took 0.089 seconds
[2024-08-08T03:19:11.249+0000] {processor.py:161} INFO - Started process (PID=370) to work on /home/airflow/.local/lib/python3.12/site-packages/airflow/example_dags/example_setup_teardown.py
[2024-08-08T03:19:11.258+0000] {processor.py:830} INFO - Processing file /home/airflow/.local/lib/python3.12/site-packages/airflow/example_dags/example_setup_teardown.py for tasks to queue
[2024-08-08T03:19:11.261+0000] {logging_mixin.py:188} INFO - [2024-08-08T03:19:11.260+0000] {dagbag.py:545} INFO - Filling up the DagBag from /home/airflow/.local/lib/python3.12/site-packages/airflow/example_dags/example_setup_teardown.py
[2024-08-08T03:19:11.269+0000] {processor.py:840} INFO - DAG(s) 'example_setup_teardown' retrieved from /home/airflow/.local/lib/python3.12/site-packages/airflow/example_dags/example_setup_teardown.py
[2024-08-08T03:19:11.291+0000] {logging_mixin.py:188} INFO - [2024-08-08T03:19:11.291+0000] {dag.py:3089} INFO - Sync 1 DAGs
[2024-08-08T03:19:11.313+0000] {logging_mixin.py:188} INFO - [2024-08-08T03:19:11.313+0000] {dag.py:3947} INFO - Setting next_dagrun for example_setup_teardown to 2024-08-07 00:00:00+00:00, run_after=2024-08-08 00:00:00+00:00
[2024-08-08T03:19:11.413+0000] {processor.py:183} INFO - Processing /home/airflow/.local/lib/python3.12/site-packages/airflow/example_dags/example_setup_teardown.py took 0.171 seconds
[2024-08-08T03:19:42.107+0000] {processor.py:161} INFO - Started process (PID=431) to work on /home/airflow/.local/lib/python3.12/site-packages/airflow/example_dags/example_setup_teardown.py
[2024-08-08T03:19:42.118+0000] {processor.py:830} INFO - Processing file /home/airflow/.local/lib/python3.12/site-packages/airflow/example_dags/example_setup_teardown.py for tasks to queue
[2024-08-08T03:19:42.120+0000] {logging_mixin.py:188} INFO - [2024-08-08T03:19:42.120+0000] {dagbag.py:545} INFO - Filling up the DagBag from /home/airflow/.local/lib/python3.12/site-packages/airflow/example_dags/example_setup_teardown.py
[2024-08-08T03:19:42.133+0000] {processor.py:840} INFO - DAG(s) 'example_setup_teardown' retrieved from /home/airflow/.local/lib/python3.12/site-packages/airflow/example_dags/example_setup_teardown.py
[2024-08-08T03:19:42.169+0000] {logging_mixin.py:188} INFO - [2024-08-08T03:19:42.169+0000] {dag.py:3089} INFO - Sync 1 DAGs
[2024-08-08T03:19:42.203+0000] {logging_mixin.py:188} INFO - [2024-08-08T03:19:42.202+0000] {dag.py:3947} INFO - Setting next_dagrun for example_setup_teardown to 2024-08-07 00:00:00+00:00, run_after=2024-08-08 00:00:00+00:00
[2024-08-08T03:19:42.250+0000] {processor.py:183} INFO - Processing /home/airflow/.local/lib/python3.12/site-packages/airflow/example_dags/example_setup_teardown.py took 0.148 seconds
[2024-08-08T03:20:12.421+0000] {processor.py:161} INFO - Started process (PID=490) to work on /home/airflow/.local/lib/python3.12/site-packages/airflow/example_dags/example_setup_teardown.py
[2024-08-08T03:20:12.429+0000] {processor.py:830} INFO - Processing file /home/airflow/.local/lib/python3.12/site-packages/airflow/example_dags/example_setup_teardown.py for tasks to queue
[2024-08-08T03:20:12.440+0000] {logging_mixin.py:188} INFO - [2024-08-08T03:20:12.439+0000] {dagbag.py:545} INFO - Filling up the DagBag from /home/airflow/.local/lib/python3.12/site-packages/airflow/example_dags/example_setup_teardown.py
[2024-08-08T03:20:12.448+0000] {processor.py:840} INFO - DAG(s) 'example_setup_teardown' retrieved from /home/airflow/.local/lib/python3.12/site-packages/airflow/example_dags/example_setup_teardown.py
[2024-08-08T03:20:12.530+0000] {logging_mixin.py:188} INFO - [2024-08-08T03:20:12.529+0000] {dag.py:3089} INFO - Sync 1 DAGs
[2024-08-08T03:20:12.590+0000] {logging_mixin.py:188} INFO - [2024-08-08T03:20:12.589+0000] {dag.py:3947} INFO - Setting next_dagrun for example_setup_teardown to 2024-08-07 00:00:00+00:00, run_after=2024-08-08 00:00:00+00:00
[2024-08-08T03:20:12.630+0000] {processor.py:183} INFO - Processing /home/airflow/.local/lib/python3.12/site-packages/airflow/example_dags/example_setup_teardown.py took 0.225 seconds
[2024-08-08T03:20:43.045+0000] {processor.py:161} INFO - Started process (PID=548) to work on /home/airflow/.local/lib/python3.12/site-packages/airflow/example_dags/example_setup_teardown.py
[2024-08-08T03:20:43.046+0000] {processor.py:830} INFO - Processing file /home/airflow/.local/lib/python3.12/site-packages/airflow/example_dags/example_setup_teardown.py for tasks to queue
[2024-08-08T03:20:43.048+0000] {logging_mixin.py:188} INFO - [2024-08-08T03:20:43.048+0000] {dagbag.py:545} INFO - Filling up the DagBag from /home/airflow/.local/lib/python3.12/site-packages/airflow/example_dags/example_setup_teardown.py
[2024-08-08T03:20:43.055+0000] {processor.py:840} INFO - DAG(s) 'example_setup_teardown' retrieved from /home/airflow/.local/lib/python3.12/site-packages/airflow/example_dags/example_setup_teardown.py
[2024-08-08T03:20:43.082+0000] {logging_mixin.py:188} INFO - [2024-08-08T03:20:43.081+0000] {dag.py:3089} INFO - Sync 1 DAGs
[2024-08-08T03:20:43.102+0000] {logging_mixin.py:188} INFO - [2024-08-08T03:20:43.102+0000] {dag.py:3947} INFO - Setting next_dagrun for example_setup_teardown to 2024-08-07 00:00:00+00:00, run_after=2024-08-08 00:00:00+00:00
[2024-08-08T03:20:43.125+0000] {processor.py:183} INFO - Processing /home/airflow/.local/lib/python3.12/site-packages/airflow/example_dags/example_setup_teardown.py took 0.093 seconds
[2024-08-08T03:21:13.381+0000] {processor.py:161} INFO - Started process (PID=608) to work on /home/airflow/.local/lib/python3.12/site-packages/airflow/example_dags/example_setup_teardown.py
[2024-08-08T03:21:13.382+0000] {processor.py:830} INFO - Processing file /home/airflow/.local/lib/python3.12/site-packages/airflow/example_dags/example_setup_teardown.py for tasks to queue
[2024-08-08T03:21:13.384+0000] {logging_mixin.py:188} INFO - [2024-08-08T03:21:13.384+0000] {dagbag.py:545} INFO - Filling up the DagBag from /home/airflow/.local/lib/python3.12/site-packages/airflow/example_dags/example_setup_teardown.py
[2024-08-08T03:21:13.390+0000] {processor.py:840} INFO - DAG(s) 'example_setup_teardown' retrieved from /home/airflow/.local/lib/python3.12/site-packages/airflow/example_dags/example_setup_teardown.py
[2024-08-08T03:21:13.409+0000] {logging_mixin.py:188} INFO - [2024-08-08T03:21:13.409+0000] {dag.py:3089} INFO - Sync 1 DAGs
[2024-08-08T03:21:13.432+0000] {logging_mixin.py:188} INFO - [2024-08-08T03:21:13.432+0000] {dag.py:3947} INFO - Setting next_dagrun for example_setup_teardown to 2024-08-07 00:00:00+00:00, run_after=2024-08-08 00:00:00+00:00
[2024-08-08T03:21:13.457+0000] {processor.py:183} INFO - Processing /home/airflow/.local/lib/python3.12/site-packages/airflow/example_dags/example_setup_teardown.py took 0.082 seconds
