[2024-08-08T03:16:26.473+0000] {processor.py:161} INFO - Started process (PID=76) to work on /home/airflow/.local/lib/python3.12/site-packages/airflow/example_dags/example_short_circuit_operator.py
[2024-08-08T03:16:26.474+0000] {processor.py:830} INFO - Processing file /home/airflow/.local/lib/python3.12/site-packages/airflow/example_dags/example_short_circuit_operator.py for tasks to queue
[2024-08-08T03:16:26.476+0000] {logging_mixin.py:188} INFO - [2024-08-08T03:16:26.476+0000] {dagbag.py:545} INFO - Filling up the DagBag from /home/airflow/.local/lib/python3.12/site-packages/airflow/example_dags/example_short_circuit_operator.py
[2024-08-08T03:16:26.535+0000] {processor.py:840} INFO - DAG(s) 'example_short_circuit_operator' retrieved from /home/airflow/.local/lib/python3.12/site-packages/airflow/example_dags/example_short_circuit_operator.py
[2024-08-08T03:16:26.565+0000] {logging_mixin.py:188} INFO - [2024-08-08T03:16:26.565+0000] {dag.py:3089} INFO - Sync 1 DAGs
[2024-08-08T03:16:26.594+0000] {logging_mixin.py:188} INFO - [2024-08-08T03:16:26.594+0000] {dag.py:3947} INFO - Setting next_dagrun for example_short_circuit_operator to 2024-08-07 00:00:00+00:00, run_after=2024-08-08 00:00:00+00:00
[2024-08-08T03:16:26.725+0000] {processor.py:183} INFO - Processing /home/airflow/.local/lib/python3.12/site-packages/airflow/example_dags/example_short_circuit_operator.py took 0.257 seconds
[2024-08-08T03:17:09.651+0000] {processor.py:161} INFO - Started process (PID=136) to work on /home/airflow/.local/lib/python3.12/site-packages/airflow/example_dags/example_short_circuit_operator.py
[2024-08-08T03:17:09.673+0000] {processor.py:830} INFO - Processing file /home/airflow/.local/lib/python3.12/site-packages/airflow/example_dags/example_short_circuit_operator.py for tasks to queue
[2024-08-08T03:17:09.676+0000] {logging_mixin.py:188} INFO - [2024-08-08T03:17:09.676+0000] {dagbag.py:545} INFO - Filling up the DagBag from /home/airflow/.local/lib/python3.12/site-packages/airflow/example_dags/example_short_circuit_operator.py
[2024-08-08T03:17:09.687+0000] {processor.py:840} INFO - DAG(s) 'example_short_circuit_operator' retrieved from /home/airflow/.local/lib/python3.12/site-packages/airflow/example_dags/example_short_circuit_operator.py
[2024-08-08T03:17:09.719+0000] {logging_mixin.py:188} INFO - [2024-08-08T03:17:09.719+0000] {dag.py:3089} INFO - Sync 1 DAGs
[2024-08-08T03:17:09.745+0000] {logging_mixin.py:188} INFO - [2024-08-08T03:17:09.745+0000] {dag.py:3947} INFO - Setting next_dagrun for example_short_circuit_operator to 2024-08-07 00:00:00+00:00, run_after=2024-08-08 00:00:00+00:00
[2024-08-08T03:17:09.891+0000] {processor.py:183} INFO - Processing /home/airflow/.local/lib/python3.12/site-packages/airflow/example_dags/example_short_circuit_operator.py took 0.247 seconds
[2024-08-08T03:17:40.050+0000] {processor.py:161} INFO - Started process (PID=195) to work on /home/airflow/.local/lib/python3.12/site-packages/airflow/example_dags/example_short_circuit_operator.py
[2024-08-08T03:17:40.052+0000] {processor.py:830} INFO - Processing file /home/airflow/.local/lib/python3.12/site-packages/airflow/example_dags/example_short_circuit_operator.py for tasks to queue
[2024-08-08T03:17:40.056+0000] {logging_mixin.py:188} INFO - [2024-08-08T03:17:40.055+0000] {dagbag.py:545} INFO - Filling up the DagBag from /home/airflow/.local/lib/python3.12/site-packages/airflow/example_dags/example_short_circuit_operator.py
[2024-08-08T03:17:40.103+0000] {processor.py:840} INFO - DAG(s) 'example_short_circuit_operator' retrieved from /home/airflow/.local/lib/python3.12/site-packages/airflow/example_dags/example_short_circuit_operator.py
[2024-08-08T03:17:40.160+0000] {logging_mixin.py:188} INFO - [2024-08-08T03:17:40.159+0000] {dag.py:3089} INFO - Sync 1 DAGs
[2024-08-08T03:17:40.207+0000] {logging_mixin.py:188} INFO - [2024-08-08T03:17:40.206+0000] {dag.py:3947} INFO - Setting next_dagrun for example_short_circuit_operator to 2024-08-07 00:00:00+00:00, run_after=2024-08-08 00:00:00+00:00
[2024-08-08T03:17:40.291+0000] {processor.py:183} INFO - Processing /home/airflow/.local/lib/python3.12/site-packages/airflow/example_dags/example_short_circuit_operator.py took 0.270 seconds
[2024-08-08T03:18:10.460+0000] {processor.py:161} INFO - Started process (PID=255) to work on /home/airflow/.local/lib/python3.12/site-packages/airflow/example_dags/example_short_circuit_operator.py
[2024-08-08T03:18:10.461+0000] {processor.py:830} INFO - Processing file /home/airflow/.local/lib/python3.12/site-packages/airflow/example_dags/example_short_circuit_operator.py for tasks to queue
[2024-08-08T03:18:10.463+0000] {logging_mixin.py:188} INFO - [2024-08-08T03:18:10.463+0000] {dagbag.py:545} INFO - Filling up the DagBag from /home/airflow/.local/lib/python3.12/site-packages/airflow/example_dags/example_short_circuit_operator.py
[2024-08-08T03:18:10.471+0000] {processor.py:840} INFO - DAG(s) 'example_short_circuit_operator' retrieved from /home/airflow/.local/lib/python3.12/site-packages/airflow/example_dags/example_short_circuit_operator.py
[2024-08-08T03:18:10.575+0000] {logging_mixin.py:188} INFO - [2024-08-08T03:18:10.574+0000] {dag.py:3089} INFO - Sync 1 DAGs
[2024-08-08T03:18:10.592+0000] {logging_mixin.py:188} INFO - [2024-08-08T03:18:10.592+0000] {dag.py:3947} INFO - Setting next_dagrun for example_short_circuit_operator to 2024-08-07 00:00:00+00:00, run_after=2024-08-08 00:00:00+00:00
[2024-08-08T03:18:10.618+0000] {processor.py:183} INFO - Processing /home/airflow/.local/lib/python3.12/site-packages/airflow/example_dags/example_short_circuit_operator.py took 0.164 seconds
[2024-08-08T03:18:40.972+0000] {processor.py:161} INFO - Started process (PID=315) to work on /home/airflow/.local/lib/python3.12/site-packages/airflow/example_dags/example_short_circuit_operator.py
[2024-08-08T03:18:40.978+0000] {processor.py:830} INFO - Processing file /home/airflow/.local/lib/python3.12/site-packages/airflow/example_dags/example_short_circuit_operator.py for tasks to queue
[2024-08-08T03:18:40.980+0000] {logging_mixin.py:188} INFO - [2024-08-08T03:18:40.979+0000] {dagbag.py:545} INFO - Filling up the DagBag from /home/airflow/.local/lib/python3.12/site-packages/airflow/example_dags/example_short_circuit_operator.py
[2024-08-08T03:18:40.987+0000] {processor.py:840} INFO - DAG(s) 'example_short_circuit_operator' retrieved from /home/airflow/.local/lib/python3.12/site-packages/airflow/example_dags/example_short_circuit_operator.py
[2024-08-08T03:18:41.012+0000] {logging_mixin.py:188} INFO - [2024-08-08T03:18:41.012+0000] {dag.py:3089} INFO - Sync 1 DAGs
[2024-08-08T03:18:41.035+0000] {logging_mixin.py:188} INFO - [2024-08-08T03:18:41.035+0000] {dag.py:3947} INFO - Setting next_dagrun for example_short_circuit_operator to 2024-08-07 00:00:00+00:00, run_after=2024-08-08 00:00:00+00:00
[2024-08-08T03:18:41.063+0000] {processor.py:183} INFO - Processing /home/airflow/.local/lib/python3.12/site-packages/airflow/example_dags/example_short_circuit_operator.py took 0.097 seconds
[2024-08-08T03:19:11.970+0000] {processor.py:161} INFO - Started process (PID=375) to work on /home/airflow/.local/lib/python3.12/site-packages/airflow/example_dags/example_short_circuit_operator.py
[2024-08-08T03:19:11.975+0000] {processor.py:830} INFO - Processing file /home/airflow/.local/lib/python3.12/site-packages/airflow/example_dags/example_short_circuit_operator.py for tasks to queue
[2024-08-08T03:19:11.978+0000] {logging_mixin.py:188} INFO - [2024-08-08T03:19:11.977+0000] {dagbag.py:545} INFO - Filling up the DagBag from /home/airflow/.local/lib/python3.12/site-packages/airflow/example_dags/example_short_circuit_operator.py
[2024-08-08T03:19:11.986+0000] {processor.py:840} INFO - DAG(s) 'example_short_circuit_operator' retrieved from /home/airflow/.local/lib/python3.12/site-packages/airflow/example_dags/example_short_circuit_operator.py
[2024-08-08T03:19:12.023+0000] {logging_mixin.py:188} INFO - [2024-08-08T03:19:12.023+0000] {dag.py:3089} INFO - Sync 1 DAGs
[2024-08-08T03:19:12.048+0000] {logging_mixin.py:188} INFO - [2024-08-08T03:19:12.048+0000] {dag.py:3947} INFO - Setting next_dagrun for example_short_circuit_operator to 2024-08-07 00:00:00+00:00, run_after=2024-08-08 00:00:00+00:00
[2024-08-08T03:19:12.145+0000] {processor.py:183} INFO - Processing /home/airflow/.local/lib/python3.12/site-packages/airflow/example_dags/example_short_circuit_operator.py took 0.182 seconds
[2024-08-08T03:19:42.894+0000] {processor.py:161} INFO - Started process (PID=436) to work on /home/airflow/.local/lib/python3.12/site-packages/airflow/example_dags/example_short_circuit_operator.py
[2024-08-08T03:19:42.895+0000] {processor.py:830} INFO - Processing file /home/airflow/.local/lib/python3.12/site-packages/airflow/example_dags/example_short_circuit_operator.py for tasks to queue
[2024-08-08T03:19:42.898+0000] {logging_mixin.py:188} INFO - [2024-08-08T03:19:42.897+0000] {dagbag.py:545} INFO - Filling up the DagBag from /home/airflow/.local/lib/python3.12/site-packages/airflow/example_dags/example_short_circuit_operator.py
[2024-08-08T03:19:42.905+0000] {processor.py:840} INFO - DAG(s) 'example_short_circuit_operator' retrieved from /home/airflow/.local/lib/python3.12/site-packages/airflow/example_dags/example_short_circuit_operator.py
[2024-08-08T03:19:42.929+0000] {logging_mixin.py:188} INFO - [2024-08-08T03:19:42.928+0000] {dag.py:3089} INFO - Sync 1 DAGs
[2024-08-08T03:19:42.951+0000] {logging_mixin.py:188} INFO - [2024-08-08T03:19:42.951+0000] {dag.py:3947} INFO - Setting next_dagrun for example_short_circuit_operator to 2024-08-07 00:00:00+00:00, run_after=2024-08-08 00:00:00+00:00
[2024-08-08T03:19:42.969+0000] {processor.py:183} INFO - Processing /home/airflow/.local/lib/python3.12/site-packages/airflow/example_dags/example_short_circuit_operator.py took 0.082 seconds
[2024-08-08T03:20:14.048+0000] {processor.py:161} INFO - Started process (PID=497) to work on /home/airflow/.local/lib/python3.12/site-packages/airflow/example_dags/example_short_circuit_operator.py
[2024-08-08T03:20:14.059+0000] {processor.py:830} INFO - Processing file /home/airflow/.local/lib/python3.12/site-packages/airflow/example_dags/example_short_circuit_operator.py for tasks to queue
[2024-08-08T03:20:14.061+0000] {logging_mixin.py:188} INFO - [2024-08-08T03:20:14.061+0000] {dagbag.py:545} INFO - Filling up the DagBag from /home/airflow/.local/lib/python3.12/site-packages/airflow/example_dags/example_short_circuit_operator.py
[2024-08-08T03:20:14.068+0000] {processor.py:840} INFO - DAG(s) 'example_short_circuit_operator' retrieved from /home/airflow/.local/lib/python3.12/site-packages/airflow/example_dags/example_short_circuit_operator.py
[2024-08-08T03:20:14.141+0000] {logging_mixin.py:188} INFO - [2024-08-08T03:20:14.141+0000] {dag.py:3089} INFO - Sync 1 DAGs
[2024-08-08T03:20:14.190+0000] {logging_mixin.py:188} INFO - [2024-08-08T03:20:14.190+0000] {dag.py:3947} INFO - Setting next_dagrun for example_short_circuit_operator to 2024-08-07 00:00:00+00:00, run_after=2024-08-08 00:00:00+00:00
[2024-08-08T03:20:14.252+0000] {processor.py:183} INFO - Processing /home/airflow/.local/lib/python3.12/site-packages/airflow/example_dags/example_short_circuit_operator.py took 0.208 seconds
[2024-08-08T03:20:44.930+0000] {processor.py:161} INFO - Started process (PID=555) to work on /home/airflow/.local/lib/python3.12/site-packages/airflow/example_dags/example_short_circuit_operator.py
[2024-08-08T03:20:44.931+0000] {processor.py:830} INFO - Processing file /home/airflow/.local/lib/python3.12/site-packages/airflow/example_dags/example_short_circuit_operator.py for tasks to queue
[2024-08-08T03:20:44.933+0000] {logging_mixin.py:188} INFO - [2024-08-08T03:20:44.933+0000] {dagbag.py:545} INFO - Filling up the DagBag from /home/airflow/.local/lib/python3.12/site-packages/airflow/example_dags/example_short_circuit_operator.py
[2024-08-08T03:20:44.942+0000] {processor.py:840} INFO - DAG(s) 'example_short_circuit_operator' retrieved from /home/airflow/.local/lib/python3.12/site-packages/airflow/example_dags/example_short_circuit_operator.py
[2024-08-08T03:20:44.968+0000] {logging_mixin.py:188} INFO - [2024-08-08T03:20:44.968+0000] {dag.py:3089} INFO - Sync 1 DAGs
[2024-08-08T03:20:44.990+0000] {logging_mixin.py:188} INFO - [2024-08-08T03:20:44.990+0000] {dag.py:3947} INFO - Setting next_dagrun for example_short_circuit_operator to 2024-08-07 00:00:00+00:00, run_after=2024-08-08 00:00:00+00:00
[2024-08-08T03:20:45.019+0000] {processor.py:183} INFO - Processing /home/airflow/.local/lib/python3.12/site-packages/airflow/example_dags/example_short_circuit_operator.py took 0.095 seconds
[2024-08-08T03:21:15.875+0000] {processor.py:161} INFO - Started process (PID=615) to work on /home/airflow/.local/lib/python3.12/site-packages/airflow/example_dags/example_short_circuit_operator.py
[2024-08-08T03:21:15.876+0000] {processor.py:830} INFO - Processing file /home/airflow/.local/lib/python3.12/site-packages/airflow/example_dags/example_short_circuit_operator.py for tasks to queue
[2024-08-08T03:21:15.877+0000] {logging_mixin.py:188} INFO - [2024-08-08T03:21:15.877+0000] {dagbag.py:545} INFO - Filling up the DagBag from /home/airflow/.local/lib/python3.12/site-packages/airflow/example_dags/example_short_circuit_operator.py
[2024-08-08T03:21:15.884+0000] {processor.py:840} INFO - DAG(s) 'example_short_circuit_operator' retrieved from /home/airflow/.local/lib/python3.12/site-packages/airflow/example_dags/example_short_circuit_operator.py
[2024-08-08T03:21:15.908+0000] {logging_mixin.py:188} INFO - [2024-08-08T03:21:15.907+0000] {dag.py:3089} INFO - Sync 1 DAGs
[2024-08-08T03:21:15.930+0000] {logging_mixin.py:188} INFO - [2024-08-08T03:21:15.930+0000] {dag.py:3947} INFO - Setting next_dagrun for example_short_circuit_operator to 2024-08-07 00:00:00+00:00, run_after=2024-08-08 00:00:00+00:00
[2024-08-08T03:21:15.952+0000] {processor.py:183} INFO - Processing /home/airflow/.local/lib/python3.12/site-packages/airflow/example_dags/example_short_circuit_operator.py took 0.084 seconds
