[2024-08-08T03:16:29.115+0000] {processor.py:161} INFO - Started process (PID=85) to work on /home/airflow/.local/lib/python3.12/site-packages/airflow/example_dags/example_latest_only_with_trigger.py
[2024-08-08T03:16:29.130+0000] {processor.py:830} INFO - Processing file /home/airflow/.local/lib/python3.12/site-packages/airflow/example_dags/example_latest_only_with_trigger.py for tasks to queue
[2024-08-08T03:16:29.141+0000] {logging_mixin.py:188} INFO - [2024-08-08T03:16:29.133+0000] {dagbag.py:545} INFO - Filling up the DagBag from /home/airflow/.local/lib/python3.12/site-packages/airflow/example_dags/example_latest_only_with_trigger.py
[2024-08-08T03:16:29.336+0000] {processor.py:840} INFO - DAG(s) 'latest_only_with_trigger' retrieved from /home/airflow/.local/lib/python3.12/site-packages/airflow/example_dags/example_latest_only_with_trigger.py
[2024-08-08T03:16:32.363+0000] {logging_mixin.py:188} INFO - [2024-08-08T03:16:32.361+0000] {dag.py:3089} INFO - Sync 1 DAGs
[2024-08-08T03:16:32.660+0000] {logging_mixin.py:188} INFO - [2024-08-08T03:16:32.659+0000] {dag.py:3947} INFO - Setting next_dagrun for latest_only_with_trigger to 2024-08-07 20:00:00+00:00, run_after=2024-08-08 00:00:00+00:00
[2024-08-08T03:16:32.837+0000] {processor.py:183} INFO - Processing /home/airflow/.local/lib/python3.12/site-packages/airflow/example_dags/example_latest_only_with_trigger.py took 3.736 seconds
[2024-08-08T03:17:12.521+0000] {processor.py:161} INFO - Started process (PID=145) to work on /home/airflow/.local/lib/python3.12/site-packages/airflow/example_dags/example_latest_only_with_trigger.py
[2024-08-08T03:17:12.523+0000] {processor.py:830} INFO - Processing file /home/airflow/.local/lib/python3.12/site-packages/airflow/example_dags/example_latest_only_with_trigger.py for tasks to queue
[2024-08-08T03:17:12.528+0000] {logging_mixin.py:188} INFO - [2024-08-08T03:17:12.525+0000] {dagbag.py:545} INFO - Filling up the DagBag from /home/airflow/.local/lib/python3.12/site-packages/airflow/example_dags/example_latest_only_with_trigger.py
[2024-08-08T03:17:12.535+0000] {processor.py:840} INFO - DAG(s) 'latest_only_with_trigger' retrieved from /home/airflow/.local/lib/python3.12/site-packages/airflow/example_dags/example_latest_only_with_trigger.py
[2024-08-08T03:17:12.559+0000] {logging_mixin.py:188} INFO - [2024-08-08T03:17:12.559+0000] {dag.py:3089} INFO - Sync 1 DAGs
[2024-08-08T03:17:12.583+0000] {logging_mixin.py:188} INFO - [2024-08-08T03:17:12.583+0000] {dag.py:3947} INFO - Setting next_dagrun for latest_only_with_trigger to 2024-08-07 20:00:00+00:00, run_after=2024-08-08 00:00:00+00:00
[2024-08-08T03:17:12.698+0000] {processor.py:183} INFO - Processing /home/airflow/.local/lib/python3.12/site-packages/airflow/example_dags/example_latest_only_with_trigger.py took 0.184 seconds
[2024-08-08T03:17:42.995+0000] {processor.py:161} INFO - Started process (PID=205) to work on /home/airflow/.local/lib/python3.12/site-packages/airflow/example_dags/example_latest_only_with_trigger.py
[2024-08-08T03:17:42.996+0000] {processor.py:830} INFO - Processing file /home/airflow/.local/lib/python3.12/site-packages/airflow/example_dags/example_latest_only_with_trigger.py for tasks to queue
[2024-08-08T03:17:42.998+0000] {logging_mixin.py:188} INFO - [2024-08-08T03:17:42.998+0000] {dagbag.py:545} INFO - Filling up the DagBag from /home/airflow/.local/lib/python3.12/site-packages/airflow/example_dags/example_latest_only_with_trigger.py
[2024-08-08T03:17:43.007+0000] {processor.py:840} INFO - DAG(s) 'latest_only_with_trigger' retrieved from /home/airflow/.local/lib/python3.12/site-packages/airflow/example_dags/example_latest_only_with_trigger.py
[2024-08-08T03:17:43.017+0000] {logging_mixin.py:188} INFO - [2024-08-08T03:17:43.016+0000] {dag.py:3089} INFO - Sync 1 DAGs
[2024-08-08T03:17:43.045+0000] {logging_mixin.py:188} INFO - [2024-08-08T03:17:43.045+0000] {dag.py:3947} INFO - Setting next_dagrun for latest_only_with_trigger to 2024-08-07 20:00:00+00:00, run_after=2024-08-08 00:00:00+00:00
[2024-08-08T03:17:43.098+0000] {processor.py:183} INFO - Processing /home/airflow/.local/lib/python3.12/site-packages/airflow/example_dags/example_latest_only_with_trigger.py took 0.109 seconds
[2024-08-08T03:18:13.271+0000] {processor.py:161} INFO - Started process (PID=264) to work on /home/airflow/.local/lib/python3.12/site-packages/airflow/example_dags/example_latest_only_with_trigger.py
[2024-08-08T03:18:13.272+0000] {processor.py:830} INFO - Processing file /home/airflow/.local/lib/python3.12/site-packages/airflow/example_dags/example_latest_only_with_trigger.py for tasks to queue
[2024-08-08T03:18:13.274+0000] {logging_mixin.py:188} INFO - [2024-08-08T03:18:13.274+0000] {dagbag.py:545} INFO - Filling up the DagBag from /home/airflow/.local/lib/python3.12/site-packages/airflow/example_dags/example_latest_only_with_trigger.py
[2024-08-08T03:18:13.280+0000] {processor.py:840} INFO - DAG(s) 'latest_only_with_trigger' retrieved from /home/airflow/.local/lib/python3.12/site-packages/airflow/example_dags/example_latest_only_with_trigger.py
[2024-08-08T03:18:13.389+0000] {logging_mixin.py:188} INFO - [2024-08-08T03:18:13.389+0000] {dag.py:3089} INFO - Sync 1 DAGs
[2024-08-08T03:18:13.410+0000] {logging_mixin.py:188} INFO - [2024-08-08T03:18:13.409+0000] {dag.py:3947} INFO - Setting next_dagrun for latest_only_with_trigger to 2024-08-07 20:00:00+00:00, run_after=2024-08-08 00:00:00+00:00
[2024-08-08T03:18:13.439+0000] {processor.py:183} INFO - Processing /home/airflow/.local/lib/python3.12/site-packages/airflow/example_dags/example_latest_only_with_trigger.py took 0.174 seconds
[2024-08-08T03:18:43.493+0000] {processor.py:161} INFO - Started process (PID=323) to work on /home/airflow/.local/lib/python3.12/site-packages/airflow/example_dags/example_latest_only_with_trigger.py
[2024-08-08T03:18:43.494+0000] {processor.py:830} INFO - Processing file /home/airflow/.local/lib/python3.12/site-packages/airflow/example_dags/example_latest_only_with_trigger.py for tasks to queue
[2024-08-08T03:18:43.497+0000] {logging_mixin.py:188} INFO - [2024-08-08T03:18:43.496+0000] {dagbag.py:545} INFO - Filling up the DagBag from /home/airflow/.local/lib/python3.12/site-packages/airflow/example_dags/example_latest_only_with_trigger.py
[2024-08-08T03:18:43.504+0000] {processor.py:840} INFO - DAG(s) 'latest_only_with_trigger' retrieved from /home/airflow/.local/lib/python3.12/site-packages/airflow/example_dags/example_latest_only_with_trigger.py
[2024-08-08T03:18:43.527+0000] {logging_mixin.py:188} INFO - [2024-08-08T03:18:43.527+0000] {dag.py:3089} INFO - Sync 1 DAGs
[2024-08-08T03:18:43.555+0000] {logging_mixin.py:188} INFO - [2024-08-08T03:18:43.554+0000] {dag.py:3947} INFO - Setting next_dagrun for latest_only_with_trigger to 2024-08-07 20:00:00+00:00, run_after=2024-08-08 00:00:00+00:00
[2024-08-08T03:18:43.583+0000] {processor.py:183} INFO - Processing /home/airflow/.local/lib/python3.12/site-packages/airflow/example_dags/example_latest_only_with_trigger.py took 0.097 seconds
[2024-08-08T03:19:13.914+0000] {processor.py:161} INFO - Started process (PID=384) to work on /home/airflow/.local/lib/python3.12/site-packages/airflow/example_dags/example_latest_only_with_trigger.py
[2024-08-08T03:19:13.922+0000] {processor.py:830} INFO - Processing file /home/airflow/.local/lib/python3.12/site-packages/airflow/example_dags/example_latest_only_with_trigger.py for tasks to queue
[2024-08-08T03:19:13.925+0000] {logging_mixin.py:188} INFO - [2024-08-08T03:19:13.924+0000] {dagbag.py:545} INFO - Filling up the DagBag from /home/airflow/.local/lib/python3.12/site-packages/airflow/example_dags/example_latest_only_with_trigger.py
[2024-08-08T03:19:13.931+0000] {processor.py:840} INFO - DAG(s) 'latest_only_with_trigger' retrieved from /home/airflow/.local/lib/python3.12/site-packages/airflow/example_dags/example_latest_only_with_trigger.py
[2024-08-08T03:19:13.958+0000] {logging_mixin.py:188} INFO - [2024-08-08T03:19:13.958+0000] {dag.py:3089} INFO - Sync 1 DAGs
[2024-08-08T03:19:14.007+0000] {logging_mixin.py:188} INFO - [2024-08-08T03:19:14.007+0000] {dag.py:3947} INFO - Setting next_dagrun for latest_only_with_trigger to 2024-08-07 20:00:00+00:00, run_after=2024-08-08 00:00:00+00:00
[2024-08-08T03:19:14.183+0000] {processor.py:183} INFO - Processing /home/airflow/.local/lib/python3.12/site-packages/airflow/example_dags/example_latest_only_with_trigger.py took 0.275 seconds
[2024-08-08T03:19:44.375+0000] {processor.py:161} INFO - Started process (PID=445) to work on /home/airflow/.local/lib/python3.12/site-packages/airflow/example_dags/example_latest_only_with_trigger.py
[2024-08-08T03:19:44.378+0000] {processor.py:830} INFO - Processing file /home/airflow/.local/lib/python3.12/site-packages/airflow/example_dags/example_latest_only_with_trigger.py for tasks to queue
[2024-08-08T03:19:44.381+0000] {logging_mixin.py:188} INFO - [2024-08-08T03:19:44.381+0000] {dagbag.py:545} INFO - Filling up the DagBag from /home/airflow/.local/lib/python3.12/site-packages/airflow/example_dags/example_latest_only_with_trigger.py
[2024-08-08T03:19:44.388+0000] {processor.py:840} INFO - DAG(s) 'latest_only_with_trigger' retrieved from /home/airflow/.local/lib/python3.12/site-packages/airflow/example_dags/example_latest_only_with_trigger.py
[2024-08-08T03:19:44.416+0000] {logging_mixin.py:188} INFO - [2024-08-08T03:19:44.415+0000] {dag.py:3089} INFO - Sync 1 DAGs
[2024-08-08T03:19:44.439+0000] {logging_mixin.py:188} INFO - [2024-08-08T03:19:44.439+0000] {dag.py:3947} INFO - Setting next_dagrun for latest_only_with_trigger to 2024-08-07 20:00:00+00:00, run_after=2024-08-08 00:00:00+00:00
[2024-08-08T03:19:44.500+0000] {processor.py:183} INFO - Processing /home/airflow/.local/lib/python3.12/site-packages/airflow/example_dags/example_latest_only_with_trigger.py took 0.131 seconds
[2024-08-08T03:20:15.877+0000] {processor.py:161} INFO - Started process (PID=506) to work on /home/airflow/.local/lib/python3.12/site-packages/airflow/example_dags/example_latest_only_with_trigger.py
[2024-08-08T03:20:15.879+0000] {processor.py:830} INFO - Processing file /home/airflow/.local/lib/python3.12/site-packages/airflow/example_dags/example_latest_only_with_trigger.py for tasks to queue
[2024-08-08T03:20:15.884+0000] {logging_mixin.py:188} INFO - [2024-08-08T03:20:15.883+0000] {dagbag.py:545} INFO - Filling up the DagBag from /home/airflow/.local/lib/python3.12/site-packages/airflow/example_dags/example_latest_only_with_trigger.py
[2024-08-08T03:20:15.897+0000] {processor.py:840} INFO - DAG(s) 'latest_only_with_trigger' retrieved from /home/airflow/.local/lib/python3.12/site-packages/airflow/example_dags/example_latest_only_with_trigger.py
[2024-08-08T03:20:15.931+0000] {logging_mixin.py:188} INFO - [2024-08-08T03:20:15.931+0000] {dag.py:3089} INFO - Sync 1 DAGs
[2024-08-08T03:20:15.969+0000] {logging_mixin.py:188} INFO - [2024-08-08T03:20:15.968+0000] {dag.py:3947} INFO - Setting next_dagrun for latest_only_with_trigger to 2024-08-07 20:00:00+00:00, run_after=2024-08-08 00:00:00+00:00
[2024-08-08T03:20:16.039+0000] {processor.py:183} INFO - Processing /home/airflow/.local/lib/python3.12/site-packages/airflow/example_dags/example_latest_only_with_trigger.py took 0.167 seconds
[2024-08-08T03:20:46.337+0000] {processor.py:161} INFO - Started process (PID=566) to work on /home/airflow/.local/lib/python3.12/site-packages/airflow/example_dags/example_latest_only_with_trigger.py
[2024-08-08T03:20:46.338+0000] {processor.py:830} INFO - Processing file /home/airflow/.local/lib/python3.12/site-packages/airflow/example_dags/example_latest_only_with_trigger.py for tasks to queue
[2024-08-08T03:20:46.341+0000] {logging_mixin.py:188} INFO - [2024-08-08T03:20:46.341+0000] {dagbag.py:545} INFO - Filling up the DagBag from /home/airflow/.local/lib/python3.12/site-packages/airflow/example_dags/example_latest_only_with_trigger.py
[2024-08-08T03:20:46.347+0000] {processor.py:840} INFO - DAG(s) 'latest_only_with_trigger' retrieved from /home/airflow/.local/lib/python3.12/site-packages/airflow/example_dags/example_latest_only_with_trigger.py
[2024-08-08T03:20:46.380+0000] {logging_mixin.py:188} INFO - [2024-08-08T03:20:46.376+0000] {dag.py:3089} INFO - Sync 1 DAGs
[2024-08-08T03:20:46.406+0000] {logging_mixin.py:188} INFO - [2024-08-08T03:20:46.406+0000] {dag.py:3947} INFO - Setting next_dagrun for latest_only_with_trigger to 2024-08-07 20:00:00+00:00, run_after=2024-08-08 00:00:00+00:00
[2024-08-08T03:20:46.443+0000] {processor.py:183} INFO - Processing /home/airflow/.local/lib/python3.12/site-packages/airflow/example_dags/example_latest_only_with_trigger.py took 0.111 seconds
[2024-08-08T03:21:16.930+0000] {processor.py:161} INFO - Started process (PID=626) to work on /home/airflow/.local/lib/python3.12/site-packages/airflow/example_dags/example_latest_only_with_trigger.py
[2024-08-08T03:21:16.931+0000] {processor.py:830} INFO - Processing file /home/airflow/.local/lib/python3.12/site-packages/airflow/example_dags/example_latest_only_with_trigger.py for tasks to queue
[2024-08-08T03:21:16.933+0000] {logging_mixin.py:188} INFO - [2024-08-08T03:21:16.933+0000] {dagbag.py:545} INFO - Filling up the DagBag from /home/airflow/.local/lib/python3.12/site-packages/airflow/example_dags/example_latest_only_with_trigger.py
[2024-08-08T03:21:16.940+0000] {processor.py:840} INFO - DAG(s) 'latest_only_with_trigger' retrieved from /home/airflow/.local/lib/python3.12/site-packages/airflow/example_dags/example_latest_only_with_trigger.py
[2024-08-08T03:21:16.961+0000] {logging_mixin.py:188} INFO - [2024-08-08T03:21:16.961+0000] {dag.py:3089} INFO - Sync 1 DAGs
[2024-08-08T03:21:16.983+0000] {logging_mixin.py:188} INFO - [2024-08-08T03:21:16.983+0000] {dag.py:3947} INFO - Setting next_dagrun for latest_only_with_trigger to 2024-08-07 20:00:00+00:00, run_after=2024-08-08 00:00:00+00:00
[2024-08-08T03:21:17.006+0000] {processor.py:183} INFO - Processing /home/airflow/.local/lib/python3.12/site-packages/airflow/example_dags/example_latest_only_with_trigger.py took 0.082 seconds
