[2024-08-08T03:16:24.692+0000] {processor.py:161} INFO - Started process (PID=68) to work on /home/airflow/.local/lib/python3.12/site-packages/airflow/example_dags/example_nested_branch_dag.py
[2024-08-08T03:16:24.693+0000] {processor.py:830} INFO - Processing file /home/airflow/.local/lib/python3.12/site-packages/airflow/example_dags/example_nested_branch_dag.py for tasks to queue
[2024-08-08T03:16:24.695+0000] {logging_mixin.py:188} INFO - [2024-08-08T03:16:24.695+0000] {dagbag.py:545} INFO - Filling up the DagBag from /home/airflow/.local/lib/python3.12/site-packages/airflow/example_dags/example_nested_branch_dag.py
[2024-08-08T03:16:24.752+0000] {processor.py:840} INFO - DAG(s) 'example_nested_branch_dag' retrieved from /home/airflow/.local/lib/python3.12/site-packages/airflow/example_dags/example_nested_branch_dag.py
[2024-08-08T03:16:24.785+0000] {logging_mixin.py:188} INFO - [2024-08-08T03:16:24.784+0000] {dag.py:3089} INFO - Sync 1 DAGs
[2024-08-08T03:16:24.810+0000] {logging_mixin.py:188} INFO - [2024-08-08T03:16:24.809+0000] {dag.py:3947} INFO - Setting next_dagrun for example_nested_branch_dag to 2024-08-07 00:00:00+00:00, run_after=2024-08-08 00:00:00+00:00
[2024-08-08T03:16:24.941+0000] {processor.py:183} INFO - Processing /home/airflow/.local/lib/python3.12/site-packages/airflow/example_dags/example_nested_branch_dag.py took 0.255 seconds
[2024-08-08T03:17:06.268+0000] {processor.py:161} INFO - Started process (PID=128) to work on /home/airflow/.local/lib/python3.12/site-packages/airflow/example_dags/example_nested_branch_dag.py
[2024-08-08T03:17:06.269+0000] {processor.py:830} INFO - Processing file /home/airflow/.local/lib/python3.12/site-packages/airflow/example_dags/example_nested_branch_dag.py for tasks to queue
[2024-08-08T03:17:06.271+0000] {logging_mixin.py:188} INFO - [2024-08-08T03:17:06.271+0000] {dagbag.py:545} INFO - Filling up the DagBag from /home/airflow/.local/lib/python3.12/site-packages/airflow/example_dags/example_nested_branch_dag.py
[2024-08-08T03:17:06.282+0000] {processor.py:840} INFO - DAG(s) 'example_nested_branch_dag' retrieved from /home/airflow/.local/lib/python3.12/site-packages/airflow/example_dags/example_nested_branch_dag.py
[2024-08-08T03:17:06.307+0000] {logging_mixin.py:188} INFO - [2024-08-08T03:17:06.306+0000] {dag.py:3089} INFO - Sync 1 DAGs
[2024-08-08T03:17:06.343+0000] {logging_mixin.py:188} INFO - [2024-08-08T03:17:06.343+0000] {dag.py:3947} INFO - Setting next_dagrun for example_nested_branch_dag to 2024-08-07 00:00:00+00:00, run_after=2024-08-08 00:00:00+00:00
[2024-08-08T03:17:06.367+0000] {processor.py:183} INFO - Processing /home/airflow/.local/lib/python3.12/site-packages/airflow/example_dags/example_nested_branch_dag.py took 0.106 seconds
[2024-08-08T03:17:36.823+0000] {processor.py:161} INFO - Started process (PID=187) to work on /home/airflow/.local/lib/python3.12/site-packages/airflow/example_dags/example_nested_branch_dag.py
[2024-08-08T03:17:36.825+0000] {processor.py:830} INFO - Processing file /home/airflow/.local/lib/python3.12/site-packages/airflow/example_dags/example_nested_branch_dag.py for tasks to queue
[2024-08-08T03:17:36.827+0000] {logging_mixin.py:188} INFO - [2024-08-08T03:17:36.826+0000] {dagbag.py:545} INFO - Filling up the DagBag from /home/airflow/.local/lib/python3.12/site-packages/airflow/example_dags/example_nested_branch_dag.py
[2024-08-08T03:17:36.841+0000] {processor.py:840} INFO - DAG(s) 'example_nested_branch_dag' retrieved from /home/airflow/.local/lib/python3.12/site-packages/airflow/example_dags/example_nested_branch_dag.py
[2024-08-08T03:17:36.852+0000] {logging_mixin.py:188} INFO - [2024-08-08T03:17:36.852+0000] {dag.py:3089} INFO - Sync 1 DAGs
[2024-08-08T03:17:36.880+0000] {logging_mixin.py:188} INFO - [2024-08-08T03:17:36.880+0000] {dag.py:3947} INFO - Setting next_dagrun for example_nested_branch_dag to 2024-08-07 00:00:00+00:00, run_after=2024-08-08 00:00:00+00:00
[2024-08-08T03:17:36.904+0000] {processor.py:183} INFO - Processing /home/airflow/.local/lib/python3.12/site-packages/airflow/example_dags/example_nested_branch_dag.py took 0.087 seconds
[2024-08-08T03:18:08.107+0000] {processor.py:161} INFO - Started process (PID=245) to work on /home/airflow/.local/lib/python3.12/site-packages/airflow/example_dags/example_nested_branch_dag.py
[2024-08-08T03:18:08.108+0000] {processor.py:830} INFO - Processing file /home/airflow/.local/lib/python3.12/site-packages/airflow/example_dags/example_nested_branch_dag.py for tasks to queue
[2024-08-08T03:18:08.110+0000] {logging_mixin.py:188} INFO - [2024-08-08T03:18:08.110+0000] {dagbag.py:545} INFO - Filling up the DagBag from /home/airflow/.local/lib/python3.12/site-packages/airflow/example_dags/example_nested_branch_dag.py
[2024-08-08T03:18:08.119+0000] {processor.py:840} INFO - DAG(s) 'example_nested_branch_dag' retrieved from /home/airflow/.local/lib/python3.12/site-packages/airflow/example_dags/example_nested_branch_dag.py
[2024-08-08T03:18:08.213+0000] {logging_mixin.py:188} INFO - [2024-08-08T03:18:08.212+0000] {dag.py:3089} INFO - Sync 1 DAGs
[2024-08-08T03:18:08.231+0000] {logging_mixin.py:188} INFO - [2024-08-08T03:18:08.231+0000] {dag.py:3947} INFO - Setting next_dagrun for example_nested_branch_dag to 2024-08-07 00:00:00+00:00, run_after=2024-08-08 00:00:00+00:00
[2024-08-08T03:18:08.254+0000] {processor.py:183} INFO - Processing /home/airflow/.local/lib/python3.12/site-packages/airflow/example_dags/example_nested_branch_dag.py took 0.151 seconds
[2024-08-08T03:18:39.184+0000] {processor.py:161} INFO - Started process (PID=305) to work on /home/airflow/.local/lib/python3.12/site-packages/airflow/example_dags/example_nested_branch_dag.py
[2024-08-08T03:18:39.187+0000] {processor.py:830} INFO - Processing file /home/airflow/.local/lib/python3.12/site-packages/airflow/example_dags/example_nested_branch_dag.py for tasks to queue
[2024-08-08T03:18:39.190+0000] {logging_mixin.py:188} INFO - [2024-08-08T03:18:39.190+0000] {dagbag.py:545} INFO - Filling up the DagBag from /home/airflow/.local/lib/python3.12/site-packages/airflow/example_dags/example_nested_branch_dag.py
[2024-08-08T03:18:39.201+0000] {processor.py:840} INFO - DAG(s) 'example_nested_branch_dag' retrieved from /home/airflow/.local/lib/python3.12/site-packages/airflow/example_dags/example_nested_branch_dag.py
[2024-08-08T03:18:39.223+0000] {logging_mixin.py:188} INFO - [2024-08-08T03:18:39.222+0000] {dag.py:3089} INFO - Sync 1 DAGs
[2024-08-08T03:18:39.246+0000] {logging_mixin.py:188} INFO - [2024-08-08T03:18:39.246+0000] {dag.py:3947} INFO - Setting next_dagrun for example_nested_branch_dag to 2024-08-07 00:00:00+00:00, run_after=2024-08-08 00:00:00+00:00
[2024-08-08T03:18:39.275+0000] {processor.py:183} INFO - Processing /home/airflow/.local/lib/python3.12/site-packages/airflow/example_dags/example_nested_branch_dag.py took 0.097 seconds
[2024-08-08T03:19:09.679+0000] {processor.py:161} INFO - Started process (PID=365) to work on /home/airflow/.local/lib/python3.12/site-packages/airflow/example_dags/example_nested_branch_dag.py
[2024-08-08T03:19:09.686+0000] {processor.py:830} INFO - Processing file /home/airflow/.local/lib/python3.12/site-packages/airflow/example_dags/example_nested_branch_dag.py for tasks to queue
[2024-08-08T03:19:09.689+0000] {logging_mixin.py:188} INFO - [2024-08-08T03:19:09.688+0000] {dagbag.py:545} INFO - Filling up the DagBag from /home/airflow/.local/lib/python3.12/site-packages/airflow/example_dags/example_nested_branch_dag.py
[2024-08-08T03:19:09.700+0000] {processor.py:840} INFO - DAG(s) 'example_nested_branch_dag' retrieved from /home/airflow/.local/lib/python3.12/site-packages/airflow/example_dags/example_nested_branch_dag.py
[2024-08-08T03:19:09.725+0000] {logging_mixin.py:188} INFO - [2024-08-08T03:19:09.725+0000] {dag.py:3089} INFO - Sync 1 DAGs
[2024-08-08T03:19:09.753+0000] {logging_mixin.py:188} INFO - [2024-08-08T03:19:09.753+0000] {dag.py:3947} INFO - Setting next_dagrun for example_nested_branch_dag to 2024-08-07 00:00:00+00:00, run_after=2024-08-08 00:00:00+00:00
[2024-08-08T03:19:09.874+0000] {processor.py:183} INFO - Processing /home/airflow/.local/lib/python3.12/site-packages/airflow/example_dags/example_nested_branch_dag.py took 0.203 seconds
[2024-08-08T03:19:41.317+0000] {processor.py:161} INFO - Started process (PID=426) to work on /home/airflow/.local/lib/python3.12/site-packages/airflow/example_dags/example_nested_branch_dag.py
[2024-08-08T03:19:41.335+0000] {processor.py:830} INFO - Processing file /home/airflow/.local/lib/python3.12/site-packages/airflow/example_dags/example_nested_branch_dag.py for tasks to queue
[2024-08-08T03:19:41.352+0000] {logging_mixin.py:188} INFO - [2024-08-08T03:19:41.351+0000] {dagbag.py:545} INFO - Filling up the DagBag from /home/airflow/.local/lib/python3.12/site-packages/airflow/example_dags/example_nested_branch_dag.py
[2024-08-08T03:19:41.399+0000] {processor.py:840} INFO - DAG(s) 'example_nested_branch_dag' retrieved from /home/airflow/.local/lib/python3.12/site-packages/airflow/example_dags/example_nested_branch_dag.py
[2024-08-08T03:19:41.430+0000] {logging_mixin.py:188} INFO - [2024-08-08T03:19:41.430+0000] {dag.py:3089} INFO - Sync 1 DAGs
[2024-08-08T03:19:41.531+0000] {logging_mixin.py:188} INFO - [2024-08-08T03:19:41.531+0000] {dag.py:3947} INFO - Setting next_dagrun for example_nested_branch_dag to 2024-08-07 00:00:00+00:00, run_after=2024-08-08 00:00:00+00:00
[2024-08-08T03:19:41.600+0000] {processor.py:183} INFO - Processing /home/airflow/.local/lib/python3.12/site-packages/airflow/example_dags/example_nested_branch_dag.py took 0.380 seconds
[2024-08-08T03:20:11.846+0000] {processor.py:161} INFO - Started process (PID=485) to work on /home/airflow/.local/lib/python3.12/site-packages/airflow/example_dags/example_nested_branch_dag.py
[2024-08-08T03:20:11.848+0000] {processor.py:830} INFO - Processing file /home/airflow/.local/lib/python3.12/site-packages/airflow/example_dags/example_nested_branch_dag.py for tasks to queue
[2024-08-08T03:20:11.856+0000] {logging_mixin.py:188} INFO - [2024-08-08T03:20:11.856+0000] {dagbag.py:545} INFO - Filling up the DagBag from /home/airflow/.local/lib/python3.12/site-packages/airflow/example_dags/example_nested_branch_dag.py
[2024-08-08T03:20:11.867+0000] {processor.py:840} INFO - DAG(s) 'example_nested_branch_dag' retrieved from /home/airflow/.local/lib/python3.12/site-packages/airflow/example_dags/example_nested_branch_dag.py
[2024-08-08T03:20:11.912+0000] {logging_mixin.py:188} INFO - [2024-08-08T03:20:11.912+0000] {dag.py:3089} INFO - Sync 1 DAGs
[2024-08-08T03:20:11.955+0000] {logging_mixin.py:188} INFO - [2024-08-08T03:20:11.955+0000] {dag.py:3947} INFO - Setting next_dagrun for example_nested_branch_dag to 2024-08-07 00:00:00+00:00, run_after=2024-08-08 00:00:00+00:00
[2024-08-08T03:20:11.998+0000] {processor.py:183} INFO - Processing /home/airflow/.local/lib/python3.12/site-packages/airflow/example_dags/example_nested_branch_dag.py took 0.157 seconds
[2024-08-08T03:20:42.771+0000] {processor.py:161} INFO - Started process (PID=545) to work on /home/airflow/.local/lib/python3.12/site-packages/airflow/example_dags/example_nested_branch_dag.py
[2024-08-08T03:20:42.772+0000] {processor.py:830} INFO - Processing file /home/airflow/.local/lib/python3.12/site-packages/airflow/example_dags/example_nested_branch_dag.py for tasks to queue
[2024-08-08T03:20:42.774+0000] {logging_mixin.py:188} INFO - [2024-08-08T03:20:42.773+0000] {dagbag.py:545} INFO - Filling up the DagBag from /home/airflow/.local/lib/python3.12/site-packages/airflow/example_dags/example_nested_branch_dag.py
[2024-08-08T03:20:42.785+0000] {processor.py:840} INFO - DAG(s) 'example_nested_branch_dag' retrieved from /home/airflow/.local/lib/python3.12/site-packages/airflow/example_dags/example_nested_branch_dag.py
[2024-08-08T03:20:42.806+0000] {logging_mixin.py:188} INFO - [2024-08-08T03:20:42.806+0000] {dag.py:3089} INFO - Sync 1 DAGs
[2024-08-08T03:20:42.834+0000] {logging_mixin.py:188} INFO - [2024-08-08T03:20:42.834+0000] {dag.py:3947} INFO - Setting next_dagrun for example_nested_branch_dag to 2024-08-07 00:00:00+00:00, run_after=2024-08-08 00:00:00+00:00
[2024-08-08T03:20:42.859+0000] {processor.py:183} INFO - Processing /home/airflow/.local/lib/python3.12/site-packages/airflow/example_dags/example_nested_branch_dag.py took 0.095 seconds
[2024-08-08T03:21:13.159+0000] {processor.py:161} INFO - Started process (PID=605) to work on /home/airflow/.local/lib/python3.12/site-packages/airflow/example_dags/example_nested_branch_dag.py
[2024-08-08T03:21:13.161+0000] {processor.py:830} INFO - Processing file /home/airflow/.local/lib/python3.12/site-packages/airflow/example_dags/example_nested_branch_dag.py for tasks to queue
[2024-08-08T03:21:13.163+0000] {logging_mixin.py:188} INFO - [2024-08-08T03:21:13.162+0000] {dagbag.py:545} INFO - Filling up the DagBag from /home/airflow/.local/lib/python3.12/site-packages/airflow/example_dags/example_nested_branch_dag.py
[2024-08-08T03:21:13.174+0000] {processor.py:840} INFO - DAG(s) 'example_nested_branch_dag' retrieved from /home/airflow/.local/lib/python3.12/site-packages/airflow/example_dags/example_nested_branch_dag.py
[2024-08-08T03:21:13.201+0000] {logging_mixin.py:188} INFO - [2024-08-08T03:21:13.200+0000] {dag.py:3089} INFO - Sync 1 DAGs
[2024-08-08T03:21:13.223+0000] {logging_mixin.py:188} INFO - [2024-08-08T03:21:13.223+0000] {dag.py:3947} INFO - Setting next_dagrun for example_nested_branch_dag to 2024-08-07 00:00:00+00:00, run_after=2024-08-08 00:00:00+00:00
[2024-08-08T03:21:13.250+0000] {processor.py:183} INFO - Processing /home/airflow/.local/lib/python3.12/site-packages/airflow/example_dags/example_nested_branch_dag.py took 0.096 seconds
