[2024-08-08T03:16:43.504+0000] {processor.py:161} INFO - Started process (PID=93) to work on /home/airflow/.local/lib/python3.12/site-packages/airflow/example_dags/example_skip_dag.py
[2024-08-08T03:16:43.521+0000] {processor.py:830} INFO - Processing file /home/airflow/.local/lib/python3.12/site-packages/airflow/example_dags/example_skip_dag.py for tasks to queue
[2024-08-08T03:16:43.542+0000] {logging_mixin.py:188} INFO - [2024-08-08T03:16:43.541+0000] {dagbag.py:545} INFO - Filling up the DagBag from /home/airflow/.local/lib/python3.12/site-packages/airflow/example_dags/example_skip_dag.py
[2024-08-08T03:16:43.623+0000] {processor.py:840} INFO - DAG(s) 'example_skip_dag' retrieved from /home/airflow/.local/lib/python3.12/site-packages/airflow/example_dags/example_skip_dag.py
[2024-08-08T03:16:43.966+0000] {logging_mixin.py:188} INFO - [2024-08-08T03:16:43.966+0000] {dag.py:3089} INFO - Sync 1 DAGs
[2024-08-08T03:16:44.259+0000] {logging_mixin.py:188} INFO - [2024-08-08T03:16:44.259+0000] {dag.py:3947} INFO - Setting next_dagrun for example_skip_dag to 2024-08-07 00:00:00+00:00, run_after=2024-08-08 00:00:00+00:00
[2024-08-08T03:16:44.447+0000] {processor.py:183} INFO - Processing /home/airflow/.local/lib/python3.12/site-packages/airflow/example_dags/example_skip_dag.py took 0.951 seconds
[2024-08-08T03:17:14.556+0000] {processor.py:161} INFO - Started process (PID=153) to work on /home/airflow/.local/lib/python3.12/site-packages/airflow/example_dags/example_skip_dag.py
[2024-08-08T03:17:14.558+0000] {processor.py:830} INFO - Processing file /home/airflow/.local/lib/python3.12/site-packages/airflow/example_dags/example_skip_dag.py for tasks to queue
[2024-08-08T03:17:14.566+0000] {logging_mixin.py:188} INFO - [2024-08-08T03:17:14.566+0000] {dagbag.py:545} INFO - Filling up the DagBag from /home/airflow/.local/lib/python3.12/site-packages/airflow/example_dags/example_skip_dag.py
[2024-08-08T03:17:14.572+0000] {processor.py:840} INFO - DAG(s) 'example_skip_dag' retrieved from /home/airflow/.local/lib/python3.12/site-packages/airflow/example_dags/example_skip_dag.py
[2024-08-08T03:17:14.594+0000] {logging_mixin.py:188} INFO - [2024-08-08T03:17:14.593+0000] {dag.py:3089} INFO - Sync 1 DAGs
[2024-08-08T03:17:14.636+0000] {logging_mixin.py:188} INFO - [2024-08-08T03:17:14.635+0000] {dag.py:3947} INFO - Setting next_dagrun for example_skip_dag to 2024-08-07 00:00:00+00:00, run_after=2024-08-08 00:00:00+00:00
[2024-08-08T03:17:14.666+0000] {processor.py:183} INFO - Processing /home/airflow/.local/lib/python3.12/site-packages/airflow/example_dags/example_skip_dag.py took 0.114 seconds
[2024-08-08T03:17:45.206+0000] {processor.py:161} INFO - Started process (PID=213) to work on /home/airflow/.local/lib/python3.12/site-packages/airflow/example_dags/example_skip_dag.py
[2024-08-08T03:17:45.207+0000] {processor.py:830} INFO - Processing file /home/airflow/.local/lib/python3.12/site-packages/airflow/example_dags/example_skip_dag.py for tasks to queue
[2024-08-08T03:17:45.215+0000] {logging_mixin.py:188} INFO - [2024-08-08T03:17:45.214+0000] {dagbag.py:545} INFO - Filling up the DagBag from /home/airflow/.local/lib/python3.12/site-packages/airflow/example_dags/example_skip_dag.py
[2024-08-08T03:17:45.222+0000] {processor.py:840} INFO - DAG(s) 'example_skip_dag' retrieved from /home/airflow/.local/lib/python3.12/site-packages/airflow/example_dags/example_skip_dag.py
[2024-08-08T03:17:45.394+0000] {logging_mixin.py:188} INFO - [2024-08-08T03:17:45.393+0000] {dag.py:3089} INFO - Sync 1 DAGs
[2024-08-08T03:17:45.428+0000] {logging_mixin.py:188} INFO - [2024-08-08T03:17:45.427+0000] {dag.py:3947} INFO - Setting next_dagrun for example_skip_dag to 2024-08-07 00:00:00+00:00, run_after=2024-08-08 00:00:00+00:00
[2024-08-08T03:17:45.471+0000] {processor.py:183} INFO - Processing /home/airflow/.local/lib/python3.12/site-packages/airflow/example_dags/example_skip_dag.py took 0.270 seconds
[2024-08-08T03:18:16.402+0000] {processor.py:161} INFO - Started process (PID=273) to work on /home/airflow/.local/lib/python3.12/site-packages/airflow/example_dags/example_skip_dag.py
[2024-08-08T03:18:16.404+0000] {processor.py:830} INFO - Processing file /home/airflow/.local/lib/python3.12/site-packages/airflow/example_dags/example_skip_dag.py for tasks to queue
[2024-08-08T03:18:16.406+0000] {logging_mixin.py:188} INFO - [2024-08-08T03:18:16.406+0000] {dagbag.py:545} INFO - Filling up the DagBag from /home/airflow/.local/lib/python3.12/site-packages/airflow/example_dags/example_skip_dag.py
[2024-08-08T03:18:16.413+0000] {processor.py:840} INFO - DAG(s) 'example_skip_dag' retrieved from /home/airflow/.local/lib/python3.12/site-packages/airflow/example_dags/example_skip_dag.py
[2024-08-08T03:18:16.435+0000] {logging_mixin.py:188} INFO - [2024-08-08T03:18:16.435+0000] {dag.py:3089} INFO - Sync 1 DAGs
[2024-08-08T03:18:16.458+0000] {logging_mixin.py:188} INFO - [2024-08-08T03:18:16.457+0000] {dag.py:3947} INFO - Setting next_dagrun for example_skip_dag to 2024-08-07 00:00:00+00:00, run_after=2024-08-08 00:00:00+00:00
[2024-08-08T03:18:16.484+0000] {processor.py:183} INFO - Processing /home/airflow/.local/lib/python3.12/site-packages/airflow/example_dags/example_skip_dag.py took 0.088 seconds
[2024-08-08T03:18:46.631+0000] {processor.py:161} INFO - Started process (PID=333) to work on /home/airflow/.local/lib/python3.12/site-packages/airflow/example_dags/example_skip_dag.py
[2024-08-08T03:18:46.684+0000] {processor.py:830} INFO - Processing file /home/airflow/.local/lib/python3.12/site-packages/airflow/example_dags/example_skip_dag.py for tasks to queue
[2024-08-08T03:18:46.687+0000] {logging_mixin.py:188} INFO - [2024-08-08T03:18:46.686+0000] {dagbag.py:545} INFO - Filling up the DagBag from /home/airflow/.local/lib/python3.12/site-packages/airflow/example_dags/example_skip_dag.py
[2024-08-08T03:18:46.693+0000] {processor.py:840} INFO - DAG(s) 'example_skip_dag' retrieved from /home/airflow/.local/lib/python3.12/site-packages/airflow/example_dags/example_skip_dag.py
[2024-08-08T03:18:46.712+0000] {logging_mixin.py:188} INFO - [2024-08-08T03:18:46.712+0000] {dag.py:3089} INFO - Sync 1 DAGs
[2024-08-08T03:18:46.733+0000] {logging_mixin.py:188} INFO - [2024-08-08T03:18:46.732+0000] {dag.py:3947} INFO - Setting next_dagrun for example_skip_dag to 2024-08-07 00:00:00+00:00, run_after=2024-08-08 00:00:00+00:00
[2024-08-08T03:18:46.760+0000] {processor.py:183} INFO - Processing /home/airflow/.local/lib/python3.12/site-packages/airflow/example_dags/example_skip_dag.py took 0.135 seconds
[2024-08-08T03:19:17.325+0000] {processor.py:161} INFO - Started process (PID=393) to work on /home/airflow/.local/lib/python3.12/site-packages/airflow/example_dags/example_skip_dag.py
[2024-08-08T03:19:17.327+0000] {processor.py:830} INFO - Processing file /home/airflow/.local/lib/python3.12/site-packages/airflow/example_dags/example_skip_dag.py for tasks to queue
[2024-08-08T03:19:17.329+0000] {logging_mixin.py:188} INFO - [2024-08-08T03:19:17.329+0000] {dagbag.py:545} INFO - Filling up the DagBag from /home/airflow/.local/lib/python3.12/site-packages/airflow/example_dags/example_skip_dag.py
[2024-08-08T03:19:17.335+0000] {processor.py:840} INFO - DAG(s) 'example_skip_dag' retrieved from /home/airflow/.local/lib/python3.12/site-packages/airflow/example_dags/example_skip_dag.py
[2024-08-08T03:19:17.356+0000] {logging_mixin.py:188} INFO - [2024-08-08T03:19:17.356+0000] {dag.py:3089} INFO - Sync 1 DAGs
[2024-08-08T03:19:17.379+0000] {logging_mixin.py:188} INFO - [2024-08-08T03:19:17.379+0000] {dag.py:3947} INFO - Setting next_dagrun for example_skip_dag to 2024-08-07 00:00:00+00:00, run_after=2024-08-08 00:00:00+00:00
[2024-08-08T03:19:17.411+0000] {processor.py:183} INFO - Processing /home/airflow/.local/lib/python3.12/site-packages/airflow/example_dags/example_skip_dag.py took 0.091 seconds
[2024-08-08T03:19:48.210+0000] {processor.py:161} INFO - Started process (PID=454) to work on /home/airflow/.local/lib/python3.12/site-packages/airflow/example_dags/example_skip_dag.py
[2024-08-08T03:19:48.211+0000] {processor.py:830} INFO - Processing file /home/airflow/.local/lib/python3.12/site-packages/airflow/example_dags/example_skip_dag.py for tasks to queue
[2024-08-08T03:19:48.214+0000] {logging_mixin.py:188} INFO - [2024-08-08T03:19:48.214+0000] {dagbag.py:545} INFO - Filling up the DagBag from /home/airflow/.local/lib/python3.12/site-packages/airflow/example_dags/example_skip_dag.py
[2024-08-08T03:19:48.235+0000] {processor.py:840} INFO - DAG(s) 'example_skip_dag' retrieved from /home/airflow/.local/lib/python3.12/site-packages/airflow/example_dags/example_skip_dag.py
[2024-08-08T03:19:48.275+0000] {logging_mixin.py:188} INFO - [2024-08-08T03:19:48.275+0000] {dag.py:3089} INFO - Sync 1 DAGs
[2024-08-08T03:19:48.319+0000] {logging_mixin.py:188} INFO - [2024-08-08T03:19:48.319+0000] {dag.py:3947} INFO - Setting next_dagrun for example_skip_dag to 2024-08-07 00:00:00+00:00, run_after=2024-08-08 00:00:00+00:00
[2024-08-08T03:19:48.357+0000] {processor.py:183} INFO - Processing /home/airflow/.local/lib/python3.12/site-packages/airflow/example_dags/example_skip_dag.py took 0.155 seconds
[2024-08-08T03:20:19.168+0000] {processor.py:161} INFO - Started process (PID=515) to work on /home/airflow/.local/lib/python3.12/site-packages/airflow/example_dags/example_skip_dag.py
[2024-08-08T03:20:19.170+0000] {processor.py:830} INFO - Processing file /home/airflow/.local/lib/python3.12/site-packages/airflow/example_dags/example_skip_dag.py for tasks to queue
[2024-08-08T03:20:19.172+0000] {logging_mixin.py:188} INFO - [2024-08-08T03:20:19.171+0000] {dagbag.py:545} INFO - Filling up the DagBag from /home/airflow/.local/lib/python3.12/site-packages/airflow/example_dags/example_skip_dag.py
[2024-08-08T03:20:19.179+0000] {processor.py:840} INFO - DAG(s) 'example_skip_dag' retrieved from /home/airflow/.local/lib/python3.12/site-packages/airflow/example_dags/example_skip_dag.py
[2024-08-08T03:20:19.206+0000] {logging_mixin.py:188} INFO - [2024-08-08T03:20:19.205+0000] {dag.py:3089} INFO - Sync 1 DAGs
[2024-08-08T03:20:19.232+0000] {logging_mixin.py:188} INFO - [2024-08-08T03:20:19.232+0000] {dag.py:3947} INFO - Setting next_dagrun for example_skip_dag to 2024-08-07 00:00:00+00:00, run_after=2024-08-08 00:00:00+00:00
[2024-08-08T03:20:19.260+0000] {processor.py:183} INFO - Processing /home/airflow/.local/lib/python3.12/site-packages/airflow/example_dags/example_skip_dag.py took 0.098 seconds
[2024-08-08T03:20:49.503+0000] {processor.py:161} INFO - Started process (PID=575) to work on /home/airflow/.local/lib/python3.12/site-packages/airflow/example_dags/example_skip_dag.py
[2024-08-08T03:20:49.504+0000] {processor.py:830} INFO - Processing file /home/airflow/.local/lib/python3.12/site-packages/airflow/example_dags/example_skip_dag.py for tasks to queue
[2024-08-08T03:20:49.506+0000] {logging_mixin.py:188} INFO - [2024-08-08T03:20:49.506+0000] {dagbag.py:545} INFO - Filling up the DagBag from /home/airflow/.local/lib/python3.12/site-packages/airflow/example_dags/example_skip_dag.py
[2024-08-08T03:20:49.512+0000] {processor.py:840} INFO - DAG(s) 'example_skip_dag' retrieved from /home/airflow/.local/lib/python3.12/site-packages/airflow/example_dags/example_skip_dag.py
[2024-08-08T03:20:49.560+0000] {logging_mixin.py:188} INFO - [2024-08-08T03:20:49.560+0000] {dag.py:3089} INFO - Sync 1 DAGs
[2024-08-08T03:20:49.594+0000] {logging_mixin.py:188} INFO - [2024-08-08T03:20:49.594+0000] {dag.py:3947} INFO - Setting next_dagrun for example_skip_dag to 2024-08-07 00:00:00+00:00, run_after=2024-08-08 00:00:00+00:00
[2024-08-08T03:20:49.633+0000] {processor.py:183} INFO - Processing /home/airflow/.local/lib/python3.12/site-packages/airflow/example_dags/example_skip_dag.py took 0.136 seconds
[2024-08-08T03:21:19.899+0000] {processor.py:161} INFO - Started process (PID=635) to work on /home/airflow/.local/lib/python3.12/site-packages/airflow/example_dags/example_skip_dag.py
[2024-08-08T03:21:19.923+0000] {processor.py:830} INFO - Processing file /home/airflow/.local/lib/python3.12/site-packages/airflow/example_dags/example_skip_dag.py for tasks to queue
[2024-08-08T03:21:19.928+0000] {logging_mixin.py:188} INFO - [2024-08-08T03:21:19.928+0000] {dagbag.py:545} INFO - Filling up the DagBag from /home/airflow/.local/lib/python3.12/site-packages/airflow/example_dags/example_skip_dag.py
[2024-08-08T03:21:19.995+0000] {processor.py:840} INFO - DAG(s) 'example_skip_dag' retrieved from /home/airflow/.local/lib/python3.12/site-packages/airflow/example_dags/example_skip_dag.py
[2024-08-08T03:21:20.206+0000] {logging_mixin.py:188} INFO - [2024-08-08T03:21:20.206+0000] {dag.py:3089} INFO - Sync 1 DAGs
[2024-08-08T03:21:20.521+0000] {logging_mixin.py:188} INFO - [2024-08-08T03:21:20.521+0000] {dag.py:3947} INFO - Setting next_dagrun for example_skip_dag to 2024-08-07 00:00:00+00:00, run_after=2024-08-08 00:00:00+00:00
[2024-08-08T03:21:20.608+0000] {processor.py:183} INFO - Processing /home/airflow/.local/lib/python3.12/site-packages/airflow/example_dags/example_skip_dag.py took 0.740 seconds
