[2024-08-08T03:16:24.448+0000] {processor.py:161} INFO - Started process (PID=67) to work on /home/airflow/.local/lib/python3.12/site-packages/airflow/example_dags/example_external_task_marker_dag.py
[2024-08-08T03:16:24.450+0000] {processor.py:830} INFO - Processing file /home/airflow/.local/lib/python3.12/site-packages/airflow/example_dags/example_external_task_marker_dag.py for tasks to queue
[2024-08-08T03:16:24.452+0000] {logging_mixin.py:188} INFO - [2024-08-08T03:16:24.452+0000] {dagbag.py:545} INFO - Filling up the DagBag from /home/airflow/.local/lib/python3.12/site-packages/airflow/example_dags/example_external_task_marker_dag.py
[2024-08-08T03:16:24.568+0000] {processor.py:840} INFO - DAG(s) 'example_external_task_marker_child', 'example_external_task_marker_parent' retrieved from /home/airflow/.local/lib/python3.12/site-packages/airflow/example_dags/example_external_task_marker_dag.py
[2024-08-08T03:16:24.595+0000] {logging_mixin.py:188} INFO - [2024-08-08T03:16:24.594+0000] {dag.py:3089} INFO - Sync 2 DAGs
[2024-08-08T03:16:24.610+0000] {logging_mixin.py:188} INFO - [2024-08-08T03:16:24.610+0000] {dag.py:3947} INFO - Setting next_dagrun for example_external_task_marker_child to None, run_after=None
[2024-08-08T03:16:24.614+0000] {logging_mixin.py:188} INFO - [2024-08-08T03:16:24.614+0000] {dag.py:3947} INFO - Setting next_dagrun for example_external_task_marker_parent to None, run_after=None
[2024-08-08T03:16:24.813+0000] {processor.py:183} INFO - Processing /home/airflow/.local/lib/python3.12/site-packages/airflow/example_dags/example_external_task_marker_dag.py took 0.371 seconds
[2024-08-08T03:17:06.162+0000] {processor.py:161} INFO - Started process (PID=127) to work on /home/airflow/.local/lib/python3.12/site-packages/airflow/example_dags/example_external_task_marker_dag.py
[2024-08-08T03:17:06.164+0000] {processor.py:830} INFO - Processing file /home/airflow/.local/lib/python3.12/site-packages/airflow/example_dags/example_external_task_marker_dag.py for tasks to queue
[2024-08-08T03:17:06.166+0000] {logging_mixin.py:188} INFO - [2024-08-08T03:17:06.166+0000] {dagbag.py:545} INFO - Filling up the DagBag from /home/airflow/.local/lib/python3.12/site-packages/airflow/example_dags/example_external_task_marker_dag.py
[2024-08-08T03:17:06.172+0000] {processor.py:840} INFO - DAG(s) 'example_external_task_marker_child', 'example_external_task_marker_parent' retrieved from /home/airflow/.local/lib/python3.12/site-packages/airflow/example_dags/example_external_task_marker_dag.py
[2024-08-08T03:17:06.196+0000] {logging_mixin.py:188} INFO - [2024-08-08T03:17:06.196+0000] {dag.py:3089} INFO - Sync 2 DAGs
[2024-08-08T03:17:06.211+0000] {logging_mixin.py:188} INFO - [2024-08-08T03:17:06.211+0000] {dag.py:3947} INFO - Setting next_dagrun for example_external_task_marker_child to None, run_after=None
[2024-08-08T03:17:06.216+0000] {logging_mixin.py:188} INFO - [2024-08-08T03:17:06.216+0000] {dag.py:3947} INFO - Setting next_dagrun for example_external_task_marker_parent to None, run_after=None
[2024-08-08T03:17:06.233+0000] {processor.py:183} INFO - Processing /home/airflow/.local/lib/python3.12/site-packages/airflow/example_dags/example_external_task_marker_dag.py took 0.078 seconds
[2024-08-08T03:17:36.726+0000] {processor.py:161} INFO - Started process (PID=185) to work on /home/airflow/.local/lib/python3.12/site-packages/airflow/example_dags/example_external_task_marker_dag.py
[2024-08-08T03:17:36.727+0000] {processor.py:830} INFO - Processing file /home/airflow/.local/lib/python3.12/site-packages/airflow/example_dags/example_external_task_marker_dag.py for tasks to queue
[2024-08-08T03:17:36.729+0000] {logging_mixin.py:188} INFO - [2024-08-08T03:17:36.729+0000] {dagbag.py:545} INFO - Filling up the DagBag from /home/airflow/.local/lib/python3.12/site-packages/airflow/example_dags/example_external_task_marker_dag.py
[2024-08-08T03:17:36.735+0000] {processor.py:840} INFO - DAG(s) 'example_external_task_marker_parent', 'example_external_task_marker_child' retrieved from /home/airflow/.local/lib/python3.12/site-packages/airflow/example_dags/example_external_task_marker_dag.py
[2024-08-08T03:17:36.745+0000] {logging_mixin.py:188} INFO - [2024-08-08T03:17:36.745+0000] {dag.py:3089} INFO - Sync 2 DAGs
[2024-08-08T03:17:36.758+0000] {logging_mixin.py:188} INFO - [2024-08-08T03:17:36.758+0000] {dag.py:3947} INFO - Setting next_dagrun for example_external_task_marker_child to None, run_after=None
[2024-08-08T03:17:36.762+0000] {logging_mixin.py:188} INFO - [2024-08-08T03:17:36.762+0000] {dag.py:3947} INFO - Setting next_dagrun for example_external_task_marker_parent to None, run_after=None
[2024-08-08T03:17:36.789+0000] {processor.py:183} INFO - Processing /home/airflow/.local/lib/python3.12/site-packages/airflow/example_dags/example_external_task_marker_dag.py took 0.068 seconds
[2024-08-08T03:18:07.977+0000] {processor.py:161} INFO - Started process (PID=244) to work on /home/airflow/.local/lib/python3.12/site-packages/airflow/example_dags/example_external_task_marker_dag.py
[2024-08-08T03:18:07.978+0000] {processor.py:830} INFO - Processing file /home/airflow/.local/lib/python3.12/site-packages/airflow/example_dags/example_external_task_marker_dag.py for tasks to queue
[2024-08-08T03:18:07.980+0000] {logging_mixin.py:188} INFO - [2024-08-08T03:18:07.979+0000] {dagbag.py:545} INFO - Filling up the DagBag from /home/airflow/.local/lib/python3.12/site-packages/airflow/example_dags/example_external_task_marker_dag.py
[2024-08-08T03:18:07.985+0000] {processor.py:840} INFO - DAG(s) 'example_external_task_marker_parent', 'example_external_task_marker_child' retrieved from /home/airflow/.local/lib/python3.12/site-packages/airflow/example_dags/example_external_task_marker_dag.py
[2024-08-08T03:18:08.096+0000] {logging_mixin.py:188} INFO - [2024-08-08T03:18:08.095+0000] {dag.py:3089} INFO - Sync 2 DAGs
[2024-08-08T03:18:08.108+0000] {logging_mixin.py:188} INFO - [2024-08-08T03:18:08.107+0000] {dag.py:3947} INFO - Setting next_dagrun for example_external_task_marker_child to None, run_after=None
[2024-08-08T03:18:08.111+0000] {logging_mixin.py:188} INFO - [2024-08-08T03:18:08.111+0000] {dag.py:3947} INFO - Setting next_dagrun for example_external_task_marker_parent to None, run_after=None
[2024-08-08T03:18:08.129+0000] {processor.py:183} INFO - Processing /home/airflow/.local/lib/python3.12/site-packages/airflow/example_dags/example_external_task_marker_dag.py took 0.157 seconds
[2024-08-08T03:18:39.183+0000] {processor.py:161} INFO - Started process (PID=304) to work on /home/airflow/.local/lib/python3.12/site-packages/airflow/example_dags/example_external_task_marker_dag.py
[2024-08-08T03:18:39.184+0000] {processor.py:830} INFO - Processing file /home/airflow/.local/lib/python3.12/site-packages/airflow/example_dags/example_external_task_marker_dag.py for tasks to queue
[2024-08-08T03:18:39.186+0000] {logging_mixin.py:188} INFO - [2024-08-08T03:18:39.186+0000] {dagbag.py:545} INFO - Filling up the DagBag from /home/airflow/.local/lib/python3.12/site-packages/airflow/example_dags/example_external_task_marker_dag.py
[2024-08-08T03:18:39.193+0000] {processor.py:840} INFO - DAG(s) 'example_external_task_marker_child', 'example_external_task_marker_parent' retrieved from /home/airflow/.local/lib/python3.12/site-packages/airflow/example_dags/example_external_task_marker_dag.py
[2024-08-08T03:18:39.216+0000] {logging_mixin.py:188} INFO - [2024-08-08T03:18:39.216+0000] {dag.py:3089} INFO - Sync 2 DAGs
[2024-08-08T03:18:39.229+0000] {logging_mixin.py:188} INFO - [2024-08-08T03:18:39.229+0000] {dag.py:3947} INFO - Setting next_dagrun for example_external_task_marker_child to None, run_after=None
[2024-08-08T03:18:39.233+0000] {logging_mixin.py:188} INFO - [2024-08-08T03:18:39.233+0000] {dag.py:3947} INFO - Setting next_dagrun for example_external_task_marker_parent to None, run_after=None
[2024-08-08T03:18:39.257+0000] {processor.py:183} INFO - Processing /home/airflow/.local/lib/python3.12/site-packages/airflow/example_dags/example_external_task_marker_dag.py took 0.080 seconds
[2024-08-08T03:19:09.476+0000] {processor.py:161} INFO - Started process (PID=364) to work on /home/airflow/.local/lib/python3.12/site-packages/airflow/example_dags/example_external_task_marker_dag.py
[2024-08-08T03:19:09.483+0000] {processor.py:830} INFO - Processing file /home/airflow/.local/lib/python3.12/site-packages/airflow/example_dags/example_external_task_marker_dag.py for tasks to queue
[2024-08-08T03:19:09.485+0000] {logging_mixin.py:188} INFO - [2024-08-08T03:19:09.484+0000] {dagbag.py:545} INFO - Filling up the DagBag from /home/airflow/.local/lib/python3.12/site-packages/airflow/example_dags/example_external_task_marker_dag.py
[2024-08-08T03:19:09.490+0000] {processor.py:840} INFO - DAG(s) 'example_external_task_marker_parent', 'example_external_task_marker_child' retrieved from /home/airflow/.local/lib/python3.12/site-packages/airflow/example_dags/example_external_task_marker_dag.py
[2024-08-08T03:19:09.519+0000] {logging_mixin.py:188} INFO - [2024-08-08T03:19:09.519+0000] {dag.py:3089} INFO - Sync 2 DAGs
[2024-08-08T03:19:09.536+0000] {logging_mixin.py:188} INFO - [2024-08-08T03:19:09.536+0000] {dag.py:3947} INFO - Setting next_dagrun for example_external_task_marker_child to None, run_after=None
[2024-08-08T03:19:09.541+0000] {logging_mixin.py:188} INFO - [2024-08-08T03:19:09.541+0000] {dag.py:3947} INFO - Setting next_dagrun for example_external_task_marker_parent to None, run_after=None
[2024-08-08T03:19:09.641+0000] {processor.py:183} INFO - Processing /home/airflow/.local/lib/python3.12/site-packages/airflow/example_dags/example_external_task_marker_dag.py took 0.174 seconds
[2024-08-08T03:19:40.689+0000] {processor.py:161} INFO - Started process (PID=424) to work on /home/airflow/.local/lib/python3.12/site-packages/airflow/example_dags/example_external_task_marker_dag.py
[2024-08-08T03:19:40.703+0000] {processor.py:830} INFO - Processing file /home/airflow/.local/lib/python3.12/site-packages/airflow/example_dags/example_external_task_marker_dag.py for tasks to queue
[2024-08-08T03:19:40.719+0000] {logging_mixin.py:188} INFO - [2024-08-08T03:19:40.718+0000] {dagbag.py:545} INFO - Filling up the DagBag from /home/airflow/.local/lib/python3.12/site-packages/airflow/example_dags/example_external_task_marker_dag.py
[2024-08-08T03:19:40.741+0000] {processor.py:840} INFO - DAG(s) 'example_external_task_marker_child', 'example_external_task_marker_parent' retrieved from /home/airflow/.local/lib/python3.12/site-packages/airflow/example_dags/example_external_task_marker_dag.py
[2024-08-08T03:19:40.848+0000] {logging_mixin.py:188} INFO - [2024-08-08T03:19:40.848+0000] {dag.py:3089} INFO - Sync 2 DAGs
[2024-08-08T03:19:40.882+0000] {logging_mixin.py:188} INFO - [2024-08-08T03:19:40.882+0000] {dag.py:3947} INFO - Setting next_dagrun for example_external_task_marker_child to None, run_after=None
[2024-08-08T03:19:40.902+0000] {logging_mixin.py:188} INFO - [2024-08-08T03:19:40.902+0000] {dag.py:3947} INFO - Setting next_dagrun for example_external_task_marker_parent to None, run_after=None
[2024-08-08T03:19:40.983+0000] {processor.py:183} INFO - Processing /home/airflow/.local/lib/python3.12/site-packages/airflow/example_dags/example_external_task_marker_dag.py took 0.379 seconds
[2024-08-08T03:20:11.838+0000] {processor.py:161} INFO - Started process (PID=484) to work on /home/airflow/.local/lib/python3.12/site-packages/airflow/example_dags/example_external_task_marker_dag.py
[2024-08-08T03:20:11.839+0000] {processor.py:830} INFO - Processing file /home/airflow/.local/lib/python3.12/site-packages/airflow/example_dags/example_external_task_marker_dag.py for tasks to queue
[2024-08-08T03:20:11.848+0000] {logging_mixin.py:188} INFO - [2024-08-08T03:20:11.848+0000] {dagbag.py:545} INFO - Filling up the DagBag from /home/airflow/.local/lib/python3.12/site-packages/airflow/example_dags/example_external_task_marker_dag.py
[2024-08-08T03:20:11.854+0000] {processor.py:840} INFO - DAG(s) 'example_external_task_marker_parent', 'example_external_task_marker_child' retrieved from /home/airflow/.local/lib/python3.12/site-packages/airflow/example_dags/example_external_task_marker_dag.py
[2024-08-08T03:20:11.902+0000] {logging_mixin.py:188} INFO - [2024-08-08T03:20:11.901+0000] {dag.py:3089} INFO - Sync 2 DAGs
[2024-08-08T03:20:11.922+0000] {logging_mixin.py:188} INFO - [2024-08-08T03:20:11.922+0000] {dag.py:3947} INFO - Setting next_dagrun for example_external_task_marker_child to None, run_after=None
[2024-08-08T03:20:11.934+0000] {logging_mixin.py:188} INFO - [2024-08-08T03:20:11.933+0000] {dag.py:3947} INFO - Setting next_dagrun for example_external_task_marker_parent to None, run_after=None
[2024-08-08T03:20:11.971+0000] {processor.py:183} INFO - Processing /home/airflow/.local/lib/python3.12/site-packages/airflow/example_dags/example_external_task_marker_dag.py took 0.138 seconds
[2024-08-08T03:20:42.771+0000] {processor.py:161} INFO - Started process (PID=544) to work on /home/airflow/.local/lib/python3.12/site-packages/airflow/example_dags/example_external_task_marker_dag.py
[2024-08-08T03:20:42.772+0000] {processor.py:830} INFO - Processing file /home/airflow/.local/lib/python3.12/site-packages/airflow/example_dags/example_external_task_marker_dag.py for tasks to queue
[2024-08-08T03:20:42.774+0000] {logging_mixin.py:188} INFO - [2024-08-08T03:20:42.773+0000] {dagbag.py:545} INFO - Filling up the DagBag from /home/airflow/.local/lib/python3.12/site-packages/airflow/example_dags/example_external_task_marker_dag.py
[2024-08-08T03:20:42.779+0000] {processor.py:840} INFO - DAG(s) 'example_external_task_marker_parent', 'example_external_task_marker_child' retrieved from /home/airflow/.local/lib/python3.12/site-packages/airflow/example_dags/example_external_task_marker_dag.py
[2024-08-08T03:20:42.806+0000] {logging_mixin.py:188} INFO - [2024-08-08T03:20:42.805+0000] {dag.py:3089} INFO - Sync 2 DAGs
[2024-08-08T03:20:42.820+0000] {logging_mixin.py:188} INFO - [2024-08-08T03:20:42.820+0000] {dag.py:3947} INFO - Setting next_dagrun for example_external_task_marker_child to None, run_after=None
[2024-08-08T03:20:42.831+0000] {logging_mixin.py:188} INFO - [2024-08-08T03:20:42.831+0000] {dag.py:3947} INFO - Setting next_dagrun for example_external_task_marker_parent to None, run_after=None
[2024-08-08T03:20:42.856+0000] {processor.py:183} INFO - Processing /home/airflow/.local/lib/python3.12/site-packages/airflow/example_dags/example_external_task_marker_dag.py took 0.092 seconds
[2024-08-08T03:21:13.159+0000] {processor.py:161} INFO - Started process (PID=604) to work on /home/airflow/.local/lib/python3.12/site-packages/airflow/example_dags/example_external_task_marker_dag.py
[2024-08-08T03:21:13.161+0000] {processor.py:830} INFO - Processing file /home/airflow/.local/lib/python3.12/site-packages/airflow/example_dags/example_external_task_marker_dag.py for tasks to queue
[2024-08-08T03:21:13.163+0000] {logging_mixin.py:188} INFO - [2024-08-08T03:21:13.162+0000] {dagbag.py:545} INFO - Filling up the DagBag from /home/airflow/.local/lib/python3.12/site-packages/airflow/example_dags/example_external_task_marker_dag.py
[2024-08-08T03:21:13.170+0000] {processor.py:840} INFO - DAG(s) 'example_external_task_marker_child', 'example_external_task_marker_parent' retrieved from /home/airflow/.local/lib/python3.12/site-packages/airflow/example_dags/example_external_task_marker_dag.py
[2024-08-08T03:21:13.191+0000] {logging_mixin.py:188} INFO - [2024-08-08T03:21:13.190+0000] {dag.py:3089} INFO - Sync 2 DAGs
[2024-08-08T03:21:13.203+0000] {logging_mixin.py:188} INFO - [2024-08-08T03:21:13.202+0000] {dag.py:3947} INFO - Setting next_dagrun for example_external_task_marker_child to None, run_after=None
[2024-08-08T03:21:13.206+0000] {logging_mixin.py:188} INFO - [2024-08-08T03:21:13.206+0000] {dag.py:3947} INFO - Setting next_dagrun for example_external_task_marker_parent to None, run_after=None
[2024-08-08T03:21:13.226+0000] {processor.py:183} INFO - Processing /home/airflow/.local/lib/python3.12/site-packages/airflow/example_dags/example_external_task_marker_dag.py took 0.073 seconds
