[2024-08-08T03:16:21.169+0000] {processor.py:161} INFO - Started process (PID=60) to work on /home/airflow/.local/lib/python3.12/site-packages/airflow/example_dags/example_latest_only.py
[2024-08-08T03:16:21.174+0000] {processor.py:830} INFO - Processing file /home/airflow/.local/lib/python3.12/site-packages/airflow/example_dags/example_latest_only.py for tasks to queue
[2024-08-08T03:16:21.183+0000] {logging_mixin.py:188} INFO - [2024-08-08T03:16:21.182+0000] {dagbag.py:545} INFO - Filling up the DagBag from /home/airflow/.local/lib/python3.12/site-packages/airflow/example_dags/example_latest_only.py
[2024-08-08T03:16:21.258+0000] {processor.py:840} INFO - DAG(s) 'latest_only' retrieved from /home/airflow/.local/lib/python3.12/site-packages/airflow/example_dags/example_latest_only.py
[2024-08-08T03:16:21.382+0000] {logging_mixin.py:188} INFO - [2024-08-08T03:16:21.381+0000] {dag.py:3089} INFO - Sync 1 DAGs
[2024-08-08T03:16:21.431+0000] {logging_mixin.py:188} INFO - [2024-08-08T03:16:21.431+0000] {dag.py:3947} INFO - Setting next_dagrun for latest_only to 2024-08-07 20:00:00+00:00, run_after=2024-08-08 00:00:00+00:00
[2024-08-08T03:16:21.485+0000] {processor.py:183} INFO - Processing /home/airflow/.local/lib/python3.12/site-packages/airflow/example_dags/example_latest_only.py took 0.321 seconds
[2024-08-08T03:17:05.287+0000] {processor.py:161} INFO - Started process (PID=121) to work on /home/airflow/.local/lib/python3.12/site-packages/airflow/example_dags/example_latest_only.py
[2024-08-08T03:17:05.290+0000] {processor.py:830} INFO - Processing file /home/airflow/.local/lib/python3.12/site-packages/airflow/example_dags/example_latest_only.py for tasks to queue
[2024-08-08T03:17:05.297+0000] {logging_mixin.py:188} INFO - [2024-08-08T03:17:05.296+0000] {dagbag.py:545} INFO - Filling up the DagBag from /home/airflow/.local/lib/python3.12/site-packages/airflow/example_dags/example_latest_only.py
[2024-08-08T03:17:05.309+0000] {processor.py:840} INFO - DAG(s) 'latest_only' retrieved from /home/airflow/.local/lib/python3.12/site-packages/airflow/example_dags/example_latest_only.py
[2024-08-08T03:17:05.332+0000] {logging_mixin.py:188} INFO - [2024-08-08T03:17:05.332+0000] {dag.py:3089} INFO - Sync 1 DAGs
[2024-08-08T03:17:05.369+0000] {logging_mixin.py:188} INFO - [2024-08-08T03:17:05.369+0000] {dag.py:3947} INFO - Setting next_dagrun for latest_only to 2024-08-07 20:00:00+00:00, run_after=2024-08-08 00:00:00+00:00
[2024-08-08T03:17:05.394+0000] {processor.py:183} INFO - Processing /home/airflow/.local/lib/python3.12/site-packages/airflow/example_dags/example_latest_only.py took 0.118 seconds
[2024-08-08T03:17:36.185+0000] {processor.py:161} INFO - Started process (PID=178) to work on /home/airflow/.local/lib/python3.12/site-packages/airflow/example_dags/example_latest_only.py
[2024-08-08T03:17:36.185+0000] {processor.py:830} INFO - Processing file /home/airflow/.local/lib/python3.12/site-packages/airflow/example_dags/example_latest_only.py for tasks to queue
[2024-08-08T03:17:36.187+0000] {logging_mixin.py:188} INFO - [2024-08-08T03:17:36.187+0000] {dagbag.py:545} INFO - Filling up the DagBag from /home/airflow/.local/lib/python3.12/site-packages/airflow/example_dags/example_latest_only.py
[2024-08-08T03:17:36.192+0000] {processor.py:840} INFO - DAG(s) 'latest_only' retrieved from /home/airflow/.local/lib/python3.12/site-packages/airflow/example_dags/example_latest_only.py
[2024-08-08T03:17:36.204+0000] {logging_mixin.py:188} INFO - [2024-08-08T03:17:36.203+0000] {dag.py:3089} INFO - Sync 1 DAGs
[2024-08-08T03:17:36.225+0000] {logging_mixin.py:188} INFO - [2024-08-08T03:17:36.225+0000] {dag.py:3947} INFO - Setting next_dagrun for latest_only to 2024-08-07 20:00:00+00:00, run_after=2024-08-08 00:00:00+00:00
[2024-08-08T03:17:36.252+0000] {processor.py:183} INFO - Processing /home/airflow/.local/lib/python3.12/site-packages/airflow/example_dags/example_latest_only.py took 0.073 seconds
[2024-08-08T03:18:07.302+0000] {processor.py:161} INFO - Started process (PID=238) to work on /home/airflow/.local/lib/python3.12/site-packages/airflow/example_dags/example_latest_only.py
[2024-08-08T03:18:07.303+0000] {processor.py:830} INFO - Processing file /home/airflow/.local/lib/python3.12/site-packages/airflow/example_dags/example_latest_only.py for tasks to queue
[2024-08-08T03:18:07.305+0000] {logging_mixin.py:188} INFO - [2024-08-08T03:18:07.305+0000] {dagbag.py:545} INFO - Filling up the DagBag from /home/airflow/.local/lib/python3.12/site-packages/airflow/example_dags/example_latest_only.py
[2024-08-08T03:18:07.310+0000] {processor.py:840} INFO - DAG(s) 'latest_only' retrieved from /home/airflow/.local/lib/python3.12/site-packages/airflow/example_dags/example_latest_only.py
[2024-08-08T03:18:07.406+0000] {logging_mixin.py:188} INFO - [2024-08-08T03:18:07.406+0000] {dag.py:3089} INFO - Sync 1 DAGs
[2024-08-08T03:18:07.424+0000] {logging_mixin.py:188} INFO - [2024-08-08T03:18:07.424+0000] {dag.py:3947} INFO - Setting next_dagrun for latest_only to 2024-08-07 20:00:00+00:00, run_after=2024-08-08 00:00:00+00:00
[2024-08-08T03:18:07.451+0000] {processor.py:183} INFO - Processing /home/airflow/.local/lib/python3.12/site-packages/airflow/example_dags/example_latest_only.py took 0.156 seconds
[2024-08-08T03:18:38.482+0000] {processor.py:161} INFO - Started process (PID=298) to work on /home/airflow/.local/lib/python3.12/site-packages/airflow/example_dags/example_latest_only.py
[2024-08-08T03:18:38.483+0000] {processor.py:830} INFO - Processing file /home/airflow/.local/lib/python3.12/site-packages/airflow/example_dags/example_latest_only.py for tasks to queue
[2024-08-08T03:18:38.485+0000] {logging_mixin.py:188} INFO - [2024-08-08T03:18:38.485+0000] {dagbag.py:545} INFO - Filling up the DagBag from /home/airflow/.local/lib/python3.12/site-packages/airflow/example_dags/example_latest_only.py
[2024-08-08T03:18:38.490+0000] {processor.py:840} INFO - DAG(s) 'latest_only' retrieved from /home/airflow/.local/lib/python3.12/site-packages/airflow/example_dags/example_latest_only.py
[2024-08-08T03:18:38.509+0000] {logging_mixin.py:188} INFO - [2024-08-08T03:18:38.509+0000] {dag.py:3089} INFO - Sync 1 DAGs
[2024-08-08T03:18:38.534+0000] {logging_mixin.py:188} INFO - [2024-08-08T03:18:38.534+0000] {dag.py:3947} INFO - Setting next_dagrun for latest_only to 2024-08-07 20:00:00+00:00, run_after=2024-08-08 00:00:00+00:00
[2024-08-08T03:18:38.560+0000] {processor.py:183} INFO - Processing /home/airflow/.local/lib/python3.12/site-packages/airflow/example_dags/example_latest_only.py took 0.083 seconds
[2024-08-08T03:19:08.939+0000] {processor.py:161} INFO - Started process (PID=357) to work on /home/airflow/.local/lib/python3.12/site-packages/airflow/example_dags/example_latest_only.py
[2024-08-08T03:19:08.940+0000] {processor.py:830} INFO - Processing file /home/airflow/.local/lib/python3.12/site-packages/airflow/example_dags/example_latest_only.py for tasks to queue
[2024-08-08T03:19:08.942+0000] {logging_mixin.py:188} INFO - [2024-08-08T03:19:08.942+0000] {dagbag.py:545} INFO - Filling up the DagBag from /home/airflow/.local/lib/python3.12/site-packages/airflow/example_dags/example_latest_only.py
[2024-08-08T03:19:08.948+0000] {processor.py:840} INFO - DAG(s) 'latest_only' retrieved from /home/airflow/.local/lib/python3.12/site-packages/airflow/example_dags/example_latest_only.py
[2024-08-08T03:19:08.968+0000] {logging_mixin.py:188} INFO - [2024-08-08T03:19:08.968+0000] {dag.py:3089} INFO - Sync 1 DAGs
[2024-08-08T03:19:08.994+0000] {logging_mixin.py:188} INFO - [2024-08-08T03:19:08.994+0000] {dag.py:3947} INFO - Setting next_dagrun for latest_only to 2024-08-07 20:00:00+00:00, run_after=2024-08-08 00:00:00+00:00
[2024-08-08T03:19:09.021+0000] {processor.py:183} INFO - Processing /home/airflow/.local/lib/python3.12/site-packages/airflow/example_dags/example_latest_only.py took 0.087 seconds
[2024-08-08T03:19:39.604+0000] {processor.py:161} INFO - Started process (PID=418) to work on /home/airflow/.local/lib/python3.12/site-packages/airflow/example_dags/example_latest_only.py
[2024-08-08T03:19:39.620+0000] {processor.py:830} INFO - Processing file /home/airflow/.local/lib/python3.12/site-packages/airflow/example_dags/example_latest_only.py for tasks to queue
[2024-08-08T03:19:39.631+0000] {logging_mixin.py:188} INFO - [2024-08-08T03:19:39.630+0000] {dagbag.py:545} INFO - Filling up the DagBag from /home/airflow/.local/lib/python3.12/site-packages/airflow/example_dags/example_latest_only.py
[2024-08-08T03:19:39.636+0000] {processor.py:840} INFO - DAG(s) 'latest_only' retrieved from /home/airflow/.local/lib/python3.12/site-packages/airflow/example_dags/example_latest_only.py
[2024-08-08T03:19:39.745+0000] {logging_mixin.py:188} INFO - [2024-08-08T03:19:39.745+0000] {dag.py:3089} INFO - Sync 1 DAGs
[2024-08-08T03:19:39.894+0000] {logging_mixin.py:188} INFO - [2024-08-08T03:19:39.893+0000] {dag.py:3947} INFO - Setting next_dagrun for latest_only to 2024-08-07 20:00:00+00:00, run_after=2024-08-08 00:00:00+00:00
[2024-08-08T03:19:39.971+0000] {processor.py:183} INFO - Processing /home/airflow/.local/lib/python3.12/site-packages/airflow/example_dags/example_latest_only.py took 0.373 seconds
[2024-08-08T03:20:10.570+0000] {processor.py:161} INFO - Started process (PID=479) to work on /home/airflow/.local/lib/python3.12/site-packages/airflow/example_dags/example_latest_only.py
[2024-08-08T03:20:10.572+0000] {processor.py:830} INFO - Processing file /home/airflow/.local/lib/python3.12/site-packages/airflow/example_dags/example_latest_only.py for tasks to queue
[2024-08-08T03:20:10.574+0000] {logging_mixin.py:188} INFO - [2024-08-08T03:20:10.574+0000] {dagbag.py:545} INFO - Filling up the DagBag from /home/airflow/.local/lib/python3.12/site-packages/airflow/example_dags/example_latest_only.py
[2024-08-08T03:20:10.579+0000] {processor.py:840} INFO - DAG(s) 'latest_only' retrieved from /home/airflow/.local/lib/python3.12/site-packages/airflow/example_dags/example_latest_only.py
[2024-08-08T03:20:10.601+0000] {logging_mixin.py:188} INFO - [2024-08-08T03:20:10.601+0000] {dag.py:3089} INFO - Sync 1 DAGs
[2024-08-08T03:20:10.622+0000] {logging_mixin.py:188} INFO - [2024-08-08T03:20:10.622+0000] {dag.py:3947} INFO - Setting next_dagrun for latest_only to 2024-08-07 20:00:00+00:00, run_after=2024-08-08 00:00:00+00:00
[2024-08-08T03:20:10.652+0000] {processor.py:183} INFO - Processing /home/airflow/.local/lib/python3.12/site-packages/airflow/example_dags/example_latest_only.py took 0.088 seconds
[2024-08-08T03:20:41.421+0000] {processor.py:161} INFO - Started process (PID=539) to work on /home/airflow/.local/lib/python3.12/site-packages/airflow/example_dags/example_latest_only.py
[2024-08-08T03:20:41.423+0000] {processor.py:830} INFO - Processing file /home/airflow/.local/lib/python3.12/site-packages/airflow/example_dags/example_latest_only.py for tasks to queue
[2024-08-08T03:20:41.425+0000] {logging_mixin.py:188} INFO - [2024-08-08T03:20:41.425+0000] {dagbag.py:545} INFO - Filling up the DagBag from /home/airflow/.local/lib/python3.12/site-packages/airflow/example_dags/example_latest_only.py
[2024-08-08T03:20:41.431+0000] {processor.py:840} INFO - DAG(s) 'latest_only' retrieved from /home/airflow/.local/lib/python3.12/site-packages/airflow/example_dags/example_latest_only.py
[2024-08-08T03:20:41.452+0000] {logging_mixin.py:188} INFO - [2024-08-08T03:20:41.452+0000] {dag.py:3089} INFO - Sync 1 DAGs
[2024-08-08T03:20:41.473+0000] {logging_mixin.py:188} INFO - [2024-08-08T03:20:41.473+0000] {dag.py:3947} INFO - Setting next_dagrun for latest_only to 2024-08-07 20:00:00+00:00, run_after=2024-08-08 00:00:00+00:00
[2024-08-08T03:20:41.498+0000] {processor.py:183} INFO - Processing /home/airflow/.local/lib/python3.12/site-packages/airflow/example_dags/example_latest_only.py took 0.083 seconds
[2024-08-08T03:21:11.756+0000] {processor.py:161} INFO - Started process (PID=599) to work on /home/airflow/.local/lib/python3.12/site-packages/airflow/example_dags/example_latest_only.py
[2024-08-08T03:21:11.758+0000] {processor.py:830} INFO - Processing file /home/airflow/.local/lib/python3.12/site-packages/airflow/example_dags/example_latest_only.py for tasks to queue
[2024-08-08T03:21:11.760+0000] {logging_mixin.py:188} INFO - [2024-08-08T03:21:11.760+0000] {dagbag.py:545} INFO - Filling up the DagBag from /home/airflow/.local/lib/python3.12/site-packages/airflow/example_dags/example_latest_only.py
[2024-08-08T03:21:11.767+0000] {processor.py:840} INFO - DAG(s) 'latest_only' retrieved from /home/airflow/.local/lib/python3.12/site-packages/airflow/example_dags/example_latest_only.py
[2024-08-08T03:21:11.789+0000] {logging_mixin.py:188} INFO - [2024-08-08T03:21:11.788+0000] {dag.py:3089} INFO - Sync 1 DAGs
[2024-08-08T03:21:11.814+0000] {logging_mixin.py:188} INFO - [2024-08-08T03:21:11.814+0000] {dag.py:3947} INFO - Setting next_dagrun for latest_only to 2024-08-07 20:00:00+00:00, run_after=2024-08-08 00:00:00+00:00
[2024-08-08T03:21:11.841+0000] {processor.py:183} INFO - Processing /home/airflow/.local/lib/python3.12/site-packages/airflow/example_dags/example_latest_only.py took 0.091 seconds
