[2024-08-08T03:16:28.016+0000] {processor.py:161} INFO - Started process (PID=81) to work on /home/airflow/.local/lib/python3.12/site-packages/airflow/example_dags/example_branch_operator_decorator.py
[2024-08-08T03:16:28.021+0000] {processor.py:830} INFO - Processing file /home/airflow/.local/lib/python3.12/site-packages/airflow/example_dags/example_branch_operator_decorator.py for tasks to queue
[2024-08-08T03:16:28.027+0000] {logging_mixin.py:188} INFO - [2024-08-08T03:16:28.025+0000] {dagbag.py:545} INFO - Filling up the DagBag from /home/airflow/.local/lib/python3.12/site-packages/airflow/example_dags/example_branch_operator_decorator.py
[2024-08-08T03:16:28.092+0000] {processor.py:840} INFO - DAG(s) 'example_branch_python_operator_decorator' retrieved from /home/airflow/.local/lib/python3.12/site-packages/airflow/example_dags/example_branch_operator_decorator.py
[2024-08-08T03:16:28.430+0000] {logging_mixin.py:188} INFO - [2024-08-08T03:16:28.430+0000] {dag.py:3089} INFO - Sync 1 DAGs
[2024-08-08T03:16:28.467+0000] {logging_mixin.py:188} INFO - [2024-08-08T03:16:28.467+0000] {dag.py:3947} INFO - Setting next_dagrun for example_branch_python_operator_decorator to 2024-08-07 00:00:00+00:00, run_after=2024-08-08 00:00:00+00:00
[2024-08-08T03:16:28.710+0000] {processor.py:183} INFO - Processing /home/airflow/.local/lib/python3.12/site-packages/airflow/example_dags/example_branch_operator_decorator.py took 0.703 seconds
[2024-08-08T03:17:10.761+0000] {processor.py:161} INFO - Started process (PID=141) to work on /home/airflow/.local/lib/python3.12/site-packages/airflow/example_dags/example_branch_operator_decorator.py
[2024-08-08T03:17:10.766+0000] {processor.py:830} INFO - Processing file /home/airflow/.local/lib/python3.12/site-packages/airflow/example_dags/example_branch_operator_decorator.py for tasks to queue
[2024-08-08T03:17:10.768+0000] {logging_mixin.py:188} INFO - [2024-08-08T03:17:10.768+0000] {dagbag.py:545} INFO - Filling up the DagBag from /home/airflow/.local/lib/python3.12/site-packages/airflow/example_dags/example_branch_operator_decorator.py
[2024-08-08T03:17:10.791+0000] {processor.py:840} INFO - DAG(s) 'example_branch_python_operator_decorator' retrieved from /home/airflow/.local/lib/python3.12/site-packages/airflow/example_dags/example_branch_operator_decorator.py
[2024-08-08T03:17:10.824+0000] {logging_mixin.py:188} INFO - [2024-08-08T03:17:10.824+0000] {dag.py:3089} INFO - Sync 1 DAGs
[2024-08-08T03:17:10.846+0000] {logging_mixin.py:188} INFO - [2024-08-08T03:17:10.846+0000] {dag.py:3947} INFO - Setting next_dagrun for example_branch_python_operator_decorator to 2024-08-07 00:00:00+00:00, run_after=2024-08-08 00:00:00+00:00
[2024-08-08T03:17:10.949+0000] {processor.py:183} INFO - Processing /home/airflow/.local/lib/python3.12/site-packages/airflow/example_dags/example_branch_operator_decorator.py took 0.195 seconds
[2024-08-08T03:17:41.598+0000] {processor.py:161} INFO - Started process (PID=200) to work on /home/airflow/.local/lib/python3.12/site-packages/airflow/example_dags/example_branch_operator_decorator.py
[2024-08-08T03:17:41.599+0000] {processor.py:830} INFO - Processing file /home/airflow/.local/lib/python3.12/site-packages/airflow/example_dags/example_branch_operator_decorator.py for tasks to queue
[2024-08-08T03:17:41.602+0000] {logging_mixin.py:188} INFO - [2024-08-08T03:17:41.601+0000] {dagbag.py:545} INFO - Filling up the DagBag from /home/airflow/.local/lib/python3.12/site-packages/airflow/example_dags/example_branch_operator_decorator.py
[2024-08-08T03:17:41.624+0000] {processor.py:840} INFO - DAG(s) 'example_branch_python_operator_decorator' retrieved from /home/airflow/.local/lib/python3.12/site-packages/airflow/example_dags/example_branch_operator_decorator.py
[2024-08-08T03:17:41.633+0000] {logging_mixin.py:188} INFO - [2024-08-08T03:17:41.633+0000] {dag.py:3089} INFO - Sync 1 DAGs
[2024-08-08T03:17:41.656+0000] {logging_mixin.py:188} INFO - [2024-08-08T03:17:41.656+0000] {dag.py:3947} INFO - Setting next_dagrun for example_branch_python_operator_decorator to 2024-08-07 00:00:00+00:00, run_after=2024-08-08 00:00:00+00:00
[2024-08-08T03:17:41.704+0000] {processor.py:183} INFO - Processing /home/airflow/.local/lib/python3.12/site-packages/airflow/example_dags/example_branch_operator_decorator.py took 0.113 seconds
[2024-08-08T03:18:11.853+0000] {processor.py:161} INFO - Started process (PID=260) to work on /home/airflow/.local/lib/python3.12/site-packages/airflow/example_dags/example_branch_operator_decorator.py
[2024-08-08T03:18:11.854+0000] {processor.py:830} INFO - Processing file /home/airflow/.local/lib/python3.12/site-packages/airflow/example_dags/example_branch_operator_decorator.py for tasks to queue
[2024-08-08T03:18:11.855+0000] {logging_mixin.py:188} INFO - [2024-08-08T03:18:11.855+0000] {dagbag.py:545} INFO - Filling up the DagBag from /home/airflow/.local/lib/python3.12/site-packages/airflow/example_dags/example_branch_operator_decorator.py
[2024-08-08T03:18:11.875+0000] {processor.py:840} INFO - DAG(s) 'example_branch_python_operator_decorator' retrieved from /home/airflow/.local/lib/python3.12/site-packages/airflow/example_dags/example_branch_operator_decorator.py
[2024-08-08T03:18:11.988+0000] {logging_mixin.py:188} INFO - [2024-08-08T03:18:11.988+0000] {dag.py:3089} INFO - Sync 1 DAGs
[2024-08-08T03:18:12.012+0000] {logging_mixin.py:188} INFO - [2024-08-08T03:18:12.012+0000] {dag.py:3947} INFO - Setting next_dagrun for example_branch_python_operator_decorator to 2024-08-07 00:00:00+00:00, run_after=2024-08-08 00:00:00+00:00
[2024-08-08T03:18:12.035+0000] {processor.py:183} INFO - Processing /home/airflow/.local/lib/python3.12/site-packages/airflow/example_dags/example_branch_operator_decorator.py took 0.188 seconds
[2024-08-08T03:18:42.230+0000] {processor.py:161} INFO - Started process (PID=320) to work on /home/airflow/.local/lib/python3.12/site-packages/airflow/example_dags/example_branch_operator_decorator.py
[2024-08-08T03:18:42.231+0000] {processor.py:830} INFO - Processing file /home/airflow/.local/lib/python3.12/site-packages/airflow/example_dags/example_branch_operator_decorator.py for tasks to queue
[2024-08-08T03:18:42.233+0000] {logging_mixin.py:188} INFO - [2024-08-08T03:18:42.233+0000] {dagbag.py:545} INFO - Filling up the DagBag from /home/airflow/.local/lib/python3.12/site-packages/airflow/example_dags/example_branch_operator_decorator.py
[2024-08-08T03:18:42.257+0000] {processor.py:840} INFO - DAG(s) 'example_branch_python_operator_decorator' retrieved from /home/airflow/.local/lib/python3.12/site-packages/airflow/example_dags/example_branch_operator_decorator.py
[2024-08-08T03:18:42.282+0000] {logging_mixin.py:188} INFO - [2024-08-08T03:18:42.282+0000] {dag.py:3089} INFO - Sync 1 DAGs
[2024-08-08T03:18:42.305+0000] {logging_mixin.py:188} INFO - [2024-08-08T03:18:42.304+0000] {dag.py:3947} INFO - Setting next_dagrun for example_branch_python_operator_decorator to 2024-08-07 00:00:00+00:00, run_after=2024-08-08 00:00:00+00:00
[2024-08-08T03:18:42.339+0000] {processor.py:183} INFO - Processing /home/airflow/.local/lib/python3.12/site-packages/airflow/example_dags/example_branch_operator_decorator.py took 0.115 seconds
[2024-08-08T03:19:12.501+0000] {processor.py:161} INFO - Started process (PID=380) to work on /home/airflow/.local/lib/python3.12/site-packages/airflow/example_dags/example_branch_operator_decorator.py
[2024-08-08T03:19:12.503+0000] {processor.py:830} INFO - Processing file /home/airflow/.local/lib/python3.12/site-packages/airflow/example_dags/example_branch_operator_decorator.py for tasks to queue
[2024-08-08T03:19:12.505+0000] {logging_mixin.py:188} INFO - [2024-08-08T03:19:12.505+0000] {dagbag.py:545} INFO - Filling up the DagBag from /home/airflow/.local/lib/python3.12/site-packages/airflow/example_dags/example_branch_operator_decorator.py
[2024-08-08T03:19:12.527+0000] {processor.py:840} INFO - DAG(s) 'example_branch_python_operator_decorator' retrieved from /home/airflow/.local/lib/python3.12/site-packages/airflow/example_dags/example_branch_operator_decorator.py
[2024-08-08T03:19:12.556+0000] {logging_mixin.py:188} INFO - [2024-08-08T03:19:12.556+0000] {dag.py:3089} INFO - Sync 1 DAGs
[2024-08-08T03:19:12.583+0000] {logging_mixin.py:188} INFO - [2024-08-08T03:19:12.583+0000] {dag.py:3947} INFO - Setting next_dagrun for example_branch_python_operator_decorator to 2024-08-07 00:00:00+00:00, run_after=2024-08-08 00:00:00+00:00
[2024-08-08T03:19:12.730+0000] {processor.py:183} INFO - Processing /home/airflow/.local/lib/python3.12/site-packages/airflow/example_dags/example_branch_operator_decorator.py took 0.235 seconds
[2024-08-08T03:19:43.181+0000] {processor.py:161} INFO - Started process (PID=441) to work on /home/airflow/.local/lib/python3.12/site-packages/airflow/example_dags/example_branch_operator_decorator.py
[2024-08-08T03:19:43.182+0000] {processor.py:830} INFO - Processing file /home/airflow/.local/lib/python3.12/site-packages/airflow/example_dags/example_branch_operator_decorator.py for tasks to queue
[2024-08-08T03:19:43.184+0000] {logging_mixin.py:188} INFO - [2024-08-08T03:19:43.184+0000] {dagbag.py:545} INFO - Filling up the DagBag from /home/airflow/.local/lib/python3.12/site-packages/airflow/example_dags/example_branch_operator_decorator.py
[2024-08-08T03:19:43.203+0000] {processor.py:840} INFO - DAG(s) 'example_branch_python_operator_decorator' retrieved from /home/airflow/.local/lib/python3.12/site-packages/airflow/example_dags/example_branch_operator_decorator.py
[2024-08-08T03:19:43.231+0000] {logging_mixin.py:188} INFO - [2024-08-08T03:19:43.231+0000] {dag.py:3089} INFO - Sync 1 DAGs
[2024-08-08T03:19:43.251+0000] {logging_mixin.py:188} INFO - [2024-08-08T03:19:43.251+0000] {dag.py:3947} INFO - Setting next_dagrun for example_branch_python_operator_decorator to 2024-08-07 00:00:00+00:00, run_after=2024-08-08 00:00:00+00:00
[2024-08-08T03:19:43.291+0000] {processor.py:183} INFO - Processing /home/airflow/.local/lib/python3.12/site-packages/airflow/example_dags/example_branch_operator_decorator.py took 0.115 seconds
[2024-08-08T03:20:15.232+0000] {processor.py:161} INFO - Started process (PID=502) to work on /home/airflow/.local/lib/python3.12/site-packages/airflow/example_dags/example_branch_operator_decorator.py
[2024-08-08T03:20:15.249+0000] {processor.py:830} INFO - Processing file /home/airflow/.local/lib/python3.12/site-packages/airflow/example_dags/example_branch_operator_decorator.py for tasks to queue
[2024-08-08T03:20:15.251+0000] {logging_mixin.py:188} INFO - [2024-08-08T03:20:15.251+0000] {dagbag.py:545} INFO - Filling up the DagBag from /home/airflow/.local/lib/python3.12/site-packages/airflow/example_dags/example_branch_operator_decorator.py
[2024-08-08T03:20:15.330+0000] {processor.py:840} INFO - DAG(s) 'example_branch_python_operator_decorator' retrieved from /home/airflow/.local/lib/python3.12/site-packages/airflow/example_dags/example_branch_operator_decorator.py
[2024-08-08T03:20:15.384+0000] {logging_mixin.py:188} INFO - [2024-08-08T03:20:15.384+0000] {dag.py:3089} INFO - Sync 1 DAGs
[2024-08-08T03:20:15.445+0000] {logging_mixin.py:188} INFO - [2024-08-08T03:20:15.445+0000] {dag.py:3947} INFO - Setting next_dagrun for example_branch_python_operator_decorator to 2024-08-07 00:00:00+00:00, run_after=2024-08-08 00:00:00+00:00
[2024-08-08T03:20:15.511+0000] {processor.py:183} INFO - Processing /home/airflow/.local/lib/python3.12/site-packages/airflow/example_dags/example_branch_operator_decorator.py took 0.285 seconds
[2024-08-08T03:20:45.876+0000] {processor.py:161} INFO - Started process (PID=562) to work on /home/airflow/.local/lib/python3.12/site-packages/airflow/example_dags/example_branch_operator_decorator.py
[2024-08-08T03:20:45.877+0000] {processor.py:830} INFO - Processing file /home/airflow/.local/lib/python3.12/site-packages/airflow/example_dags/example_branch_operator_decorator.py for tasks to queue
[2024-08-08T03:20:45.879+0000] {logging_mixin.py:188} INFO - [2024-08-08T03:20:45.879+0000] {dagbag.py:545} INFO - Filling up the DagBag from /home/airflow/.local/lib/python3.12/site-packages/airflow/example_dags/example_branch_operator_decorator.py
[2024-08-08T03:20:45.915+0000] {processor.py:840} INFO - DAG(s) 'example_branch_python_operator_decorator' retrieved from /home/airflow/.local/lib/python3.12/site-packages/airflow/example_dags/example_branch_operator_decorator.py
[2024-08-08T03:20:45.966+0000] {logging_mixin.py:188} INFO - [2024-08-08T03:20:45.966+0000] {dag.py:3089} INFO - Sync 1 DAGs
[2024-08-08T03:20:46.018+0000] {logging_mixin.py:188} INFO - [2024-08-08T03:20:46.017+0000] {dag.py:3947} INFO - Setting next_dagrun for example_branch_python_operator_decorator to 2024-08-07 00:00:00+00:00, run_after=2024-08-08 00:00:00+00:00
[2024-08-08T03:20:46.051+0000] {processor.py:183} INFO - Processing /home/airflow/.local/lib/python3.12/site-packages/airflow/example_dags/example_branch_operator_decorator.py took 0.193 seconds
[2024-08-08T03:21:16.407+0000] {processor.py:161} INFO - Started process (PID=622) to work on /home/airflow/.local/lib/python3.12/site-packages/airflow/example_dags/example_branch_operator_decorator.py
[2024-08-08T03:21:16.408+0000] {processor.py:830} INFO - Processing file /home/airflow/.local/lib/python3.12/site-packages/airflow/example_dags/example_branch_operator_decorator.py for tasks to queue
[2024-08-08T03:21:16.410+0000] {logging_mixin.py:188} INFO - [2024-08-08T03:21:16.410+0000] {dagbag.py:545} INFO - Filling up the DagBag from /home/airflow/.local/lib/python3.12/site-packages/airflow/example_dags/example_branch_operator_decorator.py
[2024-08-08T03:21:16.429+0000] {processor.py:840} INFO - DAG(s) 'example_branch_python_operator_decorator' retrieved from /home/airflow/.local/lib/python3.12/site-packages/airflow/example_dags/example_branch_operator_decorator.py
[2024-08-08T03:21:16.455+0000] {logging_mixin.py:188} INFO - [2024-08-08T03:21:16.455+0000] {dag.py:3089} INFO - Sync 1 DAGs
[2024-08-08T03:21:16.477+0000] {logging_mixin.py:188} INFO - [2024-08-08T03:21:16.477+0000] {dag.py:3947} INFO - Setting next_dagrun for example_branch_python_operator_decorator to 2024-08-07 00:00:00+00:00, run_after=2024-08-08 00:00:00+00:00
[2024-08-08T03:21:16.504+0000] {processor.py:183} INFO - Processing /home/airflow/.local/lib/python3.12/site-packages/airflow/example_dags/example_branch_operator_decorator.py took 0.103 seconds
