[2024-08-08T03:16:49.637+0000] {processor.py:161} INFO - Started process (PID=103) to work on /home/airflow/.local/lib/python3.12/site-packages/airflow/example_dags/example_params_trigger_ui.py
[2024-08-08T03:16:49.644+0000] {processor.py:830} INFO - Processing file /home/airflow/.local/lib/python3.12/site-packages/airflow/example_dags/example_params_trigger_ui.py for tasks to queue
[2024-08-08T03:16:49.755+0000] {logging_mixin.py:188} INFO - [2024-08-08T03:16:49.750+0000] {dagbag.py:545} INFO - Filling up the DagBag from /home/airflow/.local/lib/python3.12/site-packages/airflow/example_dags/example_params_trigger_ui.py
[2024-08-08T03:16:50.218+0000] {processor.py:840} INFO - DAG(s) 'example_params_trigger_ui' retrieved from /home/airflow/.local/lib/python3.12/site-packages/airflow/example_dags/example_params_trigger_ui.py
[2024-08-08T03:16:50.965+0000] {logging_mixin.py:188} INFO - [2024-08-08T03:16:50.964+0000] {dag.py:3089} INFO - Sync 1 DAGs
[2024-08-08T03:16:51.274+0000] {logging_mixin.py:188} INFO - [2024-08-08T03:16:51.273+0000] {dag.py:3947} INFO - Setting next_dagrun for example_params_trigger_ui to None, run_after=None
[2024-08-08T03:16:51.431+0000] {processor.py:183} INFO - Processing /home/airflow/.local/lib/python3.12/site-packages/airflow/example_dags/example_params_trigger_ui.py took 1.809 seconds
[2024-08-08T03:17:22.005+0000] {processor.py:161} INFO - Started process (PID=163) to work on /home/airflow/.local/lib/python3.12/site-packages/airflow/example_dags/example_params_trigger_ui.py
[2024-08-08T03:17:22.006+0000] {processor.py:830} INFO - Processing file /home/airflow/.local/lib/python3.12/site-packages/airflow/example_dags/example_params_trigger_ui.py for tasks to queue
[2024-08-08T03:17:22.008+0000] {logging_mixin.py:188} INFO - [2024-08-08T03:17:22.008+0000] {dagbag.py:545} INFO - Filling up the DagBag from /home/airflow/.local/lib/python3.12/site-packages/airflow/example_dags/example_params_trigger_ui.py
[2024-08-08T03:17:22.019+0000] {processor.py:840} INFO - DAG(s) 'example_params_trigger_ui' retrieved from /home/airflow/.local/lib/python3.12/site-packages/airflow/example_dags/example_params_trigger_ui.py
[2024-08-08T03:17:22.035+0000] {logging_mixin.py:188} INFO - [2024-08-08T03:17:22.035+0000] {dag.py:3089} INFO - Sync 1 DAGs
[2024-08-08T03:17:22.051+0000] {logging_mixin.py:188} INFO - [2024-08-08T03:17:22.051+0000] {dag.py:3947} INFO - Setting next_dagrun for example_params_trigger_ui to None, run_after=None
[2024-08-08T03:17:22.077+0000] {processor.py:183} INFO - Processing /home/airflow/.local/lib/python3.12/site-packages/airflow/example_dags/example_params_trigger_ui.py took 0.079 seconds
[2024-08-08T03:17:53.050+0000] {processor.py:161} INFO - Started process (PID=223) to work on /home/airflow/.local/lib/python3.12/site-packages/airflow/example_dags/example_params_trigger_ui.py
[2024-08-08T03:17:53.052+0000] {processor.py:830} INFO - Processing file /home/airflow/.local/lib/python3.12/site-packages/airflow/example_dags/example_params_trigger_ui.py for tasks to queue
[2024-08-08T03:17:53.053+0000] {logging_mixin.py:188} INFO - [2024-08-08T03:17:53.053+0000] {dagbag.py:545} INFO - Filling up the DagBag from /home/airflow/.local/lib/python3.12/site-packages/airflow/example_dags/example_params_trigger_ui.py
[2024-08-08T03:17:53.063+0000] {processor.py:840} INFO - DAG(s) 'example_params_trigger_ui' retrieved from /home/airflow/.local/lib/python3.12/site-packages/airflow/example_dags/example_params_trigger_ui.py
[2024-08-08T03:17:53.196+0000] {logging_mixin.py:188} INFO - [2024-08-08T03:17:53.196+0000] {dag.py:3089} INFO - Sync 1 DAGs
[2024-08-08T03:17:53.207+0000] {logging_mixin.py:188} INFO - [2024-08-08T03:17:53.207+0000] {dag.py:3947} INFO - Setting next_dagrun for example_params_trigger_ui to None, run_after=None
[2024-08-08T03:17:53.237+0000] {processor.py:183} INFO - Processing /home/airflow/.local/lib/python3.12/site-packages/airflow/example_dags/example_params_trigger_ui.py took 0.192 seconds
[2024-08-08T03:18:23.611+0000] {processor.py:161} INFO - Started process (PID=283) to work on /home/airflow/.local/lib/python3.12/site-packages/airflow/example_dags/example_params_trigger_ui.py
[2024-08-08T03:18:23.613+0000] {processor.py:830} INFO - Processing file /home/airflow/.local/lib/python3.12/site-packages/airflow/example_dags/example_params_trigger_ui.py for tasks to queue
[2024-08-08T03:18:23.617+0000] {logging_mixin.py:188} INFO - [2024-08-08T03:18:23.616+0000] {dagbag.py:545} INFO - Filling up the DagBag from /home/airflow/.local/lib/python3.12/site-packages/airflow/example_dags/example_params_trigger_ui.py
[2024-08-08T03:18:23.636+0000] {processor.py:840} INFO - DAG(s) 'example_params_trigger_ui' retrieved from /home/airflow/.local/lib/python3.12/site-packages/airflow/example_dags/example_params_trigger_ui.py
[2024-08-08T03:18:23.719+0000] {logging_mixin.py:188} INFO - [2024-08-08T03:18:23.718+0000] {dag.py:3089} INFO - Sync 1 DAGs
[2024-08-08T03:18:23.740+0000] {logging_mixin.py:188} INFO - [2024-08-08T03:18:23.739+0000] {dag.py:3947} INFO - Setting next_dagrun for example_params_trigger_ui to None, run_after=None
[2024-08-08T03:18:23.794+0000] {processor.py:183} INFO - Processing /home/airflow/.local/lib/python3.12/site-packages/airflow/example_dags/example_params_trigger_ui.py took 0.193 seconds
[2024-08-08T03:18:53.996+0000] {processor.py:161} INFO - Started process (PID=343) to work on /home/airflow/.local/lib/python3.12/site-packages/airflow/example_dags/example_params_trigger_ui.py
[2024-08-08T03:18:53.997+0000] {processor.py:830} INFO - Processing file /home/airflow/.local/lib/python3.12/site-packages/airflow/example_dags/example_params_trigger_ui.py for tasks to queue
[2024-08-08T03:18:54.000+0000] {logging_mixin.py:188} INFO - [2024-08-08T03:18:53.999+0000] {dagbag.py:545} INFO - Filling up the DagBag from /home/airflow/.local/lib/python3.12/site-packages/airflow/example_dags/example_params_trigger_ui.py
[2024-08-08T03:18:54.009+0000] {processor.py:840} INFO - DAG(s) 'example_params_trigger_ui' retrieved from /home/airflow/.local/lib/python3.12/site-packages/airflow/example_dags/example_params_trigger_ui.py
[2024-08-08T03:18:54.055+0000] {logging_mixin.py:188} INFO - [2024-08-08T03:18:54.055+0000] {dag.py:3089} INFO - Sync 1 DAGs
[2024-08-08T03:18:54.068+0000] {logging_mixin.py:188} INFO - [2024-08-08T03:18:54.067+0000] {dag.py:3947} INFO - Setting next_dagrun for example_params_trigger_ui to None, run_after=None
[2024-08-08T03:18:54.087+0000] {processor.py:183} INFO - Processing /home/airflow/.local/lib/python3.12/site-packages/airflow/example_dags/example_params_trigger_ui.py took 0.096 seconds
[2024-08-08T03:19:24.543+0000] {processor.py:161} INFO - Started process (PID=404) to work on /home/airflow/.local/lib/python3.12/site-packages/airflow/example_dags/example_params_trigger_ui.py
[2024-08-08T03:19:24.544+0000] {processor.py:830} INFO - Processing file /home/airflow/.local/lib/python3.12/site-packages/airflow/example_dags/example_params_trigger_ui.py for tasks to queue
[2024-08-08T03:19:24.547+0000] {logging_mixin.py:188} INFO - [2024-08-08T03:19:24.546+0000] {dagbag.py:545} INFO - Filling up the DagBag from /home/airflow/.local/lib/python3.12/site-packages/airflow/example_dags/example_params_trigger_ui.py
[2024-08-08T03:19:24.557+0000] {processor.py:840} INFO - DAG(s) 'example_params_trigger_ui' retrieved from /home/airflow/.local/lib/python3.12/site-packages/airflow/example_dags/example_params_trigger_ui.py
[2024-08-08T03:19:24.618+0000] {logging_mixin.py:188} INFO - [2024-08-08T03:19:24.618+0000] {dag.py:3089} INFO - Sync 1 DAGs
[2024-08-08T03:19:24.631+0000] {logging_mixin.py:188} INFO - [2024-08-08T03:19:24.631+0000] {dag.py:3947} INFO - Setting next_dagrun for example_params_trigger_ui to None, run_after=None
[2024-08-08T03:19:24.652+0000] {processor.py:183} INFO - Processing /home/airflow/.local/lib/python3.12/site-packages/airflow/example_dags/example_params_trigger_ui.py took 0.115 seconds
[2024-08-08T03:19:55.300+0000] {processor.py:161} INFO - Started process (PID=465) to work on /home/airflow/.local/lib/python3.12/site-packages/airflow/example_dags/example_params_trigger_ui.py
[2024-08-08T03:19:55.301+0000] {processor.py:830} INFO - Processing file /home/airflow/.local/lib/python3.12/site-packages/airflow/example_dags/example_params_trigger_ui.py for tasks to queue
[2024-08-08T03:19:55.303+0000] {logging_mixin.py:188} INFO - [2024-08-08T03:19:55.303+0000] {dagbag.py:545} INFO - Filling up the DagBag from /home/airflow/.local/lib/python3.12/site-packages/airflow/example_dags/example_params_trigger_ui.py
[2024-08-08T03:19:55.315+0000] {processor.py:840} INFO - DAG(s) 'example_params_trigger_ui' retrieved from /home/airflow/.local/lib/python3.12/site-packages/airflow/example_dags/example_params_trigger_ui.py
[2024-08-08T03:19:55.365+0000] {logging_mixin.py:188} INFO - [2024-08-08T03:19:55.364+0000] {dag.py:3089} INFO - Sync 1 DAGs
[2024-08-08T03:19:55.381+0000] {logging_mixin.py:188} INFO - [2024-08-08T03:19:55.381+0000] {dag.py:3947} INFO - Setting next_dagrun for example_params_trigger_ui to None, run_after=None
[2024-08-08T03:19:55.403+0000] {processor.py:183} INFO - Processing /home/airflow/.local/lib/python3.12/site-packages/airflow/example_dags/example_params_trigger_ui.py took 0.108 seconds
[2024-08-08T03:20:25.453+0000] {processor.py:161} INFO - Started process (PID=525) to work on /home/airflow/.local/lib/python3.12/site-packages/airflow/example_dags/example_params_trigger_ui.py
[2024-08-08T03:20:25.454+0000] {processor.py:830} INFO - Processing file /home/airflow/.local/lib/python3.12/site-packages/airflow/example_dags/example_params_trigger_ui.py for tasks to queue
[2024-08-08T03:20:25.457+0000] {logging_mixin.py:188} INFO - [2024-08-08T03:20:25.456+0000] {dagbag.py:545} INFO - Filling up the DagBag from /home/airflow/.local/lib/python3.12/site-packages/airflow/example_dags/example_params_trigger_ui.py
[2024-08-08T03:20:25.468+0000] {processor.py:840} INFO - DAG(s) 'example_params_trigger_ui' retrieved from /home/airflow/.local/lib/python3.12/site-packages/airflow/example_dags/example_params_trigger_ui.py
[2024-08-08T03:20:25.527+0000] {logging_mixin.py:188} INFO - [2024-08-08T03:20:25.526+0000] {dag.py:3089} INFO - Sync 1 DAGs
[2024-08-08T03:20:25.560+0000] {logging_mixin.py:188} INFO - [2024-08-08T03:20:25.559+0000] {dag.py:3947} INFO - Setting next_dagrun for example_params_trigger_ui to None, run_after=None
[2024-08-08T03:20:25.589+0000] {processor.py:183} INFO - Processing /home/airflow/.local/lib/python3.12/site-packages/airflow/example_dags/example_params_trigger_ui.py took 0.145 seconds
[2024-08-08T03:20:55.710+0000] {processor.py:161} INFO - Started process (PID=585) to work on /home/airflow/.local/lib/python3.12/site-packages/airflow/example_dags/example_params_trigger_ui.py
[2024-08-08T03:20:55.711+0000] {processor.py:830} INFO - Processing file /home/airflow/.local/lib/python3.12/site-packages/airflow/example_dags/example_params_trigger_ui.py for tasks to queue
[2024-08-08T03:20:55.713+0000] {logging_mixin.py:188} INFO - [2024-08-08T03:20:55.712+0000] {dagbag.py:545} INFO - Filling up the DagBag from /home/airflow/.local/lib/python3.12/site-packages/airflow/example_dags/example_params_trigger_ui.py
[2024-08-08T03:20:55.723+0000] {processor.py:840} INFO - DAG(s) 'example_params_trigger_ui' retrieved from /home/airflow/.local/lib/python3.12/site-packages/airflow/example_dags/example_params_trigger_ui.py
[2024-08-08T03:20:55.764+0000] {logging_mixin.py:188} INFO - [2024-08-08T03:20:55.764+0000] {dag.py:3089} INFO - Sync 1 DAGs
[2024-08-08T03:20:55.776+0000] {logging_mixin.py:188} INFO - [2024-08-08T03:20:55.776+0000] {dag.py:3947} INFO - Setting next_dagrun for example_params_trigger_ui to None, run_after=None
[2024-08-08T03:20:55.797+0000] {processor.py:183} INFO - Processing /home/airflow/.local/lib/python3.12/site-packages/airflow/example_dags/example_params_trigger_ui.py took 0.094 seconds
[2024-08-08T03:21:26.255+0000] {processor.py:161} INFO - Started process (PID=645) to work on /home/airflow/.local/lib/python3.12/site-packages/airflow/example_dags/example_params_trigger_ui.py
[2024-08-08T03:21:26.287+0000] {processor.py:830} INFO - Processing file /home/airflow/.local/lib/python3.12/site-packages/airflow/example_dags/example_params_trigger_ui.py for tasks to queue
[2024-08-08T03:21:26.336+0000] {logging_mixin.py:188} INFO - [2024-08-08T03:21:26.318+0000] {dagbag.py:545} INFO - Filling up the DagBag from /home/airflow/.local/lib/python3.12/site-packages/airflow/example_dags/example_params_trigger_ui.py
[2024-08-08T03:21:26.452+0000] {processor.py:840} INFO - DAG(s) 'example_params_trigger_ui' retrieved from /home/airflow/.local/lib/python3.12/site-packages/airflow/example_dags/example_params_trigger_ui.py
[2024-08-08T03:21:26.825+0000] {logging_mixin.py:188} INFO - [2024-08-08T03:21:26.825+0000] {dag.py:3089} INFO - Sync 1 DAGs
[2024-08-08T03:21:27.178+0000] {logging_mixin.py:188} INFO - [2024-08-08T03:21:27.178+0000] {dag.py:3947} INFO - Setting next_dagrun for example_params_trigger_ui to None, run_after=None
[2024-08-08T03:21:27.327+0000] {processor.py:183} INFO - Processing /home/airflow/.local/lib/python3.12/site-packages/airflow/example_dags/example_params_trigger_ui.py took 1.255 seconds
