[2024-08-08T03:16:26.135+0000] {processor.py:161} INFO - Started process (PID=74) to work on /home/airflow/.local/lib/python3.12/site-packages/airflow/example_dags/example_short_circuit_decorator.py
[2024-08-08T03:16:26.177+0000] {processor.py:830} INFO - Processing file /home/airflow/.local/lib/python3.12/site-packages/airflow/example_dags/example_short_circuit_decorator.py for tasks to queue
[2024-08-08T03:16:26.180+0000] {logging_mixin.py:188} INFO - [2024-08-08T03:16:26.179+0000] {dagbag.py:545} INFO - Filling up the DagBag from /home/airflow/.local/lib/python3.12/site-packages/airflow/example_dags/example_short_circuit_decorator.py
[2024-08-08T03:16:26.229+0000] {processor.py:840} INFO - DAG(s) 'example_short_circuit_decorator' retrieved from /home/airflow/.local/lib/python3.12/site-packages/airflow/example_dags/example_short_circuit_decorator.py
[2024-08-08T03:16:26.266+0000] {logging_mixin.py:188} INFO - [2024-08-08T03:16:26.266+0000] {dag.py:3089} INFO - Sync 1 DAGs
[2024-08-08T03:16:26.292+0000] {logging_mixin.py:188} INFO - [2024-08-08T03:16:26.292+0000] {dag.py:3947} INFO - Setting next_dagrun for example_short_circuit_decorator to 2024-08-07 00:00:00+00:00, run_after=2024-08-08 00:00:00+00:00
[2024-08-08T03:16:26.410+0000] {processor.py:183} INFO - Processing /home/airflow/.local/lib/python3.12/site-packages/airflow/example_dags/example_short_circuit_decorator.py took 0.286 seconds
[2024-08-08T03:17:09.216+0000] {processor.py:161} INFO - Started process (PID=134) to work on /home/airflow/.local/lib/python3.12/site-packages/airflow/example_dags/example_short_circuit_decorator.py
[2024-08-08T03:17:09.220+0000] {processor.py:830} INFO - Processing file /home/airflow/.local/lib/python3.12/site-packages/airflow/example_dags/example_short_circuit_decorator.py for tasks to queue
[2024-08-08T03:17:09.222+0000] {logging_mixin.py:188} INFO - [2024-08-08T03:17:09.222+0000] {dagbag.py:545} INFO - Filling up the DagBag from /home/airflow/.local/lib/python3.12/site-packages/airflow/example_dags/example_short_circuit_decorator.py
[2024-08-08T03:17:09.232+0000] {processor.py:840} INFO - DAG(s) 'example_short_circuit_decorator' retrieved from /home/airflow/.local/lib/python3.12/site-packages/airflow/example_dags/example_short_circuit_decorator.py
[2024-08-08T03:17:09.264+0000] {logging_mixin.py:188} INFO - [2024-08-08T03:17:09.263+0000] {dag.py:3089} INFO - Sync 1 DAGs
[2024-08-08T03:17:09.289+0000] {logging_mixin.py:188} INFO - [2024-08-08T03:17:09.289+0000] {dag.py:3947} INFO - Setting next_dagrun for example_short_circuit_decorator to 2024-08-07 00:00:00+00:00, run_after=2024-08-08 00:00:00+00:00
[2024-08-08T03:17:09.401+0000] {processor.py:183} INFO - Processing /home/airflow/.local/lib/python3.12/site-packages/airflow/example_dags/example_short_circuit_decorator.py took 0.191 seconds
[2024-08-08T03:17:39.821+0000] {processor.py:161} INFO - Started process (PID=193) to work on /home/airflow/.local/lib/python3.12/site-packages/airflow/example_dags/example_short_circuit_decorator.py
[2024-08-08T03:17:39.840+0000] {processor.py:830} INFO - Processing file /home/airflow/.local/lib/python3.12/site-packages/airflow/example_dags/example_short_circuit_decorator.py for tasks to queue
[2024-08-08T03:17:39.843+0000] {logging_mixin.py:188} INFO - [2024-08-08T03:17:39.842+0000] {dagbag.py:545} INFO - Filling up the DagBag from /home/airflow/.local/lib/python3.12/site-packages/airflow/example_dags/example_short_circuit_decorator.py
[2024-08-08T03:17:39.853+0000] {processor.py:840} INFO - DAG(s) 'example_short_circuit_decorator' retrieved from /home/airflow/.local/lib/python3.12/site-packages/airflow/example_dags/example_short_circuit_decorator.py
[2024-08-08T03:17:39.868+0000] {logging_mixin.py:188} INFO - [2024-08-08T03:17:39.867+0000] {dag.py:3089} INFO - Sync 1 DAGs
[2024-08-08T03:17:39.906+0000] {logging_mixin.py:188} INFO - [2024-08-08T03:17:39.906+0000] {dag.py:3947} INFO - Setting next_dagrun for example_short_circuit_decorator to 2024-08-07 00:00:00+00:00, run_after=2024-08-08 00:00:00+00:00
[2024-08-08T03:17:39.943+0000] {processor.py:183} INFO - Processing /home/airflow/.local/lib/python3.12/site-packages/airflow/example_dags/example_short_circuit_decorator.py took 0.127 seconds
[2024-08-08T03:18:10.091+0000] {processor.py:161} INFO - Started process (PID=253) to work on /home/airflow/.local/lib/python3.12/site-packages/airflow/example_dags/example_short_circuit_decorator.py
[2024-08-08T03:18:10.091+0000] {processor.py:830} INFO - Processing file /home/airflow/.local/lib/python3.12/site-packages/airflow/example_dags/example_short_circuit_decorator.py for tasks to queue
[2024-08-08T03:18:10.093+0000] {logging_mixin.py:188} INFO - [2024-08-08T03:18:10.093+0000] {dagbag.py:545} INFO - Filling up the DagBag from /home/airflow/.local/lib/python3.12/site-packages/airflow/example_dags/example_short_circuit_decorator.py
[2024-08-08T03:18:10.101+0000] {processor.py:840} INFO - DAG(s) 'example_short_circuit_decorator' retrieved from /home/airflow/.local/lib/python3.12/site-packages/airflow/example_dags/example_short_circuit_decorator.py
[2024-08-08T03:18:10.195+0000] {logging_mixin.py:188} INFO - [2024-08-08T03:18:10.194+0000] {dag.py:3089} INFO - Sync 1 DAGs
[2024-08-08T03:18:10.213+0000] {logging_mixin.py:188} INFO - [2024-08-08T03:18:10.213+0000] {dag.py:3947} INFO - Setting next_dagrun for example_short_circuit_decorator to 2024-08-07 00:00:00+00:00, run_after=2024-08-08 00:00:00+00:00
[2024-08-08T03:18:10.237+0000] {processor.py:183} INFO - Processing /home/airflow/.local/lib/python3.12/site-packages/airflow/example_dags/example_short_circuit_decorator.py took 0.151 seconds
[2024-08-08T03:18:40.728+0000] {processor.py:161} INFO - Started process (PID=313) to work on /home/airflow/.local/lib/python3.12/site-packages/airflow/example_dags/example_short_circuit_decorator.py
[2024-08-08T03:18:40.729+0000] {processor.py:830} INFO - Processing file /home/airflow/.local/lib/python3.12/site-packages/airflow/example_dags/example_short_circuit_decorator.py for tasks to queue
[2024-08-08T03:18:40.732+0000] {logging_mixin.py:188} INFO - [2024-08-08T03:18:40.732+0000] {dagbag.py:545} INFO - Filling up the DagBag from /home/airflow/.local/lib/python3.12/site-packages/airflow/example_dags/example_short_circuit_decorator.py
[2024-08-08T03:18:40.743+0000] {processor.py:840} INFO - DAG(s) 'example_short_circuit_decorator' retrieved from /home/airflow/.local/lib/python3.12/site-packages/airflow/example_dags/example_short_circuit_decorator.py
[2024-08-08T03:18:40.763+0000] {logging_mixin.py:188} INFO - [2024-08-08T03:18:40.763+0000] {dag.py:3089} INFO - Sync 1 DAGs
[2024-08-08T03:18:40.786+0000] {logging_mixin.py:188} INFO - [2024-08-08T03:18:40.785+0000] {dag.py:3947} INFO - Setting next_dagrun for example_short_circuit_decorator to 2024-08-07 00:00:00+00:00, run_after=2024-08-08 00:00:00+00:00
[2024-08-08T03:18:40.809+0000] {processor.py:183} INFO - Processing /home/airflow/.local/lib/python3.12/site-packages/airflow/example_dags/example_short_circuit_decorator.py took 0.087 seconds
[2024-08-08T03:19:11.725+0000] {processor.py:161} INFO - Started process (PID=373) to work on /home/airflow/.local/lib/python3.12/site-packages/airflow/example_dags/example_short_circuit_decorator.py
[2024-08-08T03:19:11.741+0000] {processor.py:830} INFO - Processing file /home/airflow/.local/lib/python3.12/site-packages/airflow/example_dags/example_short_circuit_decorator.py for tasks to queue
[2024-08-08T03:19:11.743+0000] {logging_mixin.py:188} INFO - [2024-08-08T03:19:11.743+0000] {dagbag.py:545} INFO - Filling up the DagBag from /home/airflow/.local/lib/python3.12/site-packages/airflow/example_dags/example_short_circuit_decorator.py
[2024-08-08T03:19:11.754+0000] {processor.py:840} INFO - DAG(s) 'example_short_circuit_decorator' retrieved from /home/airflow/.local/lib/python3.12/site-packages/airflow/example_dags/example_short_circuit_decorator.py
[2024-08-08T03:19:11.779+0000] {logging_mixin.py:188} INFO - [2024-08-08T03:19:11.779+0000] {dag.py:3089} INFO - Sync 1 DAGs
[2024-08-08T03:19:11.811+0000] {logging_mixin.py:188} INFO - [2024-08-08T03:19:11.811+0000] {dag.py:3947} INFO - Setting next_dagrun for example_short_circuit_decorator to 2024-08-07 00:00:00+00:00, run_after=2024-08-08 00:00:00+00:00
[2024-08-08T03:19:11.929+0000] {processor.py:183} INFO - Processing /home/airflow/.local/lib/python3.12/site-packages/airflow/example_dags/example_short_circuit_decorator.py took 0.211 seconds
[2024-08-08T03:19:42.697+0000] {processor.py:161} INFO - Started process (PID=434) to work on /home/airflow/.local/lib/python3.12/site-packages/airflow/example_dags/example_short_circuit_decorator.py
[2024-08-08T03:19:42.703+0000] {processor.py:830} INFO - Processing file /home/airflow/.local/lib/python3.12/site-packages/airflow/example_dags/example_short_circuit_decorator.py for tasks to queue
[2024-08-08T03:19:42.708+0000] {logging_mixin.py:188} INFO - [2024-08-08T03:19:42.708+0000] {dagbag.py:545} INFO - Filling up the DagBag from /home/airflow/.local/lib/python3.12/site-packages/airflow/example_dags/example_short_circuit_decorator.py
[2024-08-08T03:19:42.727+0000] {processor.py:840} INFO - DAG(s) 'example_short_circuit_decorator' retrieved from /home/airflow/.local/lib/python3.12/site-packages/airflow/example_dags/example_short_circuit_decorator.py
[2024-08-08T03:19:42.764+0000] {logging_mixin.py:188} INFO - [2024-08-08T03:19:42.764+0000] {dag.py:3089} INFO - Sync 1 DAGs
[2024-08-08T03:19:42.818+0000] {logging_mixin.py:188} INFO - [2024-08-08T03:19:42.818+0000] {dag.py:3947} INFO - Setting next_dagrun for example_short_circuit_decorator to 2024-08-07 00:00:00+00:00, run_after=2024-08-08 00:00:00+00:00
[2024-08-08T03:19:42.855+0000] {processor.py:183} INFO - Processing /home/airflow/.local/lib/python3.12/site-packages/airflow/example_dags/example_short_circuit_decorator.py took 0.164 seconds
[2024-08-08T03:20:13.310+0000] {processor.py:161} INFO - Started process (PID=494) to work on /home/airflow/.local/lib/python3.12/site-packages/airflow/example_dags/example_short_circuit_decorator.py
[2024-08-08T03:20:13.311+0000] {processor.py:830} INFO - Processing file /home/airflow/.local/lib/python3.12/site-packages/airflow/example_dags/example_short_circuit_decorator.py for tasks to queue
[2024-08-08T03:20:13.313+0000] {logging_mixin.py:188} INFO - [2024-08-08T03:20:13.313+0000] {dagbag.py:545} INFO - Filling up the DagBag from /home/airflow/.local/lib/python3.12/site-packages/airflow/example_dags/example_short_circuit_decorator.py
[2024-08-08T03:20:13.385+0000] {processor.py:840} INFO - DAG(s) 'example_short_circuit_decorator' retrieved from /home/airflow/.local/lib/python3.12/site-packages/airflow/example_dags/example_short_circuit_decorator.py
[2024-08-08T03:20:13.470+0000] {logging_mixin.py:188} INFO - [2024-08-08T03:20:13.470+0000] {dag.py:3089} INFO - Sync 1 DAGs
[2024-08-08T03:20:13.588+0000] {logging_mixin.py:188} INFO - [2024-08-08T03:20:13.588+0000] {dag.py:3947} INFO - Setting next_dagrun for example_short_circuit_decorator to 2024-08-07 00:00:00+00:00, run_after=2024-08-08 00:00:00+00:00
[2024-08-08T03:20:13.656+0000] {processor.py:183} INFO - Processing /home/airflow/.local/lib/python3.12/site-packages/airflow/example_dags/example_short_circuit_decorator.py took 0.412 seconds
[2024-08-08T03:20:43.854+0000] {processor.py:161} INFO - Started process (PID=553) to work on /home/airflow/.local/lib/python3.12/site-packages/airflow/example_dags/example_short_circuit_decorator.py
[2024-08-08T03:20:43.856+0000] {processor.py:830} INFO - Processing file /home/airflow/.local/lib/python3.12/site-packages/airflow/example_dags/example_short_circuit_decorator.py for tasks to queue
[2024-08-08T03:20:43.858+0000] {logging_mixin.py:188} INFO - [2024-08-08T03:20:43.857+0000] {dagbag.py:545} INFO - Filling up the DagBag from /home/airflow/.local/lib/python3.12/site-packages/airflow/example_dags/example_short_circuit_decorator.py
[2024-08-08T03:20:43.871+0000] {processor.py:840} INFO - DAG(s) 'example_short_circuit_decorator' retrieved from /home/airflow/.local/lib/python3.12/site-packages/airflow/example_dags/example_short_circuit_decorator.py
[2024-08-08T03:20:43.895+0000] {logging_mixin.py:188} INFO - [2024-08-08T03:20:43.895+0000] {dag.py:3089} INFO - Sync 1 DAGs
[2024-08-08T03:20:43.920+0000] {logging_mixin.py:188} INFO - [2024-08-08T03:20:43.919+0000] {dag.py:3947} INFO - Setting next_dagrun for example_short_circuit_decorator to 2024-08-07 00:00:00+00:00, run_after=2024-08-08 00:00:00+00:00
[2024-08-08T03:20:43.945+0000] {processor.py:183} INFO - Processing /home/airflow/.local/lib/python3.12/site-packages/airflow/example_dags/example_short_circuit_decorator.py took 0.097 seconds
[2024-08-08T03:21:14.724+0000] {processor.py:161} INFO - Started process (PID=613) to work on /home/airflow/.local/lib/python3.12/site-packages/airflow/example_dags/example_short_circuit_decorator.py
[2024-08-08T03:21:14.726+0000] {processor.py:830} INFO - Processing file /home/airflow/.local/lib/python3.12/site-packages/airflow/example_dags/example_short_circuit_decorator.py for tasks to queue
[2024-08-08T03:21:14.728+0000] {logging_mixin.py:188} INFO - [2024-08-08T03:21:14.728+0000] {dagbag.py:545} INFO - Filling up the DagBag from /home/airflow/.local/lib/python3.12/site-packages/airflow/example_dags/example_short_circuit_decorator.py
[2024-08-08T03:21:14.742+0000] {processor.py:840} INFO - DAG(s) 'example_short_circuit_decorator' retrieved from /home/airflow/.local/lib/python3.12/site-packages/airflow/example_dags/example_short_circuit_decorator.py
[2024-08-08T03:21:14.772+0000] {logging_mixin.py:188} INFO - [2024-08-08T03:21:14.771+0000] {dag.py:3089} INFO - Sync 1 DAGs
[2024-08-08T03:21:14.799+0000] {logging_mixin.py:188} INFO - [2024-08-08T03:21:14.799+0000] {dag.py:3947} INFO - Setting next_dagrun for example_short_circuit_decorator to 2024-08-07 00:00:00+00:00, run_after=2024-08-08 00:00:00+00:00
[2024-08-08T03:21:14.828+0000] {processor.py:183} INFO - Processing /home/airflow/.local/lib/python3.12/site-packages/airflow/example_dags/example_short_circuit_decorator.py took 0.111 seconds
