[2024-08-08T03:16:32.628+0000] {processor.py:161} INFO - Started process (PID=86) to work on /home/airflow/.local/lib/python3.12/site-packages/airflow/example_dags/example_sensors.py
[2024-08-08T03:16:32.637+0000] {processor.py:830} INFO - Processing file /home/airflow/.local/lib/python3.12/site-packages/airflow/example_dags/example_sensors.py for tasks to queue
[2024-08-08T03:16:32.683+0000] {logging_mixin.py:188} INFO - [2024-08-08T03:16:32.669+0000] {dagbag.py:545} INFO - Filling up the DagBag from /home/airflow/.local/lib/python3.12/site-packages/airflow/example_dags/example_sensors.py
[2024-08-08T03:16:32.913+0000] {processor.py:840} INFO - DAG(s) 'example_sensors' retrieved from /home/airflow/.local/lib/python3.12/site-packages/airflow/example_dags/example_sensors.py
[2024-08-08T03:16:33.465+0000] {logging_mixin.py:188} INFO - [2024-08-08T03:16:33.465+0000] {dag.py:3089} INFO - Sync 1 DAGs
[2024-08-08T03:16:33.692+0000] {logging_mixin.py:188} INFO - [2024-08-08T03:16:33.691+0000] {dag.py:3947} INFO - Setting next_dagrun for example_sensors to None, run_after=None
[2024-08-08T03:16:33.923+0000] {processor.py:183} INFO - Processing /home/airflow/.local/lib/python3.12/site-packages/airflow/example_dags/example_sensors.py took 1.414 seconds
[2024-08-08T03:17:12.571+0000] {processor.py:161} INFO - Started process (PID=146) to work on /home/airflow/.local/lib/python3.12/site-packages/airflow/example_dags/example_sensors.py
[2024-08-08T03:17:12.576+0000] {processor.py:830} INFO - Processing file /home/airflow/.local/lib/python3.12/site-packages/airflow/example_dags/example_sensors.py for tasks to queue
[2024-08-08T03:17:12.579+0000] {logging_mixin.py:188} INFO - [2024-08-08T03:17:12.578+0000] {dagbag.py:545} INFO - Filling up the DagBag from /home/airflow/.local/lib/python3.12/site-packages/airflow/example_dags/example_sensors.py
[2024-08-08T03:17:12.591+0000] {processor.py:840} INFO - DAG(s) 'example_sensors' retrieved from /home/airflow/.local/lib/python3.12/site-packages/airflow/example_dags/example_sensors.py
[2024-08-08T03:17:12.620+0000] {logging_mixin.py:188} INFO - [2024-08-08T03:17:12.620+0000] {dag.py:3089} INFO - Sync 1 DAGs
[2024-08-08T03:17:12.635+0000] {logging_mixin.py:188} INFO - [2024-08-08T03:17:12.634+0000] {dag.py:3947} INFO - Setting next_dagrun for example_sensors to None, run_after=None
[2024-08-08T03:17:12.765+0000] {processor.py:183} INFO - Processing /home/airflow/.local/lib/python3.12/site-packages/airflow/example_dags/example_sensors.py took 0.200 seconds
[2024-08-08T03:17:43.158+0000] {processor.py:161} INFO - Started process (PID=206) to work on /home/airflow/.local/lib/python3.12/site-packages/airflow/example_dags/example_sensors.py
[2024-08-08T03:17:43.159+0000] {processor.py:830} INFO - Processing file /home/airflow/.local/lib/python3.12/site-packages/airflow/example_dags/example_sensors.py for tasks to queue
[2024-08-08T03:17:43.161+0000] {logging_mixin.py:188} INFO - [2024-08-08T03:17:43.161+0000] {dagbag.py:545} INFO - Filling up the DagBag from /home/airflow/.local/lib/python3.12/site-packages/airflow/example_dags/example_sensors.py
[2024-08-08T03:17:43.170+0000] {processor.py:840} INFO - DAG(s) 'example_sensors' retrieved from /home/airflow/.local/lib/python3.12/site-packages/airflow/example_dags/example_sensors.py
[2024-08-08T03:17:43.331+0000] {logging_mixin.py:188} INFO - [2024-08-08T03:17:43.330+0000] {dag.py:3089} INFO - Sync 1 DAGs
[2024-08-08T03:17:43.349+0000] {logging_mixin.py:188} INFO - [2024-08-08T03:17:43.349+0000] {dag.py:3947} INFO - Setting next_dagrun for example_sensors to None, run_after=None
[2024-08-08T03:17:43.382+0000] {processor.py:183} INFO - Processing /home/airflow/.local/lib/python3.12/site-packages/airflow/example_dags/example_sensors.py took 0.231 seconds
[2024-08-08T03:18:13.522+0000] {processor.py:161} INFO - Started process (PID=266) to work on /home/airflow/.local/lib/python3.12/site-packages/airflow/example_dags/example_sensors.py
[2024-08-08T03:18:13.523+0000] {processor.py:830} INFO - Processing file /home/airflow/.local/lib/python3.12/site-packages/airflow/example_dags/example_sensors.py for tasks to queue
[2024-08-08T03:18:13.526+0000] {logging_mixin.py:188} INFO - [2024-08-08T03:18:13.525+0000] {dagbag.py:545} INFO - Filling up the DagBag from /home/airflow/.local/lib/python3.12/site-packages/airflow/example_dags/example_sensors.py
[2024-08-08T03:18:13.539+0000] {processor.py:840} INFO - DAG(s) 'example_sensors' retrieved from /home/airflow/.local/lib/python3.12/site-packages/airflow/example_dags/example_sensors.py
[2024-08-08T03:18:13.577+0000] {logging_mixin.py:188} INFO - [2024-08-08T03:18:13.576+0000] {dag.py:3089} INFO - Sync 1 DAGs
[2024-08-08T03:18:13.593+0000] {logging_mixin.py:188} INFO - [2024-08-08T03:18:13.593+0000] {dag.py:3947} INFO - Setting next_dagrun for example_sensors to None, run_after=None
[2024-08-08T03:18:13.622+0000] {processor.py:183} INFO - Processing /home/airflow/.local/lib/python3.12/site-packages/airflow/example_dags/example_sensors.py took 0.106 seconds
[2024-08-08T03:18:43.772+0000] {processor.py:161} INFO - Started process (PID=325) to work on /home/airflow/.local/lib/python3.12/site-packages/airflow/example_dags/example_sensors.py
[2024-08-08T03:18:43.774+0000] {processor.py:830} INFO - Processing file /home/airflow/.local/lib/python3.12/site-packages/airflow/example_dags/example_sensors.py for tasks to queue
[2024-08-08T03:18:43.777+0000] {logging_mixin.py:188} INFO - [2024-08-08T03:18:43.776+0000] {dagbag.py:545} INFO - Filling up the DagBag from /home/airflow/.local/lib/python3.12/site-packages/airflow/example_dags/example_sensors.py
[2024-08-08T03:18:43.787+0000] {processor.py:840} INFO - DAG(s) 'example_sensors' retrieved from /home/airflow/.local/lib/python3.12/site-packages/airflow/example_dags/example_sensors.py
[2024-08-08T03:18:43.815+0000] {logging_mixin.py:188} INFO - [2024-08-08T03:18:43.815+0000] {dag.py:3089} INFO - Sync 1 DAGs
[2024-08-08T03:18:43.829+0000] {logging_mixin.py:188} INFO - [2024-08-08T03:18:43.829+0000] {dag.py:3947} INFO - Setting next_dagrun for example_sensors to None, run_after=None
[2024-08-08T03:18:43.856+0000] {processor.py:183} INFO - Processing /home/airflow/.local/lib/python3.12/site-packages/airflow/example_dags/example_sensors.py took 0.091 seconds
[2024-08-08T03:19:14.219+0000] {processor.py:161} INFO - Started process (PID=385) to work on /home/airflow/.local/lib/python3.12/site-packages/airflow/example_dags/example_sensors.py
[2024-08-08T03:19:14.221+0000] {processor.py:830} INFO - Processing file /home/airflow/.local/lib/python3.12/site-packages/airflow/example_dags/example_sensors.py for tasks to queue
[2024-08-08T03:19:14.224+0000] {logging_mixin.py:188} INFO - [2024-08-08T03:19:14.223+0000] {dagbag.py:545} INFO - Filling up the DagBag from /home/airflow/.local/lib/python3.12/site-packages/airflow/example_dags/example_sensors.py
[2024-08-08T03:19:14.236+0000] {processor.py:840} INFO - DAG(s) 'example_sensors' retrieved from /home/airflow/.local/lib/python3.12/site-packages/airflow/example_dags/example_sensors.py
[2024-08-08T03:19:14.267+0000] {logging_mixin.py:188} INFO - [2024-08-08T03:19:14.266+0000] {dag.py:3089} INFO - Sync 1 DAGs
[2024-08-08T03:19:14.283+0000] {logging_mixin.py:188} INFO - [2024-08-08T03:19:14.282+0000] {dag.py:3947} INFO - Setting next_dagrun for example_sensors to None, run_after=None
[2024-08-08T03:19:14.443+0000] {processor.py:183} INFO - Processing /home/airflow/.local/lib/python3.12/site-packages/airflow/example_dags/example_sensors.py took 0.232 seconds
[2024-08-08T03:19:44.541+0000] {processor.py:161} INFO - Started process (PID=446) to work on /home/airflow/.local/lib/python3.12/site-packages/airflow/example_dags/example_sensors.py
[2024-08-08T03:19:44.543+0000] {processor.py:830} INFO - Processing file /home/airflow/.local/lib/python3.12/site-packages/airflow/example_dags/example_sensors.py for tasks to queue
[2024-08-08T03:19:44.546+0000] {logging_mixin.py:188} INFO - [2024-08-08T03:19:44.545+0000] {dagbag.py:545} INFO - Filling up the DagBag from /home/airflow/.local/lib/python3.12/site-packages/airflow/example_dags/example_sensors.py
[2024-08-08T03:19:44.556+0000] {processor.py:840} INFO - DAG(s) 'example_sensors' retrieved from /home/airflow/.local/lib/python3.12/site-packages/airflow/example_dags/example_sensors.py
[2024-08-08T03:19:44.584+0000] {logging_mixin.py:188} INFO - [2024-08-08T03:19:44.584+0000] {dag.py:3089} INFO - Sync 1 DAGs
[2024-08-08T03:19:44.600+0000] {logging_mixin.py:188} INFO - [2024-08-08T03:19:44.600+0000] {dag.py:3947} INFO - Setting next_dagrun for example_sensors to None, run_after=None
[2024-08-08T03:19:44.629+0000] {processor.py:183} INFO - Processing /home/airflow/.local/lib/python3.12/site-packages/airflow/example_dags/example_sensors.py took 0.094 seconds
[2024-08-08T03:20:16.126+0000] {processor.py:161} INFO - Started process (PID=507) to work on /home/airflow/.local/lib/python3.12/site-packages/airflow/example_dags/example_sensors.py
[2024-08-08T03:20:16.127+0000] {processor.py:830} INFO - Processing file /home/airflow/.local/lib/python3.12/site-packages/airflow/example_dags/example_sensors.py for tasks to queue
[2024-08-08T03:20:16.130+0000] {logging_mixin.py:188} INFO - [2024-08-08T03:20:16.129+0000] {dagbag.py:545} INFO - Filling up the DagBag from /home/airflow/.local/lib/python3.12/site-packages/airflow/example_dags/example_sensors.py
[2024-08-08T03:20:16.145+0000] {processor.py:840} INFO - DAG(s) 'example_sensors' retrieved from /home/airflow/.local/lib/python3.12/site-packages/airflow/example_dags/example_sensors.py
[2024-08-08T03:20:16.185+0000] {logging_mixin.py:188} INFO - [2024-08-08T03:20:16.184+0000] {dag.py:3089} INFO - Sync 1 DAGs
[2024-08-08T03:20:16.202+0000] {logging_mixin.py:188} INFO - [2024-08-08T03:20:16.202+0000] {dag.py:3947} INFO - Setting next_dagrun for example_sensors to None, run_after=None
[2024-08-08T03:20:16.254+0000] {processor.py:183} INFO - Processing /home/airflow/.local/lib/python3.12/site-packages/airflow/example_dags/example_sensors.py took 0.140 seconds
[2024-08-08T03:20:46.418+0000] {processor.py:161} INFO - Started process (PID=567) to work on /home/airflow/.local/lib/python3.12/site-packages/airflow/example_dags/example_sensors.py
[2024-08-08T03:20:46.423+0000] {processor.py:830} INFO - Processing file /home/airflow/.local/lib/python3.12/site-packages/airflow/example_dags/example_sensors.py for tasks to queue
[2024-08-08T03:20:46.428+0000] {logging_mixin.py:188} INFO - [2024-08-08T03:20:46.428+0000] {dagbag.py:545} INFO - Filling up the DagBag from /home/airflow/.local/lib/python3.12/site-packages/airflow/example_dags/example_sensors.py
[2024-08-08T03:20:46.437+0000] {processor.py:840} INFO - DAG(s) 'example_sensors' retrieved from /home/airflow/.local/lib/python3.12/site-packages/airflow/example_dags/example_sensors.py
[2024-08-08T03:20:46.473+0000] {logging_mixin.py:188} INFO - [2024-08-08T03:20:46.473+0000] {dag.py:3089} INFO - Sync 1 DAGs
[2024-08-08T03:20:46.485+0000] {logging_mixin.py:188} INFO - [2024-08-08T03:20:46.485+0000] {dag.py:3947} INFO - Setting next_dagrun for example_sensors to None, run_after=None
[2024-08-08T03:20:46.503+0000] {processor.py:183} INFO - Processing /home/airflow/.local/lib/python3.12/site-packages/airflow/example_dags/example_sensors.py took 0.090 seconds
[2024-08-08T03:21:17.049+0000] {processor.py:161} INFO - Started process (PID=627) to work on /home/airflow/.local/lib/python3.12/site-packages/airflow/example_dags/example_sensors.py
[2024-08-08T03:21:17.050+0000] {processor.py:830} INFO - Processing file /home/airflow/.local/lib/python3.12/site-packages/airflow/example_dags/example_sensors.py for tasks to queue
[2024-08-08T03:21:17.052+0000] {logging_mixin.py:188} INFO - [2024-08-08T03:21:17.052+0000] {dagbag.py:545} INFO - Filling up the DagBag from /home/airflow/.local/lib/python3.12/site-packages/airflow/example_dags/example_sensors.py
[2024-08-08T03:21:17.062+0000] {processor.py:840} INFO - DAG(s) 'example_sensors' retrieved from /home/airflow/.local/lib/python3.12/site-packages/airflow/example_dags/example_sensors.py
[2024-08-08T03:21:17.084+0000] {logging_mixin.py:188} INFO - [2024-08-08T03:21:17.084+0000] {dag.py:3089} INFO - Sync 1 DAGs
[2024-08-08T03:21:17.097+0000] {logging_mixin.py:188} INFO - [2024-08-08T03:21:17.097+0000] {dag.py:3947} INFO - Setting next_dagrun for example_sensors to None, run_after=None
[2024-08-08T03:21:17.120+0000] {processor.py:183} INFO - Processing /home/airflow/.local/lib/python3.12/site-packages/airflow/example_dags/example_sensors.py took 0.077 seconds
