[2024-08-08T03:16:45.332+0000] {processor.py:161} INFO - Started process (PID=96) to work on /home/airflow/.local/lib/python3.12/site-packages/airflow/example_dags/tutorial.py
[2024-08-08T03:16:45.377+0000] {processor.py:830} INFO - Processing file /home/airflow/.local/lib/python3.12/site-packages/airflow/example_dags/tutorial.py for tasks to queue
[2024-08-08T03:16:45.405+0000] {logging_mixin.py:188} INFO - [2024-08-08T03:16:45.404+0000] {dagbag.py:545} INFO - Filling up the DagBag from /home/airflow/.local/lib/python3.12/site-packages/airflow/example_dags/tutorial.py
[2024-08-08T03:16:47.948+0000] {processor.py:840} INFO - DAG(s) 'tutorial' retrieved from /home/airflow/.local/lib/python3.12/site-packages/airflow/example_dags/tutorial.py
[2024-08-08T03:16:49.214+0000] {logging_mixin.py:188} INFO - [2024-08-08T03:16:49.213+0000] {dag.py:3089} INFO - Sync 1 DAGs
[2024-08-08T03:16:49.372+0000] {logging_mixin.py:188} INFO - [2024-08-08T03:16:49.372+0000] {dag.py:3947} INFO - Setting next_dagrun for tutorial to 2024-08-07 00:00:00+00:00, run_after=2024-08-08 00:00:00+00:00
[2024-08-08T03:16:49.612+0000] {processor.py:183} INFO - Processing /home/airflow/.local/lib/python3.12/site-packages/airflow/example_dags/tutorial.py took 4.954 seconds
[2024-08-08T03:17:19.746+0000] {processor.py:161} INFO - Started process (PID=156) to work on /home/airflow/.local/lib/python3.12/site-packages/airflow/example_dags/tutorial.py
[2024-08-08T03:17:19.748+0000] {processor.py:830} INFO - Processing file /home/airflow/.local/lib/python3.12/site-packages/airflow/example_dags/tutorial.py for tasks to queue
[2024-08-08T03:17:19.750+0000] {logging_mixin.py:188} INFO - [2024-08-08T03:17:19.749+0000] {dagbag.py:545} INFO - Filling up the DagBag from /home/airflow/.local/lib/python3.12/site-packages/airflow/example_dags/tutorial.py
[2024-08-08T03:17:19.757+0000] {processor.py:840} INFO - DAG(s) 'tutorial' retrieved from /home/airflow/.local/lib/python3.12/site-packages/airflow/example_dags/tutorial.py
[2024-08-08T03:17:19.769+0000] {logging_mixin.py:188} INFO - [2024-08-08T03:17:19.769+0000] {dag.py:3089} INFO - Sync 1 DAGs
[2024-08-08T03:17:19.792+0000] {logging_mixin.py:188} INFO - [2024-08-08T03:17:19.792+0000] {dag.py:3947} INFO - Setting next_dagrun for tutorial to 2024-08-07 00:00:00+00:00, run_after=2024-08-08 00:00:00+00:00
[2024-08-08T03:17:19.902+0000] {processor.py:183} INFO - Processing /home/airflow/.local/lib/python3.12/site-packages/airflow/example_dags/tutorial.py took 0.162 seconds
[2024-08-08T03:17:50.621+0000] {processor.py:161} INFO - Started process (PID=222) to work on /home/airflow/.local/lib/python3.12/site-packages/airflow/example_dags/tutorial.py
[2024-08-08T03:17:50.635+0000] {processor.py:830} INFO - Processing file /home/airflow/.local/lib/python3.12/site-packages/airflow/example_dags/tutorial.py for tasks to queue
[2024-08-08T03:17:50.648+0000] {logging_mixin.py:188} INFO - [2024-08-08T03:17:50.648+0000] {dagbag.py:545} INFO - Filling up the DagBag from /home/airflow/.local/lib/python3.12/site-packages/airflow/example_dags/tutorial.py
[2024-08-08T03:17:50.658+0000] {processor.py:840} INFO - DAG(s) 'tutorial' retrieved from /home/airflow/.local/lib/python3.12/site-packages/airflow/example_dags/tutorial.py
[2024-08-08T03:17:50.932+0000] {logging_mixin.py:188} INFO - [2024-08-08T03:17:50.932+0000] {dag.py:3089} INFO - Sync 1 DAGs
[2024-08-08T03:17:50.971+0000] {logging_mixin.py:188} INFO - [2024-08-08T03:17:50.971+0000] {dag.py:3947} INFO - Setting next_dagrun for tutorial to 2024-08-07 00:00:00+00:00, run_after=2024-08-08 00:00:00+00:00
[2024-08-08T03:17:50.998+0000] {processor.py:183} INFO - Processing /home/airflow/.local/lib/python3.12/site-packages/airflow/example_dags/tutorial.py took 0.401 seconds
[2024-08-08T03:18:21.534+0000] {processor.py:161} INFO - Started process (PID=282) to work on /home/airflow/.local/lib/python3.12/site-packages/airflow/example_dags/tutorial.py
[2024-08-08T03:18:21.536+0000] {processor.py:830} INFO - Processing file /home/airflow/.local/lib/python3.12/site-packages/airflow/example_dags/tutorial.py for tasks to queue
[2024-08-08T03:18:21.551+0000] {logging_mixin.py:188} INFO - [2024-08-08T03:18:21.551+0000] {dagbag.py:545} INFO - Filling up the DagBag from /home/airflow/.local/lib/python3.12/site-packages/airflow/example_dags/tutorial.py
[2024-08-08T03:18:21.561+0000] {processor.py:840} INFO - DAG(s) 'tutorial' retrieved from /home/airflow/.local/lib/python3.12/site-packages/airflow/example_dags/tutorial.py
[2024-08-08T03:18:21.615+0000] {logging_mixin.py:188} INFO - [2024-08-08T03:18:21.615+0000] {dag.py:3089} INFO - Sync 1 DAGs
[2024-08-08T03:18:21.672+0000] {logging_mixin.py:188} INFO - [2024-08-08T03:18:21.671+0000] {dag.py:3947} INFO - Setting next_dagrun for tutorial to 2024-08-07 00:00:00+00:00, run_after=2024-08-08 00:00:00+00:00
[2024-08-08T03:18:21.736+0000] {processor.py:183} INFO - Processing /home/airflow/.local/lib/python3.12/site-packages/airflow/example_dags/tutorial.py took 0.213 seconds
[2024-08-08T03:18:51.826+0000] {processor.py:161} INFO - Started process (PID=342) to work on /home/airflow/.local/lib/python3.12/site-packages/airflow/example_dags/tutorial.py
[2024-08-08T03:18:51.827+0000] {processor.py:830} INFO - Processing file /home/airflow/.local/lib/python3.12/site-packages/airflow/example_dags/tutorial.py for tasks to queue
[2024-08-08T03:18:51.829+0000] {logging_mixin.py:188} INFO - [2024-08-08T03:18:51.828+0000] {dagbag.py:545} INFO - Filling up the DagBag from /home/airflow/.local/lib/python3.12/site-packages/airflow/example_dags/tutorial.py
[2024-08-08T03:18:51.836+0000] {processor.py:840} INFO - DAG(s) 'tutorial' retrieved from /home/airflow/.local/lib/python3.12/site-packages/airflow/example_dags/tutorial.py
[2024-08-08T03:18:51.858+0000] {logging_mixin.py:188} INFO - [2024-08-08T03:18:51.858+0000] {dag.py:3089} INFO - Sync 1 DAGs
[2024-08-08T03:18:51.885+0000] {logging_mixin.py:188} INFO - [2024-08-08T03:18:51.885+0000] {dag.py:3947} INFO - Setting next_dagrun for tutorial to 2024-08-07 00:00:00+00:00, run_after=2024-08-08 00:00:00+00:00
[2024-08-08T03:18:51.919+0000] {processor.py:183} INFO - Processing /home/airflow/.local/lib/python3.12/site-packages/airflow/example_dags/tutorial.py took 0.100 seconds
[2024-08-08T03:19:22.380+0000] {processor.py:161} INFO - Started process (PID=403) to work on /home/airflow/.local/lib/python3.12/site-packages/airflow/example_dags/tutorial.py
[2024-08-08T03:19:22.382+0000] {processor.py:830} INFO - Processing file /home/airflow/.local/lib/python3.12/site-packages/airflow/example_dags/tutorial.py for tasks to queue
[2024-08-08T03:19:22.384+0000] {logging_mixin.py:188} INFO - [2024-08-08T03:19:22.384+0000] {dagbag.py:545} INFO - Filling up the DagBag from /home/airflow/.local/lib/python3.12/site-packages/airflow/example_dags/tutorial.py
[2024-08-08T03:19:22.390+0000] {processor.py:840} INFO - DAG(s) 'tutorial' retrieved from /home/airflow/.local/lib/python3.12/site-packages/airflow/example_dags/tutorial.py
[2024-08-08T03:19:22.410+0000] {logging_mixin.py:188} INFO - [2024-08-08T03:19:22.410+0000] {dag.py:3089} INFO - Sync 1 DAGs
[2024-08-08T03:19:22.438+0000] {logging_mixin.py:188} INFO - [2024-08-08T03:19:22.438+0000] {dag.py:3947} INFO - Setting next_dagrun for tutorial to 2024-08-07 00:00:00+00:00, run_after=2024-08-08 00:00:00+00:00
[2024-08-08T03:19:22.464+0000] {processor.py:183} INFO - Processing /home/airflow/.local/lib/python3.12/site-packages/airflow/example_dags/tutorial.py took 0.090 seconds
[2024-08-08T03:19:53.270+0000] {processor.py:161} INFO - Started process (PID=464) to work on /home/airflow/.local/lib/python3.12/site-packages/airflow/example_dags/tutorial.py
[2024-08-08T03:19:53.271+0000] {processor.py:830} INFO - Processing file /home/airflow/.local/lib/python3.12/site-packages/airflow/example_dags/tutorial.py for tasks to queue
[2024-08-08T03:19:53.276+0000] {logging_mixin.py:188} INFO - [2024-08-08T03:19:53.275+0000] {dagbag.py:545} INFO - Filling up the DagBag from /home/airflow/.local/lib/python3.12/site-packages/airflow/example_dags/tutorial.py
[2024-08-08T03:19:53.283+0000] {processor.py:840} INFO - DAG(s) 'tutorial' retrieved from /home/airflow/.local/lib/python3.12/site-packages/airflow/example_dags/tutorial.py
[2024-08-08T03:19:53.312+0000] {logging_mixin.py:188} INFO - [2024-08-08T03:19:53.312+0000] {dag.py:3089} INFO - Sync 1 DAGs
[2024-08-08T03:19:53.345+0000] {logging_mixin.py:188} INFO - [2024-08-08T03:19:53.344+0000] {dag.py:3947} INFO - Setting next_dagrun for tutorial to 2024-08-07 00:00:00+00:00, run_after=2024-08-08 00:00:00+00:00
[2024-08-08T03:19:53.373+0000] {processor.py:183} INFO - Processing /home/airflow/.local/lib/python3.12/site-packages/airflow/example_dags/tutorial.py took 0.110 seconds
[2024-08-08T03:20:24.319+0000] {processor.py:161} INFO - Started process (PID=524) to work on /home/airflow/.local/lib/python3.12/site-packages/airflow/example_dags/tutorial.py
[2024-08-08T03:20:24.320+0000] {processor.py:830} INFO - Processing file /home/airflow/.local/lib/python3.12/site-packages/airflow/example_dags/tutorial.py for tasks to queue
[2024-08-08T03:20:24.326+0000] {logging_mixin.py:188} INFO - [2024-08-08T03:20:24.325+0000] {dagbag.py:545} INFO - Filling up the DagBag from /home/airflow/.local/lib/python3.12/site-packages/airflow/example_dags/tutorial.py
[2024-08-08T03:20:24.331+0000] {processor.py:840} INFO - DAG(s) 'tutorial' retrieved from /home/airflow/.local/lib/python3.12/site-packages/airflow/example_dags/tutorial.py
[2024-08-08T03:20:24.353+0000] {logging_mixin.py:188} INFO - [2024-08-08T03:20:24.353+0000] {dag.py:3089} INFO - Sync 1 DAGs
[2024-08-08T03:20:24.381+0000] {logging_mixin.py:188} INFO - [2024-08-08T03:20:24.380+0000] {dag.py:3947} INFO - Setting next_dagrun for tutorial to 2024-08-07 00:00:00+00:00, run_after=2024-08-08 00:00:00+00:00
[2024-08-08T03:20:24.405+0000] {processor.py:183} INFO - Processing /home/airflow/.local/lib/python3.12/site-packages/airflow/example_dags/tutorial.py took 0.092 seconds
[2024-08-08T03:20:54.583+0000] {processor.py:161} INFO - Started process (PID=584) to work on /home/airflow/.local/lib/python3.12/site-packages/airflow/example_dags/tutorial.py
[2024-08-08T03:20:54.584+0000] {processor.py:830} INFO - Processing file /home/airflow/.local/lib/python3.12/site-packages/airflow/example_dags/tutorial.py for tasks to queue
[2024-08-08T03:20:54.587+0000] {logging_mixin.py:188} INFO - [2024-08-08T03:20:54.586+0000] {dagbag.py:545} INFO - Filling up the DagBag from /home/airflow/.local/lib/python3.12/site-packages/airflow/example_dags/tutorial.py
[2024-08-08T03:20:54.593+0000] {processor.py:840} INFO - DAG(s) 'tutorial' retrieved from /home/airflow/.local/lib/python3.12/site-packages/airflow/example_dags/tutorial.py
[2024-08-08T03:20:54.618+0000] {logging_mixin.py:188} INFO - [2024-08-08T03:20:54.617+0000] {dag.py:3089} INFO - Sync 1 DAGs
[2024-08-08T03:20:54.639+0000] {logging_mixin.py:188} INFO - [2024-08-08T03:20:54.638+0000] {dag.py:3947} INFO - Setting next_dagrun for tutorial to 2024-08-07 00:00:00+00:00, run_after=2024-08-08 00:00:00+00:00
[2024-08-08T03:20:54.658+0000] {processor.py:183} INFO - Processing /home/airflow/.local/lib/python3.12/site-packages/airflow/example_dags/tutorial.py took 0.083 seconds
[2024-08-08T03:21:24.768+0000] {processor.py:161} INFO - Started process (PID=643) to work on /home/airflow/.local/lib/python3.12/site-packages/airflow/example_dags/tutorial.py
[2024-08-08T03:21:24.772+0000] {processor.py:830} INFO - Processing file /home/airflow/.local/lib/python3.12/site-packages/airflow/example_dags/tutorial.py for tasks to queue
[2024-08-08T03:21:24.778+0000] {logging_mixin.py:188} INFO - [2024-08-08T03:21:24.777+0000] {dagbag.py:545} INFO - Filling up the DagBag from /home/airflow/.local/lib/python3.12/site-packages/airflow/example_dags/tutorial.py
[2024-08-08T03:21:24.798+0000] {processor.py:840} INFO - DAG(s) 'tutorial' retrieved from /home/airflow/.local/lib/python3.12/site-packages/airflow/example_dags/tutorial.py
[2024-08-08T03:21:24.867+0000] {logging_mixin.py:188} INFO - [2024-08-08T03:21:24.867+0000] {dag.py:3089} INFO - Sync 1 DAGs
[2024-08-08T03:21:24.933+0000] {logging_mixin.py:188} INFO - [2024-08-08T03:21:24.933+0000] {dag.py:3947} INFO - Setting next_dagrun for tutorial to 2024-08-07 00:00:00+00:00, run_after=2024-08-08 00:00:00+00:00
[2024-08-08T03:21:24.991+0000] {processor.py:183} INFO - Processing /home/airflow/.local/lib/python3.12/site-packages/airflow/example_dags/tutorial.py took 0.276 seconds
