[2024-08-07T09:56:18.029+0000] {processor.py:161} INFO - Started process (PID=87) to work on /home/airflow/.local/lib/python3.12/site-packages/airflow/example_dags/example_display_name.py
[2024-08-07T09:56:18.096+0000] {processor.py:830} INFO - Processing file /home/airflow/.local/lib/python3.12/site-packages/airflow/example_dags/example_display_name.py for tasks to queue
[2024-08-07T09:56:18.244+0000] {logging_mixin.py:188} INFO - [2024-08-07T09:56:18.242+0000] {dagbag.py:545} INFO - Filling up the DagBag from /home/airflow/.local/lib/python3.12/site-packages/airflow/example_dags/example_display_name.py
[2024-08-07T09:56:18.444+0000] {processor.py:840} INFO - DAG(s) 'example_display_name' retrieved from /home/airflow/.local/lib/python3.12/site-packages/airflow/example_dags/example_display_name.py
[2024-08-07T09:56:20.680+0000] {logging_mixin.py:188} INFO - [2024-08-07T09:56:20.680+0000] {dag.py:3089} INFO - Sync 1 DAGs
[2024-08-07T09:56:20.804+0000] {logging_mixin.py:188} INFO - [2024-08-07T09:56:20.803+0000] {dag.py:3947} INFO - Setting next_dagrun for example_display_name to None, run_after=None
[2024-08-07T09:56:21.198+0000] {processor.py:183} INFO - Processing /home/airflow/.local/lib/python3.12/site-packages/airflow/example_dags/example_display_name.py took 3.647 seconds
[2024-08-07T09:57:35.149+0000] {processor.py:161} INFO - Started process (PID=151) to work on /home/airflow/.local/lib/python3.12/site-packages/airflow/example_dags/example_display_name.py
[2024-08-07T09:57:35.150+0000] {processor.py:830} INFO - Processing file /home/airflow/.local/lib/python3.12/site-packages/airflow/example_dags/example_display_name.py for tasks to queue
[2024-08-07T09:57:35.152+0000] {logging_mixin.py:188} INFO - [2024-08-07T09:57:35.152+0000] {dagbag.py:545} INFO - Filling up the DagBag from /home/airflow/.local/lib/python3.12/site-packages/airflow/example_dags/example_display_name.py
[2024-08-07T09:57:35.179+0000] {processor.py:840} INFO - DAG(s) 'example_display_name' retrieved from /home/airflow/.local/lib/python3.12/site-packages/airflow/example_dags/example_display_name.py
[2024-08-07T09:57:35.228+0000] {logging_mixin.py:188} INFO - [2024-08-07T09:57:35.228+0000] {dag.py:3089} INFO - Sync 1 DAGs
[2024-08-07T09:57:35.270+0000] {logging_mixin.py:188} INFO - [2024-08-07T09:57:35.270+0000] {dag.py:3947} INFO - Setting next_dagrun for example_display_name to None, run_after=None
[2024-08-07T09:57:35.305+0000] {processor.py:183} INFO - Processing /home/airflow/.local/lib/python3.12/site-packages/airflow/example_dags/example_display_name.py took 0.168 seconds
[2024-08-07T09:58:25.396+0000] {processor.py:161} INFO - Started process (PID=210) to work on /home/airflow/.local/lib/python3.12/site-packages/airflow/example_dags/example_display_name.py
[2024-08-07T09:58:25.405+0000] {processor.py:830} INFO - Processing file /home/airflow/.local/lib/python3.12/site-packages/airflow/example_dags/example_display_name.py for tasks to queue
[2024-08-07T09:58:25.483+0000] {logging_mixin.py:188} INFO - [2024-08-07T09:58:25.437+0000] {dagbag.py:545} INFO - Filling up the DagBag from /home/airflow/.local/lib/python3.12/site-packages/airflow/example_dags/example_display_name.py
[2024-08-07T09:58:25.574+0000] {processor.py:840} INFO - DAG(s) 'example_display_name' retrieved from /home/airflow/.local/lib/python3.12/site-packages/airflow/example_dags/example_display_name.py
[2024-08-07T09:58:25.603+0000] {logging_mixin.py:188} INFO - [2024-08-07T09:58:25.602+0000] {dag.py:3089} INFO - Sync 1 DAGs
[2024-08-07T09:58:25.617+0000] {logging_mixin.py:188} INFO - [2024-08-07T09:58:25.617+0000] {dag.py:3947} INFO - Setting next_dagrun for example_display_name to None, run_after=None
[2024-08-07T09:58:26.033+0000] {processor.py:183} INFO - Processing /home/airflow/.local/lib/python3.12/site-packages/airflow/example_dags/example_display_name.py took 0.675 seconds
[2024-08-07T09:59:14.075+0000] {processor.py:161} INFO - Started process (PID=274) to work on /home/airflow/.local/lib/python3.12/site-packages/airflow/example_dags/example_display_name.py
[2024-08-07T09:59:14.115+0000] {processor.py:830} INFO - Processing file /home/airflow/.local/lib/python3.12/site-packages/airflow/example_dags/example_display_name.py for tasks to queue
[2024-08-07T09:59:14.131+0000] {logging_mixin.py:188} INFO - [2024-08-07T09:59:14.130+0000] {dagbag.py:545} INFO - Filling up the DagBag from /home/airflow/.local/lib/python3.12/site-packages/airflow/example_dags/example_display_name.py
[2024-08-07T09:59:14.173+0000] {processor.py:840} INFO - DAG(s) 'example_display_name' retrieved from /home/airflow/.local/lib/python3.12/site-packages/airflow/example_dags/example_display_name.py
[2024-08-07T09:59:14.439+0000] {logging_mixin.py:188} INFO - [2024-08-07T09:59:14.438+0000] {dag.py:3089} INFO - Sync 1 DAGs
[2024-08-07T09:59:14.474+0000] {logging_mixin.py:188} INFO - [2024-08-07T09:59:14.474+0000] {dag.py:3947} INFO - Setting next_dagrun for example_display_name to None, run_after=None
[2024-08-07T09:59:15.057+0000] {processor.py:183} INFO - Processing /home/airflow/.local/lib/python3.12/site-packages/airflow/example_dags/example_display_name.py took 1.123 seconds
[2024-08-07T10:00:15.508+0000] {processor.py:161} INFO - Started process (PID=328) to work on /home/airflow/.local/lib/python3.12/site-packages/airflow/example_dags/example_display_name.py
[2024-08-07T10:00:15.536+0000] {processor.py:830} INFO - Processing file /home/airflow/.local/lib/python3.12/site-packages/airflow/example_dags/example_display_name.py for tasks to queue
[2024-08-07T10:00:15.538+0000] {logging_mixin.py:188} INFO - [2024-08-07T10:00:15.538+0000] {dagbag.py:545} INFO - Filling up the DagBag from /home/airflow/.local/lib/python3.12/site-packages/airflow/example_dags/example_display_name.py
[2024-08-07T10:00:15.545+0000] {processor.py:840} INFO - DAG(s) 'example_display_name' retrieved from /home/airflow/.local/lib/python3.12/site-packages/airflow/example_dags/example_display_name.py
[2024-08-07T10:00:15.603+0000] {logging_mixin.py:188} INFO - [2024-08-07T10:00:15.602+0000] {dag.py:3089} INFO - Sync 1 DAGs
[2024-08-07T10:00:15.637+0000] {logging_mixin.py:188} INFO - [2024-08-07T10:00:15.637+0000] {dag.py:3947} INFO - Setting next_dagrun for example_display_name to None, run_after=None
[2024-08-07T10:00:16.000+0000] {processor.py:183} INFO - Processing /home/airflow/.local/lib/python3.12/site-packages/airflow/example_dags/example_display_name.py took 0.499 seconds
[2024-08-07T10:00:48.377+0000] {processor.py:161} INFO - Started process (PID=384) to work on /home/airflow/.local/lib/python3.12/site-packages/airflow/example_dags/example_display_name.py
[2024-08-07T10:00:48.378+0000] {processor.py:830} INFO - Processing file /home/airflow/.local/lib/python3.12/site-packages/airflow/example_dags/example_display_name.py for tasks to queue
[2024-08-07T10:00:48.380+0000] {logging_mixin.py:188} INFO - [2024-08-07T10:00:48.380+0000] {dagbag.py:545} INFO - Filling up the DagBag from /home/airflow/.local/lib/python3.12/site-packages/airflow/example_dags/example_display_name.py
[2024-08-07T10:00:48.387+0000] {processor.py:840} INFO - DAG(s) 'example_display_name' retrieved from /home/airflow/.local/lib/python3.12/site-packages/airflow/example_dags/example_display_name.py
[2024-08-07T10:00:48.406+0000] {logging_mixin.py:188} INFO - [2024-08-07T10:00:48.406+0000] {dag.py:3089} INFO - Sync 1 DAGs
[2024-08-07T10:00:48.421+0000] {logging_mixin.py:188} INFO - [2024-08-07T10:00:48.420+0000] {dag.py:3947} INFO - Setting next_dagrun for example_display_name to None, run_after=None
[2024-08-07T10:00:48.890+0000] {processor.py:183} INFO - Processing /home/airflow/.local/lib/python3.12/site-packages/airflow/example_dags/example_display_name.py took 0.520 seconds
[2024-08-07T10:01:25.935+0000] {processor.py:161} INFO - Started process (PID=442) to work on /home/airflow/.local/lib/python3.12/site-packages/airflow/example_dags/example_display_name.py
[2024-08-07T10:01:25.937+0000] {processor.py:830} INFO - Processing file /home/airflow/.local/lib/python3.12/site-packages/airflow/example_dags/example_display_name.py for tasks to queue
[2024-08-07T10:01:25.940+0000] {logging_mixin.py:188} INFO - [2024-08-07T10:01:25.940+0000] {dagbag.py:545} INFO - Filling up the DagBag from /home/airflow/.local/lib/python3.12/site-packages/airflow/example_dags/example_display_name.py
[2024-08-07T10:01:25.951+0000] {processor.py:840} INFO - DAG(s) 'example_display_name' retrieved from /home/airflow/.local/lib/python3.12/site-packages/airflow/example_dags/example_display_name.py
[2024-08-07T10:01:26.021+0000] {logging_mixin.py:188} INFO - [2024-08-07T10:01:26.020+0000] {dag.py:3089} INFO - Sync 1 DAGs
[2024-08-07T10:01:26.072+0000] {logging_mixin.py:188} INFO - [2024-08-07T10:01:26.071+0000] {dag.py:3947} INFO - Setting next_dagrun for example_display_name to None, run_after=None
[2024-08-07T10:01:26.201+0000] {processor.py:183} INFO - Processing /home/airflow/.local/lib/python3.12/site-packages/airflow/example_dags/example_display_name.py took 0.271 seconds
[2024-08-07T10:01:57.208+0000] {processor.py:161} INFO - Started process (PID=500) to work on /home/airflow/.local/lib/python3.12/site-packages/airflow/example_dags/example_display_name.py
[2024-08-07T10:01:57.214+0000] {processor.py:830} INFO - Processing file /home/airflow/.local/lib/python3.12/site-packages/airflow/example_dags/example_display_name.py for tasks to queue
[2024-08-07T10:01:57.218+0000] {logging_mixin.py:188} INFO - [2024-08-07T10:01:57.217+0000] {dagbag.py:545} INFO - Filling up the DagBag from /home/airflow/.local/lib/python3.12/site-packages/airflow/example_dags/example_display_name.py
[2024-08-07T10:01:57.236+0000] {processor.py:840} INFO - DAG(s) 'example_display_name' retrieved from /home/airflow/.local/lib/python3.12/site-packages/airflow/example_dags/example_display_name.py
[2024-08-07T10:01:57.264+0000] {logging_mixin.py:188} INFO - [2024-08-07T10:01:57.264+0000] {dag.py:3089} INFO - Sync 1 DAGs
[2024-08-07T10:01:57.282+0000] {logging_mixin.py:188} INFO - [2024-08-07T10:01:57.281+0000] {dag.py:3947} INFO - Setting next_dagrun for example_display_name to None, run_after=None
[2024-08-07T10:01:57.325+0000] {processor.py:183} INFO - Processing /home/airflow/.local/lib/python3.12/site-packages/airflow/example_dags/example_display_name.py took 0.123 seconds
[2024-08-07T10:02:28.665+0000] {processor.py:161} INFO - Started process (PID=558) to work on /home/airflow/.local/lib/python3.12/site-packages/airflow/example_dags/example_display_name.py
[2024-08-07T10:02:28.667+0000] {processor.py:830} INFO - Processing file /home/airflow/.local/lib/python3.12/site-packages/airflow/example_dags/example_display_name.py for tasks to queue
[2024-08-07T10:02:28.671+0000] {logging_mixin.py:188} INFO - [2024-08-07T10:02:28.671+0000] {dagbag.py:545} INFO - Filling up the DagBag from /home/airflow/.local/lib/python3.12/site-packages/airflow/example_dags/example_display_name.py
[2024-08-07T10:02:28.679+0000] {processor.py:840} INFO - DAG(s) 'example_display_name' retrieved from /home/airflow/.local/lib/python3.12/site-packages/airflow/example_dags/example_display_name.py
[2024-08-07T10:02:28.699+0000] {logging_mixin.py:188} INFO - [2024-08-07T10:02:28.699+0000] {dag.py:3089} INFO - Sync 1 DAGs
[2024-08-07T10:02:28.713+0000] {logging_mixin.py:188} INFO - [2024-08-07T10:02:28.713+0000] {dag.py:3947} INFO - Setting next_dagrun for example_display_name to None, run_after=None
[2024-08-07T10:02:29.161+0000] {processor.py:183} INFO - Processing /home/airflow/.local/lib/python3.12/site-packages/airflow/example_dags/example_display_name.py took 0.514 seconds
[2024-08-07T10:03:26.740+0000] {processor.py:161} INFO - Started process (PID=624) to work on /home/airflow/.local/lib/python3.12/site-packages/airflow/example_dags/example_display_name.py
[2024-08-07T10:03:26.742+0000] {processor.py:830} INFO - Processing file /home/airflow/.local/lib/python3.12/site-packages/airflow/example_dags/example_display_name.py for tasks to queue
[2024-08-07T10:03:26.744+0000] {logging_mixin.py:188} INFO - [2024-08-07T10:03:26.744+0000] {dagbag.py:545} INFO - Filling up the DagBag from /home/airflow/.local/lib/python3.12/site-packages/airflow/example_dags/example_display_name.py
[2024-08-07T10:03:26.752+0000] {processor.py:840} INFO - DAG(s) 'example_display_name' retrieved from /home/airflow/.local/lib/python3.12/site-packages/airflow/example_dags/example_display_name.py
[2024-08-07T10:03:26.798+0000] {logging_mixin.py:188} INFO - [2024-08-07T10:03:26.797+0000] {dag.py:3089} INFO - Sync 1 DAGs
[2024-08-07T10:03:26.814+0000] {logging_mixin.py:188} INFO - [2024-08-07T10:03:26.814+0000] {dag.py:3947} INFO - Setting next_dagrun for example_display_name to None, run_after=None
[2024-08-07T10:03:26.851+0000] {processor.py:183} INFO - Processing /home/airflow/.local/lib/python3.12/site-packages/airflow/example_dags/example_display_name.py took 0.118 seconds
[2024-08-07T10:03:57.365+0000] {processor.py:161} INFO - Started process (PID=682) to work on /home/airflow/.local/lib/python3.12/site-packages/airflow/example_dags/example_display_name.py
[2024-08-07T10:03:57.366+0000] {processor.py:830} INFO - Processing file /home/airflow/.local/lib/python3.12/site-packages/airflow/example_dags/example_display_name.py for tasks to queue
[2024-08-07T10:03:57.369+0000] {logging_mixin.py:188} INFO - [2024-08-07T10:03:57.368+0000] {dagbag.py:545} INFO - Filling up the DagBag from /home/airflow/.local/lib/python3.12/site-packages/airflow/example_dags/example_display_name.py
[2024-08-07T10:03:57.376+0000] {processor.py:840} INFO - DAG(s) 'example_display_name' retrieved from /home/airflow/.local/lib/python3.12/site-packages/airflow/example_dags/example_display_name.py
[2024-08-07T10:03:57.406+0000] {logging_mixin.py:188} INFO - [2024-08-07T10:03:57.403+0000] {dag.py:3089} INFO - Sync 1 DAGs
[2024-08-07T10:03:57.425+0000] {logging_mixin.py:188} INFO - [2024-08-07T10:03:57.424+0000] {dag.py:3947} INFO - Setting next_dagrun for example_display_name to None, run_after=None
[2024-08-07T10:03:57.456+0000] {processor.py:183} INFO - Processing /home/airflow/.local/lib/python3.12/site-packages/airflow/example_dags/example_display_name.py took 0.098 seconds
[2024-08-07T10:04:28.751+0000] {processor.py:161} INFO - Started process (PID=740) to work on /home/airflow/.local/lib/python3.12/site-packages/airflow/example_dags/example_display_name.py
[2024-08-07T10:04:28.767+0000] {processor.py:830} INFO - Processing file /home/airflow/.local/lib/python3.12/site-packages/airflow/example_dags/example_display_name.py for tasks to queue
[2024-08-07T10:04:28.770+0000] {logging_mixin.py:188} INFO - [2024-08-07T10:04:28.770+0000] {dagbag.py:545} INFO - Filling up the DagBag from /home/airflow/.local/lib/python3.12/site-packages/airflow/example_dags/example_display_name.py
[2024-08-07T10:04:28.787+0000] {processor.py:840} INFO - DAG(s) 'example_display_name' retrieved from /home/airflow/.local/lib/python3.12/site-packages/airflow/example_dags/example_display_name.py
[2024-08-07T10:04:28.818+0000] {logging_mixin.py:188} INFO - [2024-08-07T10:04:28.818+0000] {dag.py:3089} INFO - Sync 1 DAGs
[2024-08-07T10:04:28.842+0000] {logging_mixin.py:188} INFO - [2024-08-07T10:04:28.842+0000] {dag.py:3947} INFO - Setting next_dagrun for example_display_name to None, run_after=None
[2024-08-07T10:04:28.883+0000] {processor.py:183} INFO - Processing /home/airflow/.local/lib/python3.12/site-packages/airflow/example_dags/example_display_name.py took 0.139 seconds
[2024-08-07T10:05:00.124+0000] {processor.py:161} INFO - Started process (PID=799) to work on /home/airflow/.local/lib/python3.12/site-packages/airflow/example_dags/example_display_name.py
[2024-08-07T10:05:00.126+0000] {processor.py:830} INFO - Processing file /home/airflow/.local/lib/python3.12/site-packages/airflow/example_dags/example_display_name.py for tasks to queue
[2024-08-07T10:05:00.128+0000] {logging_mixin.py:188} INFO - [2024-08-07T10:05:00.128+0000] {dagbag.py:545} INFO - Filling up the DagBag from /home/airflow/.local/lib/python3.12/site-packages/airflow/example_dags/example_display_name.py
[2024-08-07T10:05:00.136+0000] {processor.py:840} INFO - DAG(s) 'example_display_name' retrieved from /home/airflow/.local/lib/python3.12/site-packages/airflow/example_dags/example_display_name.py
[2024-08-07T10:05:00.178+0000] {logging_mixin.py:188} INFO - [2024-08-07T10:05:00.178+0000] {dag.py:3089} INFO - Sync 1 DAGs
[2024-08-07T10:05:00.213+0000] {logging_mixin.py:188} INFO - [2024-08-07T10:05:00.212+0000] {dag.py:3947} INFO - Setting next_dagrun for example_display_name to None, run_after=None
[2024-08-07T10:05:00.425+0000] {processor.py:183} INFO - Processing /home/airflow/.local/lib/python3.12/site-packages/airflow/example_dags/example_display_name.py took 0.307 seconds
[2024-08-07T10:05:30.969+0000] {processor.py:161} INFO - Started process (PID=858) to work on /home/airflow/.local/lib/python3.12/site-packages/airflow/example_dags/example_display_name.py
[2024-08-07T10:05:30.970+0000] {processor.py:830} INFO - Processing file /home/airflow/.local/lib/python3.12/site-packages/airflow/example_dags/example_display_name.py for tasks to queue
[2024-08-07T10:05:30.972+0000] {logging_mixin.py:188} INFO - [2024-08-07T10:05:30.971+0000] {dagbag.py:545} INFO - Filling up the DagBag from /home/airflow/.local/lib/python3.12/site-packages/airflow/example_dags/example_display_name.py
[2024-08-07T10:05:30.979+0000] {processor.py:840} INFO - DAG(s) 'example_display_name' retrieved from /home/airflow/.local/lib/python3.12/site-packages/airflow/example_dags/example_display_name.py
[2024-08-07T10:05:31.001+0000] {logging_mixin.py:188} INFO - [2024-08-07T10:05:31.000+0000] {dag.py:3089} INFO - Sync 1 DAGs
[2024-08-07T10:05:31.017+0000] {logging_mixin.py:188} INFO - [2024-08-07T10:05:31.016+0000] {dag.py:3947} INFO - Setting next_dagrun for example_display_name to None, run_after=None
[2024-08-07T10:05:31.038+0000] {processor.py:183} INFO - Processing /home/airflow/.local/lib/python3.12/site-packages/airflow/example_dags/example_display_name.py took 0.076 seconds
[2024-08-07T10:06:02.350+0000] {processor.py:161} INFO - Started process (PID=917) to work on /home/airflow/.local/lib/python3.12/site-packages/airflow/example_dags/example_display_name.py
[2024-08-07T10:06:02.355+0000] {processor.py:830} INFO - Processing file /home/airflow/.local/lib/python3.12/site-packages/airflow/example_dags/example_display_name.py for tasks to queue
[2024-08-07T10:06:02.360+0000] {logging_mixin.py:188} INFO - [2024-08-07T10:06:02.359+0000] {dagbag.py:545} INFO - Filling up the DagBag from /home/airflow/.local/lib/python3.12/site-packages/airflow/example_dags/example_display_name.py
[2024-08-07T10:06:02.377+0000] {processor.py:840} INFO - DAG(s) 'example_display_name' retrieved from /home/airflow/.local/lib/python3.12/site-packages/airflow/example_dags/example_display_name.py
[2024-08-07T10:06:02.439+0000] {logging_mixin.py:188} INFO - [2024-08-07T10:06:02.438+0000] {dag.py:3089} INFO - Sync 1 DAGs
[2024-08-07T10:06:02.486+0000] {logging_mixin.py:188} INFO - [2024-08-07T10:06:02.486+0000] {dag.py:3947} INFO - Setting next_dagrun for example_display_name to None, run_after=None
[2024-08-07T10:06:02.547+0000] {processor.py:183} INFO - Processing /home/airflow/.local/lib/python3.12/site-packages/airflow/example_dags/example_display_name.py took 0.208 seconds
[2024-08-07T10:06:32.750+0000] {processor.py:161} INFO - Started process (PID=975) to work on /home/airflow/.local/lib/python3.12/site-packages/airflow/example_dags/example_display_name.py
[2024-08-07T10:06:32.753+0000] {processor.py:830} INFO - Processing file /home/airflow/.local/lib/python3.12/site-packages/airflow/example_dags/example_display_name.py for tasks to queue
[2024-08-07T10:06:32.760+0000] {logging_mixin.py:188} INFO - [2024-08-07T10:06:32.759+0000] {dagbag.py:545} INFO - Filling up the DagBag from /home/airflow/.local/lib/python3.12/site-packages/airflow/example_dags/example_display_name.py
[2024-08-07T10:06:32.767+0000] {processor.py:840} INFO - DAG(s) 'example_display_name' retrieved from /home/airflow/.local/lib/python3.12/site-packages/airflow/example_dags/example_display_name.py
[2024-08-07T10:06:32.797+0000] {logging_mixin.py:188} INFO - [2024-08-07T10:06:32.797+0000] {dag.py:3089} INFO - Sync 1 DAGs
[2024-08-07T10:06:32.820+0000] {logging_mixin.py:188} INFO - [2024-08-07T10:06:32.820+0000] {dag.py:3947} INFO - Setting next_dagrun for example_display_name to None, run_after=None
[2024-08-07T10:06:32.864+0000] {processor.py:183} INFO - Processing /home/airflow/.local/lib/python3.12/site-packages/airflow/example_dags/example_display_name.py took 0.120 seconds
