[2024-08-07T09:57:05.327+0000] {processor.py:161} INFO - Started process (PID=104) to work on /home/airflow/.local/lib/python3.12/site-packages/airflow/example_dags/example_datasets.py
[2024-08-07T09:57:05.331+0000] {processor.py:830} INFO - Processing file /home/airflow/.local/lib/python3.12/site-packages/airflow/example_dags/example_datasets.py for tasks to queue
[2024-08-07T09:57:05.345+0000] {logging_mixin.py:188} INFO - [2024-08-07T09:57:05.344+0000] {dagbag.py:545} INFO - Filling up the DagBag from /home/airflow/.local/lib/python3.12/site-packages/airflow/example_dags/example_datasets.py
[2024-08-07T09:57:05.444+0000] {processor.py:840} INFO - DAG(s) 'consume_1_or_both_2_and_3_with_dataset_expressions', 'dataset_consumes_1', 'consume_1_and_2_with_dataset_expressions', 'consume_1_or_2_with_dataset_expressions', 'dataset_produces_1', 'dataset_consumes_unknown_never_scheduled', 'dataset_produces_2', 'dataset_consumes_1_and_2', 'dataset_consumes_1_never_scheduled', 'conditional_dataset_and_time_based_timetable' retrieved from /home/airflow/.local/lib/python3.12/site-packages/airflow/example_dags/example_datasets.py
[2024-08-07T09:57:09.469+0000] {logging_mixin.py:188} INFO - [2024-08-07T09:57:09.469+0000] {dag.py:3089} INFO - Sync 10 DAGs
[2024-08-07T09:57:09.859+0000] {logging_mixin.py:188} INFO - [2024-08-07T09:57:09.859+0000] {dag.py:3947} INFO - Setting next_dagrun for conditional_dataset_and_time_based_timetable to 2024-08-07 01:00:00+00:00, run_after=2024-08-07 01:00:00+00:00
[2024-08-07T09:57:09.895+0000] {logging_mixin.py:188} INFO - [2024-08-07T09:57:09.894+0000] {dag.py:3947} INFO - Setting next_dagrun for consume_1_and_2_with_dataset_expressions to None, run_after=None
[2024-08-07T09:57:09.907+0000] {logging_mixin.py:188} INFO - [2024-08-07T09:57:09.907+0000] {dag.py:3947} INFO - Setting next_dagrun for consume_1_or_2_with_dataset_expressions to None, run_after=None
[2024-08-07T09:57:09.922+0000] {logging_mixin.py:188} INFO - [2024-08-07T09:57:09.922+0000] {dag.py:3947} INFO - Setting next_dagrun for consume_1_or_both_2_and_3_with_dataset_expressions to None, run_after=None
[2024-08-07T09:57:09.938+0000] {logging_mixin.py:188} INFO - [2024-08-07T09:57:09.938+0000] {dag.py:3947} INFO - Setting next_dagrun for dataset_consumes_1 to None, run_after=None
[2024-08-07T09:57:09.951+0000] {logging_mixin.py:188} INFO - [2024-08-07T09:57:09.949+0000] {dag.py:3947} INFO - Setting next_dagrun for dataset_consumes_1_and_2 to None, run_after=None
[2024-08-07T09:57:09.970+0000] {logging_mixin.py:188} INFO - [2024-08-07T09:57:09.966+0000] {dag.py:3947} INFO - Setting next_dagrun for dataset_consumes_1_never_scheduled to None, run_after=None
[2024-08-07T09:57:09.980+0000] {logging_mixin.py:188} INFO - [2024-08-07T09:57:09.980+0000] {dag.py:3947} INFO - Setting next_dagrun for dataset_consumes_unknown_never_scheduled to None, run_after=None
[2024-08-07T09:57:09.996+0000] {logging_mixin.py:188} INFO - [2024-08-07T09:57:09.995+0000] {dag.py:3947} INFO - Setting next_dagrun for dataset_produces_1 to 2024-08-06 00:00:00+00:00, run_after=2024-08-07 00:00:00+00:00
[2024-08-07T09:57:09.997+0000] {logging_mixin.py:188} INFO - [2024-08-07T09:57:09.997+0000] {dag.py:3947} INFO - Setting next_dagrun for dataset_produces_2 to None, run_after=None
[2024-08-07T09:57:10.224+0000] {processor.py:183} INFO - Processing /home/airflow/.local/lib/python3.12/site-packages/airflow/example_dags/example_datasets.py took 4.942 seconds
[2024-08-07T09:57:40.701+0000] {processor.py:161} INFO - Started process (PID=168) to work on /home/airflow/.local/lib/python3.12/site-packages/airflow/example_dags/example_datasets.py
[2024-08-07T09:57:40.726+0000] {processor.py:830} INFO - Processing file /home/airflow/.local/lib/python3.12/site-packages/airflow/example_dags/example_datasets.py for tasks to queue
[2024-08-07T09:57:40.734+0000] {logging_mixin.py:188} INFO - [2024-08-07T09:57:40.728+0000] {dagbag.py:545} INFO - Filling up the DagBag from /home/airflow/.local/lib/python3.12/site-packages/airflow/example_dags/example_datasets.py
[2024-08-07T09:57:41.082+0000] {processor.py:840} INFO - DAG(s) 'dataset_consumes_unknown_never_scheduled', 'conditional_dataset_and_time_based_timetable', 'dataset_consumes_1_never_scheduled', 'consume_1_and_2_with_dataset_expressions', 'consume_1_or_2_with_dataset_expressions', 'consume_1_or_both_2_and_3_with_dataset_expressions', 'dataset_consumes_1_and_2', 'dataset_produces_2', 'dataset_consumes_1', 'dataset_produces_1' retrieved from /home/airflow/.local/lib/python3.12/site-packages/airflow/example_dags/example_datasets.py
[2024-08-07T09:57:42.478+0000] {logging_mixin.py:188} INFO - [2024-08-07T09:57:42.478+0000] {dag.py:3089} INFO - Sync 10 DAGs
[2024-08-07T09:57:42.584+0000] {logging_mixin.py:188} INFO - [2024-08-07T09:57:42.583+0000] {dag.py:3947} INFO - Setting next_dagrun for conditional_dataset_and_time_based_timetable to 2024-08-07 01:00:00+00:00, run_after=2024-08-07 01:00:00+00:00
[2024-08-07T09:57:42.588+0000] {logging_mixin.py:188} INFO - [2024-08-07T09:57:42.588+0000] {dag.py:3947} INFO - Setting next_dagrun for consume_1_and_2_with_dataset_expressions to None, run_after=None
[2024-08-07T09:57:42.589+0000] {logging_mixin.py:188} INFO - [2024-08-07T09:57:42.589+0000] {dag.py:3947} INFO - Setting next_dagrun for consume_1_or_2_with_dataset_expressions to None, run_after=None
[2024-08-07T09:57:42.593+0000] {logging_mixin.py:188} INFO - [2024-08-07T09:57:42.593+0000] {dag.py:3947} INFO - Setting next_dagrun for consume_1_or_both_2_and_3_with_dataset_expressions to None, run_after=None
[2024-08-07T09:57:42.595+0000] {logging_mixin.py:188} INFO - [2024-08-07T09:57:42.595+0000] {dag.py:3947} INFO - Setting next_dagrun for dataset_consumes_1 to None, run_after=None
[2024-08-07T09:57:42.596+0000] {logging_mixin.py:188} INFO - [2024-08-07T09:57:42.596+0000] {dag.py:3947} INFO - Setting next_dagrun for dataset_consumes_1_and_2 to None, run_after=None
[2024-08-07T09:57:42.599+0000] {logging_mixin.py:188} INFO - [2024-08-07T09:57:42.598+0000] {dag.py:3947} INFO - Setting next_dagrun for dataset_consumes_1_never_scheduled to None, run_after=None
[2024-08-07T09:57:42.600+0000] {logging_mixin.py:188} INFO - [2024-08-07T09:57:42.600+0000] {dag.py:3947} INFO - Setting next_dagrun for dataset_consumes_unknown_never_scheduled to None, run_after=None
[2024-08-07T09:57:42.604+0000] {logging_mixin.py:188} INFO - [2024-08-07T09:57:42.603+0000] {dag.py:3947} INFO - Setting next_dagrun for dataset_produces_1 to 2024-08-06 00:00:00+00:00, run_after=2024-08-07 00:00:00+00:00
[2024-08-07T09:57:42.605+0000] {logging_mixin.py:188} INFO - [2024-08-07T09:57:42.605+0000] {dag.py:3947} INFO - Setting next_dagrun for dataset_produces_2 to None, run_after=None
[2024-08-07T09:57:42.964+0000] {processor.py:183} INFO - Processing /home/airflow/.local/lib/python3.12/site-packages/airflow/example_dags/example_datasets.py took 2.489 seconds
[2024-08-07T09:58:31.975+0000] {processor.py:161} INFO - Started process (PID=225) to work on /home/airflow/.local/lib/python3.12/site-packages/airflow/example_dags/example_datasets.py
[2024-08-07T09:58:31.979+0000] {processor.py:830} INFO - Processing file /home/airflow/.local/lib/python3.12/site-packages/airflow/example_dags/example_datasets.py for tasks to queue
[2024-08-07T09:58:31.982+0000] {logging_mixin.py:188} INFO - [2024-08-07T09:58:31.982+0000] {dagbag.py:545} INFO - Filling up the DagBag from /home/airflow/.local/lib/python3.12/site-packages/airflow/example_dags/example_datasets.py
[2024-08-07T09:58:32.049+0000] {processor.py:840} INFO - DAG(s) 'consume_1_or_2_with_dataset_expressions', 'dataset_consumes_1_never_scheduled', 'consume_1_or_both_2_and_3_with_dataset_expressions', 'conditional_dataset_and_time_based_timetable', 'dataset_produces_1', 'consume_1_and_2_with_dataset_expressions', 'dataset_produces_2', 'dataset_consumes_1', 'dataset_consumes_unknown_never_scheduled', 'dataset_consumes_1_and_2' retrieved from /home/airflow/.local/lib/python3.12/site-packages/airflow/example_dags/example_datasets.py
[2024-08-07T09:58:32.098+0000] {logging_mixin.py:188} INFO - [2024-08-07T09:58:32.097+0000] {dag.py:3089} INFO - Sync 10 DAGs
[2024-08-07T09:58:32.147+0000] {logging_mixin.py:188} INFO - [2024-08-07T09:58:32.146+0000] {dag.py:3947} INFO - Setting next_dagrun for conditional_dataset_and_time_based_timetable to 2024-08-07 01:00:00+00:00, run_after=2024-08-07 01:00:00+00:00
[2024-08-07T09:58:32.151+0000] {logging_mixin.py:188} INFO - [2024-08-07T09:58:32.150+0000] {dag.py:3947} INFO - Setting next_dagrun for consume_1_and_2_with_dataset_expressions to None, run_after=None
[2024-08-07T09:58:32.153+0000] {logging_mixin.py:188} INFO - [2024-08-07T09:58:32.153+0000] {dag.py:3947} INFO - Setting next_dagrun for consume_1_or_2_with_dataset_expressions to None, run_after=None
[2024-08-07T09:58:32.161+0000] {logging_mixin.py:188} INFO - [2024-08-07T09:58:32.160+0000] {dag.py:3947} INFO - Setting next_dagrun for consume_1_or_both_2_and_3_with_dataset_expressions to None, run_after=None
[2024-08-07T09:58:32.165+0000] {logging_mixin.py:188} INFO - [2024-08-07T09:58:32.165+0000] {dag.py:3947} INFO - Setting next_dagrun for dataset_consumes_1 to None, run_after=None
[2024-08-07T09:58:32.167+0000] {logging_mixin.py:188} INFO - [2024-08-07T09:58:32.167+0000] {dag.py:3947} INFO - Setting next_dagrun for dataset_consumes_1_and_2 to None, run_after=None
[2024-08-07T09:58:32.168+0000] {logging_mixin.py:188} INFO - [2024-08-07T09:58:32.168+0000] {dag.py:3947} INFO - Setting next_dagrun for dataset_consumes_1_never_scheduled to None, run_after=None
[2024-08-07T09:58:32.170+0000] {logging_mixin.py:188} INFO - [2024-08-07T09:58:32.169+0000] {dag.py:3947} INFO - Setting next_dagrun for dataset_consumes_unknown_never_scheduled to None, run_after=None
[2024-08-07T09:58:32.172+0000] {logging_mixin.py:188} INFO - [2024-08-07T09:58:32.172+0000] {dag.py:3947} INFO - Setting next_dagrun for dataset_produces_1 to 2024-08-06 00:00:00+00:00, run_after=2024-08-07 00:00:00+00:00
[2024-08-07T09:58:32.174+0000] {logging_mixin.py:188} INFO - [2024-08-07T09:58:32.174+0000] {dag.py:3947} INFO - Setting next_dagrun for dataset_produces_2 to None, run_after=None
[2024-08-07T09:58:32.388+0000] {processor.py:183} INFO - Processing /home/airflow/.local/lib/python3.12/site-packages/airflow/example_dags/example_datasets.py took 0.422 seconds
[2024-08-07T09:59:23.912+0000] {processor.py:161} INFO - Started process (PID=285) to work on /home/airflow/.local/lib/python3.12/site-packages/airflow/example_dags/example_datasets.py
[2024-08-07T09:59:23.925+0000] {processor.py:830} INFO - Processing file /home/airflow/.local/lib/python3.12/site-packages/airflow/example_dags/example_datasets.py for tasks to queue
[2024-08-07T09:59:23.933+0000] {logging_mixin.py:188} INFO - [2024-08-07T09:59:23.932+0000] {dagbag.py:545} INFO - Filling up the DagBag from /home/airflow/.local/lib/python3.12/site-packages/airflow/example_dags/example_datasets.py
[2024-08-07T09:59:24.039+0000] {processor.py:840} INFO - DAG(s) 'dataset_consumes_1_and_2', 'conditional_dataset_and_time_based_timetable', 'dataset_consumes_unknown_never_scheduled', 'consume_1_and_2_with_dataset_expressions', 'consume_1_or_2_with_dataset_expressions', 'consume_1_or_both_2_and_3_with_dataset_expressions', 'dataset_consumes_1_never_scheduled', 'dataset_produces_2', 'dataset_produces_1', 'dataset_consumes_1' retrieved from /home/airflow/.local/lib/python3.12/site-packages/airflow/example_dags/example_datasets.py
[2024-08-07T09:59:24.514+0000] {logging_mixin.py:188} INFO - [2024-08-07T09:59:24.514+0000] {dag.py:3089} INFO - Sync 10 DAGs
[2024-08-07T09:59:24.663+0000] {logging_mixin.py:188} INFO - [2024-08-07T09:59:24.655+0000] {dag.py:3947} INFO - Setting next_dagrun for conditional_dataset_and_time_based_timetable to 2024-08-07 01:00:00+00:00, run_after=2024-08-07 01:00:00+00:00
[2024-08-07T09:59:24.679+0000] {logging_mixin.py:188} INFO - [2024-08-07T09:59:24.678+0000] {dag.py:3947} INFO - Setting next_dagrun for consume_1_and_2_with_dataset_expressions to None, run_after=None
[2024-08-07T09:59:24.687+0000] {logging_mixin.py:188} INFO - [2024-08-07T09:59:24.685+0000] {dag.py:3947} INFO - Setting next_dagrun for consume_1_or_2_with_dataset_expressions to None, run_after=None
[2024-08-07T09:59:24.694+0000] {logging_mixin.py:188} INFO - [2024-08-07T09:59:24.693+0000] {dag.py:3947} INFO - Setting next_dagrun for consume_1_or_both_2_and_3_with_dataset_expressions to None, run_after=None
[2024-08-07T09:59:24.703+0000] {logging_mixin.py:188} INFO - [2024-08-07T09:59:24.701+0000] {dag.py:3947} INFO - Setting next_dagrun for dataset_consumes_1 to None, run_after=None
[2024-08-07T09:59:24.717+0000] {logging_mixin.py:188} INFO - [2024-08-07T09:59:24.715+0000] {dag.py:3947} INFO - Setting next_dagrun for dataset_consumes_1_and_2 to None, run_after=None
[2024-08-07T09:59:24.727+0000] {logging_mixin.py:188} INFO - [2024-08-07T09:59:24.726+0000] {dag.py:3947} INFO - Setting next_dagrun for dataset_consumes_1_never_scheduled to None, run_after=None
[2024-08-07T09:59:24.735+0000] {logging_mixin.py:188} INFO - [2024-08-07T09:59:24.735+0000] {dag.py:3947} INFO - Setting next_dagrun for dataset_consumes_unknown_never_scheduled to None, run_after=None
[2024-08-07T09:59:24.800+0000] {logging_mixin.py:188} INFO - [2024-08-07T09:59:24.800+0000] {dag.py:3947} INFO - Setting next_dagrun for dataset_produces_1 to 2024-08-06 00:00:00+00:00, run_after=2024-08-07 00:00:00+00:00
[2024-08-07T09:59:24.815+0000] {logging_mixin.py:188} INFO - [2024-08-07T09:59:24.815+0000] {dag.py:3947} INFO - Setting next_dagrun for dataset_produces_2 to None, run_after=None
[2024-08-07T09:59:25.130+0000] {processor.py:183} INFO - Processing /home/airflow/.local/lib/python3.12/site-packages/airflow/example_dags/example_datasets.py took 1.228 seconds
[2024-08-07T10:00:25.195+0000] {processor.py:161} INFO - Started process (PID=349) to work on /home/airflow/.local/lib/python3.12/site-packages/airflow/example_dags/example_datasets.py
[2024-08-07T10:00:25.206+0000] {processor.py:830} INFO - Processing file /home/airflow/.local/lib/python3.12/site-packages/airflow/example_dags/example_datasets.py for tasks to queue
[2024-08-07T10:00:25.208+0000] {logging_mixin.py:188} INFO - [2024-08-07T10:00:25.207+0000] {dagbag.py:545} INFO - Filling up the DagBag from /home/airflow/.local/lib/python3.12/site-packages/airflow/example_dags/example_datasets.py
[2024-08-07T10:00:25.228+0000] {processor.py:840} INFO - DAG(s) 'dataset_consumes_1_never_scheduled', 'dataset_consumes_1', 'consume_1_or_both_2_and_3_with_dataset_expressions', 'consume_1_and_2_with_dataset_expressions', 'conditional_dataset_and_time_based_timetable', 'dataset_consumes_1_and_2', 'consume_1_or_2_with_dataset_expressions', 'dataset_produces_2', 'dataset_produces_1', 'dataset_consumes_unknown_never_scheduled' retrieved from /home/airflow/.local/lib/python3.12/site-packages/airflow/example_dags/example_datasets.py
[2024-08-07T10:00:25.355+0000] {logging_mixin.py:188} INFO - [2024-08-07T10:00:25.355+0000] {dag.py:3089} INFO - Sync 10 DAGs
[2024-08-07T10:00:25.425+0000] {logging_mixin.py:188} INFO - [2024-08-07T10:00:25.425+0000] {dag.py:3947} INFO - Setting next_dagrun for conditional_dataset_and_time_based_timetable to 2024-08-07 01:00:00+00:00, run_after=2024-08-07 01:00:00+00:00
[2024-08-07T10:00:25.432+0000] {logging_mixin.py:188} INFO - [2024-08-07T10:00:25.432+0000] {dag.py:3947} INFO - Setting next_dagrun for consume_1_and_2_with_dataset_expressions to None, run_after=None
[2024-08-07T10:00:25.442+0000] {logging_mixin.py:188} INFO - [2024-08-07T10:00:25.442+0000] {dag.py:3947} INFO - Setting next_dagrun for consume_1_or_2_with_dataset_expressions to None, run_after=None
[2024-08-07T10:00:25.449+0000] {logging_mixin.py:188} INFO - [2024-08-07T10:00:25.449+0000] {dag.py:3947} INFO - Setting next_dagrun for consume_1_or_both_2_and_3_with_dataset_expressions to None, run_after=None
[2024-08-07T10:00:25.451+0000] {logging_mixin.py:188} INFO - [2024-08-07T10:00:25.451+0000] {dag.py:3947} INFO - Setting next_dagrun for dataset_consumes_1 to None, run_after=None
[2024-08-07T10:00:25.453+0000] {logging_mixin.py:188} INFO - [2024-08-07T10:00:25.453+0000] {dag.py:3947} INFO - Setting next_dagrun for dataset_consumes_1_and_2 to None, run_after=None
[2024-08-07T10:00:25.455+0000] {logging_mixin.py:188} INFO - [2024-08-07T10:00:25.454+0000] {dag.py:3947} INFO - Setting next_dagrun for dataset_consumes_1_never_scheduled to None, run_after=None
[2024-08-07T10:00:25.457+0000] {logging_mixin.py:188} INFO - [2024-08-07T10:00:25.456+0000] {dag.py:3947} INFO - Setting next_dagrun for dataset_consumes_unknown_never_scheduled to None, run_after=None
[2024-08-07T10:00:25.460+0000] {logging_mixin.py:188} INFO - [2024-08-07T10:00:25.459+0000] {dag.py:3947} INFO - Setting next_dagrun for dataset_produces_1 to 2024-08-06 00:00:00+00:00, run_after=2024-08-07 00:00:00+00:00
[2024-08-07T10:00:25.462+0000] {logging_mixin.py:188} INFO - [2024-08-07T10:00:25.462+0000] {dag.py:3947} INFO - Setting next_dagrun for dataset_produces_2 to None, run_after=None
[2024-08-07T10:00:25.537+0000] {processor.py:183} INFO - Processing /home/airflow/.local/lib/python3.12/site-packages/airflow/example_dags/example_datasets.py took 0.354 seconds
[2024-08-07T10:00:57.721+0000] {processor.py:161} INFO - Started process (PID=407) to work on /home/airflow/.local/lib/python3.12/site-packages/airflow/example_dags/example_datasets.py
[2024-08-07T10:00:57.722+0000] {processor.py:830} INFO - Processing file /home/airflow/.local/lib/python3.12/site-packages/airflow/example_dags/example_datasets.py for tasks to queue
[2024-08-07T10:00:57.724+0000] {logging_mixin.py:188} INFO - [2024-08-07T10:00:57.723+0000] {dagbag.py:545} INFO - Filling up the DagBag from /home/airflow/.local/lib/python3.12/site-packages/airflow/example_dags/example_datasets.py
[2024-08-07T10:00:58.368+0000] {processor.py:840} INFO - DAG(s) 'consume_1_and_2_with_dataset_expressions', 'consume_1_or_both_2_and_3_with_dataset_expressions', 'conditional_dataset_and_time_based_timetable', 'dataset_consumes_1', 'dataset_consumes_1_never_scheduled', 'dataset_produces_1', 'consume_1_or_2_with_dataset_expressions', 'dataset_produces_2', 'dataset_consumes_unknown_never_scheduled', 'dataset_consumes_1_and_2' retrieved from /home/airflow/.local/lib/python3.12/site-packages/airflow/example_dags/example_datasets.py
[2024-08-07T10:00:58.422+0000] {logging_mixin.py:188} INFO - [2024-08-07T10:00:58.422+0000] {dag.py:3089} INFO - Sync 10 DAGs
[2024-08-07T10:00:58.448+0000] {logging_mixin.py:188} INFO - [2024-08-07T10:00:58.448+0000] {dag.py:3947} INFO - Setting next_dagrun for conditional_dataset_and_time_based_timetable to 2024-08-07 01:00:00+00:00, run_after=2024-08-07 01:00:00+00:00
[2024-08-07T10:00:58.452+0000] {logging_mixin.py:188} INFO - [2024-08-07T10:00:58.451+0000] {dag.py:3947} INFO - Setting next_dagrun for consume_1_and_2_with_dataset_expressions to None, run_after=None
[2024-08-07T10:00:58.454+0000] {logging_mixin.py:188} INFO - [2024-08-07T10:00:58.453+0000] {dag.py:3947} INFO - Setting next_dagrun for consume_1_or_2_with_dataset_expressions to None, run_after=None
[2024-08-07T10:00:58.457+0000] {logging_mixin.py:188} INFO - [2024-08-07T10:00:58.456+0000] {dag.py:3947} INFO - Setting next_dagrun for consume_1_or_both_2_and_3_with_dataset_expressions to None, run_after=None
[2024-08-07T10:00:58.458+0000] {logging_mixin.py:188} INFO - [2024-08-07T10:00:58.458+0000] {dag.py:3947} INFO - Setting next_dagrun for dataset_consumes_1 to None, run_after=None
[2024-08-07T10:00:58.460+0000] {logging_mixin.py:188} INFO - [2024-08-07T10:00:58.459+0000] {dag.py:3947} INFO - Setting next_dagrun for dataset_consumes_1_and_2 to None, run_after=None
[2024-08-07T10:00:58.461+0000] {logging_mixin.py:188} INFO - [2024-08-07T10:00:58.461+0000] {dag.py:3947} INFO - Setting next_dagrun for dataset_consumes_1_never_scheduled to None, run_after=None
[2024-08-07T10:00:58.462+0000] {logging_mixin.py:188} INFO - [2024-08-07T10:00:58.462+0000] {dag.py:3947} INFO - Setting next_dagrun for dataset_consumes_unknown_never_scheduled to None, run_after=None
[2024-08-07T10:00:58.465+0000] {logging_mixin.py:188} INFO - [2024-08-07T10:00:58.465+0000] {dag.py:3947} INFO - Setting next_dagrun for dataset_produces_1 to 2024-08-06 00:00:00+00:00, run_after=2024-08-07 00:00:00+00:00
[2024-08-07T10:00:58.466+0000] {logging_mixin.py:188} INFO - [2024-08-07T10:00:58.466+0000] {dag.py:3947} INFO - Setting next_dagrun for dataset_produces_2 to None, run_after=None
[2024-08-07T10:01:00.122+0000] {processor.py:183} INFO - Processing /home/airflow/.local/lib/python3.12/site-packages/airflow/example_dags/example_datasets.py took 2.407 seconds
[2024-08-07T10:01:37.167+0000] {processor.py:161} INFO - Started process (PID=463) to work on /home/airflow/.local/lib/python3.12/site-packages/airflow/example_dags/example_datasets.py
[2024-08-07T10:01:37.217+0000] {processor.py:830} INFO - Processing file /home/airflow/.local/lib/python3.12/site-packages/airflow/example_dags/example_datasets.py for tasks to queue
[2024-08-07T10:01:37.219+0000] {logging_mixin.py:188} INFO - [2024-08-07T10:01:37.219+0000] {dagbag.py:545} INFO - Filling up the DagBag from /home/airflow/.local/lib/python3.12/site-packages/airflow/example_dags/example_datasets.py
[2024-08-07T10:01:37.238+0000] {processor.py:840} INFO - DAG(s) 'consume_1_and_2_with_dataset_expressions', 'dataset_consumes_1_and_2', 'dataset_consumes_unknown_never_scheduled', 'consume_1_or_both_2_and_3_with_dataset_expressions', 'consume_1_or_2_with_dataset_expressions', 'dataset_produces_1', 'dataset_consumes_1', 'conditional_dataset_and_time_based_timetable', 'dataset_consumes_1_never_scheduled', 'dataset_produces_2' retrieved from /home/airflow/.local/lib/python3.12/site-packages/airflow/example_dags/example_datasets.py
[2024-08-07T10:01:37.292+0000] {logging_mixin.py:188} INFO - [2024-08-07T10:01:37.292+0000] {dag.py:3089} INFO - Sync 10 DAGs
[2024-08-07T10:01:37.320+0000] {logging_mixin.py:188} INFO - [2024-08-07T10:01:37.320+0000] {dag.py:3947} INFO - Setting next_dagrun for conditional_dataset_and_time_based_timetable to 2024-08-07 01:00:00+00:00, run_after=2024-08-07 01:00:00+00:00
[2024-08-07T10:01:37.325+0000] {logging_mixin.py:188} INFO - [2024-08-07T10:01:37.325+0000] {dag.py:3947} INFO - Setting next_dagrun for consume_1_and_2_with_dataset_expressions to None, run_after=None
[2024-08-07T10:01:37.327+0000] {logging_mixin.py:188} INFO - [2024-08-07T10:01:37.326+0000] {dag.py:3947} INFO - Setting next_dagrun for consume_1_or_2_with_dataset_expressions to None, run_after=None
[2024-08-07T10:01:37.328+0000] {logging_mixin.py:188} INFO - [2024-08-07T10:01:37.328+0000] {dag.py:3947} INFO - Setting next_dagrun for consume_1_or_both_2_and_3_with_dataset_expressions to None, run_after=None
[2024-08-07T10:01:37.329+0000] {logging_mixin.py:188} INFO - [2024-08-07T10:01:37.329+0000] {dag.py:3947} INFO - Setting next_dagrun for dataset_consumes_1 to None, run_after=None
[2024-08-07T10:01:37.331+0000] {logging_mixin.py:188} INFO - [2024-08-07T10:01:37.331+0000] {dag.py:3947} INFO - Setting next_dagrun for dataset_consumes_1_and_2 to None, run_after=None
[2024-08-07T10:01:37.345+0000] {logging_mixin.py:188} INFO - [2024-08-07T10:01:37.345+0000] {dag.py:3947} INFO - Setting next_dagrun for dataset_consumes_1_never_scheduled to None, run_after=None
[2024-08-07T10:01:37.347+0000] {logging_mixin.py:188} INFO - [2024-08-07T10:01:37.347+0000] {dag.py:3947} INFO - Setting next_dagrun for dataset_consumes_unknown_never_scheduled to None, run_after=None
[2024-08-07T10:01:37.349+0000] {logging_mixin.py:188} INFO - [2024-08-07T10:01:37.349+0000] {dag.py:3947} INFO - Setting next_dagrun for dataset_produces_1 to 2024-08-06 00:00:00+00:00, run_after=2024-08-07 00:00:00+00:00
[2024-08-07T10:01:37.351+0000] {logging_mixin.py:188} INFO - [2024-08-07T10:01:37.351+0000] {dag.py:3947} INFO - Setting next_dagrun for dataset_produces_2 to None, run_after=None
[2024-08-07T10:01:38.292+0000] {processor.py:183} INFO - Processing /home/airflow/.local/lib/python3.12/site-packages/airflow/example_dags/example_datasets.py took 1.132 seconds
[2024-08-07T10:02:13.155+0000] {processor.py:161} INFO - Started process (PID=512) to work on /home/airflow/.local/lib/python3.12/site-packages/airflow/example_dags/example_datasets.py
[2024-08-07T10:02:13.156+0000] {processor.py:830} INFO - Processing file /home/airflow/.local/lib/python3.12/site-packages/airflow/example_dags/example_datasets.py for tasks to queue
[2024-08-07T10:02:13.158+0000] {logging_mixin.py:188} INFO - [2024-08-07T10:02:13.158+0000] {dagbag.py:545} INFO - Filling up the DagBag from /home/airflow/.local/lib/python3.12/site-packages/airflow/example_dags/example_datasets.py
[2024-08-07T10:02:13.192+0000] {processor.py:840} INFO - DAG(s) 'dataset_consumes_1_and_2', 'consume_1_and_2_with_dataset_expressions', 'conditional_dataset_and_time_based_timetable', 'dataset_produces_1', 'consume_1_or_2_with_dataset_expressions', 'dataset_produces_2', 'dataset_consumes_1_never_scheduled', 'consume_1_or_both_2_and_3_with_dataset_expressions', 'dataset_consumes_unknown_never_scheduled', 'dataset_consumes_1' retrieved from /home/airflow/.local/lib/python3.12/site-packages/airflow/example_dags/example_datasets.py
[2024-08-07T10:02:13.245+0000] {logging_mixin.py:188} INFO - [2024-08-07T10:02:13.245+0000] {dag.py:3089} INFO - Sync 10 DAGs
[2024-08-07T10:02:13.272+0000] {logging_mixin.py:188} INFO - [2024-08-07T10:02:13.272+0000] {dag.py:3947} INFO - Setting next_dagrun for conditional_dataset_and_time_based_timetable to 2024-08-07 01:00:00+00:00, run_after=2024-08-07 01:00:00+00:00
[2024-08-07T10:02:13.277+0000] {logging_mixin.py:188} INFO - [2024-08-07T10:02:13.277+0000] {dag.py:3947} INFO - Setting next_dagrun for consume_1_and_2_with_dataset_expressions to None, run_after=None
[2024-08-07T10:02:13.279+0000] {logging_mixin.py:188} INFO - [2024-08-07T10:02:13.279+0000] {dag.py:3947} INFO - Setting next_dagrun for consume_1_or_2_with_dataset_expressions to None, run_after=None
[2024-08-07T10:02:13.281+0000] {logging_mixin.py:188} INFO - [2024-08-07T10:02:13.281+0000] {dag.py:3947} INFO - Setting next_dagrun for consume_1_or_both_2_and_3_with_dataset_expressions to None, run_after=None
[2024-08-07T10:02:13.283+0000] {logging_mixin.py:188} INFO - [2024-08-07T10:02:13.282+0000] {dag.py:3947} INFO - Setting next_dagrun for dataset_consumes_1 to None, run_after=None
[2024-08-07T10:02:13.284+0000] {logging_mixin.py:188} INFO - [2024-08-07T10:02:13.284+0000] {dag.py:3947} INFO - Setting next_dagrun for dataset_consumes_1_and_2 to None, run_after=None
[2024-08-07T10:02:13.286+0000] {logging_mixin.py:188} INFO - [2024-08-07T10:02:13.285+0000] {dag.py:3947} INFO - Setting next_dagrun for dataset_consumes_1_never_scheduled to None, run_after=None
[2024-08-07T10:02:13.287+0000] {logging_mixin.py:188} INFO - [2024-08-07T10:02:13.287+0000] {dag.py:3947} INFO - Setting next_dagrun for dataset_consumes_unknown_never_scheduled to None, run_after=None
[2024-08-07T10:02:13.290+0000] {logging_mixin.py:188} INFO - [2024-08-07T10:02:13.290+0000] {dag.py:3947} INFO - Setting next_dagrun for dataset_produces_1 to 2024-08-06 00:00:00+00:00, run_after=2024-08-07 00:00:00+00:00
[2024-08-07T10:02:13.292+0000] {logging_mixin.py:188} INFO - [2024-08-07T10:02:13.291+0000] {dag.py:3947} INFO - Setting next_dagrun for dataset_produces_2 to None, run_after=None
[2024-08-07T10:02:13.866+0000] {processor.py:183} INFO - Processing /home/airflow/.local/lib/python3.12/site-packages/airflow/example_dags/example_datasets.py took 0.718 seconds
[2024-08-07T10:02:44.714+0000] {processor.py:161} INFO - Started process (PID=570) to work on /home/airflow/.local/lib/python3.12/site-packages/airflow/example_dags/example_datasets.py
[2024-08-07T10:02:44.722+0000] {processor.py:830} INFO - Processing file /home/airflow/.local/lib/python3.12/site-packages/airflow/example_dags/example_datasets.py for tasks to queue
[2024-08-07T10:02:44.739+0000] {logging_mixin.py:188} INFO - [2024-08-07T10:02:44.727+0000] {dagbag.py:545} INFO - Filling up the DagBag from /home/airflow/.local/lib/python3.12/site-packages/airflow/example_dags/example_datasets.py
[2024-08-07T10:02:44.805+0000] {processor.py:840} INFO - DAG(s) 'dataset_produces_1', 'dataset_consumes_unknown_never_scheduled', 'dataset_consumes_1_never_scheduled', 'dataset_produces_2', 'consume_1_or_both_2_and_3_with_dataset_expressions', 'dataset_consumes_1_and_2', 'consume_1_or_2_with_dataset_expressions', 'dataset_consumes_1', 'consume_1_and_2_with_dataset_expressions', 'conditional_dataset_and_time_based_timetable' retrieved from /home/airflow/.local/lib/python3.12/site-packages/airflow/example_dags/example_datasets.py
[2024-08-07T10:02:44.880+0000] {logging_mixin.py:188} INFO - [2024-08-07T10:02:44.880+0000] {dag.py:3089} INFO - Sync 10 DAGs
[2024-08-07T10:02:45.009+0000] {logging_mixin.py:188} INFO - [2024-08-07T10:02:45.009+0000] {dag.py:3947} INFO - Setting next_dagrun for conditional_dataset_and_time_based_timetable to 2024-08-07 01:00:00+00:00, run_after=2024-08-07 01:00:00+00:00
[2024-08-07T10:02:45.061+0000] {logging_mixin.py:188} INFO - [2024-08-07T10:02:45.061+0000] {dag.py:3947} INFO - Setting next_dagrun for consume_1_and_2_with_dataset_expressions to None, run_after=None
[2024-08-07T10:02:45.065+0000] {logging_mixin.py:188} INFO - [2024-08-07T10:02:45.064+0000] {dag.py:3947} INFO - Setting next_dagrun for consume_1_or_2_with_dataset_expressions to None, run_after=None
[2024-08-07T10:02:45.067+0000] {logging_mixin.py:188} INFO - [2024-08-07T10:02:45.067+0000] {dag.py:3947} INFO - Setting next_dagrun for consume_1_or_both_2_and_3_with_dataset_expressions to None, run_after=None
[2024-08-07T10:02:45.076+0000] {logging_mixin.py:188} INFO - [2024-08-07T10:02:45.076+0000] {dag.py:3947} INFO - Setting next_dagrun for dataset_consumes_1 to None, run_after=None
[2024-08-07T10:02:45.080+0000] {logging_mixin.py:188} INFO - [2024-08-07T10:02:45.080+0000] {dag.py:3947} INFO - Setting next_dagrun for dataset_consumes_1_and_2 to None, run_after=None
[2024-08-07T10:02:45.082+0000] {logging_mixin.py:188} INFO - [2024-08-07T10:02:45.082+0000] {dag.py:3947} INFO - Setting next_dagrun for dataset_consumes_1_never_scheduled to None, run_after=None
[2024-08-07T10:02:45.084+0000] {logging_mixin.py:188} INFO - [2024-08-07T10:02:45.083+0000] {dag.py:3947} INFO - Setting next_dagrun for dataset_consumes_unknown_never_scheduled to None, run_after=None
[2024-08-07T10:02:45.087+0000] {logging_mixin.py:188} INFO - [2024-08-07T10:02:45.086+0000] {dag.py:3947} INFO - Setting next_dagrun for dataset_produces_1 to 2024-08-06 00:00:00+00:00, run_after=2024-08-07 00:00:00+00:00
[2024-08-07T10:02:45.093+0000] {logging_mixin.py:188} INFO - [2024-08-07T10:02:45.093+0000] {dag.py:3947} INFO - Setting next_dagrun for dataset_produces_2 to None, run_after=None
[2024-08-07T10:02:45.175+0000] {processor.py:183} INFO - Processing /home/airflow/.local/lib/python3.12/site-packages/airflow/example_dags/example_datasets.py took 0.488 seconds
[2024-08-07T10:03:28.150+0000] {processor.py:161} INFO - Started process (PID=635) to work on /home/airflow/.local/lib/python3.12/site-packages/airflow/example_dags/example_datasets.py
[2024-08-07T10:03:28.153+0000] {processor.py:830} INFO - Processing file /home/airflow/.local/lib/python3.12/site-packages/airflow/example_dags/example_datasets.py for tasks to queue
[2024-08-07T10:03:28.163+0000] {logging_mixin.py:188} INFO - [2024-08-07T10:03:28.163+0000] {dagbag.py:545} INFO - Filling up the DagBag from /home/airflow/.local/lib/python3.12/site-packages/airflow/example_dags/example_datasets.py
[2024-08-07T10:03:28.180+0000] {processor.py:840} INFO - DAG(s) 'dataset_consumes_1_and_2', 'consume_1_and_2_with_dataset_expressions', 'dataset_consumes_1_never_scheduled', 'dataset_produces_1', 'dataset_consumes_unknown_never_scheduled', 'consume_1_or_2_with_dataset_expressions', 'dataset_consumes_1', 'conditional_dataset_and_time_based_timetable', 'dataset_produces_2', 'consume_1_or_both_2_and_3_with_dataset_expressions' retrieved from /home/airflow/.local/lib/python3.12/site-packages/airflow/example_dags/example_datasets.py
[2024-08-07T10:03:28.256+0000] {logging_mixin.py:188} INFO - [2024-08-07T10:03:28.256+0000] {dag.py:3089} INFO - Sync 10 DAGs
[2024-08-07T10:03:28.312+0000] {logging_mixin.py:188} INFO - [2024-08-07T10:03:28.312+0000] {dag.py:3947} INFO - Setting next_dagrun for conditional_dataset_and_time_based_timetable to 2024-08-07 01:00:00+00:00, run_after=2024-08-07 01:00:00+00:00
[2024-08-07T10:03:28.326+0000] {logging_mixin.py:188} INFO - [2024-08-07T10:03:28.326+0000] {dag.py:3947} INFO - Setting next_dagrun for consume_1_and_2_with_dataset_expressions to None, run_after=None
[2024-08-07T10:03:28.328+0000] {logging_mixin.py:188} INFO - [2024-08-07T10:03:28.328+0000] {dag.py:3947} INFO - Setting next_dagrun for consume_1_or_2_with_dataset_expressions to None, run_after=None
[2024-08-07T10:03:28.330+0000] {logging_mixin.py:188} INFO - [2024-08-07T10:03:28.330+0000] {dag.py:3947} INFO - Setting next_dagrun for consume_1_or_both_2_and_3_with_dataset_expressions to None, run_after=None
[2024-08-07T10:03:28.332+0000] {logging_mixin.py:188} INFO - [2024-08-07T10:03:28.332+0000] {dag.py:3947} INFO - Setting next_dagrun for dataset_consumes_1 to None, run_after=None
[2024-08-07T10:03:28.335+0000] {logging_mixin.py:188} INFO - [2024-08-07T10:03:28.335+0000] {dag.py:3947} INFO - Setting next_dagrun for dataset_consumes_1_and_2 to None, run_after=None
[2024-08-07T10:03:28.336+0000] {logging_mixin.py:188} INFO - [2024-08-07T10:03:28.336+0000] {dag.py:3947} INFO - Setting next_dagrun for dataset_consumes_1_never_scheduled to None, run_after=None
[2024-08-07T10:03:28.338+0000] {logging_mixin.py:188} INFO - [2024-08-07T10:03:28.338+0000] {dag.py:3947} INFO - Setting next_dagrun for dataset_consumes_unknown_never_scheduled to None, run_after=None
[2024-08-07T10:03:28.341+0000] {logging_mixin.py:188} INFO - [2024-08-07T10:03:28.341+0000] {dag.py:3947} INFO - Setting next_dagrun for dataset_produces_1 to 2024-08-06 00:00:00+00:00, run_after=2024-08-07 00:00:00+00:00
[2024-08-07T10:03:28.344+0000] {logging_mixin.py:188} INFO - [2024-08-07T10:03:28.344+0000] {dag.py:3947} INFO - Setting next_dagrun for dataset_produces_2 to None, run_after=None
[2024-08-07T10:03:29.396+0000] {processor.py:183} INFO - Processing /home/airflow/.local/lib/python3.12/site-packages/airflow/example_dags/example_datasets.py took 1.257 seconds
[2024-08-07T10:04:00.259+0000] {processor.py:161} INFO - Started process (PID=694) to work on /home/airflow/.local/lib/python3.12/site-packages/airflow/example_dags/example_datasets.py
[2024-08-07T10:04:00.261+0000] {processor.py:830} INFO - Processing file /home/airflow/.local/lib/python3.12/site-packages/airflow/example_dags/example_datasets.py for tasks to queue
[2024-08-07T10:04:00.265+0000] {logging_mixin.py:188} INFO - [2024-08-07T10:04:00.264+0000] {dagbag.py:545} INFO - Filling up the DagBag from /home/airflow/.local/lib/python3.12/site-packages/airflow/example_dags/example_datasets.py
[2024-08-07T10:04:00.283+0000] {processor.py:840} INFO - DAG(s) 'consume_1_and_2_with_dataset_expressions', 'dataset_produces_2', 'consume_1_or_both_2_and_3_with_dataset_expressions', 'dataset_consumes_1', 'consume_1_or_2_with_dataset_expressions', 'dataset_consumes_unknown_never_scheduled', 'dataset_consumes_1_and_2', 'dataset_produces_1', 'dataset_consumes_1_never_scheduled', 'conditional_dataset_and_time_based_timetable' retrieved from /home/airflow/.local/lib/python3.12/site-packages/airflow/example_dags/example_datasets.py
[2024-08-07T10:04:00.359+0000] {logging_mixin.py:188} INFO - [2024-08-07T10:04:00.359+0000] {dag.py:3089} INFO - Sync 10 DAGs
[2024-08-07T10:04:00.401+0000] {logging_mixin.py:188} INFO - [2024-08-07T10:04:00.400+0000] {dag.py:3947} INFO - Setting next_dagrun for conditional_dataset_and_time_based_timetable to 2024-08-07 01:00:00+00:00, run_after=2024-08-07 01:00:00+00:00
[2024-08-07T10:04:00.407+0000] {logging_mixin.py:188} INFO - [2024-08-07T10:04:00.406+0000] {dag.py:3947} INFO - Setting next_dagrun for consume_1_and_2_with_dataset_expressions to None, run_after=None
[2024-08-07T10:04:00.408+0000] {logging_mixin.py:188} INFO - [2024-08-07T10:04:00.408+0000] {dag.py:3947} INFO - Setting next_dagrun for consume_1_or_2_with_dataset_expressions to None, run_after=None
[2024-08-07T10:04:00.411+0000] {logging_mixin.py:188} INFO - [2024-08-07T10:04:00.410+0000] {dag.py:3947} INFO - Setting next_dagrun for consume_1_or_both_2_and_3_with_dataset_expressions to None, run_after=None
[2024-08-07T10:04:00.413+0000] {logging_mixin.py:188} INFO - [2024-08-07T10:04:00.412+0000] {dag.py:3947} INFO - Setting next_dagrun for dataset_consumes_1 to None, run_after=None
[2024-08-07T10:04:00.416+0000] {logging_mixin.py:188} INFO - [2024-08-07T10:04:00.415+0000] {dag.py:3947} INFO - Setting next_dagrun for dataset_consumes_1_and_2 to None, run_after=None
[2024-08-07T10:04:00.418+0000] {logging_mixin.py:188} INFO - [2024-08-07T10:04:00.417+0000] {dag.py:3947} INFO - Setting next_dagrun for dataset_consumes_1_never_scheduled to None, run_after=None
[2024-08-07T10:04:00.423+0000] {logging_mixin.py:188} INFO - [2024-08-07T10:04:00.423+0000] {dag.py:3947} INFO - Setting next_dagrun for dataset_consumes_unknown_never_scheduled to None, run_after=None
[2024-08-07T10:04:00.428+0000] {logging_mixin.py:188} INFO - [2024-08-07T10:04:00.428+0000] {dag.py:3947} INFO - Setting next_dagrun for dataset_produces_1 to 2024-08-06 00:00:00+00:00, run_after=2024-08-07 00:00:00+00:00
[2024-08-07T10:04:00.431+0000] {logging_mixin.py:188} INFO - [2024-08-07T10:04:00.431+0000] {dag.py:3947} INFO - Setting next_dagrun for dataset_produces_2 to None, run_after=None
[2024-08-07T10:04:00.501+0000] {processor.py:183} INFO - Processing /home/airflow/.local/lib/python3.12/site-packages/airflow/example_dags/example_datasets.py took 0.252 seconds
[2024-08-07T10:04:30.590+0000] {processor.py:161} INFO - Started process (PID=753) to work on /home/airflow/.local/lib/python3.12/site-packages/airflow/example_dags/example_datasets.py
[2024-08-07T10:04:30.594+0000] {processor.py:830} INFO - Processing file /home/airflow/.local/lib/python3.12/site-packages/airflow/example_dags/example_datasets.py for tasks to queue
[2024-08-07T10:04:30.597+0000] {logging_mixin.py:188} INFO - [2024-08-07T10:04:30.597+0000] {dagbag.py:545} INFO - Filling up the DagBag from /home/airflow/.local/lib/python3.12/site-packages/airflow/example_dags/example_datasets.py
[2024-08-07T10:04:30.619+0000] {processor.py:840} INFO - DAG(s) 'dataset_consumes_unknown_never_scheduled', 'conditional_dataset_and_time_based_timetable', 'dataset_produces_1', 'dataset_consumes_1', 'dataset_consumes_1_never_scheduled', 'dataset_produces_2', 'dataset_consumes_1_and_2', 'consume_1_or_both_2_and_3_with_dataset_expressions', 'consume_1_or_2_with_dataset_expressions', 'consume_1_and_2_with_dataset_expressions' retrieved from /home/airflow/.local/lib/python3.12/site-packages/airflow/example_dags/example_datasets.py
[2024-08-07T10:04:30.700+0000] {logging_mixin.py:188} INFO - [2024-08-07T10:04:30.699+0000] {dag.py:3089} INFO - Sync 10 DAGs
[2024-08-07T10:04:30.752+0000] {logging_mixin.py:188} INFO - [2024-08-07T10:04:30.752+0000] {dag.py:3947} INFO - Setting next_dagrun for conditional_dataset_and_time_based_timetable to 2024-08-07 01:00:00+00:00, run_after=2024-08-07 01:00:00+00:00
[2024-08-07T10:04:30.759+0000] {logging_mixin.py:188} INFO - [2024-08-07T10:04:30.759+0000] {dag.py:3947} INFO - Setting next_dagrun for consume_1_and_2_with_dataset_expressions to None, run_after=None
[2024-08-07T10:04:30.762+0000] {logging_mixin.py:188} INFO - [2024-08-07T10:04:30.761+0000] {dag.py:3947} INFO - Setting next_dagrun for consume_1_or_2_with_dataset_expressions to None, run_after=None
[2024-08-07T10:04:30.766+0000] {logging_mixin.py:188} INFO - [2024-08-07T10:04:30.765+0000] {dag.py:3947} INFO - Setting next_dagrun for consume_1_or_both_2_and_3_with_dataset_expressions to None, run_after=None
[2024-08-07T10:04:30.768+0000] {logging_mixin.py:188} INFO - [2024-08-07T10:04:30.768+0000] {dag.py:3947} INFO - Setting next_dagrun for dataset_consumes_1 to None, run_after=None
[2024-08-07T10:04:30.770+0000] {logging_mixin.py:188} INFO - [2024-08-07T10:04:30.770+0000] {dag.py:3947} INFO - Setting next_dagrun for dataset_consumes_1_and_2 to None, run_after=None
[2024-08-07T10:04:30.772+0000] {logging_mixin.py:188} INFO - [2024-08-07T10:04:30.772+0000] {dag.py:3947} INFO - Setting next_dagrun for dataset_consumes_1_never_scheduled to None, run_after=None
[2024-08-07T10:04:30.778+0000] {logging_mixin.py:188} INFO - [2024-08-07T10:04:30.778+0000] {dag.py:3947} INFO - Setting next_dagrun for dataset_consumes_unknown_never_scheduled to None, run_after=None
[2024-08-07T10:04:30.785+0000] {logging_mixin.py:188} INFO - [2024-08-07T10:04:30.785+0000] {dag.py:3947} INFO - Setting next_dagrun for dataset_produces_1 to 2024-08-06 00:00:00+00:00, run_after=2024-08-07 00:00:00+00:00
[2024-08-07T10:04:30.787+0000] {logging_mixin.py:188} INFO - [2024-08-07T10:04:30.787+0000] {dag.py:3947} INFO - Setting next_dagrun for dataset_produces_2 to None, run_after=None
[2024-08-07T10:04:30.839+0000] {processor.py:183} INFO - Processing /home/airflow/.local/lib/python3.12/site-packages/airflow/example_dags/example_datasets.py took 0.256 seconds
[2024-08-07T10:05:02.803+0000] {processor.py:161} INFO - Started process (PID=810) to work on /home/airflow/.local/lib/python3.12/site-packages/airflow/example_dags/example_datasets.py
[2024-08-07T10:05:02.823+0000] {processor.py:830} INFO - Processing file /home/airflow/.local/lib/python3.12/site-packages/airflow/example_dags/example_datasets.py for tasks to queue
[2024-08-07T10:05:02.836+0000] {logging_mixin.py:188} INFO - [2024-08-07T10:05:02.835+0000] {dagbag.py:545} INFO - Filling up the DagBag from /home/airflow/.local/lib/python3.12/site-packages/airflow/example_dags/example_datasets.py
[2024-08-07T10:05:02.924+0000] {processor.py:840} INFO - DAG(s) 'consume_1_or_both_2_and_3_with_dataset_expressions', 'dataset_consumes_1', 'dataset_produces_2', 'dataset_consumes_unknown_never_scheduled', 'conditional_dataset_and_time_based_timetable', 'dataset_produces_1', 'dataset_consumes_1_and_2', 'dataset_consumes_1_never_scheduled', 'consume_1_or_2_with_dataset_expressions', 'consume_1_and_2_with_dataset_expressions' retrieved from /home/airflow/.local/lib/python3.12/site-packages/airflow/example_dags/example_datasets.py
[2024-08-07T10:05:03.175+0000] {logging_mixin.py:188} INFO - [2024-08-07T10:05:03.175+0000] {dag.py:3089} INFO - Sync 10 DAGs
[2024-08-07T10:05:03.248+0000] {logging_mixin.py:188} INFO - [2024-08-07T10:05:03.248+0000] {dag.py:3947} INFO - Setting next_dagrun for conditional_dataset_and_time_based_timetable to 2024-08-07 01:00:00+00:00, run_after=2024-08-07 01:00:00+00:00
[2024-08-07T10:05:03.266+0000] {logging_mixin.py:188} INFO - [2024-08-07T10:05:03.266+0000] {dag.py:3947} INFO - Setting next_dagrun for consume_1_and_2_with_dataset_expressions to None, run_after=None
[2024-08-07T10:05:03.267+0000] {logging_mixin.py:188} INFO - [2024-08-07T10:05:03.267+0000] {dag.py:3947} INFO - Setting next_dagrun for consume_1_or_2_with_dataset_expressions to None, run_after=None
[2024-08-07T10:05:03.275+0000] {logging_mixin.py:188} INFO - [2024-08-07T10:05:03.275+0000] {dag.py:3947} INFO - Setting next_dagrun for consume_1_or_both_2_and_3_with_dataset_expressions to None, run_after=None
[2024-08-07T10:05:03.290+0000] {logging_mixin.py:188} INFO - [2024-08-07T10:05:03.289+0000] {dag.py:3947} INFO - Setting next_dagrun for dataset_consumes_1 to None, run_after=None
[2024-08-07T10:05:03.298+0000] {logging_mixin.py:188} INFO - [2024-08-07T10:05:03.298+0000] {dag.py:3947} INFO - Setting next_dagrun for dataset_consumes_1_and_2 to None, run_after=None
[2024-08-07T10:05:03.300+0000] {logging_mixin.py:188} INFO - [2024-08-07T10:05:03.300+0000] {dag.py:3947} INFO - Setting next_dagrun for dataset_consumes_1_never_scheduled to None, run_after=None
[2024-08-07T10:05:03.302+0000] {logging_mixin.py:188} INFO - [2024-08-07T10:05:03.302+0000] {dag.py:3947} INFO - Setting next_dagrun for dataset_consumes_unknown_never_scheduled to None, run_after=None
[2024-08-07T10:05:03.305+0000] {logging_mixin.py:188} INFO - [2024-08-07T10:05:03.304+0000] {dag.py:3947} INFO - Setting next_dagrun for dataset_produces_1 to 2024-08-06 00:00:00+00:00, run_after=2024-08-07 00:00:00+00:00
[2024-08-07T10:05:03.306+0000] {logging_mixin.py:188} INFO - [2024-08-07T10:05:03.306+0000] {dag.py:3947} INFO - Setting next_dagrun for dataset_produces_2 to None, run_after=None
[2024-08-07T10:05:03.405+0000] {processor.py:183} INFO - Processing /home/airflow/.local/lib/python3.12/site-packages/airflow/example_dags/example_datasets.py took 0.610 seconds
[2024-08-07T10:05:33.773+0000] {processor.py:161} INFO - Started process (PID=869) to work on /home/airflow/.local/lib/python3.12/site-packages/airflow/example_dags/example_datasets.py
[2024-08-07T10:05:33.782+0000] {processor.py:830} INFO - Processing file /home/airflow/.local/lib/python3.12/site-packages/airflow/example_dags/example_datasets.py for tasks to queue
[2024-08-07T10:05:33.793+0000] {logging_mixin.py:188} INFO - [2024-08-07T10:05:33.792+0000] {dagbag.py:545} INFO - Filling up the DagBag from /home/airflow/.local/lib/python3.12/site-packages/airflow/example_dags/example_datasets.py
[2024-08-07T10:05:33.824+0000] {processor.py:840} INFO - DAG(s) 'dataset_consumes_1_never_scheduled', 'dataset_consumes_1', 'dataset_produces_1', 'conditional_dataset_and_time_based_timetable', 'consume_1_and_2_with_dataset_expressions', 'consume_1_or_both_2_and_3_with_dataset_expressions', 'dataset_consumes_unknown_never_scheduled', 'consume_1_or_2_with_dataset_expressions', 'dataset_produces_2', 'dataset_consumes_1_and_2' retrieved from /home/airflow/.local/lib/python3.12/site-packages/airflow/example_dags/example_datasets.py
[2024-08-07T10:05:33.971+0000] {logging_mixin.py:188} INFO - [2024-08-07T10:05:33.971+0000] {dag.py:3089} INFO - Sync 10 DAGs
[2024-08-07T10:05:34.089+0000] {logging_mixin.py:188} INFO - [2024-08-07T10:05:34.088+0000] {dag.py:3947} INFO - Setting next_dagrun for conditional_dataset_and_time_based_timetable to 2024-08-07 01:00:00+00:00, run_after=2024-08-07 01:00:00+00:00
[2024-08-07T10:05:34.114+0000] {logging_mixin.py:188} INFO - [2024-08-07T10:05:34.114+0000] {dag.py:3947} INFO - Setting next_dagrun for consume_1_and_2_with_dataset_expressions to None, run_after=None
[2024-08-07T10:05:34.125+0000] {logging_mixin.py:188} INFO - [2024-08-07T10:05:34.124+0000] {dag.py:3947} INFO - Setting next_dagrun for consume_1_or_2_with_dataset_expressions to None, run_after=None
[2024-08-07T10:05:34.126+0000] {logging_mixin.py:188} INFO - [2024-08-07T10:05:34.126+0000] {dag.py:3947} INFO - Setting next_dagrun for consume_1_or_both_2_and_3_with_dataset_expressions to None, run_after=None
[2024-08-07T10:05:34.143+0000] {logging_mixin.py:188} INFO - [2024-08-07T10:05:34.142+0000] {dag.py:3947} INFO - Setting next_dagrun for dataset_consumes_1 to None, run_after=None
[2024-08-07T10:05:34.144+0000] {logging_mixin.py:188} INFO - [2024-08-07T10:05:34.144+0000] {dag.py:3947} INFO - Setting next_dagrun for dataset_consumes_1_and_2 to None, run_after=None
[2024-08-07T10:05:34.146+0000] {logging_mixin.py:188} INFO - [2024-08-07T10:05:34.146+0000] {dag.py:3947} INFO - Setting next_dagrun for dataset_consumes_1_never_scheduled to None, run_after=None
[2024-08-07T10:05:34.148+0000] {logging_mixin.py:188} INFO - [2024-08-07T10:05:34.148+0000] {dag.py:3947} INFO - Setting next_dagrun for dataset_consumes_unknown_never_scheduled to None, run_after=None
[2024-08-07T10:05:34.155+0000] {logging_mixin.py:188} INFO - [2024-08-07T10:05:34.154+0000] {dag.py:3947} INFO - Setting next_dagrun for dataset_produces_1 to 2024-08-06 00:00:00+00:00, run_after=2024-08-07 00:00:00+00:00
[2024-08-07T10:05:34.163+0000] {logging_mixin.py:188} INFO - [2024-08-07T10:05:34.163+0000] {dag.py:3947} INFO - Setting next_dagrun for dataset_produces_2 to None, run_after=None
[2024-08-07T10:05:34.381+0000] {processor.py:183} INFO - Processing /home/airflow/.local/lib/python3.12/site-packages/airflow/example_dags/example_datasets.py took 0.631 seconds
[2024-08-07T10:06:05.016+0000] {processor.py:161} INFO - Started process (PID=928) to work on /home/airflow/.local/lib/python3.12/site-packages/airflow/example_dags/example_datasets.py
[2024-08-07T10:06:05.017+0000] {processor.py:830} INFO - Processing file /home/airflow/.local/lib/python3.12/site-packages/airflow/example_dags/example_datasets.py for tasks to queue
[2024-08-07T10:06:05.020+0000] {logging_mixin.py:188} INFO - [2024-08-07T10:06:05.019+0000] {dagbag.py:545} INFO - Filling up the DagBag from /home/airflow/.local/lib/python3.12/site-packages/airflow/example_dags/example_datasets.py
[2024-08-07T10:06:05.046+0000] {processor.py:840} INFO - DAG(s) 'consume_1_or_both_2_and_3_with_dataset_expressions', 'consume_1_and_2_with_dataset_expressions', 'dataset_produces_2', 'dataset_consumes_1_never_scheduled', 'dataset_consumes_unknown_never_scheduled', 'dataset_consumes_1_and_2', 'conditional_dataset_and_time_based_timetable', 'dataset_produces_1', 'dataset_consumes_1', 'consume_1_or_2_with_dataset_expressions' retrieved from /home/airflow/.local/lib/python3.12/site-packages/airflow/example_dags/example_datasets.py
[2024-08-07T10:06:05.136+0000] {logging_mixin.py:188} INFO - [2024-08-07T10:06:05.134+0000] {dag.py:3089} INFO - Sync 10 DAGs
[2024-08-07T10:06:05.193+0000] {logging_mixin.py:188} INFO - [2024-08-07T10:06:05.192+0000] {dag.py:3947} INFO - Setting next_dagrun for conditional_dataset_and_time_based_timetable to 2024-08-07 01:00:00+00:00, run_after=2024-08-07 01:00:00+00:00
[2024-08-07T10:06:05.209+0000] {logging_mixin.py:188} INFO - [2024-08-07T10:06:05.208+0000] {dag.py:3947} INFO - Setting next_dagrun for consume_1_and_2_with_dataset_expressions to None, run_after=None
[2024-08-07T10:06:05.213+0000] {logging_mixin.py:188} INFO - [2024-08-07T10:06:05.212+0000] {dag.py:3947} INFO - Setting next_dagrun for consume_1_or_2_with_dataset_expressions to None, run_after=None
[2024-08-07T10:06:05.220+0000] {logging_mixin.py:188} INFO - [2024-08-07T10:06:05.219+0000] {dag.py:3947} INFO - Setting next_dagrun for consume_1_or_both_2_and_3_with_dataset_expressions to None, run_after=None
[2024-08-07T10:06:05.222+0000] {logging_mixin.py:188} INFO - [2024-08-07T10:06:05.222+0000] {dag.py:3947} INFO - Setting next_dagrun for dataset_consumes_1 to None, run_after=None
[2024-08-07T10:06:05.230+0000] {logging_mixin.py:188} INFO - [2024-08-07T10:06:05.230+0000] {dag.py:3947} INFO - Setting next_dagrun for dataset_consumes_1_and_2 to None, run_after=None
[2024-08-07T10:06:05.235+0000] {logging_mixin.py:188} INFO - [2024-08-07T10:06:05.235+0000] {dag.py:3947} INFO - Setting next_dagrun for dataset_consumes_1_never_scheduled to None, run_after=None
[2024-08-07T10:06:05.237+0000] {logging_mixin.py:188} INFO - [2024-08-07T10:06:05.237+0000] {dag.py:3947} INFO - Setting next_dagrun for dataset_consumes_unknown_never_scheduled to None, run_after=None
[2024-08-07T10:06:05.242+0000] {logging_mixin.py:188} INFO - [2024-08-07T10:06:05.242+0000] {dag.py:3947} INFO - Setting next_dagrun for dataset_produces_1 to 2024-08-06 00:00:00+00:00, run_after=2024-08-07 00:00:00+00:00
[2024-08-07T10:06:05.244+0000] {logging_mixin.py:188} INFO - [2024-08-07T10:06:05.244+0000] {dag.py:3947} INFO - Setting next_dagrun for dataset_produces_2 to None, run_after=None
[2024-08-07T10:06:05.331+0000] {processor.py:183} INFO - Processing /home/airflow/.local/lib/python3.12/site-packages/airflow/example_dags/example_datasets.py took 0.326 seconds
[2024-08-07T10:06:35.630+0000] {processor.py:161} INFO - Started process (PID=986) to work on /home/airflow/.local/lib/python3.12/site-packages/airflow/example_dags/example_datasets.py
[2024-08-07T10:06:35.630+0000] {processor.py:830} INFO - Processing file /home/airflow/.local/lib/python3.12/site-packages/airflow/example_dags/example_datasets.py for tasks to queue
[2024-08-07T10:06:35.632+0000] {logging_mixin.py:188} INFO - [2024-08-07T10:06:35.632+0000] {dagbag.py:545} INFO - Filling up the DagBag from /home/airflow/.local/lib/python3.12/site-packages/airflow/example_dags/example_datasets.py
[2024-08-07T10:06:35.649+0000] {processor.py:840} INFO - DAG(s) 'consume_1_or_both_2_and_3_with_dataset_expressions', 'conditional_dataset_and_time_based_timetable', 'consume_1_or_2_with_dataset_expressions', 'dataset_consumes_1_and_2', 'consume_1_and_2_with_dataset_expressions', 'dataset_produces_1', 'dataset_consumes_1', 'dataset_consumes_1_never_scheduled', 'dataset_consumes_unknown_never_scheduled', 'dataset_produces_2' retrieved from /home/airflow/.local/lib/python3.12/site-packages/airflow/example_dags/example_datasets.py
[2024-08-07T10:06:35.705+0000] {logging_mixin.py:188} INFO - [2024-08-07T10:06:35.705+0000] {dag.py:3089} INFO - Sync 10 DAGs
[2024-08-07T10:06:35.737+0000] {logging_mixin.py:188} INFO - [2024-08-07T10:06:35.737+0000] {dag.py:3947} INFO - Setting next_dagrun for conditional_dataset_and_time_based_timetable to 2024-08-07 01:00:00+00:00, run_after=2024-08-07 01:00:00+00:00
[2024-08-07T10:06:35.743+0000] {logging_mixin.py:188} INFO - [2024-08-07T10:06:35.742+0000] {dag.py:3947} INFO - Setting next_dagrun for consume_1_and_2_with_dataset_expressions to None, run_after=None
[2024-08-07T10:06:35.745+0000] {logging_mixin.py:188} INFO - [2024-08-07T10:06:35.745+0000] {dag.py:3947} INFO - Setting next_dagrun for consume_1_or_2_with_dataset_expressions to None, run_after=None
[2024-08-07T10:06:35.747+0000] {logging_mixin.py:188} INFO - [2024-08-07T10:06:35.747+0000] {dag.py:3947} INFO - Setting next_dagrun for consume_1_or_both_2_and_3_with_dataset_expressions to None, run_after=None
[2024-08-07T10:06:35.749+0000] {logging_mixin.py:188} INFO - [2024-08-07T10:06:35.749+0000] {dag.py:3947} INFO - Setting next_dagrun for dataset_consumes_1 to None, run_after=None
[2024-08-07T10:06:35.750+0000] {logging_mixin.py:188} INFO - [2024-08-07T10:06:35.750+0000] {dag.py:3947} INFO - Setting next_dagrun for dataset_consumes_1_and_2 to None, run_after=None
[2024-08-07T10:06:35.752+0000] {logging_mixin.py:188} INFO - [2024-08-07T10:06:35.752+0000] {dag.py:3947} INFO - Setting next_dagrun for dataset_consumes_1_never_scheduled to None, run_after=None
[2024-08-07T10:06:35.753+0000] {logging_mixin.py:188} INFO - [2024-08-07T10:06:35.753+0000] {dag.py:3947} INFO - Setting next_dagrun for dataset_consumes_unknown_never_scheduled to None, run_after=None
[2024-08-07T10:06:35.756+0000] {logging_mixin.py:188} INFO - [2024-08-07T10:06:35.756+0000] {dag.py:3947} INFO - Setting next_dagrun for dataset_produces_1 to 2024-08-06 00:00:00+00:00, run_after=2024-08-07 00:00:00+00:00
[2024-08-07T10:06:35.758+0000] {logging_mixin.py:188} INFO - [2024-08-07T10:06:35.757+0000] {dag.py:3947} INFO - Setting next_dagrun for dataset_produces_2 to None, run_after=None
[2024-08-07T10:06:35.808+0000] {processor.py:183} INFO - Processing /home/airflow/.local/lib/python3.12/site-packages/airflow/example_dags/example_datasets.py took 0.185 seconds
