[2024-08-07T09:57:12.945+0000] {processor.py:161} INFO - Started process (PID=117) to work on /home/airflow/.local/lib/python3.12/site-packages/airflow/example_dags/example_bash_operator.py
[2024-08-07T09:57:12.950+0000] {processor.py:830} INFO - Processing file /home/airflow/.local/lib/python3.12/site-packages/airflow/example_dags/example_bash_operator.py for tasks to queue
[2024-08-07T09:57:12.953+0000] {logging_mixin.py:188} INFO - [2024-08-07T09:57:12.953+0000] {dagbag.py:545} INFO - Filling up the DagBag from /home/airflow/.local/lib/python3.12/site-packages/airflow/example_dags/example_bash_operator.py
[2024-08-07T09:57:13.062+0000] {processor.py:840} INFO - DAG(s) 'example_bash_operator' retrieved from /home/airflow/.local/lib/python3.12/site-packages/airflow/example_dags/example_bash_operator.py
[2024-08-07T09:57:13.551+0000] {logging_mixin.py:188} INFO - [2024-08-07T09:57:13.550+0000] {dag.py:3089} INFO - Sync 1 DAGs
[2024-08-07T09:57:13.617+0000] {logging_mixin.py:188} INFO - [2024-08-07T09:57:13.617+0000] {dag.py:3947} INFO - Setting next_dagrun for example_bash_operator to 2024-08-06 00:00:00+00:00, run_after=2024-08-07 00:00:00+00:00
[2024-08-07T09:57:13.854+0000] {processor.py:183} INFO - Processing /home/airflow/.local/lib/python3.12/site-packages/airflow/example_dags/example_bash_operator.py took 0.926 seconds
[2024-08-07T09:57:44.971+0000] {processor.py:161} INFO - Started process (PID=175) to work on /home/airflow/.local/lib/python3.12/site-packages/airflow/example_dags/example_bash_operator.py
[2024-08-07T09:57:44.973+0000] {processor.py:830} INFO - Processing file /home/airflow/.local/lib/python3.12/site-packages/airflow/example_dags/example_bash_operator.py for tasks to queue
[2024-08-07T09:57:44.978+0000] {logging_mixin.py:188} INFO - [2024-08-07T09:57:44.976+0000] {dagbag.py:545} INFO - Filling up the DagBag from /home/airflow/.local/lib/python3.12/site-packages/airflow/example_dags/example_bash_operator.py
[2024-08-07T09:57:45.369+0000] {processor.py:840} INFO - DAG(s) 'example_bash_operator' retrieved from /home/airflow/.local/lib/python3.12/site-packages/airflow/example_dags/example_bash_operator.py
[2024-08-07T09:57:45.562+0000] {logging_mixin.py:188} INFO - [2024-08-07T09:57:45.562+0000] {dag.py:3089} INFO - Sync 1 DAGs
[2024-08-07T09:57:45.612+0000] {logging_mixin.py:188} INFO - [2024-08-07T09:57:45.612+0000] {dag.py:3947} INFO - Setting next_dagrun for example_bash_operator to 2024-08-06 00:00:00+00:00, run_after=2024-08-07 00:00:00+00:00
[2024-08-07T09:57:46.066+0000] {processor.py:183} INFO - Processing /home/airflow/.local/lib/python3.12/site-packages/airflow/example_dags/example_bash_operator.py took 1.107 seconds
[2024-08-07T09:58:39.800+0000] {processor.py:161} INFO - Started process (PID=233) to work on /home/airflow/.local/lib/python3.12/site-packages/airflow/example_dags/example_bash_operator.py
[2024-08-07T09:58:39.817+0000] {processor.py:830} INFO - Processing file /home/airflow/.local/lib/python3.12/site-packages/airflow/example_dags/example_bash_operator.py for tasks to queue
[2024-08-07T09:58:39.820+0000] {logging_mixin.py:188} INFO - [2024-08-07T09:58:39.820+0000] {dagbag.py:545} INFO - Filling up the DagBag from /home/airflow/.local/lib/python3.12/site-packages/airflow/example_dags/example_bash_operator.py
[2024-08-07T09:58:39.878+0000] {processor.py:840} INFO - DAG(s) 'example_bash_operator' retrieved from /home/airflow/.local/lib/python3.12/site-packages/airflow/example_dags/example_bash_operator.py
[2024-08-07T09:58:39.908+0000] {logging_mixin.py:188} INFO - [2024-08-07T09:58:39.908+0000] {dag.py:3089} INFO - Sync 1 DAGs
[2024-08-07T09:58:39.966+0000] {logging_mixin.py:188} INFO - [2024-08-07T09:58:39.966+0000] {dag.py:3947} INFO - Setting next_dagrun for example_bash_operator to 2024-08-06 00:00:00+00:00, run_after=2024-08-07 00:00:00+00:00
[2024-08-07T09:58:40.027+0000] {processor.py:183} INFO - Processing /home/airflow/.local/lib/python3.12/site-packages/airflow/example_dags/example_bash_operator.py took 0.249 seconds
[2024-08-07T09:59:39.212+0000] {processor.py:161} INFO - Started process (PID=292) to work on /home/airflow/.local/lib/python3.12/site-packages/airflow/example_dags/example_bash_operator.py
[2024-08-07T09:59:39.225+0000] {processor.py:830} INFO - Processing file /home/airflow/.local/lib/python3.12/site-packages/airflow/example_dags/example_bash_operator.py for tasks to queue
[2024-08-07T09:59:39.227+0000] {logging_mixin.py:188} INFO - [2024-08-07T09:59:39.227+0000] {dagbag.py:545} INFO - Filling up the DagBag from /home/airflow/.local/lib/python3.12/site-packages/airflow/example_dags/example_bash_operator.py
[2024-08-07T09:59:41.111+0000] {processor.py:840} INFO - DAG(s) 'example_bash_operator' retrieved from /home/airflow/.local/lib/python3.12/site-packages/airflow/example_dags/example_bash_operator.py
[2024-08-07T09:59:42.119+0000] {logging_mixin.py:188} INFO - [2024-08-07T09:59:42.089+0000] {dag.py:3089} INFO - Sync 1 DAGs
[2024-08-07T09:59:42.714+0000] {logging_mixin.py:188} INFO - [2024-08-07T09:59:42.713+0000] {dag.py:3947} INFO - Setting next_dagrun for example_bash_operator to 2024-08-06 00:00:00+00:00, run_after=2024-08-07 00:00:00+00:00
[2024-08-07T09:59:44.550+0000] {processor.py:183} INFO - Processing /home/airflow/.local/lib/python3.12/site-packages/airflow/example_dags/example_bash_operator.py took 5.977 seconds
[2024-08-07T10:00:26.228+0000] {processor.py:161} INFO - Started process (PID=356) to work on /home/airflow/.local/lib/python3.12/site-packages/airflow/example_dags/example_bash_operator.py
[2024-08-07T10:00:26.229+0000] {processor.py:830} INFO - Processing file /home/airflow/.local/lib/python3.12/site-packages/airflow/example_dags/example_bash_operator.py for tasks to queue
[2024-08-07T10:00:26.231+0000] {logging_mixin.py:188} INFO - [2024-08-07T10:00:26.231+0000] {dagbag.py:545} INFO - Filling up the DagBag from /home/airflow/.local/lib/python3.12/site-packages/airflow/example_dags/example_bash_operator.py
[2024-08-07T10:00:26.242+0000] {processor.py:840} INFO - DAG(s) 'example_bash_operator' retrieved from /home/airflow/.local/lib/python3.12/site-packages/airflow/example_dags/example_bash_operator.py
[2024-08-07T10:00:26.293+0000] {logging_mixin.py:188} INFO - [2024-08-07T10:00:26.292+0000] {dag.py:3089} INFO - Sync 1 DAGs
[2024-08-07T10:00:26.341+0000] {logging_mixin.py:188} INFO - [2024-08-07T10:00:26.341+0000] {dag.py:3947} INFO - Setting next_dagrun for example_bash_operator to 2024-08-06 00:00:00+00:00, run_after=2024-08-07 00:00:00+00:00
[2024-08-07T10:00:26.410+0000] {processor.py:183} INFO - Processing /home/airflow/.local/lib/python3.12/site-packages/airflow/example_dags/example_bash_operator.py took 0.188 seconds
[2024-08-07T10:01:02.349+0000] {processor.py:161} INFO - Started process (PID=414) to work on /home/airflow/.local/lib/python3.12/site-packages/airflow/example_dags/example_bash_operator.py
[2024-08-07T10:01:02.380+0000] {processor.py:830} INFO - Processing file /home/airflow/.local/lib/python3.12/site-packages/airflow/example_dags/example_bash_operator.py for tasks to queue
[2024-08-07T10:01:02.412+0000] {logging_mixin.py:188} INFO - [2024-08-07T10:01:02.412+0000] {dagbag.py:545} INFO - Filling up the DagBag from /home/airflow/.local/lib/python3.12/site-packages/airflow/example_dags/example_bash_operator.py
[2024-08-07T10:01:02.485+0000] {processor.py:840} INFO - DAG(s) 'example_bash_operator' retrieved from /home/airflow/.local/lib/python3.12/site-packages/airflow/example_dags/example_bash_operator.py
[2024-08-07T10:01:02.617+0000] {logging_mixin.py:188} INFO - [2024-08-07T10:01:02.616+0000] {dag.py:3089} INFO - Sync 1 DAGs
[2024-08-07T10:01:02.713+0000] {logging_mixin.py:188} INFO - [2024-08-07T10:01:02.713+0000] {dag.py:3947} INFO - Setting next_dagrun for example_bash_operator to 2024-08-06 00:00:00+00:00, run_after=2024-08-07 00:00:00+00:00
[2024-08-07T10:01:03.142+0000] {processor.py:183} INFO - Processing /home/airflow/.local/lib/python3.12/site-packages/airflow/example_dags/example_bash_operator.py took 1.085 seconds
[2024-08-07T10:01:40.400+0000] {processor.py:161} INFO - Started process (PID=470) to work on /home/airflow/.local/lib/python3.12/site-packages/airflow/example_dags/example_bash_operator.py
[2024-08-07T10:01:40.409+0000] {processor.py:830} INFO - Processing file /home/airflow/.local/lib/python3.12/site-packages/airflow/example_dags/example_bash_operator.py for tasks to queue
[2024-08-07T10:01:40.418+0000] {logging_mixin.py:188} INFO - [2024-08-07T10:01:40.418+0000] {dagbag.py:545} INFO - Filling up the DagBag from /home/airflow/.local/lib/python3.12/site-packages/airflow/example_dags/example_bash_operator.py
[2024-08-07T10:01:40.623+0000] {processor.py:840} INFO - DAG(s) 'example_bash_operator' retrieved from /home/airflow/.local/lib/python3.12/site-packages/airflow/example_dags/example_bash_operator.py
[2024-08-07T10:01:41.006+0000] {logging_mixin.py:188} INFO - [2024-08-07T10:01:41.005+0000] {dag.py:3089} INFO - Sync 1 DAGs
[2024-08-07T10:01:41.122+0000] {logging_mixin.py:188} INFO - [2024-08-07T10:01:41.121+0000] {dag.py:3947} INFO - Setting next_dagrun for example_bash_operator to 2024-08-06 00:00:00+00:00, run_after=2024-08-07 00:00:00+00:00
[2024-08-07T10:01:41.303+0000] {processor.py:183} INFO - Processing /home/airflow/.local/lib/python3.12/site-packages/airflow/example_dags/example_bash_operator.py took 0.932 seconds
[2024-08-07T10:02:19.066+0000] {processor.py:161} INFO - Started process (PID=541) to work on /home/airflow/.local/lib/python3.12/site-packages/airflow/example_dags/example_bash_operator.py
[2024-08-07T10:02:19.068+0000] {processor.py:830} INFO - Processing file /home/airflow/.local/lib/python3.12/site-packages/airflow/example_dags/example_bash_operator.py for tasks to queue
[2024-08-07T10:02:19.071+0000] {logging_mixin.py:188} INFO - [2024-08-07T10:02:19.070+0000] {dagbag.py:545} INFO - Filling up the DagBag from /home/airflow/.local/lib/python3.12/site-packages/airflow/example_dags/example_bash_operator.py
[2024-08-07T10:02:19.082+0000] {processor.py:840} INFO - DAG(s) 'example_bash_operator' retrieved from /home/airflow/.local/lib/python3.12/site-packages/airflow/example_dags/example_bash_operator.py
[2024-08-07T10:02:19.110+0000] {logging_mixin.py:188} INFO - [2024-08-07T10:02:19.110+0000] {dag.py:3089} INFO - Sync 1 DAGs
[2024-08-07T10:02:19.144+0000] {logging_mixin.py:188} INFO - [2024-08-07T10:02:19.143+0000] {dag.py:3947} INFO - Setting next_dagrun for example_bash_operator to 2024-08-06 00:00:00+00:00, run_after=2024-08-07 00:00:00+00:00
[2024-08-07T10:02:19.170+0000] {processor.py:183} INFO - Processing /home/airflow/.local/lib/python3.12/site-packages/airflow/example_dags/example_bash_operator.py took 0.114 seconds
[2024-08-07T10:02:57.326+0000] {processor.py:161} INFO - Started process (PID=595) to work on /home/airflow/.local/lib/python3.12/site-packages/airflow/example_dags/example_bash_operator.py
[2024-08-07T10:02:57.330+0000] {processor.py:830} INFO - Processing file /home/airflow/.local/lib/python3.12/site-packages/airflow/example_dags/example_bash_operator.py for tasks to queue
[2024-08-07T10:02:57.376+0000] {logging_mixin.py:188} INFO - [2024-08-07T10:02:57.375+0000] {dagbag.py:545} INFO - Filling up the DagBag from /home/airflow/.local/lib/python3.12/site-packages/airflow/example_dags/example_bash_operator.py
[2024-08-07T10:02:57.411+0000] {processor.py:840} INFO - DAG(s) 'example_bash_operator' retrieved from /home/airflow/.local/lib/python3.12/site-packages/airflow/example_dags/example_bash_operator.py
[2024-08-07T10:02:57.460+0000] {logging_mixin.py:188} INFO - [2024-08-07T10:02:57.459+0000] {dag.py:3089} INFO - Sync 1 DAGs
[2024-08-07T10:02:57.506+0000] {logging_mixin.py:188} INFO - [2024-08-07T10:02:57.506+0000] {dag.py:3947} INFO - Setting next_dagrun for example_bash_operator to 2024-08-06 00:00:00+00:00, run_after=2024-08-07 00:00:00+00:00
[2024-08-07T10:02:58.268+0000] {processor.py:183} INFO - Processing /home/airflow/.local/lib/python3.12/site-packages/airflow/example_dags/example_bash_operator.py took 1.050 seconds
[2024-08-07T10:03:33.517+0000] {processor.py:161} INFO - Started process (PID=653) to work on /home/airflow/.local/lib/python3.12/site-packages/airflow/example_dags/example_bash_operator.py
[2024-08-07T10:03:33.524+0000] {processor.py:830} INFO - Processing file /home/airflow/.local/lib/python3.12/site-packages/airflow/example_dags/example_bash_operator.py for tasks to queue
[2024-08-07T10:03:33.532+0000] {logging_mixin.py:188} INFO - [2024-08-07T10:03:33.529+0000] {dagbag.py:545} INFO - Filling up the DagBag from /home/airflow/.local/lib/python3.12/site-packages/airflow/example_dags/example_bash_operator.py
[2024-08-07T10:03:33.566+0000] {processor.py:840} INFO - DAG(s) 'example_bash_operator' retrieved from /home/airflow/.local/lib/python3.12/site-packages/airflow/example_dags/example_bash_operator.py
[2024-08-07T10:03:33.676+0000] {logging_mixin.py:188} INFO - [2024-08-07T10:03:33.676+0000] {dag.py:3089} INFO - Sync 1 DAGs
[2024-08-07T10:03:33.780+0000] {logging_mixin.py:188} INFO - [2024-08-07T10:03:33.780+0000] {dag.py:3947} INFO - Setting next_dagrun for example_bash_operator to 2024-08-06 00:00:00+00:00, run_after=2024-08-07 00:00:00+00:00
[2024-08-07T10:03:34.351+0000] {processor.py:183} INFO - Processing /home/airflow/.local/lib/python3.12/site-packages/airflow/example_dags/example_bash_operator.py took 0.850 seconds
[2024-08-07T10:04:04.742+0000] {processor.py:161} INFO - Started process (PID=709) to work on /home/airflow/.local/lib/python3.12/site-packages/airflow/example_dags/example_bash_operator.py
[2024-08-07T10:04:04.743+0000] {processor.py:830} INFO - Processing file /home/airflow/.local/lib/python3.12/site-packages/airflow/example_dags/example_bash_operator.py for tasks to queue
[2024-08-07T10:04:04.746+0000] {logging_mixin.py:188} INFO - [2024-08-07T10:04:04.745+0000] {dagbag.py:545} INFO - Filling up the DagBag from /home/airflow/.local/lib/python3.12/site-packages/airflow/example_dags/example_bash_operator.py
[2024-08-07T10:04:04.758+0000] {processor.py:840} INFO - DAG(s) 'example_bash_operator' retrieved from /home/airflow/.local/lib/python3.12/site-packages/airflow/example_dags/example_bash_operator.py
[2024-08-07T10:04:04.790+0000] {logging_mixin.py:188} INFO - [2024-08-07T10:04:04.789+0000] {dag.py:3089} INFO - Sync 1 DAGs
[2024-08-07T10:04:04.815+0000] {logging_mixin.py:188} INFO - [2024-08-07T10:04:04.815+0000] {dag.py:3947} INFO - Setting next_dagrun for example_bash_operator to 2024-08-06 00:00:00+00:00, run_after=2024-08-07 00:00:00+00:00
[2024-08-07T10:04:04.843+0000] {processor.py:183} INFO - Processing /home/airflow/.local/lib/python3.12/site-packages/airflow/example_dags/example_bash_operator.py took 0.108 seconds
[2024-08-07T10:04:35.072+0000] {processor.py:161} INFO - Started process (PID=767) to work on /home/airflow/.local/lib/python3.12/site-packages/airflow/example_dags/example_bash_operator.py
[2024-08-07T10:04:35.074+0000] {processor.py:830} INFO - Processing file /home/airflow/.local/lib/python3.12/site-packages/airflow/example_dags/example_bash_operator.py for tasks to queue
[2024-08-07T10:04:35.076+0000] {logging_mixin.py:188} INFO - [2024-08-07T10:04:35.076+0000] {dagbag.py:545} INFO - Filling up the DagBag from /home/airflow/.local/lib/python3.12/site-packages/airflow/example_dags/example_bash_operator.py
[2024-08-07T10:04:35.090+0000] {processor.py:840} INFO - DAG(s) 'example_bash_operator' retrieved from /home/airflow/.local/lib/python3.12/site-packages/airflow/example_dags/example_bash_operator.py
[2024-08-07T10:04:35.127+0000] {logging_mixin.py:188} INFO - [2024-08-07T10:04:35.126+0000] {dag.py:3089} INFO - Sync 1 DAGs
[2024-08-07T10:04:35.157+0000] {logging_mixin.py:188} INFO - [2024-08-07T10:04:35.157+0000] {dag.py:3947} INFO - Setting next_dagrun for example_bash_operator to 2024-08-06 00:00:00+00:00, run_after=2024-08-07 00:00:00+00:00
[2024-08-07T10:04:35.189+0000] {processor.py:183} INFO - Processing /home/airflow/.local/lib/python3.12/site-packages/airflow/example_dags/example_bash_operator.py took 0.124 seconds
[2024-08-07T10:05:06.474+0000] {processor.py:161} INFO - Started process (PID=826) to work on /home/airflow/.local/lib/python3.12/site-packages/airflow/example_dags/example_bash_operator.py
[2024-08-07T10:05:06.476+0000] {processor.py:830} INFO - Processing file /home/airflow/.local/lib/python3.12/site-packages/airflow/example_dags/example_bash_operator.py for tasks to queue
[2024-08-07T10:05:06.478+0000] {logging_mixin.py:188} INFO - [2024-08-07T10:05:06.478+0000] {dagbag.py:545} INFO - Filling up the DagBag from /home/airflow/.local/lib/python3.12/site-packages/airflow/example_dags/example_bash_operator.py
[2024-08-07T10:05:06.493+0000] {processor.py:840} INFO - DAG(s) 'example_bash_operator' retrieved from /home/airflow/.local/lib/python3.12/site-packages/airflow/example_dags/example_bash_operator.py
[2024-08-07T10:05:06.528+0000] {logging_mixin.py:188} INFO - [2024-08-07T10:05:06.527+0000] {dag.py:3089} INFO - Sync 1 DAGs
[2024-08-07T10:05:06.561+0000] {logging_mixin.py:188} INFO - [2024-08-07T10:05:06.561+0000] {dag.py:3947} INFO - Setting next_dagrun for example_bash_operator to 2024-08-06 00:00:00+00:00, run_after=2024-08-07 00:00:00+00:00
[2024-08-07T10:05:06.705+0000] {processor.py:183} INFO - Processing /home/airflow/.local/lib/python3.12/site-packages/airflow/example_dags/example_bash_operator.py took 0.237 seconds
[2024-08-07T10:05:37.494+0000] {processor.py:161} INFO - Started process (PID=885) to work on /home/airflow/.local/lib/python3.12/site-packages/airflow/example_dags/example_bash_operator.py
[2024-08-07T10:05:37.502+0000] {processor.py:830} INFO - Processing file /home/airflow/.local/lib/python3.12/site-packages/airflow/example_dags/example_bash_operator.py for tasks to queue
[2024-08-07T10:05:37.510+0000] {logging_mixin.py:188} INFO - [2024-08-07T10:05:37.510+0000] {dagbag.py:545} INFO - Filling up the DagBag from /home/airflow/.local/lib/python3.12/site-packages/airflow/example_dags/example_bash_operator.py
[2024-08-07T10:05:37.533+0000] {processor.py:840} INFO - DAG(s) 'example_bash_operator' retrieved from /home/airflow/.local/lib/python3.12/site-packages/airflow/example_dags/example_bash_operator.py
[2024-08-07T10:05:37.632+0000] {logging_mixin.py:188} INFO - [2024-08-07T10:05:37.632+0000] {dag.py:3089} INFO - Sync 1 DAGs
[2024-08-07T10:05:37.728+0000] {logging_mixin.py:188} INFO - [2024-08-07T10:05:37.728+0000] {dag.py:3947} INFO - Setting next_dagrun for example_bash_operator to 2024-08-06 00:00:00+00:00, run_after=2024-08-07 00:00:00+00:00
[2024-08-07T10:05:37.793+0000] {processor.py:183} INFO - Processing /home/airflow/.local/lib/python3.12/site-packages/airflow/example_dags/example_bash_operator.py took 0.306 seconds
[2024-08-07T10:06:08.245+0000] {processor.py:161} INFO - Started process (PID=944) to work on /home/airflow/.local/lib/python3.12/site-packages/airflow/example_dags/example_bash_operator.py
[2024-08-07T10:06:08.247+0000] {processor.py:830} INFO - Processing file /home/airflow/.local/lib/python3.12/site-packages/airflow/example_dags/example_bash_operator.py for tasks to queue
[2024-08-07T10:06:08.249+0000] {logging_mixin.py:188} INFO - [2024-08-07T10:06:08.248+0000] {dagbag.py:545} INFO - Filling up the DagBag from /home/airflow/.local/lib/python3.12/site-packages/airflow/example_dags/example_bash_operator.py
[2024-08-07T10:06:08.287+0000] {processor.py:840} INFO - DAG(s) 'example_bash_operator' retrieved from /home/airflow/.local/lib/python3.12/site-packages/airflow/example_dags/example_bash_operator.py
[2024-08-07T10:06:08.359+0000] {logging_mixin.py:188} INFO - [2024-08-07T10:06:08.359+0000] {dag.py:3089} INFO - Sync 1 DAGs
[2024-08-07T10:06:08.424+0000] {logging_mixin.py:188} INFO - [2024-08-07T10:06:08.424+0000] {dag.py:3947} INFO - Setting next_dagrun for example_bash_operator to 2024-08-06 00:00:00+00:00, run_after=2024-08-07 00:00:00+00:00
[2024-08-07T10:06:08.649+0000] {processor.py:183} INFO - Processing /home/airflow/.local/lib/python3.12/site-packages/airflow/example_dags/example_bash_operator.py took 0.410 seconds
[2024-08-07T10:06:38.982+0000] {processor.py:161} INFO - Started process (PID=1002) to work on /home/airflow/.local/lib/python3.12/site-packages/airflow/example_dags/example_bash_operator.py
[2024-08-07T10:06:38.984+0000] {processor.py:830} INFO - Processing file /home/airflow/.local/lib/python3.12/site-packages/airflow/example_dags/example_bash_operator.py for tasks to queue
[2024-08-07T10:06:38.986+0000] {logging_mixin.py:188} INFO - [2024-08-07T10:06:38.985+0000] {dagbag.py:545} INFO - Filling up the DagBag from /home/airflow/.local/lib/python3.12/site-packages/airflow/example_dags/example_bash_operator.py
[2024-08-07T10:06:39.003+0000] {processor.py:840} INFO - DAG(s) 'example_bash_operator' retrieved from /home/airflow/.local/lib/python3.12/site-packages/airflow/example_dags/example_bash_operator.py
[2024-08-07T10:06:39.035+0000] {logging_mixin.py:188} INFO - [2024-08-07T10:06:39.034+0000] {dag.py:3089} INFO - Sync 1 DAGs
[2024-08-07T10:06:39.066+0000] {logging_mixin.py:188} INFO - [2024-08-07T10:06:39.065+0000] {dag.py:3947} INFO - Setting next_dagrun for example_bash_operator to 2024-08-06 00:00:00+00:00, run_after=2024-08-07 00:00:00+00:00
[2024-08-07T10:06:39.105+0000] {processor.py:183} INFO - Processing /home/airflow/.local/lib/python3.12/site-packages/airflow/example_dags/example_bash_operator.py took 0.130 seconds
