[2024-08-07T09:56:09.988+0000] {processor.py:161} INFO - Started process (PID=79) to work on /home/airflow/.local/lib/python3.12/site-packages/airflow/example_dags/example_branch_python_dop_operator_3.py
[2024-08-07T09:56:10.015+0000] {processor.py:830} INFO - Processing file /home/airflow/.local/lib/python3.12/site-packages/airflow/example_dags/example_branch_python_dop_operator_3.py for tasks to queue
[2024-08-07T09:56:10.036+0000] {logging_mixin.py:188} INFO - [2024-08-07T09:56:10.035+0000] {dagbag.py:545} INFO - Filling up the DagBag from /home/airflow/.local/lib/python3.12/site-packages/airflow/example_dags/example_branch_python_dop_operator_3.py
[2024-08-07T09:56:10.078+0000] {processor.py:840} INFO - DAG(s) 'example_branch_dop_operator_v3' retrieved from /home/airflow/.local/lib/python3.12/site-packages/airflow/example_dags/example_branch_python_dop_operator_3.py
[2024-08-07T09:56:11.100+0000] {logging_mixin.py:188} INFO - [2024-08-07T09:56:11.100+0000] {dag.py:3089} INFO - Sync 1 DAGs
[2024-08-07T09:56:11.705+0000] {logging_mixin.py:188} INFO - [2024-08-07T09:56:11.704+0000] {dag.py:3947} INFO - Setting next_dagrun for example_branch_dop_operator_v3 to 2024-08-07 09:55:00+00:00, run_after=2024-08-07 09:56:00+00:00
[2024-08-07T09:56:12.370+0000] {processor.py:183} INFO - Processing /home/airflow/.local/lib/python3.12/site-packages/airflow/example_dags/example_branch_python_dop_operator_3.py took 2.414 seconds
[2024-08-07T09:57:33.415+0000] {processor.py:161} INFO - Started process (PID=143) to work on /home/airflow/.local/lib/python3.12/site-packages/airflow/example_dags/example_branch_python_dop_operator_3.py
[2024-08-07T09:57:33.417+0000] {processor.py:830} INFO - Processing file /home/airflow/.local/lib/python3.12/site-packages/airflow/example_dags/example_branch_python_dop_operator_3.py for tasks to queue
[2024-08-07T09:57:33.419+0000] {logging_mixin.py:188} INFO - [2024-08-07T09:57:33.418+0000] {dagbag.py:545} INFO - Filling up the DagBag from /home/airflow/.local/lib/python3.12/site-packages/airflow/example_dags/example_branch_python_dop_operator_3.py
[2024-08-07T09:57:33.429+0000] {processor.py:840} INFO - DAG(s) 'example_branch_dop_operator_v3' retrieved from /home/airflow/.local/lib/python3.12/site-packages/airflow/example_dags/example_branch_python_dop_operator_3.py
[2024-08-07T09:57:33.454+0000] {logging_mixin.py:188} INFO - [2024-08-07T09:57:33.453+0000] {dag.py:3089} INFO - Sync 1 DAGs
[2024-08-07T09:57:33.493+0000] {logging_mixin.py:188} INFO - [2024-08-07T09:57:33.492+0000] {dag.py:3947} INFO - Setting next_dagrun for example_branch_dop_operator_v3 to 2024-08-07 09:56:00+00:00, run_after=2024-08-07 09:57:00+00:00
[2024-08-07T09:57:33.520+0000] {processor.py:183} INFO - Processing /home/airflow/.local/lib/python3.12/site-packages/airflow/example_dags/example_branch_python_dop_operator_3.py took 0.110 seconds
[2024-08-07T09:58:21.662+0000] {processor.py:161} INFO - Started process (PID=202) to work on /home/airflow/.local/lib/python3.12/site-packages/airflow/example_dags/example_branch_python_dop_operator_3.py
[2024-08-07T09:58:21.694+0000] {processor.py:830} INFO - Processing file /home/airflow/.local/lib/python3.12/site-packages/airflow/example_dags/example_branch_python_dop_operator_3.py for tasks to queue
[2024-08-07T09:58:21.867+0000] {logging_mixin.py:188} INFO - [2024-08-07T09:58:21.866+0000] {dagbag.py:545} INFO - Filling up the DagBag from /home/airflow/.local/lib/python3.12/site-packages/airflow/example_dags/example_branch_python_dop_operator_3.py
[2024-08-07T09:58:21.943+0000] {processor.py:840} INFO - DAG(s) 'example_branch_dop_operator_v3' retrieved from /home/airflow/.local/lib/python3.12/site-packages/airflow/example_dags/example_branch_python_dop_operator_3.py
[2024-08-07T09:58:22.258+0000] {logging_mixin.py:188} INFO - [2024-08-07T09:58:22.254+0000] {dag.py:3089} INFO - Sync 1 DAGs
[2024-08-07T09:58:22.487+0000] {logging_mixin.py:188} INFO - [2024-08-07T09:58:22.487+0000] {dag.py:3947} INFO - Setting next_dagrun for example_branch_dop_operator_v3 to 2024-08-07 09:57:00+00:00, run_after=2024-08-07 09:58:00+00:00
[2024-08-07T09:58:22.763+0000] {processor.py:183} INFO - Processing /home/airflow/.local/lib/python3.12/site-packages/airflow/example_dags/example_branch_python_dop_operator_3.py took 1.122 seconds
[2024-08-07T09:58:58.138+0000] {processor.py:161} INFO - Started process (PID=260) to work on /home/airflow/.local/lib/python3.12/site-packages/airflow/example_dags/example_branch_python_dop_operator_3.py
[2024-08-07T09:58:58.150+0000] {processor.py:830} INFO - Processing file /home/airflow/.local/lib/python3.12/site-packages/airflow/example_dags/example_branch_python_dop_operator_3.py for tasks to queue
[2024-08-07T09:58:58.152+0000] {logging_mixin.py:188} INFO - [2024-08-07T09:58:58.152+0000] {dagbag.py:545} INFO - Filling up the DagBag from /home/airflow/.local/lib/python3.12/site-packages/airflow/example_dags/example_branch_python_dop_operator_3.py
[2024-08-07T09:58:58.161+0000] {processor.py:840} INFO - DAG(s) 'example_branch_dop_operator_v3' retrieved from /home/airflow/.local/lib/python3.12/site-packages/airflow/example_dags/example_branch_python_dop_operator_3.py
[2024-08-07T09:58:58.184+0000] {logging_mixin.py:188} INFO - [2024-08-07T09:58:58.183+0000] {dag.py:3089} INFO - Sync 1 DAGs
[2024-08-07T09:58:58.213+0000] {logging_mixin.py:188} INFO - [2024-08-07T09:58:58.213+0000] {dag.py:3947} INFO - Setting next_dagrun for example_branch_dop_operator_v3 to 2024-08-07 09:57:00+00:00, run_after=2024-08-07 09:58:00+00:00
[2024-08-07T09:58:58.668+0000] {processor.py:183} INFO - Processing /home/airflow/.local/lib/python3.12/site-packages/airflow/example_dags/example_branch_python_dop_operator_3.py took 0.568 seconds
[2024-08-07T10:00:05.996+0000] {processor.py:161} INFO - Started process (PID=314) to work on /home/airflow/.local/lib/python3.12/site-packages/airflow/example_dags/example_branch_python_dop_operator_3.py
[2024-08-07T10:00:06.005+0000] {processor.py:830} INFO - Processing file /home/airflow/.local/lib/python3.12/site-packages/airflow/example_dags/example_branch_python_dop_operator_3.py for tasks to queue
[2024-08-07T10:00:06.017+0000] {logging_mixin.py:188} INFO - [2024-08-07T10:00:06.015+0000] {dagbag.py:545} INFO - Filling up the DagBag from /home/airflow/.local/lib/python3.12/site-packages/airflow/example_dags/example_branch_python_dop_operator_3.py
[2024-08-07T10:00:06.073+0000] {processor.py:840} INFO - DAG(s) 'example_branch_dop_operator_v3' retrieved from /home/airflow/.local/lib/python3.12/site-packages/airflow/example_dags/example_branch_python_dop_operator_3.py
[2024-08-07T10:00:06.609+0000] {logging_mixin.py:188} INFO - [2024-08-07T10:00:06.609+0000] {dag.py:3089} INFO - Sync 1 DAGs
[2024-08-07T10:00:06.826+0000] {logging_mixin.py:188} INFO - [2024-08-07T10:00:06.826+0000] {dag.py:3947} INFO - Setting next_dagrun for example_branch_dop_operator_v3 to 2024-08-07 09:59:00+00:00, run_after=2024-08-07 10:00:00+00:00
[2024-08-07T10:00:07.578+0000] {processor.py:183} INFO - Processing /home/airflow/.local/lib/python3.12/site-packages/airflow/example_dags/example_branch_python_dop_operator_3.py took 1.595 seconds
[2024-08-07T10:00:38.470+0000] {processor.py:161} INFO - Started process (PID=370) to work on /home/airflow/.local/lib/python3.12/site-packages/airflow/example_dags/example_branch_python_dop_operator_3.py
[2024-08-07T10:00:38.485+0000] {processor.py:830} INFO - Processing file /home/airflow/.local/lib/python3.12/site-packages/airflow/example_dags/example_branch_python_dop_operator_3.py for tasks to queue
[2024-08-07T10:00:38.488+0000] {logging_mixin.py:188} INFO - [2024-08-07T10:00:38.488+0000] {dagbag.py:545} INFO - Filling up the DagBag from /home/airflow/.local/lib/python3.12/site-packages/airflow/example_dags/example_branch_python_dop_operator_3.py
[2024-08-07T10:00:38.511+0000] {processor.py:840} INFO - DAG(s) 'example_branch_dop_operator_v3' retrieved from /home/airflow/.local/lib/python3.12/site-packages/airflow/example_dags/example_branch_python_dop_operator_3.py
[2024-08-07T10:00:38.533+0000] {logging_mixin.py:188} INFO - [2024-08-07T10:00:38.533+0000] {dag.py:3089} INFO - Sync 1 DAGs
[2024-08-07T10:00:38.561+0000] {logging_mixin.py:188} INFO - [2024-08-07T10:00:38.561+0000] {dag.py:3947} INFO - Setting next_dagrun for example_branch_dop_operator_v3 to 2024-08-07 09:59:00+00:00, run_after=2024-08-07 10:00:00+00:00
[2024-08-07T10:00:39.001+0000] {processor.py:183} INFO - Processing /home/airflow/.local/lib/python3.12/site-packages/airflow/example_dags/example_branch_python_dop_operator_3.py took 0.538 seconds
[2024-08-07T10:01:09.845+0000] {processor.py:161} INFO - Started process (PID=428) to work on /home/airflow/.local/lib/python3.12/site-packages/airflow/example_dags/example_branch_python_dop_operator_3.py
[2024-08-07T10:01:09.883+0000] {processor.py:830} INFO - Processing file /home/airflow/.local/lib/python3.12/site-packages/airflow/example_dags/example_branch_python_dop_operator_3.py for tasks to queue
[2024-08-07T10:01:09.898+0000] {logging_mixin.py:188} INFO - [2024-08-07T10:01:09.896+0000] {dagbag.py:545} INFO - Filling up the DagBag from /home/airflow/.local/lib/python3.12/site-packages/airflow/example_dags/example_branch_python_dop_operator_3.py
[2024-08-07T10:01:10.022+0000] {processor.py:840} INFO - DAG(s) 'example_branch_dop_operator_v3' retrieved from /home/airflow/.local/lib/python3.12/site-packages/airflow/example_dags/example_branch_python_dop_operator_3.py
[2024-08-07T10:01:10.160+0000] {logging_mixin.py:188} INFO - [2024-08-07T10:01:10.159+0000] {dag.py:3089} INFO - Sync 1 DAGs
[2024-08-07T10:01:10.524+0000] {logging_mixin.py:188} INFO - [2024-08-07T10:01:10.513+0000] {dag.py:3947} INFO - Setting next_dagrun for example_branch_dop_operator_v3 to 2024-08-07 10:00:00+00:00, run_after=2024-08-07 10:01:00+00:00
[2024-08-07T10:01:12.851+0000] {processor.py:183} INFO - Processing /home/airflow/.local/lib/python3.12/site-packages/airflow/example_dags/example_branch_python_dop_operator_3.py took 3.198 seconds
[2024-08-07T10:01:45.084+0000] {processor.py:161} INFO - Started process (PID=486) to work on /home/airflow/.local/lib/python3.12/site-packages/airflow/example_dags/example_branch_python_dop_operator_3.py
[2024-08-07T10:01:45.106+0000] {processor.py:830} INFO - Processing file /home/airflow/.local/lib/python3.12/site-packages/airflow/example_dags/example_branch_python_dop_operator_3.py for tasks to queue
[2024-08-07T10:01:45.109+0000] {logging_mixin.py:188} INFO - [2024-08-07T10:01:45.108+0000] {dagbag.py:545} INFO - Filling up the DagBag from /home/airflow/.local/lib/python3.12/site-packages/airflow/example_dags/example_branch_python_dop_operator_3.py
[2024-08-07T10:01:45.120+0000] {processor.py:840} INFO - DAG(s) 'example_branch_dop_operator_v3' retrieved from /home/airflow/.local/lib/python3.12/site-packages/airflow/example_dags/example_branch_python_dop_operator_3.py
[2024-08-07T10:01:45.144+0000] {logging_mixin.py:188} INFO - [2024-08-07T10:01:45.144+0000] {dag.py:3089} INFO - Sync 1 DAGs
[2024-08-07T10:01:45.176+0000] {logging_mixin.py:188} INFO - [2024-08-07T10:01:45.176+0000] {dag.py:3947} INFO - Setting next_dagrun for example_branch_dop_operator_v3 to 2024-08-07 10:00:00+00:00, run_after=2024-08-07 10:01:00+00:00
[2024-08-07T10:01:45.347+0000] {processor.py:183} INFO - Processing /home/airflow/.local/lib/python3.12/site-packages/airflow/example_dags/example_branch_python_dop_operator_3.py took 0.269 seconds
[2024-08-07T10:02:18.799+0000] {processor.py:161} INFO - Started process (PID=533) to work on /home/airflow/.local/lib/python3.12/site-packages/airflow/example_dags/example_branch_python_dop_operator_3.py
[2024-08-07T10:02:18.809+0000] {processor.py:830} INFO - Processing file /home/airflow/.local/lib/python3.12/site-packages/airflow/example_dags/example_branch_python_dop_operator_3.py for tasks to queue
[2024-08-07T10:02:18.813+0000] {logging_mixin.py:188} INFO - [2024-08-07T10:02:18.813+0000] {dagbag.py:545} INFO - Filling up the DagBag from /home/airflow/.local/lib/python3.12/site-packages/airflow/example_dags/example_branch_python_dop_operator_3.py
[2024-08-07T10:02:18.823+0000] {processor.py:840} INFO - DAG(s) 'example_branch_dop_operator_v3' retrieved from /home/airflow/.local/lib/python3.12/site-packages/airflow/example_dags/example_branch_python_dop_operator_3.py
[2024-08-07T10:02:18.859+0000] {logging_mixin.py:188} INFO - [2024-08-07T10:02:18.858+0000] {dag.py:3089} INFO - Sync 1 DAGs
[2024-08-07T10:02:18.917+0000] {logging_mixin.py:188} INFO - [2024-08-07T10:02:18.917+0000] {dag.py:3947} INFO - Setting next_dagrun for example_branch_dop_operator_v3 to 2024-08-07 10:01:00+00:00, run_after=2024-08-07 10:02:00+00:00
[2024-08-07T10:02:19.013+0000] {processor.py:183} INFO - Processing /home/airflow/.local/lib/python3.12/site-packages/airflow/example_dags/example_branch_python_dop_operator_3.py took 0.220 seconds
[2024-08-07T10:02:55.359+0000] {processor.py:161} INFO - Started process (PID=593) to work on /home/airflow/.local/lib/python3.12/site-packages/airflow/example_dags/example_branch_python_dop_operator_3.py
[2024-08-07T10:02:55.360+0000] {processor.py:830} INFO - Processing file /home/airflow/.local/lib/python3.12/site-packages/airflow/example_dags/example_branch_python_dop_operator_3.py for tasks to queue
[2024-08-07T10:02:55.363+0000] {logging_mixin.py:188} INFO - [2024-08-07T10:02:55.362+0000] {dagbag.py:545} INFO - Filling up the DagBag from /home/airflow/.local/lib/python3.12/site-packages/airflow/example_dags/example_branch_python_dop_operator_3.py
[2024-08-07T10:02:55.373+0000] {processor.py:840} INFO - DAG(s) 'example_branch_dop_operator_v3' retrieved from /home/airflow/.local/lib/python3.12/site-packages/airflow/example_dags/example_branch_python_dop_operator_3.py
[2024-08-07T10:02:55.719+0000] {logging_mixin.py:188} INFO - [2024-08-07T10:02:55.719+0000] {dag.py:3089} INFO - Sync 1 DAGs
[2024-08-07T10:02:55.773+0000] {logging_mixin.py:188} INFO - [2024-08-07T10:02:55.772+0000] {dag.py:3947} INFO - Setting next_dagrun for example_branch_dop_operator_v3 to 2024-08-07 10:01:00+00:00, run_after=2024-08-07 10:02:00+00:00
[2024-08-07T10:02:56.494+0000] {processor.py:183} INFO - Processing /home/airflow/.local/lib/python3.12/site-packages/airflow/example_dags/example_branch_python_dop_operator_3.py took 1.141 seconds
[2024-08-07T10:03:32.409+0000] {processor.py:161} INFO - Started process (PID=651) to work on /home/airflow/.local/lib/python3.12/site-packages/airflow/example_dags/example_branch_python_dop_operator_3.py
[2024-08-07T10:03:32.412+0000] {processor.py:830} INFO - Processing file /home/airflow/.local/lib/python3.12/site-packages/airflow/example_dags/example_branch_python_dop_operator_3.py for tasks to queue
[2024-08-07T10:03:32.419+0000] {logging_mixin.py:188} INFO - [2024-08-07T10:03:32.419+0000] {dagbag.py:545} INFO - Filling up the DagBag from /home/airflow/.local/lib/python3.12/site-packages/airflow/example_dags/example_branch_python_dop_operator_3.py
[2024-08-07T10:03:32.427+0000] {processor.py:840} INFO - DAG(s) 'example_branch_dop_operator_v3' retrieved from /home/airflow/.local/lib/python3.12/site-packages/airflow/example_dags/example_branch_python_dop_operator_3.py
[2024-08-07T10:03:32.521+0000] {logging_mixin.py:188} INFO - [2024-08-07T10:03:32.521+0000] {dag.py:3089} INFO - Sync 1 DAGs
[2024-08-07T10:03:32.554+0000] {logging_mixin.py:188} INFO - [2024-08-07T10:03:32.553+0000] {dag.py:3947} INFO - Setting next_dagrun for example_branch_dop_operator_v3 to 2024-08-07 10:02:00+00:00, run_after=2024-08-07 10:03:00+00:00
[2024-08-07T10:03:32.653+0000] {processor.py:183} INFO - Processing /home/airflow/.local/lib/python3.12/site-packages/airflow/example_dags/example_branch_python_dop_operator_3.py took 0.257 seconds
[2024-08-07T10:04:02.711+0000] {processor.py:161} INFO - Started process (PID=707) to work on /home/airflow/.local/lib/python3.12/site-packages/airflow/example_dags/example_branch_python_dop_operator_3.py
[2024-08-07T10:04:02.715+0000] {processor.py:830} INFO - Processing file /home/airflow/.local/lib/python3.12/site-packages/airflow/example_dags/example_branch_python_dop_operator_3.py for tasks to queue
[2024-08-07T10:04:02.717+0000] {logging_mixin.py:188} INFO - [2024-08-07T10:04:02.717+0000] {dagbag.py:545} INFO - Filling up the DagBag from /home/airflow/.local/lib/python3.12/site-packages/airflow/example_dags/example_branch_python_dop_operator_3.py
[2024-08-07T10:04:02.728+0000] {processor.py:840} INFO - DAG(s) 'example_branch_dop_operator_v3' retrieved from /home/airflow/.local/lib/python3.12/site-packages/airflow/example_dags/example_branch_python_dop_operator_3.py
[2024-08-07T10:04:02.751+0000] {logging_mixin.py:188} INFO - [2024-08-07T10:04:02.751+0000] {dag.py:3089} INFO - Sync 1 DAGs
[2024-08-07T10:04:02.784+0000] {logging_mixin.py:188} INFO - [2024-08-07T10:04:02.784+0000] {dag.py:3947} INFO - Setting next_dagrun for example_branch_dop_operator_v3 to 2024-08-07 10:03:00+00:00, run_after=2024-08-07 10:04:00+00:00
[2024-08-07T10:04:02.818+0000] {processor.py:183} INFO - Processing /home/airflow/.local/lib/python3.12/site-packages/airflow/example_dags/example_branch_python_dop_operator_3.py took 0.114 seconds
[2024-08-07T10:04:32.933+0000] {processor.py:161} INFO - Started process (PID=765) to work on /home/airflow/.local/lib/python3.12/site-packages/airflow/example_dags/example_branch_python_dop_operator_3.py
[2024-08-07T10:04:32.935+0000] {processor.py:830} INFO - Processing file /home/airflow/.local/lib/python3.12/site-packages/airflow/example_dags/example_branch_python_dop_operator_3.py for tasks to queue
[2024-08-07T10:04:32.938+0000] {logging_mixin.py:188} INFO - [2024-08-07T10:04:32.937+0000] {dagbag.py:545} INFO - Filling up the DagBag from /home/airflow/.local/lib/python3.12/site-packages/airflow/example_dags/example_branch_python_dop_operator_3.py
[2024-08-07T10:04:32.949+0000] {processor.py:840} INFO - DAG(s) 'example_branch_dop_operator_v3' retrieved from /home/airflow/.local/lib/python3.12/site-packages/airflow/example_dags/example_branch_python_dop_operator_3.py
[2024-08-07T10:04:32.971+0000] {logging_mixin.py:188} INFO - [2024-08-07T10:04:32.970+0000] {dag.py:3089} INFO - Sync 1 DAGs
[2024-08-07T10:04:33.000+0000] {logging_mixin.py:188} INFO - [2024-08-07T10:04:33.000+0000] {dag.py:3947} INFO - Setting next_dagrun for example_branch_dop_operator_v3 to 2024-08-07 10:03:00+00:00, run_after=2024-08-07 10:04:00+00:00
[2024-08-07T10:04:33.026+0000] {processor.py:183} INFO - Processing /home/airflow/.local/lib/python3.12/site-packages/airflow/example_dags/example_branch_python_dop_operator_3.py took 0.100 seconds
[2024-08-07T10:05:05.761+0000] {processor.py:161} INFO - Started process (PID=824) to work on /home/airflow/.local/lib/python3.12/site-packages/airflow/example_dags/example_branch_python_dop_operator_3.py
[2024-08-07T10:05:05.764+0000] {processor.py:830} INFO - Processing file /home/airflow/.local/lib/python3.12/site-packages/airflow/example_dags/example_branch_python_dop_operator_3.py for tasks to queue
[2024-08-07T10:05:05.791+0000] {logging_mixin.py:188} INFO - [2024-08-07T10:05:05.790+0000] {dagbag.py:545} INFO - Filling up the DagBag from /home/airflow/.local/lib/python3.12/site-packages/airflow/example_dags/example_branch_python_dop_operator_3.py
[2024-08-07T10:05:05.838+0000] {processor.py:840} INFO - DAG(s) 'example_branch_dop_operator_v3' retrieved from /home/airflow/.local/lib/python3.12/site-packages/airflow/example_dags/example_branch_python_dop_operator_3.py
[2024-08-07T10:05:05.869+0000] {logging_mixin.py:188} INFO - [2024-08-07T10:05:05.868+0000] {dag.py:3089} INFO - Sync 1 DAGs
[2024-08-07T10:05:05.934+0000] {logging_mixin.py:188} INFO - [2024-08-07T10:05:05.934+0000] {dag.py:3947} INFO - Setting next_dagrun for example_branch_dop_operator_v3 to 2024-08-07 10:04:00+00:00, run_after=2024-08-07 10:05:00+00:00
[2024-08-07T10:05:06.373+0000] {processor.py:183} INFO - Processing /home/airflow/.local/lib/python3.12/site-packages/airflow/example_dags/example_branch_python_dop_operator_3.py took 0.619 seconds
[2024-08-07T10:05:37.198+0000] {processor.py:161} INFO - Started process (PID=883) to work on /home/airflow/.local/lib/python3.12/site-packages/airflow/example_dags/example_branch_python_dop_operator_3.py
[2024-08-07T10:05:37.222+0000] {processor.py:830} INFO - Processing file /home/airflow/.local/lib/python3.12/site-packages/airflow/example_dags/example_branch_python_dop_operator_3.py for tasks to queue
[2024-08-07T10:05:37.233+0000] {logging_mixin.py:188} INFO - [2024-08-07T10:05:37.232+0000] {dagbag.py:545} INFO - Filling up the DagBag from /home/airflow/.local/lib/python3.12/site-packages/airflow/example_dags/example_branch_python_dop_operator_3.py
[2024-08-07T10:05:37.273+0000] {processor.py:840} INFO - DAG(s) 'example_branch_dop_operator_v3' retrieved from /home/airflow/.local/lib/python3.12/site-packages/airflow/example_dags/example_branch_python_dop_operator_3.py
[2024-08-07T10:05:37.324+0000] {logging_mixin.py:188} INFO - [2024-08-07T10:05:37.324+0000] {dag.py:3089} INFO - Sync 1 DAGs
[2024-08-07T10:05:37.366+0000] {logging_mixin.py:188} INFO - [2024-08-07T10:05:37.366+0000] {dag.py:3947} INFO - Setting next_dagrun for example_branch_dop_operator_v3 to 2024-08-07 10:04:00+00:00, run_after=2024-08-07 10:05:00+00:00
[2024-08-07T10:05:37.442+0000] {processor.py:183} INFO - Processing /home/airflow/.local/lib/python3.12/site-packages/airflow/example_dags/example_branch_python_dop_operator_3.py took 0.251 seconds
[2024-08-07T10:06:07.887+0000] {processor.py:161} INFO - Started process (PID=942) to work on /home/airflow/.local/lib/python3.12/site-packages/airflow/example_dags/example_branch_python_dop_operator_3.py
[2024-08-07T10:06:07.888+0000] {processor.py:830} INFO - Processing file /home/airflow/.local/lib/python3.12/site-packages/airflow/example_dags/example_branch_python_dop_operator_3.py for tasks to queue
[2024-08-07T10:06:07.890+0000] {logging_mixin.py:188} INFO - [2024-08-07T10:06:07.890+0000] {dagbag.py:545} INFO - Filling up the DagBag from /home/airflow/.local/lib/python3.12/site-packages/airflow/example_dags/example_branch_python_dop_operator_3.py
[2024-08-07T10:06:07.900+0000] {processor.py:840} INFO - DAG(s) 'example_branch_dop_operator_v3' retrieved from /home/airflow/.local/lib/python3.12/site-packages/airflow/example_dags/example_branch_python_dop_operator_3.py
[2024-08-07T10:06:07.946+0000] {logging_mixin.py:188} INFO - [2024-08-07T10:06:07.945+0000] {dag.py:3089} INFO - Sync 1 DAGs
[2024-08-07T10:06:08.036+0000] {logging_mixin.py:188} INFO - [2024-08-07T10:06:08.036+0000] {dag.py:3947} INFO - Setting next_dagrun for example_branch_dop_operator_v3 to 2024-08-07 10:05:00+00:00, run_after=2024-08-07 10:06:00+00:00
[2024-08-07T10:06:08.210+0000] {processor.py:183} INFO - Processing /home/airflow/.local/lib/python3.12/site-packages/airflow/example_dags/example_branch_python_dop_operator_3.py took 0.329 seconds
[2024-08-07T10:06:38.661+0000] {processor.py:161} INFO - Started process (PID=1000) to work on /home/airflow/.local/lib/python3.12/site-packages/airflow/example_dags/example_branch_python_dop_operator_3.py
[2024-08-07T10:06:38.662+0000] {processor.py:830} INFO - Processing file /home/airflow/.local/lib/python3.12/site-packages/airflow/example_dags/example_branch_python_dop_operator_3.py for tasks to queue
[2024-08-07T10:06:38.665+0000] {logging_mixin.py:188} INFO - [2024-08-07T10:06:38.664+0000] {dagbag.py:545} INFO - Filling up the DagBag from /home/airflow/.local/lib/python3.12/site-packages/airflow/example_dags/example_branch_python_dop_operator_3.py
[2024-08-07T10:06:38.678+0000] {processor.py:840} INFO - DAG(s) 'example_branch_dop_operator_v3' retrieved from /home/airflow/.local/lib/python3.12/site-packages/airflow/example_dags/example_branch_python_dop_operator_3.py
[2024-08-07T10:06:38.702+0000] {logging_mixin.py:188} INFO - [2024-08-07T10:06:38.702+0000] {dag.py:3089} INFO - Sync 1 DAGs
[2024-08-07T10:06:38.734+0000] {logging_mixin.py:188} INFO - [2024-08-07T10:06:38.734+0000] {dag.py:3947} INFO - Setting next_dagrun for example_branch_dop_operator_v3 to 2024-08-07 10:05:00+00:00, run_after=2024-08-07 10:06:00+00:00
[2024-08-07T10:06:38.776+0000] {processor.py:183} INFO - Processing /home/airflow/.local/lib/python3.12/site-packages/airflow/example_dags/example_branch_python_dop_operator_3.py took 0.124 seconds
