[2024-08-07T09:56:43.259+0000] {processor.py:161} INFO - Started process (PID=98) to work on /home/airflow/.local/lib/python3.12/site-packages/airflow/example_dags/example_task_group.py
[2024-08-07T09:56:43.272+0000] {processor.py:830} INFO - Processing file /home/airflow/.local/lib/python3.12/site-packages/airflow/example_dags/example_task_group.py for tasks to queue
[2024-08-07T09:56:43.275+0000] {logging_mixin.py:188} INFO - [2024-08-07T09:56:43.275+0000] {dagbag.py:545} INFO - Filling up the DagBag from /home/airflow/.local/lib/python3.12/site-packages/airflow/example_dags/example_task_group.py
[2024-08-07T09:56:43.358+0000] {processor.py:840} INFO - DAG(s) 'example_task_group' retrieved from /home/airflow/.local/lib/python3.12/site-packages/airflow/example_dags/example_task_group.py
[2024-08-07T09:56:51.719+0000] {logging_mixin.py:188} INFO - [2024-08-07T09:56:51.718+0000] {dag.py:3089} INFO - Sync 1 DAGs
[2024-08-07T09:56:53.035+0000] {logging_mixin.py:188} INFO - [2024-08-07T09:56:53.034+0000] {dag.py:3947} INFO - Setting next_dagrun for example_task_group to 2024-08-06 00:00:00+00:00, run_after=2024-08-07 00:00:00+00:00
[2024-08-07T09:56:54.266+0000] {processor.py:183} INFO - Processing /home/airflow/.local/lib/python3.12/site-packages/airflow/example_dags/example_task_group.py took 11.033 seconds
[2024-08-07T09:57:35.632+0000] {processor.py:161} INFO - Started process (PID=156) to work on /home/airflow/.local/lib/python3.12/site-packages/airflow/example_dags/example_task_group.py
[2024-08-07T09:57:35.633+0000] {processor.py:830} INFO - Processing file /home/airflow/.local/lib/python3.12/site-packages/airflow/example_dags/example_task_group.py for tasks to queue
[2024-08-07T09:57:35.636+0000] {logging_mixin.py:188} INFO - [2024-08-07T09:57:35.636+0000] {dagbag.py:545} INFO - Filling up the DagBag from /home/airflow/.local/lib/python3.12/site-packages/airflow/example_dags/example_task_group.py
[2024-08-07T09:57:35.652+0000] {processor.py:840} INFO - DAG(s) 'example_task_group' retrieved from /home/airflow/.local/lib/python3.12/site-packages/airflow/example_dags/example_task_group.py
[2024-08-07T09:57:35.699+0000] {logging_mixin.py:188} INFO - [2024-08-07T09:57:35.699+0000] {dag.py:3089} INFO - Sync 1 DAGs
[2024-08-07T09:57:35.765+0000] {logging_mixin.py:188} INFO - [2024-08-07T09:57:35.765+0000] {dag.py:3947} INFO - Setting next_dagrun for example_task_group to 2024-08-06 00:00:00+00:00, run_after=2024-08-07 00:00:00+00:00
[2024-08-07T09:57:35.818+0000] {processor.py:183} INFO - Processing /home/airflow/.local/lib/python3.12/site-packages/airflow/example_dags/example_task_group.py took 0.210 seconds
[2024-08-07T09:58:27.827+0000] {processor.py:161} INFO - Started process (PID=215) to work on /home/airflow/.local/lib/python3.12/site-packages/airflow/example_dags/example_task_group.py
[2024-08-07T09:58:27.868+0000] {processor.py:830} INFO - Processing file /home/airflow/.local/lib/python3.12/site-packages/airflow/example_dags/example_task_group.py for tasks to queue
[2024-08-07T09:58:27.871+0000] {logging_mixin.py:188} INFO - [2024-08-07T09:58:27.871+0000] {dagbag.py:545} INFO - Filling up the DagBag from /home/airflow/.local/lib/python3.12/site-packages/airflow/example_dags/example_task_group.py
[2024-08-07T09:58:27.917+0000] {processor.py:840} INFO - DAG(s) 'example_task_group' retrieved from /home/airflow/.local/lib/python3.12/site-packages/airflow/example_dags/example_task_group.py
[2024-08-07T09:58:27.944+0000] {logging_mixin.py:188} INFO - [2024-08-07T09:58:27.944+0000] {dag.py:3089} INFO - Sync 1 DAGs
[2024-08-07T09:58:27.971+0000] {logging_mixin.py:188} INFO - [2024-08-07T09:58:27.971+0000] {dag.py:3947} INFO - Setting next_dagrun for example_task_group to 2024-08-06 00:00:00+00:00, run_after=2024-08-07 00:00:00+00:00
[2024-08-07T09:58:29.156+0000] {processor.py:183} INFO - Processing /home/airflow/.local/lib/python3.12/site-packages/airflow/example_dags/example_task_group.py took 1.336 seconds
[2024-08-07T09:59:18.544+0000] {processor.py:161} INFO - Started process (PID=279) to work on /home/airflow/.local/lib/python3.12/site-packages/airflow/example_dags/example_task_group.py
[2024-08-07T09:59:18.558+0000] {processor.py:830} INFO - Processing file /home/airflow/.local/lib/python3.12/site-packages/airflow/example_dags/example_task_group.py for tasks to queue
[2024-08-07T09:59:18.564+0000] {logging_mixin.py:188} INFO - [2024-08-07T09:59:18.562+0000] {dagbag.py:545} INFO - Filling up the DagBag from /home/airflow/.local/lib/python3.12/site-packages/airflow/example_dags/example_task_group.py
[2024-08-07T09:59:18.595+0000] {processor.py:840} INFO - DAG(s) 'example_task_group' retrieved from /home/airflow/.local/lib/python3.12/site-packages/airflow/example_dags/example_task_group.py
[2024-08-07T09:59:18.828+0000] {logging_mixin.py:188} INFO - [2024-08-07T09:59:18.828+0000] {dag.py:3089} INFO - Sync 1 DAGs
[2024-08-07T09:59:18.887+0000] {logging_mixin.py:188} INFO - [2024-08-07T09:59:18.887+0000] {dag.py:3947} INFO - Setting next_dagrun for example_task_group to 2024-08-06 00:00:00+00:00, run_after=2024-08-07 00:00:00+00:00
[2024-08-07T09:59:19.093+0000] {processor.py:183} INFO - Processing /home/airflow/.local/lib/python3.12/site-packages/airflow/example_dags/example_task_group.py took 0.558 seconds
[2024-08-07T10:00:19.289+0000] {processor.py:161} INFO - Started process (PID=333) to work on /home/airflow/.local/lib/python3.12/site-packages/airflow/example_dags/example_task_group.py
[2024-08-07T10:00:19.300+0000] {processor.py:830} INFO - Processing file /home/airflow/.local/lib/python3.12/site-packages/airflow/example_dags/example_task_group.py for tasks to queue
[2024-08-07T10:00:19.338+0000] {logging_mixin.py:188} INFO - [2024-08-07T10:00:19.337+0000] {dagbag.py:545} INFO - Filling up the DagBag from /home/airflow/.local/lib/python3.12/site-packages/airflow/example_dags/example_task_group.py
[2024-08-07T10:00:19.371+0000] {processor.py:840} INFO - DAG(s) 'example_task_group' retrieved from /home/airflow/.local/lib/python3.12/site-packages/airflow/example_dags/example_task_group.py
[2024-08-07T10:00:19.396+0000] {logging_mixin.py:188} INFO - [2024-08-07T10:00:19.396+0000] {dag.py:3089} INFO - Sync 1 DAGs
[2024-08-07T10:00:19.433+0000] {logging_mixin.py:188} INFO - [2024-08-07T10:00:19.433+0000] {dag.py:3947} INFO - Setting next_dagrun for example_task_group to 2024-08-06 00:00:00+00:00, run_after=2024-08-07 00:00:00+00:00
[2024-08-07T10:00:19.628+0000] {processor.py:183} INFO - Processing /home/airflow/.local/lib/python3.12/site-packages/airflow/example_dags/example_task_group.py took 0.349 seconds
[2024-08-07T10:00:50.404+0000] {processor.py:161} INFO - Started process (PID=389) to work on /home/airflow/.local/lib/python3.12/site-packages/airflow/example_dags/example_task_group.py
[2024-08-07T10:00:50.405+0000] {processor.py:830} INFO - Processing file /home/airflow/.local/lib/python3.12/site-packages/airflow/example_dags/example_task_group.py for tasks to queue
[2024-08-07T10:00:50.407+0000] {logging_mixin.py:188} INFO - [2024-08-07T10:00:50.406+0000] {dagbag.py:545} INFO - Filling up the DagBag from /home/airflow/.local/lib/python3.12/site-packages/airflow/example_dags/example_task_group.py
[2024-08-07T10:00:50.422+0000] {processor.py:840} INFO - DAG(s) 'example_task_group' retrieved from /home/airflow/.local/lib/python3.12/site-packages/airflow/example_dags/example_task_group.py
[2024-08-07T10:00:50.495+0000] {logging_mixin.py:188} INFO - [2024-08-07T10:00:50.495+0000] {dag.py:3089} INFO - Sync 1 DAGs
[2024-08-07T10:00:50.545+0000] {logging_mixin.py:188} INFO - [2024-08-07T10:00:50.545+0000] {dag.py:3947} INFO - Setting next_dagrun for example_task_group to 2024-08-06 00:00:00+00:00, run_after=2024-08-07 00:00:00+00:00
[2024-08-07T10:00:50.579+0000] {processor.py:183} INFO - Processing /home/airflow/.local/lib/python3.12/site-packages/airflow/example_dags/example_task_group.py took 0.183 seconds
[2024-08-07T10:01:30.358+0000] {processor.py:161} INFO - Started process (PID=448) to work on /home/airflow/.local/lib/python3.12/site-packages/airflow/example_dags/example_task_group.py
[2024-08-07T10:01:30.360+0000] {processor.py:830} INFO - Processing file /home/airflow/.local/lib/python3.12/site-packages/airflow/example_dags/example_task_group.py for tasks to queue
[2024-08-07T10:01:30.363+0000] {logging_mixin.py:188} INFO - [2024-08-07T10:01:30.362+0000] {dagbag.py:545} INFO - Filling up the DagBag from /home/airflow/.local/lib/python3.12/site-packages/airflow/example_dags/example_task_group.py
[2024-08-07T10:01:30.395+0000] {processor.py:840} INFO - DAG(s) 'example_task_group' retrieved from /home/airflow/.local/lib/python3.12/site-packages/airflow/example_dags/example_task_group.py
[2024-08-07T10:01:30.516+0000] {logging_mixin.py:188} INFO - [2024-08-07T10:01:30.515+0000] {dag.py:3089} INFO - Sync 1 DAGs
[2024-08-07T10:01:30.574+0000] {logging_mixin.py:188} INFO - [2024-08-07T10:01:30.574+0000] {dag.py:3947} INFO - Setting next_dagrun for example_task_group to 2024-08-06 00:00:00+00:00, run_after=2024-08-07 00:00:00+00:00
[2024-08-07T10:01:30.696+0000] {processor.py:183} INFO - Processing /home/airflow/.local/lib/python3.12/site-packages/airflow/example_dags/example_task_group.py took 0.346 seconds
[2024-08-07T10:02:09.858+0000] {processor.py:161} INFO - Started process (PID=506) to work on /home/airflow/.local/lib/python3.12/site-packages/airflow/example_dags/example_task_group.py
[2024-08-07T10:02:09.860+0000] {processor.py:830} INFO - Processing file /home/airflow/.local/lib/python3.12/site-packages/airflow/example_dags/example_task_group.py for tasks to queue
[2024-08-07T10:02:09.862+0000] {logging_mixin.py:188} INFO - [2024-08-07T10:02:09.862+0000] {dagbag.py:545} INFO - Filling up the DagBag from /home/airflow/.local/lib/python3.12/site-packages/airflow/example_dags/example_task_group.py
[2024-08-07T10:02:09.871+0000] {processor.py:840} INFO - DAG(s) 'example_task_group' retrieved from /home/airflow/.local/lib/python3.12/site-packages/airflow/example_dags/example_task_group.py
[2024-08-07T10:02:09.897+0000] {logging_mixin.py:188} INFO - [2024-08-07T10:02:09.897+0000] {dag.py:3089} INFO - Sync 1 DAGs
[2024-08-07T10:02:09.921+0000] {logging_mixin.py:188} INFO - [2024-08-07T10:02:09.921+0000] {dag.py:3947} INFO - Setting next_dagrun for example_task_group to 2024-08-06 00:00:00+00:00, run_after=2024-08-07 00:00:00+00:00
[2024-08-07T10:02:11.390+0000] {processor.py:183} INFO - Processing /home/airflow/.local/lib/python3.12/site-packages/airflow/example_dags/example_task_group.py took 1.540 seconds
[2024-08-07T10:02:41.773+0000] {processor.py:161} INFO - Started process (PID=564) to work on /home/airflow/.local/lib/python3.12/site-packages/airflow/example_dags/example_task_group.py
[2024-08-07T10:02:41.776+0000] {processor.py:830} INFO - Processing file /home/airflow/.local/lib/python3.12/site-packages/airflow/example_dags/example_task_group.py for tasks to queue
[2024-08-07T10:02:41.778+0000] {logging_mixin.py:188} INFO - [2024-08-07T10:02:41.778+0000] {dagbag.py:545} INFO - Filling up the DagBag from /home/airflow/.local/lib/python3.12/site-packages/airflow/example_dags/example_task_group.py
[2024-08-07T10:02:41.790+0000] {processor.py:840} INFO - DAG(s) 'example_task_group' retrieved from /home/airflow/.local/lib/python3.12/site-packages/airflow/example_dags/example_task_group.py
[2024-08-07T10:02:41.842+0000] {logging_mixin.py:188} INFO - [2024-08-07T10:02:41.842+0000] {dag.py:3089} INFO - Sync 1 DAGs
[2024-08-07T10:02:41.875+0000] {logging_mixin.py:188} INFO - [2024-08-07T10:02:41.875+0000] {dag.py:3947} INFO - Setting next_dagrun for example_task_group to 2024-08-06 00:00:00+00:00, run_after=2024-08-07 00:00:00+00:00
[2024-08-07T10:02:42.146+0000] {processor.py:183} INFO - Processing /home/airflow/.local/lib/python3.12/site-packages/airflow/example_dags/example_task_group.py took 0.385 seconds
[2024-08-07T10:03:27.234+0000] {processor.py:161} INFO - Started process (PID=629) to work on /home/airflow/.local/lib/python3.12/site-packages/airflow/example_dags/example_task_group.py
[2024-08-07T10:03:27.236+0000] {processor.py:830} INFO - Processing file /home/airflow/.local/lib/python3.12/site-packages/airflow/example_dags/example_task_group.py for tasks to queue
[2024-08-07T10:03:27.241+0000] {logging_mixin.py:188} INFO - [2024-08-07T10:03:27.240+0000] {dagbag.py:545} INFO - Filling up the DagBag from /home/airflow/.local/lib/python3.12/site-packages/airflow/example_dags/example_task_group.py
[2024-08-07T10:03:27.263+0000] {processor.py:840} INFO - DAG(s) 'example_task_group' retrieved from /home/airflow/.local/lib/python3.12/site-packages/airflow/example_dags/example_task_group.py
[2024-08-07T10:03:27.336+0000] {logging_mixin.py:188} INFO - [2024-08-07T10:03:27.335+0000] {dag.py:3089} INFO - Sync 1 DAGs
[2024-08-07T10:03:27.404+0000] {logging_mixin.py:188} INFO - [2024-08-07T10:03:27.403+0000] {dag.py:3947} INFO - Setting next_dagrun for example_task_group to 2024-08-06 00:00:00+00:00, run_after=2024-08-07 00:00:00+00:00
[2024-08-07T10:03:27.463+0000] {processor.py:183} INFO - Processing /home/airflow/.local/lib/python3.12/site-packages/airflow/example_dags/example_task_group.py took 0.249 seconds
[2024-08-07T10:03:57.708+0000] {processor.py:161} INFO - Started process (PID=687) to work on /home/airflow/.local/lib/python3.12/site-packages/airflow/example_dags/example_task_group.py
[2024-08-07T10:03:57.709+0000] {processor.py:830} INFO - Processing file /home/airflow/.local/lib/python3.12/site-packages/airflow/example_dags/example_task_group.py for tasks to queue
[2024-08-07T10:03:57.711+0000] {logging_mixin.py:188} INFO - [2024-08-07T10:03:57.711+0000] {dagbag.py:545} INFO - Filling up the DagBag from /home/airflow/.local/lib/python3.12/site-packages/airflow/example_dags/example_task_group.py
[2024-08-07T10:03:57.718+0000] {processor.py:840} INFO - DAG(s) 'example_task_group' retrieved from /home/airflow/.local/lib/python3.12/site-packages/airflow/example_dags/example_task_group.py
[2024-08-07T10:03:57.740+0000] {logging_mixin.py:188} INFO - [2024-08-07T10:03:57.740+0000] {dag.py:3089} INFO - Sync 1 DAGs
[2024-08-07T10:03:57.778+0000] {logging_mixin.py:188} INFO - [2024-08-07T10:03:57.777+0000] {dag.py:3947} INFO - Setting next_dagrun for example_task_group to 2024-08-06 00:00:00+00:00, run_after=2024-08-07 00:00:00+00:00
[2024-08-07T10:03:57.800+0000] {processor.py:183} INFO - Processing /home/airflow/.local/lib/python3.12/site-packages/airflow/example_dags/example_task_group.py took 0.097 seconds
[2024-08-07T10:04:29.520+0000] {processor.py:161} INFO - Started process (PID=745) to work on /home/airflow/.local/lib/python3.12/site-packages/airflow/example_dags/example_task_group.py
[2024-08-07T10:04:29.531+0000] {processor.py:830} INFO - Processing file /home/airflow/.local/lib/python3.12/site-packages/airflow/example_dags/example_task_group.py for tasks to queue
[2024-08-07T10:04:29.534+0000] {logging_mixin.py:188} INFO - [2024-08-07T10:04:29.533+0000] {dagbag.py:545} INFO - Filling up the DagBag from /home/airflow/.local/lib/python3.12/site-packages/airflow/example_dags/example_task_group.py
[2024-08-07T10:04:29.542+0000] {processor.py:840} INFO - DAG(s) 'example_task_group' retrieved from /home/airflow/.local/lib/python3.12/site-packages/airflow/example_dags/example_task_group.py
[2024-08-07T10:04:29.569+0000] {logging_mixin.py:188} INFO - [2024-08-07T10:04:29.569+0000] {dag.py:3089} INFO - Sync 1 DAGs
[2024-08-07T10:04:29.613+0000] {logging_mixin.py:188} INFO - [2024-08-07T10:04:29.612+0000] {dag.py:3947} INFO - Setting next_dagrun for example_task_group to 2024-08-06 00:00:00+00:00, run_after=2024-08-07 00:00:00+00:00
[2024-08-07T10:04:29.651+0000] {processor.py:183} INFO - Processing /home/airflow/.local/lib/python3.12/site-packages/airflow/example_dags/example_task_group.py took 0.138 seconds
[2024-08-07T10:05:01.374+0000] {processor.py:161} INFO - Started process (PID=804) to work on /home/airflow/.local/lib/python3.12/site-packages/airflow/example_dags/example_task_group.py
[2024-08-07T10:05:01.375+0000] {processor.py:830} INFO - Processing file /home/airflow/.local/lib/python3.12/site-packages/airflow/example_dags/example_task_group.py for tasks to queue
[2024-08-07T10:05:01.377+0000] {logging_mixin.py:188} INFO - [2024-08-07T10:05:01.377+0000] {dagbag.py:545} INFO - Filling up the DagBag from /home/airflow/.local/lib/python3.12/site-packages/airflow/example_dags/example_task_group.py
[2024-08-07T10:05:01.391+0000] {processor.py:840} INFO - DAG(s) 'example_task_group' retrieved from /home/airflow/.local/lib/python3.12/site-packages/airflow/example_dags/example_task_group.py
[2024-08-07T10:05:01.413+0000] {logging_mixin.py:188} INFO - [2024-08-07T10:05:01.412+0000] {dag.py:3089} INFO - Sync 1 DAGs
[2024-08-07T10:05:01.437+0000] {logging_mixin.py:188} INFO - [2024-08-07T10:05:01.437+0000] {dag.py:3947} INFO - Setting next_dagrun for example_task_group to 2024-08-06 00:00:00+00:00, run_after=2024-08-07 00:00:00+00:00
[2024-08-07T10:05:01.827+0000] {processor.py:183} INFO - Processing /home/airflow/.local/lib/python3.12/site-packages/airflow/example_dags/example_task_group.py took 0.467 seconds
[2024-08-07T10:05:32.530+0000] {processor.py:161} INFO - Started process (PID=863) to work on /home/airflow/.local/lib/python3.12/site-packages/airflow/example_dags/example_task_group.py
[2024-08-07T10:05:32.550+0000] {processor.py:830} INFO - Processing file /home/airflow/.local/lib/python3.12/site-packages/airflow/example_dags/example_task_group.py for tasks to queue
[2024-08-07T10:05:32.558+0000] {logging_mixin.py:188} INFO - [2024-08-07T10:05:32.555+0000] {dagbag.py:545} INFO - Filling up the DagBag from /home/airflow/.local/lib/python3.12/site-packages/airflow/example_dags/example_task_group.py
[2024-08-07T10:05:32.579+0000] {processor.py:840} INFO - DAG(s) 'example_task_group' retrieved from /home/airflow/.local/lib/python3.12/site-packages/airflow/example_dags/example_task_group.py
[2024-08-07T10:05:32.673+0000] {logging_mixin.py:188} INFO - [2024-08-07T10:05:32.672+0000] {dag.py:3089} INFO - Sync 1 DAGs
[2024-08-07T10:05:32.754+0000] {logging_mixin.py:188} INFO - [2024-08-07T10:05:32.754+0000] {dag.py:3947} INFO - Setting next_dagrun for example_task_group to 2024-08-06 00:00:00+00:00, run_after=2024-08-07 00:00:00+00:00
[2024-08-07T10:05:32.825+0000] {processor.py:183} INFO - Processing /home/airflow/.local/lib/python3.12/site-packages/airflow/example_dags/example_task_group.py took 0.300 seconds
[2024-08-07T10:06:03.245+0000] {processor.py:161} INFO - Started process (PID=922) to work on /home/airflow/.local/lib/python3.12/site-packages/airflow/example_dags/example_task_group.py
[2024-08-07T10:06:03.254+0000] {processor.py:830} INFO - Processing file /home/airflow/.local/lib/python3.12/site-packages/airflow/example_dags/example_task_group.py for tasks to queue
[2024-08-07T10:06:03.258+0000] {logging_mixin.py:188} INFO - [2024-08-07T10:06:03.258+0000] {dagbag.py:545} INFO - Filling up the DagBag from /home/airflow/.local/lib/python3.12/site-packages/airflow/example_dags/example_task_group.py
[2024-08-07T10:06:03.312+0000] {processor.py:840} INFO - DAG(s) 'example_task_group' retrieved from /home/airflow/.local/lib/python3.12/site-packages/airflow/example_dags/example_task_group.py
[2024-08-07T10:06:03.375+0000] {logging_mixin.py:188} INFO - [2024-08-07T10:06:03.375+0000] {dag.py:3089} INFO - Sync 1 DAGs
[2024-08-07T10:06:03.424+0000] {logging_mixin.py:188} INFO - [2024-08-07T10:06:03.424+0000] {dag.py:3947} INFO - Setting next_dagrun for example_task_group to 2024-08-06 00:00:00+00:00, run_after=2024-08-07 00:00:00+00:00
[2024-08-07T10:06:03.472+0000] {processor.py:183} INFO - Processing /home/airflow/.local/lib/python3.12/site-packages/airflow/example_dags/example_task_group.py took 0.240 seconds
[2024-08-07T10:06:34.210+0000] {processor.py:161} INFO - Started process (PID=980) to work on /home/airflow/.local/lib/python3.12/site-packages/airflow/example_dags/example_task_group.py
[2024-08-07T10:06:34.211+0000] {processor.py:830} INFO - Processing file /home/airflow/.local/lib/python3.12/site-packages/airflow/example_dags/example_task_group.py for tasks to queue
[2024-08-07T10:06:34.214+0000] {logging_mixin.py:188} INFO - [2024-08-07T10:06:34.213+0000] {dagbag.py:545} INFO - Filling up the DagBag from /home/airflow/.local/lib/python3.12/site-packages/airflow/example_dags/example_task_group.py
[2024-08-07T10:06:34.221+0000] {processor.py:840} INFO - DAG(s) 'example_task_group' retrieved from /home/airflow/.local/lib/python3.12/site-packages/airflow/example_dags/example_task_group.py
[2024-08-07T10:06:34.244+0000] {logging_mixin.py:188} INFO - [2024-08-07T10:06:34.244+0000] {dag.py:3089} INFO - Sync 1 DAGs
[2024-08-07T10:06:34.273+0000] {logging_mixin.py:188} INFO - [2024-08-07T10:06:34.273+0000] {dag.py:3947} INFO - Setting next_dagrun for example_task_group to 2024-08-06 00:00:00+00:00, run_after=2024-08-07 00:00:00+00:00
[2024-08-07T10:06:34.307+0000] {processor.py:183} INFO - Processing /home/airflow/.local/lib/python3.12/site-packages/airflow/example_dags/example_task_group.py took 0.105 seconds
