[2024-08-07T09:57:11.682+0000] {processor.py:161} INFO - Started process (PID=115) to work on /home/airflow/.local/lib/python3.12/site-packages/airflow/example_dags/example_skip_dag.py
[2024-08-07T09:57:11.683+0000] {processor.py:830} INFO - Processing file /home/airflow/.local/lib/python3.12/site-packages/airflow/example_dags/example_skip_dag.py for tasks to queue
[2024-08-07T09:57:11.697+0000] {logging_mixin.py:188} INFO - [2024-08-07T09:57:11.697+0000] {dagbag.py:545} INFO - Filling up the DagBag from /home/airflow/.local/lib/python3.12/site-packages/airflow/example_dags/example_skip_dag.py
[2024-08-07T09:57:11.731+0000] {processor.py:840} INFO - DAG(s) 'example_skip_dag' retrieved from /home/airflow/.local/lib/python3.12/site-packages/airflow/example_dags/example_skip_dag.py
[2024-08-07T09:57:12.056+0000] {logging_mixin.py:188} INFO - [2024-08-07T09:57:12.056+0000] {dag.py:3089} INFO - Sync 1 DAGs
[2024-08-07T09:57:12.181+0000] {logging_mixin.py:188} INFO - [2024-08-07T09:57:12.181+0000] {dag.py:3947} INFO - Setting next_dagrun for example_skip_dag to 2024-08-06 00:00:00+00:00, run_after=2024-08-07 00:00:00+00:00
[2024-08-07T09:57:12.643+0000] {processor.py:183} INFO - Processing /home/airflow/.local/lib/python3.12/site-packages/airflow/example_dags/example_skip_dag.py took 1.009 seconds
[2024-08-07T09:57:44.561+0000] {processor.py:161} INFO - Started process (PID=173) to work on /home/airflow/.local/lib/python3.12/site-packages/airflow/example_dags/example_skip_dag.py
[2024-08-07T09:57:44.567+0000] {processor.py:830} INFO - Processing file /home/airflow/.local/lib/python3.12/site-packages/airflow/example_dags/example_skip_dag.py for tasks to queue
[2024-08-07T09:57:44.595+0000] {logging_mixin.py:188} INFO - [2024-08-07T09:57:44.595+0000] {dagbag.py:545} INFO - Filling up the DagBag from /home/airflow/.local/lib/python3.12/site-packages/airflow/example_dags/example_skip_dag.py
[2024-08-07T09:57:44.634+0000] {processor.py:840} INFO - DAG(s) 'example_skip_dag' retrieved from /home/airflow/.local/lib/python3.12/site-packages/airflow/example_dags/example_skip_dag.py
[2024-08-07T09:57:44.681+0000] {logging_mixin.py:188} INFO - [2024-08-07T09:57:44.681+0000] {dag.py:3089} INFO - Sync 1 DAGs
[2024-08-07T09:57:44.728+0000] {logging_mixin.py:188} INFO - [2024-08-07T09:57:44.727+0000] {dag.py:3947} INFO - Setting next_dagrun for example_skip_dag to 2024-08-06 00:00:00+00:00, run_after=2024-08-07 00:00:00+00:00
[2024-08-07T09:57:44.886+0000] {processor.py:183} INFO - Processing /home/airflow/.local/lib/python3.12/site-packages/airflow/example_dags/example_skip_dag.py took 0.344 seconds
[2024-08-07T09:58:38.959+0000] {processor.py:161} INFO - Started process (PID=231) to work on /home/airflow/.local/lib/python3.12/site-packages/airflow/example_dags/example_skip_dag.py
[2024-08-07T09:58:38.983+0000] {processor.py:830} INFO - Processing file /home/airflow/.local/lib/python3.12/site-packages/airflow/example_dags/example_skip_dag.py for tasks to queue
[2024-08-07T09:58:38.985+0000] {logging_mixin.py:188} INFO - [2024-08-07T09:58:38.985+0000] {dagbag.py:545} INFO - Filling up the DagBag from /home/airflow/.local/lib/python3.12/site-packages/airflow/example_dags/example_skip_dag.py
[2024-08-07T09:58:39.050+0000] {processor.py:840} INFO - DAG(s) 'example_skip_dag' retrieved from /home/airflow/.local/lib/python3.12/site-packages/airflow/example_dags/example_skip_dag.py
[2024-08-07T09:58:39.084+0000] {logging_mixin.py:188} INFO - [2024-08-07T09:58:39.083+0000] {dag.py:3089} INFO - Sync 1 DAGs
[2024-08-07T09:58:39.163+0000] {logging_mixin.py:188} INFO - [2024-08-07T09:58:39.163+0000] {dag.py:3947} INFO - Setting next_dagrun for example_skip_dag to 2024-08-06 00:00:00+00:00, run_after=2024-08-07 00:00:00+00:00
[2024-08-07T09:58:39.699+0000] {processor.py:183} INFO - Processing /home/airflow/.local/lib/python3.12/site-packages/airflow/example_dags/example_skip_dag.py took 0.748 seconds
[2024-08-07T09:59:28.647+0000] {processor.py:161} INFO - Started process (PID=290) to work on /home/airflow/.local/lib/python3.12/site-packages/airflow/example_dags/example_skip_dag.py
[2024-08-07T09:59:28.690+0000] {processor.py:830} INFO - Processing file /home/airflow/.local/lib/python3.12/site-packages/airflow/example_dags/example_skip_dag.py for tasks to queue
[2024-08-07T09:59:28.695+0000] {logging_mixin.py:188} INFO - [2024-08-07T09:59:28.695+0000] {dagbag.py:545} INFO - Filling up the DagBag from /home/airflow/.local/lib/python3.12/site-packages/airflow/example_dags/example_skip_dag.py
[2024-08-07T09:59:29.334+0000] {processor.py:840} INFO - DAG(s) 'example_skip_dag' retrieved from /home/airflow/.local/lib/python3.12/site-packages/airflow/example_dags/example_skip_dag.py
[2024-08-07T09:59:35.507+0000] {logging_mixin.py:188} INFO - [2024-08-07T09:59:35.506+0000] {dag.py:3089} INFO - Sync 1 DAGs
[2024-08-07T09:59:35.559+0000] {logging_mixin.py:188} INFO - [2024-08-07T09:59:35.559+0000] {dag.py:3947} INFO - Setting next_dagrun for example_skip_dag to 2024-08-06 00:00:00+00:00, run_after=2024-08-07 00:00:00+00:00
[2024-08-07T09:59:38.484+0000] {processor.py:183} INFO - Processing /home/airflow/.local/lib/python3.12/site-packages/airflow/example_dags/example_skip_dag.py took 9.903 seconds
[2024-08-07T10:00:26.052+0000] {processor.py:161} INFO - Started process (PID=354) to work on /home/airflow/.local/lib/python3.12/site-packages/airflow/example_dags/example_skip_dag.py
[2024-08-07T10:00:26.055+0000] {processor.py:830} INFO - Processing file /home/airflow/.local/lib/python3.12/site-packages/airflow/example_dags/example_skip_dag.py for tasks to queue
[2024-08-07T10:00:26.058+0000] {logging_mixin.py:188} INFO - [2024-08-07T10:00:26.057+0000] {dagbag.py:545} INFO - Filling up the DagBag from /home/airflow/.local/lib/python3.12/site-packages/airflow/example_dags/example_skip_dag.py
[2024-08-07T10:00:26.069+0000] {processor.py:840} INFO - DAG(s) 'example_skip_dag' retrieved from /home/airflow/.local/lib/python3.12/site-packages/airflow/example_dags/example_skip_dag.py
[2024-08-07T10:00:26.111+0000] {logging_mixin.py:188} INFO - [2024-08-07T10:00:26.111+0000] {dag.py:3089} INFO - Sync 1 DAGs
[2024-08-07T10:00:26.141+0000] {logging_mixin.py:188} INFO - [2024-08-07T10:00:26.141+0000] {dag.py:3947} INFO - Setting next_dagrun for example_skip_dag to 2024-08-06 00:00:00+00:00, run_after=2024-08-07 00:00:00+00:00
[2024-08-07T10:00:26.174+0000] {processor.py:183} INFO - Processing /home/airflow/.local/lib/python3.12/site-packages/airflow/example_dags/example_skip_dag.py took 0.135 seconds
[2024-08-07T10:01:01.599+0000] {processor.py:161} INFO - Started process (PID=412) to work on /home/airflow/.local/lib/python3.12/site-packages/airflow/example_dags/example_skip_dag.py
[2024-08-07T10:01:01.607+0000] {processor.py:830} INFO - Processing file /home/airflow/.local/lib/python3.12/site-packages/airflow/example_dags/example_skip_dag.py for tasks to queue
[2024-08-07T10:01:01.618+0000] {logging_mixin.py:188} INFO - [2024-08-07T10:01:01.616+0000] {dagbag.py:545} INFO - Filling up the DagBag from /home/airflow/.local/lib/python3.12/site-packages/airflow/example_dags/example_skip_dag.py
[2024-08-07T10:01:01.631+0000] {processor.py:840} INFO - DAG(s) 'example_skip_dag' retrieved from /home/airflow/.local/lib/python3.12/site-packages/airflow/example_dags/example_skip_dag.py
[2024-08-07T10:01:01.679+0000] {logging_mixin.py:188} INFO - [2024-08-07T10:01:01.679+0000] {dag.py:3089} INFO - Sync 1 DAGs
[2024-08-07T10:01:01.726+0000] {logging_mixin.py:188} INFO - [2024-08-07T10:01:01.725+0000] {dag.py:3947} INFO - Setting next_dagrun for example_skip_dag to 2024-08-06 00:00:00+00:00, run_after=2024-08-07 00:00:00+00:00
[2024-08-07T10:01:01.904+0000] {processor.py:183} INFO - Processing /home/airflow/.local/lib/python3.12/site-packages/airflow/example_dags/example_skip_dag.py took 0.364 seconds
[2024-08-07T10:01:39.756+0000] {processor.py:161} INFO - Started process (PID=468) to work on /home/airflow/.local/lib/python3.12/site-packages/airflow/example_dags/example_skip_dag.py
[2024-08-07T10:01:39.759+0000] {processor.py:830} INFO - Processing file /home/airflow/.local/lib/python3.12/site-packages/airflow/example_dags/example_skip_dag.py for tasks to queue
[2024-08-07T10:01:39.762+0000] {logging_mixin.py:188} INFO - [2024-08-07T10:01:39.761+0000] {dagbag.py:545} INFO - Filling up the DagBag from /home/airflow/.local/lib/python3.12/site-packages/airflow/example_dags/example_skip_dag.py
[2024-08-07T10:01:39.771+0000] {processor.py:840} INFO - DAG(s) 'example_skip_dag' retrieved from /home/airflow/.local/lib/python3.12/site-packages/airflow/example_dags/example_skip_dag.py
[2024-08-07T10:01:39.804+0000] {logging_mixin.py:188} INFO - [2024-08-07T10:01:39.804+0000] {dag.py:3089} INFO - Sync 1 DAGs
[2024-08-07T10:01:39.838+0000] {logging_mixin.py:188} INFO - [2024-08-07T10:01:39.838+0000] {dag.py:3947} INFO - Setting next_dagrun for example_skip_dag to 2024-08-06 00:00:00+00:00, run_after=2024-08-07 00:00:00+00:00
[2024-08-07T10:01:39.910+0000] {processor.py:183} INFO - Processing /home/airflow/.local/lib/python3.12/site-packages/airflow/example_dags/example_skip_dag.py took 0.166 seconds
[2024-08-07T10:02:14.690+0000] {processor.py:161} INFO - Started process (PID=517) to work on /home/airflow/.local/lib/python3.12/site-packages/airflow/example_dags/example_skip_dag.py
[2024-08-07T10:02:14.691+0000] {processor.py:830} INFO - Processing file /home/airflow/.local/lib/python3.12/site-packages/airflow/example_dags/example_skip_dag.py for tasks to queue
[2024-08-07T10:02:14.693+0000] {logging_mixin.py:188} INFO - [2024-08-07T10:02:14.693+0000] {dagbag.py:545} INFO - Filling up the DagBag from /home/airflow/.local/lib/python3.12/site-packages/airflow/example_dags/example_skip_dag.py
[2024-08-07T10:02:14.701+0000] {processor.py:840} INFO - DAG(s) 'example_skip_dag' retrieved from /home/airflow/.local/lib/python3.12/site-packages/airflow/example_dags/example_skip_dag.py
[2024-08-07T10:02:14.729+0000] {logging_mixin.py:188} INFO - [2024-08-07T10:02:14.729+0000] {dag.py:3089} INFO - Sync 1 DAGs
[2024-08-07T10:02:14.752+0000] {logging_mixin.py:188} INFO - [2024-08-07T10:02:14.752+0000] {dag.py:3947} INFO - Setting next_dagrun for example_skip_dag to 2024-08-06 00:00:00+00:00, run_after=2024-08-07 00:00:00+00:00
[2024-08-07T10:02:15.080+0000] {processor.py:183} INFO - Processing /home/airflow/.local/lib/python3.12/site-packages/airflow/example_dags/example_skip_dag.py took 0.397 seconds
[2024-08-07T10:02:45.413+0000] {processor.py:161} INFO - Started process (PID=575) to work on /home/airflow/.local/lib/python3.12/site-packages/airflow/example_dags/example_skip_dag.py
[2024-08-07T10:02:45.424+0000] {processor.py:830} INFO - Processing file /home/airflow/.local/lib/python3.12/site-packages/airflow/example_dags/example_skip_dag.py for tasks to queue
[2024-08-07T10:02:45.426+0000] {logging_mixin.py:188} INFO - [2024-08-07T10:02:45.425+0000] {dagbag.py:545} INFO - Filling up the DagBag from /home/airflow/.local/lib/python3.12/site-packages/airflow/example_dags/example_skip_dag.py
[2024-08-07T10:02:45.434+0000] {processor.py:840} INFO - DAG(s) 'example_skip_dag' retrieved from /home/airflow/.local/lib/python3.12/site-packages/airflow/example_dags/example_skip_dag.py
[2024-08-07T10:02:45.484+0000] {logging_mixin.py:188} INFO - [2024-08-07T10:02:45.484+0000] {dag.py:3089} INFO - Sync 1 DAGs
[2024-08-07T10:02:45.548+0000] {logging_mixin.py:188} INFO - [2024-08-07T10:02:45.547+0000] {dag.py:3947} INFO - Setting next_dagrun for example_skip_dag to 2024-08-06 00:00:00+00:00, run_after=2024-08-07 00:00:00+00:00
[2024-08-07T10:02:45.609+0000] {processor.py:183} INFO - Processing /home/airflow/.local/lib/python3.12/site-packages/airflow/example_dags/example_skip_dag.py took 0.204 seconds
[2024-08-07T10:03:30.209+0000] {processor.py:161} INFO - Started process (PID=640) to work on /home/airflow/.local/lib/python3.12/site-packages/airflow/example_dags/example_skip_dag.py
[2024-08-07T10:03:30.217+0000] {processor.py:830} INFO - Processing file /home/airflow/.local/lib/python3.12/site-packages/airflow/example_dags/example_skip_dag.py for tasks to queue
[2024-08-07T10:03:30.219+0000] {logging_mixin.py:188} INFO - [2024-08-07T10:03:30.219+0000] {dagbag.py:545} INFO - Filling up the DagBag from /home/airflow/.local/lib/python3.12/site-packages/airflow/example_dags/example_skip_dag.py
[2024-08-07T10:03:30.228+0000] {processor.py:840} INFO - DAG(s) 'example_skip_dag' retrieved from /home/airflow/.local/lib/python3.12/site-packages/airflow/example_dags/example_skip_dag.py
[2024-08-07T10:03:30.259+0000] {logging_mixin.py:188} INFO - [2024-08-07T10:03:30.259+0000] {dag.py:3089} INFO - Sync 1 DAGs
[2024-08-07T10:03:30.289+0000] {logging_mixin.py:188} INFO - [2024-08-07T10:03:30.288+0000] {dag.py:3947} INFO - Setting next_dagrun for example_skip_dag to 2024-08-06 00:00:00+00:00, run_after=2024-08-07 00:00:00+00:00
[2024-08-07T10:03:30.476+0000] {processor.py:183} INFO - Processing /home/airflow/.local/lib/python3.12/site-packages/airflow/example_dags/example_skip_dag.py took 0.276 seconds
[2024-08-07T10:04:00.556+0000] {processor.py:161} INFO - Started process (PID=698) to work on /home/airflow/.local/lib/python3.12/site-packages/airflow/example_dags/example_skip_dag.py
[2024-08-07T10:04:00.557+0000] {processor.py:830} INFO - Processing file /home/airflow/.local/lib/python3.12/site-packages/airflow/example_dags/example_skip_dag.py for tasks to queue
[2024-08-07T10:04:00.561+0000] {logging_mixin.py:188} INFO - [2024-08-07T10:04:00.561+0000] {dagbag.py:545} INFO - Filling up the DagBag from /home/airflow/.local/lib/python3.12/site-packages/airflow/example_dags/example_skip_dag.py
[2024-08-07T10:04:00.585+0000] {processor.py:840} INFO - DAG(s) 'example_skip_dag' retrieved from /home/airflow/.local/lib/python3.12/site-packages/airflow/example_dags/example_skip_dag.py
[2024-08-07T10:04:00.631+0000] {logging_mixin.py:188} INFO - [2024-08-07T10:04:00.631+0000] {dag.py:3089} INFO - Sync 1 DAGs
[2024-08-07T10:04:00.667+0000] {logging_mixin.py:188} INFO - [2024-08-07T10:04:00.666+0000] {dag.py:3947} INFO - Setting next_dagrun for example_skip_dag to 2024-08-06 00:00:00+00:00, run_after=2024-08-07 00:00:00+00:00
[2024-08-07T10:04:00.706+0000] {processor.py:183} INFO - Processing /home/airflow/.local/lib/python3.12/site-packages/airflow/example_dags/example_skip_dag.py took 0.158 seconds
[2024-08-07T10:04:30.886+0000] {processor.py:161} INFO - Started process (PID=756) to work on /home/airflow/.local/lib/python3.12/site-packages/airflow/example_dags/example_skip_dag.py
[2024-08-07T10:04:30.888+0000] {processor.py:830} INFO - Processing file /home/airflow/.local/lib/python3.12/site-packages/airflow/example_dags/example_skip_dag.py for tasks to queue
[2024-08-07T10:04:30.891+0000] {logging_mixin.py:188} INFO - [2024-08-07T10:04:30.890+0000] {dagbag.py:545} INFO - Filling up the DagBag from /home/airflow/.local/lib/python3.12/site-packages/airflow/example_dags/example_skip_dag.py
[2024-08-07T10:04:30.901+0000] {processor.py:840} INFO - DAG(s) 'example_skip_dag' retrieved from /home/airflow/.local/lib/python3.12/site-packages/airflow/example_dags/example_skip_dag.py
[2024-08-07T10:04:30.928+0000] {logging_mixin.py:188} INFO - [2024-08-07T10:04:30.927+0000] {dag.py:3089} INFO - Sync 1 DAGs
[2024-08-07T10:04:30.959+0000] {logging_mixin.py:188} INFO - [2024-08-07T10:04:30.959+0000] {dag.py:3947} INFO - Setting next_dagrun for example_skip_dag to 2024-08-06 00:00:00+00:00, run_after=2024-08-07 00:00:00+00:00
[2024-08-07T10:04:31.026+0000] {processor.py:183} INFO - Processing /home/airflow/.local/lib/python3.12/site-packages/airflow/example_dags/example_skip_dag.py took 0.146 seconds
[2024-08-07T10:05:03.591+0000] {processor.py:161} INFO - Started process (PID=815) to work on /home/airflow/.local/lib/python3.12/site-packages/airflow/example_dags/example_skip_dag.py
[2024-08-07T10:05:03.596+0000] {processor.py:830} INFO - Processing file /home/airflow/.local/lib/python3.12/site-packages/airflow/example_dags/example_skip_dag.py for tasks to queue
[2024-08-07T10:05:03.600+0000] {logging_mixin.py:188} INFO - [2024-08-07T10:05:03.599+0000] {dagbag.py:545} INFO - Filling up the DagBag from /home/airflow/.local/lib/python3.12/site-packages/airflow/example_dags/example_skip_dag.py
[2024-08-07T10:05:03.609+0000] {processor.py:840} INFO - DAG(s) 'example_skip_dag' retrieved from /home/airflow/.local/lib/python3.12/site-packages/airflow/example_dags/example_skip_dag.py
[2024-08-07T10:05:03.675+0000] {logging_mixin.py:188} INFO - [2024-08-07T10:05:03.675+0000] {dag.py:3089} INFO - Sync 1 DAGs
[2024-08-07T10:05:03.734+0000] {logging_mixin.py:188} INFO - [2024-08-07T10:05:03.734+0000] {dag.py:3947} INFO - Setting next_dagrun for example_skip_dag to 2024-08-06 00:00:00+00:00, run_after=2024-08-07 00:00:00+00:00
[2024-08-07T10:05:03.901+0000] {processor.py:183} INFO - Processing /home/airflow/.local/lib/python3.12/site-packages/airflow/example_dags/example_skip_dag.py took 0.315 seconds
[2024-08-07T10:05:35.204+0000] {processor.py:161} INFO - Started process (PID=874) to work on /home/airflow/.local/lib/python3.12/site-packages/airflow/example_dags/example_skip_dag.py
[2024-08-07T10:05:35.212+0000] {processor.py:830} INFO - Processing file /home/airflow/.local/lib/python3.12/site-packages/airflow/example_dags/example_skip_dag.py for tasks to queue
[2024-08-07T10:05:35.216+0000] {logging_mixin.py:188} INFO - [2024-08-07T10:05:35.216+0000] {dagbag.py:545} INFO - Filling up the DagBag from /home/airflow/.local/lib/python3.12/site-packages/airflow/example_dags/example_skip_dag.py
[2024-08-07T10:05:35.235+0000] {processor.py:840} INFO - DAG(s) 'example_skip_dag' retrieved from /home/airflow/.local/lib/python3.12/site-packages/airflow/example_dags/example_skip_dag.py
[2024-08-07T10:05:35.415+0000] {logging_mixin.py:188} INFO - [2024-08-07T10:05:35.414+0000] {dag.py:3089} INFO - Sync 1 DAGs
[2024-08-07T10:05:35.586+0000] {logging_mixin.py:188} INFO - [2024-08-07T10:05:35.586+0000] {dag.py:3947} INFO - Setting next_dagrun for example_skip_dag to 2024-08-06 00:00:00+00:00, run_after=2024-08-07 00:00:00+00:00
[2024-08-07T10:05:35.688+0000] {processor.py:183} INFO - Processing /home/airflow/.local/lib/python3.12/site-packages/airflow/example_dags/example_skip_dag.py took 0.512 seconds
[2024-08-07T10:06:05.824+0000] {processor.py:161} INFO - Started process (PID=934) to work on /home/airflow/.local/lib/python3.12/site-packages/airflow/example_dags/example_skip_dag.py
[2024-08-07T10:06:05.827+0000] {processor.py:830} INFO - Processing file /home/airflow/.local/lib/python3.12/site-packages/airflow/example_dags/example_skip_dag.py for tasks to queue
[2024-08-07T10:06:05.830+0000] {logging_mixin.py:188} INFO - [2024-08-07T10:06:05.830+0000] {dagbag.py:545} INFO - Filling up the DagBag from /home/airflow/.local/lib/python3.12/site-packages/airflow/example_dags/example_skip_dag.py
[2024-08-07T10:06:05.842+0000] {processor.py:840} INFO - DAG(s) 'example_skip_dag' retrieved from /home/airflow/.local/lib/python3.12/site-packages/airflow/example_dags/example_skip_dag.py
[2024-08-07T10:06:05.879+0000] {logging_mixin.py:188} INFO - [2024-08-07T10:06:05.878+0000] {dag.py:3089} INFO - Sync 1 DAGs
[2024-08-07T10:06:05.913+0000] {logging_mixin.py:188} INFO - [2024-08-07T10:06:05.913+0000] {dag.py:3947} INFO - Setting next_dagrun for example_skip_dag to 2024-08-06 00:00:00+00:00, run_after=2024-08-07 00:00:00+00:00
[2024-08-07T10:06:05.937+0000] {processor.py:183} INFO - Processing /home/airflow/.local/lib/python3.12/site-packages/airflow/example_dags/example_skip_dag.py took 0.123 seconds
[2024-08-07T10:06:36.023+0000] {processor.py:161} INFO - Started process (PID=991) to work on /home/airflow/.local/lib/python3.12/site-packages/airflow/example_dags/example_skip_dag.py
[2024-08-07T10:06:36.024+0000] {processor.py:830} INFO - Processing file /home/airflow/.local/lib/python3.12/site-packages/airflow/example_dags/example_skip_dag.py for tasks to queue
[2024-08-07T10:06:36.027+0000] {logging_mixin.py:188} INFO - [2024-08-07T10:06:36.027+0000] {dagbag.py:545} INFO - Filling up the DagBag from /home/airflow/.local/lib/python3.12/site-packages/airflow/example_dags/example_skip_dag.py
[2024-08-07T10:06:36.035+0000] {processor.py:840} INFO - DAG(s) 'example_skip_dag' retrieved from /home/airflow/.local/lib/python3.12/site-packages/airflow/example_dags/example_skip_dag.py
[2024-08-07T10:06:36.063+0000] {logging_mixin.py:188} INFO - [2024-08-07T10:06:36.063+0000] {dag.py:3089} INFO - Sync 1 DAGs
[2024-08-07T10:06:36.089+0000] {logging_mixin.py:188} INFO - [2024-08-07T10:06:36.089+0000] {dag.py:3947} INFO - Setting next_dagrun for example_skip_dag to 2024-08-06 00:00:00+00:00, run_after=2024-08-07 00:00:00+00:00
[2024-08-07T10:06:36.130+0000] {processor.py:183} INFO - Processing /home/airflow/.local/lib/python3.12/site-packages/airflow/example_dags/example_skip_dag.py took 0.115 seconds
