[2024-08-07T09:56:58.460+0000] {processor.py:161} INFO - Started process (PID=101) to work on /home/airflow/.local/lib/python3.12/site-packages/airflow/example_dags/example_latest_only_with_trigger.py
[2024-08-07T09:56:58.479+0000] {processor.py:830} INFO - Processing file /home/airflow/.local/lib/python3.12/site-packages/airflow/example_dags/example_latest_only_with_trigger.py for tasks to queue
[2024-08-07T09:56:58.499+0000] {logging_mixin.py:188} INFO - [2024-08-07T09:56:58.499+0000] {dagbag.py:545} INFO - Filling up the DagBag from /home/airflow/.local/lib/python3.12/site-packages/airflow/example_dags/example_latest_only_with_trigger.py
[2024-08-07T09:56:58.574+0000] {processor.py:840} INFO - DAG(s) 'latest_only_with_trigger' retrieved from /home/airflow/.local/lib/python3.12/site-packages/airflow/example_dags/example_latest_only_with_trigger.py
[2024-08-07T09:56:59.068+0000] {logging_mixin.py:188} INFO - [2024-08-07T09:56:59.068+0000] {dag.py:3089} INFO - Sync 1 DAGs
[2024-08-07T09:56:59.219+0000] {logging_mixin.py:188} INFO - [2024-08-07T09:56:59.219+0000] {dag.py:3947} INFO - Setting next_dagrun for latest_only_with_trigger to 2024-08-07 04:00:00+00:00, run_after=2024-08-07 08:00:00+00:00
[2024-08-07T09:56:59.810+0000] {processor.py:183} INFO - Processing /home/airflow/.local/lib/python3.12/site-packages/airflow/example_dags/example_latest_only_with_trigger.py took 1.355 seconds
[2024-08-07T09:57:35.990+0000] {processor.py:161} INFO - Started process (PID=159) to work on /home/airflow/.local/lib/python3.12/site-packages/airflow/example_dags/example_latest_only_with_trigger.py
[2024-08-07T09:57:36.000+0000] {processor.py:830} INFO - Processing file /home/airflow/.local/lib/python3.12/site-packages/airflow/example_dags/example_latest_only_with_trigger.py for tasks to queue
[2024-08-07T09:57:36.002+0000] {logging_mixin.py:188} INFO - [2024-08-07T09:57:36.002+0000] {dagbag.py:545} INFO - Filling up the DagBag from /home/airflow/.local/lib/python3.12/site-packages/airflow/example_dags/example_latest_only_with_trigger.py
[2024-08-07T09:57:36.008+0000] {processor.py:840} INFO - DAG(s) 'latest_only_with_trigger' retrieved from /home/airflow/.local/lib/python3.12/site-packages/airflow/example_dags/example_latest_only_with_trigger.py
[2024-08-07T09:57:36.051+0000] {logging_mixin.py:188} INFO - [2024-08-07T09:57:36.049+0000] {dag.py:3089} INFO - Sync 1 DAGs
[2024-08-07T09:57:36.131+0000] {logging_mixin.py:188} INFO - [2024-08-07T09:57:36.130+0000] {dag.py:3947} INFO - Setting next_dagrun for latest_only_with_trigger to 2024-08-07 04:00:00+00:00, run_after=2024-08-07 08:00:00+00:00
[2024-08-07T09:57:36.174+0000] {processor.py:183} INFO - Processing /home/airflow/.local/lib/python3.12/site-packages/airflow/example_dags/example_latest_only_with_trigger.py took 0.190 seconds
[2024-08-07T09:58:29.240+0000] {processor.py:161} INFO - Started process (PID=218) to work on /home/airflow/.local/lib/python3.12/site-packages/airflow/example_dags/example_latest_only_with_trigger.py
[2024-08-07T09:58:29.261+0000] {processor.py:830} INFO - Processing file /home/airflow/.local/lib/python3.12/site-packages/airflow/example_dags/example_latest_only_with_trigger.py for tasks to queue
[2024-08-07T09:58:29.264+0000] {logging_mixin.py:188} INFO - [2024-08-07T09:58:29.264+0000] {dagbag.py:545} INFO - Filling up the DagBag from /home/airflow/.local/lib/python3.12/site-packages/airflow/example_dags/example_latest_only_with_trigger.py
[2024-08-07T09:58:29.312+0000] {processor.py:840} INFO - DAG(s) 'latest_only_with_trigger' retrieved from /home/airflow/.local/lib/python3.12/site-packages/airflow/example_dags/example_latest_only_with_trigger.py
[2024-08-07T09:58:29.351+0000] {logging_mixin.py:188} INFO - [2024-08-07T09:58:29.351+0000] {dag.py:3089} INFO - Sync 1 DAGs
[2024-08-07T09:58:29.403+0000] {logging_mixin.py:188} INFO - [2024-08-07T09:58:29.403+0000] {dag.py:3947} INFO - Setting next_dagrun for latest_only_with_trigger to 2024-08-07 04:00:00+00:00, run_after=2024-08-07 08:00:00+00:00
[2024-08-07T09:58:30.502+0000] {processor.py:183} INFO - Processing /home/airflow/.local/lib/python3.12/site-packages/airflow/example_dags/example_latest_only_with_trigger.py took 1.269 seconds
[2024-08-07T09:59:19.982+0000] {processor.py:161} INFO - Started process (PID=282) to work on /home/airflow/.local/lib/python3.12/site-packages/airflow/example_dags/example_latest_only_with_trigger.py
[2024-08-07T09:59:20.002+0000] {processor.py:830} INFO - Processing file /home/airflow/.local/lib/python3.12/site-packages/airflow/example_dags/example_latest_only_with_trigger.py for tasks to queue
[2024-08-07T09:59:20.821+0000] {logging_mixin.py:188} INFO - [2024-08-07T09:59:20.821+0000] {dagbag.py:545} INFO - Filling up the DagBag from /home/airflow/.local/lib/python3.12/site-packages/airflow/example_dags/example_latest_only_with_trigger.py
[2024-08-07T09:59:21.381+0000] {processor.py:840} INFO - DAG(s) 'latest_only_with_trigger' retrieved from /home/airflow/.local/lib/python3.12/site-packages/airflow/example_dags/example_latest_only_with_trigger.py
[2024-08-07T09:59:21.825+0000] {logging_mixin.py:188} INFO - [2024-08-07T09:59:21.825+0000] {dag.py:3089} INFO - Sync 1 DAGs
[2024-08-07T09:59:22.591+0000] {logging_mixin.py:188} INFO - [2024-08-07T09:59:22.590+0000] {dag.py:3947} INFO - Setting next_dagrun for latest_only_with_trigger to 2024-08-07 04:00:00+00:00, run_after=2024-08-07 08:00:00+00:00
[2024-08-07T09:59:23.192+0000] {processor.py:183} INFO - Processing /home/airflow/.local/lib/python3.12/site-packages/airflow/example_dags/example_latest_only_with_trigger.py took 3.229 seconds
[2024-08-07T10:00:24.593+0000] {processor.py:161} INFO - Started process (PID=346) to work on /home/airflow/.local/lib/python3.12/site-packages/airflow/example_dags/example_latest_only_with_trigger.py
[2024-08-07T10:00:24.595+0000] {processor.py:830} INFO - Processing file /home/airflow/.local/lib/python3.12/site-packages/airflow/example_dags/example_latest_only_with_trigger.py for tasks to queue
[2024-08-07T10:00:24.599+0000] {logging_mixin.py:188} INFO - [2024-08-07T10:00:24.599+0000] {dagbag.py:545} INFO - Filling up the DagBag from /home/airflow/.local/lib/python3.12/site-packages/airflow/example_dags/example_latest_only_with_trigger.py
[2024-08-07T10:00:24.629+0000] {processor.py:840} INFO - DAG(s) 'latest_only_with_trigger' retrieved from /home/airflow/.local/lib/python3.12/site-packages/airflow/example_dags/example_latest_only_with_trigger.py
[2024-08-07T10:00:24.788+0000] {logging_mixin.py:188} INFO - [2024-08-07T10:00:24.788+0000] {dag.py:3089} INFO - Sync 1 DAGs
[2024-08-07T10:00:24.908+0000] {logging_mixin.py:188} INFO - [2024-08-07T10:00:24.905+0000] {dag.py:3947} INFO - Setting next_dagrun for latest_only_with_trigger to 2024-08-07 04:00:00+00:00, run_after=2024-08-07 08:00:00+00:00
[2024-08-07T10:00:25.087+0000] {processor.py:183} INFO - Processing /home/airflow/.local/lib/python3.12/site-packages/airflow/example_dags/example_latest_only_with_trigger.py took 0.507 seconds
[2024-08-07T10:00:56.548+0000] {processor.py:161} INFO - Started process (PID=404) to work on /home/airflow/.local/lib/python3.12/site-packages/airflow/example_dags/example_latest_only_with_trigger.py
[2024-08-07T10:00:56.557+0000] {processor.py:830} INFO - Processing file /home/airflow/.local/lib/python3.12/site-packages/airflow/example_dags/example_latest_only_with_trigger.py for tasks to queue
[2024-08-07T10:00:56.567+0000] {logging_mixin.py:188} INFO - [2024-08-07T10:00:56.566+0000] {dagbag.py:545} INFO - Filling up the DagBag from /home/airflow/.local/lib/python3.12/site-packages/airflow/example_dags/example_latest_only_with_trigger.py
[2024-08-07T10:00:56.585+0000] {processor.py:840} INFO - DAG(s) 'latest_only_with_trigger' retrieved from /home/airflow/.local/lib/python3.12/site-packages/airflow/example_dags/example_latest_only_with_trigger.py
[2024-08-07T10:00:56.729+0000] {logging_mixin.py:188} INFO - [2024-08-07T10:00:56.728+0000] {dag.py:3089} INFO - Sync 1 DAGs
[2024-08-07T10:00:56.867+0000] {logging_mixin.py:188} INFO - [2024-08-07T10:00:56.855+0000] {dag.py:3947} INFO - Setting next_dagrun for latest_only_with_trigger to 2024-08-07 04:00:00+00:00, run_after=2024-08-07 08:00:00+00:00
[2024-08-07T10:00:57.004+0000] {processor.py:183} INFO - Processing /home/airflow/.local/lib/python3.12/site-packages/airflow/example_dags/example_latest_only_with_trigger.py took 0.475 seconds
[2024-08-07T10:01:34.609+0000] {processor.py:161} INFO - Started process (PID=459) to work on /home/airflow/.local/lib/python3.12/site-packages/airflow/example_dags/example_latest_only_with_trigger.py
[2024-08-07T10:01:34.615+0000] {processor.py:830} INFO - Processing file /home/airflow/.local/lib/python3.12/site-packages/airflow/example_dags/example_latest_only_with_trigger.py for tasks to queue
[2024-08-07T10:01:34.617+0000] {logging_mixin.py:188} INFO - [2024-08-07T10:01:34.617+0000] {dagbag.py:545} INFO - Filling up the DagBag from /home/airflow/.local/lib/python3.12/site-packages/airflow/example_dags/example_latest_only_with_trigger.py
[2024-08-07T10:01:34.624+0000] {processor.py:840} INFO - DAG(s) 'latest_only_with_trigger' retrieved from /home/airflow/.local/lib/python3.12/site-packages/airflow/example_dags/example_latest_only_with_trigger.py
[2024-08-07T10:01:34.647+0000] {logging_mixin.py:188} INFO - [2024-08-07T10:01:34.647+0000] {dag.py:3089} INFO - Sync 1 DAGs
[2024-08-07T10:01:34.673+0000] {logging_mixin.py:188} INFO - [2024-08-07T10:01:34.673+0000] {dag.py:3947} INFO - Setting next_dagrun for latest_only_with_trigger to 2024-08-07 04:00:00+00:00, run_after=2024-08-07 08:00:00+00:00
[2024-08-07T10:01:35.831+0000] {processor.py:183} INFO - Processing /home/airflow/.local/lib/python3.12/site-packages/airflow/example_dags/example_latest_only_with_trigger.py took 1.229 seconds
[2024-08-07T10:02:11.993+0000] {processor.py:161} INFO - Started process (PID=509) to work on /home/airflow/.local/lib/python3.12/site-packages/airflow/example_dags/example_latest_only_with_trigger.py
[2024-08-07T10:02:11.995+0000] {processor.py:830} INFO - Processing file /home/airflow/.local/lib/python3.12/site-packages/airflow/example_dags/example_latest_only_with_trigger.py for tasks to queue
[2024-08-07T10:02:11.997+0000] {logging_mixin.py:188} INFO - [2024-08-07T10:02:11.997+0000] {dagbag.py:545} INFO - Filling up the DagBag from /home/airflow/.local/lib/python3.12/site-packages/airflow/example_dags/example_latest_only_with_trigger.py
[2024-08-07T10:02:12.006+0000] {processor.py:840} INFO - DAG(s) 'latest_only_with_trigger' retrieved from /home/airflow/.local/lib/python3.12/site-packages/airflow/example_dags/example_latest_only_with_trigger.py
[2024-08-07T10:02:12.030+0000] {logging_mixin.py:188} INFO - [2024-08-07T10:02:12.030+0000] {dag.py:3089} INFO - Sync 1 DAGs
[2024-08-07T10:02:12.054+0000] {logging_mixin.py:188} INFO - [2024-08-07T10:02:12.054+0000] {dag.py:3947} INFO - Setting next_dagrun for latest_only_with_trigger to 2024-08-07 04:00:00+00:00, run_after=2024-08-07 08:00:00+00:00
[2024-08-07T10:02:12.525+0000] {processor.py:183} INFO - Processing /home/airflow/.local/lib/python3.12/site-packages/airflow/example_dags/example_latest_only_with_trigger.py took 0.539 seconds
[2024-08-07T10:02:43.233+0000] {processor.py:161} INFO - Started process (PID=567) to work on /home/airflow/.local/lib/python3.12/site-packages/airflow/example_dags/example_latest_only_with_trigger.py
[2024-08-07T10:02:43.236+0000] {processor.py:830} INFO - Processing file /home/airflow/.local/lib/python3.12/site-packages/airflow/example_dags/example_latest_only_with_trigger.py for tasks to queue
[2024-08-07T10:02:43.241+0000] {logging_mixin.py:188} INFO - [2024-08-07T10:02:43.240+0000] {dagbag.py:545} INFO - Filling up the DagBag from /home/airflow/.local/lib/python3.12/site-packages/airflow/example_dags/example_latest_only_with_trigger.py
[2024-08-07T10:02:43.254+0000] {processor.py:840} INFO - DAG(s) 'latest_only_with_trigger' retrieved from /home/airflow/.local/lib/python3.12/site-packages/airflow/example_dags/example_latest_only_with_trigger.py
[2024-08-07T10:02:43.334+0000] {logging_mixin.py:188} INFO - [2024-08-07T10:02:43.334+0000] {dag.py:3089} INFO - Sync 1 DAGs
[2024-08-07T10:02:43.474+0000] {logging_mixin.py:188} INFO - [2024-08-07T10:02:43.474+0000] {dag.py:3947} INFO - Setting next_dagrun for latest_only_with_trigger to 2024-08-07 04:00:00+00:00, run_after=2024-08-07 08:00:00+00:00
[2024-08-07T10:02:43.577+0000] {processor.py:183} INFO - Processing /home/airflow/.local/lib/python3.12/site-packages/airflow/example_dags/example_latest_only_with_trigger.py took 0.360 seconds
[2024-08-07T10:03:27.665+0000] {processor.py:161} INFO - Started process (PID=632) to work on /home/airflow/.local/lib/python3.12/site-packages/airflow/example_dags/example_latest_only_with_trigger.py
[2024-08-07T10:03:27.669+0000] {processor.py:830} INFO - Processing file /home/airflow/.local/lib/python3.12/site-packages/airflow/example_dags/example_latest_only_with_trigger.py for tasks to queue
[2024-08-07T10:03:27.675+0000] {logging_mixin.py:188} INFO - [2024-08-07T10:03:27.674+0000] {dagbag.py:545} INFO - Filling up the DagBag from /home/airflow/.local/lib/python3.12/site-packages/airflow/example_dags/example_latest_only_with_trigger.py
[2024-08-07T10:03:27.682+0000] {processor.py:840} INFO - DAG(s) 'latest_only_with_trigger' retrieved from /home/airflow/.local/lib/python3.12/site-packages/airflow/example_dags/example_latest_only_with_trigger.py
[2024-08-07T10:03:27.705+0000] {logging_mixin.py:188} INFO - [2024-08-07T10:03:27.705+0000] {dag.py:3089} INFO - Sync 1 DAGs
[2024-08-07T10:03:27.731+0000] {logging_mixin.py:188} INFO - [2024-08-07T10:03:27.731+0000] {dag.py:3947} INFO - Setting next_dagrun for latest_only_with_trigger to 2024-08-07 04:00:00+00:00, run_after=2024-08-07 08:00:00+00:00
[2024-08-07T10:03:27.761+0000] {processor.py:183} INFO - Processing /home/airflow/.local/lib/python3.12/site-packages/airflow/example_dags/example_latest_only_with_trigger.py took 0.107 seconds
[2024-08-07T10:03:57.938+0000] {processor.py:161} INFO - Started process (PID=690) to work on /home/airflow/.local/lib/python3.12/site-packages/airflow/example_dags/example_latest_only_with_trigger.py
[2024-08-07T10:03:57.940+0000] {processor.py:830} INFO - Processing file /home/airflow/.local/lib/python3.12/site-packages/airflow/example_dags/example_latest_only_with_trigger.py for tasks to queue
[2024-08-07T10:03:57.943+0000] {logging_mixin.py:188} INFO - [2024-08-07T10:03:57.942+0000] {dagbag.py:545} INFO - Filling up the DagBag from /home/airflow/.local/lib/python3.12/site-packages/airflow/example_dags/example_latest_only_with_trigger.py
[2024-08-07T10:03:57.950+0000] {processor.py:840} INFO - DAG(s) 'latest_only_with_trigger' retrieved from /home/airflow/.local/lib/python3.12/site-packages/airflow/example_dags/example_latest_only_with_trigger.py
[2024-08-07T10:03:57.986+0000] {logging_mixin.py:188} INFO - [2024-08-07T10:03:57.985+0000] {dag.py:3089} INFO - Sync 1 DAGs
[2024-08-07T10:03:58.013+0000] {logging_mixin.py:188} INFO - [2024-08-07T10:03:58.013+0000] {dag.py:3947} INFO - Setting next_dagrun for latest_only_with_trigger to 2024-08-07 04:00:00+00:00, run_after=2024-08-07 08:00:00+00:00
[2024-08-07T10:03:58.041+0000] {processor.py:183} INFO - Processing /home/airflow/.local/lib/python3.12/site-packages/airflow/example_dags/example_latest_only_with_trigger.py took 0.116 seconds
[2024-08-07T10:04:29.889+0000] {processor.py:161} INFO - Started process (PID=748) to work on /home/airflow/.local/lib/python3.12/site-packages/airflow/example_dags/example_latest_only_with_trigger.py
[2024-08-07T10:04:29.897+0000] {processor.py:830} INFO - Processing file /home/airflow/.local/lib/python3.12/site-packages/airflow/example_dags/example_latest_only_with_trigger.py for tasks to queue
[2024-08-07T10:04:29.902+0000] {logging_mixin.py:188} INFO - [2024-08-07T10:04:29.901+0000] {dagbag.py:545} INFO - Filling up the DagBag from /home/airflow/.local/lib/python3.12/site-packages/airflow/example_dags/example_latest_only_with_trigger.py
[2024-08-07T10:04:29.910+0000] {processor.py:840} INFO - DAG(s) 'latest_only_with_trigger' retrieved from /home/airflow/.local/lib/python3.12/site-packages/airflow/example_dags/example_latest_only_with_trigger.py
[2024-08-07T10:04:29.976+0000] {logging_mixin.py:188} INFO - [2024-08-07T10:04:29.976+0000] {dag.py:3089} INFO - Sync 1 DAGs
[2024-08-07T10:04:30.033+0000] {logging_mixin.py:188} INFO - [2024-08-07T10:04:30.032+0000] {dag.py:3947} INFO - Setting next_dagrun for latest_only_with_trigger to 2024-08-07 04:00:00+00:00, run_after=2024-08-07 08:00:00+00:00
[2024-08-07T10:04:30.128+0000] {processor.py:183} INFO - Processing /home/airflow/.local/lib/python3.12/site-packages/airflow/example_dags/example_latest_only_with_trigger.py took 0.276 seconds
[2024-08-07T10:05:02.048+0000] {processor.py:161} INFO - Started process (PID=807) to work on /home/airflow/.local/lib/python3.12/site-packages/airflow/example_dags/example_latest_only_with_trigger.py
[2024-08-07T10:05:02.050+0000] {processor.py:830} INFO - Processing file /home/airflow/.local/lib/python3.12/site-packages/airflow/example_dags/example_latest_only_with_trigger.py for tasks to queue
[2024-08-07T10:05:02.052+0000] {logging_mixin.py:188} INFO - [2024-08-07T10:05:02.052+0000] {dagbag.py:545} INFO - Filling up the DagBag from /home/airflow/.local/lib/python3.12/site-packages/airflow/example_dags/example_latest_only_with_trigger.py
[2024-08-07T10:05:02.058+0000] {processor.py:840} INFO - DAG(s) 'latest_only_with_trigger' retrieved from /home/airflow/.local/lib/python3.12/site-packages/airflow/example_dags/example_latest_only_with_trigger.py
[2024-08-07T10:05:02.085+0000] {logging_mixin.py:188} INFO - [2024-08-07T10:05:02.085+0000] {dag.py:3089} INFO - Sync 1 DAGs
[2024-08-07T10:05:02.112+0000] {logging_mixin.py:188} INFO - [2024-08-07T10:05:02.112+0000] {dag.py:3947} INFO - Setting next_dagrun for latest_only_with_trigger to 2024-08-07 04:00:00+00:00, run_after=2024-08-07 08:00:00+00:00
[2024-08-07T10:05:02.377+0000] {processor.py:183} INFO - Processing /home/airflow/.local/lib/python3.12/site-packages/airflow/example_dags/example_latest_only_with_trigger.py took 0.336 seconds
[2024-08-07T10:05:33.328+0000] {processor.py:161} INFO - Started process (PID=866) to work on /home/airflow/.local/lib/python3.12/site-packages/airflow/example_dags/example_latest_only_with_trigger.py
[2024-08-07T10:05:33.329+0000] {processor.py:830} INFO - Processing file /home/airflow/.local/lib/python3.12/site-packages/airflow/example_dags/example_latest_only_with_trigger.py for tasks to queue
[2024-08-07T10:05:33.332+0000] {logging_mixin.py:188} INFO - [2024-08-07T10:05:33.331+0000] {dagbag.py:545} INFO - Filling up the DagBag from /home/airflow/.local/lib/python3.12/site-packages/airflow/example_dags/example_latest_only_with_trigger.py
[2024-08-07T10:05:33.353+0000] {processor.py:840} INFO - DAG(s) 'latest_only_with_trigger' retrieved from /home/airflow/.local/lib/python3.12/site-packages/airflow/example_dags/example_latest_only_with_trigger.py
[2024-08-07T10:05:33.414+0000] {logging_mixin.py:188} INFO - [2024-08-07T10:05:33.412+0000] {dag.py:3089} INFO - Sync 1 DAGs
[2024-08-07T10:05:33.515+0000] {logging_mixin.py:188} INFO - [2024-08-07T10:05:33.515+0000] {dag.py:3947} INFO - Setting next_dagrun for latest_only_with_trigger to 2024-08-07 04:00:00+00:00, run_after=2024-08-07 08:00:00+00:00
[2024-08-07T10:05:33.608+0000] {processor.py:183} INFO - Processing /home/airflow/.local/lib/python3.12/site-packages/airflow/example_dags/example_latest_only_with_trigger.py took 0.322 seconds
[2024-08-07T10:06:03.765+0000] {processor.py:161} INFO - Started process (PID=925) to work on /home/airflow/.local/lib/python3.12/site-packages/airflow/example_dags/example_latest_only_with_trigger.py
[2024-08-07T10:06:03.766+0000] {processor.py:830} INFO - Processing file /home/airflow/.local/lib/python3.12/site-packages/airflow/example_dags/example_latest_only_with_trigger.py for tasks to queue
[2024-08-07T10:06:03.771+0000] {logging_mixin.py:188} INFO - [2024-08-07T10:06:03.770+0000] {dagbag.py:545} INFO - Filling up the DagBag from /home/airflow/.local/lib/python3.12/site-packages/airflow/example_dags/example_latest_only_with_trigger.py
[2024-08-07T10:06:03.778+0000] {processor.py:840} INFO - DAG(s) 'latest_only_with_trigger' retrieved from /home/airflow/.local/lib/python3.12/site-packages/airflow/example_dags/example_latest_only_with_trigger.py
[2024-08-07T10:06:03.825+0000] {logging_mixin.py:188} INFO - [2024-08-07T10:06:03.823+0000] {dag.py:3089} INFO - Sync 1 DAGs
[2024-08-07T10:06:03.893+0000] {logging_mixin.py:188} INFO - [2024-08-07T10:06:03.890+0000] {dag.py:3947} INFO - Setting next_dagrun for latest_only_with_trigger to 2024-08-07 04:00:00+00:00, run_after=2024-08-07 08:00:00+00:00
[2024-08-07T10:06:03.945+0000] {processor.py:183} INFO - Processing /home/airflow/.local/lib/python3.12/site-packages/airflow/example_dags/example_latest_only_with_trigger.py took 0.188 seconds
[2024-08-07T10:06:34.497+0000] {processor.py:161} INFO - Started process (PID=983) to work on /home/airflow/.local/lib/python3.12/site-packages/airflow/example_dags/example_latest_only_with_trigger.py
[2024-08-07T10:06:34.498+0000] {processor.py:830} INFO - Processing file /home/airflow/.local/lib/python3.12/site-packages/airflow/example_dags/example_latest_only_with_trigger.py for tasks to queue
[2024-08-07T10:06:34.500+0000] {logging_mixin.py:188} INFO - [2024-08-07T10:06:34.500+0000] {dagbag.py:545} INFO - Filling up the DagBag from /home/airflow/.local/lib/python3.12/site-packages/airflow/example_dags/example_latest_only_with_trigger.py
[2024-08-07T10:06:34.506+0000] {processor.py:840} INFO - DAG(s) 'latest_only_with_trigger' retrieved from /home/airflow/.local/lib/python3.12/site-packages/airflow/example_dags/example_latest_only_with_trigger.py
[2024-08-07T10:06:34.527+0000] {logging_mixin.py:188} INFO - [2024-08-07T10:06:34.527+0000] {dag.py:3089} INFO - Sync 1 DAGs
[2024-08-07T10:06:34.550+0000] {logging_mixin.py:188} INFO - [2024-08-07T10:06:34.550+0000] {dag.py:3947} INFO - Setting next_dagrun for latest_only_with_trigger to 2024-08-07 04:00:00+00:00, run_after=2024-08-07 08:00:00+00:00
[2024-08-07T10:06:34.582+0000] {processor.py:183} INFO - Processing /home/airflow/.local/lib/python3.12/site-packages/airflow/example_dags/example_latest_only_with_trigger.py took 0.090 seconds
