[2024-08-07T09:56:32.879+0000] {processor.py:161} INFO - Started process (PID=88) to work on /home/airflow/.local/lib/python3.12/site-packages/airflow/example_dags/tutorial_objectstorage.py
[2024-08-07T09:56:34.401+0000] {processor.py:830} INFO - Processing file /home/airflow/.local/lib/python3.12/site-packages/airflow/example_dags/tutorial_objectstorage.py for tasks to queue
[2024-08-07T09:56:35.900+0000] {logging_mixin.py:188} INFO - [2024-08-07T09:56:35.793+0000] {dagbag.py:545} INFO - Filling up the DagBag from /home/airflow/.local/lib/python3.12/site-packages/airflow/example_dags/tutorial_objectstorage.py
[2024-08-07T09:56:36.132+0000] {processor.py:840} INFO - DAG(s) 'tutorial_objectstorage' retrieved from /home/airflow/.local/lib/python3.12/site-packages/airflow/example_dags/tutorial_objectstorage.py
[2024-08-07T09:56:37.881+0000] {logging_mixin.py:188} INFO - [2024-08-07T09:56:37.881+0000] {dag.py:3089} INFO - Sync 1 DAGs
[2024-08-07T09:56:38.069+0000] {logging_mixin.py:188} INFO - [2024-08-07T09:56:38.068+0000] {dag.py:3947} INFO - Setting next_dagrun for tutorial_objectstorage to None, run_after=None
[2024-08-07T09:56:38.486+0000] {processor.py:183} INFO - Processing /home/airflow/.local/lib/python3.12/site-packages/airflow/example_dags/tutorial_objectstorage.py took 11.747 seconds
[2024-08-07T09:57:35.258+0000] {processor.py:161} INFO - Started process (PID=152) to work on /home/airflow/.local/lib/python3.12/site-packages/airflow/example_dags/tutorial_objectstorage.py
[2024-08-07T09:57:35.260+0000] {processor.py:830} INFO - Processing file /home/airflow/.local/lib/python3.12/site-packages/airflow/example_dags/tutorial_objectstorage.py for tasks to queue
[2024-08-07T09:57:35.264+0000] {logging_mixin.py:188} INFO - [2024-08-07T09:57:35.264+0000] {dagbag.py:545} INFO - Filling up the DagBag from /home/airflow/.local/lib/python3.12/site-packages/airflow/example_dags/tutorial_objectstorage.py
[2024-08-07T09:57:35.272+0000] {processor.py:840} INFO - DAG(s) 'tutorial_objectstorage' retrieved from /home/airflow/.local/lib/python3.12/site-packages/airflow/example_dags/tutorial_objectstorage.py
[2024-08-07T09:57:35.301+0000] {logging_mixin.py:188} INFO - [2024-08-07T09:57:35.301+0000] {dag.py:3089} INFO - Sync 1 DAGs
[2024-08-07T09:57:35.318+0000] {logging_mixin.py:188} INFO - [2024-08-07T09:57:35.318+0000] {dag.py:3947} INFO - Setting next_dagrun for tutorial_objectstorage to None, run_after=None
[2024-08-07T09:57:35.345+0000] {processor.py:183} INFO - Processing /home/airflow/.local/lib/python3.12/site-packages/airflow/example_dags/tutorial_objectstorage.py took 0.095 seconds
[2024-08-07T09:58:25.665+0000] {processor.py:161} INFO - Started process (PID=211) to work on /home/airflow/.local/lib/python3.12/site-packages/airflow/example_dags/tutorial_objectstorage.py
[2024-08-07T09:58:25.764+0000] {processor.py:830} INFO - Processing file /home/airflow/.local/lib/python3.12/site-packages/airflow/example_dags/tutorial_objectstorage.py for tasks to queue
[2024-08-07T09:58:25.823+0000] {logging_mixin.py:188} INFO - [2024-08-07T09:58:25.823+0000] {dagbag.py:545} INFO - Filling up the DagBag from /home/airflow/.local/lib/python3.12/site-packages/airflow/example_dags/tutorial_objectstorage.py
[2024-08-07T09:58:25.959+0000] {processor.py:840} INFO - DAG(s) 'tutorial_objectstorage' retrieved from /home/airflow/.local/lib/python3.12/site-packages/airflow/example_dags/tutorial_objectstorage.py
[2024-08-07T09:58:26.293+0000] {logging_mixin.py:188} INFO - [2024-08-07T09:58:26.293+0000] {dag.py:3089} INFO - Sync 1 DAGs
[2024-08-07T09:58:26.378+0000] {logging_mixin.py:188} INFO - [2024-08-07T09:58:26.378+0000] {dag.py:3947} INFO - Setting next_dagrun for tutorial_objectstorage to None, run_after=None
[2024-08-07T09:58:26.866+0000] {processor.py:183} INFO - Processing /home/airflow/.local/lib/python3.12/site-packages/airflow/example_dags/tutorial_objectstorage.py took 1.247 seconds
[2024-08-07T09:59:14.852+0000] {processor.py:161} INFO - Started process (PID=275) to work on /home/airflow/.local/lib/python3.12/site-packages/airflow/example_dags/tutorial_objectstorage.py
[2024-08-07T09:59:15.028+0000] {processor.py:830} INFO - Processing file /home/airflow/.local/lib/python3.12/site-packages/airflow/example_dags/tutorial_objectstorage.py for tasks to queue
[2024-08-07T09:59:15.091+0000] {logging_mixin.py:188} INFO - [2024-08-07T09:59:15.090+0000] {dagbag.py:545} INFO - Filling up the DagBag from /home/airflow/.local/lib/python3.12/site-packages/airflow/example_dags/tutorial_objectstorage.py
[2024-08-07T09:59:16.142+0000] {processor.py:840} INFO - DAG(s) 'tutorial_objectstorage' retrieved from /home/airflow/.local/lib/python3.12/site-packages/airflow/example_dags/tutorial_objectstorage.py
[2024-08-07T09:59:16.285+0000] {logging_mixin.py:188} INFO - [2024-08-07T09:59:16.285+0000] {dag.py:3089} INFO - Sync 1 DAGs
[2024-08-07T09:59:16.364+0000] {logging_mixin.py:188} INFO - [2024-08-07T09:59:16.358+0000] {dag.py:3947} INFO - Setting next_dagrun for tutorial_objectstorage to None, run_after=None
[2024-08-07T09:59:16.746+0000] {processor.py:183} INFO - Processing /home/airflow/.local/lib/python3.12/site-packages/airflow/example_dags/tutorial_objectstorage.py took 1.906 seconds
[2024-08-07T10:00:16.063+0000] {processor.py:161} INFO - Started process (PID=329) to work on /home/airflow/.local/lib/python3.12/site-packages/airflow/example_dags/tutorial_objectstorage.py
[2024-08-07T10:00:16.088+0000] {processor.py:830} INFO - Processing file /home/airflow/.local/lib/python3.12/site-packages/airflow/example_dags/tutorial_objectstorage.py for tasks to queue
[2024-08-07T10:00:16.091+0000] {logging_mixin.py:188} INFO - [2024-08-07T10:00:16.090+0000] {dagbag.py:545} INFO - Filling up the DagBag from /home/airflow/.local/lib/python3.12/site-packages/airflow/example_dags/tutorial_objectstorage.py
[2024-08-07T10:00:16.100+0000] {processor.py:840} INFO - DAG(s) 'tutorial_objectstorage' retrieved from /home/airflow/.local/lib/python3.12/site-packages/airflow/example_dags/tutorial_objectstorage.py
[2024-08-07T10:00:16.133+0000] {logging_mixin.py:188} INFO - [2024-08-07T10:00:16.132+0000] {dag.py:3089} INFO - Sync 1 DAGs
[2024-08-07T10:00:16.163+0000] {logging_mixin.py:188} INFO - [2024-08-07T10:00:16.163+0000] {dag.py:3947} INFO - Setting next_dagrun for tutorial_objectstorage to None, run_after=None
[2024-08-07T10:00:16.428+0000] {processor.py:183} INFO - Processing /home/airflow/.local/lib/python3.12/site-packages/airflow/example_dags/tutorial_objectstorage.py took 0.372 seconds
[2024-08-07T10:00:48.940+0000] {processor.py:161} INFO - Started process (PID=385) to work on /home/airflow/.local/lib/python3.12/site-packages/airflow/example_dags/tutorial_objectstorage.py
[2024-08-07T10:00:48.941+0000] {processor.py:830} INFO - Processing file /home/airflow/.local/lib/python3.12/site-packages/airflow/example_dags/tutorial_objectstorage.py for tasks to queue
[2024-08-07T10:00:48.944+0000] {logging_mixin.py:188} INFO - [2024-08-07T10:00:48.943+0000] {dagbag.py:545} INFO - Filling up the DagBag from /home/airflow/.local/lib/python3.12/site-packages/airflow/example_dags/tutorial_objectstorage.py
[2024-08-07T10:00:48.952+0000] {processor.py:840} INFO - DAG(s) 'tutorial_objectstorage' retrieved from /home/airflow/.local/lib/python3.12/site-packages/airflow/example_dags/tutorial_objectstorage.py
[2024-08-07T10:00:48.987+0000] {logging_mixin.py:188} INFO - [2024-08-07T10:00:48.987+0000] {dag.py:3089} INFO - Sync 1 DAGs
[2024-08-07T10:00:49.003+0000] {logging_mixin.py:188} INFO - [2024-08-07T10:00:49.003+0000] {dag.py:3947} INFO - Setting next_dagrun for tutorial_objectstorage to None, run_after=None
[2024-08-07T10:00:49.631+0000] {processor.py:183} INFO - Processing /home/airflow/.local/lib/python3.12/site-packages/airflow/example_dags/tutorial_objectstorage.py took 0.697 seconds
[2024-08-07T10:01:26.748+0000] {processor.py:161} INFO - Started process (PID=444) to work on /home/airflow/.local/lib/python3.12/site-packages/airflow/example_dags/tutorial_objectstorage.py
[2024-08-07T10:01:26.790+0000] {processor.py:830} INFO - Processing file /home/airflow/.local/lib/python3.12/site-packages/airflow/example_dags/tutorial_objectstorage.py for tasks to queue
[2024-08-07T10:01:26.823+0000] {logging_mixin.py:188} INFO - [2024-08-07T10:01:26.821+0000] {dagbag.py:545} INFO - Filling up the DagBag from /home/airflow/.local/lib/python3.12/site-packages/airflow/example_dags/tutorial_objectstorage.py
[2024-08-07T10:01:27.568+0000] {processor.py:840} INFO - DAG(s) 'tutorial_objectstorage' retrieved from /home/airflow/.local/lib/python3.12/site-packages/airflow/example_dags/tutorial_objectstorage.py
[2024-08-07T10:01:28.366+0000] {logging_mixin.py:188} INFO - [2024-08-07T10:01:28.332+0000] {dag.py:3089} INFO - Sync 1 DAGs
[2024-08-07T10:01:28.413+0000] {logging_mixin.py:188} INFO - [2024-08-07T10:01:28.413+0000] {dag.py:3947} INFO - Setting next_dagrun for tutorial_objectstorage to None, run_after=None
[2024-08-07T10:01:28.757+0000] {processor.py:183} INFO - Processing /home/airflow/.local/lib/python3.12/site-packages/airflow/example_dags/tutorial_objectstorage.py took 2.293 seconds
[2024-08-07T10:01:59.296+0000] {processor.py:161} INFO - Started process (PID=502) to work on /home/airflow/.local/lib/python3.12/site-packages/airflow/example_dags/tutorial_objectstorage.py
[2024-08-07T10:01:59.309+0000] {processor.py:830} INFO - Processing file /home/airflow/.local/lib/python3.12/site-packages/airflow/example_dags/tutorial_objectstorage.py for tasks to queue
[2024-08-07T10:01:59.311+0000] {logging_mixin.py:188} INFO - [2024-08-07T10:01:59.311+0000] {dagbag.py:545} INFO - Filling up the DagBag from /home/airflow/.local/lib/python3.12/site-packages/airflow/example_dags/tutorial_objectstorage.py
[2024-08-07T10:01:59.382+0000] {processor.py:840} INFO - DAG(s) 'tutorial_objectstorage' retrieved from /home/airflow/.local/lib/python3.12/site-packages/airflow/example_dags/tutorial_objectstorage.py
[2024-08-07T10:01:59.526+0000] {logging_mixin.py:188} INFO - [2024-08-07T10:01:59.526+0000] {dag.py:3089} INFO - Sync 1 DAGs
[2024-08-07T10:01:59.569+0000] {logging_mixin.py:188} INFO - [2024-08-07T10:01:59.568+0000] {dag.py:3947} INFO - Setting next_dagrun for tutorial_objectstorage to None, run_after=None
[2024-08-07T10:02:00.567+0000] {processor.py:183} INFO - Processing /home/airflow/.local/lib/python3.12/site-packages/airflow/example_dags/tutorial_objectstorage.py took 1.277 seconds
[2024-08-07T10:02:30.761+0000] {processor.py:161} INFO - Started process (PID=560) to work on /home/airflow/.local/lib/python3.12/site-packages/airflow/example_dags/tutorial_objectstorage.py
[2024-08-07T10:02:30.828+0000] {processor.py:830} INFO - Processing file /home/airflow/.local/lib/python3.12/site-packages/airflow/example_dags/tutorial_objectstorage.py for tasks to queue
[2024-08-07T10:02:30.832+0000] {logging_mixin.py:188} INFO - [2024-08-07T10:02:30.831+0000] {dagbag.py:545} INFO - Filling up the DagBag from /home/airflow/.local/lib/python3.12/site-packages/airflow/example_dags/tutorial_objectstorage.py
[2024-08-07T10:02:30.984+0000] {processor.py:840} INFO - DAG(s) 'tutorial_objectstorage' retrieved from /home/airflow/.local/lib/python3.12/site-packages/airflow/example_dags/tutorial_objectstorage.py
[2024-08-07T10:02:31.058+0000] {logging_mixin.py:188} INFO - [2024-08-07T10:02:31.058+0000] {dag.py:3089} INFO - Sync 1 DAGs
[2024-08-07T10:02:31.072+0000] {logging_mixin.py:188} INFO - [2024-08-07T10:02:31.071+0000] {dag.py:3947} INFO - Setting next_dagrun for tutorial_objectstorage to None, run_after=None
[2024-08-07T10:02:32.037+0000] {processor.py:183} INFO - Processing /home/airflow/.local/lib/python3.12/site-packages/airflow/example_dags/tutorial_objectstorage.py took 1.340 seconds
[2024-08-07T10:03:26.834+0000] {processor.py:161} INFO - Started process (PID=625) to work on /home/airflow/.local/lib/python3.12/site-packages/airflow/example_dags/tutorial_objectstorage.py
[2024-08-07T10:03:26.836+0000] {processor.py:830} INFO - Processing file /home/airflow/.local/lib/python3.12/site-packages/airflow/example_dags/tutorial_objectstorage.py for tasks to queue
[2024-08-07T10:03:26.839+0000] {logging_mixin.py:188} INFO - [2024-08-07T10:03:26.839+0000] {dagbag.py:545} INFO - Filling up the DagBag from /home/airflow/.local/lib/python3.12/site-packages/airflow/example_dags/tutorial_objectstorage.py
[2024-08-07T10:03:26.857+0000] {processor.py:840} INFO - DAG(s) 'tutorial_objectstorage' retrieved from /home/airflow/.local/lib/python3.12/site-packages/airflow/example_dags/tutorial_objectstorage.py
[2024-08-07T10:03:26.880+0000] {logging_mixin.py:188} INFO - [2024-08-07T10:03:26.880+0000] {dag.py:3089} INFO - Sync 1 DAGs
[2024-08-07T10:03:26.894+0000] {logging_mixin.py:188} INFO - [2024-08-07T10:03:26.894+0000] {dag.py:3947} INFO - Setting next_dagrun for tutorial_objectstorage to None, run_after=None
[2024-08-07T10:03:26.933+0000] {processor.py:183} INFO - Processing /home/airflow/.local/lib/python3.12/site-packages/airflow/example_dags/tutorial_objectstorage.py took 0.110 seconds
[2024-08-07T10:03:57.428+0000] {processor.py:161} INFO - Started process (PID=683) to work on /home/airflow/.local/lib/python3.12/site-packages/airflow/example_dags/tutorial_objectstorage.py
[2024-08-07T10:03:57.430+0000] {processor.py:830} INFO - Processing file /home/airflow/.local/lib/python3.12/site-packages/airflow/example_dags/tutorial_objectstorage.py for tasks to queue
[2024-08-07T10:03:57.433+0000] {logging_mixin.py:188} INFO - [2024-08-07T10:03:57.433+0000] {dagbag.py:545} INFO - Filling up the DagBag from /home/airflow/.local/lib/python3.12/site-packages/airflow/example_dags/tutorial_objectstorage.py
[2024-08-07T10:03:57.443+0000] {processor.py:840} INFO - DAG(s) 'tutorial_objectstorage' retrieved from /home/airflow/.local/lib/python3.12/site-packages/airflow/example_dags/tutorial_objectstorage.py
[2024-08-07T10:03:57.469+0000] {logging_mixin.py:188} INFO - [2024-08-07T10:03:57.468+0000] {dag.py:3089} INFO - Sync 1 DAGs
[2024-08-07T10:03:57.491+0000] {logging_mixin.py:188} INFO - [2024-08-07T10:03:57.491+0000] {dag.py:3947} INFO - Setting next_dagrun for tutorial_objectstorage to None, run_after=None
[2024-08-07T10:03:57.517+0000] {processor.py:183} INFO - Processing /home/airflow/.local/lib/python3.12/site-packages/airflow/example_dags/tutorial_objectstorage.py took 0.096 seconds
[2024-08-07T10:04:28.935+0000] {processor.py:161} INFO - Started process (PID=741) to work on /home/airflow/.local/lib/python3.12/site-packages/airflow/example_dags/tutorial_objectstorage.py
[2024-08-07T10:04:28.937+0000] {processor.py:830} INFO - Processing file /home/airflow/.local/lib/python3.12/site-packages/airflow/example_dags/tutorial_objectstorage.py for tasks to queue
[2024-08-07T10:04:28.939+0000] {logging_mixin.py:188} INFO - [2024-08-07T10:04:28.939+0000] {dagbag.py:545} INFO - Filling up the DagBag from /home/airflow/.local/lib/python3.12/site-packages/airflow/example_dags/tutorial_objectstorage.py
[2024-08-07T10:04:28.949+0000] {processor.py:840} INFO - DAG(s) 'tutorial_objectstorage' retrieved from /home/airflow/.local/lib/python3.12/site-packages/airflow/example_dags/tutorial_objectstorage.py
[2024-08-07T10:04:28.976+0000] {logging_mixin.py:188} INFO - [2024-08-07T10:04:28.975+0000] {dag.py:3089} INFO - Sync 1 DAGs
[2024-08-07T10:04:28.993+0000] {logging_mixin.py:188} INFO - [2024-08-07T10:04:28.993+0000] {dag.py:3947} INFO - Setting next_dagrun for tutorial_objectstorage to None, run_after=None
[2024-08-07T10:04:29.026+0000] {processor.py:183} INFO - Processing /home/airflow/.local/lib/python3.12/site-packages/airflow/example_dags/tutorial_objectstorage.py took 0.098 seconds
[2024-08-07T10:05:00.327+0000] {processor.py:161} INFO - Started process (PID=800) to work on /home/airflow/.local/lib/python3.12/site-packages/airflow/example_dags/tutorial_objectstorage.py
[2024-08-07T10:05:00.335+0000] {processor.py:830} INFO - Processing file /home/airflow/.local/lib/python3.12/site-packages/airflow/example_dags/tutorial_objectstorage.py for tasks to queue
[2024-08-07T10:05:00.337+0000] {logging_mixin.py:188} INFO - [2024-08-07T10:05:00.337+0000] {dagbag.py:545} INFO - Filling up the DagBag from /home/airflow/.local/lib/python3.12/site-packages/airflow/example_dags/tutorial_objectstorage.py
[2024-08-07T10:05:00.359+0000] {processor.py:840} INFO - DAG(s) 'tutorial_objectstorage' retrieved from /home/airflow/.local/lib/python3.12/site-packages/airflow/example_dags/tutorial_objectstorage.py
[2024-08-07T10:05:00.466+0000] {logging_mixin.py:188} INFO - [2024-08-07T10:05:00.466+0000] {dag.py:3089} INFO - Sync 1 DAGs
[2024-08-07T10:05:00.520+0000] {logging_mixin.py:188} INFO - [2024-08-07T10:05:00.519+0000] {dag.py:3947} INFO - Setting next_dagrun for tutorial_objectstorage to None, run_after=None
[2024-08-07T10:05:00.858+0000] {processor.py:183} INFO - Processing /home/airflow/.local/lib/python3.12/site-packages/airflow/example_dags/tutorial_objectstorage.py took 0.538 seconds
[2024-08-07T10:05:31.086+0000] {processor.py:161} INFO - Started process (PID=859) to work on /home/airflow/.local/lib/python3.12/site-packages/airflow/example_dags/tutorial_objectstorage.py
[2024-08-07T10:05:31.087+0000] {processor.py:830} INFO - Processing file /home/airflow/.local/lib/python3.12/site-packages/airflow/example_dags/tutorial_objectstorage.py for tasks to queue
[2024-08-07T10:05:31.099+0000] {logging_mixin.py:188} INFO - [2024-08-07T10:05:31.098+0000] {dagbag.py:545} INFO - Filling up the DagBag from /home/airflow/.local/lib/python3.12/site-packages/airflow/example_dags/tutorial_objectstorage.py
[2024-08-07T10:05:31.108+0000] {processor.py:840} INFO - DAG(s) 'tutorial_objectstorage' retrieved from /home/airflow/.local/lib/python3.12/site-packages/airflow/example_dags/tutorial_objectstorage.py
[2024-08-07T10:05:31.153+0000] {logging_mixin.py:188} INFO - [2024-08-07T10:05:31.152+0000] {dag.py:3089} INFO - Sync 1 DAGs
[2024-08-07T10:05:31.175+0000] {logging_mixin.py:188} INFO - [2024-08-07T10:05:31.174+0000] {dag.py:3947} INFO - Setting next_dagrun for tutorial_objectstorage to None, run_after=None
[2024-08-07T10:05:31.251+0000] {processor.py:183} INFO - Processing /home/airflow/.local/lib/python3.12/site-packages/airflow/example_dags/tutorial_objectstorage.py took 0.173 seconds
[2024-08-07T10:06:02.485+0000] {processor.py:161} INFO - Started process (PID=918) to work on /home/airflow/.local/lib/python3.12/site-packages/airflow/example_dags/tutorial_objectstorage.py
[2024-08-07T10:06:02.489+0000] {processor.py:830} INFO - Processing file /home/airflow/.local/lib/python3.12/site-packages/airflow/example_dags/tutorial_objectstorage.py for tasks to queue
[2024-08-07T10:06:02.494+0000] {logging_mixin.py:188} INFO - [2024-08-07T10:06:02.493+0000] {dagbag.py:545} INFO - Filling up the DagBag from /home/airflow/.local/lib/python3.12/site-packages/airflow/example_dags/tutorial_objectstorage.py
[2024-08-07T10:06:02.511+0000] {processor.py:840} INFO - DAG(s) 'tutorial_objectstorage' retrieved from /home/airflow/.local/lib/python3.12/site-packages/airflow/example_dags/tutorial_objectstorage.py
[2024-08-07T10:06:02.566+0000] {logging_mixin.py:188} INFO - [2024-08-07T10:06:02.565+0000] {dag.py:3089} INFO - Sync 1 DAGs
[2024-08-07T10:06:02.625+0000] {logging_mixin.py:188} INFO - [2024-08-07T10:06:02.625+0000] {dag.py:3947} INFO - Setting next_dagrun for tutorial_objectstorage to None, run_after=None
[2024-08-07T10:06:02.708+0000] {processor.py:183} INFO - Processing /home/airflow/.local/lib/python3.12/site-packages/airflow/example_dags/tutorial_objectstorage.py took 0.234 seconds
[2024-08-07T10:06:32.856+0000] {processor.py:161} INFO - Started process (PID=976) to work on /home/airflow/.local/lib/python3.12/site-packages/airflow/example_dags/tutorial_objectstorage.py
[2024-08-07T10:06:32.857+0000] {processor.py:830} INFO - Processing file /home/airflow/.local/lib/python3.12/site-packages/airflow/example_dags/tutorial_objectstorage.py for tasks to queue
[2024-08-07T10:06:32.862+0000] {logging_mixin.py:188} INFO - [2024-08-07T10:06:32.861+0000] {dagbag.py:545} INFO - Filling up the DagBag from /home/airflow/.local/lib/python3.12/site-packages/airflow/example_dags/tutorial_objectstorage.py
[2024-08-07T10:06:32.874+0000] {processor.py:840} INFO - DAG(s) 'tutorial_objectstorage' retrieved from /home/airflow/.local/lib/python3.12/site-packages/airflow/example_dags/tutorial_objectstorage.py
[2024-08-07T10:06:32.911+0000] {logging_mixin.py:188} INFO - [2024-08-07T10:06:32.910+0000] {dag.py:3089} INFO - Sync 1 DAGs
[2024-08-07T10:06:32.936+0000] {logging_mixin.py:188} INFO - [2024-08-07T10:06:32.936+0000] {dag.py:3947} INFO - Setting next_dagrun for tutorial_objectstorage to None, run_after=None
[2024-08-07T10:06:33.026+0000] {processor.py:183} INFO - Processing /home/airflow/.local/lib/python3.12/site-packages/airflow/example_dags/tutorial_objectstorage.py took 0.180 seconds
