[2024-08-07T09:57:12.992+0000] {processor.py:161} INFO - Started process (PID=118) to work on /home/airflow/.local/lib/python3.12/site-packages/airflow/example_dags/tutorial.py
[2024-08-07T09:57:13.047+0000] {processor.py:830} INFO - Processing file /home/airflow/.local/lib/python3.12/site-packages/airflow/example_dags/tutorial.py for tasks to queue
[2024-08-07T09:57:13.062+0000] {logging_mixin.py:188} INFO - [2024-08-07T09:57:13.061+0000] {dagbag.py:545} INFO - Filling up the DagBag from /home/airflow/.local/lib/python3.12/site-packages/airflow/example_dags/tutorial.py
[2024-08-07T09:57:13.183+0000] {processor.py:840} INFO - DAG(s) 'tutorial' retrieved from /home/airflow/.local/lib/python3.12/site-packages/airflow/example_dags/tutorial.py
[2024-08-07T09:57:13.642+0000] {logging_mixin.py:188} INFO - [2024-08-07T09:57:13.642+0000] {dag.py:3089} INFO - Sync 1 DAGs
[2024-08-07T09:57:13.711+0000] {logging_mixin.py:188} INFO - [2024-08-07T09:57:13.711+0000] {dag.py:3947} INFO - Setting next_dagrun for tutorial to 2024-08-06 00:00:00+00:00, run_after=2024-08-07 00:00:00+00:00
[2024-08-07T09:57:14.021+0000] {processor.py:183} INFO - Processing /home/airflow/.local/lib/python3.12/site-packages/airflow/example_dags/tutorial.py took 1.039 seconds
[2024-08-07T09:57:46.004+0000] {processor.py:161} INFO - Started process (PID=176) to work on /home/airflow/.local/lib/python3.12/site-packages/airflow/example_dags/tutorial.py
[2024-08-07T09:57:46.005+0000] {processor.py:830} INFO - Processing file /home/airflow/.local/lib/python3.12/site-packages/airflow/example_dags/tutorial.py for tasks to queue
[2024-08-07T09:57:46.027+0000] {logging_mixin.py:188} INFO - [2024-08-07T09:57:46.020+0000] {dagbag.py:545} INFO - Filling up the DagBag from /home/airflow/.local/lib/python3.12/site-packages/airflow/example_dags/tutorial.py
[2024-08-07T09:57:46.101+0000] {processor.py:840} INFO - DAG(s) 'tutorial' retrieved from /home/airflow/.local/lib/python3.12/site-packages/airflow/example_dags/tutorial.py
[2024-08-07T09:57:46.147+0000] {logging_mixin.py:188} INFO - [2024-08-07T09:57:46.147+0000] {dag.py:3089} INFO - Sync 1 DAGs
[2024-08-07T09:57:46.190+0000] {logging_mixin.py:188} INFO - [2024-08-07T09:57:46.190+0000] {dag.py:3947} INFO - Setting next_dagrun for tutorial to 2024-08-06 00:00:00+00:00, run_after=2024-08-07 00:00:00+00:00
[2024-08-07T09:57:46.326+0000] {processor.py:183} INFO - Processing /home/airflow/.local/lib/python3.12/site-packages/airflow/example_dags/tutorial.py took 0.709 seconds
[2024-08-07T09:58:40.211+0000] {processor.py:161} INFO - Started process (PID=234) to work on /home/airflow/.local/lib/python3.12/site-packages/airflow/example_dags/tutorial.py
[2024-08-07T09:58:40.229+0000] {processor.py:830} INFO - Processing file /home/airflow/.local/lib/python3.12/site-packages/airflow/example_dags/tutorial.py for tasks to queue
[2024-08-07T09:58:40.252+0000] {logging_mixin.py:188} INFO - [2024-08-07T09:58:40.250+0000] {dagbag.py:545} INFO - Filling up the DagBag from /home/airflow/.local/lib/python3.12/site-packages/airflow/example_dags/tutorial.py
[2024-08-07T09:58:40.281+0000] {processor.py:840} INFO - DAG(s) 'tutorial' retrieved from /home/airflow/.local/lib/python3.12/site-packages/airflow/example_dags/tutorial.py
[2024-08-07T09:58:40.374+0000] {logging_mixin.py:188} INFO - [2024-08-07T09:58:40.374+0000] {dag.py:3089} INFO - Sync 1 DAGs
[2024-08-07T09:58:40.611+0000] {logging_mixin.py:188} INFO - [2024-08-07T09:58:40.611+0000] {dag.py:3947} INFO - Setting next_dagrun for tutorial to 2024-08-06 00:00:00+00:00, run_after=2024-08-07 00:00:00+00:00
[2024-08-07T09:58:44.079+0000] {processor.py:183} INFO - Processing /home/airflow/.local/lib/python3.12/site-packages/airflow/example_dags/tutorial.py took 3.910 seconds
[2024-08-07T09:59:42.211+0000] {processor.py:161} INFO - Started process (PID=298) to work on /home/airflow/.local/lib/python3.12/site-packages/airflow/example_dags/tutorial.py
[2024-08-07T09:59:42.274+0000] {processor.py:830} INFO - Processing file /home/airflow/.local/lib/python3.12/site-packages/airflow/example_dags/tutorial.py for tasks to queue
[2024-08-07T09:59:42.283+0000] {logging_mixin.py:188} INFO - [2024-08-07T09:59:42.282+0000] {dagbag.py:545} INFO - Filling up the DagBag from /home/airflow/.local/lib/python3.12/site-packages/airflow/example_dags/tutorial.py
[2024-08-07T09:59:42.343+0000] {processor.py:840} INFO - DAG(s) 'tutorial' retrieved from /home/airflow/.local/lib/python3.12/site-packages/airflow/example_dags/tutorial.py
[2024-08-07T09:59:42.727+0000] {logging_mixin.py:188} INFO - [2024-08-07T09:59:42.727+0000] {dag.py:3089} INFO - Sync 1 DAGs
[2024-08-07T09:59:42.786+0000] {logging_mixin.py:188} INFO - [2024-08-07T09:59:42.786+0000] {dag.py:3947} INFO - Setting next_dagrun for tutorial to 2024-08-06 00:00:00+00:00, run_after=2024-08-07 00:00:00+00:00
[2024-08-07T09:59:45.027+0000] {processor.py:183} INFO - Processing /home/airflow/.local/lib/python3.12/site-packages/airflow/example_dags/tutorial.py took 2.820 seconds
[2024-08-07T10:00:26.492+0000] {processor.py:161} INFO - Started process (PID=357) to work on /home/airflow/.local/lib/python3.12/site-packages/airflow/example_dags/tutorial.py
[2024-08-07T10:00:26.507+0000] {processor.py:830} INFO - Processing file /home/airflow/.local/lib/python3.12/site-packages/airflow/example_dags/tutorial.py for tasks to queue
[2024-08-07T10:00:26.509+0000] {logging_mixin.py:188} INFO - [2024-08-07T10:00:26.509+0000] {dagbag.py:545} INFO - Filling up the DagBag from /home/airflow/.local/lib/python3.12/site-packages/airflow/example_dags/tutorial.py
[2024-08-07T10:00:26.526+0000] {processor.py:840} INFO - DAG(s) 'tutorial' retrieved from /home/airflow/.local/lib/python3.12/site-packages/airflow/example_dags/tutorial.py
[2024-08-07T10:00:26.615+0000] {logging_mixin.py:188} INFO - [2024-08-07T10:00:26.614+0000] {dag.py:3089} INFO - Sync 1 DAGs
[2024-08-07T10:00:26.671+0000] {logging_mixin.py:188} INFO - [2024-08-07T10:00:26.671+0000] {dag.py:3947} INFO - Setting next_dagrun for tutorial to 2024-08-06 00:00:00+00:00, run_after=2024-08-07 00:00:00+00:00
[2024-08-07T10:00:26.739+0000] {processor.py:183} INFO - Processing /home/airflow/.local/lib/python3.12/site-packages/airflow/example_dags/tutorial.py took 0.268 seconds
[2024-08-07T10:01:05.475+0000] {processor.py:161} INFO - Started process (PID=420) to work on /home/airflow/.local/lib/python3.12/site-packages/airflow/example_dags/tutorial.py
[2024-08-07T10:01:05.481+0000] {processor.py:830} INFO - Processing file /home/airflow/.local/lib/python3.12/site-packages/airflow/example_dags/tutorial.py for tasks to queue
[2024-08-07T10:01:05.489+0000] {logging_mixin.py:188} INFO - [2024-08-07T10:01:05.489+0000] {dagbag.py:545} INFO - Filling up the DagBag from /home/airflow/.local/lib/python3.12/site-packages/airflow/example_dags/tutorial.py
[2024-08-07T10:01:05.513+0000] {processor.py:840} INFO - DAG(s) 'tutorial' retrieved from /home/airflow/.local/lib/python3.12/site-packages/airflow/example_dags/tutorial.py
[2024-08-07T10:01:05.822+0000] {logging_mixin.py:188} INFO - [2024-08-07T10:01:05.821+0000] {dag.py:3089} INFO - Sync 1 DAGs
[2024-08-07T10:01:06.658+0000] {logging_mixin.py:188} INFO - [2024-08-07T10:01:06.653+0000] {dag.py:3947} INFO - Setting next_dagrun for tutorial to 2024-08-06 00:00:00+00:00, run_after=2024-08-07 00:00:00+00:00
[2024-08-07T10:01:07.285+0000] {processor.py:183} INFO - Processing /home/airflow/.local/lib/python3.12/site-packages/airflow/example_dags/tutorial.py took 1.816 seconds
[2024-08-07T10:01:44.115+0000] {processor.py:161} INFO - Started process (PID=479) to work on /home/airflow/.local/lib/python3.12/site-packages/airflow/example_dags/tutorial.py
[2024-08-07T10:01:44.163+0000] {processor.py:830} INFO - Processing file /home/airflow/.local/lib/python3.12/site-packages/airflow/example_dags/tutorial.py for tasks to queue
[2024-08-07T10:01:44.166+0000] {logging_mixin.py:188} INFO - [2024-08-07T10:01:44.166+0000] {dagbag.py:545} INFO - Filling up the DagBag from /home/airflow/.local/lib/python3.12/site-packages/airflow/example_dags/tutorial.py
[2024-08-07T10:01:44.178+0000] {processor.py:840} INFO - DAG(s) 'tutorial' retrieved from /home/airflow/.local/lib/python3.12/site-packages/airflow/example_dags/tutorial.py
[2024-08-07T10:01:44.202+0000] {logging_mixin.py:188} INFO - [2024-08-07T10:01:44.202+0000] {dag.py:3089} INFO - Sync 1 DAGs
[2024-08-07T10:01:44.229+0000] {logging_mixin.py:188} INFO - [2024-08-07T10:01:44.229+0000] {dag.py:3947} INFO - Setting next_dagrun for tutorial to 2024-08-06 00:00:00+00:00, run_after=2024-08-07 00:00:00+00:00
[2024-08-07T10:01:44.538+0000] {processor.py:183} INFO - Processing /home/airflow/.local/lib/python3.12/site-packages/airflow/example_dags/tutorial.py took 0.436 seconds
[2024-08-07T10:02:19.144+0000] {processor.py:161} INFO - Started process (PID=542) to work on /home/airflow/.local/lib/python3.12/site-packages/airflow/example_dags/tutorial.py
[2024-08-07T10:02:19.145+0000] {processor.py:830} INFO - Processing file /home/airflow/.local/lib/python3.12/site-packages/airflow/example_dags/tutorial.py for tasks to queue
[2024-08-07T10:02:19.148+0000] {logging_mixin.py:188} INFO - [2024-08-07T10:02:19.147+0000] {dagbag.py:545} INFO - Filling up the DagBag from /home/airflow/.local/lib/python3.12/site-packages/airflow/example_dags/tutorial.py
[2024-08-07T10:02:19.156+0000] {processor.py:840} INFO - DAG(s) 'tutorial' retrieved from /home/airflow/.local/lib/python3.12/site-packages/airflow/example_dags/tutorial.py
[2024-08-07T10:02:19.182+0000] {logging_mixin.py:188} INFO - [2024-08-07T10:02:19.182+0000] {dag.py:3089} INFO - Sync 1 DAGs
[2024-08-07T10:02:19.224+0000] {logging_mixin.py:188} INFO - [2024-08-07T10:02:19.224+0000] {dag.py:3947} INFO - Setting next_dagrun for tutorial to 2024-08-06 00:00:00+00:00, run_after=2024-08-07 00:00:00+00:00
[2024-08-07T10:02:19.244+0000] {processor.py:183} INFO - Processing /home/airflow/.local/lib/python3.12/site-packages/airflow/example_dags/tutorial.py took 0.110 seconds
[2024-08-07T10:02:58.383+0000] {processor.py:161} INFO - Started process (PID=596) to work on /home/airflow/.local/lib/python3.12/site-packages/airflow/example_dags/tutorial.py
[2024-08-07T10:02:58.384+0000] {processor.py:830} INFO - Processing file /home/airflow/.local/lib/python3.12/site-packages/airflow/example_dags/tutorial.py for tasks to queue
[2024-08-07T10:02:58.391+0000] {logging_mixin.py:188} INFO - [2024-08-07T10:02:58.390+0000] {dagbag.py:545} INFO - Filling up the DagBag from /home/airflow/.local/lib/python3.12/site-packages/airflow/example_dags/tutorial.py
[2024-08-07T10:02:58.526+0000] {processor.py:840} INFO - DAG(s) 'tutorial' retrieved from /home/airflow/.local/lib/python3.12/site-packages/airflow/example_dags/tutorial.py
[2024-08-07T10:02:58.550+0000] {logging_mixin.py:188} INFO - [2024-08-07T10:02:58.550+0000] {dag.py:3089} INFO - Sync 1 DAGs
[2024-08-07T10:02:58.582+0000] {logging_mixin.py:188} INFO - [2024-08-07T10:02:58.582+0000] {dag.py:3947} INFO - Setting next_dagrun for tutorial to 2024-08-06 00:00:00+00:00, run_after=2024-08-07 00:00:00+00:00
[2024-08-07T10:03:00.209+0000] {processor.py:183} INFO - Processing /home/airflow/.local/lib/python3.12/site-packages/airflow/example_dags/tutorial.py took 1.835 seconds
[2024-08-07T10:03:34.440+0000] {processor.py:161} INFO - Started process (PID=654) to work on /home/airflow/.local/lib/python3.12/site-packages/airflow/example_dags/tutorial.py
[2024-08-07T10:03:34.441+0000] {processor.py:830} INFO - Processing file /home/airflow/.local/lib/python3.12/site-packages/airflow/example_dags/tutorial.py for tasks to queue
[2024-08-07T10:03:34.444+0000] {logging_mixin.py:188} INFO - [2024-08-07T10:03:34.443+0000] {dagbag.py:545} INFO - Filling up the DagBag from /home/airflow/.local/lib/python3.12/site-packages/airflow/example_dags/tutorial.py
[2024-08-07T10:03:34.485+0000] {processor.py:840} INFO - DAG(s) 'tutorial' retrieved from /home/airflow/.local/lib/python3.12/site-packages/airflow/example_dags/tutorial.py
[2024-08-07T10:03:34.516+0000] {logging_mixin.py:188} INFO - [2024-08-07T10:03:34.515+0000] {dag.py:3089} INFO - Sync 1 DAGs
[2024-08-07T10:03:34.698+0000] {logging_mixin.py:188} INFO - [2024-08-07T10:03:34.698+0000] {dag.py:3947} INFO - Setting next_dagrun for tutorial to 2024-08-06 00:00:00+00:00, run_after=2024-08-07 00:00:00+00:00
[2024-08-07T10:03:34.852+0000] {processor.py:183} INFO - Processing /home/airflow/.local/lib/python3.12/site-packages/airflow/example_dags/tutorial.py took 0.434 seconds
[2024-08-07T10:04:05.880+0000] {processor.py:161} INFO - Started process (PID=710) to work on /home/airflow/.local/lib/python3.12/site-packages/airflow/example_dags/tutorial.py
[2024-08-07T10:04:05.884+0000] {processor.py:830} INFO - Processing file /home/airflow/.local/lib/python3.12/site-packages/airflow/example_dags/tutorial.py for tasks to queue
[2024-08-07T10:04:05.887+0000] {logging_mixin.py:188} INFO - [2024-08-07T10:04:05.886+0000] {dagbag.py:545} INFO - Filling up the DagBag from /home/airflow/.local/lib/python3.12/site-packages/airflow/example_dags/tutorial.py
[2024-08-07T10:04:05.893+0000] {processor.py:840} INFO - DAG(s) 'tutorial' retrieved from /home/airflow/.local/lib/python3.12/site-packages/airflow/example_dags/tutorial.py
[2024-08-07T10:04:05.923+0000] {logging_mixin.py:188} INFO - [2024-08-07T10:04:05.922+0000] {dag.py:3089} INFO - Sync 1 DAGs
[2024-08-07T10:04:05.955+0000] {logging_mixin.py:188} INFO - [2024-08-07T10:04:05.955+0000] {dag.py:3947} INFO - Setting next_dagrun for tutorial to 2024-08-06 00:00:00+00:00, run_after=2024-08-07 00:00:00+00:00
[2024-08-07T10:04:05.981+0000] {processor.py:183} INFO - Processing /home/airflow/.local/lib/python3.12/site-packages/airflow/example_dags/tutorial.py took 0.109 seconds
[2024-08-07T10:04:36.165+0000] {processor.py:161} INFO - Started process (PID=768) to work on /home/airflow/.local/lib/python3.12/site-packages/airflow/example_dags/tutorial.py
[2024-08-07T10:04:36.166+0000] {processor.py:830} INFO - Processing file /home/airflow/.local/lib/python3.12/site-packages/airflow/example_dags/tutorial.py for tasks to queue
[2024-08-07T10:04:36.168+0000] {logging_mixin.py:188} INFO - [2024-08-07T10:04:36.168+0000] {dagbag.py:545} INFO - Filling up the DagBag from /home/airflow/.local/lib/python3.12/site-packages/airflow/example_dags/tutorial.py
[2024-08-07T10:04:36.175+0000] {processor.py:840} INFO - DAG(s) 'tutorial' retrieved from /home/airflow/.local/lib/python3.12/site-packages/airflow/example_dags/tutorial.py
[2024-08-07T10:04:36.198+0000] {logging_mixin.py:188} INFO - [2024-08-07T10:04:36.197+0000] {dag.py:3089} INFO - Sync 1 DAGs
[2024-08-07T10:04:36.225+0000] {logging_mixin.py:188} INFO - [2024-08-07T10:04:36.225+0000] {dag.py:3947} INFO - Setting next_dagrun for tutorial to 2024-08-06 00:00:00+00:00, run_after=2024-08-07 00:00:00+00:00
[2024-08-07T10:04:36.256+0000] {processor.py:183} INFO - Processing /home/airflow/.local/lib/python3.12/site-packages/airflow/example_dags/tutorial.py took 0.098 seconds
[2024-08-07T10:05:06.796+0000] {processor.py:161} INFO - Started process (PID=827) to work on /home/airflow/.local/lib/python3.12/site-packages/airflow/example_dags/tutorial.py
[2024-08-07T10:05:06.799+0000] {processor.py:830} INFO - Processing file /home/airflow/.local/lib/python3.12/site-packages/airflow/example_dags/tutorial.py for tasks to queue
[2024-08-07T10:05:06.801+0000] {logging_mixin.py:188} INFO - [2024-08-07T10:05:06.801+0000] {dagbag.py:545} INFO - Filling up the DagBag from /home/airflow/.local/lib/python3.12/site-packages/airflow/example_dags/tutorial.py
[2024-08-07T10:05:06.808+0000] {processor.py:840} INFO - DAG(s) 'tutorial' retrieved from /home/airflow/.local/lib/python3.12/site-packages/airflow/example_dags/tutorial.py
[2024-08-07T10:05:06.851+0000] {logging_mixin.py:188} INFO - [2024-08-07T10:05:06.850+0000] {dag.py:3089} INFO - Sync 1 DAGs
[2024-08-07T10:05:06.879+0000] {logging_mixin.py:188} INFO - [2024-08-07T10:05:06.879+0000] {dag.py:3947} INFO - Setting next_dagrun for tutorial to 2024-08-06 00:00:00+00:00, run_after=2024-08-07 00:00:00+00:00
[2024-08-07T10:05:07.308+0000] {processor.py:183} INFO - Processing /home/airflow/.local/lib/python3.12/site-packages/airflow/example_dags/tutorial.py took 0.532 seconds
[2024-08-07T10:05:37.582+0000] {processor.py:161} INFO - Started process (PID=886) to work on /home/airflow/.local/lib/python3.12/site-packages/airflow/example_dags/tutorial.py
[2024-08-07T10:05:37.603+0000] {processor.py:830} INFO - Processing file /home/airflow/.local/lib/python3.12/site-packages/airflow/example_dags/tutorial.py for tasks to queue
[2024-08-07T10:05:37.605+0000] {logging_mixin.py:188} INFO - [2024-08-07T10:05:37.605+0000] {dagbag.py:545} INFO - Filling up the DagBag from /home/airflow/.local/lib/python3.12/site-packages/airflow/example_dags/tutorial.py
[2024-08-07T10:05:37.628+0000] {processor.py:840} INFO - DAG(s) 'tutorial' retrieved from /home/airflow/.local/lib/python3.12/site-packages/airflow/example_dags/tutorial.py
[2024-08-07T10:05:37.699+0000] {logging_mixin.py:188} INFO - [2024-08-07T10:05:37.698+0000] {dag.py:3089} INFO - Sync 1 DAGs
[2024-08-07T10:05:37.758+0000] {logging_mixin.py:188} INFO - [2024-08-07T10:05:37.758+0000] {dag.py:3947} INFO - Setting next_dagrun for tutorial to 2024-08-06 00:00:00+00:00, run_after=2024-08-07 00:00:00+00:00
[2024-08-07T10:05:37.803+0000] {processor.py:183} INFO - Processing /home/airflow/.local/lib/python3.12/site-packages/airflow/example_dags/tutorial.py took 0.227 seconds
[2024-08-07T10:06:08.341+0000] {processor.py:161} INFO - Started process (PID=945) to work on /home/airflow/.local/lib/python3.12/site-packages/airflow/example_dags/tutorial.py
[2024-08-07T10:06:08.342+0000] {processor.py:830} INFO - Processing file /home/airflow/.local/lib/python3.12/site-packages/airflow/example_dags/tutorial.py for tasks to queue
[2024-08-07T10:06:08.344+0000] {logging_mixin.py:188} INFO - [2024-08-07T10:06:08.344+0000] {dagbag.py:545} INFO - Filling up the DagBag from /home/airflow/.local/lib/python3.12/site-packages/airflow/example_dags/tutorial.py
[2024-08-07T10:06:08.351+0000] {processor.py:840} INFO - DAG(s) 'tutorial' retrieved from /home/airflow/.local/lib/python3.12/site-packages/airflow/example_dags/tutorial.py
[2024-08-07T10:06:08.401+0000] {logging_mixin.py:188} INFO - [2024-08-07T10:06:08.401+0000] {dag.py:3089} INFO - Sync 1 DAGs
[2024-08-07T10:06:08.463+0000] {logging_mixin.py:188} INFO - [2024-08-07T10:06:08.463+0000] {dag.py:3947} INFO - Setting next_dagrun for tutorial to 2024-08-06 00:00:00+00:00, run_after=2024-08-07 00:00:00+00:00
[2024-08-07T10:06:08.673+0000] {processor.py:183} INFO - Processing /home/airflow/.local/lib/python3.12/site-packages/airflow/example_dags/tutorial.py took 0.360 seconds
[2024-08-07T10:06:38.985+0000] {processor.py:161} INFO - Started process (PID=1003) to work on /home/airflow/.local/lib/python3.12/site-packages/airflow/example_dags/tutorial.py
[2024-08-07T10:06:38.986+0000] {processor.py:830} INFO - Processing file /home/airflow/.local/lib/python3.12/site-packages/airflow/example_dags/tutorial.py for tasks to queue
[2024-08-07T10:06:38.988+0000] {logging_mixin.py:188} INFO - [2024-08-07T10:06:38.988+0000] {dagbag.py:545} INFO - Filling up the DagBag from /home/airflow/.local/lib/python3.12/site-packages/airflow/example_dags/tutorial.py
[2024-08-07T10:06:38.999+0000] {processor.py:840} INFO - DAG(s) 'tutorial' retrieved from /home/airflow/.local/lib/python3.12/site-packages/airflow/example_dags/tutorial.py
[2024-08-07T10:06:39.023+0000] {logging_mixin.py:188} INFO - [2024-08-07T10:06:39.022+0000] {dag.py:3089} INFO - Sync 1 DAGs
[2024-08-07T10:06:39.051+0000] {logging_mixin.py:188} INFO - [2024-08-07T10:06:39.051+0000] {dag.py:3947} INFO - Setting next_dagrun for tutorial to 2024-08-06 00:00:00+00:00, run_after=2024-08-07 00:00:00+00:00
[2024-08-07T10:06:39.116+0000] {processor.py:183} INFO - Processing /home/airflow/.local/lib/python3.12/site-packages/airflow/example_dags/tutorial.py took 0.137 seconds
