[2024-08-10T03:18:15.243+0000] {processor.py:161} INFO - Started process (PID=84) to work on /home/airflow/.local/lib/python3.12/site-packages/airflow/example_dags/example_sensors.py
[2024-08-10T03:18:15.245+0000] {processor.py:830} INFO - Processing file /home/airflow/.local/lib/python3.12/site-packages/airflow/example_dags/example_sensors.py for tasks to queue
[2024-08-10T03:18:15.248+0000] {logging_mixin.py:188} INFO - [2024-08-10T03:18:15.248+0000] {dagbag.py:545} INFO - Filling up the DagBag from /home/airflow/.local/lib/python3.12/site-packages/airflow/example_dags/example_sensors.py
[2024-08-10T03:18:15.339+0000] {processor.py:840} INFO - DAG(s) 'example_sensors' retrieved from /home/airflow/.local/lib/python3.12/site-packages/airflow/example_dags/example_sensors.py
[2024-08-10T03:18:15.528+0000] {logging_mixin.py:188} INFO - [2024-08-10T03:18:15.527+0000] {dag.py:3089} INFO - Sync 1 DAGs
[2024-08-10T03:18:15.871+0000] {logging_mixin.py:188} INFO - [2024-08-10T03:18:15.870+0000] {dag.py:3947} INFO - Setting next_dagrun for example_sensors to None, run_after=None
[2024-08-10T03:18:15.997+0000] {processor.py:183} INFO - Processing /home/airflow/.local/lib/python3.12/site-packages/airflow/example_dags/example_sensors.py took 0.764 seconds
[2024-08-10T03:18:46.880+0000] {processor.py:161} INFO - Started process (PID=142) to work on /home/airflow/.local/lib/python3.12/site-packages/airflow/example_dags/example_sensors.py
[2024-08-10T03:18:46.883+0000] {processor.py:830} INFO - Processing file /home/airflow/.local/lib/python3.12/site-packages/airflow/example_dags/example_sensors.py for tasks to queue
[2024-08-10T03:18:46.885+0000] {logging_mixin.py:188} INFO - [2024-08-10T03:18:46.885+0000] {dagbag.py:545} INFO - Filling up the DagBag from /home/airflow/.local/lib/python3.12/site-packages/airflow/example_dags/example_sensors.py
[2024-08-10T03:18:46.895+0000] {processor.py:840} INFO - DAG(s) 'example_sensors' retrieved from /home/airflow/.local/lib/python3.12/site-packages/airflow/example_dags/example_sensors.py
[2024-08-10T03:18:46.925+0000] {logging_mixin.py:188} INFO - [2024-08-10T03:18:46.924+0000] {dag.py:3089} INFO - Sync 1 DAGs
[2024-08-10T03:18:46.939+0000] {logging_mixin.py:188} INFO - [2024-08-10T03:18:46.939+0000] {dag.py:3947} INFO - Setting next_dagrun for example_sensors to None, run_after=None
[2024-08-10T03:18:46.970+0000] {processor.py:183} INFO - Processing /home/airflow/.local/lib/python3.12/site-packages/airflow/example_dags/example_sensors.py took 0.096 seconds
[2024-08-10T03:19:17.688+0000] {processor.py:161} INFO - Started process (PID=202) to work on /home/airflow/.local/lib/python3.12/site-packages/airflow/example_dags/example_sensors.py
[2024-08-10T03:19:17.691+0000] {processor.py:830} INFO - Processing file /home/airflow/.local/lib/python3.12/site-packages/airflow/example_dags/example_sensors.py for tasks to queue
[2024-08-10T03:19:17.693+0000] {logging_mixin.py:188} INFO - [2024-08-10T03:19:17.693+0000] {dagbag.py:545} INFO - Filling up the DagBag from /home/airflow/.local/lib/python3.12/site-packages/airflow/example_dags/example_sensors.py
[2024-08-10T03:19:17.704+0000] {processor.py:840} INFO - DAG(s) 'example_sensors' retrieved from /home/airflow/.local/lib/python3.12/site-packages/airflow/example_dags/example_sensors.py
[2024-08-10T03:19:17.732+0000] {logging_mixin.py:188} INFO - [2024-08-10T03:19:17.732+0000] {dag.py:3089} INFO - Sync 1 DAGs
[2024-08-10T03:19:17.748+0000] {logging_mixin.py:188} INFO - [2024-08-10T03:19:17.748+0000] {dag.py:3947} INFO - Setting next_dagrun for example_sensors to None, run_after=None
[2024-08-10T03:19:17.778+0000] {processor.py:183} INFO - Processing /home/airflow/.local/lib/python3.12/site-packages/airflow/example_dags/example_sensors.py took 0.097 seconds
[2024-08-10T03:19:48.485+0000] {processor.py:161} INFO - Started process (PID=262) to work on /home/airflow/.local/lib/python3.12/site-packages/airflow/example_dags/example_sensors.py
[2024-08-10T03:19:48.490+0000] {processor.py:830} INFO - Processing file /home/airflow/.local/lib/python3.12/site-packages/airflow/example_dags/example_sensors.py for tasks to queue
[2024-08-10T03:19:48.494+0000] {logging_mixin.py:188} INFO - [2024-08-10T03:19:48.494+0000] {dagbag.py:545} INFO - Filling up the DagBag from /home/airflow/.local/lib/python3.12/site-packages/airflow/example_dags/example_sensors.py
[2024-08-10T03:19:48.503+0000] {processor.py:840} INFO - DAG(s) 'example_sensors' retrieved from /home/airflow/.local/lib/python3.12/site-packages/airflow/example_dags/example_sensors.py
[2024-08-10T03:19:48.554+0000] {logging_mixin.py:188} INFO - [2024-08-10T03:19:48.554+0000] {dag.py:3089} INFO - Sync 1 DAGs
[2024-08-10T03:19:48.572+0000] {logging_mixin.py:188} INFO - [2024-08-10T03:19:48.571+0000] {dag.py:3947} INFO - Setting next_dagrun for example_sensors to None, run_after=None
[2024-08-10T03:19:48.612+0000] {processor.py:183} INFO - Processing /home/airflow/.local/lib/python3.12/site-packages/airflow/example_dags/example_sensors.py took 0.133 seconds
[2024-08-10T03:20:27.800+0000] {processor.py:161} INFO - Started process (PID=323) to work on /home/airflow/.local/lib/python3.12/site-packages/airflow/example_dags/example_sensors.py
[2024-08-10T03:20:27.802+0000] {processor.py:830} INFO - Processing file /home/airflow/.local/lib/python3.12/site-packages/airflow/example_dags/example_sensors.py for tasks to queue
[2024-08-10T03:20:27.818+0000] {logging_mixin.py:188} INFO - [2024-08-10T03:20:27.817+0000] {dagbag.py:545} INFO - Filling up the DagBag from /home/airflow/.local/lib/python3.12/site-packages/airflow/example_dags/example_sensors.py
[2024-08-10T03:20:27.832+0000] {processor.py:840} INFO - DAG(s) 'example_sensors' retrieved from /home/airflow/.local/lib/python3.12/site-packages/airflow/example_dags/example_sensors.py
[2024-08-10T03:20:27.894+0000] {logging_mixin.py:188} INFO - [2024-08-10T03:20:27.894+0000] {dag.py:3089} INFO - Sync 1 DAGs
[2024-08-10T03:20:27.942+0000] {logging_mixin.py:188} INFO - [2024-08-10T03:20:27.941+0000] {dag.py:3947} INFO - Setting next_dagrun for example_sensors to None, run_after=None
[2024-08-10T03:20:27.998+0000] {processor.py:183} INFO - Processing /home/airflow/.local/lib/python3.12/site-packages/airflow/example_dags/example_sensors.py took 0.206 seconds
[2024-08-10T03:20:58.590+0000] {processor.py:161} INFO - Started process (PID=382) to work on /home/airflow/.local/lib/python3.12/site-packages/airflow/example_dags/example_sensors.py
[2024-08-10T03:20:58.592+0000] {processor.py:830} INFO - Processing file /home/airflow/.local/lib/python3.12/site-packages/airflow/example_dags/example_sensors.py for tasks to queue
[2024-08-10T03:20:58.606+0000] {logging_mixin.py:188} INFO - [2024-08-10T03:20:58.604+0000] {dagbag.py:545} INFO - Filling up the DagBag from /home/airflow/.local/lib/python3.12/site-packages/airflow/example_dags/example_sensors.py
[2024-08-10T03:20:58.653+0000] {processor.py:840} INFO - DAG(s) 'example_sensors' retrieved from /home/airflow/.local/lib/python3.12/site-packages/airflow/example_dags/example_sensors.py
[2024-08-10T03:20:58.756+0000] {logging_mixin.py:188} INFO - [2024-08-10T03:20:58.751+0000] {dag.py:3089} INFO - Sync 1 DAGs
[2024-08-10T03:20:58.793+0000] {logging_mixin.py:188} INFO - [2024-08-10T03:20:58.793+0000] {dag.py:3947} INFO - Setting next_dagrun for example_sensors to None, run_after=None
[2024-08-10T03:20:58.840+0000] {processor.py:183} INFO - Processing /home/airflow/.local/lib/python3.12/site-packages/airflow/example_dags/example_sensors.py took 0.264 seconds
[2024-08-10T03:21:29.046+0000] {processor.py:161} INFO - Started process (PID=440) to work on /home/airflow/.local/lib/python3.12/site-packages/airflow/example_dags/example_sensors.py
[2024-08-10T03:21:29.047+0000] {processor.py:830} INFO - Processing file /home/airflow/.local/lib/python3.12/site-packages/airflow/example_dags/example_sensors.py for tasks to queue
[2024-08-10T03:21:29.050+0000] {logging_mixin.py:188} INFO - [2024-08-10T03:21:29.049+0000] {dagbag.py:545} INFO - Filling up the DagBag from /home/airflow/.local/lib/python3.12/site-packages/airflow/example_dags/example_sensors.py
[2024-08-10T03:21:29.060+0000] {processor.py:840} INFO - DAG(s) 'example_sensors' retrieved from /home/airflow/.local/lib/python3.12/site-packages/airflow/example_dags/example_sensors.py
[2024-08-10T03:21:29.090+0000] {logging_mixin.py:188} INFO - [2024-08-10T03:21:29.090+0000] {dag.py:3089} INFO - Sync 1 DAGs
[2024-08-10T03:21:29.104+0000] {logging_mixin.py:188} INFO - [2024-08-10T03:21:29.103+0000] {dag.py:3947} INFO - Setting next_dagrun for example_sensors to None, run_after=None
[2024-08-10T03:21:29.127+0000] {processor.py:183} INFO - Processing /home/airflow/.local/lib/python3.12/site-packages/airflow/example_dags/example_sensors.py took 0.089 seconds
[2024-08-10T03:21:59.283+0000] {processor.py:161} INFO - Started process (PID=500) to work on /home/airflow/.local/lib/python3.12/site-packages/airflow/example_dags/example_sensors.py
[2024-08-10T03:21:59.284+0000] {processor.py:830} INFO - Processing file /home/airflow/.local/lib/python3.12/site-packages/airflow/example_dags/example_sensors.py for tasks to queue
[2024-08-10T03:21:59.286+0000] {logging_mixin.py:188} INFO - [2024-08-10T03:21:59.286+0000] {dagbag.py:545} INFO - Filling up the DagBag from /home/airflow/.local/lib/python3.12/site-packages/airflow/example_dags/example_sensors.py
[2024-08-10T03:21:59.298+0000] {processor.py:840} INFO - DAG(s) 'example_sensors' retrieved from /home/airflow/.local/lib/python3.12/site-packages/airflow/example_dags/example_sensors.py
[2024-08-10T03:21:59.329+0000] {logging_mixin.py:188} INFO - [2024-08-10T03:21:59.329+0000] {dag.py:3089} INFO - Sync 1 DAGs
[2024-08-10T03:21:59.345+0000] {logging_mixin.py:188} INFO - [2024-08-10T03:21:59.344+0000] {dag.py:3947} INFO - Setting next_dagrun for example_sensors to None, run_after=None
[2024-08-10T03:21:59.372+0000] {processor.py:183} INFO - Processing /home/airflow/.local/lib/python3.12/site-packages/airflow/example_dags/example_sensors.py took 0.097 seconds
[2024-08-10T03:22:29.742+0000] {processor.py:161} INFO - Started process (PID=560) to work on /home/airflow/.local/lib/python3.12/site-packages/airflow/example_dags/example_sensors.py
[2024-08-10T03:22:29.743+0000] {processor.py:830} INFO - Processing file /home/airflow/.local/lib/python3.12/site-packages/airflow/example_dags/example_sensors.py for tasks to queue
[2024-08-10T03:22:29.746+0000] {logging_mixin.py:188} INFO - [2024-08-10T03:22:29.745+0000] {dagbag.py:545} INFO - Filling up the DagBag from /home/airflow/.local/lib/python3.12/site-packages/airflow/example_dags/example_sensors.py
[2024-08-10T03:22:29.757+0000] {processor.py:840} INFO - DAG(s) 'example_sensors' retrieved from /home/airflow/.local/lib/python3.12/site-packages/airflow/example_dags/example_sensors.py
[2024-08-10T03:22:29.790+0000] {logging_mixin.py:188} INFO - [2024-08-10T03:22:29.790+0000] {dag.py:3089} INFO - Sync 1 DAGs
[2024-08-10T03:22:29.806+0000] {logging_mixin.py:188} INFO - [2024-08-10T03:22:29.806+0000] {dag.py:3947} INFO - Setting next_dagrun for example_sensors to None, run_after=None
[2024-08-10T03:22:29.836+0000] {processor.py:183} INFO - Processing /home/airflow/.local/lib/python3.12/site-packages/airflow/example_dags/example_sensors.py took 0.100 seconds
[2024-08-10T03:23:00.524+0000] {processor.py:161} INFO - Started process (PID=620) to work on /home/airflow/.local/lib/python3.12/site-packages/airflow/example_dags/example_sensors.py
[2024-08-10T03:23:00.525+0000] {processor.py:830} INFO - Processing file /home/airflow/.local/lib/python3.12/site-packages/airflow/example_dags/example_sensors.py for tasks to queue
[2024-08-10T03:23:00.527+0000] {logging_mixin.py:188} INFO - [2024-08-10T03:23:00.527+0000] {dagbag.py:545} INFO - Filling up the DagBag from /home/airflow/.local/lib/python3.12/site-packages/airflow/example_dags/example_sensors.py
[2024-08-10T03:23:00.536+0000] {processor.py:840} INFO - DAG(s) 'example_sensors' retrieved from /home/airflow/.local/lib/python3.12/site-packages/airflow/example_dags/example_sensors.py
[2024-08-10T03:23:00.565+0000] {logging_mixin.py:188} INFO - [2024-08-10T03:23:00.565+0000] {dag.py:3089} INFO - Sync 1 DAGs
[2024-08-10T03:23:00.581+0000] {logging_mixin.py:188} INFO - [2024-08-10T03:23:00.580+0000] {dag.py:3947} INFO - Setting next_dagrun for example_sensors to None, run_after=None
[2024-08-10T03:23:00.603+0000] {processor.py:183} INFO - Processing /home/airflow/.local/lib/python3.12/site-packages/airflow/example_dags/example_sensors.py took 0.085 seconds
[2024-08-10T03:23:30.936+0000] {processor.py:161} INFO - Started process (PID=680) to work on /home/airflow/.local/lib/python3.12/site-packages/airflow/example_dags/example_sensors.py
[2024-08-10T03:23:30.937+0000] {processor.py:830} INFO - Processing file /home/airflow/.local/lib/python3.12/site-packages/airflow/example_dags/example_sensors.py for tasks to queue
[2024-08-10T03:23:30.939+0000] {logging_mixin.py:188} INFO - [2024-08-10T03:23:30.939+0000] {dagbag.py:545} INFO - Filling up the DagBag from /home/airflow/.local/lib/python3.12/site-packages/airflow/example_dags/example_sensors.py
[2024-08-10T03:23:30.950+0000] {processor.py:840} INFO - DAG(s) 'example_sensors' retrieved from /home/airflow/.local/lib/python3.12/site-packages/airflow/example_dags/example_sensors.py
[2024-08-10T03:23:30.988+0000] {logging_mixin.py:188} INFO - [2024-08-10T03:23:30.988+0000] {dag.py:3089} INFO - Sync 1 DAGs
[2024-08-10T03:23:31.001+0000] {logging_mixin.py:188} INFO - [2024-08-10T03:23:31.001+0000] {dag.py:3947} INFO - Setting next_dagrun for example_sensors to None, run_after=None
[2024-08-10T03:23:31.082+0000] {processor.py:183} INFO - Processing /home/airflow/.local/lib/python3.12/site-packages/airflow/example_dags/example_sensors.py took 0.153 seconds
[2024-08-10T03:24:01.279+0000] {processor.py:161} INFO - Started process (PID=738) to work on /home/airflow/.local/lib/python3.12/site-packages/airflow/example_dags/example_sensors.py
[2024-08-10T03:24:01.302+0000] {processor.py:830} INFO - Processing file /home/airflow/.local/lib/python3.12/site-packages/airflow/example_dags/example_sensors.py for tasks to queue
[2024-08-10T03:24:01.304+0000] {logging_mixin.py:188} INFO - [2024-08-10T03:24:01.304+0000] {dagbag.py:545} INFO - Filling up the DagBag from /home/airflow/.local/lib/python3.12/site-packages/airflow/example_dags/example_sensors.py
[2024-08-10T03:24:01.315+0000] {processor.py:840} INFO - DAG(s) 'example_sensors' retrieved from /home/airflow/.local/lib/python3.12/site-packages/airflow/example_dags/example_sensors.py
[2024-08-10T03:24:01.376+0000] {logging_mixin.py:188} INFO - [2024-08-10T03:24:01.376+0000] {dag.py:3089} INFO - Sync 1 DAGs
[2024-08-10T03:24:01.405+0000] {logging_mixin.py:188} INFO - [2024-08-10T03:24:01.405+0000] {dag.py:3947} INFO - Setting next_dagrun for example_sensors to None, run_after=None
[2024-08-10T03:24:01.516+0000] {processor.py:183} INFO - Processing /home/airflow/.local/lib/python3.12/site-packages/airflow/example_dags/example_sensors.py took 0.243 seconds
[2024-08-10T03:24:31.730+0000] {processor.py:161} INFO - Started process (PID=799) to work on /home/airflow/.local/lib/python3.12/site-packages/airflow/example_dags/example_sensors.py
[2024-08-10T03:24:31.731+0000] {processor.py:830} INFO - Processing file /home/airflow/.local/lib/python3.12/site-packages/airflow/example_dags/example_sensors.py for tasks to queue
[2024-08-10T03:24:31.733+0000] {logging_mixin.py:188} INFO - [2024-08-10T03:24:31.733+0000] {dagbag.py:545} INFO - Filling up the DagBag from /home/airflow/.local/lib/python3.12/site-packages/airflow/example_dags/example_sensors.py
[2024-08-10T03:24:31.744+0000] {processor.py:840} INFO - DAG(s) 'example_sensors' retrieved from /home/airflow/.local/lib/python3.12/site-packages/airflow/example_dags/example_sensors.py
[2024-08-10T03:24:31.776+0000] {logging_mixin.py:188} INFO - [2024-08-10T03:24:31.775+0000] {dag.py:3089} INFO - Sync 1 DAGs
[2024-08-10T03:24:31.792+0000] {logging_mixin.py:188} INFO - [2024-08-10T03:24:31.792+0000] {dag.py:3947} INFO - Setting next_dagrun for example_sensors to None, run_after=None
[2024-08-10T03:24:31.823+0000] {processor.py:183} INFO - Processing /home/airflow/.local/lib/python3.12/site-packages/airflow/example_dags/example_sensors.py took 0.098 seconds
[2024-08-10T03:25:02.020+0000] {processor.py:161} INFO - Started process (PID=859) to work on /home/airflow/.local/lib/python3.12/site-packages/airflow/example_dags/example_sensors.py
[2024-08-10T03:25:02.021+0000] {processor.py:830} INFO - Processing file /home/airflow/.local/lib/python3.12/site-packages/airflow/example_dags/example_sensors.py for tasks to queue
[2024-08-10T03:25:02.023+0000] {logging_mixin.py:188} INFO - [2024-08-10T03:25:02.023+0000] {dagbag.py:545} INFO - Filling up the DagBag from /home/airflow/.local/lib/python3.12/site-packages/airflow/example_dags/example_sensors.py
[2024-08-10T03:25:02.032+0000] {processor.py:840} INFO - DAG(s) 'example_sensors' retrieved from /home/airflow/.local/lib/python3.12/site-packages/airflow/example_dags/example_sensors.py
[2024-08-10T03:25:02.057+0000] {logging_mixin.py:188} INFO - [2024-08-10T03:25:02.057+0000] {dag.py:3089} INFO - Sync 1 DAGs
[2024-08-10T03:25:02.072+0000] {logging_mixin.py:188} INFO - [2024-08-10T03:25:02.072+0000] {dag.py:3947} INFO - Setting next_dagrun for example_sensors to None, run_after=None
[2024-08-10T03:25:02.114+0000] {processor.py:183} INFO - Processing /home/airflow/.local/lib/python3.12/site-packages/airflow/example_dags/example_sensors.py took 0.100 seconds
[2024-08-10T03:25:32.720+0000] {processor.py:161} INFO - Started process (PID=918) to work on /home/airflow/.local/lib/python3.12/site-packages/airflow/example_dags/example_sensors.py
[2024-08-10T03:25:32.721+0000] {processor.py:830} INFO - Processing file /home/airflow/.local/lib/python3.12/site-packages/airflow/example_dags/example_sensors.py for tasks to queue
[2024-08-10T03:25:32.723+0000] {logging_mixin.py:188} INFO - [2024-08-10T03:25:32.723+0000] {dagbag.py:545} INFO - Filling up the DagBag from /home/airflow/.local/lib/python3.12/site-packages/airflow/example_dags/example_sensors.py
[2024-08-10T03:25:32.733+0000] {processor.py:840} INFO - DAG(s) 'example_sensors' retrieved from /home/airflow/.local/lib/python3.12/site-packages/airflow/example_dags/example_sensors.py
[2024-08-10T03:25:32.765+0000] {logging_mixin.py:188} INFO - [2024-08-10T03:25:32.764+0000] {dag.py:3089} INFO - Sync 1 DAGs
[2024-08-10T03:25:32.781+0000] {logging_mixin.py:188} INFO - [2024-08-10T03:25:32.780+0000] {dag.py:3947} INFO - Setting next_dagrun for example_sensors to None, run_after=None
[2024-08-10T03:25:32.805+0000] {processor.py:183} INFO - Processing /home/airflow/.local/lib/python3.12/site-packages/airflow/example_dags/example_sensors.py took 0.093 seconds
[2024-08-10T03:26:03.147+0000] {processor.py:161} INFO - Started process (PID=978) to work on /home/airflow/.local/lib/python3.12/site-packages/airflow/example_dags/example_sensors.py
[2024-08-10T03:26:03.148+0000] {processor.py:830} INFO - Processing file /home/airflow/.local/lib/python3.12/site-packages/airflow/example_dags/example_sensors.py for tasks to queue
[2024-08-10T03:26:03.151+0000] {logging_mixin.py:188} INFO - [2024-08-10T03:26:03.150+0000] {dagbag.py:545} INFO - Filling up the DagBag from /home/airflow/.local/lib/python3.12/site-packages/airflow/example_dags/example_sensors.py
[2024-08-10T03:26:03.161+0000] {processor.py:840} INFO - DAG(s) 'example_sensors' retrieved from /home/airflow/.local/lib/python3.12/site-packages/airflow/example_dags/example_sensors.py
[2024-08-10T03:26:03.194+0000] {logging_mixin.py:188} INFO - [2024-08-10T03:26:03.193+0000] {dag.py:3089} INFO - Sync 1 DAGs
[2024-08-10T03:26:03.209+0000] {logging_mixin.py:188} INFO - [2024-08-10T03:26:03.209+0000] {dag.py:3947} INFO - Setting next_dagrun for example_sensors to None, run_after=None
[2024-08-10T03:26:03.233+0000] {processor.py:183} INFO - Processing /home/airflow/.local/lib/python3.12/site-packages/airflow/example_dags/example_sensors.py took 0.093 seconds
[2024-08-10T03:26:33.886+0000] {processor.py:161} INFO - Started process (PID=1040) to work on /home/airflow/.local/lib/python3.12/site-packages/airflow/example_dags/example_sensors.py
[2024-08-10T03:26:33.887+0000] {processor.py:830} INFO - Processing file /home/airflow/.local/lib/python3.12/site-packages/airflow/example_dags/example_sensors.py for tasks to queue
[2024-08-10T03:26:33.889+0000] {logging_mixin.py:188} INFO - [2024-08-10T03:26:33.889+0000] {dagbag.py:545} INFO - Filling up the DagBag from /home/airflow/.local/lib/python3.12/site-packages/airflow/example_dags/example_sensors.py
[2024-08-10T03:26:33.899+0000] {processor.py:840} INFO - DAG(s) 'example_sensors' retrieved from /home/airflow/.local/lib/python3.12/site-packages/airflow/example_dags/example_sensors.py
[2024-08-10T03:26:33.929+0000] {logging_mixin.py:188} INFO - [2024-08-10T03:26:33.929+0000] {dag.py:3089} INFO - Sync 1 DAGs
[2024-08-10T03:26:33.946+0000] {logging_mixin.py:188} INFO - [2024-08-10T03:26:33.945+0000] {dag.py:3947} INFO - Setting next_dagrun for example_sensors to None, run_after=None
[2024-08-10T03:26:33.972+0000] {processor.py:183} INFO - Processing /home/airflow/.local/lib/python3.12/site-packages/airflow/example_dags/example_sensors.py took 0.092 seconds
[2024-08-10T03:27:04.570+0000] {processor.py:161} INFO - Started process (PID=1100) to work on /home/airflow/.local/lib/python3.12/site-packages/airflow/example_dags/example_sensors.py
[2024-08-10T03:27:04.571+0000] {processor.py:830} INFO - Processing file /home/airflow/.local/lib/python3.12/site-packages/airflow/example_dags/example_sensors.py for tasks to queue
[2024-08-10T03:27:04.573+0000] {logging_mixin.py:188} INFO - [2024-08-10T03:27:04.572+0000] {dagbag.py:545} INFO - Filling up the DagBag from /home/airflow/.local/lib/python3.12/site-packages/airflow/example_dags/example_sensors.py
[2024-08-10T03:27:04.583+0000] {processor.py:840} INFO - DAG(s) 'example_sensors' retrieved from /home/airflow/.local/lib/python3.12/site-packages/airflow/example_dags/example_sensors.py
[2024-08-10T03:27:04.609+0000] {logging_mixin.py:188} INFO - [2024-08-10T03:27:04.608+0000] {dag.py:3089} INFO - Sync 1 DAGs
[2024-08-10T03:27:04.626+0000] {logging_mixin.py:188} INFO - [2024-08-10T03:27:04.626+0000] {dag.py:3947} INFO - Setting next_dagrun for example_sensors to None, run_after=None
[2024-08-10T03:27:04.655+0000] {processor.py:183} INFO - Processing /home/airflow/.local/lib/python3.12/site-packages/airflow/example_dags/example_sensors.py took 0.091 seconds
[2024-08-10T03:27:34.860+0000] {processor.py:161} INFO - Started process (PID=1160) to work on /home/airflow/.local/lib/python3.12/site-packages/airflow/example_dags/example_sensors.py
[2024-08-10T03:27:34.861+0000] {processor.py:830} INFO - Processing file /home/airflow/.local/lib/python3.12/site-packages/airflow/example_dags/example_sensors.py for tasks to queue
[2024-08-10T03:27:34.864+0000] {logging_mixin.py:188} INFO - [2024-08-10T03:27:34.863+0000] {dagbag.py:545} INFO - Filling up the DagBag from /home/airflow/.local/lib/python3.12/site-packages/airflow/example_dags/example_sensors.py
[2024-08-10T03:27:34.875+0000] {processor.py:840} INFO - DAG(s) 'example_sensors' retrieved from /home/airflow/.local/lib/python3.12/site-packages/airflow/example_dags/example_sensors.py
[2024-08-10T03:27:34.907+0000] {logging_mixin.py:188} INFO - [2024-08-10T03:27:34.907+0000] {dag.py:3089} INFO - Sync 1 DAGs
[2024-08-10T03:27:34.929+0000] {logging_mixin.py:188} INFO - [2024-08-10T03:27:34.928+0000] {dag.py:3947} INFO - Setting next_dagrun for example_sensors to None, run_after=None
[2024-08-10T03:27:34.956+0000] {processor.py:183} INFO - Processing /home/airflow/.local/lib/python3.12/site-packages/airflow/example_dags/example_sensors.py took 0.104 seconds
[2024-08-10T03:28:05.423+0000] {processor.py:161} INFO - Started process (PID=1220) to work on /home/airflow/.local/lib/python3.12/site-packages/airflow/example_dags/example_sensors.py
[2024-08-10T03:28:05.424+0000] {processor.py:830} INFO - Processing file /home/airflow/.local/lib/python3.12/site-packages/airflow/example_dags/example_sensors.py for tasks to queue
[2024-08-10T03:28:05.427+0000] {logging_mixin.py:188} INFO - [2024-08-10T03:28:05.426+0000] {dagbag.py:545} INFO - Filling up the DagBag from /home/airflow/.local/lib/python3.12/site-packages/airflow/example_dags/example_sensors.py
[2024-08-10T03:28:05.437+0000] {processor.py:840} INFO - DAG(s) 'example_sensors' retrieved from /home/airflow/.local/lib/python3.12/site-packages/airflow/example_dags/example_sensors.py
[2024-08-10T03:28:05.467+0000] {logging_mixin.py:188} INFO - [2024-08-10T03:28:05.467+0000] {dag.py:3089} INFO - Sync 1 DAGs
[2024-08-10T03:28:05.482+0000] {logging_mixin.py:188} INFO - [2024-08-10T03:28:05.482+0000] {dag.py:3947} INFO - Setting next_dagrun for example_sensors to None, run_after=None
[2024-08-10T03:28:05.511+0000] {processor.py:183} INFO - Processing /home/airflow/.local/lib/python3.12/site-packages/airflow/example_dags/example_sensors.py took 0.094 seconds
[2024-08-10T03:28:35.718+0000] {processor.py:161} INFO - Started process (PID=1279) to work on /home/airflow/.local/lib/python3.12/site-packages/airflow/example_dags/example_sensors.py
[2024-08-10T03:28:35.721+0000] {processor.py:830} INFO - Processing file /home/airflow/.local/lib/python3.12/site-packages/airflow/example_dags/example_sensors.py for tasks to queue
[2024-08-10T03:28:35.729+0000] {logging_mixin.py:188} INFO - [2024-08-10T03:28:35.728+0000] {dagbag.py:545} INFO - Filling up the DagBag from /home/airflow/.local/lib/python3.12/site-packages/airflow/example_dags/example_sensors.py
[2024-08-10T03:28:35.765+0000] {processor.py:840} INFO - DAG(s) 'example_sensors' retrieved from /home/airflow/.local/lib/python3.12/site-packages/airflow/example_dags/example_sensors.py
[2024-08-10T03:28:35.855+0000] {logging_mixin.py:188} INFO - [2024-08-10T03:28:35.853+0000] {dag.py:3089} INFO - Sync 1 DAGs
[2024-08-10T03:28:35.894+0000] {logging_mixin.py:188} INFO - [2024-08-10T03:28:35.893+0000] {dag.py:3947} INFO - Setting next_dagrun for example_sensors to None, run_after=None
[2024-08-10T03:28:35.982+0000] {processor.py:183} INFO - Processing /home/airflow/.local/lib/python3.12/site-packages/airflow/example_dags/example_sensors.py took 0.310 seconds
[2024-08-10T03:29:06.703+0000] {processor.py:161} INFO - Started process (PID=1338) to work on /home/airflow/.local/lib/python3.12/site-packages/airflow/example_dags/example_sensors.py
[2024-08-10T03:29:06.708+0000] {processor.py:830} INFO - Processing file /home/airflow/.local/lib/python3.12/site-packages/airflow/example_dags/example_sensors.py for tasks to queue
[2024-08-10T03:29:06.720+0000] {logging_mixin.py:188} INFO - [2024-08-10T03:29:06.718+0000] {dagbag.py:545} INFO - Filling up the DagBag from /home/airflow/.local/lib/python3.12/site-packages/airflow/example_dags/example_sensors.py
[2024-08-10T03:29:10.250+0000] {processor.py:840} INFO - DAG(s) 'example_sensors' retrieved from /home/airflow/.local/lib/python3.12/site-packages/airflow/example_dags/example_sensors.py
[2024-08-10T03:29:11.719+0000] {logging_mixin.py:188} INFO - [2024-08-10T03:29:11.719+0000] {dag.py:3089} INFO - Sync 1 DAGs
[2024-08-10T03:29:12.072+0000] {logging_mixin.py:188} INFO - [2024-08-10T03:29:12.072+0000] {dag.py:3947} INFO - Setting next_dagrun for example_sensors to None, run_after=None
[2024-08-10T03:29:12.338+0000] {processor.py:183} INFO - Processing /home/airflow/.local/lib/python3.12/site-packages/airflow/example_dags/example_sensors.py took 5.724 seconds
[2024-08-10T03:29:43.667+0000] {processor.py:161} INFO - Started process (PID=1404) to work on /home/airflow/.local/lib/python3.12/site-packages/airflow/example_dags/example_sensors.py
[2024-08-10T03:29:43.672+0000] {processor.py:830} INFO - Processing file /home/airflow/.local/lib/python3.12/site-packages/airflow/example_dags/example_sensors.py for tasks to queue
[2024-08-10T03:29:43.677+0000] {logging_mixin.py:188} INFO - [2024-08-10T03:29:43.676+0000] {dagbag.py:545} INFO - Filling up the DagBag from /home/airflow/.local/lib/python3.12/site-packages/airflow/example_dags/example_sensors.py
[2024-08-10T03:29:43.689+0000] {processor.py:840} INFO - DAG(s) 'example_sensors' retrieved from /home/airflow/.local/lib/python3.12/site-packages/airflow/example_dags/example_sensors.py
[2024-08-10T03:29:43.720+0000] {logging_mixin.py:188} INFO - [2024-08-10T03:29:43.720+0000] {dag.py:3089} INFO - Sync 1 DAGs
[2024-08-10T03:29:43.752+0000] {logging_mixin.py:188} INFO - [2024-08-10T03:29:43.751+0000] {dag.py:3947} INFO - Setting next_dagrun for example_sensors to None, run_after=None
[2024-08-10T03:29:43.890+0000] {processor.py:183} INFO - Processing /home/airflow/.local/lib/python3.12/site-packages/airflow/example_dags/example_sensors.py took 0.229 seconds
[2024-08-10T03:30:35.342+0000] {processor.py:161} INFO - Started process (PID=1464) to work on /home/airflow/.local/lib/python3.12/site-packages/airflow/example_dags/example_sensors.py
[2024-08-10T03:30:35.347+0000] {processor.py:830} INFO - Processing file /home/airflow/.local/lib/python3.12/site-packages/airflow/example_dags/example_sensors.py for tasks to queue
[2024-08-10T03:30:35.358+0000] {logging_mixin.py:188} INFO - [2024-08-10T03:30:35.357+0000] {dagbag.py:545} INFO - Filling up the DagBag from /home/airflow/.local/lib/python3.12/site-packages/airflow/example_dags/example_sensors.py
[2024-08-10T03:30:35.403+0000] {processor.py:840} INFO - DAG(s) 'example_sensors' retrieved from /home/airflow/.local/lib/python3.12/site-packages/airflow/example_dags/example_sensors.py
[2024-08-10T03:30:35.487+0000] {logging_mixin.py:188} INFO - [2024-08-10T03:30:35.486+0000] {dag.py:3089} INFO - Sync 1 DAGs
[2024-08-10T03:30:35.504+0000] {logging_mixin.py:188} INFO - [2024-08-10T03:30:35.504+0000] {dag.py:3947} INFO - Setting next_dagrun for example_sensors to None, run_after=None
[2024-08-10T03:30:35.677+0000] {processor.py:183} INFO - Processing /home/airflow/.local/lib/python3.12/site-packages/airflow/example_dags/example_sensors.py took 0.351 seconds
[2024-08-10T03:31:06.123+0000] {processor.py:161} INFO - Started process (PID=1523) to work on /home/airflow/.local/lib/python3.12/site-packages/airflow/example_dags/example_sensors.py
[2024-08-10T03:31:06.131+0000] {processor.py:830} INFO - Processing file /home/airflow/.local/lib/python3.12/site-packages/airflow/example_dags/example_sensors.py for tasks to queue
[2024-08-10T03:31:06.194+0000] {logging_mixin.py:188} INFO - [2024-08-10T03:31:06.194+0000] {dagbag.py:545} INFO - Filling up the DagBag from /home/airflow/.local/lib/python3.12/site-packages/airflow/example_dags/example_sensors.py
[2024-08-10T03:31:06.696+0000] {processor.py:840} INFO - DAG(s) 'example_sensors' retrieved from /home/airflow/.local/lib/python3.12/site-packages/airflow/example_dags/example_sensors.py
[2024-08-10T03:31:06.908+0000] {logging_mixin.py:188} INFO - [2024-08-10T03:31:06.908+0000] {dag.py:3089} INFO - Sync 1 DAGs
[2024-08-10T03:31:06.998+0000] {logging_mixin.py:188} INFO - [2024-08-10T03:31:06.997+0000] {dag.py:3947} INFO - Setting next_dagrun for example_sensors to None, run_after=None
[2024-08-10T03:31:07.787+0000] {processor.py:183} INFO - Processing /home/airflow/.local/lib/python3.12/site-packages/airflow/example_dags/example_sensors.py took 1.986 seconds
[2024-08-10T03:31:46.681+0000] {processor.py:161} INFO - Started process (PID=1583) to work on /home/airflow/.local/lib/python3.12/site-packages/airflow/example_dags/example_sensors.py
[2024-08-10T03:31:46.695+0000] {processor.py:830} INFO - Processing file /home/airflow/.local/lib/python3.12/site-packages/airflow/example_dags/example_sensors.py for tasks to queue
[2024-08-10T03:31:46.696+0000] {logging_mixin.py:188} INFO - [2024-08-10T03:31:46.696+0000] {dagbag.py:545} INFO - Filling up the DagBag from /home/airflow/.local/lib/python3.12/site-packages/airflow/example_dags/example_sensors.py
[2024-08-10T03:31:46.717+0000] {processor.py:840} INFO - DAG(s) 'example_sensors' retrieved from /home/airflow/.local/lib/python3.12/site-packages/airflow/example_dags/example_sensors.py
[2024-08-10T03:31:47.014+0000] {logging_mixin.py:188} INFO - [2024-08-10T03:31:47.013+0000] {dag.py:3089} INFO - Sync 1 DAGs
[2024-08-10T03:31:47.051+0000] {logging_mixin.py:188} INFO - [2024-08-10T03:31:47.051+0000] {dag.py:3947} INFO - Setting next_dagrun for example_sensors to None, run_after=None
[2024-08-10T03:31:47.442+0000] {processor.py:183} INFO - Processing /home/airflow/.local/lib/python3.12/site-packages/airflow/example_dags/example_sensors.py took 0.787 seconds
[2024-08-10T03:32:38.700+0000] {processor.py:161} INFO - Started process (PID=1644) to work on /home/airflow/.local/lib/python3.12/site-packages/airflow/example_dags/example_sensors.py
[2024-08-10T03:32:38.701+0000] {processor.py:830} INFO - Processing file /home/airflow/.local/lib/python3.12/site-packages/airflow/example_dags/example_sensors.py for tasks to queue
[2024-08-10T03:32:38.702+0000] {logging_mixin.py:188} INFO - [2024-08-10T03:32:38.702+0000] {dagbag.py:545} INFO - Filling up the DagBag from /home/airflow/.local/lib/python3.12/site-packages/airflow/example_dags/example_sensors.py
[2024-08-10T03:32:38.743+0000] {processor.py:840} INFO - DAG(s) 'example_sensors' retrieved from /home/airflow/.local/lib/python3.12/site-packages/airflow/example_dags/example_sensors.py
[2024-08-10T03:32:38.820+0000] {logging_mixin.py:188} INFO - [2024-08-10T03:32:38.820+0000] {dag.py:3089} INFO - Sync 1 DAGs
[2024-08-10T03:32:38.854+0000] {logging_mixin.py:188} INFO - [2024-08-10T03:32:38.853+0000] {dag.py:3947} INFO - Setting next_dagrun for example_sensors to None, run_after=None
[2024-08-10T03:32:38.923+0000] {processor.py:183} INFO - Processing /home/airflow/.local/lib/python3.12/site-packages/airflow/example_dags/example_sensors.py took 0.251 seconds
[2024-08-10T03:33:25.221+0000] {processor.py:161} INFO - Started process (PID=1707) to work on /home/airflow/.local/lib/python3.12/site-packages/airflow/example_dags/example_sensors.py
[2024-08-10T03:33:25.224+0000] {processor.py:830} INFO - Processing file /home/airflow/.local/lib/python3.12/site-packages/airflow/example_dags/example_sensors.py for tasks to queue
[2024-08-10T03:33:25.226+0000] {logging_mixin.py:188} INFO - [2024-08-10T03:33:25.225+0000] {dagbag.py:545} INFO - Filling up the DagBag from /home/airflow/.local/lib/python3.12/site-packages/airflow/example_dags/example_sensors.py
[2024-08-10T03:33:25.243+0000] {processor.py:840} INFO - DAG(s) 'example_sensors' retrieved from /home/airflow/.local/lib/python3.12/site-packages/airflow/example_dags/example_sensors.py
[2024-08-10T03:33:25.303+0000] {logging_mixin.py:188} INFO - [2024-08-10T03:33:25.302+0000] {dag.py:3089} INFO - Sync 1 DAGs
[2024-08-10T03:33:25.328+0000] {logging_mixin.py:188} INFO - [2024-08-10T03:33:25.327+0000] {dag.py:3947} INFO - Setting next_dagrun for example_sensors to None, run_after=None
[2024-08-10T03:33:25.364+0000] {processor.py:183} INFO - Processing /home/airflow/.local/lib/python3.12/site-packages/airflow/example_dags/example_sensors.py took 0.150 seconds
[2024-08-10T03:34:54.239+0000] {processor.py:161} INFO - Started process (PID=1781) to work on /home/airflow/.local/lib/python3.12/site-packages/airflow/example_dags/example_sensors.py
[2024-08-10T03:34:54.241+0000] {processor.py:830} INFO - Processing file /home/airflow/.local/lib/python3.12/site-packages/airflow/example_dags/example_sensors.py for tasks to queue
[2024-08-10T03:34:54.247+0000] {logging_mixin.py:188} INFO - [2024-08-10T03:34:54.242+0000] {dagbag.py:545} INFO - Filling up the DagBag from /home/airflow/.local/lib/python3.12/site-packages/airflow/example_dags/example_sensors.py
[2024-08-10T03:34:54.262+0000] {processor.py:840} INFO - DAG(s) 'example_sensors' retrieved from /home/airflow/.local/lib/python3.12/site-packages/airflow/example_dags/example_sensors.py
[2024-08-10T03:34:54.294+0000] {logging_mixin.py:188} INFO - [2024-08-10T03:34:54.294+0000] {dag.py:3089} INFO - Sync 1 DAGs
[2024-08-10T03:34:54.309+0000] {logging_mixin.py:188} INFO - [2024-08-10T03:34:54.309+0000] {dag.py:3947} INFO - Setting next_dagrun for example_sensors to None, run_after=None
[2024-08-10T03:34:56.831+0000] {processor.py:183} INFO - Processing /home/airflow/.local/lib/python3.12/site-packages/airflow/example_dags/example_sensors.py took 2.599 seconds
[2024-08-10T03:35:40.806+0000] {processor.py:161} INFO - Started process (PID=1841) to work on /home/airflow/.local/lib/python3.12/site-packages/airflow/example_dags/example_sensors.py
[2024-08-10T03:35:40.811+0000] {processor.py:830} INFO - Processing file /home/airflow/.local/lib/python3.12/site-packages/airflow/example_dags/example_sensors.py for tasks to queue
[2024-08-10T03:35:40.812+0000] {logging_mixin.py:188} INFO - [2024-08-10T03:35:40.812+0000] {dagbag.py:545} INFO - Filling up the DagBag from /home/airflow/.local/lib/python3.12/site-packages/airflow/example_dags/example_sensors.py
[2024-08-10T03:35:40.828+0000] {processor.py:840} INFO - DAG(s) 'example_sensors' retrieved from /home/airflow/.local/lib/python3.12/site-packages/airflow/example_dags/example_sensors.py
[2024-08-10T03:35:40.859+0000] {logging_mixin.py:188} INFO - [2024-08-10T03:35:40.859+0000] {dag.py:3089} INFO - Sync 1 DAGs
[2024-08-10T03:35:40.876+0000] {logging_mixin.py:188} INFO - [2024-08-10T03:35:40.876+0000] {dag.py:3947} INFO - Setting next_dagrun for example_sensors to None, run_after=None
[2024-08-10T03:35:41.651+0000] {processor.py:183} INFO - Processing /home/airflow/.local/lib/python3.12/site-packages/airflow/example_dags/example_sensors.py took 0.854 seconds
[2024-08-10T03:36:15.679+0000] {processor.py:161} INFO - Started process (PID=1901) to work on /home/airflow/.local/lib/python3.12/site-packages/airflow/example_dags/example_sensors.py
[2024-08-10T03:36:15.684+0000] {processor.py:830} INFO - Processing file /home/airflow/.local/lib/python3.12/site-packages/airflow/example_dags/example_sensors.py for tasks to queue
[2024-08-10T03:36:15.697+0000] {logging_mixin.py:188} INFO - [2024-08-10T03:36:15.695+0000] {dagbag.py:545} INFO - Filling up the DagBag from /home/airflow/.local/lib/python3.12/site-packages/airflow/example_dags/example_sensors.py
[2024-08-10T03:36:15.768+0000] {processor.py:840} INFO - DAG(s) 'example_sensors' retrieved from /home/airflow/.local/lib/python3.12/site-packages/airflow/example_dags/example_sensors.py
[2024-08-10T03:36:15.887+0000] {logging_mixin.py:188} INFO - [2024-08-10T03:36:15.887+0000] {dag.py:3089} INFO - Sync 1 DAGs
[2024-08-10T03:36:15.932+0000] {logging_mixin.py:188} INFO - [2024-08-10T03:36:15.932+0000] {dag.py:3947} INFO - Setting next_dagrun for example_sensors to None, run_after=None
[2024-08-10T03:36:16.122+0000] {processor.py:183} INFO - Processing /home/airflow/.local/lib/python3.12/site-packages/airflow/example_dags/example_sensors.py took 0.448 seconds
[2024-08-10T03:37:07.359+0000] {processor.py:161} INFO - Started process (PID=1951) to work on /home/airflow/.local/lib/python3.12/site-packages/airflow/example_dags/example_sensors.py
[2024-08-10T03:37:07.365+0000] {processor.py:830} INFO - Processing file /home/airflow/.local/lib/python3.12/site-packages/airflow/example_dags/example_sensors.py for tasks to queue
[2024-08-10T03:37:07.373+0000] {logging_mixin.py:188} INFO - [2024-08-10T03:37:07.372+0000] {dagbag.py:545} INFO - Filling up the DagBag from /home/airflow/.local/lib/python3.12/site-packages/airflow/example_dags/example_sensors.py
[2024-08-10T03:37:07.466+0000] {processor.py:840} INFO - DAG(s) 'example_sensors' retrieved from /home/airflow/.local/lib/python3.12/site-packages/airflow/example_dags/example_sensors.py
[2024-08-10T03:37:07.662+0000] {logging_mixin.py:188} INFO - [2024-08-10T03:37:07.662+0000] {dag.py:3089} INFO - Sync 1 DAGs
[2024-08-10T03:37:07.729+0000] {logging_mixin.py:188} INFO - [2024-08-10T03:37:07.728+0000] {dag.py:3947} INFO - Setting next_dagrun for example_sensors to None, run_after=None
[2024-08-10T03:37:08.222+0000] {processor.py:183} INFO - Processing /home/airflow/.local/lib/python3.12/site-packages/airflow/example_dags/example_sensors.py took 0.877 seconds
[2024-08-10T03:38:15.776+0000] {processor.py:161} INFO - Started process (PID=2021) to work on /home/airflow/.local/lib/python3.12/site-packages/airflow/example_dags/example_sensors.py
[2024-08-10T03:38:15.779+0000] {processor.py:830} INFO - Processing file /home/airflow/.local/lib/python3.12/site-packages/airflow/example_dags/example_sensors.py for tasks to queue
[2024-08-10T03:38:15.783+0000] {logging_mixin.py:188} INFO - [2024-08-10T03:38:15.781+0000] {dagbag.py:545} INFO - Filling up the DagBag from /home/airflow/.local/lib/python3.12/site-packages/airflow/example_dags/example_sensors.py
[2024-08-10T03:38:15.803+0000] {processor.py:840} INFO - DAG(s) 'example_sensors' retrieved from /home/airflow/.local/lib/python3.12/site-packages/airflow/example_dags/example_sensors.py
[2024-08-10T03:38:15.929+0000] {logging_mixin.py:188} INFO - [2024-08-10T03:38:15.929+0000] {dag.py:3089} INFO - Sync 1 DAGs
[2024-08-10T03:38:15.994+0000] {logging_mixin.py:188} INFO - [2024-08-10T03:38:15.993+0000] {dag.py:3947} INFO - Setting next_dagrun for example_sensors to None, run_after=None
[2024-08-10T03:38:16.130+0000] {processor.py:183} INFO - Processing /home/airflow/.local/lib/python3.12/site-packages/airflow/example_dags/example_sensors.py took 0.391 seconds
