[2024-08-10T03:18:06.632+0000] {processor.py:161} INFO - Started process (PID=60) to work on /home/airflow/.local/lib/python3.12/site-packages/airflow/example_dags/example_dag_decorator.py
[2024-08-10T03:18:06.633+0000] {processor.py:830} INFO - Processing file /home/airflow/.local/lib/python3.12/site-packages/airflow/example_dags/example_dag_decorator.py for tasks to queue
[2024-08-10T03:18:06.635+0000] {logging_mixin.py:188} INFO - [2024-08-10T03:18:06.635+0000] {dagbag.py:545} INFO - Filling up the DagBag from /home/airflow/.local/lib/python3.12/site-packages/airflow/example_dags/example_dag_decorator.py
[2024-08-10T03:18:06.977+0000] {processor.py:840} INFO - DAG(s) 'example_dag_decorator' retrieved from /home/airflow/.local/lib/python3.12/site-packages/airflow/example_dags/example_dag_decorator.py
[2024-08-10T03:18:07.331+0000] {logging_mixin.py:188} INFO - [2024-08-10T03:18:07.330+0000] {dag.py:3089} INFO - Sync 1 DAGs
[2024-08-10T03:18:07.360+0000] {logging_mixin.py:188} INFO - [2024-08-10T03:18:07.359+0000] {dag.py:3947} INFO - Setting next_dagrun for example_dag_decorator to None, run_after=None
[2024-08-10T03:18:07.417+0000] {processor.py:183} INFO - Processing /home/airflow/.local/lib/python3.12/site-packages/airflow/example_dags/example_dag_decorator.py took 0.793 seconds
[2024-08-10T03:18:38.130+0000] {processor.py:161} INFO - Started process (PID=117) to work on /home/airflow/.local/lib/python3.12/site-packages/airflow/example_dags/example_dag_decorator.py
[2024-08-10T03:18:38.153+0000] {processor.py:830} INFO - Processing file /home/airflow/.local/lib/python3.12/site-packages/airflow/example_dags/example_dag_decorator.py for tasks to queue
[2024-08-10T03:18:38.157+0000] {logging_mixin.py:188} INFO - [2024-08-10T03:18:38.157+0000] {dagbag.py:545} INFO - Filling up the DagBag from /home/airflow/.local/lib/python3.12/site-packages/airflow/example_dags/example_dag_decorator.py
[2024-08-10T03:18:39.268+0000] {processor.py:840} INFO - DAG(s) 'example_dag_decorator' retrieved from /home/airflow/.local/lib/python3.12/site-packages/airflow/example_dags/example_dag_decorator.py
[2024-08-10T03:18:39.697+0000] {logging_mixin.py:188} INFO - [2024-08-10T03:18:39.697+0000] {dag.py:3089} INFO - Sync 1 DAGs
[2024-08-10T03:18:39.733+0000] {logging_mixin.py:188} INFO - [2024-08-10T03:18:39.732+0000] {dag.py:3947} INFO - Setting next_dagrun for example_dag_decorator to None, run_after=None
[2024-08-10T03:18:39.809+0000] {processor.py:183} INFO - Processing /home/airflow/.local/lib/python3.12/site-packages/airflow/example_dags/example_dag_decorator.py took 1.686 seconds
[2024-08-10T03:19:09.948+0000] {processor.py:161} INFO - Started process (PID=176) to work on /home/airflow/.local/lib/python3.12/site-packages/airflow/example_dags/example_dag_decorator.py
[2024-08-10T03:19:09.950+0000] {processor.py:830} INFO - Processing file /home/airflow/.local/lib/python3.12/site-packages/airflow/example_dags/example_dag_decorator.py for tasks to queue
[2024-08-10T03:19:09.953+0000] {logging_mixin.py:188} INFO - [2024-08-10T03:19:09.953+0000] {dagbag.py:545} INFO - Filling up the DagBag from /home/airflow/.local/lib/python3.12/site-packages/airflow/example_dags/example_dag_decorator.py
[2024-08-10T03:19:10.063+0000] {processor.py:840} INFO - DAG(s) 'example_dag_decorator' retrieved from /home/airflow/.local/lib/python3.12/site-packages/airflow/example_dags/example_dag_decorator.py
[2024-08-10T03:19:10.167+0000] {logging_mixin.py:188} INFO - [2024-08-10T03:19:10.167+0000] {dag.py:3089} INFO - Sync 1 DAGs
[2024-08-10T03:19:10.178+0000] {logging_mixin.py:188} INFO - [2024-08-10T03:19:10.177+0000] {dag.py:3947} INFO - Setting next_dagrun for example_dag_decorator to None, run_after=None
[2024-08-10T03:19:10.206+0000] {processor.py:183} INFO - Processing /home/airflow/.local/lib/python3.12/site-packages/airflow/example_dags/example_dag_decorator.py took 0.265 seconds
[2024-08-10T03:19:40.590+0000] {processor.py:161} INFO - Started process (PID=235) to work on /home/airflow/.local/lib/python3.12/site-packages/airflow/example_dags/example_dag_decorator.py
[2024-08-10T03:19:40.591+0000] {processor.py:830} INFO - Processing file /home/airflow/.local/lib/python3.12/site-packages/airflow/example_dags/example_dag_decorator.py for tasks to queue
[2024-08-10T03:19:40.592+0000] {logging_mixin.py:188} INFO - [2024-08-10T03:19:40.592+0000] {dagbag.py:545} INFO - Filling up the DagBag from /home/airflow/.local/lib/python3.12/site-packages/airflow/example_dags/example_dag_decorator.py
[2024-08-10T03:19:40.692+0000] {processor.py:840} INFO - DAG(s) 'example_dag_decorator' retrieved from /home/airflow/.local/lib/python3.12/site-packages/airflow/example_dags/example_dag_decorator.py
[2024-08-10T03:19:40.791+0000] {logging_mixin.py:188} INFO - [2024-08-10T03:19:40.791+0000] {dag.py:3089} INFO - Sync 1 DAGs
[2024-08-10T03:19:40.809+0000] {logging_mixin.py:188} INFO - [2024-08-10T03:19:40.809+0000] {dag.py:3947} INFO - Setting next_dagrun for example_dag_decorator to None, run_after=None
[2024-08-10T03:19:40.843+0000] {processor.py:183} INFO - Processing /home/airflow/.local/lib/python3.12/site-packages/airflow/example_dags/example_dag_decorator.py took 0.261 seconds
[2024-08-10T03:20:11.150+0000] {processor.py:161} INFO - Started process (PID=295) to work on /home/airflow/.local/lib/python3.12/site-packages/airflow/example_dags/example_dag_decorator.py
[2024-08-10T03:20:11.153+0000] {processor.py:830} INFO - Processing file /home/airflow/.local/lib/python3.12/site-packages/airflow/example_dags/example_dag_decorator.py for tasks to queue
[2024-08-10T03:20:11.164+0000] {logging_mixin.py:188} INFO - [2024-08-10T03:20:11.162+0000] {dagbag.py:545} INFO - Filling up the DagBag from /home/airflow/.local/lib/python3.12/site-packages/airflow/example_dags/example_dag_decorator.py
[2024-08-10T03:20:11.401+0000] {processor.py:840} INFO - DAG(s) 'example_dag_decorator' retrieved from /home/airflow/.local/lib/python3.12/site-packages/airflow/example_dags/example_dag_decorator.py
[2024-08-10T03:20:11.700+0000] {logging_mixin.py:188} INFO - [2024-08-10T03:20:11.700+0000] {dag.py:3089} INFO - Sync 1 DAGs
[2024-08-10T03:20:11.726+0000] {logging_mixin.py:188} INFO - [2024-08-10T03:20:11.726+0000] {dag.py:3947} INFO - Setting next_dagrun for example_dag_decorator to None, run_after=None
[2024-08-10T03:20:11.788+0000] {processor.py:183} INFO - Processing /home/airflow/.local/lib/python3.12/site-packages/airflow/example_dags/example_dag_decorator.py took 0.670 seconds
[2024-08-10T03:20:41.900+0000] {processor.py:161} INFO - Started process (PID=357) to work on /home/airflow/.local/lib/python3.12/site-packages/airflow/example_dags/example_dag_decorator.py
[2024-08-10T03:20:41.901+0000] {processor.py:830} INFO - Processing file /home/airflow/.local/lib/python3.12/site-packages/airflow/example_dags/example_dag_decorator.py for tasks to queue
[2024-08-10T03:20:41.903+0000] {logging_mixin.py:188} INFO - [2024-08-10T03:20:41.903+0000] {dagbag.py:545} INFO - Filling up the DagBag from /home/airflow/.local/lib/python3.12/site-packages/airflow/example_dags/example_dag_decorator.py
[2024-08-10T03:20:42.075+0000] {processor.py:840} INFO - DAG(s) 'example_dag_decorator' retrieved from /home/airflow/.local/lib/python3.12/site-packages/airflow/example_dags/example_dag_decorator.py
[2024-08-10T03:20:42.183+0000] {logging_mixin.py:188} INFO - [2024-08-10T03:20:42.182+0000] {dag.py:3089} INFO - Sync 1 DAGs
[2024-08-10T03:20:42.195+0000] {logging_mixin.py:188} INFO - [2024-08-10T03:20:42.195+0000] {dag.py:3947} INFO - Setting next_dagrun for example_dag_decorator to None, run_after=None
[2024-08-10T03:20:42.221+0000] {processor.py:183} INFO - Processing /home/airflow/.local/lib/python3.12/site-packages/airflow/example_dags/example_dag_decorator.py took 0.328 seconds
[2024-08-10T03:21:13.190+0000] {processor.py:161} INFO - Started process (PID=416) to work on /home/airflow/.local/lib/python3.12/site-packages/airflow/example_dags/example_dag_decorator.py
[2024-08-10T03:21:13.191+0000] {processor.py:830} INFO - Processing file /home/airflow/.local/lib/python3.12/site-packages/airflow/example_dags/example_dag_decorator.py for tasks to queue
[2024-08-10T03:21:13.194+0000] {logging_mixin.py:188} INFO - [2024-08-10T03:21:13.193+0000] {dagbag.py:545} INFO - Filling up the DagBag from /home/airflow/.local/lib/python3.12/site-packages/airflow/example_dags/example_dag_decorator.py
[2024-08-10T03:21:13.465+0000] {processor.py:840} INFO - DAG(s) 'example_dag_decorator' retrieved from /home/airflow/.local/lib/python3.12/site-packages/airflow/example_dags/example_dag_decorator.py
[2024-08-10T03:21:13.603+0000] {logging_mixin.py:188} INFO - [2024-08-10T03:21:13.602+0000] {dag.py:3089} INFO - Sync 1 DAGs
[2024-08-10T03:21:13.616+0000] {logging_mixin.py:188} INFO - [2024-08-10T03:21:13.616+0000] {dag.py:3947} INFO - Setting next_dagrun for example_dag_decorator to None, run_after=None
[2024-08-10T03:21:13.643+0000] {processor.py:183} INFO - Processing /home/airflow/.local/lib/python3.12/site-packages/airflow/example_dags/example_dag_decorator.py took 0.459 seconds
[2024-08-10T03:21:43.902+0000] {processor.py:161} INFO - Started process (PID=476) to work on /home/airflow/.local/lib/python3.12/site-packages/airflow/example_dags/example_dag_decorator.py
[2024-08-10T03:21:43.910+0000] {processor.py:830} INFO - Processing file /home/airflow/.local/lib/python3.12/site-packages/airflow/example_dags/example_dag_decorator.py for tasks to queue
[2024-08-10T03:21:43.913+0000] {logging_mixin.py:188} INFO - [2024-08-10T03:21:43.912+0000] {dagbag.py:545} INFO - Filling up the DagBag from /home/airflow/.local/lib/python3.12/site-packages/airflow/example_dags/example_dag_decorator.py
[2024-08-10T03:21:44.169+0000] {processor.py:840} INFO - DAG(s) 'example_dag_decorator' retrieved from /home/airflow/.local/lib/python3.12/site-packages/airflow/example_dags/example_dag_decorator.py
[2024-08-10T03:21:44.448+0000] {logging_mixin.py:188} INFO - [2024-08-10T03:21:44.448+0000] {dag.py:3089} INFO - Sync 1 DAGs
[2024-08-10T03:21:44.476+0000] {logging_mixin.py:188} INFO - [2024-08-10T03:21:44.476+0000] {dag.py:3947} INFO - Setting next_dagrun for example_dag_decorator to None, run_after=None
[2024-08-10T03:21:44.526+0000] {processor.py:183} INFO - Processing /home/airflow/.local/lib/python3.12/site-packages/airflow/example_dags/example_dag_decorator.py took 0.644 seconds
[2024-08-10T03:22:14.910+0000] {processor.py:161} INFO - Started process (PID=534) to work on /home/airflow/.local/lib/python3.12/site-packages/airflow/example_dags/example_dag_decorator.py
[2024-08-10T03:22:14.927+0000] {processor.py:830} INFO - Processing file /home/airflow/.local/lib/python3.12/site-packages/airflow/example_dags/example_dag_decorator.py for tasks to queue
[2024-08-10T03:22:14.929+0000] {logging_mixin.py:188} INFO - [2024-08-10T03:22:14.929+0000] {dagbag.py:545} INFO - Filling up the DagBag from /home/airflow/.local/lib/python3.12/site-packages/airflow/example_dags/example_dag_decorator.py
[2024-08-10T03:22:15.185+0000] {processor.py:840} INFO - DAG(s) 'example_dag_decorator' retrieved from /home/airflow/.local/lib/python3.12/site-packages/airflow/example_dags/example_dag_decorator.py
[2024-08-10T03:22:15.478+0000] {logging_mixin.py:188} INFO - [2024-08-10T03:22:15.478+0000] {dag.py:3089} INFO - Sync 1 DAGs
[2024-08-10T03:22:15.509+0000] {logging_mixin.py:188} INFO - [2024-08-10T03:22:15.509+0000] {dag.py:3947} INFO - Setting next_dagrun for example_dag_decorator to None, run_after=None
[2024-08-10T03:22:15.561+0000] {processor.py:183} INFO - Processing /home/airflow/.local/lib/python3.12/site-packages/airflow/example_dags/example_dag_decorator.py took 0.658 seconds
[2024-08-10T03:22:45.621+0000] {processor.py:161} INFO - Started process (PID=596) to work on /home/airflow/.local/lib/python3.12/site-packages/airflow/example_dags/example_dag_decorator.py
[2024-08-10T03:22:45.622+0000] {processor.py:830} INFO - Processing file /home/airflow/.local/lib/python3.12/site-packages/airflow/example_dags/example_dag_decorator.py for tasks to queue
[2024-08-10T03:22:45.624+0000] {logging_mixin.py:188} INFO - [2024-08-10T03:22:45.624+0000] {dagbag.py:545} INFO - Filling up the DagBag from /home/airflow/.local/lib/python3.12/site-packages/airflow/example_dags/example_dag_decorator.py
[2024-08-10T03:22:45.742+0000] {processor.py:840} INFO - DAG(s) 'example_dag_decorator' retrieved from /home/airflow/.local/lib/python3.12/site-packages/airflow/example_dags/example_dag_decorator.py
[2024-08-10T03:22:45.866+0000] {logging_mixin.py:188} INFO - [2024-08-10T03:22:45.866+0000] {dag.py:3089} INFO - Sync 1 DAGs
[2024-08-10T03:22:45.879+0000] {logging_mixin.py:188} INFO - [2024-08-10T03:22:45.879+0000] {dag.py:3947} INFO - Setting next_dagrun for example_dag_decorator to None, run_after=None
[2024-08-10T03:22:45.911+0000] {processor.py:183} INFO - Processing /home/airflow/.local/lib/python3.12/site-packages/airflow/example_dags/example_dag_decorator.py took 0.296 seconds
[2024-08-10T03:23:16.137+0000] {processor.py:161} INFO - Started process (PID=656) to work on /home/airflow/.local/lib/python3.12/site-packages/airflow/example_dags/example_dag_decorator.py
[2024-08-10T03:23:16.142+0000] {processor.py:830} INFO - Processing file /home/airflow/.local/lib/python3.12/site-packages/airflow/example_dags/example_dag_decorator.py for tasks to queue
[2024-08-10T03:23:16.145+0000] {logging_mixin.py:188} INFO - [2024-08-10T03:23:16.145+0000] {dagbag.py:545} INFO - Filling up the DagBag from /home/airflow/.local/lib/python3.12/site-packages/airflow/example_dags/example_dag_decorator.py
[2024-08-10T03:23:16.513+0000] {processor.py:840} INFO - DAG(s) 'example_dag_decorator' retrieved from /home/airflow/.local/lib/python3.12/site-packages/airflow/example_dags/example_dag_decorator.py
[2024-08-10T03:23:16.657+0000] {logging_mixin.py:188} INFO - [2024-08-10T03:23:16.657+0000] {dag.py:3089} INFO - Sync 1 DAGs
[2024-08-10T03:23:16.819+0000] {logging_mixin.py:188} INFO - [2024-08-10T03:23:16.819+0000] {dag.py:3947} INFO - Setting next_dagrun for example_dag_decorator to None, run_after=None
[2024-08-10T03:23:16.847+0000] {processor.py:183} INFO - Processing /home/airflow/.local/lib/python3.12/site-packages/airflow/example_dags/example_dag_decorator.py took 0.718 seconds
[2024-08-10T03:23:47.450+0000] {processor.py:161} INFO - Started process (PID=716) to work on /home/airflow/.local/lib/python3.12/site-packages/airflow/example_dags/example_dag_decorator.py
[2024-08-10T03:23:47.451+0000] {processor.py:830} INFO - Processing file /home/airflow/.local/lib/python3.12/site-packages/airflow/example_dags/example_dag_decorator.py for tasks to queue
[2024-08-10T03:23:47.453+0000] {logging_mixin.py:188} INFO - [2024-08-10T03:23:47.453+0000] {dagbag.py:545} INFO - Filling up the DagBag from /home/airflow/.local/lib/python3.12/site-packages/airflow/example_dags/example_dag_decorator.py
[2024-08-10T03:23:47.556+0000] {processor.py:840} INFO - DAG(s) 'example_dag_decorator' retrieved from /home/airflow/.local/lib/python3.12/site-packages/airflow/example_dags/example_dag_decorator.py
[2024-08-10T03:23:47.653+0000] {logging_mixin.py:188} INFO - [2024-08-10T03:23:47.653+0000] {dag.py:3089} INFO - Sync 1 DAGs
[2024-08-10T03:23:47.663+0000] {logging_mixin.py:188} INFO - [2024-08-10T03:23:47.662+0000] {dag.py:3947} INFO - Setting next_dagrun for example_dag_decorator to None, run_after=None
[2024-08-10T03:23:47.689+0000] {processor.py:183} INFO - Processing /home/airflow/.local/lib/python3.12/site-packages/airflow/example_dags/example_dag_decorator.py took 0.245 seconds
[2024-08-10T03:24:18.220+0000] {processor.py:161} INFO - Started process (PID=777) to work on /home/airflow/.local/lib/python3.12/site-packages/airflow/example_dags/example_dag_decorator.py
[2024-08-10T03:24:18.225+0000] {processor.py:830} INFO - Processing file /home/airflow/.local/lib/python3.12/site-packages/airflow/example_dags/example_dag_decorator.py for tasks to queue
[2024-08-10T03:24:18.228+0000] {logging_mixin.py:188} INFO - [2024-08-10T03:24:18.227+0000] {dagbag.py:545} INFO - Filling up the DagBag from /home/airflow/.local/lib/python3.12/site-packages/airflow/example_dags/example_dag_decorator.py
[2024-08-10T03:24:18.371+0000] {processor.py:840} INFO - DAG(s) 'example_dag_decorator' retrieved from /home/airflow/.local/lib/python3.12/site-packages/airflow/example_dags/example_dag_decorator.py
[2024-08-10T03:24:18.499+0000] {logging_mixin.py:188} INFO - [2024-08-10T03:24:18.499+0000] {dag.py:3089} INFO - Sync 1 DAGs
[2024-08-10T03:24:18.513+0000] {logging_mixin.py:188} INFO - [2024-08-10T03:24:18.513+0000] {dag.py:3947} INFO - Setting next_dagrun for example_dag_decorator to None, run_after=None
[2024-08-10T03:24:18.545+0000] {processor.py:183} INFO - Processing /home/airflow/.local/lib/python3.12/site-packages/airflow/example_dags/example_dag_decorator.py took 0.332 seconds
[2024-08-10T03:24:49.409+0000] {processor.py:161} INFO - Started process (PID=838) to work on /home/airflow/.local/lib/python3.12/site-packages/airflow/example_dags/example_dag_decorator.py
[2024-08-10T03:24:49.410+0000] {processor.py:830} INFO - Processing file /home/airflow/.local/lib/python3.12/site-packages/airflow/example_dags/example_dag_decorator.py for tasks to queue
[2024-08-10T03:24:49.412+0000] {logging_mixin.py:188} INFO - [2024-08-10T03:24:49.412+0000] {dagbag.py:545} INFO - Filling up the DagBag from /home/airflow/.local/lib/python3.12/site-packages/airflow/example_dags/example_dag_decorator.py
[2024-08-10T03:24:49.514+0000] {processor.py:840} INFO - DAG(s) 'example_dag_decorator' retrieved from /home/airflow/.local/lib/python3.12/site-packages/airflow/example_dags/example_dag_decorator.py
[2024-08-10T03:24:49.755+0000] {logging_mixin.py:188} INFO - [2024-08-10T03:24:49.754+0000] {dag.py:3089} INFO - Sync 1 DAGs
[2024-08-10T03:24:49.768+0000] {logging_mixin.py:188} INFO - [2024-08-10T03:24:49.768+0000] {dag.py:3947} INFO - Setting next_dagrun for example_dag_decorator to None, run_after=None
[2024-08-10T03:24:49.799+0000] {processor.py:183} INFO - Processing /home/airflow/.local/lib/python3.12/site-packages/airflow/example_dags/example_dag_decorator.py took 0.396 seconds
[2024-08-10T03:25:20.272+0000] {processor.py:161} INFO - Started process (PID=897) to work on /home/airflow/.local/lib/python3.12/site-packages/airflow/example_dags/example_dag_decorator.py
[2024-08-10T03:25:20.273+0000] {processor.py:830} INFO - Processing file /home/airflow/.local/lib/python3.12/site-packages/airflow/example_dags/example_dag_decorator.py for tasks to queue
[2024-08-10T03:25:20.276+0000] {logging_mixin.py:188} INFO - [2024-08-10T03:25:20.275+0000] {dagbag.py:545} INFO - Filling up the DagBag from /home/airflow/.local/lib/python3.12/site-packages/airflow/example_dags/example_dag_decorator.py
[2024-08-10T03:25:20.405+0000] {processor.py:840} INFO - DAG(s) 'example_dag_decorator' retrieved from /home/airflow/.local/lib/python3.12/site-packages/airflow/example_dags/example_dag_decorator.py
[2024-08-10T03:25:20.571+0000] {logging_mixin.py:188} INFO - [2024-08-10T03:25:20.570+0000] {dag.py:3089} INFO - Sync 1 DAGs
[2024-08-10T03:25:20.749+0000] {logging_mixin.py:188} INFO - [2024-08-10T03:25:20.749+0000] {dag.py:3947} INFO - Setting next_dagrun for example_dag_decorator to None, run_after=None
[2024-08-10T03:25:20.800+0000] {processor.py:183} INFO - Processing /home/airflow/.local/lib/python3.12/site-packages/airflow/example_dags/example_dag_decorator.py took 0.539 seconds
[2024-08-10T03:25:51.723+0000] {processor.py:161} INFO - Started process (PID=959) to work on /home/airflow/.local/lib/python3.12/site-packages/airflow/example_dags/example_dag_decorator.py
[2024-08-10T03:25:51.724+0000] {processor.py:830} INFO - Processing file /home/airflow/.local/lib/python3.12/site-packages/airflow/example_dags/example_dag_decorator.py for tasks to queue
[2024-08-10T03:25:51.726+0000] {logging_mixin.py:188} INFO - [2024-08-10T03:25:51.726+0000] {dagbag.py:545} INFO - Filling up the DagBag from /home/airflow/.local/lib/python3.12/site-packages/airflow/example_dags/example_dag_decorator.py
[2024-08-10T03:25:51.858+0000] {processor.py:840} INFO - DAG(s) 'example_dag_decorator' retrieved from /home/airflow/.local/lib/python3.12/site-packages/airflow/example_dags/example_dag_decorator.py
[2024-08-10T03:25:52.046+0000] {logging_mixin.py:188} INFO - [2024-08-10T03:25:52.045+0000] {dag.py:3089} INFO - Sync 1 DAGs
[2024-08-10T03:25:52.064+0000] {logging_mixin.py:188} INFO - [2024-08-10T03:25:52.063+0000] {dag.py:3947} INFO - Setting next_dagrun for example_dag_decorator to None, run_after=None
[2024-08-10T03:25:52.096+0000] {processor.py:183} INFO - Processing /home/airflow/.local/lib/python3.12/site-packages/airflow/example_dags/example_dag_decorator.py took 0.380 seconds
[2024-08-10T03:26:22.685+0000] {processor.py:161} INFO - Started process (PID=1019) to work on /home/airflow/.local/lib/python3.12/site-packages/airflow/example_dags/example_dag_decorator.py
[2024-08-10T03:26:22.686+0000] {processor.py:830} INFO - Processing file /home/airflow/.local/lib/python3.12/site-packages/airflow/example_dags/example_dag_decorator.py for tasks to queue
[2024-08-10T03:26:22.688+0000] {logging_mixin.py:188} INFO - [2024-08-10T03:26:22.687+0000] {dagbag.py:545} INFO - Filling up the DagBag from /home/airflow/.local/lib/python3.12/site-packages/airflow/example_dags/example_dag_decorator.py
[2024-08-10T03:26:22.804+0000] {processor.py:840} INFO - DAG(s) 'example_dag_decorator' retrieved from /home/airflow/.local/lib/python3.12/site-packages/airflow/example_dags/example_dag_decorator.py
[2024-08-10T03:26:23.040+0000] {logging_mixin.py:188} INFO - [2024-08-10T03:26:23.040+0000] {dag.py:3089} INFO - Sync 1 DAGs
[2024-08-10T03:26:23.052+0000] {logging_mixin.py:188} INFO - [2024-08-10T03:26:23.052+0000] {dag.py:3947} INFO - Setting next_dagrun for example_dag_decorator to None, run_after=None
[2024-08-10T03:26:23.074+0000] {processor.py:183} INFO - Processing /home/airflow/.local/lib/python3.12/site-packages/airflow/example_dags/example_dag_decorator.py took 0.395 seconds
[2024-08-10T03:26:53.372+0000] {processor.py:161} INFO - Started process (PID=1081) to work on /home/airflow/.local/lib/python3.12/site-packages/airflow/example_dags/example_dag_decorator.py
[2024-08-10T03:26:53.373+0000] {processor.py:830} INFO - Processing file /home/airflow/.local/lib/python3.12/site-packages/airflow/example_dags/example_dag_decorator.py for tasks to queue
[2024-08-10T03:26:53.380+0000] {logging_mixin.py:188} INFO - [2024-08-10T03:26:53.379+0000] {dagbag.py:545} INFO - Filling up the DagBag from /home/airflow/.local/lib/python3.12/site-packages/airflow/example_dags/example_dag_decorator.py
[2024-08-10T03:26:53.815+0000] {processor.py:840} INFO - DAG(s) 'example_dag_decorator' retrieved from /home/airflow/.local/lib/python3.12/site-packages/airflow/example_dags/example_dag_decorator.py
[2024-08-10T03:26:54.154+0000] {logging_mixin.py:188} INFO - [2024-08-10T03:26:54.154+0000] {dag.py:3089} INFO - Sync 1 DAGs
[2024-08-10T03:26:54.166+0000] {logging_mixin.py:188} INFO - [2024-08-10T03:26:54.165+0000] {dag.py:3947} INFO - Setting next_dagrun for example_dag_decorator to None, run_after=None
[2024-08-10T03:26:54.193+0000] {processor.py:183} INFO - Processing /home/airflow/.local/lib/python3.12/site-packages/airflow/example_dags/example_dag_decorator.py took 0.844 seconds
[2024-08-10T03:27:25.221+0000] {processor.py:161} INFO - Started process (PID=1139) to work on /home/airflow/.local/lib/python3.12/site-packages/airflow/example_dags/example_dag_decorator.py
[2024-08-10T03:27:25.224+0000] {processor.py:830} INFO - Processing file /home/airflow/.local/lib/python3.12/site-packages/airflow/example_dags/example_dag_decorator.py for tasks to queue
[2024-08-10T03:27:25.227+0000] {logging_mixin.py:188} INFO - [2024-08-10T03:27:25.227+0000] {dagbag.py:545} INFO - Filling up the DagBag from /home/airflow/.local/lib/python3.12/site-packages/airflow/example_dags/example_dag_decorator.py
[2024-08-10T03:27:25.635+0000] {processor.py:840} INFO - DAG(s) 'example_dag_decorator' retrieved from /home/airflow/.local/lib/python3.12/site-packages/airflow/example_dags/example_dag_decorator.py
[2024-08-10T03:27:26.045+0000] {logging_mixin.py:188} INFO - [2024-08-10T03:27:26.044+0000] {dag.py:3089} INFO - Sync 1 DAGs
[2024-08-10T03:27:26.063+0000] {logging_mixin.py:188} INFO - [2024-08-10T03:27:26.063+0000] {dag.py:3947} INFO - Setting next_dagrun for example_dag_decorator to None, run_after=None
[2024-08-10T03:27:26.106+0000] {processor.py:183} INFO - Processing /home/airflow/.local/lib/python3.12/site-packages/airflow/example_dags/example_dag_decorator.py took 0.921 seconds
[2024-08-10T03:27:56.406+0000] {processor.py:161} INFO - Started process (PID=1199) to work on /home/airflow/.local/lib/python3.12/site-packages/airflow/example_dags/example_dag_decorator.py
[2024-08-10T03:27:56.407+0000] {processor.py:830} INFO - Processing file /home/airflow/.local/lib/python3.12/site-packages/airflow/example_dags/example_dag_decorator.py for tasks to queue
[2024-08-10T03:27:56.418+0000] {logging_mixin.py:188} INFO - [2024-08-10T03:27:56.417+0000] {dagbag.py:545} INFO - Filling up the DagBag from /home/airflow/.local/lib/python3.12/site-packages/airflow/example_dags/example_dag_decorator.py
[2024-08-10T03:27:56.621+0000] {processor.py:840} INFO - DAG(s) 'example_dag_decorator' retrieved from /home/airflow/.local/lib/python3.12/site-packages/airflow/example_dags/example_dag_decorator.py
[2024-08-10T03:27:57.060+0000] {logging_mixin.py:188} INFO - [2024-08-10T03:27:57.060+0000] {dag.py:3089} INFO - Sync 1 DAGs
[2024-08-10T03:27:57.074+0000] {logging_mixin.py:188} INFO - [2024-08-10T03:27:57.073+0000] {dag.py:3947} INFO - Setting next_dagrun for example_dag_decorator to None, run_after=None
[2024-08-10T03:27:57.117+0000] {processor.py:183} INFO - Processing /home/airflow/.local/lib/python3.12/site-packages/airflow/example_dags/example_dag_decorator.py took 0.718 seconds
[2024-08-10T03:28:28.035+0000] {processor.py:161} INFO - Started process (PID=1261) to work on /home/airflow/.local/lib/python3.12/site-packages/airflow/example_dags/example_dag_decorator.py
[2024-08-10T03:28:28.037+0000] {processor.py:830} INFO - Processing file /home/airflow/.local/lib/python3.12/site-packages/airflow/example_dags/example_dag_decorator.py for tasks to queue
[2024-08-10T03:28:28.039+0000] {logging_mixin.py:188} INFO - [2024-08-10T03:28:28.039+0000] {dagbag.py:545} INFO - Filling up the DagBag from /home/airflow/.local/lib/python3.12/site-packages/airflow/example_dags/example_dag_decorator.py
[2024-08-10T03:28:28.155+0000] {processor.py:840} INFO - DAG(s) 'example_dag_decorator' retrieved from /home/airflow/.local/lib/python3.12/site-packages/airflow/example_dags/example_dag_decorator.py
[2024-08-10T03:28:28.435+0000] {logging_mixin.py:188} INFO - [2024-08-10T03:28:28.435+0000] {dag.py:3089} INFO - Sync 1 DAGs
[2024-08-10T03:28:28.446+0000] {logging_mixin.py:188} INFO - [2024-08-10T03:28:28.446+0000] {dag.py:3947} INFO - Setting next_dagrun for example_dag_decorator to None, run_after=None
[2024-08-10T03:28:28.468+0000] {processor.py:183} INFO - Processing /home/airflow/.local/lib/python3.12/site-packages/airflow/example_dags/example_dag_decorator.py took 0.440 seconds
[2024-08-10T03:28:58.582+0000] {processor.py:161} INFO - Started process (PID=1321) to work on /home/airflow/.local/lib/python3.12/site-packages/airflow/example_dags/example_dag_decorator.py
[2024-08-10T03:28:58.583+0000] {processor.py:830} INFO - Processing file /home/airflow/.local/lib/python3.12/site-packages/airflow/example_dags/example_dag_decorator.py for tasks to queue
[2024-08-10T03:28:58.590+0000] {logging_mixin.py:188} INFO - [2024-08-10T03:28:58.589+0000] {dagbag.py:545} INFO - Filling up the DagBag from /home/airflow/.local/lib/python3.12/site-packages/airflow/example_dags/example_dag_decorator.py
[2024-08-10T03:28:58.710+0000] {processor.py:840} INFO - DAG(s) 'example_dag_decorator' retrieved from /home/airflow/.local/lib/python3.12/site-packages/airflow/example_dags/example_dag_decorator.py
[2024-08-10T03:28:58.969+0000] {logging_mixin.py:188} INFO - [2024-08-10T03:28:58.969+0000] {dag.py:3089} INFO - Sync 1 DAGs
[2024-08-10T03:28:58.989+0000] {logging_mixin.py:188} INFO - [2024-08-10T03:28:58.989+0000] {dag.py:3947} INFO - Setting next_dagrun for example_dag_decorator to None, run_after=None
[2024-08-10T03:28:59.090+0000] {processor.py:183} INFO - Processing /home/airflow/.local/lib/python3.12/site-packages/airflow/example_dags/example_dag_decorator.py took 0.514 seconds
[2024-08-10T03:29:36.827+0000] {processor.py:161} INFO - Started process (PID=1379) to work on /home/airflow/.local/lib/python3.12/site-packages/airflow/example_dags/example_dag_decorator.py
[2024-08-10T03:29:36.828+0000] {processor.py:830} INFO - Processing file /home/airflow/.local/lib/python3.12/site-packages/airflow/example_dags/example_dag_decorator.py for tasks to queue
[2024-08-10T03:29:36.835+0000] {logging_mixin.py:188} INFO - [2024-08-10T03:29:36.835+0000] {dagbag.py:545} INFO - Filling up the DagBag from /home/airflow/.local/lib/python3.12/site-packages/airflow/example_dags/example_dag_decorator.py
[2024-08-10T03:29:37.163+0000] {processor.py:840} INFO - DAG(s) 'example_dag_decorator' retrieved from /home/airflow/.local/lib/python3.12/site-packages/airflow/example_dags/example_dag_decorator.py
[2024-08-10T03:29:38.771+0000] {logging_mixin.py:188} INFO - [2024-08-10T03:29:38.771+0000] {dag.py:3089} INFO - Sync 1 DAGs
[2024-08-10T03:29:38.781+0000] {logging_mixin.py:188} INFO - [2024-08-10T03:29:38.781+0000] {dag.py:3947} INFO - Setting next_dagrun for example_dag_decorator to None, run_after=None
[2024-08-10T03:29:40.923+0000] {processor.py:183} INFO - Processing /home/airflow/.local/lib/python3.12/site-packages/airflow/example_dags/example_dag_decorator.py took 4.116 seconds
[2024-08-10T03:30:16.434+0000] {processor.py:161} INFO - Started process (PID=1446) to work on /home/airflow/.local/lib/python3.12/site-packages/airflow/example_dags/example_dag_decorator.py
[2024-08-10T03:30:16.435+0000] {processor.py:830} INFO - Processing file /home/airflow/.local/lib/python3.12/site-packages/airflow/example_dags/example_dag_decorator.py for tasks to queue
[2024-08-10T03:30:16.438+0000] {logging_mixin.py:188} INFO - [2024-08-10T03:30:16.437+0000] {dagbag.py:545} INFO - Filling up the DagBag from /home/airflow/.local/lib/python3.12/site-packages/airflow/example_dags/example_dag_decorator.py
[2024-08-10T03:30:17.858+0000] {processor.py:840} INFO - DAG(s) 'example_dag_decorator' retrieved from /home/airflow/.local/lib/python3.12/site-packages/airflow/example_dags/example_dag_decorator.py
[2024-08-10T03:30:25.167+0000] {logging_mixin.py:188} INFO - [2024-08-10T03:30:25.167+0000] {dag.py:3089} INFO - Sync 1 DAGs
[2024-08-10T03:30:25.205+0000] {logging_mixin.py:188} INFO - [2024-08-10T03:30:25.204+0000] {dag.py:3947} INFO - Setting next_dagrun for example_dag_decorator to None, run_after=None
[2024-08-10T03:30:25.248+0000] {processor.py:183} INFO - Processing /home/airflow/.local/lib/python3.12/site-packages/airflow/example_dags/example_dag_decorator.py took 8.822 seconds
[2024-08-10T03:30:56.201+0000] {processor.py:161} INFO - Started process (PID=1505) to work on /home/airflow/.local/lib/python3.12/site-packages/airflow/example_dags/example_dag_decorator.py
[2024-08-10T03:30:56.203+0000] {processor.py:830} INFO - Processing file /home/airflow/.local/lib/python3.12/site-packages/airflow/example_dags/example_dag_decorator.py for tasks to queue
[2024-08-10T03:30:56.205+0000] {logging_mixin.py:188} INFO - [2024-08-10T03:30:56.205+0000] {dagbag.py:545} INFO - Filling up the DagBag from /home/airflow/.local/lib/python3.12/site-packages/airflow/example_dags/example_dag_decorator.py
[2024-08-10T03:30:56.321+0000] {processor.py:840} INFO - DAG(s) 'example_dag_decorator' retrieved from /home/airflow/.local/lib/python3.12/site-packages/airflow/example_dags/example_dag_decorator.py
[2024-08-10T03:30:57.331+0000] {logging_mixin.py:188} INFO - [2024-08-10T03:30:57.330+0000] {dag.py:3089} INFO - Sync 1 DAGs
[2024-08-10T03:30:57.343+0000] {logging_mixin.py:188} INFO - [2024-08-10T03:30:57.342+0000] {dag.py:3947} INFO - Setting next_dagrun for example_dag_decorator to None, run_after=None
[2024-08-10T03:30:58.885+0000] {processor.py:183} INFO - Processing /home/airflow/.local/lib/python3.12/site-packages/airflow/example_dags/example_dag_decorator.py took 2.691 seconds
[2024-08-10T03:31:39.867+0000] {processor.py:161} INFO - Started process (PID=1564) to work on /home/airflow/.local/lib/python3.12/site-packages/airflow/example_dags/example_dag_decorator.py
[2024-08-10T03:31:39.876+0000] {processor.py:830} INFO - Processing file /home/airflow/.local/lib/python3.12/site-packages/airflow/example_dags/example_dag_decorator.py for tasks to queue
[2024-08-10T03:31:39.877+0000] {logging_mixin.py:188} INFO - [2024-08-10T03:31:39.877+0000] {dagbag.py:545} INFO - Filling up the DagBag from /home/airflow/.local/lib/python3.12/site-packages/airflow/example_dags/example_dag_decorator.py
[2024-08-10T03:31:41.087+0000] {processor.py:840} INFO - DAG(s) 'example_dag_decorator' retrieved from /home/airflow/.local/lib/python3.12/site-packages/airflow/example_dags/example_dag_decorator.py
[2024-08-10T03:31:41.277+0000] {logging_mixin.py:188} INFO - [2024-08-10T03:31:41.276+0000] {dag.py:3089} INFO - Sync 1 DAGs
[2024-08-10T03:31:41.288+0000] {logging_mixin.py:188} INFO - [2024-08-10T03:31:41.287+0000] {dag.py:3947} INFO - Setting next_dagrun for example_dag_decorator to None, run_after=None
[2024-08-10T03:31:41.555+0000] {processor.py:183} INFO - Processing /home/airflow/.local/lib/python3.12/site-packages/airflow/example_dags/example_dag_decorator.py took 1.695 seconds
[2024-08-10T03:32:21.752+0000] {processor.py:161} INFO - Started process (PID=1618) to work on /home/airflow/.local/lib/python3.12/site-packages/airflow/example_dags/example_dag_decorator.py
[2024-08-10T03:32:21.759+0000] {processor.py:830} INFO - Processing file /home/airflow/.local/lib/python3.12/site-packages/airflow/example_dags/example_dag_decorator.py for tasks to queue
[2024-08-10T03:32:21.771+0000] {logging_mixin.py:188} INFO - [2024-08-10T03:32:21.771+0000] {dagbag.py:545} INFO - Filling up the DagBag from /home/airflow/.local/lib/python3.12/site-packages/airflow/example_dags/example_dag_decorator.py
[2024-08-10T03:32:31.724+0000] {processor.py:840} INFO - DAG(s) 'example_dag_decorator' retrieved from /home/airflow/.local/lib/python3.12/site-packages/airflow/example_dags/example_dag_decorator.py
[2024-08-10T03:32:32.085+0000] {logging_mixin.py:188} INFO - [2024-08-10T03:32:32.085+0000] {dag.py:3089} INFO - Sync 1 DAGs
[2024-08-10T03:32:32.127+0000] {logging_mixin.py:188} INFO - [2024-08-10T03:32:32.127+0000] {dag.py:3947} INFO - Setting next_dagrun for example_dag_decorator to None, run_after=None
[2024-08-10T03:32:32.229+0000] {processor.py:183} INFO - Processing /home/airflow/.local/lib/python3.12/site-packages/airflow/example_dags/example_dag_decorator.py took 10.491 seconds
[2024-08-10T03:33:04.096+0000] {processor.py:161} INFO - Started process (PID=1683) to work on /home/airflow/.local/lib/python3.12/site-packages/airflow/example_dags/example_dag_decorator.py
[2024-08-10T03:33:04.117+0000] {processor.py:830} INFO - Processing file /home/airflow/.local/lib/python3.12/site-packages/airflow/example_dags/example_dag_decorator.py for tasks to queue
[2024-08-10T03:33:06.112+0000] {logging_mixin.py:188} INFO - [2024-08-10T03:33:04.117+0000] {dagbag.py:545} INFO - Filling up the DagBag from /home/airflow/.local/lib/python3.12/site-packages/airflow/example_dags/example_dag_decorator.py
[2024-08-10T03:33:08.189+0000] {processor.py:840} INFO - DAG(s) 'example_dag_decorator' retrieved from /home/airflow/.local/lib/python3.12/site-packages/airflow/example_dags/example_dag_decorator.py
[2024-08-10T03:33:20.698+0000] {logging_mixin.py:188} INFO - [2024-08-10T03:33:20.697+0000] {dag.py:3089} INFO - Sync 1 DAGs
[2024-08-10T03:33:20.723+0000] {logging_mixin.py:188} INFO - [2024-08-10T03:33:20.722+0000] {dag.py:3947} INFO - Setting next_dagrun for example_dag_decorator to None, run_after=None
[2024-08-10T03:33:21.016+0000] {processor.py:183} INFO - Processing /home/airflow/.local/lib/python3.12/site-packages/airflow/example_dags/example_dag_decorator.py took 16.998 seconds
[2024-08-10T03:33:51.731+0000] {processor.py:161} INFO - Started process (PID=1743) to work on /home/airflow/.local/lib/python3.12/site-packages/airflow/example_dags/example_dag_decorator.py
[2024-08-10T03:33:51.733+0000] {processor.py:830} INFO - Processing file /home/airflow/.local/lib/python3.12/site-packages/airflow/example_dags/example_dag_decorator.py for tasks to queue
[2024-08-10T03:33:51.735+0000] {logging_mixin.py:188} INFO - [2024-08-10T03:33:51.735+0000] {dagbag.py:545} INFO - Filling up the DagBag from /home/airflow/.local/lib/python3.12/site-packages/airflow/example_dags/example_dag_decorator.py
[2024-08-10T03:34:06.900+0000] {processor.py:840} INFO - DAG(s) 'example_dag_decorator' retrieved from /home/airflow/.local/lib/python3.12/site-packages/airflow/example_dags/example_dag_decorator.py
[2024-08-10T03:34:09.609+0000] {logging_mixin.py:188} INFO - [2024-08-10T03:34:09.609+0000] {dag.py:3089} INFO - Sync 1 DAGs
[2024-08-10T03:34:09.620+0000] {logging_mixin.py:188} INFO - [2024-08-10T03:34:09.619+0000] {dag.py:3947} INFO - Setting next_dagrun for example_dag_decorator to None, run_after=None
[2024-08-10T03:34:12.474+0000] {processor.py:183} INFO - Processing /home/airflow/.local/lib/python3.12/site-packages/airflow/example_dags/example_dag_decorator.py took 20.862 seconds
[2024-08-10T03:35:20.700+0000] {processor.py:161} INFO - Started process (PID=1811) to work on /home/airflow/.local/lib/python3.12/site-packages/airflow/example_dags/example_dag_decorator.py
[2024-08-10T03:35:20.701+0000] {processor.py:830} INFO - Processing file /home/airflow/.local/lib/python3.12/site-packages/airflow/example_dags/example_dag_decorator.py for tasks to queue
[2024-08-10T03:35:20.702+0000] {logging_mixin.py:188} INFO - [2024-08-10T03:35:20.702+0000] {dagbag.py:545} INFO - Filling up the DagBag from /home/airflow/.local/lib/python3.12/site-packages/airflow/example_dags/example_dag_decorator.py
[2024-08-10T03:35:26.331+0000] {processor.py:840} INFO - DAG(s) 'example_dag_decorator' retrieved from /home/airflow/.local/lib/python3.12/site-packages/airflow/example_dags/example_dag_decorator.py
[2024-08-10T03:35:27.151+0000] {logging_mixin.py:188} INFO - [2024-08-10T03:35:27.151+0000] {dag.py:3089} INFO - Sync 1 DAGs
[2024-08-10T03:35:27.187+0000] {logging_mixin.py:188} INFO - [2024-08-10T03:35:27.186+0000] {dag.py:3947} INFO - Setting next_dagrun for example_dag_decorator to None, run_after=None
[2024-08-10T03:35:27.417+0000] {processor.py:183} INFO - Processing /home/airflow/.local/lib/python3.12/site-packages/airflow/example_dags/example_dag_decorator.py took 6.724 seconds
[2024-08-10T03:35:57.913+0000] {processor.py:161} INFO - Started process (PID=1875) to work on /home/airflow/.local/lib/python3.12/site-packages/airflow/example_dags/example_dag_decorator.py
[2024-08-10T03:35:57.917+0000] {processor.py:830} INFO - Processing file /home/airflow/.local/lib/python3.12/site-packages/airflow/example_dags/example_dag_decorator.py for tasks to queue
[2024-08-10T03:35:57.918+0000] {logging_mixin.py:188} INFO - [2024-08-10T03:35:57.918+0000] {dagbag.py:545} INFO - Filling up the DagBag from /home/airflow/.local/lib/python3.12/site-packages/airflow/example_dags/example_dag_decorator.py
[2024-08-10T03:35:58.697+0000] {processor.py:840} INFO - DAG(s) 'example_dag_decorator' retrieved from /home/airflow/.local/lib/python3.12/site-packages/airflow/example_dags/example_dag_decorator.py
[2024-08-10T03:35:58.944+0000] {logging_mixin.py:188} INFO - [2024-08-10T03:35:58.944+0000] {dag.py:3089} INFO - Sync 1 DAGs
[2024-08-10T03:35:59.023+0000] {logging_mixin.py:188} INFO - [2024-08-10T03:35:59.022+0000] {dag.py:3947} INFO - Setting next_dagrun for example_dag_decorator to None, run_after=None
[2024-08-10T03:35:59.163+0000] {processor.py:183} INFO - Processing /home/airflow/.local/lib/python3.12/site-packages/airflow/example_dags/example_dag_decorator.py took 1.262 seconds
[2024-08-10T03:36:53.513+0000] {processor.py:161} INFO - Started process (PID=1921) to work on /home/airflow/.local/lib/python3.12/site-packages/airflow/example_dags/example_dag_decorator.py
[2024-08-10T03:36:53.518+0000] {processor.py:830} INFO - Processing file /home/airflow/.local/lib/python3.12/site-packages/airflow/example_dags/example_dag_decorator.py for tasks to queue
[2024-08-10T03:36:53.520+0000] {logging_mixin.py:188} INFO - [2024-08-10T03:36:53.519+0000] {dagbag.py:545} INFO - Filling up the DagBag from /home/airflow/.local/lib/python3.12/site-packages/airflow/example_dags/example_dag_decorator.py
[2024-08-10T03:36:54.710+0000] {processor.py:840} INFO - DAG(s) 'example_dag_decorator' retrieved from /home/airflow/.local/lib/python3.12/site-packages/airflow/example_dags/example_dag_decorator.py
[2024-08-10T03:36:55.148+0000] {logging_mixin.py:188} INFO - [2024-08-10T03:36:55.148+0000] {dag.py:3089} INFO - Sync 1 DAGs
[2024-08-10T03:36:55.161+0000] {logging_mixin.py:188} INFO - [2024-08-10T03:36:55.160+0000] {dag.py:3947} INFO - Setting next_dagrun for example_dag_decorator to None, run_after=None
[2024-08-10T03:36:55.932+0000] {processor.py:183} INFO - Processing /home/airflow/.local/lib/python3.12/site-packages/airflow/example_dags/example_dag_decorator.py took 2.427 seconds
[2024-08-10T03:37:29.302+0000] {processor.py:161} INFO - Started process (PID=1981) to work on /home/airflow/.local/lib/python3.12/site-packages/airflow/example_dags/example_dag_decorator.py
[2024-08-10T03:37:29.303+0000] {processor.py:830} INFO - Processing file /home/airflow/.local/lib/python3.12/site-packages/airflow/example_dags/example_dag_decorator.py for tasks to queue
[2024-08-10T03:37:29.305+0000] {logging_mixin.py:188} INFO - [2024-08-10T03:37:29.304+0000] {dagbag.py:545} INFO - Filling up the DagBag from /home/airflow/.local/lib/python3.12/site-packages/airflow/example_dags/example_dag_decorator.py
[2024-08-10T03:37:30.090+0000] {processor.py:840} INFO - DAG(s) 'example_dag_decorator' retrieved from /home/airflow/.local/lib/python3.12/site-packages/airflow/example_dags/example_dag_decorator.py
[2024-08-10T03:37:30.427+0000] {logging_mixin.py:188} INFO - [2024-08-10T03:37:30.427+0000] {dag.py:3089} INFO - Sync 1 DAGs
[2024-08-10T03:37:30.475+0000] {logging_mixin.py:188} INFO - [2024-08-10T03:37:30.474+0000] {dag.py:3947} INFO - Setting next_dagrun for example_dag_decorator to None, run_after=None
[2024-08-10T03:37:30.669+0000] {processor.py:183} INFO - Processing /home/airflow/.local/lib/python3.12/site-packages/airflow/example_dags/example_dag_decorator.py took 1.377 seconds
[2024-08-10T03:38:08.031+0000] {processor.py:161} INFO - Started process (PID=1998) to work on /home/airflow/.local/lib/python3.12/site-packages/airflow/example_dags/example_dag_decorator.py
[2024-08-10T03:38:08.037+0000] {processor.py:830} INFO - Processing file /home/airflow/.local/lib/python3.12/site-packages/airflow/example_dags/example_dag_decorator.py for tasks to queue
[2024-08-10T03:38:08.047+0000] {logging_mixin.py:188} INFO - [2024-08-10T03:38:08.047+0000] {dagbag.py:545} INFO - Filling up the DagBag from /home/airflow/.local/lib/python3.12/site-packages/airflow/example_dags/example_dag_decorator.py
[2024-08-10T03:38:10.911+0000] {processor.py:840} INFO - DAG(s) 'example_dag_decorator' retrieved from /home/airflow/.local/lib/python3.12/site-packages/airflow/example_dags/example_dag_decorator.py
[2024-08-10T03:38:11.344+0000] {logging_mixin.py:188} INFO - [2024-08-10T03:38:11.344+0000] {dag.py:3089} INFO - Sync 1 DAGs
[2024-08-10T03:38:11.394+0000] {logging_mixin.py:188} INFO - [2024-08-10T03:38:11.394+0000] {dag.py:3947} INFO - Setting next_dagrun for example_dag_decorator to None, run_after=None
[2024-08-10T03:38:11.472+0000] {processor.py:183} INFO - Processing /home/airflow/.local/lib/python3.12/site-packages/airflow/example_dags/example_dag_decorator.py took 3.484 seconds
