[2024-08-10T03:18:13.253+0000] {processor.py:161} INFO - Started process (PID=80) to work on /home/airflow/.local/lib/python3.12/site-packages/airflow/example_dags/example_task_group.py
[2024-08-10T03:18:13.255+0000] {processor.py:830} INFO - Processing file /home/airflow/.local/lib/python3.12/site-packages/airflow/example_dags/example_task_group.py for tasks to queue
[2024-08-10T03:18:13.275+0000] {logging_mixin.py:188} INFO - [2024-08-10T03:18:13.274+0000] {dagbag.py:545} INFO - Filling up the DagBag from /home/airflow/.local/lib/python3.12/site-packages/airflow/example_dags/example_task_group.py
[2024-08-10T03:18:13.318+0000] {processor.py:840} INFO - DAG(s) 'example_task_group' retrieved from /home/airflow/.local/lib/python3.12/site-packages/airflow/example_dags/example_task_group.py
[2024-08-10T03:18:13.435+0000] {logging_mixin.py:188} INFO - [2024-08-10T03:18:13.434+0000] {dag.py:3089} INFO - Sync 1 DAGs
[2024-08-10T03:18:13.604+0000] {logging_mixin.py:188} INFO - [2024-08-10T03:18:13.603+0000] {dag.py:3947} INFO - Setting next_dagrun for example_task_group to 2024-08-09 00:00:00+00:00, run_after=2024-08-10 00:00:00+00:00
[2024-08-10T03:18:13.735+0000] {processor.py:183} INFO - Processing /home/airflow/.local/lib/python3.12/site-packages/airflow/example_dags/example_task_group.py took 0.508 seconds
[2024-08-10T03:18:44.609+0000] {processor.py:161} INFO - Started process (PID=138) to work on /home/airflow/.local/lib/python3.12/site-packages/airflow/example_dags/example_task_group.py
[2024-08-10T03:18:44.611+0000] {processor.py:830} INFO - Processing file /home/airflow/.local/lib/python3.12/site-packages/airflow/example_dags/example_task_group.py for tasks to queue
[2024-08-10T03:18:44.612+0000] {logging_mixin.py:188} INFO - [2024-08-10T03:18:44.612+0000] {dagbag.py:545} INFO - Filling up the DagBag from /home/airflow/.local/lib/python3.12/site-packages/airflow/example_dags/example_task_group.py
[2024-08-10T03:18:44.619+0000] {processor.py:840} INFO - DAG(s) 'example_task_group' retrieved from /home/airflow/.local/lib/python3.12/site-packages/airflow/example_dags/example_task_group.py
[2024-08-10T03:18:44.662+0000] {logging_mixin.py:188} INFO - [2024-08-10T03:18:44.662+0000] {dag.py:3089} INFO - Sync 1 DAGs
[2024-08-10T03:18:44.684+0000] {logging_mixin.py:188} INFO - [2024-08-10T03:18:44.684+0000] {dag.py:3947} INFO - Setting next_dagrun for example_task_group to 2024-08-09 00:00:00+00:00, run_after=2024-08-10 00:00:00+00:00
[2024-08-10T03:18:44.704+0000] {processor.py:183} INFO - Processing /home/airflow/.local/lib/python3.12/site-packages/airflow/example_dags/example_task_group.py took 0.099 seconds
[2024-08-10T03:19:16.328+0000] {processor.py:161} INFO - Started process (PID=198) to work on /home/airflow/.local/lib/python3.12/site-packages/airflow/example_dags/example_task_group.py
[2024-08-10T03:19:16.333+0000] {processor.py:830} INFO - Processing file /home/airflow/.local/lib/python3.12/site-packages/airflow/example_dags/example_task_group.py for tasks to queue
[2024-08-10T03:19:16.337+0000] {logging_mixin.py:188} INFO - [2024-08-10T03:19:16.337+0000] {dagbag.py:545} INFO - Filling up the DagBag from /home/airflow/.local/lib/python3.12/site-packages/airflow/example_dags/example_task_group.py
[2024-08-10T03:19:16.346+0000] {processor.py:840} INFO - DAG(s) 'example_task_group' retrieved from /home/airflow/.local/lib/python3.12/site-packages/airflow/example_dags/example_task_group.py
[2024-08-10T03:19:16.391+0000] {logging_mixin.py:188} INFO - [2024-08-10T03:19:16.391+0000] {dag.py:3089} INFO - Sync 1 DAGs
[2024-08-10T03:19:16.414+0000] {logging_mixin.py:188} INFO - [2024-08-10T03:19:16.413+0000] {dag.py:3947} INFO - Setting next_dagrun for example_task_group to 2024-08-09 00:00:00+00:00, run_after=2024-08-10 00:00:00+00:00
[2024-08-10T03:19:16.434+0000] {processor.py:183} INFO - Processing /home/airflow/.local/lib/python3.12/site-packages/airflow/example_dags/example_task_group.py took 0.112 seconds
[2024-08-10T03:19:47.097+0000] {processor.py:161} INFO - Started process (PID=258) to work on /home/airflow/.local/lib/python3.12/site-packages/airflow/example_dags/example_task_group.py
[2024-08-10T03:19:47.104+0000] {processor.py:830} INFO - Processing file /home/airflow/.local/lib/python3.12/site-packages/airflow/example_dags/example_task_group.py for tasks to queue
[2024-08-10T03:19:47.110+0000] {logging_mixin.py:188} INFO - [2024-08-10T03:19:47.109+0000] {dagbag.py:545} INFO - Filling up the DagBag from /home/airflow/.local/lib/python3.12/site-packages/airflow/example_dags/example_task_group.py
[2024-08-10T03:19:47.139+0000] {processor.py:840} INFO - DAG(s) 'example_task_group' retrieved from /home/airflow/.local/lib/python3.12/site-packages/airflow/example_dags/example_task_group.py
[2024-08-10T03:19:47.180+0000] {logging_mixin.py:188} INFO - [2024-08-10T03:19:47.179+0000] {dag.py:3089} INFO - Sync 1 DAGs
[2024-08-10T03:19:47.209+0000] {logging_mixin.py:188} INFO - [2024-08-10T03:19:47.208+0000] {dag.py:3947} INFO - Setting next_dagrun for example_task_group to 2024-08-09 00:00:00+00:00, run_after=2024-08-10 00:00:00+00:00
[2024-08-10T03:19:47.241+0000] {processor.py:183} INFO - Processing /home/airflow/.local/lib/python3.12/site-packages/airflow/example_dags/example_task_group.py took 0.164 seconds
[2024-08-10T03:20:20.635+0000] {processor.py:161} INFO - Started process (PID=317) to work on /home/airflow/.local/lib/python3.12/site-packages/airflow/example_dags/example_task_group.py
[2024-08-10T03:20:20.640+0000] {processor.py:830} INFO - Processing file /home/airflow/.local/lib/python3.12/site-packages/airflow/example_dags/example_task_group.py for tasks to queue
[2024-08-10T03:20:20.647+0000] {logging_mixin.py:188} INFO - [2024-08-10T03:20:20.647+0000] {dagbag.py:545} INFO - Filling up the DagBag from /home/airflow/.local/lib/python3.12/site-packages/airflow/example_dags/example_task_group.py
[2024-08-10T03:20:20.654+0000] {processor.py:840} INFO - DAG(s) 'example_task_group' retrieved from /home/airflow/.local/lib/python3.12/site-packages/airflow/example_dags/example_task_group.py
[2024-08-10T03:20:20.693+0000] {logging_mixin.py:188} INFO - [2024-08-10T03:20:20.693+0000] {dag.py:3089} INFO - Sync 1 DAGs
[2024-08-10T03:20:20.737+0000] {logging_mixin.py:188} INFO - [2024-08-10T03:20:20.737+0000] {dag.py:3947} INFO - Setting next_dagrun for example_task_group to 2024-08-09 00:00:00+00:00, run_after=2024-08-10 00:00:00+00:00
[2024-08-10T03:20:20.893+0000] {processor.py:183} INFO - Processing /home/airflow/.local/lib/python3.12/site-packages/airflow/example_dags/example_task_group.py took 0.264 seconds
[2024-08-10T03:20:51.327+0000] {processor.py:161} INFO - Started process (PID=377) to work on /home/airflow/.local/lib/python3.12/site-packages/airflow/example_dags/example_task_group.py
[2024-08-10T03:20:51.329+0000] {processor.py:830} INFO - Processing file /home/airflow/.local/lib/python3.12/site-packages/airflow/example_dags/example_task_group.py for tasks to queue
[2024-08-10T03:20:51.331+0000] {logging_mixin.py:188} INFO - [2024-08-10T03:20:51.331+0000] {dagbag.py:545} INFO - Filling up the DagBag from /home/airflow/.local/lib/python3.12/site-packages/airflow/example_dags/example_task_group.py
[2024-08-10T03:20:51.340+0000] {processor.py:840} INFO - DAG(s) 'example_task_group' retrieved from /home/airflow/.local/lib/python3.12/site-packages/airflow/example_dags/example_task_group.py
[2024-08-10T03:20:51.363+0000] {logging_mixin.py:188} INFO - [2024-08-10T03:20:51.363+0000] {dag.py:3089} INFO - Sync 1 DAGs
[2024-08-10T03:20:51.388+0000] {logging_mixin.py:188} INFO - [2024-08-10T03:20:51.388+0000] {dag.py:3947} INFO - Setting next_dagrun for example_task_group to 2024-08-09 00:00:00+00:00, run_after=2024-08-10 00:00:00+00:00
[2024-08-10T03:20:51.413+0000] {processor.py:183} INFO - Processing /home/airflow/.local/lib/python3.12/site-packages/airflow/example_dags/example_task_group.py took 0.092 seconds
[2024-08-10T03:21:21.780+0000] {processor.py:161} INFO - Started process (PID=436) to work on /home/airflow/.local/lib/python3.12/site-packages/airflow/example_dags/example_task_group.py
[2024-08-10T03:21:21.781+0000] {processor.py:830} INFO - Processing file /home/airflow/.local/lib/python3.12/site-packages/airflow/example_dags/example_task_group.py for tasks to queue
[2024-08-10T03:21:21.783+0000] {logging_mixin.py:188} INFO - [2024-08-10T03:21:21.783+0000] {dagbag.py:545} INFO - Filling up the DagBag from /home/airflow/.local/lib/python3.12/site-packages/airflow/example_dags/example_task_group.py
[2024-08-10T03:21:21.792+0000] {processor.py:840} INFO - DAG(s) 'example_task_group' retrieved from /home/airflow/.local/lib/python3.12/site-packages/airflow/example_dags/example_task_group.py
[2024-08-10T03:21:21.817+0000] {logging_mixin.py:188} INFO - [2024-08-10T03:21:21.816+0000] {dag.py:3089} INFO - Sync 1 DAGs
[2024-08-10T03:21:21.844+0000] {logging_mixin.py:188} INFO - [2024-08-10T03:21:21.844+0000] {dag.py:3947} INFO - Setting next_dagrun for example_task_group to 2024-08-09 00:00:00+00:00, run_after=2024-08-10 00:00:00+00:00
[2024-08-10T03:21:21.873+0000] {processor.py:183} INFO - Processing /home/airflow/.local/lib/python3.12/site-packages/airflow/example_dags/example_task_group.py took 0.099 seconds
[2024-08-10T03:21:51.995+0000] {processor.py:161} INFO - Started process (PID=496) to work on /home/airflow/.local/lib/python3.12/site-packages/airflow/example_dags/example_task_group.py
[2024-08-10T03:21:51.996+0000] {processor.py:830} INFO - Processing file /home/airflow/.local/lib/python3.12/site-packages/airflow/example_dags/example_task_group.py for tasks to queue
[2024-08-10T03:21:51.999+0000] {logging_mixin.py:188} INFO - [2024-08-10T03:21:51.999+0000] {dagbag.py:545} INFO - Filling up the DagBag from /home/airflow/.local/lib/python3.12/site-packages/airflow/example_dags/example_task_group.py
[2024-08-10T03:21:52.007+0000] {processor.py:840} INFO - DAG(s) 'example_task_group' retrieved from /home/airflow/.local/lib/python3.12/site-packages/airflow/example_dags/example_task_group.py
[2024-08-10T03:21:52.029+0000] {logging_mixin.py:188} INFO - [2024-08-10T03:21:52.029+0000] {dag.py:3089} INFO - Sync 1 DAGs
[2024-08-10T03:21:52.054+0000] {logging_mixin.py:188} INFO - [2024-08-10T03:21:52.054+0000] {dag.py:3947} INFO - Setting next_dagrun for example_task_group to 2024-08-09 00:00:00+00:00, run_after=2024-08-10 00:00:00+00:00
[2024-08-10T03:21:52.087+0000] {processor.py:183} INFO - Processing /home/airflow/.local/lib/python3.12/site-packages/airflow/example_dags/example_task_group.py took 0.100 seconds
[2024-08-10T03:22:22.463+0000] {processor.py:161} INFO - Started process (PID=556) to work on /home/airflow/.local/lib/python3.12/site-packages/airflow/example_dags/example_task_group.py
[2024-08-10T03:22:22.464+0000] {processor.py:830} INFO - Processing file /home/airflow/.local/lib/python3.12/site-packages/airflow/example_dags/example_task_group.py for tasks to queue
[2024-08-10T03:22:22.466+0000] {logging_mixin.py:188} INFO - [2024-08-10T03:22:22.465+0000] {dagbag.py:545} INFO - Filling up the DagBag from /home/airflow/.local/lib/python3.12/site-packages/airflow/example_dags/example_task_group.py
[2024-08-10T03:22:22.473+0000] {processor.py:840} INFO - DAG(s) 'example_task_group' retrieved from /home/airflow/.local/lib/python3.12/site-packages/airflow/example_dags/example_task_group.py
[2024-08-10T03:22:22.502+0000] {logging_mixin.py:188} INFO - [2024-08-10T03:22:22.502+0000] {dag.py:3089} INFO - Sync 1 DAGs
[2024-08-10T03:22:22.528+0000] {logging_mixin.py:188} INFO - [2024-08-10T03:22:22.527+0000] {dag.py:3947} INFO - Setting next_dagrun for example_task_group to 2024-08-09 00:00:00+00:00, run_after=2024-08-10 00:00:00+00:00
[2024-08-10T03:22:22.556+0000] {processor.py:183} INFO - Processing /home/airflow/.local/lib/python3.12/site-packages/airflow/example_dags/example_task_group.py took 0.099 seconds
[2024-08-10T03:22:53.172+0000] {processor.py:161} INFO - Started process (PID=616) to work on /home/airflow/.local/lib/python3.12/site-packages/airflow/example_dags/example_task_group.py
[2024-08-10T03:22:53.173+0000] {processor.py:830} INFO - Processing file /home/airflow/.local/lib/python3.12/site-packages/airflow/example_dags/example_task_group.py for tasks to queue
[2024-08-10T03:22:53.175+0000] {logging_mixin.py:188} INFO - [2024-08-10T03:22:53.175+0000] {dagbag.py:545} INFO - Filling up the DagBag from /home/airflow/.local/lib/python3.12/site-packages/airflow/example_dags/example_task_group.py
[2024-08-10T03:22:53.181+0000] {processor.py:840} INFO - DAG(s) 'example_task_group' retrieved from /home/airflow/.local/lib/python3.12/site-packages/airflow/example_dags/example_task_group.py
[2024-08-10T03:22:53.200+0000] {logging_mixin.py:188} INFO - [2024-08-10T03:22:53.200+0000] {dag.py:3089} INFO - Sync 1 DAGs
[2024-08-10T03:22:53.223+0000] {logging_mixin.py:188} INFO - [2024-08-10T03:22:53.223+0000] {dag.py:3947} INFO - Setting next_dagrun for example_task_group to 2024-08-09 00:00:00+00:00, run_after=2024-08-10 00:00:00+00:00
[2024-08-10T03:22:53.254+0000] {processor.py:183} INFO - Processing /home/airflow/.local/lib/python3.12/site-packages/airflow/example_dags/example_task_group.py took 0.087 seconds
[2024-08-10T03:23:25.458+0000] {processor.py:161} INFO - Started process (PID=676) to work on /home/airflow/.local/lib/python3.12/site-packages/airflow/example_dags/example_task_group.py
[2024-08-10T03:23:25.471+0000] {processor.py:830} INFO - Processing file /home/airflow/.local/lib/python3.12/site-packages/airflow/example_dags/example_task_group.py for tasks to queue
[2024-08-10T03:23:25.473+0000] {logging_mixin.py:188} INFO - [2024-08-10T03:23:25.472+0000] {dagbag.py:545} INFO - Filling up the DagBag from /home/airflow/.local/lib/python3.12/site-packages/airflow/example_dags/example_task_group.py
[2024-08-10T03:23:25.480+0000] {processor.py:840} INFO - DAG(s) 'example_task_group' retrieved from /home/airflow/.local/lib/python3.12/site-packages/airflow/example_dags/example_task_group.py
[2024-08-10T03:23:25.584+0000] {logging_mixin.py:188} INFO - [2024-08-10T03:23:25.584+0000] {dag.py:3089} INFO - Sync 1 DAGs
[2024-08-10T03:23:25.798+0000] {logging_mixin.py:188} INFO - [2024-08-10T03:23:25.798+0000] {dag.py:3947} INFO - Setting next_dagrun for example_task_group to 2024-08-09 00:00:00+00:00, run_after=2024-08-10 00:00:00+00:00
[2024-08-10T03:23:25.948+0000] {processor.py:183} INFO - Processing /home/airflow/.local/lib/python3.12/site-packages/airflow/example_dags/example_task_group.py took 0.497 seconds
[2024-08-10T03:23:56.772+0000] {processor.py:161} INFO - Started process (PID=734) to work on /home/airflow/.local/lib/python3.12/site-packages/airflow/example_dags/example_task_group.py
[2024-08-10T03:23:56.773+0000] {processor.py:830} INFO - Processing file /home/airflow/.local/lib/python3.12/site-packages/airflow/example_dags/example_task_group.py for tasks to queue
[2024-08-10T03:23:56.775+0000] {logging_mixin.py:188} INFO - [2024-08-10T03:23:56.775+0000] {dagbag.py:545} INFO - Filling up the DagBag from /home/airflow/.local/lib/python3.12/site-packages/airflow/example_dags/example_task_group.py
[2024-08-10T03:23:56.782+0000] {processor.py:840} INFO - DAG(s) 'example_task_group' retrieved from /home/airflow/.local/lib/python3.12/site-packages/airflow/example_dags/example_task_group.py
[2024-08-10T03:23:56.804+0000] {logging_mixin.py:188} INFO - [2024-08-10T03:23:56.803+0000] {dag.py:3089} INFO - Sync 1 DAGs
[2024-08-10T03:23:56.828+0000] {logging_mixin.py:188} INFO - [2024-08-10T03:23:56.828+0000] {dag.py:3947} INFO - Setting next_dagrun for example_task_group to 2024-08-09 00:00:00+00:00, run_after=2024-08-10 00:00:00+00:00
[2024-08-10T03:23:56.857+0000] {processor.py:183} INFO - Processing /home/airflow/.local/lib/python3.12/site-packages/airflow/example_dags/example_task_group.py took 0.090 seconds
[2024-08-10T03:24:27.417+0000] {processor.py:161} INFO - Started process (PID=795) to work on /home/airflow/.local/lib/python3.12/site-packages/airflow/example_dags/example_task_group.py
[2024-08-10T03:24:27.420+0000] {processor.py:830} INFO - Processing file /home/airflow/.local/lib/python3.12/site-packages/airflow/example_dags/example_task_group.py for tasks to queue
[2024-08-10T03:24:27.423+0000] {logging_mixin.py:188} INFO - [2024-08-10T03:24:27.423+0000] {dagbag.py:545} INFO - Filling up the DagBag from /home/airflow/.local/lib/python3.12/site-packages/airflow/example_dags/example_task_group.py
[2024-08-10T03:24:27.433+0000] {processor.py:840} INFO - DAG(s) 'example_task_group' retrieved from /home/airflow/.local/lib/python3.12/site-packages/airflow/example_dags/example_task_group.py
[2024-08-10T03:24:27.458+0000] {logging_mixin.py:188} INFO - [2024-08-10T03:24:27.458+0000] {dag.py:3089} INFO - Sync 1 DAGs
[2024-08-10T03:24:27.482+0000] {logging_mixin.py:188} INFO - [2024-08-10T03:24:27.482+0000] {dag.py:3947} INFO - Setting next_dagrun for example_task_group to 2024-08-09 00:00:00+00:00, run_after=2024-08-10 00:00:00+00:00
[2024-08-10T03:24:27.506+0000] {processor.py:183} INFO - Processing /home/airflow/.local/lib/python3.12/site-packages/airflow/example_dags/example_task_group.py took 0.095 seconds
[2024-08-10T03:24:57.722+0000] {processor.py:161} INFO - Started process (PID=855) to work on /home/airflow/.local/lib/python3.12/site-packages/airflow/example_dags/example_task_group.py
[2024-08-10T03:24:57.723+0000] {processor.py:830} INFO - Processing file /home/airflow/.local/lib/python3.12/site-packages/airflow/example_dags/example_task_group.py for tasks to queue
[2024-08-10T03:24:57.726+0000] {logging_mixin.py:188} INFO - [2024-08-10T03:24:57.725+0000] {dagbag.py:545} INFO - Filling up the DagBag from /home/airflow/.local/lib/python3.12/site-packages/airflow/example_dags/example_task_group.py
[2024-08-10T03:24:57.733+0000] {processor.py:840} INFO - DAG(s) 'example_task_group' retrieved from /home/airflow/.local/lib/python3.12/site-packages/airflow/example_dags/example_task_group.py
[2024-08-10T03:24:57.827+0000] {logging_mixin.py:188} INFO - [2024-08-10T03:24:57.827+0000] {dag.py:3089} INFO - Sync 1 DAGs
[2024-08-10T03:24:57.852+0000] {logging_mixin.py:188} INFO - [2024-08-10T03:24:57.852+0000] {dag.py:3947} INFO - Setting next_dagrun for example_task_group to 2024-08-09 00:00:00+00:00, run_after=2024-08-10 00:00:00+00:00
[2024-08-10T03:24:57.877+0000] {processor.py:183} INFO - Processing /home/airflow/.local/lib/python3.12/site-packages/airflow/example_dags/example_task_group.py took 0.162 seconds
[2024-08-10T03:25:28.524+0000] {processor.py:161} INFO - Started process (PID=914) to work on /home/airflow/.local/lib/python3.12/site-packages/airflow/example_dags/example_task_group.py
[2024-08-10T03:25:28.525+0000] {processor.py:830} INFO - Processing file /home/airflow/.local/lib/python3.12/site-packages/airflow/example_dags/example_task_group.py for tasks to queue
[2024-08-10T03:25:28.527+0000] {logging_mixin.py:188} INFO - [2024-08-10T03:25:28.527+0000] {dagbag.py:545} INFO - Filling up the DagBag from /home/airflow/.local/lib/python3.12/site-packages/airflow/example_dags/example_task_group.py
[2024-08-10T03:25:28.536+0000] {processor.py:840} INFO - DAG(s) 'example_task_group' retrieved from /home/airflow/.local/lib/python3.12/site-packages/airflow/example_dags/example_task_group.py
[2024-08-10T03:25:28.561+0000] {logging_mixin.py:188} INFO - [2024-08-10T03:25:28.561+0000] {dag.py:3089} INFO - Sync 1 DAGs
[2024-08-10T03:25:28.589+0000] {logging_mixin.py:188} INFO - [2024-08-10T03:25:28.588+0000] {dag.py:3947} INFO - Setting next_dagrun for example_task_group to 2024-08-09 00:00:00+00:00, run_after=2024-08-10 00:00:00+00:00
[2024-08-10T03:25:28.624+0000] {processor.py:183} INFO - Processing /home/airflow/.local/lib/python3.12/site-packages/airflow/example_dags/example_task_group.py took 0.107 seconds
[2024-08-10T03:25:58.917+0000] {processor.py:161} INFO - Started process (PID=974) to work on /home/airflow/.local/lib/python3.12/site-packages/airflow/example_dags/example_task_group.py
[2024-08-10T03:25:58.919+0000] {processor.py:830} INFO - Processing file /home/airflow/.local/lib/python3.12/site-packages/airflow/example_dags/example_task_group.py for tasks to queue
[2024-08-10T03:25:58.921+0000] {logging_mixin.py:188} INFO - [2024-08-10T03:25:58.920+0000] {dagbag.py:545} INFO - Filling up the DagBag from /home/airflow/.local/lib/python3.12/site-packages/airflow/example_dags/example_task_group.py
[2024-08-10T03:25:58.930+0000] {processor.py:840} INFO - DAG(s) 'example_task_group' retrieved from /home/airflow/.local/lib/python3.12/site-packages/airflow/example_dags/example_task_group.py
[2024-08-10T03:25:58.956+0000] {logging_mixin.py:188} INFO - [2024-08-10T03:25:58.956+0000] {dag.py:3089} INFO - Sync 1 DAGs
[2024-08-10T03:25:58.984+0000] {logging_mixin.py:188} INFO - [2024-08-10T03:25:58.983+0000] {dag.py:3947} INFO - Setting next_dagrun for example_task_group to 2024-08-09 00:00:00+00:00, run_after=2024-08-10 00:00:00+00:00
[2024-08-10T03:25:59.012+0000] {processor.py:183} INFO - Processing /home/airflow/.local/lib/python3.12/site-packages/airflow/example_dags/example_task_group.py took 0.103 seconds
[2024-08-10T03:26:29.629+0000] {processor.py:161} INFO - Started process (PID=1034) to work on /home/airflow/.local/lib/python3.12/site-packages/airflow/example_dags/example_task_group.py
[2024-08-10T03:26:29.630+0000] {processor.py:830} INFO - Processing file /home/airflow/.local/lib/python3.12/site-packages/airflow/example_dags/example_task_group.py for tasks to queue
[2024-08-10T03:26:29.632+0000] {logging_mixin.py:188} INFO - [2024-08-10T03:26:29.632+0000] {dagbag.py:545} INFO - Filling up the DagBag from /home/airflow/.local/lib/python3.12/site-packages/airflow/example_dags/example_task_group.py
[2024-08-10T03:26:29.641+0000] {processor.py:840} INFO - DAG(s) 'example_task_group' retrieved from /home/airflow/.local/lib/python3.12/site-packages/airflow/example_dags/example_task_group.py
[2024-08-10T03:26:29.661+0000] {logging_mixin.py:188} INFO - [2024-08-10T03:26:29.661+0000] {dag.py:3089} INFO - Sync 1 DAGs
[2024-08-10T03:26:29.686+0000] {logging_mixin.py:188} INFO - [2024-08-10T03:26:29.686+0000] {dag.py:3947} INFO - Setting next_dagrun for example_task_group to 2024-08-09 00:00:00+00:00, run_after=2024-08-10 00:00:00+00:00
[2024-08-10T03:26:29.717+0000] {processor.py:183} INFO - Processing /home/airflow/.local/lib/python3.12/site-packages/airflow/example_dags/example_task_group.py took 0.094 seconds
[2024-08-10T03:27:00.286+0000] {processor.py:161} INFO - Started process (PID=1096) to work on /home/airflow/.local/lib/python3.12/site-packages/airflow/example_dags/example_task_group.py
[2024-08-10T03:27:00.287+0000] {processor.py:830} INFO - Processing file /home/airflow/.local/lib/python3.12/site-packages/airflow/example_dags/example_task_group.py for tasks to queue
[2024-08-10T03:27:00.289+0000] {logging_mixin.py:188} INFO - [2024-08-10T03:27:00.289+0000] {dagbag.py:545} INFO - Filling up the DagBag from /home/airflow/.local/lib/python3.12/site-packages/airflow/example_dags/example_task_group.py
[2024-08-10T03:27:00.297+0000] {processor.py:840} INFO - DAG(s) 'example_task_group' retrieved from /home/airflow/.local/lib/python3.12/site-packages/airflow/example_dags/example_task_group.py
[2024-08-10T03:27:00.321+0000] {logging_mixin.py:188} INFO - [2024-08-10T03:27:00.321+0000] {dag.py:3089} INFO - Sync 1 DAGs
[2024-08-10T03:27:00.349+0000] {logging_mixin.py:188} INFO - [2024-08-10T03:27:00.349+0000] {dag.py:3947} INFO - Setting next_dagrun for example_task_group to 2024-08-09 00:00:00+00:00, run_after=2024-08-10 00:00:00+00:00
[2024-08-10T03:27:00.378+0000] {processor.py:183} INFO - Processing /home/airflow/.local/lib/python3.12/site-packages/airflow/example_dags/example_task_group.py took 0.101 seconds
[2024-08-10T03:27:30.510+0000] {processor.py:161} INFO - Started process (PID=1156) to work on /home/airflow/.local/lib/python3.12/site-packages/airflow/example_dags/example_task_group.py
[2024-08-10T03:27:30.511+0000] {processor.py:830} INFO - Processing file /home/airflow/.local/lib/python3.12/site-packages/airflow/example_dags/example_task_group.py for tasks to queue
[2024-08-10T03:27:30.514+0000] {logging_mixin.py:188} INFO - [2024-08-10T03:27:30.514+0000] {dagbag.py:545} INFO - Filling up the DagBag from /home/airflow/.local/lib/python3.12/site-packages/airflow/example_dags/example_task_group.py
[2024-08-10T03:27:30.523+0000] {processor.py:840} INFO - DAG(s) 'example_task_group' retrieved from /home/airflow/.local/lib/python3.12/site-packages/airflow/example_dags/example_task_group.py
[2024-08-10T03:27:30.547+0000] {logging_mixin.py:188} INFO - [2024-08-10T03:27:30.547+0000] {dag.py:3089} INFO - Sync 1 DAGs
[2024-08-10T03:27:30.574+0000] {logging_mixin.py:188} INFO - [2024-08-10T03:27:30.574+0000] {dag.py:3947} INFO - Setting next_dagrun for example_task_group to 2024-08-09 00:00:00+00:00, run_after=2024-08-10 00:00:00+00:00
[2024-08-10T03:27:30.600+0000] {processor.py:183} INFO - Processing /home/airflow/.local/lib/python3.12/site-packages/airflow/example_dags/example_task_group.py took 0.102 seconds
[2024-08-10T03:28:00.662+0000] {processor.py:161} INFO - Started process (PID=1214) to work on /home/airflow/.local/lib/python3.12/site-packages/airflow/example_dags/example_task_group.py
[2024-08-10T03:28:00.663+0000] {processor.py:830} INFO - Processing file /home/airflow/.local/lib/python3.12/site-packages/airflow/example_dags/example_task_group.py for tasks to queue
[2024-08-10T03:28:00.665+0000] {logging_mixin.py:188} INFO - [2024-08-10T03:28:00.665+0000] {dagbag.py:545} INFO - Filling up the DagBag from /home/airflow/.local/lib/python3.12/site-packages/airflow/example_dags/example_task_group.py
[2024-08-10T03:28:00.672+0000] {processor.py:840} INFO - DAG(s) 'example_task_group' retrieved from /home/airflow/.local/lib/python3.12/site-packages/airflow/example_dags/example_task_group.py
[2024-08-10T03:28:00.700+0000] {logging_mixin.py:188} INFO - [2024-08-10T03:28:00.699+0000] {dag.py:3089} INFO - Sync 1 DAGs
[2024-08-10T03:28:00.727+0000] {logging_mixin.py:188} INFO - [2024-08-10T03:28:00.727+0000] {dag.py:3947} INFO - Setting next_dagrun for example_task_group to 2024-08-09 00:00:00+00:00, run_after=2024-08-10 00:00:00+00:00
[2024-08-10T03:28:00.826+0000] {processor.py:183} INFO - Processing /home/airflow/.local/lib/python3.12/site-packages/airflow/example_dags/example_task_group.py took 0.169 seconds
[2024-08-10T03:28:31.707+0000] {processor.py:161} INFO - Started process (PID=1274) to work on /home/airflow/.local/lib/python3.12/site-packages/airflow/example_dags/example_task_group.py
[2024-08-10T03:28:31.729+0000] {processor.py:830} INFO - Processing file /home/airflow/.local/lib/python3.12/site-packages/airflow/example_dags/example_task_group.py for tasks to queue
[2024-08-10T03:28:31.732+0000] {logging_mixin.py:188} INFO - [2024-08-10T03:28:31.731+0000] {dagbag.py:545} INFO - Filling up the DagBag from /home/airflow/.local/lib/python3.12/site-packages/airflow/example_dags/example_task_group.py
[2024-08-10T03:28:31.763+0000] {processor.py:840} INFO - DAG(s) 'example_task_group' retrieved from /home/airflow/.local/lib/python3.12/site-packages/airflow/example_dags/example_task_group.py
[2024-08-10T03:28:31.861+0000] {logging_mixin.py:188} INFO - [2024-08-10T03:28:31.861+0000] {dag.py:3089} INFO - Sync 1 DAGs
[2024-08-10T03:28:31.950+0000] {logging_mixin.py:188} INFO - [2024-08-10T03:28:31.950+0000] {dag.py:3947} INFO - Setting next_dagrun for example_task_group to 2024-08-09 00:00:00+00:00, run_after=2024-08-10 00:00:00+00:00
[2024-08-10T03:28:32.002+0000] {processor.py:183} INFO - Processing /home/airflow/.local/lib/python3.12/site-packages/airflow/example_dags/example_task_group.py took 0.304 seconds
[2024-08-10T03:29:03.796+0000] {processor.py:161} INFO - Started process (PID=1334) to work on /home/airflow/.local/lib/python3.12/site-packages/airflow/example_dags/example_task_group.py
[2024-08-10T03:29:03.829+0000] {processor.py:830} INFO - Processing file /home/airflow/.local/lib/python3.12/site-packages/airflow/example_dags/example_task_group.py for tasks to queue
[2024-08-10T03:29:03.839+0000] {logging_mixin.py:188} INFO - [2024-08-10T03:29:03.839+0000] {dagbag.py:545} INFO - Filling up the DagBag from /home/airflow/.local/lib/python3.12/site-packages/airflow/example_dags/example_task_group.py
[2024-08-10T03:29:03.881+0000] {processor.py:840} INFO - DAG(s) 'example_task_group' retrieved from /home/airflow/.local/lib/python3.12/site-packages/airflow/example_dags/example_task_group.py
[2024-08-10T03:29:03.967+0000] {logging_mixin.py:188} INFO - [2024-08-10T03:29:03.967+0000] {dag.py:3089} INFO - Sync 1 DAGs
[2024-08-10T03:29:04.045+0000] {logging_mixin.py:188} INFO - [2024-08-10T03:29:04.045+0000] {dag.py:3947} INFO - Setting next_dagrun for example_task_group to 2024-08-09 00:00:00+00:00, run_after=2024-08-10 00:00:00+00:00
[2024-08-10T03:29:04.107+0000] {processor.py:183} INFO - Processing /home/airflow/.local/lib/python3.12/site-packages/airflow/example_dags/example_task_group.py took 0.553 seconds
[2024-08-10T03:29:42.899+0000] {processor.py:161} INFO - Started process (PID=1400) to work on /home/airflow/.local/lib/python3.12/site-packages/airflow/example_dags/example_task_group.py
[2024-08-10T03:29:42.915+0000] {processor.py:830} INFO - Processing file /home/airflow/.local/lib/python3.12/site-packages/airflow/example_dags/example_task_group.py for tasks to queue
[2024-08-10T03:29:42.928+0000] {logging_mixin.py:188} INFO - [2024-08-10T03:29:42.927+0000] {dagbag.py:545} INFO - Filling up the DagBag from /home/airflow/.local/lib/python3.12/site-packages/airflow/example_dags/example_task_group.py
[2024-08-10T03:29:42.934+0000] {processor.py:840} INFO - DAG(s) 'example_task_group' retrieved from /home/airflow/.local/lib/python3.12/site-packages/airflow/example_dags/example_task_group.py
[2024-08-10T03:29:43.015+0000] {logging_mixin.py:188} INFO - [2024-08-10T03:29:43.015+0000] {dag.py:3089} INFO - Sync 1 DAGs
[2024-08-10T03:29:43.056+0000] {logging_mixin.py:188} INFO - [2024-08-10T03:29:43.055+0000] {dag.py:3947} INFO - Setting next_dagrun for example_task_group to 2024-08-09 00:00:00+00:00, run_after=2024-08-10 00:00:00+00:00
[2024-08-10T03:29:43.175+0000] {processor.py:183} INFO - Processing /home/airflow/.local/lib/python3.12/site-packages/airflow/example_dags/example_task_group.py took 0.281 seconds
[2024-08-10T03:30:33.327+0000] {processor.py:161} INFO - Started process (PID=1460) to work on /home/airflow/.local/lib/python3.12/site-packages/airflow/example_dags/example_task_group.py
[2024-08-10T03:30:33.337+0000] {processor.py:830} INFO - Processing file /home/airflow/.local/lib/python3.12/site-packages/airflow/example_dags/example_task_group.py for tasks to queue
[2024-08-10T03:30:33.340+0000] {logging_mixin.py:188} INFO - [2024-08-10T03:30:33.339+0000] {dagbag.py:545} INFO - Filling up the DagBag from /home/airflow/.local/lib/python3.12/site-packages/airflow/example_dags/example_task_group.py
[2024-08-10T03:30:33.355+0000] {processor.py:840} INFO - DAG(s) 'example_task_group' retrieved from /home/airflow/.local/lib/python3.12/site-packages/airflow/example_dags/example_task_group.py
[2024-08-10T03:30:33.410+0000] {logging_mixin.py:188} INFO - [2024-08-10T03:30:33.410+0000] {dag.py:3089} INFO - Sync 1 DAGs
[2024-08-10T03:30:33.587+0000] {logging_mixin.py:188} INFO - [2024-08-10T03:30:33.587+0000] {dag.py:3947} INFO - Setting next_dagrun for example_task_group to 2024-08-09 00:00:00+00:00, run_after=2024-08-10 00:00:00+00:00
[2024-08-10T03:30:34.146+0000] {processor.py:183} INFO - Processing /home/airflow/.local/lib/python3.12/site-packages/airflow/example_dags/example_task_group.py took 0.826 seconds
[2024-08-10T03:31:04.348+0000] {processor.py:161} INFO - Started process (PID=1519) to work on /home/airflow/.local/lib/python3.12/site-packages/airflow/example_dags/example_task_group.py
[2024-08-10T03:31:04.352+0000] {processor.py:830} INFO - Processing file /home/airflow/.local/lib/python3.12/site-packages/airflow/example_dags/example_task_group.py for tasks to queue
[2024-08-10T03:31:04.356+0000] {logging_mixin.py:188} INFO - [2024-08-10T03:31:04.355+0000] {dagbag.py:545} INFO - Filling up the DagBag from /home/airflow/.local/lib/python3.12/site-packages/airflow/example_dags/example_task_group.py
[2024-08-10T03:31:04.368+0000] {processor.py:840} INFO - DAG(s) 'example_task_group' retrieved from /home/airflow/.local/lib/python3.12/site-packages/airflow/example_dags/example_task_group.py
[2024-08-10T03:31:04.415+0000] {logging_mixin.py:188} INFO - [2024-08-10T03:31:04.414+0000] {dag.py:3089} INFO - Sync 1 DAGs
[2024-08-10T03:31:04.466+0000] {logging_mixin.py:188} INFO - [2024-08-10T03:31:04.466+0000] {dag.py:3947} INFO - Setting next_dagrun for example_task_group to 2024-08-09 00:00:00+00:00, run_after=2024-08-10 00:00:00+00:00
[2024-08-10T03:31:04.508+0000] {processor.py:183} INFO - Processing /home/airflow/.local/lib/python3.12/site-packages/airflow/example_dags/example_task_group.py took 0.203 seconds
[2024-08-10T03:31:43.326+0000] {processor.py:161} INFO - Started process (PID=1579) to work on /home/airflow/.local/lib/python3.12/site-packages/airflow/example_dags/example_task_group.py
[2024-08-10T03:31:43.353+0000] {processor.py:830} INFO - Processing file /home/airflow/.local/lib/python3.12/site-packages/airflow/example_dags/example_task_group.py for tasks to queue
[2024-08-10T03:31:43.354+0000] {logging_mixin.py:188} INFO - [2024-08-10T03:31:43.354+0000] {dagbag.py:545} INFO - Filling up the DagBag from /home/airflow/.local/lib/python3.12/site-packages/airflow/example_dags/example_task_group.py
[2024-08-10T03:31:43.372+0000] {processor.py:840} INFO - DAG(s) 'example_task_group' retrieved from /home/airflow/.local/lib/python3.12/site-packages/airflow/example_dags/example_task_group.py
[2024-08-10T03:31:43.410+0000] {logging_mixin.py:188} INFO - [2024-08-10T03:31:43.410+0000] {dag.py:3089} INFO - Sync 1 DAGs
[2024-08-10T03:31:43.440+0000] {logging_mixin.py:188} INFO - [2024-08-10T03:31:43.439+0000] {dag.py:3947} INFO - Setting next_dagrun for example_task_group to 2024-08-09 00:00:00+00:00, run_after=2024-08-10 00:00:00+00:00
[2024-08-10T03:31:44.610+0000] {processor.py:183} INFO - Processing /home/airflow/.local/lib/python3.12/site-packages/airflow/example_dags/example_task_group.py took 1.300 seconds
[2024-08-10T03:32:37.864+0000] {processor.py:161} INFO - Started process (PID=1640) to work on /home/airflow/.local/lib/python3.12/site-packages/airflow/example_dags/example_task_group.py
[2024-08-10T03:32:37.866+0000] {processor.py:830} INFO - Processing file /home/airflow/.local/lib/python3.12/site-packages/airflow/example_dags/example_task_group.py for tasks to queue
[2024-08-10T03:32:37.876+0000] {logging_mixin.py:188} INFO - [2024-08-10T03:32:37.876+0000] {dagbag.py:545} INFO - Filling up the DagBag from /home/airflow/.local/lib/python3.12/site-packages/airflow/example_dags/example_task_group.py
[2024-08-10T03:32:37.888+0000] {processor.py:840} INFO - DAG(s) 'example_task_group' retrieved from /home/airflow/.local/lib/python3.12/site-packages/airflow/example_dags/example_task_group.py
[2024-08-10T03:32:37.923+0000] {logging_mixin.py:188} INFO - [2024-08-10T03:32:37.923+0000] {dag.py:3089} INFO - Sync 1 DAGs
[2024-08-10T03:32:37.955+0000] {logging_mixin.py:188} INFO - [2024-08-10T03:32:37.955+0000] {dag.py:3947} INFO - Setting next_dagrun for example_task_group to 2024-08-09 00:00:00+00:00, run_after=2024-08-10 00:00:00+00:00
[2024-08-10T03:32:37.991+0000] {processor.py:183} INFO - Processing /home/airflow/.local/lib/python3.12/site-packages/airflow/example_dags/example_task_group.py took 0.135 seconds
[2024-08-10T03:33:24.584+0000] {processor.py:161} INFO - Started process (PID=1703) to work on /home/airflow/.local/lib/python3.12/site-packages/airflow/example_dags/example_task_group.py
[2024-08-10T03:33:24.589+0000] {processor.py:830} INFO - Processing file /home/airflow/.local/lib/python3.12/site-packages/airflow/example_dags/example_task_group.py for tasks to queue
[2024-08-10T03:33:24.590+0000] {logging_mixin.py:188} INFO - [2024-08-10T03:33:24.590+0000] {dagbag.py:545} INFO - Filling up the DagBag from /home/airflow/.local/lib/python3.12/site-packages/airflow/example_dags/example_task_group.py
[2024-08-10T03:33:24.618+0000] {processor.py:840} INFO - DAG(s) 'example_task_group' retrieved from /home/airflow/.local/lib/python3.12/site-packages/airflow/example_dags/example_task_group.py
[2024-08-10T03:33:24.707+0000] {logging_mixin.py:188} INFO - [2024-08-10T03:33:24.707+0000] {dag.py:3089} INFO - Sync 1 DAGs
[2024-08-10T03:33:24.788+0000] {logging_mixin.py:188} INFO - [2024-08-10T03:33:24.788+0000] {dag.py:3947} INFO - Setting next_dagrun for example_task_group to 2024-08-09 00:00:00+00:00, run_after=2024-08-10 00:00:00+00:00
[2024-08-10T03:33:24.824+0000] {processor.py:183} INFO - Processing /home/airflow/.local/lib/python3.12/site-packages/airflow/example_dags/example_task_group.py took 0.246 seconds
[2024-08-10T03:34:40.672+0000] {processor.py:161} INFO - Started process (PID=1771) to work on /home/airflow/.local/lib/python3.12/site-packages/airflow/example_dags/example_task_group.py
[2024-08-10T03:34:40.674+0000] {processor.py:830} INFO - Processing file /home/airflow/.local/lib/python3.12/site-packages/airflow/example_dags/example_task_group.py for tasks to queue
[2024-08-10T03:34:40.675+0000] {logging_mixin.py:188} INFO - [2024-08-10T03:34:40.675+0000] {dagbag.py:545} INFO - Filling up the DagBag from /home/airflow/.local/lib/python3.12/site-packages/airflow/example_dags/example_task_group.py
[2024-08-10T03:34:40.687+0000] {processor.py:840} INFO - DAG(s) 'example_task_group' retrieved from /home/airflow/.local/lib/python3.12/site-packages/airflow/example_dags/example_task_group.py
[2024-08-10T03:34:42.005+0000] {logging_mixin.py:188} INFO - [2024-08-10T03:34:42.005+0000] {dag.py:3089} INFO - Sync 1 DAGs
[2024-08-10T03:34:42.075+0000] {logging_mixin.py:188} INFO - [2024-08-10T03:34:42.075+0000] {dag.py:3947} INFO - Setting next_dagrun for example_task_group to 2024-08-09 00:00:00+00:00, run_after=2024-08-10 00:00:00+00:00
[2024-08-10T03:34:43.738+0000] {processor.py:183} INFO - Processing /home/airflow/.local/lib/python3.12/site-packages/airflow/example_dags/example_task_group.py took 3.089 seconds
[2024-08-10T03:35:38.065+0000] {processor.py:161} INFO - Started process (PID=1837) to work on /home/airflow/.local/lib/python3.12/site-packages/airflow/example_dags/example_task_group.py
[2024-08-10T03:35:38.066+0000] {processor.py:830} INFO - Processing file /home/airflow/.local/lib/python3.12/site-packages/airflow/example_dags/example_task_group.py for tasks to queue
[2024-08-10T03:35:38.068+0000] {logging_mixin.py:188} INFO - [2024-08-10T03:35:38.067+0000] {dagbag.py:545} INFO - Filling up the DagBag from /home/airflow/.local/lib/python3.12/site-packages/airflow/example_dags/example_task_group.py
[2024-08-10T03:35:38.080+0000] {processor.py:840} INFO - DAG(s) 'example_task_group' retrieved from /home/airflow/.local/lib/python3.12/site-packages/airflow/example_dags/example_task_group.py
[2024-08-10T03:35:38.106+0000] {logging_mixin.py:188} INFO - [2024-08-10T03:35:38.105+0000] {dag.py:3089} INFO - Sync 1 DAGs
[2024-08-10T03:35:38.132+0000] {logging_mixin.py:188} INFO - [2024-08-10T03:35:38.132+0000] {dag.py:3947} INFO - Setting next_dagrun for example_task_group to 2024-08-09 00:00:00+00:00, run_after=2024-08-10 00:00:00+00:00
[2024-08-10T03:35:39.247+0000] {processor.py:183} INFO - Processing /home/airflow/.local/lib/python3.12/site-packages/airflow/example_dags/example_task_group.py took 1.194 seconds
[2024-08-10T03:36:10.253+0000] {processor.py:161} INFO - Started process (PID=1897) to work on /home/airflow/.local/lib/python3.12/site-packages/airflow/example_dags/example_task_group.py
[2024-08-10T03:36:10.307+0000] {processor.py:830} INFO - Processing file /home/airflow/.local/lib/python3.12/site-packages/airflow/example_dags/example_task_group.py for tasks to queue
[2024-08-10T03:36:10.315+0000] {logging_mixin.py:188} INFO - [2024-08-10T03:36:10.315+0000] {dagbag.py:545} INFO - Filling up the DagBag from /home/airflow/.local/lib/python3.12/site-packages/airflow/example_dags/example_task_group.py
[2024-08-10T03:36:10.365+0000] {processor.py:840} INFO - DAG(s) 'example_task_group' retrieved from /home/airflow/.local/lib/python3.12/site-packages/airflow/example_dags/example_task_group.py
[2024-08-10T03:36:10.404+0000] {logging_mixin.py:188} INFO - [2024-08-10T03:36:10.403+0000] {dag.py:3089} INFO - Sync 1 DAGs
[2024-08-10T03:36:10.445+0000] {logging_mixin.py:188} INFO - [2024-08-10T03:36:10.444+0000] {dag.py:3947} INFO - Setting next_dagrun for example_task_group to 2024-08-09 00:00:00+00:00, run_after=2024-08-10 00:00:00+00:00
[2024-08-10T03:36:11.666+0000] {processor.py:183} INFO - Processing /home/airflow/.local/lib/python3.12/site-packages/airflow/example_dags/example_task_group.py took 1.433 seconds
[2024-08-10T03:37:05.581+0000] {processor.py:161} INFO - Started process (PID=1947) to work on /home/airflow/.local/lib/python3.12/site-packages/airflow/example_dags/example_task_group.py
[2024-08-10T03:37:05.594+0000] {processor.py:830} INFO - Processing file /home/airflow/.local/lib/python3.12/site-packages/airflow/example_dags/example_task_group.py for tasks to queue
[2024-08-10T03:37:05.609+0000] {logging_mixin.py:188} INFO - [2024-08-10T03:37:05.608+0000] {dagbag.py:545} INFO - Filling up the DagBag from /home/airflow/.local/lib/python3.12/site-packages/airflow/example_dags/example_task_group.py
[2024-08-10T03:37:05.631+0000] {processor.py:840} INFO - DAG(s) 'example_task_group' retrieved from /home/airflow/.local/lib/python3.12/site-packages/airflow/example_dags/example_task_group.py
[2024-08-10T03:37:05.779+0000] {logging_mixin.py:188} INFO - [2024-08-10T03:37:05.779+0000] {dag.py:3089} INFO - Sync 1 DAGs
[2024-08-10T03:37:05.816+0000] {logging_mixin.py:188} INFO - [2024-08-10T03:37:05.816+0000] {dag.py:3947} INFO - Setting next_dagrun for example_task_group to 2024-08-09 00:00:00+00:00, run_after=2024-08-10 00:00:00+00:00
[2024-08-10T03:37:06.202+0000] {processor.py:183} INFO - Processing /home/airflow/.local/lib/python3.12/site-packages/airflow/example_dags/example_task_group.py took 0.636 seconds
[2024-08-10T03:38:14.653+0000] {processor.py:161} INFO - Started process (PID=2017) to work on /home/airflow/.local/lib/python3.12/site-packages/airflow/example_dags/example_task_group.py
[2024-08-10T03:38:14.661+0000] {processor.py:830} INFO - Processing file /home/airflow/.local/lib/python3.12/site-packages/airflow/example_dags/example_task_group.py for tasks to queue
[2024-08-10T03:38:14.663+0000] {logging_mixin.py:188} INFO - [2024-08-10T03:38:14.662+0000] {dagbag.py:545} INFO - Filling up the DagBag from /home/airflow/.local/lib/python3.12/site-packages/airflow/example_dags/example_task_group.py
[2024-08-10T03:38:14.685+0000] {processor.py:840} INFO - DAG(s) 'example_task_group' retrieved from /home/airflow/.local/lib/python3.12/site-packages/airflow/example_dags/example_task_group.py
[2024-08-10T03:38:14.775+0000] {logging_mixin.py:188} INFO - [2024-08-10T03:38:14.775+0000] {dag.py:3089} INFO - Sync 1 DAGs
[2024-08-10T03:38:14.965+0000] {logging_mixin.py:188} INFO - [2024-08-10T03:38:14.964+0000] {dag.py:3947} INFO - Setting next_dagrun for example_task_group to 2024-08-09 00:00:00+00:00, run_after=2024-08-10 00:00:00+00:00
[2024-08-10T03:38:15.075+0000] {processor.py:183} INFO - Processing /home/airflow/.local/lib/python3.12/site-packages/airflow/example_dags/example_task_group.py took 0.436 seconds
