[2024-08-10T03:18:08.837+0000] {processor.py:161} INFO - Started process (PID=66) to work on /home/airflow/.local/lib/python3.12/site-packages/airflow/example_dags/example_nested_branch_dag.py
[2024-08-10T03:18:08.838+0000] {processor.py:830} INFO - Processing file /home/airflow/.local/lib/python3.12/site-packages/airflow/example_dags/example_nested_branch_dag.py for tasks to queue
[2024-08-10T03:18:08.841+0000] {logging_mixin.py:188} INFO - [2024-08-10T03:18:08.840+0000] {dagbag.py:545} INFO - Filling up the DagBag from /home/airflow/.local/lib/python3.12/site-packages/airflow/example_dags/example_nested_branch_dag.py
[2024-08-10T03:18:08.853+0000] {processor.py:840} INFO - DAG(s) 'example_nested_branch_dag' retrieved from /home/airflow/.local/lib/python3.12/site-packages/airflow/example_dags/example_nested_branch_dag.py
[2024-08-10T03:18:08.892+0000] {logging_mixin.py:188} INFO - [2024-08-10T03:18:08.892+0000] {dag.py:3089} INFO - Sync 1 DAGs
[2024-08-10T03:18:08.927+0000] {logging_mixin.py:188} INFO - [2024-08-10T03:18:08.926+0000] {dag.py:3947} INFO - Setting next_dagrun for example_nested_branch_dag to 2024-08-09 00:00:00+00:00, run_after=2024-08-10 00:00:00+00:00
[2024-08-10T03:18:08.953+0000] {processor.py:183} INFO - Processing /home/airflow/.local/lib/python3.12/site-packages/airflow/example_dags/example_nested_branch_dag.py took 0.126 seconds
[2024-08-10T03:18:42.014+0000] {processor.py:161} INFO - Started process (PID=124) to work on /home/airflow/.local/lib/python3.12/site-packages/airflow/example_dags/example_nested_branch_dag.py
[2024-08-10T03:18:42.015+0000] {processor.py:830} INFO - Processing file /home/airflow/.local/lib/python3.12/site-packages/airflow/example_dags/example_nested_branch_dag.py for tasks to queue
[2024-08-10T03:18:42.018+0000] {logging_mixin.py:188} INFO - [2024-08-10T03:18:42.018+0000] {dagbag.py:545} INFO - Filling up the DagBag from /home/airflow/.local/lib/python3.12/site-packages/airflow/example_dags/example_nested_branch_dag.py
[2024-08-10T03:18:42.039+0000] {processor.py:840} INFO - DAG(s) 'example_nested_branch_dag' retrieved from /home/airflow/.local/lib/python3.12/site-packages/airflow/example_dags/example_nested_branch_dag.py
[2024-08-10T03:18:42.103+0000] {logging_mixin.py:188} INFO - [2024-08-10T03:18:42.103+0000] {dag.py:3089} INFO - Sync 1 DAGs
[2024-08-10T03:18:42.156+0000] {logging_mixin.py:188} INFO - [2024-08-10T03:18:42.155+0000] {dag.py:3947} INFO - Setting next_dagrun for example_nested_branch_dag to 2024-08-09 00:00:00+00:00, run_after=2024-08-10 00:00:00+00:00
[2024-08-10T03:18:42.229+0000] {processor.py:183} INFO - Processing /home/airflow/.local/lib/python3.12/site-packages/airflow/example_dags/example_nested_branch_dag.py took 0.231 seconds
[2024-08-10T03:19:12.554+0000] {processor.py:161} INFO - Started process (PID=182) to work on /home/airflow/.local/lib/python3.12/site-packages/airflow/example_dags/example_nested_branch_dag.py
[2024-08-10T03:19:12.563+0000] {processor.py:830} INFO - Processing file /home/airflow/.local/lib/python3.12/site-packages/airflow/example_dags/example_nested_branch_dag.py for tasks to queue
[2024-08-10T03:19:12.573+0000] {logging_mixin.py:188} INFO - [2024-08-10T03:19:12.573+0000] {dagbag.py:545} INFO - Filling up the DagBag from /home/airflow/.local/lib/python3.12/site-packages/airflow/example_dags/example_nested_branch_dag.py
[2024-08-10T03:19:12.647+0000] {processor.py:840} INFO - DAG(s) 'example_nested_branch_dag' retrieved from /home/airflow/.local/lib/python3.12/site-packages/airflow/example_dags/example_nested_branch_dag.py
[2024-08-10T03:19:12.783+0000] {logging_mixin.py:188} INFO - [2024-08-10T03:19:12.782+0000] {dag.py:3089} INFO - Sync 1 DAGs
[2024-08-10T03:19:12.911+0000] {logging_mixin.py:188} INFO - [2024-08-10T03:19:12.911+0000] {dag.py:3947} INFO - Setting next_dagrun for example_nested_branch_dag to 2024-08-09 00:00:00+00:00, run_after=2024-08-10 00:00:00+00:00
[2024-08-10T03:19:12.976+0000] {processor.py:183} INFO - Processing /home/airflow/.local/lib/python3.12/site-packages/airflow/example_dags/example_nested_branch_dag.py took 0.476 seconds
[2024-08-10T03:19:43.179+0000] {processor.py:161} INFO - Started process (PID=242) to work on /home/airflow/.local/lib/python3.12/site-packages/airflow/example_dags/example_nested_branch_dag.py
[2024-08-10T03:19:43.180+0000] {processor.py:830} INFO - Processing file /home/airflow/.local/lib/python3.12/site-packages/airflow/example_dags/example_nested_branch_dag.py for tasks to queue
[2024-08-10T03:19:43.193+0000] {logging_mixin.py:188} INFO - [2024-08-10T03:19:43.192+0000] {dagbag.py:545} INFO - Filling up the DagBag from /home/airflow/.local/lib/python3.12/site-packages/airflow/example_dags/example_nested_branch_dag.py
[2024-08-10T03:19:43.227+0000] {processor.py:840} INFO - DAG(s) 'example_nested_branch_dag' retrieved from /home/airflow/.local/lib/python3.12/site-packages/airflow/example_dags/example_nested_branch_dag.py
[2024-08-10T03:19:43.248+0000] {logging_mixin.py:188} INFO - [2024-08-10T03:19:43.248+0000] {dag.py:3089} INFO - Sync 1 DAGs
[2024-08-10T03:19:43.275+0000] {logging_mixin.py:188} INFO - [2024-08-10T03:19:43.274+0000] {dag.py:3947} INFO - Setting next_dagrun for example_nested_branch_dag to 2024-08-09 00:00:00+00:00, run_after=2024-08-10 00:00:00+00:00
[2024-08-10T03:19:43.296+0000] {processor.py:183} INFO - Processing /home/airflow/.local/lib/python3.12/site-packages/airflow/example_dags/example_nested_branch_dag.py took 0.122 seconds
[2024-08-10T03:20:15.382+0000] {processor.py:161} INFO - Started process (PID=303) to work on /home/airflow/.local/lib/python3.12/site-packages/airflow/example_dags/example_nested_branch_dag.py
[2024-08-10T03:20:15.385+0000] {processor.py:830} INFO - Processing file /home/airflow/.local/lib/python3.12/site-packages/airflow/example_dags/example_nested_branch_dag.py for tasks to queue
[2024-08-10T03:20:15.390+0000] {logging_mixin.py:188} INFO - [2024-08-10T03:20:15.389+0000] {dagbag.py:545} INFO - Filling up the DagBag from /home/airflow/.local/lib/python3.12/site-packages/airflow/example_dags/example_nested_branch_dag.py
[2024-08-10T03:20:15.441+0000] {processor.py:840} INFO - DAG(s) 'example_nested_branch_dag' retrieved from /home/airflow/.local/lib/python3.12/site-packages/airflow/example_dags/example_nested_branch_dag.py
[2024-08-10T03:20:15.470+0000] {logging_mixin.py:188} INFO - [2024-08-10T03:20:15.469+0000] {dag.py:3089} INFO - Sync 1 DAGs
[2024-08-10T03:20:15.547+0000] {logging_mixin.py:188} INFO - [2024-08-10T03:20:15.546+0000] {dag.py:3947} INFO - Setting next_dagrun for example_nested_branch_dag to 2024-08-09 00:00:00+00:00, run_after=2024-08-10 00:00:00+00:00
[2024-08-10T03:20:15.600+0000] {processor.py:183} INFO - Processing /home/airflow/.local/lib/python3.12/site-packages/airflow/example_dags/example_nested_branch_dag.py took 0.226 seconds
[2024-08-10T03:20:46.471+0000] {processor.py:161} INFO - Started process (PID=363) to work on /home/airflow/.local/lib/python3.12/site-packages/airflow/example_dags/example_nested_branch_dag.py
[2024-08-10T03:20:46.472+0000] {processor.py:830} INFO - Processing file /home/airflow/.local/lib/python3.12/site-packages/airflow/example_dags/example_nested_branch_dag.py for tasks to queue
[2024-08-10T03:20:46.474+0000] {logging_mixin.py:188} INFO - [2024-08-10T03:20:46.474+0000] {dagbag.py:545} INFO - Filling up the DagBag from /home/airflow/.local/lib/python3.12/site-packages/airflow/example_dags/example_nested_branch_dag.py
[2024-08-10T03:20:46.486+0000] {processor.py:840} INFO - DAG(s) 'example_nested_branch_dag' retrieved from /home/airflow/.local/lib/python3.12/site-packages/airflow/example_dags/example_nested_branch_dag.py
[2024-08-10T03:20:46.509+0000] {logging_mixin.py:188} INFO - [2024-08-10T03:20:46.508+0000] {dag.py:3089} INFO - Sync 1 DAGs
[2024-08-10T03:20:46.534+0000] {logging_mixin.py:188} INFO - [2024-08-10T03:20:46.534+0000] {dag.py:3947} INFO - Setting next_dagrun for example_nested_branch_dag to 2024-08-09 00:00:00+00:00, run_after=2024-08-10 00:00:00+00:00
[2024-08-10T03:20:46.567+0000] {processor.py:183} INFO - Processing /home/airflow/.local/lib/python3.12/site-packages/airflow/example_dags/example_nested_branch_dag.py took 0.102 seconds
[2024-08-10T03:21:16.827+0000] {processor.py:161} INFO - Started process (PID=422) to work on /home/airflow/.local/lib/python3.12/site-packages/airflow/example_dags/example_nested_branch_dag.py
[2024-08-10T03:21:16.830+0000] {processor.py:830} INFO - Processing file /home/airflow/.local/lib/python3.12/site-packages/airflow/example_dags/example_nested_branch_dag.py for tasks to queue
[2024-08-10T03:21:16.834+0000] {logging_mixin.py:188} INFO - [2024-08-10T03:21:16.833+0000] {dagbag.py:545} INFO - Filling up the DagBag from /home/airflow/.local/lib/python3.12/site-packages/airflow/example_dags/example_nested_branch_dag.py
[2024-08-10T03:21:16.845+0000] {processor.py:840} INFO - DAG(s) 'example_nested_branch_dag' retrieved from /home/airflow/.local/lib/python3.12/site-packages/airflow/example_dags/example_nested_branch_dag.py
[2024-08-10T03:21:16.873+0000] {logging_mixin.py:188} INFO - [2024-08-10T03:21:16.873+0000] {dag.py:3089} INFO - Sync 1 DAGs
[2024-08-10T03:21:16.901+0000] {logging_mixin.py:188} INFO - [2024-08-10T03:21:16.900+0000] {dag.py:3947} INFO - Setting next_dagrun for example_nested_branch_dag to 2024-08-09 00:00:00+00:00, run_after=2024-08-10 00:00:00+00:00
[2024-08-10T03:21:17.005+0000] {processor.py:183} INFO - Processing /home/airflow/.local/lib/python3.12/site-packages/airflow/example_dags/example_nested_branch_dag.py took 0.185 seconds
[2024-08-10T03:21:47.269+0000] {processor.py:161} INFO - Started process (PID=482) to work on /home/airflow/.local/lib/python3.12/site-packages/airflow/example_dags/example_nested_branch_dag.py
[2024-08-10T03:21:47.270+0000] {processor.py:830} INFO - Processing file /home/airflow/.local/lib/python3.12/site-packages/airflow/example_dags/example_nested_branch_dag.py for tasks to queue
[2024-08-10T03:21:47.279+0000] {logging_mixin.py:188} INFO - [2024-08-10T03:21:47.278+0000] {dagbag.py:545} INFO - Filling up the DagBag from /home/airflow/.local/lib/python3.12/site-packages/airflow/example_dags/example_nested_branch_dag.py
[2024-08-10T03:21:47.297+0000] {processor.py:840} INFO - DAG(s) 'example_nested_branch_dag' retrieved from /home/airflow/.local/lib/python3.12/site-packages/airflow/example_dags/example_nested_branch_dag.py
[2024-08-10T03:21:47.322+0000] {logging_mixin.py:188} INFO - [2024-08-10T03:21:47.321+0000] {dag.py:3089} INFO - Sync 1 DAGs
[2024-08-10T03:21:47.344+0000] {logging_mixin.py:188} INFO - [2024-08-10T03:21:47.344+0000] {dag.py:3947} INFO - Setting next_dagrun for example_nested_branch_dag to 2024-08-09 00:00:00+00:00, run_after=2024-08-10 00:00:00+00:00
[2024-08-10T03:21:47.370+0000] {processor.py:183} INFO - Processing /home/airflow/.local/lib/python3.12/site-packages/airflow/example_dags/example_nested_branch_dag.py took 0.107 seconds
[2024-08-10T03:22:17.937+0000] {processor.py:161} INFO - Started process (PID=542) to work on /home/airflow/.local/lib/python3.12/site-packages/airflow/example_dags/example_nested_branch_dag.py
[2024-08-10T03:22:17.948+0000] {processor.py:830} INFO - Processing file /home/airflow/.local/lib/python3.12/site-packages/airflow/example_dags/example_nested_branch_dag.py for tasks to queue
[2024-08-10T03:22:17.950+0000] {logging_mixin.py:188} INFO - [2024-08-10T03:22:17.950+0000] {dagbag.py:545} INFO - Filling up the DagBag from /home/airflow/.local/lib/python3.12/site-packages/airflow/example_dags/example_nested_branch_dag.py
[2024-08-10T03:22:17.972+0000] {processor.py:840} INFO - DAG(s) 'example_nested_branch_dag' retrieved from /home/airflow/.local/lib/python3.12/site-packages/airflow/example_dags/example_nested_branch_dag.py
[2024-08-10T03:22:18.009+0000] {logging_mixin.py:188} INFO - [2024-08-10T03:22:18.009+0000] {dag.py:3089} INFO - Sync 1 DAGs
[2024-08-10T03:22:18.042+0000] {logging_mixin.py:188} INFO - [2024-08-10T03:22:18.042+0000] {dag.py:3947} INFO - Setting next_dagrun for example_nested_branch_dag to 2024-08-09 00:00:00+00:00, run_after=2024-08-10 00:00:00+00:00
[2024-08-10T03:22:18.079+0000] {processor.py:183} INFO - Processing /home/airflow/.local/lib/python3.12/site-packages/airflow/example_dags/example_nested_branch_dag.py took 0.148 seconds
[2024-08-10T03:22:48.211+0000] {processor.py:161} INFO - Started process (PID=600) to work on /home/airflow/.local/lib/python3.12/site-packages/airflow/example_dags/example_nested_branch_dag.py
[2024-08-10T03:22:48.226+0000] {processor.py:830} INFO - Processing file /home/airflow/.local/lib/python3.12/site-packages/airflow/example_dags/example_nested_branch_dag.py for tasks to queue
[2024-08-10T03:22:48.237+0000] {logging_mixin.py:188} INFO - [2024-08-10T03:22:48.236+0000] {dagbag.py:545} INFO - Filling up the DagBag from /home/airflow/.local/lib/python3.12/site-packages/airflow/example_dags/example_nested_branch_dag.py
[2024-08-10T03:22:48.266+0000] {processor.py:840} INFO - DAG(s) 'example_nested_branch_dag' retrieved from /home/airflow/.local/lib/python3.12/site-packages/airflow/example_dags/example_nested_branch_dag.py
[2024-08-10T03:22:48.317+0000] {logging_mixin.py:188} INFO - [2024-08-10T03:22:48.316+0000] {dag.py:3089} INFO - Sync 1 DAGs
[2024-08-10T03:22:48.368+0000] {logging_mixin.py:188} INFO - [2024-08-10T03:22:48.367+0000] {dag.py:3947} INFO - Setting next_dagrun for example_nested_branch_dag to 2024-08-09 00:00:00+00:00, run_after=2024-08-10 00:00:00+00:00
[2024-08-10T03:22:48.407+0000] {processor.py:183} INFO - Processing /home/airflow/.local/lib/python3.12/site-packages/airflow/example_dags/example_nested_branch_dag.py took 0.203 seconds
[2024-08-10T03:23:19.054+0000] {processor.py:161} INFO - Started process (PID=660) to work on /home/airflow/.local/lib/python3.12/site-packages/airflow/example_dags/example_nested_branch_dag.py
[2024-08-10T03:23:19.056+0000] {processor.py:830} INFO - Processing file /home/airflow/.local/lib/python3.12/site-packages/airflow/example_dags/example_nested_branch_dag.py for tasks to queue
[2024-08-10T03:23:19.058+0000] {logging_mixin.py:188} INFO - [2024-08-10T03:23:19.058+0000] {dagbag.py:545} INFO - Filling up the DagBag from /home/airflow/.local/lib/python3.12/site-packages/airflow/example_dags/example_nested_branch_dag.py
[2024-08-10T03:23:19.071+0000] {processor.py:840} INFO - DAG(s) 'example_nested_branch_dag' retrieved from /home/airflow/.local/lib/python3.12/site-packages/airflow/example_dags/example_nested_branch_dag.py
[2024-08-10T03:23:19.158+0000] {logging_mixin.py:188} INFO - [2024-08-10T03:23:19.158+0000] {dag.py:3089} INFO - Sync 1 DAGs
[2024-08-10T03:23:19.202+0000] {logging_mixin.py:188} INFO - [2024-08-10T03:23:19.202+0000] {dag.py:3947} INFO - Setting next_dagrun for example_nested_branch_dag to 2024-08-09 00:00:00+00:00, run_after=2024-08-10 00:00:00+00:00
[2024-08-10T03:23:19.235+0000] {processor.py:183} INFO - Processing /home/airflow/.local/lib/python3.12/site-packages/airflow/example_dags/example_nested_branch_dag.py took 0.190 seconds
[2024-08-10T03:23:49.738+0000] {processor.py:161} INFO - Started process (PID=720) to work on /home/airflow/.local/lib/python3.12/site-packages/airflow/example_dags/example_nested_branch_dag.py
[2024-08-10T03:23:49.739+0000] {processor.py:830} INFO - Processing file /home/airflow/.local/lib/python3.12/site-packages/airflow/example_dags/example_nested_branch_dag.py for tasks to queue
[2024-08-10T03:23:49.744+0000] {logging_mixin.py:188} INFO - [2024-08-10T03:23:49.743+0000] {dagbag.py:545} INFO - Filling up the DagBag from /home/airflow/.local/lib/python3.12/site-packages/airflow/example_dags/example_nested_branch_dag.py
[2024-08-10T03:23:49.756+0000] {processor.py:840} INFO - DAG(s) 'example_nested_branch_dag' retrieved from /home/airflow/.local/lib/python3.12/site-packages/airflow/example_dags/example_nested_branch_dag.py
[2024-08-10T03:23:49.780+0000] {logging_mixin.py:188} INFO - [2024-08-10T03:23:49.779+0000] {dag.py:3089} INFO - Sync 1 DAGs
[2024-08-10T03:23:49.810+0000] {logging_mixin.py:188} INFO - [2024-08-10T03:23:49.809+0000] {dag.py:3947} INFO - Setting next_dagrun for example_nested_branch_dag to 2024-08-09 00:00:00+00:00, run_after=2024-08-10 00:00:00+00:00
[2024-08-10T03:23:49.833+0000] {processor.py:183} INFO - Processing /home/airflow/.local/lib/python3.12/site-packages/airflow/example_dags/example_nested_branch_dag.py took 0.109 seconds
[2024-08-10T03:24:20.532+0000] {processor.py:161} INFO - Started process (PID=781) to work on /home/airflow/.local/lib/python3.12/site-packages/airflow/example_dags/example_nested_branch_dag.py
[2024-08-10T03:24:20.534+0000] {processor.py:830} INFO - Processing file /home/airflow/.local/lib/python3.12/site-packages/airflow/example_dags/example_nested_branch_dag.py for tasks to queue
[2024-08-10T03:24:20.539+0000] {logging_mixin.py:188} INFO - [2024-08-10T03:24:20.539+0000] {dagbag.py:545} INFO - Filling up the DagBag from /home/airflow/.local/lib/python3.12/site-packages/airflow/example_dags/example_nested_branch_dag.py
[2024-08-10T03:24:20.551+0000] {processor.py:840} INFO - DAG(s) 'example_nested_branch_dag' retrieved from /home/airflow/.local/lib/python3.12/site-packages/airflow/example_dags/example_nested_branch_dag.py
[2024-08-10T03:24:20.576+0000] {logging_mixin.py:188} INFO - [2024-08-10T03:24:20.576+0000] {dag.py:3089} INFO - Sync 1 DAGs
[2024-08-10T03:24:20.606+0000] {logging_mixin.py:188} INFO - [2024-08-10T03:24:20.606+0000] {dag.py:3947} INFO - Setting next_dagrun for example_nested_branch_dag to 2024-08-09 00:00:00+00:00, run_after=2024-08-10 00:00:00+00:00
[2024-08-10T03:24:20.634+0000] {processor.py:183} INFO - Processing /home/airflow/.local/lib/python3.12/site-packages/airflow/example_dags/example_nested_branch_dag.py took 0.108 seconds
[2024-08-10T03:24:51.005+0000] {processor.py:161} INFO - Started process (PID=841) to work on /home/airflow/.local/lib/python3.12/site-packages/airflow/example_dags/example_nested_branch_dag.py
[2024-08-10T03:24:51.006+0000] {processor.py:830} INFO - Processing file /home/airflow/.local/lib/python3.12/site-packages/airflow/example_dags/example_nested_branch_dag.py for tasks to queue
[2024-08-10T03:24:51.008+0000] {logging_mixin.py:188} INFO - [2024-08-10T03:24:51.008+0000] {dagbag.py:545} INFO - Filling up the DagBag from /home/airflow/.local/lib/python3.12/site-packages/airflow/example_dags/example_nested_branch_dag.py
[2024-08-10T03:24:51.019+0000] {processor.py:840} INFO - DAG(s) 'example_nested_branch_dag' retrieved from /home/airflow/.local/lib/python3.12/site-packages/airflow/example_dags/example_nested_branch_dag.py
[2024-08-10T03:24:51.038+0000] {logging_mixin.py:188} INFO - [2024-08-10T03:24:51.038+0000] {dag.py:3089} INFO - Sync 1 DAGs
[2024-08-10T03:24:51.066+0000] {logging_mixin.py:188} INFO - [2024-08-10T03:24:51.066+0000] {dag.py:3947} INFO - Setting next_dagrun for example_nested_branch_dag to 2024-08-09 00:00:00+00:00, run_after=2024-08-10 00:00:00+00:00
[2024-08-10T03:24:51.110+0000] {processor.py:183} INFO - Processing /home/airflow/.local/lib/python3.12/site-packages/airflow/example_dags/example_nested_branch_dag.py took 0.113 seconds
[2024-08-10T03:25:21.597+0000] {processor.py:161} INFO - Started process (PID=900) to work on /home/airflow/.local/lib/python3.12/site-packages/airflow/example_dags/example_nested_branch_dag.py
[2024-08-10T03:25:21.598+0000] {processor.py:830} INFO - Processing file /home/airflow/.local/lib/python3.12/site-packages/airflow/example_dags/example_nested_branch_dag.py for tasks to queue
[2024-08-10T03:25:21.600+0000] {logging_mixin.py:188} INFO - [2024-08-10T03:25:21.599+0000] {dagbag.py:545} INFO - Filling up the DagBag from /home/airflow/.local/lib/python3.12/site-packages/airflow/example_dags/example_nested_branch_dag.py
[2024-08-10T03:25:21.612+0000] {processor.py:840} INFO - DAG(s) 'example_nested_branch_dag' retrieved from /home/airflow/.local/lib/python3.12/site-packages/airflow/example_dags/example_nested_branch_dag.py
[2024-08-10T03:25:21.637+0000] {logging_mixin.py:188} INFO - [2024-08-10T03:25:21.637+0000] {dag.py:3089} INFO - Sync 1 DAGs
[2024-08-10T03:25:21.668+0000] {logging_mixin.py:188} INFO - [2024-08-10T03:25:21.668+0000] {dag.py:3947} INFO - Setting next_dagrun for example_nested_branch_dag to 2024-08-09 00:00:00+00:00, run_after=2024-08-10 00:00:00+00:00
[2024-08-10T03:25:21.695+0000] {processor.py:183} INFO - Processing /home/airflow/.local/lib/python3.12/site-packages/airflow/example_dags/example_nested_branch_dag.py took 0.104 seconds
[2024-08-10T03:25:51.748+0000] {processor.py:161} INFO - Started process (PID=960) to work on /home/airflow/.local/lib/python3.12/site-packages/airflow/example_dags/example_nested_branch_dag.py
[2024-08-10T03:25:51.749+0000] {processor.py:830} INFO - Processing file /home/airflow/.local/lib/python3.12/site-packages/airflow/example_dags/example_nested_branch_dag.py for tasks to queue
[2024-08-10T03:25:51.752+0000] {logging_mixin.py:188} INFO - [2024-08-10T03:25:51.751+0000] {dagbag.py:545} INFO - Filling up the DagBag from /home/airflow/.local/lib/python3.12/site-packages/airflow/example_dags/example_nested_branch_dag.py
[2024-08-10T03:25:51.769+0000] {processor.py:840} INFO - DAG(s) 'example_nested_branch_dag' retrieved from /home/airflow/.local/lib/python3.12/site-packages/airflow/example_dags/example_nested_branch_dag.py
[2024-08-10T03:25:51.814+0000] {logging_mixin.py:188} INFO - [2024-08-10T03:25:51.813+0000] {dag.py:3089} INFO - Sync 1 DAGs
[2024-08-10T03:25:51.852+0000] {logging_mixin.py:188} INFO - [2024-08-10T03:25:51.852+0000] {dag.py:3947} INFO - Setting next_dagrun for example_nested_branch_dag to 2024-08-09 00:00:00+00:00, run_after=2024-08-10 00:00:00+00:00
[2024-08-10T03:25:51.891+0000] {processor.py:183} INFO - Processing /home/airflow/.local/lib/python3.12/site-packages/airflow/example_dags/example_nested_branch_dag.py took 0.149 seconds
[2024-08-10T03:26:22.685+0000] {processor.py:161} INFO - Started process (PID=1020) to work on /home/airflow/.local/lib/python3.12/site-packages/airflow/example_dags/example_nested_branch_dag.py
[2024-08-10T03:26:22.686+0000] {processor.py:830} INFO - Processing file /home/airflow/.local/lib/python3.12/site-packages/airflow/example_dags/example_nested_branch_dag.py for tasks to queue
[2024-08-10T03:26:22.688+0000] {logging_mixin.py:188} INFO - [2024-08-10T03:26:22.687+0000] {dagbag.py:545} INFO - Filling up the DagBag from /home/airflow/.local/lib/python3.12/site-packages/airflow/example_dags/example_nested_branch_dag.py
[2024-08-10T03:26:22.697+0000] {processor.py:840} INFO - DAG(s) 'example_nested_branch_dag' retrieved from /home/airflow/.local/lib/python3.12/site-packages/airflow/example_dags/example_nested_branch_dag.py
[2024-08-10T03:26:22.716+0000] {logging_mixin.py:188} INFO - [2024-08-10T03:26:22.716+0000] {dag.py:3089} INFO - Sync 1 DAGs
[2024-08-10T03:26:22.739+0000] {logging_mixin.py:188} INFO - [2024-08-10T03:26:22.739+0000] {dag.py:3947} INFO - Setting next_dagrun for example_nested_branch_dag to 2024-08-09 00:00:00+00:00, run_after=2024-08-10 00:00:00+00:00
[2024-08-10T03:26:22.760+0000] {processor.py:183} INFO - Processing /home/airflow/.local/lib/python3.12/site-packages/airflow/example_dags/example_nested_branch_dag.py took 0.080 seconds
[2024-08-10T03:26:54.237+0000] {processor.py:161} INFO - Started process (PID=1082) to work on /home/airflow/.local/lib/python3.12/site-packages/airflow/example_dags/example_nested_branch_dag.py
[2024-08-10T03:26:54.239+0000] {processor.py:830} INFO - Processing file /home/airflow/.local/lib/python3.12/site-packages/airflow/example_dags/example_nested_branch_dag.py for tasks to queue
[2024-08-10T03:26:54.241+0000] {logging_mixin.py:188} INFO - [2024-08-10T03:26:54.240+0000] {dagbag.py:545} INFO - Filling up the DagBag from /home/airflow/.local/lib/python3.12/site-packages/airflow/example_dags/example_nested_branch_dag.py
[2024-08-10T03:26:54.251+0000] {processor.py:840} INFO - DAG(s) 'example_nested_branch_dag' retrieved from /home/airflow/.local/lib/python3.12/site-packages/airflow/example_dags/example_nested_branch_dag.py
[2024-08-10T03:26:54.279+0000] {logging_mixin.py:188} INFO - [2024-08-10T03:26:54.279+0000] {dag.py:3089} INFO - Sync 1 DAGs
[2024-08-10T03:26:54.309+0000] {logging_mixin.py:188} INFO - [2024-08-10T03:26:54.308+0000] {dag.py:3947} INFO - Setting next_dagrun for example_nested_branch_dag to 2024-08-09 00:00:00+00:00, run_after=2024-08-10 00:00:00+00:00
[2024-08-10T03:26:54.333+0000] {processor.py:183} INFO - Processing /home/airflow/.local/lib/python3.12/site-packages/airflow/example_dags/example_nested_branch_dag.py took 0.104 seconds
[2024-08-10T03:27:25.205+0000] {processor.py:161} INFO - Started process (PID=1140) to work on /home/airflow/.local/lib/python3.12/site-packages/airflow/example_dags/example_nested_branch_dag.py
[2024-08-10T03:27:25.222+0000] {processor.py:830} INFO - Processing file /home/airflow/.local/lib/python3.12/site-packages/airflow/example_dags/example_nested_branch_dag.py for tasks to queue
[2024-08-10T03:27:25.226+0000] {logging_mixin.py:188} INFO - [2024-08-10T03:27:25.226+0000] {dagbag.py:545} INFO - Filling up the DagBag from /home/airflow/.local/lib/python3.12/site-packages/airflow/example_dags/example_nested_branch_dag.py
[2024-08-10T03:27:25.292+0000] {processor.py:840} INFO - DAG(s) 'example_nested_branch_dag' retrieved from /home/airflow/.local/lib/python3.12/site-packages/airflow/example_dags/example_nested_branch_dag.py
[2024-08-10T03:27:25.391+0000] {logging_mixin.py:188} INFO - [2024-08-10T03:27:25.391+0000] {dag.py:3089} INFO - Sync 1 DAGs
[2024-08-10T03:27:25.464+0000] {logging_mixin.py:188} INFO - [2024-08-10T03:27:25.464+0000] {dag.py:3947} INFO - Setting next_dagrun for example_nested_branch_dag to 2024-08-09 00:00:00+00:00, run_after=2024-08-10 00:00:00+00:00
[2024-08-10T03:27:25.563+0000] {processor.py:183} INFO - Processing /home/airflow/.local/lib/python3.12/site-packages/airflow/example_dags/example_nested_branch_dag.py took 0.364 seconds
[2024-08-10T03:27:56.414+0000] {processor.py:161} INFO - Started process (PID=1200) to work on /home/airflow/.local/lib/python3.12/site-packages/airflow/example_dags/example_nested_branch_dag.py
[2024-08-10T03:27:56.416+0000] {processor.py:830} INFO - Processing file /home/airflow/.local/lib/python3.12/site-packages/airflow/example_dags/example_nested_branch_dag.py for tasks to queue
[2024-08-10T03:27:56.418+0000] {logging_mixin.py:188} INFO - [2024-08-10T03:27:56.418+0000] {dagbag.py:545} INFO - Filling up the DagBag from /home/airflow/.local/lib/python3.12/site-packages/airflow/example_dags/example_nested_branch_dag.py
[2024-08-10T03:27:56.439+0000] {processor.py:840} INFO - DAG(s) 'example_nested_branch_dag' retrieved from /home/airflow/.local/lib/python3.12/site-packages/airflow/example_dags/example_nested_branch_dag.py
[2024-08-10T03:27:56.461+0000] {logging_mixin.py:188} INFO - [2024-08-10T03:27:56.460+0000] {dag.py:3089} INFO - Sync 1 DAGs
[2024-08-10T03:27:56.512+0000] {logging_mixin.py:188} INFO - [2024-08-10T03:27:56.512+0000] {dag.py:3947} INFO - Setting next_dagrun for example_nested_branch_dag to 2024-08-09 00:00:00+00:00, run_after=2024-08-10 00:00:00+00:00
[2024-08-10T03:27:56.560+0000] {processor.py:183} INFO - Processing /home/airflow/.local/lib/python3.12/site-packages/airflow/example_dags/example_nested_branch_dag.py took 0.152 seconds
[2024-08-10T03:28:26.876+0000] {processor.py:161} INFO - Started process (PID=1259) to work on /home/airflow/.local/lib/python3.12/site-packages/airflow/example_dags/example_nested_branch_dag.py
[2024-08-10T03:28:26.877+0000] {processor.py:830} INFO - Processing file /home/airflow/.local/lib/python3.12/site-packages/airflow/example_dags/example_nested_branch_dag.py for tasks to queue
[2024-08-10T03:28:26.880+0000] {logging_mixin.py:188} INFO - [2024-08-10T03:28:26.879+0000] {dagbag.py:545} INFO - Filling up the DagBag from /home/airflow/.local/lib/python3.12/site-packages/airflow/example_dags/example_nested_branch_dag.py
[2024-08-10T03:28:26.892+0000] {processor.py:840} INFO - DAG(s) 'example_nested_branch_dag' retrieved from /home/airflow/.local/lib/python3.12/site-packages/airflow/example_dags/example_nested_branch_dag.py
[2024-08-10T03:28:26.919+0000] {logging_mixin.py:188} INFO - [2024-08-10T03:28:26.919+0000] {dag.py:3089} INFO - Sync 1 DAGs
[2024-08-10T03:28:26.950+0000] {logging_mixin.py:188} INFO - [2024-08-10T03:28:26.950+0000] {dag.py:3947} INFO - Setting next_dagrun for example_nested_branch_dag to 2024-08-09 00:00:00+00:00, run_after=2024-08-10 00:00:00+00:00
[2024-08-10T03:28:26.975+0000] {processor.py:183} INFO - Processing /home/airflow/.local/lib/python3.12/site-packages/airflow/example_dags/example_nested_branch_dag.py took 0.106 seconds
[2024-08-10T03:28:57.348+0000] {processor.py:161} INFO - Started process (PID=1319) to work on /home/airflow/.local/lib/python3.12/site-packages/airflow/example_dags/example_nested_branch_dag.py
[2024-08-10T03:28:57.349+0000] {processor.py:830} INFO - Processing file /home/airflow/.local/lib/python3.12/site-packages/airflow/example_dags/example_nested_branch_dag.py for tasks to queue
[2024-08-10T03:28:57.354+0000] {logging_mixin.py:188} INFO - [2024-08-10T03:28:57.353+0000] {dagbag.py:545} INFO - Filling up the DagBag from /home/airflow/.local/lib/python3.12/site-packages/airflow/example_dags/example_nested_branch_dag.py
[2024-08-10T03:28:57.367+0000] {processor.py:840} INFO - DAG(s) 'example_nested_branch_dag' retrieved from /home/airflow/.local/lib/python3.12/site-packages/airflow/example_dags/example_nested_branch_dag.py
[2024-08-10T03:28:57.432+0000] {logging_mixin.py:188} INFO - [2024-08-10T03:28:57.431+0000] {dag.py:3089} INFO - Sync 1 DAGs
[2024-08-10T03:28:57.485+0000] {logging_mixin.py:188} INFO - [2024-08-10T03:28:57.485+0000] {dag.py:3947} INFO - Setting next_dagrun for example_nested_branch_dag to 2024-08-09 00:00:00+00:00, run_after=2024-08-10 00:00:00+00:00
[2024-08-10T03:28:57.537+0000] {processor.py:183} INFO - Processing /home/airflow/.local/lib/python3.12/site-packages/airflow/example_dags/example_nested_branch_dag.py took 0.204 seconds
[2024-08-10T03:29:36.986+0000] {processor.py:161} INFO - Started process (PID=1380) to work on /home/airflow/.local/lib/python3.12/site-packages/airflow/example_dags/example_nested_branch_dag.py
[2024-08-10T03:29:36.993+0000] {processor.py:830} INFO - Processing file /home/airflow/.local/lib/python3.12/site-packages/airflow/example_dags/example_nested_branch_dag.py for tasks to queue
[2024-08-10T03:29:36.997+0000] {logging_mixin.py:188} INFO - [2024-08-10T03:29:36.996+0000] {dagbag.py:545} INFO - Filling up the DagBag from /home/airflow/.local/lib/python3.12/site-packages/airflow/example_dags/example_nested_branch_dag.py
[2024-08-10T03:29:37.014+0000] {processor.py:840} INFO - DAG(s) 'example_nested_branch_dag' retrieved from /home/airflow/.local/lib/python3.12/site-packages/airflow/example_dags/example_nested_branch_dag.py
[2024-08-10T03:29:37.054+0000] {logging_mixin.py:188} INFO - [2024-08-10T03:29:37.053+0000] {dag.py:3089} INFO - Sync 1 DAGs
[2024-08-10T03:29:37.109+0000] {logging_mixin.py:188} INFO - [2024-08-10T03:29:37.109+0000] {dag.py:3947} INFO - Setting next_dagrun for example_nested_branch_dag to 2024-08-09 00:00:00+00:00, run_after=2024-08-10 00:00:00+00:00
[2024-08-10T03:29:37.170+0000] {processor.py:183} INFO - Processing /home/airflow/.local/lib/python3.12/site-packages/airflow/example_dags/example_nested_branch_dag.py took 0.191 seconds
[2024-08-10T03:30:07.424+0000] {processor.py:161} INFO - Started process (PID=1436) to work on /home/airflow/.local/lib/python3.12/site-packages/airflow/example_dags/example_nested_branch_dag.py
[2024-08-10T03:30:07.426+0000] {processor.py:830} INFO - Processing file /home/airflow/.local/lib/python3.12/site-packages/airflow/example_dags/example_nested_branch_dag.py for tasks to queue
[2024-08-10T03:30:07.434+0000] {logging_mixin.py:188} INFO - [2024-08-10T03:30:07.432+0000] {dagbag.py:545} INFO - Filling up the DagBag from /home/airflow/.local/lib/python3.12/site-packages/airflow/example_dags/example_nested_branch_dag.py
[2024-08-10T03:30:07.448+0000] {processor.py:840} INFO - DAG(s) 'example_nested_branch_dag' retrieved from /home/airflow/.local/lib/python3.12/site-packages/airflow/example_dags/example_nested_branch_dag.py
[2024-08-10T03:30:07.491+0000] {logging_mixin.py:188} INFO - [2024-08-10T03:30:07.491+0000] {dag.py:3089} INFO - Sync 1 DAGs
[2024-08-10T03:30:07.523+0000] {logging_mixin.py:188} INFO - [2024-08-10T03:30:07.523+0000] {dag.py:3947} INFO - Setting next_dagrun for example_nested_branch_dag to 2024-08-09 00:00:00+00:00, run_after=2024-08-10 00:00:00+00:00
[2024-08-10T03:30:14.456+0000] {processor.py:183} INFO - Processing /home/airflow/.local/lib/python3.12/site-packages/airflow/example_dags/example_nested_branch_dag.py took 7.050 seconds
[2024-08-10T03:30:44.953+0000] {processor.py:161} INFO - Started process (PID=1495) to work on /home/airflow/.local/lib/python3.12/site-packages/airflow/example_dags/example_nested_branch_dag.py
[2024-08-10T03:30:45.003+0000] {processor.py:830} INFO - Processing file /home/airflow/.local/lib/python3.12/site-packages/airflow/example_dags/example_nested_branch_dag.py for tasks to queue
[2024-08-10T03:30:45.007+0000] {logging_mixin.py:188} INFO - [2024-08-10T03:30:45.007+0000] {dagbag.py:545} INFO - Filling up the DagBag from /home/airflow/.local/lib/python3.12/site-packages/airflow/example_dags/example_nested_branch_dag.py
[2024-08-10T03:30:45.026+0000] {processor.py:840} INFO - DAG(s) 'example_nested_branch_dag' retrieved from /home/airflow/.local/lib/python3.12/site-packages/airflow/example_dags/example_nested_branch_dag.py
[2024-08-10T03:30:45.052+0000] {logging_mixin.py:188} INFO - [2024-08-10T03:30:45.052+0000] {dag.py:3089} INFO - Sync 1 DAGs
[2024-08-10T03:30:45.081+0000] {logging_mixin.py:188} INFO - [2024-08-10T03:30:45.081+0000] {dag.py:3947} INFO - Setting next_dagrun for example_nested_branch_dag to 2024-08-09 00:00:00+00:00, run_after=2024-08-10 00:00:00+00:00
[2024-08-10T03:30:45.954+0000] {processor.py:183} INFO - Processing /home/airflow/.local/lib/python3.12/site-packages/airflow/example_dags/example_nested_branch_dag.py took 1.010 seconds
[2024-08-10T03:31:28.493+0000] {processor.py:161} INFO - Started process (PID=1541) to work on /home/airflow/.local/lib/python3.12/site-packages/airflow/example_dags/example_nested_branch_dag.py
[2024-08-10T03:31:28.512+0000] {processor.py:830} INFO - Processing file /home/airflow/.local/lib/python3.12/site-packages/airflow/example_dags/example_nested_branch_dag.py for tasks to queue
[2024-08-10T03:31:28.513+0000] {logging_mixin.py:188} INFO - [2024-08-10T03:31:28.512+0000] {dagbag.py:545} INFO - Filling up the DagBag from /home/airflow/.local/lib/python3.12/site-packages/airflow/example_dags/example_nested_branch_dag.py
[2024-08-10T03:31:28.619+0000] {processor.py:840} INFO - DAG(s) 'example_nested_branch_dag' retrieved from /home/airflow/.local/lib/python3.12/site-packages/airflow/example_dags/example_nested_branch_dag.py
[2024-08-10T03:31:28.748+0000] {logging_mixin.py:188} INFO - [2024-08-10T03:31:28.748+0000] {dag.py:3089} INFO - Sync 1 DAGs
[2024-08-10T03:31:28.830+0000] {logging_mixin.py:188} INFO - [2024-08-10T03:31:28.830+0000] {dag.py:3947} INFO - Setting next_dagrun for example_nested_branch_dag to 2024-08-09 00:00:00+00:00, run_after=2024-08-10 00:00:00+00:00
[2024-08-10T03:31:29.200+0000] {processor.py:183} INFO - Processing /home/airflow/.local/lib/python3.12/site-packages/airflow/example_dags/example_nested_branch_dag.py took 0.729 seconds
[2024-08-10T03:32:00.454+0000] {processor.py:161} INFO - Started process (PID=1599) to work on /home/airflow/.local/lib/python3.12/site-packages/airflow/example_dags/example_nested_branch_dag.py
[2024-08-10T03:32:00.538+0000] {processor.py:830} INFO - Processing file /home/airflow/.local/lib/python3.12/site-packages/airflow/example_dags/example_nested_branch_dag.py for tasks to queue
[2024-08-10T03:32:00.539+0000] {logging_mixin.py:188} INFO - [2024-08-10T03:32:00.539+0000] {dagbag.py:545} INFO - Filling up the DagBag from /home/airflow/.local/lib/python3.12/site-packages/airflow/example_dags/example_nested_branch_dag.py
[2024-08-10T03:32:00.656+0000] {processor.py:840} INFO - DAG(s) 'example_nested_branch_dag' retrieved from /home/airflow/.local/lib/python3.12/site-packages/airflow/example_dags/example_nested_branch_dag.py
[2024-08-10T03:32:00.692+0000] {logging_mixin.py:188} INFO - [2024-08-10T03:32:00.692+0000] {dag.py:3089} INFO - Sync 1 DAGs
[2024-08-10T03:32:00.729+0000] {logging_mixin.py:188} INFO - [2024-08-10T03:32:00.728+0000] {dag.py:3947} INFO - Setting next_dagrun for example_nested_branch_dag to 2024-08-09 00:00:00+00:00, run_after=2024-08-10 00:00:00+00:00
[2024-08-10T03:32:02.311+0000] {processor.py:183} INFO - Processing /home/airflow/.local/lib/python3.12/site-packages/airflow/example_dags/example_nested_branch_dag.py took 1.863 seconds
[2024-08-10T03:32:42.234+0000] {processor.py:161} INFO - Started process (PID=1657) to work on /home/airflow/.local/lib/python3.12/site-packages/airflow/example_dags/example_nested_branch_dag.py
[2024-08-10T03:32:42.235+0000] {processor.py:830} INFO - Processing file /home/airflow/.local/lib/python3.12/site-packages/airflow/example_dags/example_nested_branch_dag.py for tasks to queue
[2024-08-10T03:32:42.237+0000] {logging_mixin.py:188} INFO - [2024-08-10T03:32:42.236+0000] {dagbag.py:545} INFO - Filling up the DagBag from /home/airflow/.local/lib/python3.12/site-packages/airflow/example_dags/example_nested_branch_dag.py
[2024-08-10T03:32:42.250+0000] {processor.py:840} INFO - DAG(s) 'example_nested_branch_dag' retrieved from /home/airflow/.local/lib/python3.12/site-packages/airflow/example_dags/example_nested_branch_dag.py
[2024-08-10T03:32:42.279+0000] {logging_mixin.py:188} INFO - [2024-08-10T03:32:42.278+0000] {dag.py:3089} INFO - Sync 1 DAGs
[2024-08-10T03:32:42.316+0000] {logging_mixin.py:188} INFO - [2024-08-10T03:32:42.316+0000] {dag.py:3947} INFO - Setting next_dagrun for example_nested_branch_dag to 2024-08-09 00:00:00+00:00, run_after=2024-08-10 00:00:00+00:00
[2024-08-10T03:32:42.542+0000] {processor.py:183} INFO - Processing /home/airflow/.local/lib/python3.12/site-packages/airflow/example_dags/example_nested_branch_dag.py took 0.320 seconds
[2024-08-10T03:33:22.904+0000] {processor.py:161} INFO - Started process (PID=1689) to work on /home/airflow/.local/lib/python3.12/site-packages/airflow/example_dags/example_nested_branch_dag.py
[2024-08-10T03:33:22.944+0000] {processor.py:830} INFO - Processing file /home/airflow/.local/lib/python3.12/site-packages/airflow/example_dags/example_nested_branch_dag.py for tasks to queue
[2024-08-10T03:33:22.945+0000] {logging_mixin.py:188} INFO - [2024-08-10T03:33:22.945+0000] {dagbag.py:545} INFO - Filling up the DagBag from /home/airflow/.local/lib/python3.12/site-packages/airflow/example_dags/example_nested_branch_dag.py
[2024-08-10T03:33:22.958+0000] {processor.py:840} INFO - DAG(s) 'example_nested_branch_dag' retrieved from /home/airflow/.local/lib/python3.12/site-packages/airflow/example_dags/example_nested_branch_dag.py
[2024-08-10T03:33:22.984+0000] {logging_mixin.py:188} INFO - [2024-08-10T03:33:22.984+0000] {dag.py:3089} INFO - Sync 1 DAGs
[2024-08-10T03:33:23.011+0000] {logging_mixin.py:188} INFO - [2024-08-10T03:33:23.010+0000] {dag.py:3947} INFO - Setting next_dagrun for example_nested_branch_dag to 2024-08-09 00:00:00+00:00, run_after=2024-08-10 00:00:00+00:00
[2024-08-10T03:33:23.053+0000] {processor.py:183} INFO - Processing /home/airflow/.local/lib/python3.12/site-packages/airflow/example_dags/example_nested_branch_dag.py took 0.156 seconds
[2024-08-10T03:34:15.194+0000] {processor.py:161} INFO - Started process (PID=1757) to work on /home/airflow/.local/lib/python3.12/site-packages/airflow/example_dags/example_nested_branch_dag.py
[2024-08-10T03:34:15.195+0000] {processor.py:830} INFO - Processing file /home/airflow/.local/lib/python3.12/site-packages/airflow/example_dags/example_nested_branch_dag.py for tasks to queue
[2024-08-10T03:34:15.197+0000] {logging_mixin.py:188} INFO - [2024-08-10T03:34:15.196+0000] {dagbag.py:545} INFO - Filling up the DagBag from /home/airflow/.local/lib/python3.12/site-packages/airflow/example_dags/example_nested_branch_dag.py
[2024-08-10T03:34:15.209+0000] {processor.py:840} INFO - DAG(s) 'example_nested_branch_dag' retrieved from /home/airflow/.local/lib/python3.12/site-packages/airflow/example_dags/example_nested_branch_dag.py
[2024-08-10T03:34:15.530+0000] {logging_mixin.py:188} INFO - [2024-08-10T03:34:15.530+0000] {dag.py:3089} INFO - Sync 1 DAGs
[2024-08-10T03:34:15.558+0000] {logging_mixin.py:188} INFO - [2024-08-10T03:34:15.558+0000] {dag.py:3947} INFO - Setting next_dagrun for example_nested_branch_dag to 2024-08-09 00:00:00+00:00, run_after=2024-08-10 00:00:00+00:00
[2024-08-10T03:34:16.292+0000] {processor.py:183} INFO - Processing /home/airflow/.local/lib/python3.12/site-packages/airflow/example_dags/example_nested_branch_dag.py took 1.106 seconds
[2024-08-10T03:35:29.441+0000] {processor.py:161} INFO - Started process (PID=1823) to work on /home/airflow/.local/lib/python3.12/site-packages/airflow/example_dags/example_nested_branch_dag.py
[2024-08-10T03:35:29.442+0000] {processor.py:830} INFO - Processing file /home/airflow/.local/lib/python3.12/site-packages/airflow/example_dags/example_nested_branch_dag.py for tasks to queue
[2024-08-10T03:35:29.443+0000] {logging_mixin.py:188} INFO - [2024-08-10T03:35:29.443+0000] {dagbag.py:545} INFO - Filling up the DagBag from /home/airflow/.local/lib/python3.12/site-packages/airflow/example_dags/example_nested_branch_dag.py
[2024-08-10T03:35:29.457+0000] {processor.py:840} INFO - DAG(s) 'example_nested_branch_dag' retrieved from /home/airflow/.local/lib/python3.12/site-packages/airflow/example_dags/example_nested_branch_dag.py
[2024-08-10T03:35:29.494+0000] {logging_mixin.py:188} INFO - [2024-08-10T03:35:29.494+0000] {dag.py:3089} INFO - Sync 1 DAGs
[2024-08-10T03:35:29.533+0000] {logging_mixin.py:188} INFO - [2024-08-10T03:35:29.533+0000] {dag.py:3947} INFO - Setting next_dagrun for example_nested_branch_dag to 2024-08-09 00:00:00+00:00, run_after=2024-08-10 00:00:00+00:00
[2024-08-10T03:35:29.751+0000] {processor.py:183} INFO - Processing /home/airflow/.local/lib/python3.12/site-packages/airflow/example_dags/example_nested_branch_dag.py took 0.316 seconds
[2024-08-10T03:36:01.244+0000] {processor.py:161} INFO - Started process (PID=1881) to work on /home/airflow/.local/lib/python3.12/site-packages/airflow/example_dags/example_nested_branch_dag.py
[2024-08-10T03:36:01.245+0000] {processor.py:830} INFO - Processing file /home/airflow/.local/lib/python3.12/site-packages/airflow/example_dags/example_nested_branch_dag.py for tasks to queue
[2024-08-10T03:36:01.247+0000] {logging_mixin.py:188} INFO - [2024-08-10T03:36:01.246+0000] {dagbag.py:545} INFO - Filling up the DagBag from /home/airflow/.local/lib/python3.12/site-packages/airflow/example_dags/example_nested_branch_dag.py
[2024-08-10T03:36:01.271+0000] {processor.py:840} INFO - DAG(s) 'example_nested_branch_dag' retrieved from /home/airflow/.local/lib/python3.12/site-packages/airflow/example_dags/example_nested_branch_dag.py
[2024-08-10T03:36:01.318+0000] {logging_mixin.py:188} INFO - [2024-08-10T03:36:01.318+0000] {dag.py:3089} INFO - Sync 1 DAGs
[2024-08-10T03:36:01.358+0000] {logging_mixin.py:188} INFO - [2024-08-10T03:36:01.357+0000] {dag.py:3947} INFO - Setting next_dagrun for example_nested_branch_dag to 2024-08-09 00:00:00+00:00, run_after=2024-08-10 00:00:00+00:00
[2024-08-10T03:36:02.364+0000] {processor.py:183} INFO - Processing /home/airflow/.local/lib/python3.12/site-packages/airflow/example_dags/example_nested_branch_dag.py took 1.128 seconds
[2024-08-10T03:36:56.656+0000] {processor.py:161} INFO - Started process (PID=1927) to work on /home/airflow/.local/lib/python3.12/site-packages/airflow/example_dags/example_nested_branch_dag.py
[2024-08-10T03:36:56.671+0000] {processor.py:830} INFO - Processing file /home/airflow/.local/lib/python3.12/site-packages/airflow/example_dags/example_nested_branch_dag.py for tasks to queue
[2024-08-10T03:36:56.681+0000] {logging_mixin.py:188} INFO - [2024-08-10T03:36:56.680+0000] {dagbag.py:545} INFO - Filling up the DagBag from /home/airflow/.local/lib/python3.12/site-packages/airflow/example_dags/example_nested_branch_dag.py
[2024-08-10T03:36:56.696+0000] {processor.py:840} INFO - DAG(s) 'example_nested_branch_dag' retrieved from /home/airflow/.local/lib/python3.12/site-packages/airflow/example_dags/example_nested_branch_dag.py
[2024-08-10T03:36:56.731+0000] {logging_mixin.py:188} INFO - [2024-08-10T03:36:56.730+0000] {dag.py:3089} INFO - Sync 1 DAGs
[2024-08-10T03:36:56.758+0000] {logging_mixin.py:188} INFO - [2024-08-10T03:36:56.758+0000] {dag.py:3947} INFO - Setting next_dagrun for example_nested_branch_dag to 2024-08-09 00:00:00+00:00, run_after=2024-08-10 00:00:00+00:00
[2024-08-10T03:36:57.124+0000] {processor.py:183} INFO - Processing /home/airflow/.local/lib/python3.12/site-packages/airflow/example_dags/example_nested_branch_dag.py took 0.479 seconds
[2024-08-10T03:38:10.997+0000] {processor.py:161} INFO - Started process (PID=2003) to work on /home/airflow/.local/lib/python3.12/site-packages/airflow/example_dags/example_nested_branch_dag.py
[2024-08-10T03:38:10.999+0000] {processor.py:830} INFO - Processing file /home/airflow/.local/lib/python3.12/site-packages/airflow/example_dags/example_nested_branch_dag.py for tasks to queue
[2024-08-10T03:38:11.000+0000] {logging_mixin.py:188} INFO - [2024-08-10T03:38:10.999+0000] {dagbag.py:545} INFO - Filling up the DagBag from /home/airflow/.local/lib/python3.12/site-packages/airflow/example_dags/example_nested_branch_dag.py
[2024-08-10T03:38:11.030+0000] {processor.py:840} INFO - DAG(s) 'example_nested_branch_dag' retrieved from /home/airflow/.local/lib/python3.12/site-packages/airflow/example_dags/example_nested_branch_dag.py
[2024-08-10T03:38:11.145+0000] {logging_mixin.py:188} INFO - [2024-08-10T03:38:11.139+0000] {dag.py:3089} INFO - Sync 1 DAGs
[2024-08-10T03:38:11.247+0000] {logging_mixin.py:188} INFO - [2024-08-10T03:38:11.242+0000] {dag.py:3947} INFO - Setting next_dagrun for example_nested_branch_dag to 2024-08-09 00:00:00+00:00, run_after=2024-08-10 00:00:00+00:00
[2024-08-10T03:38:11.348+0000] {processor.py:183} INFO - Processing /home/airflow/.local/lib/python3.12/site-packages/airflow/example_dags/example_nested_branch_dag.py took 0.358 seconds
