[2024-08-10T03:18:10.484+0000] {processor.py:161} INFO - Started process (PID=74) to work on /home/airflow/.local/lib/python3.12/site-packages/airflow/example_dags/example_short_circuit_operator.py
[2024-08-10T03:18:10.485+0000] {processor.py:830} INFO - Processing file /home/airflow/.local/lib/python3.12/site-packages/airflow/example_dags/example_short_circuit_operator.py for tasks to queue
[2024-08-10T03:18:10.489+0000] {logging_mixin.py:188} INFO - [2024-08-10T03:18:10.488+0000] {dagbag.py:545} INFO - Filling up the DagBag from /home/airflow/.local/lib/python3.12/site-packages/airflow/example_dags/example_short_circuit_operator.py
[2024-08-10T03:18:10.502+0000] {processor.py:840} INFO - DAG(s) 'example_short_circuit_operator' retrieved from /home/airflow/.local/lib/python3.12/site-packages/airflow/example_dags/example_short_circuit_operator.py
[2024-08-10T03:18:10.571+0000] {logging_mixin.py:188} INFO - [2024-08-10T03:18:10.571+0000] {dag.py:3089} INFO - Sync 1 DAGs
[2024-08-10T03:18:10.620+0000] {logging_mixin.py:188} INFO - [2024-08-10T03:18:10.620+0000] {dag.py:3947} INFO - Setting next_dagrun for example_short_circuit_operator to 2024-08-09 00:00:00+00:00, run_after=2024-08-10 00:00:00+00:00
[2024-08-10T03:18:10.670+0000] {processor.py:183} INFO - Processing /home/airflow/.local/lib/python3.12/site-packages/airflow/example_dags/example_short_circuit_operator.py took 0.196 seconds
[2024-08-10T03:18:43.135+0000] {processor.py:161} INFO - Started process (PID=132) to work on /home/airflow/.local/lib/python3.12/site-packages/airflow/example_dags/example_short_circuit_operator.py
[2024-08-10T03:18:43.142+0000] {processor.py:830} INFO - Processing file /home/airflow/.local/lib/python3.12/site-packages/airflow/example_dags/example_short_circuit_operator.py for tasks to queue
[2024-08-10T03:18:43.151+0000] {logging_mixin.py:188} INFO - [2024-08-10T03:18:43.150+0000] {dagbag.py:545} INFO - Filling up the DagBag from /home/airflow/.local/lib/python3.12/site-packages/airflow/example_dags/example_short_circuit_operator.py
[2024-08-10T03:18:43.169+0000] {processor.py:840} INFO - DAG(s) 'example_short_circuit_operator' retrieved from /home/airflow/.local/lib/python3.12/site-packages/airflow/example_dags/example_short_circuit_operator.py
[2024-08-10T03:18:43.226+0000] {logging_mixin.py:188} INFO - [2024-08-10T03:18:43.225+0000] {dag.py:3089} INFO - Sync 1 DAGs
[2024-08-10T03:18:43.270+0000] {logging_mixin.py:188} INFO - [2024-08-10T03:18:43.269+0000] {dag.py:3947} INFO - Setting next_dagrun for example_short_circuit_operator to 2024-08-09 00:00:00+00:00, run_after=2024-08-10 00:00:00+00:00
[2024-08-10T03:18:43.298+0000] {processor.py:183} INFO - Processing /home/airflow/.local/lib/python3.12/site-packages/airflow/example_dags/example_short_circuit_operator.py took 0.174 seconds
[2024-08-10T03:19:15.322+0000] {processor.py:161} INFO - Started process (PID=192) to work on /home/airflow/.local/lib/python3.12/site-packages/airflow/example_dags/example_short_circuit_operator.py
[2024-08-10T03:19:15.328+0000] {processor.py:830} INFO - Processing file /home/airflow/.local/lib/python3.12/site-packages/airflow/example_dags/example_short_circuit_operator.py for tasks to queue
[2024-08-10T03:19:15.334+0000] {logging_mixin.py:188} INFO - [2024-08-10T03:19:15.333+0000] {dagbag.py:545} INFO - Filling up the DagBag from /home/airflow/.local/lib/python3.12/site-packages/airflow/example_dags/example_short_circuit_operator.py
[2024-08-10T03:19:15.346+0000] {processor.py:840} INFO - DAG(s) 'example_short_circuit_operator' retrieved from /home/airflow/.local/lib/python3.12/site-packages/airflow/example_dags/example_short_circuit_operator.py
[2024-08-10T03:19:15.405+0000] {logging_mixin.py:188} INFO - [2024-08-10T03:19:15.405+0000] {dag.py:3089} INFO - Sync 1 DAGs
[2024-08-10T03:19:15.673+0000] {logging_mixin.py:188} INFO - [2024-08-10T03:19:15.673+0000] {dag.py:3947} INFO - Setting next_dagrun for example_short_circuit_operator to 2024-08-09 00:00:00+00:00, run_after=2024-08-10 00:00:00+00:00
[2024-08-10T03:19:15.809+0000] {processor.py:183} INFO - Processing /home/airflow/.local/lib/python3.12/site-packages/airflow/example_dags/example_short_circuit_operator.py took 0.497 seconds
[2024-08-10T03:19:46.513+0000] {processor.py:161} INFO - Started process (PID=252) to work on /home/airflow/.local/lib/python3.12/site-packages/airflow/example_dags/example_short_circuit_operator.py
[2024-08-10T03:19:46.514+0000] {processor.py:830} INFO - Processing file /home/airflow/.local/lib/python3.12/site-packages/airflow/example_dags/example_short_circuit_operator.py for tasks to queue
[2024-08-10T03:19:46.524+0000] {logging_mixin.py:188} INFO - [2024-08-10T03:19:46.523+0000] {dagbag.py:545} INFO - Filling up the DagBag from /home/airflow/.local/lib/python3.12/site-packages/airflow/example_dags/example_short_circuit_operator.py
[2024-08-10T03:19:46.532+0000] {processor.py:840} INFO - DAG(s) 'example_short_circuit_operator' retrieved from /home/airflow/.local/lib/python3.12/site-packages/airflow/example_dags/example_short_circuit_operator.py
[2024-08-10T03:19:46.576+0000] {logging_mixin.py:188} INFO - [2024-08-10T03:19:46.576+0000] {dag.py:3089} INFO - Sync 1 DAGs
[2024-08-10T03:19:46.646+0000] {logging_mixin.py:188} INFO - [2024-08-10T03:19:46.646+0000] {dag.py:3947} INFO - Setting next_dagrun for example_short_circuit_operator to 2024-08-09 00:00:00+00:00, run_after=2024-08-10 00:00:00+00:00
[2024-08-10T03:19:46.728+0000] {processor.py:183} INFO - Processing /home/airflow/.local/lib/python3.12/site-packages/airflow/example_dags/example_short_circuit_operator.py took 0.222 seconds
[2024-08-10T03:20:18.260+0000] {processor.py:161} INFO - Started process (PID=311) to work on /home/airflow/.local/lib/python3.12/site-packages/airflow/example_dags/example_short_circuit_operator.py
[2024-08-10T03:20:18.264+0000] {processor.py:830} INFO - Processing file /home/airflow/.local/lib/python3.12/site-packages/airflow/example_dags/example_short_circuit_operator.py for tasks to queue
[2024-08-10T03:20:18.270+0000] {logging_mixin.py:188} INFO - [2024-08-10T03:20:18.269+0000] {dagbag.py:545} INFO - Filling up the DagBag from /home/airflow/.local/lib/python3.12/site-packages/airflow/example_dags/example_short_circuit_operator.py
[2024-08-10T03:20:18.287+0000] {processor.py:840} INFO - DAG(s) 'example_short_circuit_operator' retrieved from /home/airflow/.local/lib/python3.12/site-packages/airflow/example_dags/example_short_circuit_operator.py
[2024-08-10T03:20:18.324+0000] {logging_mixin.py:188} INFO - [2024-08-10T03:20:18.324+0000] {dag.py:3089} INFO - Sync 1 DAGs
[2024-08-10T03:20:18.359+0000] {logging_mixin.py:188} INFO - [2024-08-10T03:20:18.359+0000] {dag.py:3947} INFO - Setting next_dagrun for example_short_circuit_operator to 2024-08-09 00:00:00+00:00, run_after=2024-08-10 00:00:00+00:00
[2024-08-10T03:20:18.393+0000] {processor.py:183} INFO - Processing /home/airflow/.local/lib/python3.12/site-packages/airflow/example_dags/example_short_circuit_operator.py took 0.141 seconds
[2024-08-10T03:20:48.906+0000] {processor.py:161} INFO - Started process (PID=371) to work on /home/airflow/.local/lib/python3.12/site-packages/airflow/example_dags/example_short_circuit_operator.py
[2024-08-10T03:20:48.908+0000] {processor.py:830} INFO - Processing file /home/airflow/.local/lib/python3.12/site-packages/airflow/example_dags/example_short_circuit_operator.py for tasks to queue
[2024-08-10T03:20:48.910+0000] {logging_mixin.py:188} INFO - [2024-08-10T03:20:48.909+0000] {dagbag.py:545} INFO - Filling up the DagBag from /home/airflow/.local/lib/python3.12/site-packages/airflow/example_dags/example_short_circuit_operator.py
[2024-08-10T03:20:48.919+0000] {processor.py:840} INFO - DAG(s) 'example_short_circuit_operator' retrieved from /home/airflow/.local/lib/python3.12/site-packages/airflow/example_dags/example_short_circuit_operator.py
[2024-08-10T03:20:48.940+0000] {logging_mixin.py:188} INFO - [2024-08-10T03:20:48.940+0000] {dag.py:3089} INFO - Sync 1 DAGs
[2024-08-10T03:20:48.960+0000] {logging_mixin.py:188} INFO - [2024-08-10T03:20:48.960+0000] {dag.py:3947} INFO - Setting next_dagrun for example_short_circuit_operator to 2024-08-09 00:00:00+00:00, run_after=2024-08-10 00:00:00+00:00
[2024-08-10T03:20:48.994+0000] {processor.py:183} INFO - Processing /home/airflow/.local/lib/python3.12/site-packages/airflow/example_dags/example_short_circuit_operator.py took 0.098 seconds
[2024-08-10T03:21:19.314+0000] {processor.py:161} INFO - Started process (PID=430) to work on /home/airflow/.local/lib/python3.12/site-packages/airflow/example_dags/example_short_circuit_operator.py
[2024-08-10T03:21:19.316+0000] {processor.py:830} INFO - Processing file /home/airflow/.local/lib/python3.12/site-packages/airflow/example_dags/example_short_circuit_operator.py for tasks to queue
[2024-08-10T03:21:19.318+0000] {logging_mixin.py:188} INFO - [2024-08-10T03:21:19.318+0000] {dagbag.py:545} INFO - Filling up the DagBag from /home/airflow/.local/lib/python3.12/site-packages/airflow/example_dags/example_short_circuit_operator.py
[2024-08-10T03:21:19.327+0000] {processor.py:840} INFO - DAG(s) 'example_short_circuit_operator' retrieved from /home/airflow/.local/lib/python3.12/site-packages/airflow/example_dags/example_short_circuit_operator.py
[2024-08-10T03:21:19.351+0000] {logging_mixin.py:188} INFO - [2024-08-10T03:21:19.350+0000] {dag.py:3089} INFO - Sync 1 DAGs
[2024-08-10T03:21:19.380+0000] {logging_mixin.py:188} INFO - [2024-08-10T03:21:19.379+0000] {dag.py:3947} INFO - Setting next_dagrun for example_short_circuit_operator to 2024-08-09 00:00:00+00:00, run_after=2024-08-10 00:00:00+00:00
[2024-08-10T03:21:19.418+0000] {processor.py:183} INFO - Processing /home/airflow/.local/lib/python3.12/site-packages/airflow/example_dags/example_short_circuit_operator.py took 0.110 seconds
[2024-08-10T03:21:49.589+0000] {processor.py:161} INFO - Started process (PID=490) to work on /home/airflow/.local/lib/python3.12/site-packages/airflow/example_dags/example_short_circuit_operator.py
[2024-08-10T03:21:49.590+0000] {processor.py:830} INFO - Processing file /home/airflow/.local/lib/python3.12/site-packages/airflow/example_dags/example_short_circuit_operator.py for tasks to queue
[2024-08-10T03:21:49.592+0000] {logging_mixin.py:188} INFO - [2024-08-10T03:21:49.592+0000] {dagbag.py:545} INFO - Filling up the DagBag from /home/airflow/.local/lib/python3.12/site-packages/airflow/example_dags/example_short_circuit_operator.py
[2024-08-10T03:21:49.599+0000] {processor.py:840} INFO - DAG(s) 'example_short_circuit_operator' retrieved from /home/airflow/.local/lib/python3.12/site-packages/airflow/example_dags/example_short_circuit_operator.py
[2024-08-10T03:21:49.622+0000] {logging_mixin.py:188} INFO - [2024-08-10T03:21:49.621+0000] {dag.py:3089} INFO - Sync 1 DAGs
[2024-08-10T03:21:49.645+0000] {logging_mixin.py:188} INFO - [2024-08-10T03:21:49.645+0000] {dag.py:3947} INFO - Setting next_dagrun for example_short_circuit_operator to 2024-08-09 00:00:00+00:00, run_after=2024-08-10 00:00:00+00:00
[2024-08-10T03:21:49.664+0000] {processor.py:183} INFO - Processing /home/airflow/.local/lib/python3.12/site-packages/airflow/example_dags/example_short_circuit_operator.py took 0.080 seconds
[2024-08-10T03:22:20.144+0000] {processor.py:161} INFO - Started process (PID=550) to work on /home/airflow/.local/lib/python3.12/site-packages/airflow/example_dags/example_short_circuit_operator.py
[2024-08-10T03:22:20.145+0000] {processor.py:830} INFO - Processing file /home/airflow/.local/lib/python3.12/site-packages/airflow/example_dags/example_short_circuit_operator.py for tasks to queue
[2024-08-10T03:22:20.147+0000] {logging_mixin.py:188} INFO - [2024-08-10T03:22:20.147+0000] {dagbag.py:545} INFO - Filling up the DagBag from /home/airflow/.local/lib/python3.12/site-packages/airflow/example_dags/example_short_circuit_operator.py
[2024-08-10T03:22:20.154+0000] {processor.py:840} INFO - DAG(s) 'example_short_circuit_operator' retrieved from /home/airflow/.local/lib/python3.12/site-packages/airflow/example_dags/example_short_circuit_operator.py
[2024-08-10T03:22:20.173+0000] {logging_mixin.py:188} INFO - [2024-08-10T03:22:20.173+0000] {dag.py:3089} INFO - Sync 1 DAGs
[2024-08-10T03:22:20.219+0000] {logging_mixin.py:188} INFO - [2024-08-10T03:22:20.218+0000] {dag.py:3947} INFO - Setting next_dagrun for example_short_circuit_operator to 2024-08-09 00:00:00+00:00, run_after=2024-08-10 00:00:00+00:00
[2024-08-10T03:22:20.242+0000] {processor.py:183} INFO - Processing /home/airflow/.local/lib/python3.12/site-packages/airflow/example_dags/example_short_circuit_operator.py took 0.103 seconds
[2024-08-10T03:22:51.457+0000] {processor.py:161} INFO - Started process (PID=610) to work on /home/airflow/.local/lib/python3.12/site-packages/airflow/example_dags/example_short_circuit_operator.py
[2024-08-10T03:22:51.458+0000] {processor.py:830} INFO - Processing file /home/airflow/.local/lib/python3.12/site-packages/airflow/example_dags/example_short_circuit_operator.py for tasks to queue
[2024-08-10T03:22:51.460+0000] {logging_mixin.py:188} INFO - [2024-08-10T03:22:51.460+0000] {dagbag.py:545} INFO - Filling up the DagBag from /home/airflow/.local/lib/python3.12/site-packages/airflow/example_dags/example_short_circuit_operator.py
[2024-08-10T03:22:51.470+0000] {processor.py:840} INFO - DAG(s) 'example_short_circuit_operator' retrieved from /home/airflow/.local/lib/python3.12/site-packages/airflow/example_dags/example_short_circuit_operator.py
[2024-08-10T03:22:51.500+0000] {logging_mixin.py:188} INFO - [2024-08-10T03:22:51.499+0000] {dag.py:3089} INFO - Sync 1 DAGs
[2024-08-10T03:22:51.536+0000] {logging_mixin.py:188} INFO - [2024-08-10T03:22:51.536+0000] {dag.py:3947} INFO - Setting next_dagrun for example_short_circuit_operator to 2024-08-09 00:00:00+00:00, run_after=2024-08-10 00:00:00+00:00
[2024-08-10T03:22:51.590+0000] {processor.py:183} INFO - Processing /home/airflow/.local/lib/python3.12/site-packages/airflow/example_dags/example_short_circuit_operator.py took 0.140 seconds
[2024-08-10T03:23:22.015+0000] {processor.py:161} INFO - Started process (PID=668) to work on /home/airflow/.local/lib/python3.12/site-packages/airflow/example_dags/example_short_circuit_operator.py
[2024-08-10T03:23:22.030+0000] {processor.py:830} INFO - Processing file /home/airflow/.local/lib/python3.12/site-packages/airflow/example_dags/example_short_circuit_operator.py for tasks to queue
[2024-08-10T03:23:22.041+0000] {logging_mixin.py:188} INFO - [2024-08-10T03:23:22.041+0000] {dagbag.py:545} INFO - Filling up the DagBag from /home/airflow/.local/lib/python3.12/site-packages/airflow/example_dags/example_short_circuit_operator.py
[2024-08-10T03:23:22.061+0000] {processor.py:840} INFO - DAG(s) 'example_short_circuit_operator' retrieved from /home/airflow/.local/lib/python3.12/site-packages/airflow/example_dags/example_short_circuit_operator.py
[2024-08-10T03:23:22.118+0000] {logging_mixin.py:188} INFO - [2024-08-10T03:23:22.117+0000] {dag.py:3089} INFO - Sync 1 DAGs
[2024-08-10T03:23:22.212+0000] {logging_mixin.py:188} INFO - [2024-08-10T03:23:22.212+0000] {dag.py:3947} INFO - Setting next_dagrun for example_short_circuit_operator to 2024-08-09 00:00:00+00:00, run_after=2024-08-10 00:00:00+00:00
[2024-08-10T03:23:22.275+0000] {processor.py:183} INFO - Processing /home/airflow/.local/lib/python3.12/site-packages/airflow/example_dags/example_short_circuit_operator.py took 0.266 seconds
[2024-08-10T03:23:53.209+0000] {processor.py:161} INFO - Started process (PID=728) to work on /home/airflow/.local/lib/python3.12/site-packages/airflow/example_dags/example_short_circuit_operator.py
[2024-08-10T03:23:53.210+0000] {processor.py:830} INFO - Processing file /home/airflow/.local/lib/python3.12/site-packages/airflow/example_dags/example_short_circuit_operator.py for tasks to queue
[2024-08-10T03:23:53.213+0000] {logging_mixin.py:188} INFO - [2024-08-10T03:23:53.212+0000] {dagbag.py:545} INFO - Filling up the DagBag from /home/airflow/.local/lib/python3.12/site-packages/airflow/example_dags/example_short_circuit_operator.py
[2024-08-10T03:23:53.221+0000] {processor.py:840} INFO - DAG(s) 'example_short_circuit_operator' retrieved from /home/airflow/.local/lib/python3.12/site-packages/airflow/example_dags/example_short_circuit_operator.py
[2024-08-10T03:23:53.250+0000] {logging_mixin.py:188} INFO - [2024-08-10T03:23:53.250+0000] {dag.py:3089} INFO - Sync 1 DAGs
[2024-08-10T03:23:53.281+0000] {logging_mixin.py:188} INFO - [2024-08-10T03:23:53.281+0000] {dag.py:3947} INFO - Setting next_dagrun for example_short_circuit_operator to 2024-08-09 00:00:00+00:00, run_after=2024-08-10 00:00:00+00:00
[2024-08-10T03:23:53.309+0000] {processor.py:183} INFO - Processing /home/airflow/.local/lib/python3.12/site-packages/airflow/example_dags/example_short_circuit_operator.py took 0.106 seconds
[2024-08-10T03:24:23.851+0000] {processor.py:161} INFO - Started process (PID=789) to work on /home/airflow/.local/lib/python3.12/site-packages/airflow/example_dags/example_short_circuit_operator.py
[2024-08-10T03:24:23.854+0000] {processor.py:830} INFO - Processing file /home/airflow/.local/lib/python3.12/site-packages/airflow/example_dags/example_short_circuit_operator.py for tasks to queue
[2024-08-10T03:24:23.856+0000] {logging_mixin.py:188} INFO - [2024-08-10T03:24:23.856+0000] {dagbag.py:545} INFO - Filling up the DagBag from /home/airflow/.local/lib/python3.12/site-packages/airflow/example_dags/example_short_circuit_operator.py
[2024-08-10T03:24:23.865+0000] {processor.py:840} INFO - DAG(s) 'example_short_circuit_operator' retrieved from /home/airflow/.local/lib/python3.12/site-packages/airflow/example_dags/example_short_circuit_operator.py
[2024-08-10T03:24:23.912+0000] {logging_mixin.py:188} INFO - [2024-08-10T03:24:23.912+0000] {dag.py:3089} INFO - Sync 1 DAGs
[2024-08-10T03:24:23.944+0000] {logging_mixin.py:188} INFO - [2024-08-10T03:24:23.944+0000] {dag.py:3947} INFO - Setting next_dagrun for example_short_circuit_operator to 2024-08-09 00:00:00+00:00, run_after=2024-08-10 00:00:00+00:00
[2024-08-10T03:24:24.007+0000] {processor.py:183} INFO - Processing /home/airflow/.local/lib/python3.12/site-packages/airflow/example_dags/example_short_circuit_operator.py took 0.163 seconds
[2024-08-10T03:24:54.315+0000] {processor.py:161} INFO - Started process (PID=849) to work on /home/airflow/.local/lib/python3.12/site-packages/airflow/example_dags/example_short_circuit_operator.py
[2024-08-10T03:24:54.317+0000] {processor.py:830} INFO - Processing file /home/airflow/.local/lib/python3.12/site-packages/airflow/example_dags/example_short_circuit_operator.py for tasks to queue
[2024-08-10T03:24:54.321+0000] {logging_mixin.py:188} INFO - [2024-08-10T03:24:54.320+0000] {dagbag.py:545} INFO - Filling up the DagBag from /home/airflow/.local/lib/python3.12/site-packages/airflow/example_dags/example_short_circuit_operator.py
[2024-08-10T03:24:54.327+0000] {processor.py:840} INFO - DAG(s) 'example_short_circuit_operator' retrieved from /home/airflow/.local/lib/python3.12/site-packages/airflow/example_dags/example_short_circuit_operator.py
[2024-08-10T03:24:54.349+0000] {logging_mixin.py:188} INFO - [2024-08-10T03:24:54.349+0000] {dag.py:3089} INFO - Sync 1 DAGs
[2024-08-10T03:24:54.371+0000] {logging_mixin.py:188} INFO - [2024-08-10T03:24:54.371+0000] {dag.py:3947} INFO - Setting next_dagrun for example_short_circuit_operator to 2024-08-09 00:00:00+00:00, run_after=2024-08-10 00:00:00+00:00
[2024-08-10T03:24:54.393+0000] {processor.py:183} INFO - Processing /home/airflow/.local/lib/python3.12/site-packages/airflow/example_dags/example_short_circuit_operator.py took 0.083 seconds
[2024-08-10T03:25:25.037+0000] {processor.py:161} INFO - Started process (PID=908) to work on /home/airflow/.local/lib/python3.12/site-packages/airflow/example_dags/example_short_circuit_operator.py
[2024-08-10T03:25:25.039+0000] {processor.py:830} INFO - Processing file /home/airflow/.local/lib/python3.12/site-packages/airflow/example_dags/example_short_circuit_operator.py for tasks to queue
[2024-08-10T03:25:25.041+0000] {logging_mixin.py:188} INFO - [2024-08-10T03:25:25.041+0000] {dagbag.py:545} INFO - Filling up the DagBag from /home/airflow/.local/lib/python3.12/site-packages/airflow/example_dags/example_short_circuit_operator.py
[2024-08-10T03:25:25.056+0000] {processor.py:840} INFO - DAG(s) 'example_short_circuit_operator' retrieved from /home/airflow/.local/lib/python3.12/site-packages/airflow/example_dags/example_short_circuit_operator.py
[2024-08-10T03:25:25.087+0000] {logging_mixin.py:188} INFO - [2024-08-10T03:25:25.087+0000] {dag.py:3089} INFO - Sync 1 DAGs
[2024-08-10T03:25:25.126+0000] {logging_mixin.py:188} INFO - [2024-08-10T03:25:25.124+0000] {dag.py:3947} INFO - Setting next_dagrun for example_short_circuit_operator to 2024-08-09 00:00:00+00:00, run_after=2024-08-10 00:00:00+00:00
[2024-08-10T03:25:25.164+0000] {processor.py:183} INFO - Processing /home/airflow/.local/lib/python3.12/site-packages/airflow/example_dags/example_short_circuit_operator.py took 0.136 seconds
[2024-08-10T03:25:55.390+0000] {processor.py:161} INFO - Started process (PID=968) to work on /home/airflow/.local/lib/python3.12/site-packages/airflow/example_dags/example_short_circuit_operator.py
[2024-08-10T03:25:55.391+0000] {processor.py:830} INFO - Processing file /home/airflow/.local/lib/python3.12/site-packages/airflow/example_dags/example_short_circuit_operator.py for tasks to queue
[2024-08-10T03:25:55.392+0000] {logging_mixin.py:188} INFO - [2024-08-10T03:25:55.392+0000] {dagbag.py:545} INFO - Filling up the DagBag from /home/airflow/.local/lib/python3.12/site-packages/airflow/example_dags/example_short_circuit_operator.py
[2024-08-10T03:25:55.400+0000] {processor.py:840} INFO - DAG(s) 'example_short_circuit_operator' retrieved from /home/airflow/.local/lib/python3.12/site-packages/airflow/example_dags/example_short_circuit_operator.py
[2024-08-10T03:25:55.427+0000] {logging_mixin.py:188} INFO - [2024-08-10T03:25:55.427+0000] {dag.py:3089} INFO - Sync 1 DAGs
[2024-08-10T03:25:55.455+0000] {logging_mixin.py:188} INFO - [2024-08-10T03:25:55.455+0000] {dag.py:3947} INFO - Setting next_dagrun for example_short_circuit_operator to 2024-08-09 00:00:00+00:00, run_after=2024-08-10 00:00:00+00:00
[2024-08-10T03:25:55.480+0000] {processor.py:183} INFO - Processing /home/airflow/.local/lib/python3.12/site-packages/airflow/example_dags/example_short_circuit_operator.py took 0.097 seconds
[2024-08-10T03:26:26.088+0000] {processor.py:161} INFO - Started process (PID=1028) to work on /home/airflow/.local/lib/python3.12/site-packages/airflow/example_dags/example_short_circuit_operator.py
[2024-08-10T03:26:26.088+0000] {processor.py:830} INFO - Processing file /home/airflow/.local/lib/python3.12/site-packages/airflow/example_dags/example_short_circuit_operator.py for tasks to queue
[2024-08-10T03:26:26.090+0000] {logging_mixin.py:188} INFO - [2024-08-10T03:26:26.090+0000] {dagbag.py:545} INFO - Filling up the DagBag from /home/airflow/.local/lib/python3.12/site-packages/airflow/example_dags/example_short_circuit_operator.py
[2024-08-10T03:26:26.098+0000] {processor.py:840} INFO - DAG(s) 'example_short_circuit_operator' retrieved from /home/airflow/.local/lib/python3.12/site-packages/airflow/example_dags/example_short_circuit_operator.py
[2024-08-10T03:26:26.121+0000] {logging_mixin.py:188} INFO - [2024-08-10T03:26:26.121+0000] {dag.py:3089} INFO - Sync 1 DAGs
[2024-08-10T03:26:26.144+0000] {logging_mixin.py:188} INFO - [2024-08-10T03:26:26.144+0000] {dag.py:3947} INFO - Setting next_dagrun for example_short_circuit_operator to 2024-08-09 00:00:00+00:00, run_after=2024-08-10 00:00:00+00:00
[2024-08-10T03:26:26.171+0000] {processor.py:183} INFO - Processing /home/airflow/.local/lib/python3.12/site-packages/airflow/example_dags/example_short_circuit_operator.py took 0.089 seconds
[2024-08-10T03:26:56.753+0000] {processor.py:161} INFO - Started process (PID=1090) to work on /home/airflow/.local/lib/python3.12/site-packages/airflow/example_dags/example_short_circuit_operator.py
[2024-08-10T03:26:56.755+0000] {processor.py:830} INFO - Processing file /home/airflow/.local/lib/python3.12/site-packages/airflow/example_dags/example_short_circuit_operator.py for tasks to queue
[2024-08-10T03:26:56.757+0000] {logging_mixin.py:188} INFO - [2024-08-10T03:26:56.756+0000] {dagbag.py:545} INFO - Filling up the DagBag from /home/airflow/.local/lib/python3.12/site-packages/airflow/example_dags/example_short_circuit_operator.py
[2024-08-10T03:26:56.765+0000] {processor.py:840} INFO - DAG(s) 'example_short_circuit_operator' retrieved from /home/airflow/.local/lib/python3.12/site-packages/airflow/example_dags/example_short_circuit_operator.py
[2024-08-10T03:26:56.790+0000] {logging_mixin.py:188} INFO - [2024-08-10T03:26:56.790+0000] {dag.py:3089} INFO - Sync 1 DAGs
[2024-08-10T03:26:56.816+0000] {logging_mixin.py:188} INFO - [2024-08-10T03:26:56.816+0000] {dag.py:3947} INFO - Setting next_dagrun for example_short_circuit_operator to 2024-08-09 00:00:00+00:00, run_after=2024-08-10 00:00:00+00:00
[2024-08-10T03:26:56.842+0000] {processor.py:183} INFO - Processing /home/airflow/.local/lib/python3.12/site-packages/airflow/example_dags/example_short_circuit_operator.py took 0.096 seconds
[2024-08-10T03:27:27.797+0000] {processor.py:161} INFO - Started process (PID=1150) to work on /home/airflow/.local/lib/python3.12/site-packages/airflow/example_dags/example_short_circuit_operator.py
[2024-08-10T03:27:27.798+0000] {processor.py:830} INFO - Processing file /home/airflow/.local/lib/python3.12/site-packages/airflow/example_dags/example_short_circuit_operator.py for tasks to queue
[2024-08-10T03:27:27.801+0000] {logging_mixin.py:188} INFO - [2024-08-10T03:27:27.800+0000] {dagbag.py:545} INFO - Filling up the DagBag from /home/airflow/.local/lib/python3.12/site-packages/airflow/example_dags/example_short_circuit_operator.py
[2024-08-10T03:27:27.809+0000] {processor.py:840} INFO - DAG(s) 'example_short_circuit_operator' retrieved from /home/airflow/.local/lib/python3.12/site-packages/airflow/example_dags/example_short_circuit_operator.py
[2024-08-10T03:27:27.837+0000] {logging_mixin.py:188} INFO - [2024-08-10T03:27:27.836+0000] {dag.py:3089} INFO - Sync 1 DAGs
[2024-08-10T03:27:27.866+0000] {logging_mixin.py:188} INFO - [2024-08-10T03:27:27.866+0000] {dag.py:3947} INFO - Setting next_dagrun for example_short_circuit_operator to 2024-08-09 00:00:00+00:00, run_after=2024-08-10 00:00:00+00:00
[2024-08-10T03:27:27.901+0000] {processor.py:183} INFO - Processing /home/airflow/.local/lib/python3.12/site-packages/airflow/example_dags/example_short_circuit_operator.py took 0.111 seconds
[2024-08-10T03:27:58.543+0000] {processor.py:161} INFO - Started process (PID=1208) to work on /home/airflow/.local/lib/python3.12/site-packages/airflow/example_dags/example_short_circuit_operator.py
[2024-08-10T03:27:58.549+0000] {processor.py:830} INFO - Processing file /home/airflow/.local/lib/python3.12/site-packages/airflow/example_dags/example_short_circuit_operator.py for tasks to queue
[2024-08-10T03:27:58.559+0000] {logging_mixin.py:188} INFO - [2024-08-10T03:27:58.559+0000] {dagbag.py:545} INFO - Filling up the DagBag from /home/airflow/.local/lib/python3.12/site-packages/airflow/example_dags/example_short_circuit_operator.py
[2024-08-10T03:27:58.566+0000] {processor.py:840} INFO - DAG(s) 'example_short_circuit_operator' retrieved from /home/airflow/.local/lib/python3.12/site-packages/airflow/example_dags/example_short_circuit_operator.py
[2024-08-10T03:27:58.632+0000] {logging_mixin.py:188} INFO - [2024-08-10T03:27:58.632+0000] {dag.py:3089} INFO - Sync 1 DAGs
[2024-08-10T03:27:58.695+0000] {logging_mixin.py:188} INFO - [2024-08-10T03:27:58.695+0000] {dag.py:3947} INFO - Setting next_dagrun for example_short_circuit_operator to 2024-08-09 00:00:00+00:00, run_after=2024-08-10 00:00:00+00:00
[2024-08-10T03:27:58.881+0000] {processor.py:183} INFO - Processing /home/airflow/.local/lib/python3.12/site-packages/airflow/example_dags/example_short_circuit_operator.py took 0.343 seconds
[2024-08-10T03:28:29.656+0000] {processor.py:161} INFO - Started process (PID=1268) to work on /home/airflow/.local/lib/python3.12/site-packages/airflow/example_dags/example_short_circuit_operator.py
[2024-08-10T03:28:29.658+0000] {processor.py:830} INFO - Processing file /home/airflow/.local/lib/python3.12/site-packages/airflow/example_dags/example_short_circuit_operator.py for tasks to queue
[2024-08-10T03:28:29.667+0000] {logging_mixin.py:188} INFO - [2024-08-10T03:28:29.666+0000] {dagbag.py:545} INFO - Filling up the DagBag from /home/airflow/.local/lib/python3.12/site-packages/airflow/example_dags/example_short_circuit_operator.py
[2024-08-10T03:28:29.677+0000] {processor.py:840} INFO - DAG(s) 'example_short_circuit_operator' retrieved from /home/airflow/.local/lib/python3.12/site-packages/airflow/example_dags/example_short_circuit_operator.py
[2024-08-10T03:28:29.750+0000] {logging_mixin.py:188} INFO - [2024-08-10T03:28:29.750+0000] {dag.py:3089} INFO - Sync 1 DAGs
[2024-08-10T03:28:29.799+0000] {logging_mixin.py:188} INFO - [2024-08-10T03:28:29.799+0000] {dag.py:3947} INFO - Setting next_dagrun for example_short_circuit_operator to 2024-08-09 00:00:00+00:00, run_after=2024-08-10 00:00:00+00:00
[2024-08-10T03:28:29.859+0000] {processor.py:183} INFO - Processing /home/airflow/.local/lib/python3.12/site-packages/airflow/example_dags/example_short_circuit_operator.py took 0.209 seconds
[2024-08-10T03:29:00.567+0000] {processor.py:161} INFO - Started process (PID=1328) to work on /home/airflow/.local/lib/python3.12/site-packages/airflow/example_dags/example_short_circuit_operator.py
[2024-08-10T03:29:00.568+0000] {processor.py:830} INFO - Processing file /home/airflow/.local/lib/python3.12/site-packages/airflow/example_dags/example_short_circuit_operator.py for tasks to queue
[2024-08-10T03:29:00.570+0000] {logging_mixin.py:188} INFO - [2024-08-10T03:29:00.569+0000] {dagbag.py:545} INFO - Filling up the DagBag from /home/airflow/.local/lib/python3.12/site-packages/airflow/example_dags/example_short_circuit_operator.py
[2024-08-10T03:29:00.585+0000] {processor.py:840} INFO - DAG(s) 'example_short_circuit_operator' retrieved from /home/airflow/.local/lib/python3.12/site-packages/airflow/example_dags/example_short_circuit_operator.py
[2024-08-10T03:29:00.610+0000] {logging_mixin.py:188} INFO - [2024-08-10T03:29:00.610+0000] {dag.py:3089} INFO - Sync 1 DAGs
[2024-08-10T03:29:00.636+0000] {logging_mixin.py:188} INFO - [2024-08-10T03:29:00.636+0000] {dag.py:3947} INFO - Setting next_dagrun for example_short_circuit_operator to 2024-08-09 00:00:00+00:00, run_after=2024-08-10 00:00:00+00:00
[2024-08-10T03:29:00.971+0000] {processor.py:183} INFO - Processing /home/airflow/.local/lib/python3.12/site-packages/airflow/example_dags/example_short_circuit_operator.py took 0.409 seconds
[2024-08-10T03:29:41.882+0000] {processor.py:161} INFO - Started process (PID=1388) to work on /home/airflow/.local/lib/python3.12/site-packages/airflow/example_dags/example_short_circuit_operator.py
[2024-08-10T03:29:41.889+0000] {processor.py:830} INFO - Processing file /home/airflow/.local/lib/python3.12/site-packages/airflow/example_dags/example_short_circuit_operator.py for tasks to queue
[2024-08-10T03:29:41.892+0000] {logging_mixin.py:188} INFO - [2024-08-10T03:29:41.891+0000] {dagbag.py:545} INFO - Filling up the DagBag from /home/airflow/.local/lib/python3.12/site-packages/airflow/example_dags/example_short_circuit_operator.py
[2024-08-10T03:29:41.900+0000] {processor.py:840} INFO - DAG(s) 'example_short_circuit_operator' retrieved from /home/airflow/.local/lib/python3.12/site-packages/airflow/example_dags/example_short_circuit_operator.py
[2024-08-10T03:29:41.971+0000] {logging_mixin.py:188} INFO - [2024-08-10T03:29:41.970+0000] {dag.py:3089} INFO - Sync 1 DAGs
[2024-08-10T03:29:42.037+0000] {logging_mixin.py:188} INFO - [2024-08-10T03:29:42.037+0000] {dag.py:3947} INFO - Setting next_dagrun for example_short_circuit_operator to 2024-08-09 00:00:00+00:00, run_after=2024-08-10 00:00:00+00:00
[2024-08-10T03:29:42.226+0000] {processor.py:183} INFO - Processing /home/airflow/.local/lib/python3.12/site-packages/airflow/example_dags/example_short_circuit_operator.py took 0.351 seconds
[2024-08-10T03:30:28.106+0000] {processor.py:161} INFO - Started process (PID=1454) to work on /home/airflow/.local/lib/python3.12/site-packages/airflow/example_dags/example_short_circuit_operator.py
[2024-08-10T03:30:28.107+0000] {processor.py:830} INFO - Processing file /home/airflow/.local/lib/python3.12/site-packages/airflow/example_dags/example_short_circuit_operator.py for tasks to queue
[2024-08-10T03:30:28.116+0000] {logging_mixin.py:188} INFO - [2024-08-10T03:30:28.116+0000] {dagbag.py:545} INFO - Filling up the DagBag from /home/airflow/.local/lib/python3.12/site-packages/airflow/example_dags/example_short_circuit_operator.py
[2024-08-10T03:30:28.125+0000] {processor.py:840} INFO - DAG(s) 'example_short_circuit_operator' retrieved from /home/airflow/.local/lib/python3.12/site-packages/airflow/example_dags/example_short_circuit_operator.py
[2024-08-10T03:30:28.164+0000] {logging_mixin.py:188} INFO - [2024-08-10T03:30:28.164+0000] {dag.py:3089} INFO - Sync 1 DAGs
[2024-08-10T03:30:28.191+0000] {logging_mixin.py:188} INFO - [2024-08-10T03:30:28.191+0000] {dag.py:3947} INFO - Setting next_dagrun for example_short_circuit_operator to 2024-08-09 00:00:00+00:00, run_after=2024-08-10 00:00:00+00:00
[2024-08-10T03:30:29.713+0000] {processor.py:183} INFO - Processing /home/airflow/.local/lib/python3.12/site-packages/airflow/example_dags/example_short_circuit_operator.py took 1.610 seconds
[2024-08-10T03:31:00.587+0000] {processor.py:161} INFO - Started process (PID=1513) to work on /home/airflow/.local/lib/python3.12/site-packages/airflow/example_dags/example_short_circuit_operator.py
[2024-08-10T03:31:00.591+0000] {processor.py:830} INFO - Processing file /home/airflow/.local/lib/python3.12/site-packages/airflow/example_dags/example_short_circuit_operator.py for tasks to queue
[2024-08-10T03:31:00.594+0000] {logging_mixin.py:188} INFO - [2024-08-10T03:31:00.594+0000] {dagbag.py:545} INFO - Filling up the DagBag from /home/airflow/.local/lib/python3.12/site-packages/airflow/example_dags/example_short_circuit_operator.py
[2024-08-10T03:31:00.603+0000] {processor.py:840} INFO - DAG(s) 'example_short_circuit_operator' retrieved from /home/airflow/.local/lib/python3.12/site-packages/airflow/example_dags/example_short_circuit_operator.py
[2024-08-10T03:31:00.629+0000] {logging_mixin.py:188} INFO - [2024-08-10T03:31:00.629+0000] {dag.py:3089} INFO - Sync 1 DAGs
[2024-08-10T03:31:00.651+0000] {logging_mixin.py:188} INFO - [2024-08-10T03:31:00.651+0000] {dag.py:3947} INFO - Setting next_dagrun for example_short_circuit_operator to 2024-08-09 00:00:00+00:00, run_after=2024-08-10 00:00:00+00:00
[2024-08-10T03:31:00.912+0000] {processor.py:183} INFO - Processing /home/airflow/.local/lib/python3.12/site-packages/airflow/example_dags/example_short_circuit_operator.py took 0.332 seconds
[2024-08-10T03:31:42.338+0000] {processor.py:161} INFO - Started process (PID=1573) to work on /home/airflow/.local/lib/python3.12/site-packages/airflow/example_dags/example_short_circuit_operator.py
[2024-08-10T03:31:42.348+0000] {processor.py:830} INFO - Processing file /home/airflow/.local/lib/python3.12/site-packages/airflow/example_dags/example_short_circuit_operator.py for tasks to queue
[2024-08-10T03:31:42.350+0000] {logging_mixin.py:188} INFO - [2024-08-10T03:31:42.350+0000] {dagbag.py:545} INFO - Filling up the DagBag from /home/airflow/.local/lib/python3.12/site-packages/airflow/example_dags/example_short_circuit_operator.py
[2024-08-10T03:31:42.360+0000] {processor.py:840} INFO - DAG(s) 'example_short_circuit_operator' retrieved from /home/airflow/.local/lib/python3.12/site-packages/airflow/example_dags/example_short_circuit_operator.py
[2024-08-10T03:31:42.401+0000] {logging_mixin.py:188} INFO - [2024-08-10T03:31:42.401+0000] {dag.py:3089} INFO - Sync 1 DAGs
[2024-08-10T03:31:42.445+0000] {logging_mixin.py:188} INFO - [2024-08-10T03:31:42.445+0000] {dag.py:3947} INFO - Setting next_dagrun for example_short_circuit_operator to 2024-08-09 00:00:00+00:00, run_after=2024-08-10 00:00:00+00:00
[2024-08-10T03:31:42.498+0000] {processor.py:183} INFO - Processing /home/airflow/.local/lib/python3.12/site-packages/airflow/example_dags/example_short_circuit_operator.py took 0.170 seconds
[2024-08-10T03:32:36.815+0000] {processor.py:161} INFO - Started process (PID=1634) to work on /home/airflow/.local/lib/python3.12/site-packages/airflow/example_dags/example_short_circuit_operator.py
[2024-08-10T03:32:36.819+0000] {processor.py:830} INFO - Processing file /home/airflow/.local/lib/python3.12/site-packages/airflow/example_dags/example_short_circuit_operator.py for tasks to queue
[2024-08-10T03:32:36.825+0000] {logging_mixin.py:188} INFO - [2024-08-10T03:32:36.824+0000] {dagbag.py:545} INFO - Filling up the DagBag from /home/airflow/.local/lib/python3.12/site-packages/airflow/example_dags/example_short_circuit_operator.py
[2024-08-10T03:32:36.841+0000] {processor.py:840} INFO - DAG(s) 'example_short_circuit_operator' retrieved from /home/airflow/.local/lib/python3.12/site-packages/airflow/example_dags/example_short_circuit_operator.py
[2024-08-10T03:32:36.888+0000] {logging_mixin.py:188} INFO - [2024-08-10T03:32:36.888+0000] {dag.py:3089} INFO - Sync 1 DAGs
[2024-08-10T03:32:36.943+0000] {logging_mixin.py:188} INFO - [2024-08-10T03:32:36.943+0000] {dag.py:3947} INFO - Setting next_dagrun for example_short_circuit_operator to 2024-08-09 00:00:00+00:00, run_after=2024-08-10 00:00:00+00:00
[2024-08-10T03:32:36.976+0000] {processor.py:183} INFO - Processing /home/airflow/.local/lib/python3.12/site-packages/airflow/example_dags/example_short_circuit_operator.py took 0.186 seconds
[2024-08-10T03:33:23.875+0000] {processor.py:161} INFO - Started process (PID=1697) to work on /home/airflow/.local/lib/python3.12/site-packages/airflow/example_dags/example_short_circuit_operator.py
[2024-08-10T03:33:23.886+0000] {processor.py:830} INFO - Processing file /home/airflow/.local/lib/python3.12/site-packages/airflow/example_dags/example_short_circuit_operator.py for tasks to queue
[2024-08-10T03:33:23.888+0000] {logging_mixin.py:188} INFO - [2024-08-10T03:33:23.888+0000] {dagbag.py:545} INFO - Filling up the DagBag from /home/airflow/.local/lib/python3.12/site-packages/airflow/example_dags/example_short_circuit_operator.py
[2024-08-10T03:33:23.915+0000] {processor.py:840} INFO - DAG(s) 'example_short_circuit_operator' retrieved from /home/airflow/.local/lib/python3.12/site-packages/airflow/example_dags/example_short_circuit_operator.py
[2024-08-10T03:33:24.012+0000] {logging_mixin.py:188} INFO - [2024-08-10T03:33:24.012+0000] {dag.py:3089} INFO - Sync 1 DAGs
[2024-08-10T03:33:24.064+0000] {logging_mixin.py:188} INFO - [2024-08-10T03:33:24.064+0000] {dag.py:3947} INFO - Setting next_dagrun for example_short_circuit_operator to 2024-08-09 00:00:00+00:00, run_after=2024-08-10 00:00:00+00:00
[2024-08-10T03:33:24.135+0000] {processor.py:183} INFO - Processing /home/airflow/.local/lib/python3.12/site-packages/airflow/example_dags/example_short_circuit_operator.py took 0.270 seconds
[2024-08-10T03:34:30.651+0000] {processor.py:161} INFO - Started process (PID=1765) to work on /home/airflow/.local/lib/python3.12/site-packages/airflow/example_dags/example_short_circuit_operator.py
[2024-08-10T03:34:30.652+0000] {processor.py:830} INFO - Processing file /home/airflow/.local/lib/python3.12/site-packages/airflow/example_dags/example_short_circuit_operator.py for tasks to queue
[2024-08-10T03:34:30.653+0000] {logging_mixin.py:188} INFO - [2024-08-10T03:34:30.653+0000] {dagbag.py:545} INFO - Filling up the DagBag from /home/airflow/.local/lib/python3.12/site-packages/airflow/example_dags/example_short_circuit_operator.py
[2024-08-10T03:34:30.662+0000] {processor.py:840} INFO - DAG(s) 'example_short_circuit_operator' retrieved from /home/airflow/.local/lib/python3.12/site-packages/airflow/example_dags/example_short_circuit_operator.py
[2024-08-10T03:34:30.977+0000] {logging_mixin.py:188} INFO - [2024-08-10T03:34:30.977+0000] {dag.py:3089} INFO - Sync 1 DAGs
[2024-08-10T03:34:31.016+0000] {logging_mixin.py:188} INFO - [2024-08-10T03:34:31.016+0000] {dag.py:3947} INFO - Setting next_dagrun for example_short_circuit_operator to 2024-08-09 00:00:00+00:00, run_after=2024-08-10 00:00:00+00:00
[2024-08-10T03:34:35.137+0000] {processor.py:183} INFO - Processing /home/airflow/.local/lib/python3.12/site-packages/airflow/example_dags/example_short_circuit_operator.py took 4.493 seconds
[2024-08-10T03:35:34.217+0000] {processor.py:161} INFO - Started process (PID=1831) to work on /home/airflow/.local/lib/python3.12/site-packages/airflow/example_dags/example_short_circuit_operator.py
[2024-08-10T03:35:34.218+0000] {processor.py:830} INFO - Processing file /home/airflow/.local/lib/python3.12/site-packages/airflow/example_dags/example_short_circuit_operator.py for tasks to queue
[2024-08-10T03:35:34.220+0000] {logging_mixin.py:188} INFO - [2024-08-10T03:35:34.220+0000] {dagbag.py:545} INFO - Filling up the DagBag from /home/airflow/.local/lib/python3.12/site-packages/airflow/example_dags/example_short_circuit_operator.py
[2024-08-10T03:35:34.230+0000] {processor.py:840} INFO - DAG(s) 'example_short_circuit_operator' retrieved from /home/airflow/.local/lib/python3.12/site-packages/airflow/example_dags/example_short_circuit_operator.py
[2024-08-10T03:35:34.259+0000] {logging_mixin.py:188} INFO - [2024-08-10T03:35:34.258+0000] {dag.py:3089} INFO - Sync 1 DAGs
[2024-08-10T03:35:34.285+0000] {logging_mixin.py:188} INFO - [2024-08-10T03:35:34.285+0000] {dag.py:3947} INFO - Setting next_dagrun for example_short_circuit_operator to 2024-08-09 00:00:00+00:00, run_after=2024-08-10 00:00:00+00:00
[2024-08-10T03:35:34.813+0000] {processor.py:183} INFO - Processing /home/airflow/.local/lib/python3.12/site-packages/airflow/example_dags/example_short_circuit_operator.py took 0.604 seconds
[2024-08-10T03:36:04.908+0000] {processor.py:161} INFO - Started process (PID=1889) to work on /home/airflow/.local/lib/python3.12/site-packages/airflow/example_dags/example_short_circuit_operator.py
[2024-08-10T03:36:04.909+0000] {processor.py:830} INFO - Processing file /home/airflow/.local/lib/python3.12/site-packages/airflow/example_dags/example_short_circuit_operator.py for tasks to queue
[2024-08-10T03:36:04.911+0000] {logging_mixin.py:188} INFO - [2024-08-10T03:36:04.910+0000] {dagbag.py:545} INFO - Filling up the DagBag from /home/airflow/.local/lib/python3.12/site-packages/airflow/example_dags/example_short_circuit_operator.py
[2024-08-10T03:36:04.922+0000] {processor.py:840} INFO - DAG(s) 'example_short_circuit_operator' retrieved from /home/airflow/.local/lib/python3.12/site-packages/airflow/example_dags/example_short_circuit_operator.py
[2024-08-10T03:36:04.961+0000] {logging_mixin.py:188} INFO - [2024-08-10T03:36:04.960+0000] {dag.py:3089} INFO - Sync 1 DAGs
[2024-08-10T03:36:05.006+0000] {logging_mixin.py:188} INFO - [2024-08-10T03:36:05.006+0000] {dag.py:3947} INFO - Setting next_dagrun for example_short_circuit_operator to 2024-08-09 00:00:00+00:00, run_after=2024-08-10 00:00:00+00:00
[2024-08-10T03:36:05.495+0000] {processor.py:183} INFO - Processing /home/airflow/.local/lib/python3.12/site-packages/airflow/example_dags/example_short_circuit_operator.py took 0.592 seconds
[2024-08-10T03:36:59.192+0000] {processor.py:161} INFO - Started process (PID=1941) to work on /home/airflow/.local/lib/python3.12/site-packages/airflow/example_dags/example_short_circuit_operator.py
[2024-08-10T03:36:59.201+0000] {processor.py:830} INFO - Processing file /home/airflow/.local/lib/python3.12/site-packages/airflow/example_dags/example_short_circuit_operator.py for tasks to queue
[2024-08-10T03:36:59.208+0000] {logging_mixin.py:188} INFO - [2024-08-10T03:36:59.208+0000] {dagbag.py:545} INFO - Filling up the DagBag from /home/airflow/.local/lib/python3.12/site-packages/airflow/example_dags/example_short_circuit_operator.py
[2024-08-10T03:36:59.233+0000] {processor.py:840} INFO - DAG(s) 'example_short_circuit_operator' retrieved from /home/airflow/.local/lib/python3.12/site-packages/airflow/example_dags/example_short_circuit_operator.py
[2024-08-10T03:36:59.384+0000] {logging_mixin.py:188} INFO - [2024-08-10T03:36:59.384+0000] {dag.py:3089} INFO - Sync 1 DAGs
[2024-08-10T03:36:59.488+0000] {logging_mixin.py:188} INFO - [2024-08-10T03:36:59.487+0000] {dag.py:3947} INFO - Setting next_dagrun for example_short_circuit_operator to 2024-08-09 00:00:00+00:00, run_after=2024-08-10 00:00:00+00:00
[2024-08-10T03:37:01.996+0000] {processor.py:183} INFO - Processing /home/airflow/.local/lib/python3.12/site-packages/airflow/example_dags/example_short_circuit_operator.py took 2.812 seconds
[2024-08-10T03:38:12.974+0000] {processor.py:161} INFO - Started process (PID=2011) to work on /home/airflow/.local/lib/python3.12/site-packages/airflow/example_dags/example_short_circuit_operator.py
[2024-08-10T03:38:12.988+0000] {processor.py:830} INFO - Processing file /home/airflow/.local/lib/python3.12/site-packages/airflow/example_dags/example_short_circuit_operator.py for tasks to queue
[2024-08-10T03:38:12.990+0000] {logging_mixin.py:188} INFO - [2024-08-10T03:38:12.990+0000] {dagbag.py:545} INFO - Filling up the DagBag from /home/airflow/.local/lib/python3.12/site-packages/airflow/example_dags/example_short_circuit_operator.py
[2024-08-10T03:38:13.004+0000] {processor.py:840} INFO - DAG(s) 'example_short_circuit_operator' retrieved from /home/airflow/.local/lib/python3.12/site-packages/airflow/example_dags/example_short_circuit_operator.py
[2024-08-10T03:38:13.077+0000] {logging_mixin.py:188} INFO - [2024-08-10T03:38:13.076+0000] {dag.py:3089} INFO - Sync 1 DAGs
[2024-08-10T03:38:13.133+0000] {logging_mixin.py:188} INFO - [2024-08-10T03:38:13.133+0000] {dag.py:3947} INFO - Setting next_dagrun for example_short_circuit_operator to 2024-08-09 00:00:00+00:00, run_after=2024-08-10 00:00:00+00:00
[2024-08-10T03:38:13.261+0000] {processor.py:183} INFO - Processing /home/airflow/.local/lib/python3.12/site-packages/airflow/example_dags/example_short_circuit_operator.py took 0.356 seconds
