[2024-08-10T03:18:07.779+0000] {processor.py:161} INFO - Started process (PID=62) to work on /home/airflow/.local/lib/python3.12/site-packages/airflow/example_dags/example_subdag_operator.py
[2024-08-10T03:18:07.784+0000] {processor.py:830} INFO - Processing file /home/airflow/.local/lib/python3.12/site-packages/airflow/example_dags/example_subdag_operator.py for tasks to queue
[2024-08-10T03:18:07.788+0000] {logging_mixin.py:188} INFO - [2024-08-10T03:18:07.788+0000] {dagbag.py:545} INFO - Filling up the DagBag from /home/airflow/.local/lib/python3.12/site-packages/airflow/example_dags/example_subdag_operator.py
[2024-08-10T03:18:07.840+0000] {processor.py:840} INFO - DAG(s) 'example_subdag_operator.section-1', 'example_subdag_operator.section-2', 'example_subdag_operator' retrieved from /home/airflow/.local/lib/python3.12/site-packages/airflow/example_dags/example_subdag_operator.py
[2024-08-10T03:18:07.903+0000] {logging_mixin.py:188} INFO - [2024-08-10T03:18:07.903+0000] {dag.py:3089} INFO - Sync 3 DAGs
[2024-08-10T03:18:07.948+0000] {logging_mixin.py:188} INFO - [2024-08-10T03:18:07.948+0000] {dag.py:3947} INFO - Setting next_dagrun for example_subdag_operator to 2022-01-01 00:00:00+00:00, run_after=2022-01-01 00:00:00+00:00
[2024-08-10T03:18:07.968+0000] {logging_mixin.py:188} INFO - [2024-08-10T03:18:07.968+0000] {dag.py:3947} INFO - Setting next_dagrun for example_subdag_operator.section-1 to None, run_after=None
[2024-08-10T03:18:07.970+0000] {logging_mixin.py:188} INFO - [2024-08-10T03:18:07.970+0000] {dag.py:3947} INFO - Setting next_dagrun for example_subdag_operator.section-2 to None, run_after=None
[2024-08-10T03:18:07.979+0000] {logging_mixin.py:188} INFO - [2024-08-10T03:18:07.979+0000] {dag.py:3089} INFO - Sync 2 DAGs
[2024-08-10T03:18:07.988+0000] {logging_mixin.py:188} INFO - [2024-08-10T03:18:07.988+0000] {dag.py:3947} INFO - Setting next_dagrun for example_subdag_operator.section-1 to None, run_after=None
[2024-08-10T03:18:07.989+0000] {logging_mixin.py:188} INFO - [2024-08-10T03:18:07.989+0000] {dag.py:3947} INFO - Setting next_dagrun for example_subdag_operator.section-2 to None, run_after=None
[2024-08-10T03:18:08.018+0000] {processor.py:183} INFO - Processing /home/airflow/.local/lib/python3.12/site-packages/airflow/example_dags/example_subdag_operator.py took 0.245 seconds
[2024-08-10T03:18:40.425+0000] {processor.py:161} INFO - Started process (PID=120) to work on /home/airflow/.local/lib/python3.12/site-packages/airflow/example_dags/example_subdag_operator.py
[2024-08-10T03:18:40.433+0000] {processor.py:830} INFO - Processing file /home/airflow/.local/lib/python3.12/site-packages/airflow/example_dags/example_subdag_operator.py for tasks to queue
[2024-08-10T03:18:40.436+0000] {logging_mixin.py:188} INFO - [2024-08-10T03:18:40.435+0000] {dagbag.py:545} INFO - Filling up the DagBag from /home/airflow/.local/lib/python3.12/site-packages/airflow/example_dags/example_subdag_operator.py
[2024-08-10T03:18:40.536+0000] {processor.py:840} INFO - DAG(s) 'example_subdag_operator.section-1', 'example_subdag_operator.section-2', 'example_subdag_operator' retrieved from /home/airflow/.local/lib/python3.12/site-packages/airflow/example_dags/example_subdag_operator.py
[2024-08-10T03:18:40.607+0000] {logging_mixin.py:188} INFO - [2024-08-10T03:18:40.605+0000] {dag.py:3089} INFO - Sync 3 DAGs
[2024-08-10T03:18:40.633+0000] {logging_mixin.py:188} INFO - [2024-08-10T03:18:40.632+0000] {dag.py:3947} INFO - Setting next_dagrun for example_subdag_operator to 2022-01-01 00:00:00+00:00, run_after=2022-01-01 00:00:00+00:00
[2024-08-10T03:18:40.654+0000] {logging_mixin.py:188} INFO - [2024-08-10T03:18:40.654+0000] {dag.py:3947} INFO - Setting next_dagrun for example_subdag_operator.section-1 to None, run_after=None
[2024-08-10T03:18:40.663+0000] {logging_mixin.py:188} INFO - [2024-08-10T03:18:40.663+0000] {dag.py:3947} INFO - Setting next_dagrun for example_subdag_operator.section-2 to None, run_after=None
[2024-08-10T03:18:40.685+0000] {logging_mixin.py:188} INFO - [2024-08-10T03:18:40.684+0000] {dag.py:3089} INFO - Sync 2 DAGs
[2024-08-10T03:18:40.703+0000] {logging_mixin.py:188} INFO - [2024-08-10T03:18:40.703+0000] {dag.py:3947} INFO - Setting next_dagrun for example_subdag_operator.section-1 to None, run_after=None
[2024-08-10T03:18:40.704+0000] {logging_mixin.py:188} INFO - [2024-08-10T03:18:40.704+0000] {dag.py:3947} INFO - Setting next_dagrun for example_subdag_operator.section-2 to None, run_after=None
[2024-08-10T03:18:40.734+0000] {processor.py:183} INFO - Processing /home/airflow/.local/lib/python3.12/site-packages/airflow/example_dags/example_subdag_operator.py took 0.326 seconds
[2024-08-10T03:19:10.959+0000] {processor.py:161} INFO - Started process (PID=178) to work on /home/airflow/.local/lib/python3.12/site-packages/airflow/example_dags/example_subdag_operator.py
[2024-08-10T03:19:10.961+0000] {processor.py:830} INFO - Processing file /home/airflow/.local/lib/python3.12/site-packages/airflow/example_dags/example_subdag_operator.py for tasks to queue
[2024-08-10T03:19:10.963+0000] {logging_mixin.py:188} INFO - [2024-08-10T03:19:10.963+0000] {dagbag.py:545} INFO - Filling up the DagBag from /home/airflow/.local/lib/python3.12/site-packages/airflow/example_dags/example_subdag_operator.py
[2024-08-10T03:19:10.996+0000] {processor.py:840} INFO - DAG(s) 'example_subdag_operator.section-1', 'example_subdag_operator.section-2', 'example_subdag_operator' retrieved from /home/airflow/.local/lib/python3.12/site-packages/airflow/example_dags/example_subdag_operator.py
[2024-08-10T03:19:11.017+0000] {logging_mixin.py:188} INFO - [2024-08-10T03:19:11.017+0000] {dag.py:3089} INFO - Sync 3 DAGs
[2024-08-10T03:19:11.044+0000] {logging_mixin.py:188} INFO - [2024-08-10T03:19:11.043+0000] {dag.py:3947} INFO - Setting next_dagrun for example_subdag_operator to 2022-01-01 00:00:00+00:00, run_after=2022-01-01 00:00:00+00:00
[2024-08-10T03:19:11.048+0000] {logging_mixin.py:188} INFO - [2024-08-10T03:19:11.048+0000] {dag.py:3947} INFO - Setting next_dagrun for example_subdag_operator.section-1 to None, run_after=None
[2024-08-10T03:19:11.050+0000] {logging_mixin.py:188} INFO - [2024-08-10T03:19:11.050+0000] {dag.py:3947} INFO - Setting next_dagrun for example_subdag_operator.section-2 to None, run_after=None
[2024-08-10T03:19:11.057+0000] {logging_mixin.py:188} INFO - [2024-08-10T03:19:11.057+0000] {dag.py:3089} INFO - Sync 2 DAGs
[2024-08-10T03:19:11.062+0000] {logging_mixin.py:188} INFO - [2024-08-10T03:19:11.062+0000] {dag.py:3947} INFO - Setting next_dagrun for example_subdag_operator.section-1 to None, run_after=None
[2024-08-10T03:19:11.063+0000] {logging_mixin.py:188} INFO - [2024-08-10T03:19:11.063+0000] {dag.py:3947} INFO - Setting next_dagrun for example_subdag_operator.section-2 to None, run_after=None
[2024-08-10T03:19:11.078+0000] {processor.py:183} INFO - Processing /home/airflow/.local/lib/python3.12/site-packages/airflow/example_dags/example_subdag_operator.py took 0.124 seconds
[2024-08-10T03:19:41.837+0000] {processor.py:161} INFO - Started process (PID=238) to work on /home/airflow/.local/lib/python3.12/site-packages/airflow/example_dags/example_subdag_operator.py
[2024-08-10T03:19:41.838+0000] {processor.py:830} INFO - Processing file /home/airflow/.local/lib/python3.12/site-packages/airflow/example_dags/example_subdag_operator.py for tasks to queue
[2024-08-10T03:19:41.841+0000] {logging_mixin.py:188} INFO - [2024-08-10T03:19:41.840+0000] {dagbag.py:545} INFO - Filling up the DagBag from /home/airflow/.local/lib/python3.12/site-packages/airflow/example_dags/example_subdag_operator.py
[2024-08-10T03:19:41.870+0000] {processor.py:840} INFO - DAG(s) 'example_subdag_operator.section-1', 'example_subdag_operator.section-2', 'example_subdag_operator' retrieved from /home/airflow/.local/lib/python3.12/site-packages/airflow/example_dags/example_subdag_operator.py
[2024-08-10T03:19:41.888+0000] {logging_mixin.py:188} INFO - [2024-08-10T03:19:41.887+0000] {dag.py:3089} INFO - Sync 3 DAGs
[2024-08-10T03:19:41.912+0000] {logging_mixin.py:188} INFO - [2024-08-10T03:19:41.912+0000] {dag.py:3947} INFO - Setting next_dagrun for example_subdag_operator to 2022-01-01 00:00:00+00:00, run_after=2022-01-01 00:00:00+00:00
[2024-08-10T03:19:41.916+0000] {logging_mixin.py:188} INFO - [2024-08-10T03:19:41.916+0000] {dag.py:3947} INFO - Setting next_dagrun for example_subdag_operator.section-1 to None, run_after=None
[2024-08-10T03:19:41.918+0000] {logging_mixin.py:188} INFO - [2024-08-10T03:19:41.918+0000] {dag.py:3947} INFO - Setting next_dagrun for example_subdag_operator.section-2 to None, run_after=None
[2024-08-10T03:19:41.926+0000] {logging_mixin.py:188} INFO - [2024-08-10T03:19:41.926+0000] {dag.py:3089} INFO - Sync 2 DAGs
[2024-08-10T03:19:41.931+0000] {logging_mixin.py:188} INFO - [2024-08-10T03:19:41.930+0000] {dag.py:3947} INFO - Setting next_dagrun for example_subdag_operator.section-1 to None, run_after=None
[2024-08-10T03:19:41.931+0000] {logging_mixin.py:188} INFO - [2024-08-10T03:19:41.931+0000] {dag.py:3947} INFO - Setting next_dagrun for example_subdag_operator.section-2 to None, run_after=None
[2024-08-10T03:19:41.948+0000] {processor.py:183} INFO - Processing /home/airflow/.local/lib/python3.12/site-packages/airflow/example_dags/example_subdag_operator.py took 0.117 seconds
[2024-08-10T03:20:12.234+0000] {processor.py:161} INFO - Started process (PID=297) to work on /home/airflow/.local/lib/python3.12/site-packages/airflow/example_dags/example_subdag_operator.py
[2024-08-10T03:20:12.236+0000] {processor.py:830} INFO - Processing file /home/airflow/.local/lib/python3.12/site-packages/airflow/example_dags/example_subdag_operator.py for tasks to queue
[2024-08-10T03:20:12.250+0000] {logging_mixin.py:188} INFO - [2024-08-10T03:20:12.248+0000] {dagbag.py:545} INFO - Filling up the DagBag from /home/airflow/.local/lib/python3.12/site-packages/airflow/example_dags/example_subdag_operator.py
[2024-08-10T03:20:12.434+0000] {processor.py:840} INFO - DAG(s) 'example_subdag_operator.section-1', 'example_subdag_operator.section-2', 'example_subdag_operator' retrieved from /home/airflow/.local/lib/python3.12/site-packages/airflow/example_dags/example_subdag_operator.py
[2024-08-10T03:20:12.573+0000] {logging_mixin.py:188} INFO - [2024-08-10T03:20:12.572+0000] {dag.py:3089} INFO - Sync 3 DAGs
[2024-08-10T03:20:12.696+0000] {logging_mixin.py:188} INFO - [2024-08-10T03:20:12.695+0000] {dag.py:3947} INFO - Setting next_dagrun for example_subdag_operator to 2022-01-01 00:00:00+00:00, run_after=2022-01-01 00:00:00+00:00
[2024-08-10T03:20:12.718+0000] {logging_mixin.py:188} INFO - [2024-08-10T03:20:12.717+0000] {dag.py:3947} INFO - Setting next_dagrun for example_subdag_operator.section-1 to None, run_after=None
[2024-08-10T03:20:12.720+0000] {logging_mixin.py:188} INFO - [2024-08-10T03:20:12.719+0000] {dag.py:3947} INFO - Setting next_dagrun for example_subdag_operator.section-2 to None, run_after=None
[2024-08-10T03:20:12.756+0000] {logging_mixin.py:188} INFO - [2024-08-10T03:20:12.755+0000] {dag.py:3089} INFO - Sync 2 DAGs
[2024-08-10T03:20:12.790+0000] {logging_mixin.py:188} INFO - [2024-08-10T03:20:12.790+0000] {dag.py:3947} INFO - Setting next_dagrun for example_subdag_operator.section-1 to None, run_after=None
[2024-08-10T03:20:12.793+0000] {logging_mixin.py:188} INFO - [2024-08-10T03:20:12.792+0000] {dag.py:3947} INFO - Setting next_dagrun for example_subdag_operator.section-2 to None, run_after=None
[2024-08-10T03:20:12.873+0000] {processor.py:183} INFO - Processing /home/airflow/.local/lib/python3.12/site-packages/airflow/example_dags/example_subdag_operator.py took 0.661 seconds
[2024-08-10T03:20:43.108+0000] {processor.py:161} INFO - Started process (PID=359) to work on /home/airflow/.local/lib/python3.12/site-packages/airflow/example_dags/example_subdag_operator.py
[2024-08-10T03:20:43.110+0000] {processor.py:830} INFO - Processing file /home/airflow/.local/lib/python3.12/site-packages/airflow/example_dags/example_subdag_operator.py for tasks to queue
[2024-08-10T03:20:43.112+0000] {logging_mixin.py:188} INFO - [2024-08-10T03:20:43.112+0000] {dagbag.py:545} INFO - Filling up the DagBag from /home/airflow/.local/lib/python3.12/site-packages/airflow/example_dags/example_subdag_operator.py
[2024-08-10T03:20:43.137+0000] {processor.py:840} INFO - DAG(s) 'example_subdag_operator.section-1', 'example_subdag_operator.section-2', 'example_subdag_operator' retrieved from /home/airflow/.local/lib/python3.12/site-packages/airflow/example_dags/example_subdag_operator.py
[2024-08-10T03:20:43.155+0000] {logging_mixin.py:188} INFO - [2024-08-10T03:20:43.154+0000] {dag.py:3089} INFO - Sync 3 DAGs
[2024-08-10T03:20:43.178+0000] {logging_mixin.py:188} INFO - [2024-08-10T03:20:43.177+0000] {dag.py:3947} INFO - Setting next_dagrun for example_subdag_operator to 2022-01-01 00:00:00+00:00, run_after=2022-01-01 00:00:00+00:00
[2024-08-10T03:20:43.181+0000] {logging_mixin.py:188} INFO - [2024-08-10T03:20:43.181+0000] {dag.py:3947} INFO - Setting next_dagrun for example_subdag_operator.section-1 to None, run_after=None
[2024-08-10T03:20:43.183+0000] {logging_mixin.py:188} INFO - [2024-08-10T03:20:43.183+0000] {dag.py:3947} INFO - Setting next_dagrun for example_subdag_operator.section-2 to None, run_after=None
[2024-08-10T03:20:43.191+0000] {logging_mixin.py:188} INFO - [2024-08-10T03:20:43.191+0000] {dag.py:3089} INFO - Sync 2 DAGs
[2024-08-10T03:20:43.196+0000] {logging_mixin.py:188} INFO - [2024-08-10T03:20:43.196+0000] {dag.py:3947} INFO - Setting next_dagrun for example_subdag_operator.section-1 to None, run_after=None
[2024-08-10T03:20:43.197+0000] {logging_mixin.py:188} INFO - [2024-08-10T03:20:43.196+0000] {dag.py:3947} INFO - Setting next_dagrun for example_subdag_operator.section-2 to None, run_after=None
[2024-08-10T03:20:43.208+0000] {processor.py:183} INFO - Processing /home/airflow/.local/lib/python3.12/site-packages/airflow/example_dags/example_subdag_operator.py took 0.107 seconds
[2024-08-10T03:21:13.332+0000] {processor.py:161} INFO - Started process (PID=418) to work on /home/airflow/.local/lib/python3.12/site-packages/airflow/example_dags/example_subdag_operator.py
[2024-08-10T03:21:13.333+0000] {processor.py:830} INFO - Processing file /home/airflow/.local/lib/python3.12/site-packages/airflow/example_dags/example_subdag_operator.py for tasks to queue
[2024-08-10T03:21:13.335+0000] {logging_mixin.py:188} INFO - [2024-08-10T03:21:13.335+0000] {dagbag.py:545} INFO - Filling up the DagBag from /home/airflow/.local/lib/python3.12/site-packages/airflow/example_dags/example_subdag_operator.py
[2024-08-10T03:21:13.436+0000] {processor.py:840} INFO - DAG(s) 'example_subdag_operator.section-1', 'example_subdag_operator.section-2', 'example_subdag_operator' retrieved from /home/airflow/.local/lib/python3.12/site-packages/airflow/example_dags/example_subdag_operator.py
[2024-08-10T03:21:13.457+0000] {logging_mixin.py:188} INFO - [2024-08-10T03:21:13.457+0000] {dag.py:3089} INFO - Sync 3 DAGs
[2024-08-10T03:21:13.490+0000] {logging_mixin.py:188} INFO - [2024-08-10T03:21:13.489+0000] {dag.py:3947} INFO - Setting next_dagrun for example_subdag_operator to 2022-01-01 00:00:00+00:00, run_after=2022-01-01 00:00:00+00:00
[2024-08-10T03:21:13.494+0000] {logging_mixin.py:188} INFO - [2024-08-10T03:21:13.493+0000] {dag.py:3947} INFO - Setting next_dagrun for example_subdag_operator.section-1 to None, run_after=None
[2024-08-10T03:21:13.495+0000] {logging_mixin.py:188} INFO - [2024-08-10T03:21:13.495+0000] {dag.py:3947} INFO - Setting next_dagrun for example_subdag_operator.section-2 to None, run_after=None
[2024-08-10T03:21:13.505+0000] {logging_mixin.py:188} INFO - [2024-08-10T03:21:13.505+0000] {dag.py:3089} INFO - Sync 2 DAGs
[2024-08-10T03:21:13.512+0000] {logging_mixin.py:188} INFO - [2024-08-10T03:21:13.511+0000] {dag.py:3947} INFO - Setting next_dagrun for example_subdag_operator.section-1 to None, run_after=None
[2024-08-10T03:21:13.512+0000] {logging_mixin.py:188} INFO - [2024-08-10T03:21:13.512+0000] {dag.py:3947} INFO - Setting next_dagrun for example_subdag_operator.section-2 to None, run_after=None
[2024-08-10T03:21:13.530+0000] {processor.py:183} INFO - Processing /home/airflow/.local/lib/python3.12/site-packages/airflow/example_dags/example_subdag_operator.py took 0.204 seconds
[2024-08-10T03:21:44.812+0000] {processor.py:161} INFO - Started process (PID=478) to work on /home/airflow/.local/lib/python3.12/site-packages/airflow/example_dags/example_subdag_operator.py
[2024-08-10T03:21:44.813+0000] {processor.py:830} INFO - Processing file /home/airflow/.local/lib/python3.12/site-packages/airflow/example_dags/example_subdag_operator.py for tasks to queue
[2024-08-10T03:21:44.815+0000] {logging_mixin.py:188} INFO - [2024-08-10T03:21:44.815+0000] {dagbag.py:545} INFO - Filling up the DagBag from /home/airflow/.local/lib/python3.12/site-packages/airflow/example_dags/example_subdag_operator.py
[2024-08-10T03:21:44.838+0000] {processor.py:840} INFO - DAG(s) 'example_subdag_operator.section-1', 'example_subdag_operator.section-2', 'example_subdag_operator' retrieved from /home/airflow/.local/lib/python3.12/site-packages/airflow/example_dags/example_subdag_operator.py
[2024-08-10T03:21:44.856+0000] {logging_mixin.py:188} INFO - [2024-08-10T03:21:44.856+0000] {dag.py:3089} INFO - Sync 3 DAGs
[2024-08-10T03:21:44.881+0000] {logging_mixin.py:188} INFO - [2024-08-10T03:21:44.881+0000] {dag.py:3947} INFO - Setting next_dagrun for example_subdag_operator to 2022-01-01 00:00:00+00:00, run_after=2022-01-01 00:00:00+00:00
[2024-08-10T03:21:44.886+0000] {logging_mixin.py:188} INFO - [2024-08-10T03:21:44.885+0000] {dag.py:3947} INFO - Setting next_dagrun for example_subdag_operator.section-1 to None, run_after=None
[2024-08-10T03:21:44.887+0000] {logging_mixin.py:188} INFO - [2024-08-10T03:21:44.887+0000] {dag.py:3947} INFO - Setting next_dagrun for example_subdag_operator.section-2 to None, run_after=None
[2024-08-10T03:21:44.896+0000] {logging_mixin.py:188} INFO - [2024-08-10T03:21:44.896+0000] {dag.py:3089} INFO - Sync 2 DAGs
[2024-08-10T03:21:44.901+0000] {logging_mixin.py:188} INFO - [2024-08-10T03:21:44.901+0000] {dag.py:3947} INFO - Setting next_dagrun for example_subdag_operator.section-1 to None, run_after=None
[2024-08-10T03:21:44.902+0000] {logging_mixin.py:188} INFO - [2024-08-10T03:21:44.902+0000] {dag.py:3947} INFO - Setting next_dagrun for example_subdag_operator.section-2 to None, run_after=None
[2024-08-10T03:21:44.918+0000] {processor.py:183} INFO - Processing /home/airflow/.local/lib/python3.12/site-packages/airflow/example_dags/example_subdag_operator.py took 0.112 seconds
[2024-08-10T03:22:15.138+0000] {processor.py:161} INFO - Started process (PID=536) to work on /home/airflow/.local/lib/python3.12/site-packages/airflow/example_dags/example_subdag_operator.py
[2024-08-10T03:22:15.140+0000] {processor.py:830} INFO - Processing file /home/airflow/.local/lib/python3.12/site-packages/airflow/example_dags/example_subdag_operator.py for tasks to queue
[2024-08-10T03:22:15.143+0000] {logging_mixin.py:188} INFO - [2024-08-10T03:22:15.142+0000] {dagbag.py:545} INFO - Filling up the DagBag from /home/airflow/.local/lib/python3.12/site-packages/airflow/example_dags/example_subdag_operator.py
[2024-08-10T03:22:15.200+0000] {processor.py:840} INFO - DAG(s) 'example_subdag_operator.section-1', 'example_subdag_operator.section-2', 'example_subdag_operator' retrieved from /home/airflow/.local/lib/python3.12/site-packages/airflow/example_dags/example_subdag_operator.py
[2024-08-10T03:22:15.251+0000] {logging_mixin.py:188} INFO - [2024-08-10T03:22:15.250+0000] {dag.py:3089} INFO - Sync 3 DAGs
[2024-08-10T03:22:15.301+0000] {logging_mixin.py:188} INFO - [2024-08-10T03:22:15.300+0000] {dag.py:3947} INFO - Setting next_dagrun for example_subdag_operator to 2022-01-01 00:00:00+00:00, run_after=2022-01-01 00:00:00+00:00
[2024-08-10T03:22:15.311+0000] {logging_mixin.py:188} INFO - [2024-08-10T03:22:15.311+0000] {dag.py:3947} INFO - Setting next_dagrun for example_subdag_operator.section-1 to None, run_after=None
[2024-08-10T03:22:15.312+0000] {logging_mixin.py:188} INFO - [2024-08-10T03:22:15.312+0000] {dag.py:3947} INFO - Setting next_dagrun for example_subdag_operator.section-2 to None, run_after=None
[2024-08-10T03:22:15.332+0000] {logging_mixin.py:188} INFO - [2024-08-10T03:22:15.332+0000] {dag.py:3089} INFO - Sync 2 DAGs
[2024-08-10T03:22:15.342+0000] {logging_mixin.py:188} INFO - [2024-08-10T03:22:15.342+0000] {dag.py:3947} INFO - Setting next_dagrun for example_subdag_operator.section-1 to None, run_after=None
[2024-08-10T03:22:15.343+0000] {logging_mixin.py:188} INFO - [2024-08-10T03:22:15.343+0000] {dag.py:3947} INFO - Setting next_dagrun for example_subdag_operator.section-2 to None, run_after=None
[2024-08-10T03:22:15.398+0000] {processor.py:183} INFO - Processing /home/airflow/.local/lib/python3.12/site-packages/airflow/example_dags/example_subdag_operator.py took 0.265 seconds
[2024-08-10T03:22:45.451+0000] {processor.py:161} INFO - Started process (PID=595) to work on /home/airflow/.local/lib/python3.12/site-packages/airflow/example_dags/example_subdag_operator.py
[2024-08-10T03:22:45.455+0000] {processor.py:830} INFO - Processing file /home/airflow/.local/lib/python3.12/site-packages/airflow/example_dags/example_subdag_operator.py for tasks to queue
[2024-08-10T03:22:45.457+0000] {logging_mixin.py:188} INFO - [2024-08-10T03:22:45.457+0000] {dagbag.py:545} INFO - Filling up the DagBag from /home/airflow/.local/lib/python3.12/site-packages/airflow/example_dags/example_subdag_operator.py
[2024-08-10T03:22:45.498+0000] {processor.py:840} INFO - DAG(s) 'example_subdag_operator.section-1', 'example_subdag_operator.section-2', 'example_subdag_operator' retrieved from /home/airflow/.local/lib/python3.12/site-packages/airflow/example_dags/example_subdag_operator.py
[2024-08-10T03:22:45.526+0000] {logging_mixin.py:188} INFO - [2024-08-10T03:22:45.526+0000] {dag.py:3089} INFO - Sync 3 DAGs
[2024-08-10T03:22:45.551+0000] {logging_mixin.py:188} INFO - [2024-08-10T03:22:45.551+0000] {dag.py:3947} INFO - Setting next_dagrun for example_subdag_operator to 2022-01-01 00:00:00+00:00, run_after=2022-01-01 00:00:00+00:00
[2024-08-10T03:22:45.555+0000] {logging_mixin.py:188} INFO - [2024-08-10T03:22:45.555+0000] {dag.py:3947} INFO - Setting next_dagrun for example_subdag_operator.section-1 to None, run_after=None
[2024-08-10T03:22:45.557+0000] {logging_mixin.py:188} INFO - [2024-08-10T03:22:45.557+0000] {dag.py:3947} INFO - Setting next_dagrun for example_subdag_operator.section-2 to None, run_after=None
[2024-08-10T03:22:45.567+0000] {logging_mixin.py:188} INFO - [2024-08-10T03:22:45.567+0000] {dag.py:3089} INFO - Sync 2 DAGs
[2024-08-10T03:22:45.576+0000] {logging_mixin.py:188} INFO - [2024-08-10T03:22:45.575+0000] {dag.py:3947} INFO - Setting next_dagrun for example_subdag_operator.section-1 to None, run_after=None
[2024-08-10T03:22:45.577+0000] {logging_mixin.py:188} INFO - [2024-08-10T03:22:45.577+0000] {dag.py:3947} INFO - Setting next_dagrun for example_subdag_operator.section-2 to None, run_after=None
[2024-08-10T03:22:45.602+0000] {processor.py:183} INFO - Processing /home/airflow/.local/lib/python3.12/site-packages/airflow/example_dags/example_subdag_operator.py took 0.158 seconds
[2024-08-10T03:23:15.949+0000] {processor.py:161} INFO - Started process (PID=655) to work on /home/airflow/.local/lib/python3.12/site-packages/airflow/example_dags/example_subdag_operator.py
[2024-08-10T03:23:15.950+0000] {processor.py:830} INFO - Processing file /home/airflow/.local/lib/python3.12/site-packages/airflow/example_dags/example_subdag_operator.py for tasks to queue
[2024-08-10T03:23:15.953+0000] {logging_mixin.py:188} INFO - [2024-08-10T03:23:15.953+0000] {dagbag.py:545} INFO - Filling up the DagBag from /home/airflow/.local/lib/python3.12/site-packages/airflow/example_dags/example_subdag_operator.py
[2024-08-10T03:23:16.030+0000] {processor.py:840} INFO - DAG(s) 'example_subdag_operator.section-1', 'example_subdag_operator.section-2', 'example_subdag_operator' retrieved from /home/airflow/.local/lib/python3.12/site-packages/airflow/example_dags/example_subdag_operator.py
[2024-08-10T03:23:16.075+0000] {logging_mixin.py:188} INFO - [2024-08-10T03:23:16.075+0000] {dag.py:3089} INFO - Sync 3 DAGs
[2024-08-10T03:23:16.131+0000] {logging_mixin.py:188} INFO - [2024-08-10T03:23:16.130+0000] {dag.py:3947} INFO - Setting next_dagrun for example_subdag_operator to 2022-01-01 00:00:00+00:00, run_after=2022-01-01 00:00:00+00:00
[2024-08-10T03:23:16.146+0000] {logging_mixin.py:188} INFO - [2024-08-10T03:23:16.146+0000] {dag.py:3947} INFO - Setting next_dagrun for example_subdag_operator.section-1 to None, run_after=None
[2024-08-10T03:23:16.155+0000] {logging_mixin.py:188} INFO - [2024-08-10T03:23:16.155+0000] {dag.py:3947} INFO - Setting next_dagrun for example_subdag_operator.section-2 to None, run_after=None
[2024-08-10T03:23:16.172+0000] {logging_mixin.py:188} INFO - [2024-08-10T03:23:16.171+0000] {dag.py:3089} INFO - Sync 2 DAGs
[2024-08-10T03:23:16.186+0000] {logging_mixin.py:188} INFO - [2024-08-10T03:23:16.186+0000] {dag.py:3947} INFO - Setting next_dagrun for example_subdag_operator.section-1 to None, run_after=None
[2024-08-10T03:23:16.187+0000] {logging_mixin.py:188} INFO - [2024-08-10T03:23:16.187+0000] {dag.py:3947} INFO - Setting next_dagrun for example_subdag_operator.section-2 to None, run_after=None
[2024-08-10T03:23:16.223+0000] {processor.py:183} INFO - Processing /home/airflow/.local/lib/python3.12/site-packages/airflow/example_dags/example_subdag_operator.py took 0.294 seconds
[2024-08-10T03:23:46.336+0000] {processor.py:161} INFO - Started process (PID=715) to work on /home/airflow/.local/lib/python3.12/site-packages/airflow/example_dags/example_subdag_operator.py
[2024-08-10T03:23:46.338+0000] {processor.py:830} INFO - Processing file /home/airflow/.local/lib/python3.12/site-packages/airflow/example_dags/example_subdag_operator.py for tasks to queue
[2024-08-10T03:23:46.340+0000] {logging_mixin.py:188} INFO - [2024-08-10T03:23:46.339+0000] {dagbag.py:545} INFO - Filling up the DagBag from /home/airflow/.local/lib/python3.12/site-packages/airflow/example_dags/example_subdag_operator.py
[2024-08-10T03:23:46.361+0000] {processor.py:840} INFO - DAG(s) 'example_subdag_operator.section-1', 'example_subdag_operator.section-2', 'example_subdag_operator' retrieved from /home/airflow/.local/lib/python3.12/site-packages/airflow/example_dags/example_subdag_operator.py
[2024-08-10T03:23:46.376+0000] {logging_mixin.py:188} INFO - [2024-08-10T03:23:46.376+0000] {dag.py:3089} INFO - Sync 3 DAGs
[2024-08-10T03:23:46.396+0000] {logging_mixin.py:188} INFO - [2024-08-10T03:23:46.395+0000] {dag.py:3947} INFO - Setting next_dagrun for example_subdag_operator to 2022-01-01 00:00:00+00:00, run_after=2022-01-01 00:00:00+00:00
[2024-08-10T03:23:46.400+0000] {logging_mixin.py:188} INFO - [2024-08-10T03:23:46.400+0000] {dag.py:3947} INFO - Setting next_dagrun for example_subdag_operator.section-1 to None, run_after=None
[2024-08-10T03:23:46.401+0000] {logging_mixin.py:188} INFO - [2024-08-10T03:23:46.401+0000] {dag.py:3947} INFO - Setting next_dagrun for example_subdag_operator.section-2 to None, run_after=None
[2024-08-10T03:23:46.408+0000] {logging_mixin.py:188} INFO - [2024-08-10T03:23:46.408+0000] {dag.py:3089} INFO - Sync 2 DAGs
[2024-08-10T03:23:46.413+0000] {logging_mixin.py:188} INFO - [2024-08-10T03:23:46.412+0000] {dag.py:3947} INFO - Setting next_dagrun for example_subdag_operator.section-1 to None, run_after=None
[2024-08-10T03:23:46.414+0000] {logging_mixin.py:188} INFO - [2024-08-10T03:23:46.413+0000] {dag.py:3947} INFO - Setting next_dagrun for example_subdag_operator.section-2 to None, run_after=None
[2024-08-10T03:23:46.427+0000] {processor.py:183} INFO - Processing /home/airflow/.local/lib/python3.12/site-packages/airflow/example_dags/example_subdag_operator.py took 0.096 seconds
[2024-08-10T03:24:17.057+0000] {processor.py:161} INFO - Started process (PID=776) to work on /home/airflow/.local/lib/python3.12/site-packages/airflow/example_dags/example_subdag_operator.py
[2024-08-10T03:24:17.083+0000] {processor.py:830} INFO - Processing file /home/airflow/.local/lib/python3.12/site-packages/airflow/example_dags/example_subdag_operator.py for tasks to queue
[2024-08-10T03:24:17.085+0000] {logging_mixin.py:188} INFO - [2024-08-10T03:24:17.085+0000] {dagbag.py:545} INFO - Filling up the DagBag from /home/airflow/.local/lib/python3.12/site-packages/airflow/example_dags/example_subdag_operator.py
[2024-08-10T03:24:17.111+0000] {processor.py:840} INFO - DAG(s) 'example_subdag_operator.section-1', 'example_subdag_operator.section-2', 'example_subdag_operator' retrieved from /home/airflow/.local/lib/python3.12/site-packages/airflow/example_dags/example_subdag_operator.py
[2024-08-10T03:24:17.128+0000] {logging_mixin.py:188} INFO - [2024-08-10T03:24:17.127+0000] {dag.py:3089} INFO - Sync 3 DAGs
[2024-08-10T03:24:17.154+0000] {logging_mixin.py:188} INFO - [2024-08-10T03:24:17.153+0000] {dag.py:3947} INFO - Setting next_dagrun for example_subdag_operator to 2022-01-01 00:00:00+00:00, run_after=2022-01-01 00:00:00+00:00
[2024-08-10T03:24:17.158+0000] {logging_mixin.py:188} INFO - [2024-08-10T03:24:17.157+0000] {dag.py:3947} INFO - Setting next_dagrun for example_subdag_operator.section-1 to None, run_after=None
[2024-08-10T03:24:17.159+0000] {logging_mixin.py:188} INFO - [2024-08-10T03:24:17.159+0000] {dag.py:3947} INFO - Setting next_dagrun for example_subdag_operator.section-2 to None, run_after=None
[2024-08-10T03:24:17.168+0000] {logging_mixin.py:188} INFO - [2024-08-10T03:24:17.168+0000] {dag.py:3089} INFO - Sync 2 DAGs
[2024-08-10T03:24:17.174+0000] {logging_mixin.py:188} INFO - [2024-08-10T03:24:17.173+0000] {dag.py:3947} INFO - Setting next_dagrun for example_subdag_operator.section-1 to None, run_after=None
[2024-08-10T03:24:17.174+0000] {logging_mixin.py:188} INFO - [2024-08-10T03:24:17.174+0000] {dag.py:3947} INFO - Setting next_dagrun for example_subdag_operator.section-2 to None, run_after=None
[2024-08-10T03:24:17.191+0000] {processor.py:183} INFO - Processing /home/airflow/.local/lib/python3.12/site-packages/airflow/example_dags/example_subdag_operator.py took 0.143 seconds
[2024-08-10T03:24:47.237+0000] {processor.py:161} INFO - Started process (PID=836) to work on /home/airflow/.local/lib/python3.12/site-packages/airflow/example_dags/example_subdag_operator.py
[2024-08-10T03:24:47.238+0000] {processor.py:830} INFO - Processing file /home/airflow/.local/lib/python3.12/site-packages/airflow/example_dags/example_subdag_operator.py for tasks to queue
[2024-08-10T03:24:47.240+0000] {logging_mixin.py:188} INFO - [2024-08-10T03:24:47.240+0000] {dagbag.py:545} INFO - Filling up the DagBag from /home/airflow/.local/lib/python3.12/site-packages/airflow/example_dags/example_subdag_operator.py
[2024-08-10T03:24:47.262+0000] {processor.py:840} INFO - DAG(s) 'example_subdag_operator.section-1', 'example_subdag_operator.section-2', 'example_subdag_operator' retrieved from /home/airflow/.local/lib/python3.12/site-packages/airflow/example_dags/example_subdag_operator.py
[2024-08-10T03:24:47.279+0000] {logging_mixin.py:188} INFO - [2024-08-10T03:24:47.279+0000] {dag.py:3089} INFO - Sync 3 DAGs
[2024-08-10T03:24:47.303+0000] {logging_mixin.py:188} INFO - [2024-08-10T03:24:47.303+0000] {dag.py:3947} INFO - Setting next_dagrun for example_subdag_operator to 2022-01-01 00:00:00+00:00, run_after=2022-01-01 00:00:00+00:00
[2024-08-10T03:24:47.307+0000] {logging_mixin.py:188} INFO - [2024-08-10T03:24:47.307+0000] {dag.py:3947} INFO - Setting next_dagrun for example_subdag_operator.section-1 to None, run_after=None
[2024-08-10T03:24:47.312+0000] {logging_mixin.py:188} INFO - [2024-08-10T03:24:47.311+0000] {dag.py:3947} INFO - Setting next_dagrun for example_subdag_operator.section-2 to None, run_after=None
[2024-08-10T03:24:47.322+0000] {logging_mixin.py:188} INFO - [2024-08-10T03:24:47.321+0000] {dag.py:3089} INFO - Sync 2 DAGs
[2024-08-10T03:24:47.332+0000] {logging_mixin.py:188} INFO - [2024-08-10T03:24:47.331+0000] {dag.py:3947} INFO - Setting next_dagrun for example_subdag_operator.section-1 to None, run_after=None
[2024-08-10T03:24:47.332+0000] {logging_mixin.py:188} INFO - [2024-08-10T03:24:47.332+0000] {dag.py:3947} INFO - Setting next_dagrun for example_subdag_operator.section-2 to None, run_after=None
[2024-08-10T03:24:47.350+0000] {processor.py:183} INFO - Processing /home/airflow/.local/lib/python3.12/site-packages/airflow/example_dags/example_subdag_operator.py took 0.119 seconds
[2024-08-10T03:25:18.026+0000] {processor.py:161} INFO - Started process (PID=895) to work on /home/airflow/.local/lib/python3.12/site-packages/airflow/example_dags/example_subdag_operator.py
[2024-08-10T03:25:18.027+0000] {processor.py:830} INFO - Processing file /home/airflow/.local/lib/python3.12/site-packages/airflow/example_dags/example_subdag_operator.py for tasks to queue
[2024-08-10T03:25:18.030+0000] {logging_mixin.py:188} INFO - [2024-08-10T03:25:18.029+0000] {dagbag.py:545} INFO - Filling up the DagBag from /home/airflow/.local/lib/python3.12/site-packages/airflow/example_dags/example_subdag_operator.py
[2024-08-10T03:25:18.057+0000] {processor.py:840} INFO - DAG(s) 'example_subdag_operator.section-1', 'example_subdag_operator.section-2', 'example_subdag_operator' retrieved from /home/airflow/.local/lib/python3.12/site-packages/airflow/example_dags/example_subdag_operator.py
[2024-08-10T03:25:18.084+0000] {logging_mixin.py:188} INFO - [2024-08-10T03:25:18.083+0000] {dag.py:3089} INFO - Sync 3 DAGs
[2024-08-10T03:25:18.115+0000] {logging_mixin.py:188} INFO - [2024-08-10T03:25:18.115+0000] {dag.py:3947} INFO - Setting next_dagrun for example_subdag_operator to 2022-01-01 00:00:00+00:00, run_after=2022-01-01 00:00:00+00:00
[2024-08-10T03:25:18.122+0000] {logging_mixin.py:188} INFO - [2024-08-10T03:25:18.120+0000] {dag.py:3947} INFO - Setting next_dagrun for example_subdag_operator.section-1 to None, run_after=None
[2024-08-10T03:25:18.124+0000] {logging_mixin.py:188} INFO - [2024-08-10T03:25:18.124+0000] {dag.py:3947} INFO - Setting next_dagrun for example_subdag_operator.section-2 to None, run_after=None
[2024-08-10T03:25:18.135+0000] {logging_mixin.py:188} INFO - [2024-08-10T03:25:18.135+0000] {dag.py:3089} INFO - Sync 2 DAGs
[2024-08-10T03:25:18.144+0000] {logging_mixin.py:188} INFO - [2024-08-10T03:25:18.144+0000] {dag.py:3947} INFO - Setting next_dagrun for example_subdag_operator.section-1 to None, run_after=None
[2024-08-10T03:25:18.145+0000] {logging_mixin.py:188} INFO - [2024-08-10T03:25:18.145+0000] {dag.py:3947} INFO - Setting next_dagrun for example_subdag_operator.section-2 to None, run_after=None
[2024-08-10T03:25:18.211+0000] {processor.py:183} INFO - Processing /home/airflow/.local/lib/python3.12/site-packages/airflow/example_dags/example_subdag_operator.py took 0.197 seconds
[2024-08-10T03:25:48.403+0000] {processor.py:161} INFO - Started process (PID=955) to work on /home/airflow/.local/lib/python3.12/site-packages/airflow/example_dags/example_subdag_operator.py
[2024-08-10T03:25:48.405+0000] {processor.py:830} INFO - Processing file /home/airflow/.local/lib/python3.12/site-packages/airflow/example_dags/example_subdag_operator.py for tasks to queue
[2024-08-10T03:25:48.407+0000] {logging_mixin.py:188} INFO - [2024-08-10T03:25:48.407+0000] {dagbag.py:545} INFO - Filling up the DagBag from /home/airflow/.local/lib/python3.12/site-packages/airflow/example_dags/example_subdag_operator.py
[2024-08-10T03:25:48.437+0000] {processor.py:840} INFO - DAG(s) 'example_subdag_operator.section-1', 'example_subdag_operator.section-2', 'example_subdag_operator' retrieved from /home/airflow/.local/lib/python3.12/site-packages/airflow/example_dags/example_subdag_operator.py
[2024-08-10T03:25:48.453+0000] {logging_mixin.py:188} INFO - [2024-08-10T03:25:48.452+0000] {dag.py:3089} INFO - Sync 3 DAGs
[2024-08-10T03:25:48.483+0000] {logging_mixin.py:188} INFO - [2024-08-10T03:25:48.482+0000] {dag.py:3947} INFO - Setting next_dagrun for example_subdag_operator to 2022-01-01 00:00:00+00:00, run_after=2022-01-01 00:00:00+00:00
[2024-08-10T03:25:48.488+0000] {logging_mixin.py:188} INFO - [2024-08-10T03:25:48.488+0000] {dag.py:3947} INFO - Setting next_dagrun for example_subdag_operator.section-1 to None, run_after=None
[2024-08-10T03:25:48.491+0000] {logging_mixin.py:188} INFO - [2024-08-10T03:25:48.491+0000] {dag.py:3947} INFO - Setting next_dagrun for example_subdag_operator.section-2 to None, run_after=None
[2024-08-10T03:25:48.504+0000] {logging_mixin.py:188} INFO - [2024-08-10T03:25:48.504+0000] {dag.py:3089} INFO - Sync 2 DAGs
[2024-08-10T03:25:48.513+0000] {logging_mixin.py:188} INFO - [2024-08-10T03:25:48.512+0000] {dag.py:3947} INFO - Setting next_dagrun for example_subdag_operator.section-1 to None, run_after=None
[2024-08-10T03:25:48.513+0000] {logging_mixin.py:188} INFO - [2024-08-10T03:25:48.513+0000] {dag.py:3947} INFO - Setting next_dagrun for example_subdag_operator.section-2 to None, run_after=None
[2024-08-10T03:25:48.528+0000] {processor.py:183} INFO - Processing /home/airflow/.local/lib/python3.12/site-packages/airflow/example_dags/example_subdag_operator.py took 0.146 seconds
[2024-08-10T03:26:19.472+0000] {processor.py:161} INFO - Started process (PID=1015) to work on /home/airflow/.local/lib/python3.12/site-packages/airflow/example_dags/example_subdag_operator.py
[2024-08-10T03:26:19.473+0000] {processor.py:830} INFO - Processing file /home/airflow/.local/lib/python3.12/site-packages/airflow/example_dags/example_subdag_operator.py for tasks to queue
[2024-08-10T03:26:19.475+0000] {logging_mixin.py:188} INFO - [2024-08-10T03:26:19.474+0000] {dagbag.py:545} INFO - Filling up the DagBag from /home/airflow/.local/lib/python3.12/site-packages/airflow/example_dags/example_subdag_operator.py
[2024-08-10T03:26:19.496+0000] {processor.py:840} INFO - DAG(s) 'example_subdag_operator.section-1', 'example_subdag_operator.section-2', 'example_subdag_operator' retrieved from /home/airflow/.local/lib/python3.12/site-packages/airflow/example_dags/example_subdag_operator.py
[2024-08-10T03:26:19.513+0000] {logging_mixin.py:188} INFO - [2024-08-10T03:26:19.512+0000] {dag.py:3089} INFO - Sync 3 DAGs
[2024-08-10T03:26:19.534+0000] {logging_mixin.py:188} INFO - [2024-08-10T03:26:19.534+0000] {dag.py:3947} INFO - Setting next_dagrun for example_subdag_operator to 2022-01-01 00:00:00+00:00, run_after=2022-01-01 00:00:00+00:00
[2024-08-10T03:26:19.539+0000] {logging_mixin.py:188} INFO - [2024-08-10T03:26:19.539+0000] {dag.py:3947} INFO - Setting next_dagrun for example_subdag_operator.section-1 to None, run_after=None
[2024-08-10T03:26:19.541+0000] {logging_mixin.py:188} INFO - [2024-08-10T03:26:19.541+0000] {dag.py:3947} INFO - Setting next_dagrun for example_subdag_operator.section-2 to None, run_after=None
[2024-08-10T03:26:19.552+0000] {logging_mixin.py:188} INFO - [2024-08-10T03:26:19.552+0000] {dag.py:3089} INFO - Sync 2 DAGs
[2024-08-10T03:26:19.557+0000] {logging_mixin.py:188} INFO - [2024-08-10T03:26:19.556+0000] {dag.py:3947} INFO - Setting next_dagrun for example_subdag_operator.section-1 to None, run_after=None
[2024-08-10T03:26:19.557+0000] {logging_mixin.py:188} INFO - [2024-08-10T03:26:19.557+0000] {dag.py:3947} INFO - Setting next_dagrun for example_subdag_operator.section-2 to None, run_after=None
[2024-08-10T03:26:19.586+0000] {processor.py:183} INFO - Processing /home/airflow/.local/lib/python3.12/site-packages/airflow/example_dags/example_subdag_operator.py took 0.120 seconds
[2024-08-10T03:26:49.711+0000] {processor.py:161} INFO - Started process (PID=1075) to work on /home/airflow/.local/lib/python3.12/site-packages/airflow/example_dags/example_subdag_operator.py
[2024-08-10T03:26:49.721+0000] {processor.py:830} INFO - Processing file /home/airflow/.local/lib/python3.12/site-packages/airflow/example_dags/example_subdag_operator.py for tasks to queue
[2024-08-10T03:26:49.724+0000] {logging_mixin.py:188} INFO - [2024-08-10T03:26:49.723+0000] {dagbag.py:545} INFO - Filling up the DagBag from /home/airflow/.local/lib/python3.12/site-packages/airflow/example_dags/example_subdag_operator.py
[2024-08-10T03:26:49.808+0000] {processor.py:840} INFO - DAG(s) 'example_subdag_operator.section-1', 'example_subdag_operator.section-2', 'example_subdag_operator' retrieved from /home/airflow/.local/lib/python3.12/site-packages/airflow/example_dags/example_subdag_operator.py
[2024-08-10T03:26:49.844+0000] {logging_mixin.py:188} INFO - [2024-08-10T03:26:49.843+0000] {dag.py:3089} INFO - Sync 3 DAGs
[2024-08-10T03:26:49.888+0000] {logging_mixin.py:188} INFO - [2024-08-10T03:26:49.887+0000] {dag.py:3947} INFO - Setting next_dagrun for example_subdag_operator to 2022-01-01 00:00:00+00:00, run_after=2022-01-01 00:00:00+00:00
[2024-08-10T03:26:49.912+0000] {logging_mixin.py:188} INFO - [2024-08-10T03:26:49.911+0000] {dag.py:3947} INFO - Setting next_dagrun for example_subdag_operator.section-1 to None, run_after=None
[2024-08-10T03:26:49.927+0000] {logging_mixin.py:188} INFO - [2024-08-10T03:26:49.927+0000] {dag.py:3947} INFO - Setting next_dagrun for example_subdag_operator.section-2 to None, run_after=None
[2024-08-10T03:26:49.958+0000] {logging_mixin.py:188} INFO - [2024-08-10T03:26:49.957+0000] {dag.py:3089} INFO - Sync 2 DAGs
[2024-08-10T03:26:49.983+0000] {logging_mixin.py:188} INFO - [2024-08-10T03:26:49.983+0000] {dag.py:3947} INFO - Setting next_dagrun for example_subdag_operator.section-1 to None, run_after=None
[2024-08-10T03:26:49.984+0000] {logging_mixin.py:188} INFO - [2024-08-10T03:26:49.984+0000] {dag.py:3947} INFO - Setting next_dagrun for example_subdag_operator.section-2 to None, run_after=None
[2024-08-10T03:26:50.044+0000] {processor.py:183} INFO - Processing /home/airflow/.local/lib/python3.12/site-packages/airflow/example_dags/example_subdag_operator.py took 0.339 seconds
[2024-08-10T03:27:20.790+0000] {processor.py:161} INFO - Started process (PID=1135) to work on /home/airflow/.local/lib/python3.12/site-packages/airflow/example_dags/example_subdag_operator.py
[2024-08-10T03:27:20.791+0000] {processor.py:830} INFO - Processing file /home/airflow/.local/lib/python3.12/site-packages/airflow/example_dags/example_subdag_operator.py for tasks to queue
[2024-08-10T03:27:20.794+0000] {logging_mixin.py:188} INFO - [2024-08-10T03:27:20.793+0000] {dagbag.py:545} INFO - Filling up the DagBag from /home/airflow/.local/lib/python3.12/site-packages/airflow/example_dags/example_subdag_operator.py
[2024-08-10T03:27:20.817+0000] {processor.py:840} INFO - DAG(s) 'example_subdag_operator.section-1', 'example_subdag_operator.section-2', 'example_subdag_operator' retrieved from /home/airflow/.local/lib/python3.12/site-packages/airflow/example_dags/example_subdag_operator.py
[2024-08-10T03:27:20.834+0000] {logging_mixin.py:188} INFO - [2024-08-10T03:27:20.833+0000] {dag.py:3089} INFO - Sync 3 DAGs
[2024-08-10T03:27:20.859+0000] {logging_mixin.py:188} INFO - [2024-08-10T03:27:20.859+0000] {dag.py:3947} INFO - Setting next_dagrun for example_subdag_operator to 2022-01-01 00:00:00+00:00, run_after=2022-01-01 00:00:00+00:00
[2024-08-10T03:27:20.864+0000] {logging_mixin.py:188} INFO - [2024-08-10T03:27:20.864+0000] {dag.py:3947} INFO - Setting next_dagrun for example_subdag_operator.section-1 to None, run_after=None
[2024-08-10T03:27:20.865+0000] {logging_mixin.py:188} INFO - [2024-08-10T03:27:20.865+0000] {dag.py:3947} INFO - Setting next_dagrun for example_subdag_operator.section-2 to None, run_after=None
[2024-08-10T03:27:20.873+0000] {logging_mixin.py:188} INFO - [2024-08-10T03:27:20.872+0000] {dag.py:3089} INFO - Sync 2 DAGs
[2024-08-10T03:27:20.878+0000] {logging_mixin.py:188} INFO - [2024-08-10T03:27:20.878+0000] {dag.py:3947} INFO - Setting next_dagrun for example_subdag_operator.section-1 to None, run_after=None
[2024-08-10T03:27:20.879+0000] {logging_mixin.py:188} INFO - [2024-08-10T03:27:20.879+0000] {dag.py:3947} INFO - Setting next_dagrun for example_subdag_operator.section-2 to None, run_after=None
[2024-08-10T03:27:20.896+0000] {processor.py:183} INFO - Processing /home/airflow/.local/lib/python3.12/site-packages/airflow/example_dags/example_subdag_operator.py took 0.114 seconds
[2024-08-10T03:27:51.066+0000] {processor.py:161} INFO - Started process (PID=1195) to work on /home/airflow/.local/lib/python3.12/site-packages/airflow/example_dags/example_subdag_operator.py
[2024-08-10T03:27:51.067+0000] {processor.py:830} INFO - Processing file /home/airflow/.local/lib/python3.12/site-packages/airflow/example_dags/example_subdag_operator.py for tasks to queue
[2024-08-10T03:27:51.069+0000] {logging_mixin.py:188} INFO - [2024-08-10T03:27:51.069+0000] {dagbag.py:545} INFO - Filling up the DagBag from /home/airflow/.local/lib/python3.12/site-packages/airflow/example_dags/example_subdag_operator.py
[2024-08-10T03:27:51.096+0000] {processor.py:840} INFO - DAG(s) 'example_subdag_operator.section-1', 'example_subdag_operator.section-2', 'example_subdag_operator' retrieved from /home/airflow/.local/lib/python3.12/site-packages/airflow/example_dags/example_subdag_operator.py
[2024-08-10T03:27:51.115+0000] {logging_mixin.py:188} INFO - [2024-08-10T03:27:51.115+0000] {dag.py:3089} INFO - Sync 3 DAGs
[2024-08-10T03:27:51.141+0000] {logging_mixin.py:188} INFO - [2024-08-10T03:27:51.141+0000] {dag.py:3947} INFO - Setting next_dagrun for example_subdag_operator to 2022-01-01 00:00:00+00:00, run_after=2022-01-01 00:00:00+00:00
[2024-08-10T03:27:51.146+0000] {logging_mixin.py:188} INFO - [2024-08-10T03:27:51.146+0000] {dag.py:3947} INFO - Setting next_dagrun for example_subdag_operator.section-1 to None, run_after=None
[2024-08-10T03:27:51.148+0000] {logging_mixin.py:188} INFO - [2024-08-10T03:27:51.148+0000] {dag.py:3947} INFO - Setting next_dagrun for example_subdag_operator.section-2 to None, run_after=None
[2024-08-10T03:27:51.159+0000] {logging_mixin.py:188} INFO - [2024-08-10T03:27:51.159+0000] {dag.py:3089} INFO - Sync 2 DAGs
[2024-08-10T03:27:51.165+0000] {logging_mixin.py:188} INFO - [2024-08-10T03:27:51.165+0000] {dag.py:3947} INFO - Setting next_dagrun for example_subdag_operator.section-1 to None, run_after=None
[2024-08-10T03:27:51.166+0000] {logging_mixin.py:188} INFO - [2024-08-10T03:27:51.166+0000] {dag.py:3947} INFO - Setting next_dagrun for example_subdag_operator.section-2 to None, run_after=None
[2024-08-10T03:27:51.185+0000] {processor.py:183} INFO - Processing /home/airflow/.local/lib/python3.12/site-packages/airflow/example_dags/example_subdag_operator.py took 0.126 seconds
[2024-08-10T03:28:21.560+0000] {processor.py:161} INFO - Started process (PID=1255) to work on /home/airflow/.local/lib/python3.12/site-packages/airflow/example_dags/example_subdag_operator.py
[2024-08-10T03:28:21.561+0000] {processor.py:830} INFO - Processing file /home/airflow/.local/lib/python3.12/site-packages/airflow/example_dags/example_subdag_operator.py for tasks to queue
[2024-08-10T03:28:21.564+0000] {logging_mixin.py:188} INFO - [2024-08-10T03:28:21.563+0000] {dagbag.py:545} INFO - Filling up the DagBag from /home/airflow/.local/lib/python3.12/site-packages/airflow/example_dags/example_subdag_operator.py
[2024-08-10T03:28:21.590+0000] {processor.py:840} INFO - DAG(s) 'example_subdag_operator.section-1', 'example_subdag_operator.section-2', 'example_subdag_operator' retrieved from /home/airflow/.local/lib/python3.12/site-packages/airflow/example_dags/example_subdag_operator.py
[2024-08-10T03:28:21.609+0000] {logging_mixin.py:188} INFO - [2024-08-10T03:28:21.608+0000] {dag.py:3089} INFO - Sync 3 DAGs
[2024-08-10T03:28:21.632+0000] {logging_mixin.py:188} INFO - [2024-08-10T03:28:21.632+0000] {dag.py:3947} INFO - Setting next_dagrun for example_subdag_operator to 2022-01-01 00:00:00+00:00, run_after=2022-01-01 00:00:00+00:00
[2024-08-10T03:28:21.636+0000] {logging_mixin.py:188} INFO - [2024-08-10T03:28:21.636+0000] {dag.py:3947} INFO - Setting next_dagrun for example_subdag_operator.section-1 to None, run_after=None
[2024-08-10T03:28:21.638+0000] {logging_mixin.py:188} INFO - [2024-08-10T03:28:21.637+0000] {dag.py:3947} INFO - Setting next_dagrun for example_subdag_operator.section-2 to None, run_after=None
[2024-08-10T03:28:21.645+0000] {logging_mixin.py:188} INFO - [2024-08-10T03:28:21.645+0000] {dag.py:3089} INFO - Sync 2 DAGs
[2024-08-10T03:28:21.651+0000] {logging_mixin.py:188} INFO - [2024-08-10T03:28:21.651+0000] {dag.py:3947} INFO - Setting next_dagrun for example_subdag_operator.section-1 to None, run_after=None
[2024-08-10T03:28:21.653+0000] {logging_mixin.py:188} INFO - [2024-08-10T03:28:21.652+0000] {dag.py:3947} INFO - Setting next_dagrun for example_subdag_operator.section-2 to None, run_after=None
[2024-08-10T03:28:21.670+0000] {processor.py:183} INFO - Processing /home/airflow/.local/lib/python3.12/site-packages/airflow/example_dags/example_subdag_operator.py took 0.117 seconds
[2024-08-10T03:28:52.054+0000] {processor.py:161} INFO - Started process (PID=1315) to work on /home/airflow/.local/lib/python3.12/site-packages/airflow/example_dags/example_subdag_operator.py
[2024-08-10T03:28:52.055+0000] {processor.py:830} INFO - Processing file /home/airflow/.local/lib/python3.12/site-packages/airflow/example_dags/example_subdag_operator.py for tasks to queue
[2024-08-10T03:28:52.057+0000] {logging_mixin.py:188} INFO - [2024-08-10T03:28:52.057+0000] {dagbag.py:545} INFO - Filling up the DagBag from /home/airflow/.local/lib/python3.12/site-packages/airflow/example_dags/example_subdag_operator.py
[2024-08-10T03:28:52.080+0000] {processor.py:840} INFO - DAG(s) 'example_subdag_operator.section-1', 'example_subdag_operator.section-2', 'example_subdag_operator' retrieved from /home/airflow/.local/lib/python3.12/site-packages/airflow/example_dags/example_subdag_operator.py
[2024-08-10T03:28:52.096+0000] {logging_mixin.py:188} INFO - [2024-08-10T03:28:52.096+0000] {dag.py:3089} INFO - Sync 3 DAGs
[2024-08-10T03:28:52.121+0000] {logging_mixin.py:188} INFO - [2024-08-10T03:28:52.120+0000] {dag.py:3947} INFO - Setting next_dagrun for example_subdag_operator to 2022-01-01 00:00:00+00:00, run_after=2022-01-01 00:00:00+00:00
[2024-08-10T03:28:52.125+0000] {logging_mixin.py:188} INFO - [2024-08-10T03:28:52.125+0000] {dag.py:3947} INFO - Setting next_dagrun for example_subdag_operator.section-1 to None, run_after=None
[2024-08-10T03:28:52.127+0000] {logging_mixin.py:188} INFO - [2024-08-10T03:28:52.127+0000] {dag.py:3947} INFO - Setting next_dagrun for example_subdag_operator.section-2 to None, run_after=None
[2024-08-10T03:28:52.137+0000] {logging_mixin.py:188} INFO - [2024-08-10T03:28:52.137+0000] {dag.py:3089} INFO - Sync 2 DAGs
[2024-08-10T03:28:52.144+0000] {logging_mixin.py:188} INFO - [2024-08-10T03:28:52.143+0000] {dag.py:3947} INFO - Setting next_dagrun for example_subdag_operator.section-1 to None, run_after=None
[2024-08-10T03:28:52.144+0000] {logging_mixin.py:188} INFO - [2024-08-10T03:28:52.144+0000] {dag.py:3947} INFO - Setting next_dagrun for example_subdag_operator.section-2 to None, run_after=None
[2024-08-10T03:28:52.159+0000] {processor.py:183} INFO - Processing /home/airflow/.local/lib/python3.12/site-packages/airflow/example_dags/example_subdag_operator.py took 0.114 seconds
[2024-08-10T03:29:29.344+0000] {processor.py:161} INFO - Started process (PID=1365) to work on /home/airflow/.local/lib/python3.12/site-packages/airflow/example_dags/example_subdag_operator.py
[2024-08-10T03:29:29.345+0000] {processor.py:830} INFO - Processing file /home/airflow/.local/lib/python3.12/site-packages/airflow/example_dags/example_subdag_operator.py for tasks to queue
[2024-08-10T03:29:29.350+0000] {logging_mixin.py:188} INFO - [2024-08-10T03:29:29.348+0000] {dagbag.py:545} INFO - Filling up the DagBag from /home/airflow/.local/lib/python3.12/site-packages/airflow/example_dags/example_subdag_operator.py
[2024-08-10T03:29:29.398+0000] {processor.py:840} INFO - DAG(s) 'example_subdag_operator.section-1', 'example_subdag_operator.section-2', 'example_subdag_operator' retrieved from /home/airflow/.local/lib/python3.12/site-packages/airflow/example_dags/example_subdag_operator.py
[2024-08-10T03:29:29.431+0000] {logging_mixin.py:188} INFO - [2024-08-10T03:29:29.430+0000] {dag.py:3089} INFO - Sync 3 DAGs
[2024-08-10T03:29:29.487+0000] {logging_mixin.py:188} INFO - [2024-08-10T03:29:29.487+0000] {dag.py:3947} INFO - Setting next_dagrun for example_subdag_operator to 2022-01-01 00:00:00+00:00, run_after=2022-01-01 00:00:00+00:00
[2024-08-10T03:29:29.504+0000] {logging_mixin.py:188} INFO - [2024-08-10T03:29:29.503+0000] {dag.py:3947} INFO - Setting next_dagrun for example_subdag_operator.section-1 to None, run_after=None
[2024-08-10T03:29:29.510+0000] {logging_mixin.py:188} INFO - [2024-08-10T03:29:29.509+0000] {dag.py:3947} INFO - Setting next_dagrun for example_subdag_operator.section-2 to None, run_after=None
[2024-08-10T03:29:29.522+0000] {logging_mixin.py:188} INFO - [2024-08-10T03:29:29.522+0000] {dag.py:3089} INFO - Sync 2 DAGs
[2024-08-10T03:29:29.538+0000] {logging_mixin.py:188} INFO - [2024-08-10T03:29:29.537+0000] {dag.py:3947} INFO - Setting next_dagrun for example_subdag_operator.section-1 to None, run_after=None
[2024-08-10T03:29:29.538+0000] {logging_mixin.py:188} INFO - [2024-08-10T03:29:29.538+0000] {dag.py:3947} INFO - Setting next_dagrun for example_subdag_operator.section-2 to None, run_after=None
[2024-08-10T03:29:29.557+0000] {processor.py:183} INFO - Processing /home/airflow/.local/lib/python3.12/site-packages/airflow/example_dags/example_subdag_operator.py took 0.220 seconds
[2024-08-10T03:30:00.173+0000] {processor.py:161} INFO - Started process (PID=1423) to work on /home/airflow/.local/lib/python3.12/site-packages/airflow/example_dags/example_subdag_operator.py
[2024-08-10T03:30:00.181+0000] {processor.py:830} INFO - Processing file /home/airflow/.local/lib/python3.12/site-packages/airflow/example_dags/example_subdag_operator.py for tasks to queue
[2024-08-10T03:30:00.183+0000] {logging_mixin.py:188} INFO - [2024-08-10T03:30:00.183+0000] {dagbag.py:545} INFO - Filling up the DagBag from /home/airflow/.local/lib/python3.12/site-packages/airflow/example_dags/example_subdag_operator.py
[2024-08-10T03:30:00.245+0000] {processor.py:840} INFO - DAG(s) 'example_subdag_operator.section-1', 'example_subdag_operator.section-2', 'example_subdag_operator' retrieved from /home/airflow/.local/lib/python3.12/site-packages/airflow/example_dags/example_subdag_operator.py
[2024-08-10T03:30:00.296+0000] {logging_mixin.py:188} INFO - [2024-08-10T03:30:00.296+0000] {dag.py:3089} INFO - Sync 3 DAGs
[2024-08-10T03:30:00.347+0000] {logging_mixin.py:188} INFO - [2024-08-10T03:30:00.347+0000] {dag.py:3947} INFO - Setting next_dagrun for example_subdag_operator to 2022-01-01 00:00:00+00:00, run_after=2022-01-01 00:00:00+00:00
[2024-08-10T03:30:00.378+0000] {logging_mixin.py:188} INFO - [2024-08-10T03:30:00.378+0000] {dag.py:3947} INFO - Setting next_dagrun for example_subdag_operator.section-1 to None, run_after=None
[2024-08-10T03:30:00.381+0000] {logging_mixin.py:188} INFO - [2024-08-10T03:30:00.380+0000] {dag.py:3947} INFO - Setting next_dagrun for example_subdag_operator.section-2 to None, run_after=None
[2024-08-10T03:30:00.392+0000] {logging_mixin.py:188} INFO - [2024-08-10T03:30:00.391+0000] {dag.py:3089} INFO - Sync 2 DAGs
[2024-08-10T03:30:00.416+0000] {logging_mixin.py:188} INFO - [2024-08-10T03:30:00.416+0000] {dag.py:3947} INFO - Setting next_dagrun for example_subdag_operator.section-1 to None, run_after=None
[2024-08-10T03:30:00.417+0000] {logging_mixin.py:188} INFO - [2024-08-10T03:30:00.416+0000] {dag.py:3947} INFO - Setting next_dagrun for example_subdag_operator.section-2 to None, run_after=None
[2024-08-10T03:30:00.603+0000] {processor.py:183} INFO - Processing /home/airflow/.local/lib/python3.12/site-packages/airflow/example_dags/example_subdag_operator.py took 0.454 seconds
[2024-08-10T03:30:37.785+0000] {processor.py:161} INFO - Started process (PID=1470) to work on /home/airflow/.local/lib/python3.12/site-packages/airflow/example_dags/example_subdag_operator.py
[2024-08-10T03:30:37.789+0000] {processor.py:830} INFO - Processing file /home/airflow/.local/lib/python3.12/site-packages/airflow/example_dags/example_subdag_operator.py for tasks to queue
[2024-08-10T03:30:37.803+0000] {logging_mixin.py:188} INFO - [2024-08-10T03:30:37.802+0000] {dagbag.py:545} INFO - Filling up the DagBag from /home/airflow/.local/lib/python3.12/site-packages/airflow/example_dags/example_subdag_operator.py
[2024-08-10T03:30:37.939+0000] {processor.py:840} INFO - DAG(s) 'example_subdag_operator.section-1', 'example_subdag_operator.section-2', 'example_subdag_operator' retrieved from /home/airflow/.local/lib/python3.12/site-packages/airflow/example_dags/example_subdag_operator.py
[2024-08-10T03:30:37.963+0000] {logging_mixin.py:188} INFO - [2024-08-10T03:30:37.963+0000] {dag.py:3089} INFO - Sync 3 DAGs
[2024-08-10T03:30:37.989+0000] {logging_mixin.py:188} INFO - [2024-08-10T03:30:37.988+0000] {dag.py:3947} INFO - Setting next_dagrun for example_subdag_operator to 2022-01-01 00:00:00+00:00, run_after=2022-01-01 00:00:00+00:00
[2024-08-10T03:30:37.993+0000] {logging_mixin.py:188} INFO - [2024-08-10T03:30:37.992+0000] {dag.py:3947} INFO - Setting next_dagrun for example_subdag_operator.section-1 to None, run_after=None
[2024-08-10T03:30:37.997+0000] {logging_mixin.py:188} INFO - [2024-08-10T03:30:37.994+0000] {dag.py:3947} INFO - Setting next_dagrun for example_subdag_operator.section-2 to None, run_after=None
[2024-08-10T03:30:38.004+0000] {logging_mixin.py:188} INFO - [2024-08-10T03:30:38.004+0000] {dag.py:3089} INFO - Sync 2 DAGs
[2024-08-10T03:30:38.009+0000] {logging_mixin.py:188} INFO - [2024-08-10T03:30:38.009+0000] {dag.py:3947} INFO - Setting next_dagrun for example_subdag_operator.section-1 to None, run_after=None
[2024-08-10T03:30:38.009+0000] {logging_mixin.py:188} INFO - [2024-08-10T03:30:38.009+0000] {dag.py:3947} INFO - Setting next_dagrun for example_subdag_operator.section-2 to None, run_after=None
[2024-08-10T03:30:38.219+0000] {processor.py:183} INFO - Processing /home/airflow/.local/lib/python3.12/site-packages/airflow/example_dags/example_subdag_operator.py took 0.489 seconds
[2024-08-10T03:31:12.846+0000] {processor.py:161} INFO - Started process (PID=1529) to work on /home/airflow/.local/lib/python3.12/site-packages/airflow/example_dags/example_subdag_operator.py
[2024-08-10T03:31:12.874+0000] {processor.py:830} INFO - Processing file /home/airflow/.local/lib/python3.12/site-packages/airflow/example_dags/example_subdag_operator.py for tasks to queue
[2024-08-10T03:31:12.876+0000] {logging_mixin.py:188} INFO - [2024-08-10T03:31:12.875+0000] {dagbag.py:545} INFO - Filling up the DagBag from /home/airflow/.local/lib/python3.12/site-packages/airflow/example_dags/example_subdag_operator.py
[2024-08-10T03:31:12.998+0000] {processor.py:840} INFO - DAG(s) 'example_subdag_operator.section-1', 'example_subdag_operator.section-2', 'example_subdag_operator' retrieved from /home/airflow/.local/lib/python3.12/site-packages/airflow/example_dags/example_subdag_operator.py
[2024-08-10T03:31:13.017+0000] {logging_mixin.py:188} INFO - [2024-08-10T03:31:13.016+0000] {dag.py:3089} INFO - Sync 3 DAGs
[2024-08-10T03:31:14.194+0000] {logging_mixin.py:188} INFO - [2024-08-10T03:31:14.193+0000] {dag.py:3947} INFO - Setting next_dagrun for example_subdag_operator to 2022-01-01 00:00:00+00:00, run_after=2022-01-01 00:00:00+00:00
[2024-08-10T03:31:14.276+0000] {logging_mixin.py:188} INFO - [2024-08-10T03:31:14.275+0000] {dag.py:3947} INFO - Setting next_dagrun for example_subdag_operator.section-1 to None, run_after=None
[2024-08-10T03:31:14.296+0000] {logging_mixin.py:188} INFO - [2024-08-10T03:31:14.296+0000] {dag.py:3947} INFO - Setting next_dagrun for example_subdag_operator.section-2 to None, run_after=None
[2024-08-10T03:31:14.328+0000] {logging_mixin.py:188} INFO - [2024-08-10T03:31:14.327+0000] {dag.py:3089} INFO - Sync 2 DAGs
[2024-08-10T03:31:14.425+0000] {logging_mixin.py:188} INFO - [2024-08-10T03:31:14.425+0000] {dag.py:3947} INFO - Setting next_dagrun for example_subdag_operator.section-1 to None, run_after=None
[2024-08-10T03:31:14.426+0000] {logging_mixin.py:188} INFO - [2024-08-10T03:31:14.426+0000] {dag.py:3947} INFO - Setting next_dagrun for example_subdag_operator.section-2 to None, run_after=None
[2024-08-10T03:31:14.796+0000] {processor.py:183} INFO - Processing /home/airflow/.local/lib/python3.12/site-packages/airflow/example_dags/example_subdag_operator.py took 1.959 seconds
[2024-08-10T03:31:48.359+0000] {processor.py:161} INFO - Started process (PID=1587) to work on /home/airflow/.local/lib/python3.12/site-packages/airflow/example_dags/example_subdag_operator.py
[2024-08-10T03:31:48.368+0000] {processor.py:830} INFO - Processing file /home/airflow/.local/lib/python3.12/site-packages/airflow/example_dags/example_subdag_operator.py for tasks to queue
[2024-08-10T03:31:48.382+0000] {logging_mixin.py:188} INFO - [2024-08-10T03:31:48.369+0000] {dagbag.py:545} INFO - Filling up the DagBag from /home/airflow/.local/lib/python3.12/site-packages/airflow/example_dags/example_subdag_operator.py
[2024-08-10T03:31:48.468+0000] {processor.py:840} INFO - DAG(s) 'example_subdag_operator.section-1', 'example_subdag_operator.section-2', 'example_subdag_operator' retrieved from /home/airflow/.local/lib/python3.12/site-packages/airflow/example_dags/example_subdag_operator.py
[2024-08-10T03:31:48.544+0000] {logging_mixin.py:188} INFO - [2024-08-10T03:31:48.544+0000] {dag.py:3089} INFO - Sync 3 DAGs
[2024-08-10T03:31:48.645+0000] {logging_mixin.py:188} INFO - [2024-08-10T03:31:48.645+0000] {dag.py:3947} INFO - Setting next_dagrun for example_subdag_operator to 2022-01-01 00:00:00+00:00, run_after=2022-01-01 00:00:00+00:00
[2024-08-10T03:31:48.685+0000] {logging_mixin.py:188} INFO - [2024-08-10T03:31:48.685+0000] {dag.py:3947} INFO - Setting next_dagrun for example_subdag_operator.section-1 to None, run_after=None
[2024-08-10T03:31:48.689+0000] {logging_mixin.py:188} INFO - [2024-08-10T03:31:48.689+0000] {dag.py:3947} INFO - Setting next_dagrun for example_subdag_operator.section-2 to None, run_after=None
[2024-08-10T03:31:48.702+0000] {logging_mixin.py:188} INFO - [2024-08-10T03:31:48.702+0000] {dag.py:3089} INFO - Sync 2 DAGs
[2024-08-10T03:31:48.710+0000] {logging_mixin.py:188} INFO - [2024-08-10T03:31:48.710+0000] {dag.py:3947} INFO - Setting next_dagrun for example_subdag_operator.section-1 to None, run_after=None
[2024-08-10T03:31:48.711+0000] {logging_mixin.py:188} INFO - [2024-08-10T03:31:48.711+0000] {dag.py:3947} INFO - Setting next_dagrun for example_subdag_operator.section-2 to None, run_after=None
[2024-08-10T03:31:49.283+0000] {processor.py:183} INFO - Processing /home/airflow/.local/lib/python3.12/site-packages/airflow/example_dags/example_subdag_operator.py took 0.932 seconds
[2024-08-10T03:32:32.888+0000] {processor.py:161} INFO - Started process (PID=1626) to work on /home/airflow/.local/lib/python3.12/site-packages/airflow/example_dags/example_subdag_operator.py
[2024-08-10T03:32:32.893+0000] {processor.py:830} INFO - Processing file /home/airflow/.local/lib/python3.12/site-packages/airflow/example_dags/example_subdag_operator.py for tasks to queue
[2024-08-10T03:32:32.896+0000] {logging_mixin.py:188} INFO - [2024-08-10T03:32:32.894+0000] {dagbag.py:545} INFO - Filling up the DagBag from /home/airflow/.local/lib/python3.12/site-packages/airflow/example_dags/example_subdag_operator.py
[2024-08-10T03:32:32.978+0000] {processor.py:840} INFO - DAG(s) 'example_subdag_operator.section-1', 'example_subdag_operator.section-2', 'example_subdag_operator' retrieved from /home/airflow/.local/lib/python3.12/site-packages/airflow/example_dags/example_subdag_operator.py
[2024-08-10T03:32:33.036+0000] {logging_mixin.py:188} INFO - [2024-08-10T03:32:33.036+0000] {dag.py:3089} INFO - Sync 3 DAGs
[2024-08-10T03:32:33.193+0000] {logging_mixin.py:188} INFO - [2024-08-10T03:32:33.192+0000] {dag.py:3947} INFO - Setting next_dagrun for example_subdag_operator to 2022-01-01 00:00:00+00:00, run_after=2022-01-01 00:00:00+00:00
[2024-08-10T03:32:33.237+0000] {logging_mixin.py:188} INFO - [2024-08-10T03:32:33.237+0000] {dag.py:3947} INFO - Setting next_dagrun for example_subdag_operator.section-1 to None, run_after=None
[2024-08-10T03:32:33.249+0000] {logging_mixin.py:188} INFO - [2024-08-10T03:32:33.249+0000] {dag.py:3947} INFO - Setting next_dagrun for example_subdag_operator.section-2 to None, run_after=None
[2024-08-10T03:32:33.270+0000] {logging_mixin.py:188} INFO - [2024-08-10T03:32:33.270+0000] {dag.py:3089} INFO - Sync 2 DAGs
[2024-08-10T03:32:33.274+0000] {logging_mixin.py:188} INFO - [2024-08-10T03:32:33.274+0000] {dag.py:3947} INFO - Setting next_dagrun for example_subdag_operator.section-1 to None, run_after=None
[2024-08-10T03:32:33.275+0000] {logging_mixin.py:188} INFO - [2024-08-10T03:32:33.275+0000] {dag.py:3947} INFO - Setting next_dagrun for example_subdag_operator.section-2 to None, run_after=None
[2024-08-10T03:32:33.438+0000] {processor.py:183} INFO - Processing /home/airflow/.local/lib/python3.12/site-packages/airflow/example_dags/example_subdag_operator.py took 0.578 seconds
[2024-08-10T03:33:21.108+0000] {processor.py:161} INFO - Started process (PID=1685) to work on /home/airflow/.local/lib/python3.12/site-packages/airflow/example_dags/example_subdag_operator.py
[2024-08-10T03:33:21.121+0000] {processor.py:830} INFO - Processing file /home/airflow/.local/lib/python3.12/site-packages/airflow/example_dags/example_subdag_operator.py for tasks to queue
[2024-08-10T03:33:21.138+0000] {logging_mixin.py:188} INFO - [2024-08-10T03:33:21.138+0000] {dagbag.py:545} INFO - Filling up the DagBag from /home/airflow/.local/lib/python3.12/site-packages/airflow/example_dags/example_subdag_operator.py
[2024-08-10T03:33:21.537+0000] {processor.py:840} INFO - DAG(s) 'example_subdag_operator.section-1', 'example_subdag_operator.section-2', 'example_subdag_operator' retrieved from /home/airflow/.local/lib/python3.12/site-packages/airflow/example_dags/example_subdag_operator.py
[2024-08-10T03:33:21.656+0000] {logging_mixin.py:188} INFO - [2024-08-10T03:33:21.656+0000] {dag.py:3089} INFO - Sync 3 DAGs
[2024-08-10T03:33:21.724+0000] {logging_mixin.py:188} INFO - [2024-08-10T03:33:21.723+0000] {dag.py:3947} INFO - Setting next_dagrun for example_subdag_operator to 2022-01-01 00:00:00+00:00, run_after=2022-01-01 00:00:00+00:00
[2024-08-10T03:33:21.742+0000] {logging_mixin.py:188} INFO - [2024-08-10T03:33:21.742+0000] {dag.py:3947} INFO - Setting next_dagrun for example_subdag_operator.section-1 to None, run_after=None
[2024-08-10T03:33:21.753+0000] {logging_mixin.py:188} INFO - [2024-08-10T03:33:21.753+0000] {dag.py:3947} INFO - Setting next_dagrun for example_subdag_operator.section-2 to None, run_after=None
[2024-08-10T03:33:21.783+0000] {logging_mixin.py:188} INFO - [2024-08-10T03:33:21.782+0000] {dag.py:3089} INFO - Sync 2 DAGs
[2024-08-10T03:33:21.832+0000] {logging_mixin.py:188} INFO - [2024-08-10T03:33:21.831+0000] {dag.py:3947} INFO - Setting next_dagrun for example_subdag_operator.section-1 to None, run_after=None
[2024-08-10T03:33:21.833+0000] {logging_mixin.py:188} INFO - [2024-08-10T03:33:21.833+0000] {dag.py:3947} INFO - Setting next_dagrun for example_subdag_operator.section-2 to None, run_after=None
[2024-08-10T03:33:22.023+0000] {processor.py:183} INFO - Processing /home/airflow/.local/lib/python3.12/site-packages/airflow/example_dags/example_subdag_operator.py took 0.958 seconds
[2024-08-10T03:34:12.978+0000] {processor.py:161} INFO - Started process (PID=1752) to work on /home/airflow/.local/lib/python3.12/site-packages/airflow/example_dags/example_subdag_operator.py
[2024-08-10T03:34:12.979+0000] {processor.py:830} INFO - Processing file /home/airflow/.local/lib/python3.12/site-packages/airflow/example_dags/example_subdag_operator.py for tasks to queue
[2024-08-10T03:34:12.981+0000] {logging_mixin.py:188} INFO - [2024-08-10T03:34:12.980+0000] {dagbag.py:545} INFO - Filling up the DagBag from /home/airflow/.local/lib/python3.12/site-packages/airflow/example_dags/example_subdag_operator.py
[2024-08-10T03:34:13.011+0000] {processor.py:840} INFO - DAG(s) 'example_subdag_operator.section-1', 'example_subdag_operator.section-2', 'example_subdag_operator' retrieved from /home/airflow/.local/lib/python3.12/site-packages/airflow/example_dags/example_subdag_operator.py
[2024-08-10T03:34:13.032+0000] {logging_mixin.py:188} INFO - [2024-08-10T03:34:13.031+0000] {dag.py:3089} INFO - Sync 3 DAGs
[2024-08-10T03:34:13.057+0000] {logging_mixin.py:188} INFO - [2024-08-10T03:34:13.057+0000] {dag.py:3947} INFO - Setting next_dagrun for example_subdag_operator to 2022-01-01 00:00:00+00:00, run_after=2022-01-01 00:00:00+00:00
[2024-08-10T03:34:13.063+0000] {logging_mixin.py:188} INFO - [2024-08-10T03:34:13.062+0000] {dag.py:3947} INFO - Setting next_dagrun for example_subdag_operator.section-1 to None, run_after=None
[2024-08-10T03:34:13.065+0000] {logging_mixin.py:188} INFO - [2024-08-10T03:34:13.065+0000] {dag.py:3947} INFO - Setting next_dagrun for example_subdag_operator.section-2 to None, run_after=None
[2024-08-10T03:34:13.081+0000] {logging_mixin.py:188} INFO - [2024-08-10T03:34:13.081+0000] {dag.py:3089} INFO - Sync 2 DAGs
[2024-08-10T03:34:13.088+0000] {logging_mixin.py:188} INFO - [2024-08-10T03:34:13.088+0000] {dag.py:3947} INFO - Setting next_dagrun for example_subdag_operator.section-1 to None, run_after=None
[2024-08-10T03:34:13.089+0000] {logging_mixin.py:188} INFO - [2024-08-10T03:34:13.089+0000] {dag.py:3947} INFO - Setting next_dagrun for example_subdag_operator.section-2 to None, run_after=None
[2024-08-10T03:34:13.365+0000] {processor.py:183} INFO - Processing /home/airflow/.local/lib/python3.12/site-packages/airflow/example_dags/example_subdag_operator.py took 0.395 seconds
[2024-08-10T03:35:27.898+0000] {processor.py:161} INFO - Started process (PID=1819) to work on /home/airflow/.local/lib/python3.12/site-packages/airflow/example_dags/example_subdag_operator.py
[2024-08-10T03:35:27.906+0000] {processor.py:830} INFO - Processing file /home/airflow/.local/lib/python3.12/site-packages/airflow/example_dags/example_subdag_operator.py for tasks to queue
[2024-08-10T03:35:27.908+0000] {logging_mixin.py:188} INFO - [2024-08-10T03:35:27.907+0000] {dagbag.py:545} INFO - Filling up the DagBag from /home/airflow/.local/lib/python3.12/site-packages/airflow/example_dags/example_subdag_operator.py
[2024-08-10T03:35:27.972+0000] {processor.py:840} INFO - DAG(s) 'example_subdag_operator.section-1', 'example_subdag_operator.section-2', 'example_subdag_operator' retrieved from /home/airflow/.local/lib/python3.12/site-packages/airflow/example_dags/example_subdag_operator.py
[2024-08-10T03:35:27.993+0000] {logging_mixin.py:188} INFO - [2024-08-10T03:35:27.993+0000] {dag.py:3089} INFO - Sync 3 DAGs
[2024-08-10T03:35:28.023+0000] {logging_mixin.py:188} INFO - [2024-08-10T03:35:28.023+0000] {dag.py:3947} INFO - Setting next_dagrun for example_subdag_operator to 2022-01-01 00:00:00+00:00, run_after=2022-01-01 00:00:00+00:00
[2024-08-10T03:35:28.032+0000] {logging_mixin.py:188} INFO - [2024-08-10T03:35:28.032+0000] {dag.py:3947} INFO - Setting next_dagrun for example_subdag_operator.section-1 to None, run_after=None
[2024-08-10T03:35:28.041+0000] {logging_mixin.py:188} INFO - [2024-08-10T03:35:28.041+0000] {dag.py:3947} INFO - Setting next_dagrun for example_subdag_operator.section-2 to None, run_after=None
[2024-08-10T03:35:28.093+0000] {logging_mixin.py:188} INFO - [2024-08-10T03:35:28.092+0000] {dag.py:3089} INFO - Sync 2 DAGs
[2024-08-10T03:35:28.101+0000] {logging_mixin.py:188} INFO - [2024-08-10T03:35:28.101+0000] {dag.py:3947} INFO - Setting next_dagrun for example_subdag_operator.section-1 to None, run_after=None
[2024-08-10T03:35:28.102+0000] {logging_mixin.py:188} INFO - [2024-08-10T03:35:28.102+0000] {dag.py:3947} INFO - Setting next_dagrun for example_subdag_operator.section-2 to None, run_after=None
[2024-08-10T03:35:28.197+0000] {processor.py:183} INFO - Processing /home/airflow/.local/lib/python3.12/site-packages/airflow/example_dags/example_subdag_operator.py took 0.307 seconds
[2024-08-10T03:35:59.162+0000] {processor.py:161} INFO - Started process (PID=1877) to work on /home/airflow/.local/lib/python3.12/site-packages/airflow/example_dags/example_subdag_operator.py
[2024-08-10T03:35:59.170+0000] {processor.py:830} INFO - Processing file /home/airflow/.local/lib/python3.12/site-packages/airflow/example_dags/example_subdag_operator.py for tasks to queue
[2024-08-10T03:35:59.172+0000] {logging_mixin.py:188} INFO - [2024-08-10T03:35:59.171+0000] {dagbag.py:545} INFO - Filling up the DagBag from /home/airflow/.local/lib/python3.12/site-packages/airflow/example_dags/example_subdag_operator.py
[2024-08-10T03:35:59.337+0000] {processor.py:840} INFO - DAG(s) 'example_subdag_operator.section-1', 'example_subdag_operator.section-2', 'example_subdag_operator' retrieved from /home/airflow/.local/lib/python3.12/site-packages/airflow/example_dags/example_subdag_operator.py
[2024-08-10T03:35:59.446+0000] {logging_mixin.py:188} INFO - [2024-08-10T03:35:59.445+0000] {dag.py:3089} INFO - Sync 3 DAGs
[2024-08-10T03:35:59.520+0000] {logging_mixin.py:188} INFO - [2024-08-10T03:35:59.520+0000] {dag.py:3947} INFO - Setting next_dagrun for example_subdag_operator to 2022-01-01 00:00:00+00:00, run_after=2022-01-01 00:00:00+00:00
[2024-08-10T03:35:59.524+0000] {logging_mixin.py:188} INFO - [2024-08-10T03:35:59.524+0000] {dag.py:3947} INFO - Setting next_dagrun for example_subdag_operator.section-1 to None, run_after=None
[2024-08-10T03:35:59.526+0000] {logging_mixin.py:188} INFO - [2024-08-10T03:35:59.525+0000] {dag.py:3947} INFO - Setting next_dagrun for example_subdag_operator.section-2 to None, run_after=None
[2024-08-10T03:35:59.533+0000] {logging_mixin.py:188} INFO - [2024-08-10T03:35:59.532+0000] {dag.py:3089} INFO - Sync 2 DAGs
[2024-08-10T03:35:59.538+0000] {logging_mixin.py:188} INFO - [2024-08-10T03:35:59.538+0000] {dag.py:3947} INFO - Setting next_dagrun for example_subdag_operator.section-1 to None, run_after=None
[2024-08-10T03:35:59.539+0000] {logging_mixin.py:188} INFO - [2024-08-10T03:35:59.538+0000] {dag.py:3947} INFO - Setting next_dagrun for example_subdag_operator.section-2 to None, run_after=None
[2024-08-10T03:36:00.908+0000] {processor.py:183} INFO - Processing /home/airflow/.local/lib/python3.12/site-packages/airflow/example_dags/example_subdag_operator.py took 1.812 seconds
[2024-08-10T03:36:54.074+0000] {processor.py:161} INFO - Started process (PID=1923) to work on /home/airflow/.local/lib/python3.12/site-packages/airflow/example_dags/example_subdag_operator.py
[2024-08-10T03:36:54.105+0000] {processor.py:830} INFO - Processing file /home/airflow/.local/lib/python3.12/site-packages/airflow/example_dags/example_subdag_operator.py for tasks to queue
[2024-08-10T03:36:54.107+0000] {logging_mixin.py:188} INFO - [2024-08-10T03:36:54.107+0000] {dagbag.py:545} INFO - Filling up the DagBag from /home/airflow/.local/lib/python3.12/site-packages/airflow/example_dags/example_subdag_operator.py
[2024-08-10T03:36:54.247+0000] {processor.py:840} INFO - DAG(s) 'example_subdag_operator.section-1', 'example_subdag_operator.section-2', 'example_subdag_operator' retrieved from /home/airflow/.local/lib/python3.12/site-packages/airflow/example_dags/example_subdag_operator.py
[2024-08-10T03:36:54.398+0000] {logging_mixin.py:188} INFO - [2024-08-10T03:36:54.398+0000] {dag.py:3089} INFO - Sync 3 DAGs
[2024-08-10T03:36:54.620+0000] {logging_mixin.py:188} INFO - [2024-08-10T03:36:54.620+0000] {dag.py:3947} INFO - Setting next_dagrun for example_subdag_operator to 2022-01-01 00:00:00+00:00, run_after=2022-01-01 00:00:00+00:00
[2024-08-10T03:36:54.636+0000] {logging_mixin.py:188} INFO - [2024-08-10T03:36:54.636+0000] {dag.py:3947} INFO - Setting next_dagrun for example_subdag_operator.section-1 to None, run_after=None
[2024-08-10T03:36:54.644+0000] {logging_mixin.py:188} INFO - [2024-08-10T03:36:54.644+0000] {dag.py:3947} INFO - Setting next_dagrun for example_subdag_operator.section-2 to None, run_after=None
[2024-08-10T03:36:54.692+0000] {logging_mixin.py:188} INFO - [2024-08-10T03:36:54.691+0000] {dag.py:3089} INFO - Sync 2 DAGs
[2024-08-10T03:36:54.712+0000] {logging_mixin.py:188} INFO - [2024-08-10T03:36:54.712+0000] {dag.py:3947} INFO - Setting next_dagrun for example_subdag_operator.section-1 to None, run_after=None
[2024-08-10T03:36:54.713+0000] {logging_mixin.py:188} INFO - [2024-08-10T03:36:54.713+0000] {dag.py:3947} INFO - Setting next_dagrun for example_subdag_operator.section-2 to None, run_after=None
[2024-08-10T03:36:55.103+0000] {processor.py:183} INFO - Processing /home/airflow/.local/lib/python3.12/site-packages/airflow/example_dags/example_subdag_operator.py took 1.035 seconds
[2024-08-10T03:37:34.260+0000] {processor.py:161} INFO - Started process (PID=1983) to work on /home/airflow/.local/lib/python3.12/site-packages/airflow/example_dags/example_subdag_operator.py
[2024-08-10T03:37:34.263+0000] {processor.py:830} INFO - Processing file /home/airflow/.local/lib/python3.12/site-packages/airflow/example_dags/example_subdag_operator.py for tasks to queue
[2024-08-10T03:37:34.271+0000] {logging_mixin.py:188} INFO - [2024-08-10T03:37:34.265+0000] {dagbag.py:545} INFO - Filling up the DagBag from /home/airflow/.local/lib/python3.12/site-packages/airflow/example_dags/example_subdag_operator.py
[2024-08-10T03:37:34.401+0000] {processor.py:840} INFO - DAG(s) 'example_subdag_operator.section-1', 'example_subdag_operator.section-2', 'example_subdag_operator' retrieved from /home/airflow/.local/lib/python3.12/site-packages/airflow/example_dags/example_subdag_operator.py
[2024-08-10T03:37:34.471+0000] {logging_mixin.py:188} INFO - [2024-08-10T03:37:34.470+0000] {dag.py:3089} INFO - Sync 3 DAGs
[2024-08-10T03:37:34.533+0000] {logging_mixin.py:188} INFO - [2024-08-10T03:37:34.530+0000] {dag.py:3947} INFO - Setting next_dagrun for example_subdag_operator to 2022-01-01 00:00:00+00:00, run_after=2022-01-01 00:00:00+00:00
[2024-08-10T03:37:34.555+0000] {logging_mixin.py:188} INFO - [2024-08-10T03:37:34.555+0000] {dag.py:3947} INFO - Setting next_dagrun for example_subdag_operator.section-1 to None, run_after=None
[2024-08-10T03:37:34.559+0000] {logging_mixin.py:188} INFO - [2024-08-10T03:37:34.558+0000] {dag.py:3947} INFO - Setting next_dagrun for example_subdag_operator.section-2 to None, run_after=None
[2024-08-10T03:37:40.831+0000] {logging_mixin.py:188} INFO - [2024-08-10T03:37:40.830+0000] {dag.py:3089} INFO - Sync 2 DAGs
[2024-08-10T03:37:40.862+0000] {logging_mixin.py:188} INFO - [2024-08-10T03:37:40.860+0000] {dag.py:3947} INFO - Setting next_dagrun for example_subdag_operator.section-1 to None, run_after=None
[2024-08-10T03:37:40.873+0000] {logging_mixin.py:188} INFO - [2024-08-10T03:37:40.872+0000] {dag.py:3947} INFO - Setting next_dagrun for example_subdag_operator.section-2 to None, run_after=None
[2024-08-10T03:37:41.111+0000] {processor.py:183} INFO - Processing /home/airflow/.local/lib/python3.12/site-packages/airflow/example_dags/example_subdag_operator.py took 6.907 seconds
[2024-08-10T03:38:24.118+0000] {processor.py:161} INFO - Started process (PID=2044) to work on /home/airflow/.local/lib/python3.12/site-packages/airflow/example_dags/example_subdag_operator.py
[2024-08-10T03:38:24.120+0000] {processor.py:830} INFO - Processing file /home/airflow/.local/lib/python3.12/site-packages/airflow/example_dags/example_subdag_operator.py for tasks to queue
[2024-08-10T03:38:24.121+0000] {logging_mixin.py:188} INFO - [2024-08-10T03:38:24.121+0000] {dagbag.py:545} INFO - Filling up the DagBag from /home/airflow/.local/lib/python3.12/site-packages/airflow/example_dags/example_subdag_operator.py
[2024-08-10T03:38:24.150+0000] {processor.py:840} INFO - DAG(s) 'example_subdag_operator.section-1', 'example_subdag_operator.section-2', 'example_subdag_operator' retrieved from /home/airflow/.local/lib/python3.12/site-packages/airflow/example_dags/example_subdag_operator.py
[2024-08-10T03:38:24.171+0000] {logging_mixin.py:188} INFO - [2024-08-10T03:38:24.170+0000] {dag.py:3089} INFO - Sync 3 DAGs
[2024-08-10T03:38:24.196+0000] {logging_mixin.py:188} INFO - [2024-08-10T03:38:24.196+0000] {dag.py:3947} INFO - Setting next_dagrun for example_subdag_operator to 2022-01-01 00:00:00+00:00, run_after=2022-01-01 00:00:00+00:00
[2024-08-10T03:38:24.202+0000] {logging_mixin.py:188} INFO - [2024-08-10T03:38:24.202+0000] {dag.py:3947} INFO - Setting next_dagrun for example_subdag_operator.section-1 to None, run_after=None
[2024-08-10T03:38:24.204+0000] {logging_mixin.py:188} INFO - [2024-08-10T03:38:24.204+0000] {dag.py:3947} INFO - Setting next_dagrun for example_subdag_operator.section-2 to None, run_after=None
[2024-08-10T03:38:24.213+0000] {logging_mixin.py:188} INFO - [2024-08-10T03:38:24.213+0000] {dag.py:3089} INFO - Sync 2 DAGs
[2024-08-10T03:38:24.227+0000] {logging_mixin.py:188} INFO - [2024-08-10T03:38:24.219+0000] {dag.py:3947} INFO - Setting next_dagrun for example_subdag_operator.section-1 to None, run_after=None
[2024-08-10T03:38:24.230+0000] {logging_mixin.py:188} INFO - [2024-08-10T03:38:24.229+0000] {dag.py:3947} INFO - Setting next_dagrun for example_subdag_operator.section-2 to None, run_after=None
[2024-08-10T03:38:24.260+0000] {processor.py:183} INFO - Processing /home/airflow/.local/lib/python3.12/site-packages/airflow/example_dags/example_subdag_operator.py took 0.318 seconds
