[2024-08-10T03:18:26.029+0000] {processor.py:161} INFO - Started process (PID=91) to work on /home/airflow/.local/lib/python3.12/site-packages/airflow/example_dags/example_skip_dag.py
[2024-08-10T03:18:26.032+0000] {processor.py:830} INFO - Processing file /home/airflow/.local/lib/python3.12/site-packages/airflow/example_dags/example_skip_dag.py for tasks to queue
[2024-08-10T03:18:26.036+0000] {logging_mixin.py:188} INFO - [2024-08-10T03:18:26.035+0000] {dagbag.py:545} INFO - Filling up the DagBag from /home/airflow/.local/lib/python3.12/site-packages/airflow/example_dags/example_skip_dag.py
[2024-08-10T03:18:26.054+0000] {processor.py:840} INFO - DAG(s) 'example_skip_dag' retrieved from /home/airflow/.local/lib/python3.12/site-packages/airflow/example_dags/example_skip_dag.py
[2024-08-10T03:18:26.198+0000] {logging_mixin.py:188} INFO - [2024-08-10T03:18:26.197+0000] {dag.py:3089} INFO - Sync 1 DAGs
[2024-08-10T03:18:26.286+0000] {logging_mixin.py:188} INFO - [2024-08-10T03:18:26.285+0000] {dag.py:3947} INFO - Setting next_dagrun for example_skip_dag to 2024-08-09 00:00:00+00:00, run_after=2024-08-10 00:00:00+00:00
[2024-08-10T03:18:26.387+0000] {processor.py:183} INFO - Processing /home/airflow/.local/lib/python3.12/site-packages/airflow/example_dags/example_skip_dag.py took 0.370 seconds
[2024-08-10T03:18:56.581+0000] {processor.py:161} INFO - Started process (PID=149) to work on /home/airflow/.local/lib/python3.12/site-packages/airflow/example_dags/example_skip_dag.py
[2024-08-10T03:18:56.592+0000] {processor.py:830} INFO - Processing file /home/airflow/.local/lib/python3.12/site-packages/airflow/example_dags/example_skip_dag.py for tasks to queue
[2024-08-10T03:18:56.594+0000] {logging_mixin.py:188} INFO - [2024-08-10T03:18:56.594+0000] {dagbag.py:545} INFO - Filling up the DagBag from /home/airflow/.local/lib/python3.12/site-packages/airflow/example_dags/example_skip_dag.py
[2024-08-10T03:18:56.601+0000] {processor.py:840} INFO - DAG(s) 'example_skip_dag' retrieved from /home/airflow/.local/lib/python3.12/site-packages/airflow/example_dags/example_skip_dag.py
[2024-08-10T03:18:56.620+0000] {logging_mixin.py:188} INFO - [2024-08-10T03:18:56.620+0000] {dag.py:3089} INFO - Sync 1 DAGs
[2024-08-10T03:18:56.643+0000] {logging_mixin.py:188} INFO - [2024-08-10T03:18:56.642+0000] {dag.py:3947} INFO - Setting next_dagrun for example_skip_dag to 2024-08-09 00:00:00+00:00, run_after=2024-08-10 00:00:00+00:00
[2024-08-10T03:18:56.664+0000] {processor.py:183} INFO - Processing /home/airflow/.local/lib/python3.12/site-packages/airflow/example_dags/example_skip_dag.py took 0.094 seconds
[2024-08-10T03:19:27.200+0000] {processor.py:161} INFO - Started process (PID=209) to work on /home/airflow/.local/lib/python3.12/site-packages/airflow/example_dags/example_skip_dag.py
[2024-08-10T03:19:27.201+0000] {processor.py:830} INFO - Processing file /home/airflow/.local/lib/python3.12/site-packages/airflow/example_dags/example_skip_dag.py for tasks to queue
[2024-08-10T03:19:27.203+0000] {logging_mixin.py:188} INFO - [2024-08-10T03:19:27.202+0000] {dagbag.py:545} INFO - Filling up the DagBag from /home/airflow/.local/lib/python3.12/site-packages/airflow/example_dags/example_skip_dag.py
[2024-08-10T03:19:27.209+0000] {processor.py:840} INFO - DAG(s) 'example_skip_dag' retrieved from /home/airflow/.local/lib/python3.12/site-packages/airflow/example_dags/example_skip_dag.py
[2024-08-10T03:19:27.234+0000] {logging_mixin.py:188} INFO - [2024-08-10T03:19:27.233+0000] {dag.py:3089} INFO - Sync 1 DAGs
[2024-08-10T03:19:27.259+0000] {logging_mixin.py:188} INFO - [2024-08-10T03:19:27.259+0000] {dag.py:3947} INFO - Setting next_dagrun for example_skip_dag to 2024-08-09 00:00:00+00:00, run_after=2024-08-10 00:00:00+00:00
[2024-08-10T03:19:28.631+0000] {processor.py:183} INFO - Processing /home/airflow/.local/lib/python3.12/site-packages/airflow/example_dags/example_skip_dag.py took 1.443 seconds
[2024-08-10T03:19:59.075+0000] {processor.py:161} INFO - Started process (PID=269) to work on /home/airflow/.local/lib/python3.12/site-packages/airflow/example_dags/example_skip_dag.py
[2024-08-10T03:19:59.082+0000] {processor.py:830} INFO - Processing file /home/airflow/.local/lib/python3.12/site-packages/airflow/example_dags/example_skip_dag.py for tasks to queue
[2024-08-10T03:19:59.087+0000] {logging_mixin.py:188} INFO - [2024-08-10T03:19:59.087+0000] {dagbag.py:545} INFO - Filling up the DagBag from /home/airflow/.local/lib/python3.12/site-packages/airflow/example_dags/example_skip_dag.py
[2024-08-10T03:19:59.104+0000] {processor.py:840} INFO - DAG(s) 'example_skip_dag' retrieved from /home/airflow/.local/lib/python3.12/site-packages/airflow/example_dags/example_skip_dag.py
[2024-08-10T03:19:59.146+0000] {logging_mixin.py:188} INFO - [2024-08-10T03:19:59.145+0000] {dag.py:3089} INFO - Sync 1 DAGs
[2024-08-10T03:19:59.207+0000] {logging_mixin.py:188} INFO - [2024-08-10T03:19:59.207+0000] {dag.py:3947} INFO - Setting next_dagrun for example_skip_dag to 2024-08-09 00:00:00+00:00, run_after=2024-08-10 00:00:00+00:00
[2024-08-10T03:19:59.256+0000] {processor.py:183} INFO - Processing /home/airflow/.local/lib/python3.12/site-packages/airflow/example_dags/example_skip_dag.py took 0.193 seconds
[2024-08-10T03:20:29.400+0000] {processor.py:161} INFO - Started process (PID=330) to work on /home/airflow/.local/lib/python3.12/site-packages/airflow/example_dags/example_skip_dag.py
[2024-08-10T03:20:29.459+0000] {processor.py:830} INFO - Processing file /home/airflow/.local/lib/python3.12/site-packages/airflow/example_dags/example_skip_dag.py for tasks to queue
[2024-08-10T03:20:29.468+0000] {logging_mixin.py:188} INFO - [2024-08-10T03:20:29.468+0000] {dagbag.py:545} INFO - Filling up the DagBag from /home/airflow/.local/lib/python3.12/site-packages/airflow/example_dags/example_skip_dag.py
[2024-08-10T03:20:29.525+0000] {processor.py:840} INFO - DAG(s) 'example_skip_dag' retrieved from /home/airflow/.local/lib/python3.12/site-packages/airflow/example_dags/example_skip_dag.py
[2024-08-10T03:20:29.575+0000] {logging_mixin.py:188} INFO - [2024-08-10T03:20:29.575+0000] {dag.py:3089} INFO - Sync 1 DAGs
[2024-08-10T03:20:29.628+0000] {logging_mixin.py:188} INFO - [2024-08-10T03:20:29.627+0000] {dag.py:3947} INFO - Setting next_dagrun for example_skip_dag to 2024-08-09 00:00:00+00:00, run_after=2024-08-10 00:00:00+00:00
[2024-08-10T03:20:29.733+0000] {processor.py:183} INFO - Processing /home/airflow/.local/lib/python3.12/site-packages/airflow/example_dags/example_skip_dag.py took 0.345 seconds
[2024-08-10T03:21:06.770+0000] {processor.py:161} INFO - Started process (PID=397) to work on /home/airflow/.local/lib/python3.12/site-packages/airflow/example_dags/example_skip_dag.py
[2024-08-10T03:21:06.785+0000] {processor.py:830} INFO - Processing file /home/airflow/.local/lib/python3.12/site-packages/airflow/example_dags/example_skip_dag.py for tasks to queue
[2024-08-10T03:21:06.824+0000] {logging_mixin.py:188} INFO - [2024-08-10T03:21:06.821+0000] {dagbag.py:545} INFO - Filling up the DagBag from /home/airflow/.local/lib/python3.12/site-packages/airflow/example_dags/example_skip_dag.py
[2024-08-10T03:21:06.906+0000] {processor.py:840} INFO - DAG(s) 'example_skip_dag' retrieved from /home/airflow/.local/lib/python3.12/site-packages/airflow/example_dags/example_skip_dag.py
[2024-08-10T03:21:07.090+0000] {logging_mixin.py:188} INFO - [2024-08-10T03:21:07.090+0000] {dag.py:3089} INFO - Sync 1 DAGs
[2024-08-10T03:21:07.202+0000] {logging_mixin.py:188} INFO - [2024-08-10T03:21:07.201+0000] {dag.py:3947} INFO - Setting next_dagrun for example_skip_dag to 2024-08-09 00:00:00+00:00, run_after=2024-08-10 00:00:00+00:00
[2024-08-10T03:21:07.283+0000] {processor.py:183} INFO - Processing /home/airflow/.local/lib/python3.12/site-packages/airflow/example_dags/example_skip_dag.py took 0.533 seconds
[2024-08-10T03:21:37.407+0000] {processor.py:161} INFO - Started process (PID=455) to work on /home/airflow/.local/lib/python3.12/site-packages/airflow/example_dags/example_skip_dag.py
[2024-08-10T03:21:37.410+0000] {processor.py:830} INFO - Processing file /home/airflow/.local/lib/python3.12/site-packages/airflow/example_dags/example_skip_dag.py for tasks to queue
[2024-08-10T03:21:37.413+0000] {logging_mixin.py:188} INFO - [2024-08-10T03:21:37.413+0000] {dagbag.py:545} INFO - Filling up the DagBag from /home/airflow/.local/lib/python3.12/site-packages/airflow/example_dags/example_skip_dag.py
[2024-08-10T03:21:37.423+0000] {processor.py:840} INFO - DAG(s) 'example_skip_dag' retrieved from /home/airflow/.local/lib/python3.12/site-packages/airflow/example_dags/example_skip_dag.py
[2024-08-10T03:21:37.447+0000] {logging_mixin.py:188} INFO - [2024-08-10T03:21:37.447+0000] {dag.py:3089} INFO - Sync 1 DAGs
[2024-08-10T03:21:37.473+0000] {logging_mixin.py:188} INFO - [2024-08-10T03:21:37.472+0000] {dag.py:3947} INFO - Setting next_dagrun for example_skip_dag to 2024-08-09 00:00:00+00:00, run_after=2024-08-10 00:00:00+00:00
[2024-08-10T03:21:37.493+0000] {processor.py:183} INFO - Processing /home/airflow/.local/lib/python3.12/site-packages/airflow/example_dags/example_skip_dag.py took 0.093 seconds
[2024-08-10T03:22:07.736+0000] {processor.py:161} INFO - Started process (PID=515) to work on /home/airflow/.local/lib/python3.12/site-packages/airflow/example_dags/example_skip_dag.py
[2024-08-10T03:22:07.737+0000] {processor.py:830} INFO - Processing file /home/airflow/.local/lib/python3.12/site-packages/airflow/example_dags/example_skip_dag.py for tasks to queue
[2024-08-10T03:22:07.739+0000] {logging_mixin.py:188} INFO - [2024-08-10T03:22:07.739+0000] {dagbag.py:545} INFO - Filling up the DagBag from /home/airflow/.local/lib/python3.12/site-packages/airflow/example_dags/example_skip_dag.py
[2024-08-10T03:22:07.747+0000] {processor.py:840} INFO - DAG(s) 'example_skip_dag' retrieved from /home/airflow/.local/lib/python3.12/site-packages/airflow/example_dags/example_skip_dag.py
[2024-08-10T03:22:07.776+0000] {logging_mixin.py:188} INFO - [2024-08-10T03:22:07.776+0000] {dag.py:3089} INFO - Sync 1 DAGs
[2024-08-10T03:22:07.803+0000] {logging_mixin.py:188} INFO - [2024-08-10T03:22:07.803+0000] {dag.py:3947} INFO - Setting next_dagrun for example_skip_dag to 2024-08-09 00:00:00+00:00, run_after=2024-08-10 00:00:00+00:00
[2024-08-10T03:22:07.828+0000] {processor.py:183} INFO - Processing /home/airflow/.local/lib/python3.12/site-packages/airflow/example_dags/example_skip_dag.py took 0.097 seconds
[2024-08-10T03:22:38.187+0000] {processor.py:161} INFO - Started process (PID=575) to work on /home/airflow/.local/lib/python3.12/site-packages/airflow/example_dags/example_skip_dag.py
[2024-08-10T03:22:38.188+0000] {processor.py:830} INFO - Processing file /home/airflow/.local/lib/python3.12/site-packages/airflow/example_dags/example_skip_dag.py for tasks to queue
[2024-08-10T03:22:38.191+0000] {logging_mixin.py:188} INFO - [2024-08-10T03:22:38.190+0000] {dagbag.py:545} INFO - Filling up the DagBag from /home/airflow/.local/lib/python3.12/site-packages/airflow/example_dags/example_skip_dag.py
[2024-08-10T03:22:38.199+0000] {processor.py:840} INFO - DAG(s) 'example_skip_dag' retrieved from /home/airflow/.local/lib/python3.12/site-packages/airflow/example_dags/example_skip_dag.py
[2024-08-10T03:22:38.222+0000] {logging_mixin.py:188} INFO - [2024-08-10T03:22:38.222+0000] {dag.py:3089} INFO - Sync 1 DAGs
[2024-08-10T03:22:38.245+0000] {logging_mixin.py:188} INFO - [2024-08-10T03:22:38.245+0000] {dag.py:3947} INFO - Setting next_dagrun for example_skip_dag to 2024-08-09 00:00:00+00:00, run_after=2024-08-10 00:00:00+00:00
[2024-08-10T03:22:38.267+0000] {processor.py:183} INFO - Processing /home/airflow/.local/lib/python3.12/site-packages/airflow/example_dags/example_skip_dag.py took 0.086 seconds
[2024-08-10T03:23:08.700+0000] {processor.py:161} INFO - Started process (PID=635) to work on /home/airflow/.local/lib/python3.12/site-packages/airflow/example_dags/example_skip_dag.py
[2024-08-10T03:23:08.701+0000] {processor.py:830} INFO - Processing file /home/airflow/.local/lib/python3.12/site-packages/airflow/example_dags/example_skip_dag.py for tasks to queue
[2024-08-10T03:23:08.703+0000] {logging_mixin.py:188} INFO - [2024-08-10T03:23:08.703+0000] {dagbag.py:545} INFO - Filling up the DagBag from /home/airflow/.local/lib/python3.12/site-packages/airflow/example_dags/example_skip_dag.py
[2024-08-10T03:23:08.711+0000] {processor.py:840} INFO - DAG(s) 'example_skip_dag' retrieved from /home/airflow/.local/lib/python3.12/site-packages/airflow/example_dags/example_skip_dag.py
[2024-08-10T03:23:08.733+0000] {logging_mixin.py:188} INFO - [2024-08-10T03:23:08.733+0000] {dag.py:3089} INFO - Sync 1 DAGs
[2024-08-10T03:23:08.757+0000] {logging_mixin.py:188} INFO - [2024-08-10T03:23:08.757+0000] {dag.py:3947} INFO - Setting next_dagrun for example_skip_dag to 2024-08-09 00:00:00+00:00, run_after=2024-08-10 00:00:00+00:00
[2024-08-10T03:23:08.881+0000] {processor.py:183} INFO - Processing /home/airflow/.local/lib/python3.12/site-packages/airflow/example_dags/example_skip_dag.py took 0.186 seconds
[2024-08-10T03:23:38.952+0000] {processor.py:161} INFO - Started process (PID=695) to work on /home/airflow/.local/lib/python3.12/site-packages/airflow/example_dags/example_skip_dag.py
[2024-08-10T03:23:38.954+0000] {processor.py:830} INFO - Processing file /home/airflow/.local/lib/python3.12/site-packages/airflow/example_dags/example_skip_dag.py for tasks to queue
[2024-08-10T03:23:38.956+0000] {logging_mixin.py:188} INFO - [2024-08-10T03:23:38.956+0000] {dagbag.py:545} INFO - Filling up the DagBag from /home/airflow/.local/lib/python3.12/site-packages/airflow/example_dags/example_skip_dag.py
[2024-08-10T03:23:38.964+0000] {processor.py:840} INFO - DAG(s) 'example_skip_dag' retrieved from /home/airflow/.local/lib/python3.12/site-packages/airflow/example_dags/example_skip_dag.py
[2024-08-10T03:23:38.989+0000] {logging_mixin.py:188} INFO - [2024-08-10T03:23:38.989+0000] {dag.py:3089} INFO - Sync 1 DAGs
[2024-08-10T03:23:39.014+0000] {logging_mixin.py:188} INFO - [2024-08-10T03:23:39.014+0000] {dag.py:3947} INFO - Setting next_dagrun for example_skip_dag to 2024-08-09 00:00:00+00:00, run_after=2024-08-10 00:00:00+00:00
[2024-08-10T03:23:39.037+0000] {processor.py:183} INFO - Processing /home/airflow/.local/lib/python3.12/site-packages/airflow/example_dags/example_skip_dag.py took 0.091 seconds
[2024-08-10T03:24:09.653+0000] {processor.py:161} INFO - Started process (PID=756) to work on /home/airflow/.local/lib/python3.12/site-packages/airflow/example_dags/example_skip_dag.py
[2024-08-10T03:24:09.654+0000] {processor.py:830} INFO - Processing file /home/airflow/.local/lib/python3.12/site-packages/airflow/example_dags/example_skip_dag.py for tasks to queue
[2024-08-10T03:24:09.659+0000] {logging_mixin.py:188} INFO - [2024-08-10T03:24:09.658+0000] {dagbag.py:545} INFO - Filling up the DagBag from /home/airflow/.local/lib/python3.12/site-packages/airflow/example_dags/example_skip_dag.py
[2024-08-10T03:24:09.674+0000] {processor.py:840} INFO - DAG(s) 'example_skip_dag' retrieved from /home/airflow/.local/lib/python3.12/site-packages/airflow/example_dags/example_skip_dag.py
[2024-08-10T03:24:09.710+0000] {logging_mixin.py:188} INFO - [2024-08-10T03:24:09.709+0000] {dag.py:3089} INFO - Sync 1 DAGs
[2024-08-10T03:24:09.741+0000] {logging_mixin.py:188} INFO - [2024-08-10T03:24:09.740+0000] {dag.py:3947} INFO - Setting next_dagrun for example_skip_dag to 2024-08-09 00:00:00+00:00, run_after=2024-08-10 00:00:00+00:00
[2024-08-10T03:24:09.770+0000] {processor.py:183} INFO - Processing /home/airflow/.local/lib/python3.12/site-packages/airflow/example_dags/example_skip_dag.py took 0.125 seconds
[2024-08-10T03:24:40.617+0000] {processor.py:161} INFO - Started process (PID=816) to work on /home/airflow/.local/lib/python3.12/site-packages/airflow/example_dags/example_skip_dag.py
[2024-08-10T03:24:40.618+0000] {processor.py:830} INFO - Processing file /home/airflow/.local/lib/python3.12/site-packages/airflow/example_dags/example_skip_dag.py for tasks to queue
[2024-08-10T03:24:40.621+0000] {logging_mixin.py:188} INFO - [2024-08-10T03:24:40.620+0000] {dagbag.py:545} INFO - Filling up the DagBag from /home/airflow/.local/lib/python3.12/site-packages/airflow/example_dags/example_skip_dag.py
[2024-08-10T03:24:40.629+0000] {processor.py:840} INFO - DAG(s) 'example_skip_dag' retrieved from /home/airflow/.local/lib/python3.12/site-packages/airflow/example_dags/example_skip_dag.py
[2024-08-10T03:24:40.653+0000] {logging_mixin.py:188} INFO - [2024-08-10T03:24:40.652+0000] {dag.py:3089} INFO - Sync 1 DAGs
[2024-08-10T03:24:40.685+0000] {logging_mixin.py:188} INFO - [2024-08-10T03:24:40.685+0000] {dag.py:3947} INFO - Setting next_dagrun for example_skip_dag to 2024-08-09 00:00:00+00:00, run_after=2024-08-10 00:00:00+00:00
[2024-08-10T03:24:40.715+0000] {processor.py:183} INFO - Processing /home/airflow/.local/lib/python3.12/site-packages/airflow/example_dags/example_skip_dag.py took 0.106 seconds
[2024-08-10T03:25:10.805+0000] {processor.py:161} INFO - Started process (PID=873) to work on /home/airflow/.local/lib/python3.12/site-packages/airflow/example_dags/example_skip_dag.py
[2024-08-10T03:25:10.806+0000] {processor.py:830} INFO - Processing file /home/airflow/.local/lib/python3.12/site-packages/airflow/example_dags/example_skip_dag.py for tasks to queue
[2024-08-10T03:25:10.808+0000] {logging_mixin.py:188} INFO - [2024-08-10T03:25:10.808+0000] {dagbag.py:545} INFO - Filling up the DagBag from /home/airflow/.local/lib/python3.12/site-packages/airflow/example_dags/example_skip_dag.py
[2024-08-10T03:25:10.815+0000] {processor.py:840} INFO - DAG(s) 'example_skip_dag' retrieved from /home/airflow/.local/lib/python3.12/site-packages/airflow/example_dags/example_skip_dag.py
[2024-08-10T03:25:10.836+0000] {logging_mixin.py:188} INFO - [2024-08-10T03:25:10.836+0000] {dag.py:3089} INFO - Sync 1 DAGs
[2024-08-10T03:25:10.860+0000] {logging_mixin.py:188} INFO - [2024-08-10T03:25:10.860+0000] {dag.py:3947} INFO - Setting next_dagrun for example_skip_dag to 2024-08-09 00:00:00+00:00, run_after=2024-08-10 00:00:00+00:00
[2024-08-10T03:25:10.901+0000] {processor.py:183} INFO - Processing /home/airflow/.local/lib/python3.12/site-packages/airflow/example_dags/example_skip_dag.py took 0.102 seconds
[2024-08-10T03:25:41.786+0000] {processor.py:161} INFO - Started process (PID=933) to work on /home/airflow/.local/lib/python3.12/site-packages/airflow/example_dags/example_skip_dag.py
[2024-08-10T03:25:41.788+0000] {processor.py:830} INFO - Processing file /home/airflow/.local/lib/python3.12/site-packages/airflow/example_dags/example_skip_dag.py for tasks to queue
[2024-08-10T03:25:41.807+0000] {logging_mixin.py:188} INFO - [2024-08-10T03:25:41.806+0000] {dagbag.py:545} INFO - Filling up the DagBag from /home/airflow/.local/lib/python3.12/site-packages/airflow/example_dags/example_skip_dag.py
[2024-08-10T03:25:41.836+0000] {processor.py:840} INFO - DAG(s) 'example_skip_dag' retrieved from /home/airflow/.local/lib/python3.12/site-packages/airflow/example_dags/example_skip_dag.py
[2024-08-10T03:25:41.925+0000] {logging_mixin.py:188} INFO - [2024-08-10T03:25:41.924+0000] {dag.py:3089} INFO - Sync 1 DAGs
[2024-08-10T03:25:42.015+0000] {logging_mixin.py:188} INFO - [2024-08-10T03:25:42.015+0000] {dag.py:3947} INFO - Setting next_dagrun for example_skip_dag to 2024-08-09 00:00:00+00:00, run_after=2024-08-10 00:00:00+00:00
[2024-08-10T03:25:42.083+0000] {processor.py:183} INFO - Processing /home/airflow/.local/lib/python3.12/site-packages/airflow/example_dags/example_skip_dag.py took 0.317 seconds
[2024-08-10T03:26:12.577+0000] {processor.py:161} INFO - Started process (PID=991) to work on /home/airflow/.local/lib/python3.12/site-packages/airflow/example_dags/example_skip_dag.py
[2024-08-10T03:26:12.578+0000] {processor.py:830} INFO - Processing file /home/airflow/.local/lib/python3.12/site-packages/airflow/example_dags/example_skip_dag.py for tasks to queue
[2024-08-10T03:26:12.581+0000] {logging_mixin.py:188} INFO - [2024-08-10T03:26:12.580+0000] {dagbag.py:545} INFO - Filling up the DagBag from /home/airflow/.local/lib/python3.12/site-packages/airflow/example_dags/example_skip_dag.py
[2024-08-10T03:26:12.588+0000] {processor.py:840} INFO - DAG(s) 'example_skip_dag' retrieved from /home/airflow/.local/lib/python3.12/site-packages/airflow/example_dags/example_skip_dag.py
[2024-08-10T03:26:12.611+0000] {logging_mixin.py:188} INFO - [2024-08-10T03:26:12.610+0000] {dag.py:3089} INFO - Sync 1 DAGs
[2024-08-10T03:26:12.642+0000] {logging_mixin.py:188} INFO - [2024-08-10T03:26:12.642+0000] {dag.py:3947} INFO - Setting next_dagrun for example_skip_dag to 2024-08-09 00:00:00+00:00, run_after=2024-08-10 00:00:00+00:00
[2024-08-10T03:26:12.679+0000] {processor.py:183} INFO - Processing /home/airflow/.local/lib/python3.12/site-packages/airflow/example_dags/example_skip_dag.py took 0.109 seconds
[2024-08-10T03:26:43.220+0000] {processor.py:161} INFO - Started process (PID=1053) to work on /home/airflow/.local/lib/python3.12/site-packages/airflow/example_dags/example_skip_dag.py
[2024-08-10T03:26:43.221+0000] {processor.py:830} INFO - Processing file /home/airflow/.local/lib/python3.12/site-packages/airflow/example_dags/example_skip_dag.py for tasks to queue
[2024-08-10T03:26:43.223+0000] {logging_mixin.py:188} INFO - [2024-08-10T03:26:43.223+0000] {dagbag.py:545} INFO - Filling up the DagBag from /home/airflow/.local/lib/python3.12/site-packages/airflow/example_dags/example_skip_dag.py
[2024-08-10T03:26:43.230+0000] {processor.py:840} INFO - DAG(s) 'example_skip_dag' retrieved from /home/airflow/.local/lib/python3.12/site-packages/airflow/example_dags/example_skip_dag.py
[2024-08-10T03:26:43.257+0000] {logging_mixin.py:188} INFO - [2024-08-10T03:26:43.256+0000] {dag.py:3089} INFO - Sync 1 DAGs
[2024-08-10T03:26:43.287+0000] {logging_mixin.py:188} INFO - [2024-08-10T03:26:43.286+0000] {dag.py:3947} INFO - Setting next_dagrun for example_skip_dag to 2024-08-09 00:00:00+00:00, run_after=2024-08-10 00:00:00+00:00
[2024-08-10T03:26:43.323+0000] {processor.py:183} INFO - Processing /home/airflow/.local/lib/python3.12/site-packages/airflow/example_dags/example_skip_dag.py took 0.110 seconds
[2024-08-10T03:27:14.132+0000] {processor.py:161} INFO - Started process (PID=1113) to work on /home/airflow/.local/lib/python3.12/site-packages/airflow/example_dags/example_skip_dag.py
[2024-08-10T03:27:14.139+0000] {processor.py:830} INFO - Processing file /home/airflow/.local/lib/python3.12/site-packages/airflow/example_dags/example_skip_dag.py for tasks to queue
[2024-08-10T03:27:14.142+0000] {logging_mixin.py:188} INFO - [2024-08-10T03:27:14.142+0000] {dagbag.py:545} INFO - Filling up the DagBag from /home/airflow/.local/lib/python3.12/site-packages/airflow/example_dags/example_skip_dag.py
[2024-08-10T03:27:14.152+0000] {processor.py:840} INFO - DAG(s) 'example_skip_dag' retrieved from /home/airflow/.local/lib/python3.12/site-packages/airflow/example_dags/example_skip_dag.py
[2024-08-10T03:27:14.173+0000] {logging_mixin.py:188} INFO - [2024-08-10T03:27:14.172+0000] {dag.py:3089} INFO - Sync 1 DAGs
[2024-08-10T03:27:14.210+0000] {logging_mixin.py:188} INFO - [2024-08-10T03:27:14.209+0000] {dag.py:3947} INFO - Setting next_dagrun for example_skip_dag to 2024-08-09 00:00:00+00:00, run_after=2024-08-10 00:00:00+00:00
[2024-08-10T03:27:14.242+0000] {processor.py:183} INFO - Processing /home/airflow/.local/lib/python3.12/site-packages/airflow/example_dags/example_skip_dag.py took 0.118 seconds
[2024-08-10T03:27:44.324+0000] {processor.py:161} INFO - Started process (PID=1173) to work on /home/airflow/.local/lib/python3.12/site-packages/airflow/example_dags/example_skip_dag.py
[2024-08-10T03:27:44.325+0000] {processor.py:830} INFO - Processing file /home/airflow/.local/lib/python3.12/site-packages/airflow/example_dags/example_skip_dag.py for tasks to queue
[2024-08-10T03:27:44.327+0000] {logging_mixin.py:188} INFO - [2024-08-10T03:27:44.327+0000] {dagbag.py:545} INFO - Filling up the DagBag from /home/airflow/.local/lib/python3.12/site-packages/airflow/example_dags/example_skip_dag.py
[2024-08-10T03:27:44.334+0000] {processor.py:840} INFO - DAG(s) 'example_skip_dag' retrieved from /home/airflow/.local/lib/python3.12/site-packages/airflow/example_dags/example_skip_dag.py
[2024-08-10T03:27:44.375+0000] {logging_mixin.py:188} INFO - [2024-08-10T03:27:44.374+0000] {dag.py:3089} INFO - Sync 1 DAGs
[2024-08-10T03:27:44.403+0000] {logging_mixin.py:188} INFO - [2024-08-10T03:27:44.403+0000] {dag.py:3947} INFO - Setting next_dagrun for example_skip_dag to 2024-08-09 00:00:00+00:00, run_after=2024-08-10 00:00:00+00:00
[2024-08-10T03:27:44.441+0000] {processor.py:183} INFO - Processing /home/airflow/.local/lib/python3.12/site-packages/airflow/example_dags/example_skip_dag.py took 0.124 seconds
[2024-08-10T03:28:14.792+0000] {processor.py:161} INFO - Started process (PID=1233) to work on /home/airflow/.local/lib/python3.12/site-packages/airflow/example_dags/example_skip_dag.py
[2024-08-10T03:28:14.792+0000] {processor.py:830} INFO - Processing file /home/airflow/.local/lib/python3.12/site-packages/airflow/example_dags/example_skip_dag.py for tasks to queue
[2024-08-10T03:28:14.794+0000] {logging_mixin.py:188} INFO - [2024-08-10T03:28:14.794+0000] {dagbag.py:545} INFO - Filling up the DagBag from /home/airflow/.local/lib/python3.12/site-packages/airflow/example_dags/example_skip_dag.py
[2024-08-10T03:28:14.802+0000] {processor.py:840} INFO - DAG(s) 'example_skip_dag' retrieved from /home/airflow/.local/lib/python3.12/site-packages/airflow/example_dags/example_skip_dag.py
[2024-08-10T03:28:14.823+0000] {logging_mixin.py:188} INFO - [2024-08-10T03:28:14.823+0000] {dag.py:3089} INFO - Sync 1 DAGs
[2024-08-10T03:28:14.852+0000] {logging_mixin.py:188} INFO - [2024-08-10T03:28:14.852+0000] {dag.py:3947} INFO - Setting next_dagrun for example_skip_dag to 2024-08-09 00:00:00+00:00, run_after=2024-08-10 00:00:00+00:00
[2024-08-10T03:28:14.885+0000] {processor.py:183} INFO - Processing /home/airflow/.local/lib/python3.12/site-packages/airflow/example_dags/example_skip_dag.py took 0.099 seconds
[2024-08-10T03:28:45.466+0000] {processor.py:161} INFO - Started process (PID=1293) to work on /home/airflow/.local/lib/python3.12/site-packages/airflow/example_dags/example_skip_dag.py
[2024-08-10T03:28:45.467+0000] {processor.py:830} INFO - Processing file /home/airflow/.local/lib/python3.12/site-packages/airflow/example_dags/example_skip_dag.py for tasks to queue
[2024-08-10T03:28:45.471+0000] {logging_mixin.py:188} INFO - [2024-08-10T03:28:45.470+0000] {dagbag.py:545} INFO - Filling up the DagBag from /home/airflow/.local/lib/python3.12/site-packages/airflow/example_dags/example_skip_dag.py
[2024-08-10T03:28:45.478+0000] {processor.py:840} INFO - DAG(s) 'example_skip_dag' retrieved from /home/airflow/.local/lib/python3.12/site-packages/airflow/example_dags/example_skip_dag.py
[2024-08-10T03:28:45.526+0000] {logging_mixin.py:188} INFO - [2024-08-10T03:28:45.526+0000] {dag.py:3089} INFO - Sync 1 DAGs
[2024-08-10T03:28:45.559+0000] {logging_mixin.py:188} INFO - [2024-08-10T03:28:45.559+0000] {dag.py:3947} INFO - Setting next_dagrun for example_skip_dag to 2024-08-09 00:00:00+00:00, run_after=2024-08-10 00:00:00+00:00
[2024-08-10T03:28:45.599+0000] {processor.py:183} INFO - Processing /home/airflow/.local/lib/python3.12/site-packages/airflow/example_dags/example_skip_dag.py took 0.140 seconds
[2024-08-10T03:29:18.152+0000] {processor.py:161} INFO - Started process (PID=1353) to work on /home/airflow/.local/lib/python3.12/site-packages/airflow/example_dags/example_skip_dag.py
[2024-08-10T03:29:18.176+0000] {processor.py:830} INFO - Processing file /home/airflow/.local/lib/python3.12/site-packages/airflow/example_dags/example_skip_dag.py for tasks to queue
[2024-08-10T03:29:18.179+0000] {logging_mixin.py:188} INFO - [2024-08-10T03:29:18.179+0000] {dagbag.py:545} INFO - Filling up the DagBag from /home/airflow/.local/lib/python3.12/site-packages/airflow/example_dags/example_skip_dag.py
[2024-08-10T03:29:18.234+0000] {processor.py:840} INFO - DAG(s) 'example_skip_dag' retrieved from /home/airflow/.local/lib/python3.12/site-packages/airflow/example_dags/example_skip_dag.py
[2024-08-10T03:29:19.081+0000] {logging_mixin.py:188} INFO - [2024-08-10T03:29:19.080+0000] {dag.py:3089} INFO - Sync 1 DAGs
[2024-08-10T03:29:19.610+0000] {logging_mixin.py:188} INFO - [2024-08-10T03:29:19.609+0000] {dag.py:3947} INFO - Setting next_dagrun for example_skip_dag to 2024-08-09 00:00:00+00:00, run_after=2024-08-10 00:00:00+00:00
[2024-08-10T03:29:19.875+0000] {processor.py:183} INFO - Processing /home/airflow/.local/lib/python3.12/site-packages/airflow/example_dags/example_skip_dag.py took 1.750 seconds
[2024-08-10T03:29:50.226+0000] {processor.py:161} INFO - Started process (PID=1411) to work on /home/airflow/.local/lib/python3.12/site-packages/airflow/example_dags/example_skip_dag.py
[2024-08-10T03:29:50.229+0000] {processor.py:830} INFO - Processing file /home/airflow/.local/lib/python3.12/site-packages/airflow/example_dags/example_skip_dag.py for tasks to queue
[2024-08-10T03:29:50.282+0000] {logging_mixin.py:188} INFO - [2024-08-10T03:29:50.269+0000] {dagbag.py:545} INFO - Filling up the DagBag from /home/airflow/.local/lib/python3.12/site-packages/airflow/example_dags/example_skip_dag.py
[2024-08-10T03:29:50.420+0000] {processor.py:840} INFO - DAG(s) 'example_skip_dag' retrieved from /home/airflow/.local/lib/python3.12/site-packages/airflow/example_dags/example_skip_dag.py
[2024-08-10T03:29:50.754+0000] {logging_mixin.py:188} INFO - [2024-08-10T03:29:50.754+0000] {dag.py:3089} INFO - Sync 1 DAGs
[2024-08-10T03:29:50.973+0000] {logging_mixin.py:188} INFO - [2024-08-10T03:29:50.972+0000] {dag.py:3947} INFO - Setting next_dagrun for example_skip_dag to 2024-08-09 00:00:00+00:00, run_after=2024-08-10 00:00:00+00:00
[2024-08-10T03:29:51.218+0000] {processor.py:183} INFO - Processing /home/airflow/.local/lib/python3.12/site-packages/airflow/example_dags/example_skip_dag.py took 1.037 seconds
[2024-08-10T03:30:40.159+0000] {processor.py:161} INFO - Started process (PID=1477) to work on /home/airflow/.local/lib/python3.12/site-packages/airflow/example_dags/example_skip_dag.py
[2024-08-10T03:30:40.160+0000] {processor.py:830} INFO - Processing file /home/airflow/.local/lib/python3.12/site-packages/airflow/example_dags/example_skip_dag.py for tasks to queue
[2024-08-10T03:30:40.164+0000] {logging_mixin.py:188} INFO - [2024-08-10T03:30:40.163+0000] {dagbag.py:545} INFO - Filling up the DagBag from /home/airflow/.local/lib/python3.12/site-packages/airflow/example_dags/example_skip_dag.py
[2024-08-10T03:30:40.175+0000] {processor.py:840} INFO - DAG(s) 'example_skip_dag' retrieved from /home/airflow/.local/lib/python3.12/site-packages/airflow/example_dags/example_skip_dag.py
[2024-08-10T03:30:40.222+0000] {logging_mixin.py:188} INFO - [2024-08-10T03:30:40.222+0000] {dag.py:3089} INFO - Sync 1 DAGs
[2024-08-10T03:30:40.278+0000] {logging_mixin.py:188} INFO - [2024-08-10T03:30:40.278+0000] {dag.py:3947} INFO - Setting next_dagrun for example_skip_dag to 2024-08-09 00:00:00+00:00, run_after=2024-08-10 00:00:00+00:00
[2024-08-10T03:30:40.317+0000] {processor.py:183} INFO - Processing /home/airflow/.local/lib/python3.12/site-packages/airflow/example_dags/example_skip_dag.py took 0.169 seconds
[2024-08-10T03:31:33.161+0000] {processor.py:161} INFO - Started process (PID=1545) to work on /home/airflow/.local/lib/python3.12/site-packages/airflow/example_dags/example_skip_dag.py
[2024-08-10T03:31:33.162+0000] {processor.py:830} INFO - Processing file /home/airflow/.local/lib/python3.12/site-packages/airflow/example_dags/example_skip_dag.py for tasks to queue
[2024-08-10T03:31:33.163+0000] {logging_mixin.py:188} INFO - [2024-08-10T03:31:33.162+0000] {dagbag.py:545} INFO - Filling up the DagBag from /home/airflow/.local/lib/python3.12/site-packages/airflow/example_dags/example_skip_dag.py
[2024-08-10T03:31:33.171+0000] {processor.py:840} INFO - DAG(s) 'example_skip_dag' retrieved from /home/airflow/.local/lib/python3.12/site-packages/airflow/example_dags/example_skip_dag.py
[2024-08-10T03:31:33.195+0000] {logging_mixin.py:188} INFO - [2024-08-10T03:31:33.195+0000] {dag.py:3089} INFO - Sync 1 DAGs
[2024-08-10T03:31:33.219+0000] {logging_mixin.py:188} INFO - [2024-08-10T03:31:33.219+0000] {dag.py:3947} INFO - Setting next_dagrun for example_skip_dag to 2024-08-09 00:00:00+00:00, run_after=2024-08-10 00:00:00+00:00
[2024-08-10T03:31:33.675+0000] {processor.py:183} INFO - Processing /home/airflow/.local/lib/python3.12/site-packages/airflow/example_dags/example_skip_dag.py took 0.521 seconds
[2024-08-10T03:32:03.893+0000] {processor.py:161} INFO - Started process (PID=1603) to work on /home/airflow/.local/lib/python3.12/site-packages/airflow/example_dags/example_skip_dag.py
[2024-08-10T03:32:03.903+0000] {processor.py:830} INFO - Processing file /home/airflow/.local/lib/python3.12/site-packages/airflow/example_dags/example_skip_dag.py for tasks to queue
[2024-08-10T03:32:03.904+0000] {logging_mixin.py:188} INFO - [2024-08-10T03:32:03.904+0000] {dagbag.py:545} INFO - Filling up the DagBag from /home/airflow/.local/lib/python3.12/site-packages/airflow/example_dags/example_skip_dag.py
[2024-08-10T03:32:03.913+0000] {processor.py:840} INFO - DAG(s) 'example_skip_dag' retrieved from /home/airflow/.local/lib/python3.12/site-packages/airflow/example_dags/example_skip_dag.py
[2024-08-10T03:32:03.949+0000] {logging_mixin.py:188} INFO - [2024-08-10T03:32:03.948+0000] {dag.py:3089} INFO - Sync 1 DAGs
[2024-08-10T03:32:03.985+0000] {logging_mixin.py:188} INFO - [2024-08-10T03:32:03.985+0000] {dag.py:3947} INFO - Setting next_dagrun for example_skip_dag to 2024-08-09 00:00:00+00:00, run_after=2024-08-10 00:00:00+00:00
[2024-08-10T03:32:04.240+0000] {processor.py:183} INFO - Processing /home/airflow/.local/lib/python3.12/site-packages/airflow/example_dags/example_skip_dag.py took 0.356 seconds
[2024-08-10T03:32:43.218+0000] {processor.py:161} INFO - Started process (PID=1663) to work on /home/airflow/.local/lib/python3.12/site-packages/airflow/example_dags/example_skip_dag.py
[2024-08-10T03:32:43.219+0000] {processor.py:830} INFO - Processing file /home/airflow/.local/lib/python3.12/site-packages/airflow/example_dags/example_skip_dag.py for tasks to queue
[2024-08-10T03:32:43.220+0000] {logging_mixin.py:188} INFO - [2024-08-10T03:32:43.219+0000] {dagbag.py:545} INFO - Filling up the DagBag from /home/airflow/.local/lib/python3.12/site-packages/airflow/example_dags/example_skip_dag.py
[2024-08-10T03:32:43.229+0000] {processor.py:840} INFO - DAG(s) 'example_skip_dag' retrieved from /home/airflow/.local/lib/python3.12/site-packages/airflow/example_dags/example_skip_dag.py
[2024-08-10T03:32:43.257+0000] {logging_mixin.py:188} INFO - [2024-08-10T03:32:43.257+0000] {dag.py:3089} INFO - Sync 1 DAGs
[2024-08-10T03:32:43.292+0000] {logging_mixin.py:188} INFO - [2024-08-10T03:32:43.292+0000] {dag.py:3947} INFO - Setting next_dagrun for example_skip_dag to 2024-08-09 00:00:00+00:00, run_after=2024-08-10 00:00:00+00:00
[2024-08-10T03:32:43.540+0000] {processor.py:183} INFO - Processing /home/airflow/.local/lib/python3.12/site-packages/airflow/example_dags/example_skip_dag.py took 0.329 seconds
[2024-08-10T03:33:26.117+0000] {processor.py:161} INFO - Started process (PID=1714) to work on /home/airflow/.local/lib/python3.12/site-packages/airflow/example_dags/example_skip_dag.py
[2024-08-10T03:33:26.118+0000] {processor.py:830} INFO - Processing file /home/airflow/.local/lib/python3.12/site-packages/airflow/example_dags/example_skip_dag.py for tasks to queue
[2024-08-10T03:33:26.120+0000] {logging_mixin.py:188} INFO - [2024-08-10T03:33:26.119+0000] {dagbag.py:545} INFO - Filling up the DagBag from /home/airflow/.local/lib/python3.12/site-packages/airflow/example_dags/example_skip_dag.py
[2024-08-10T03:33:26.135+0000] {processor.py:840} INFO - DAG(s) 'example_skip_dag' retrieved from /home/airflow/.local/lib/python3.12/site-packages/airflow/example_dags/example_skip_dag.py
[2024-08-10T03:33:26.180+0000] {logging_mixin.py:188} INFO - [2024-08-10T03:33:26.180+0000] {dag.py:3089} INFO - Sync 1 DAGs
[2024-08-10T03:33:26.223+0000] {logging_mixin.py:188} INFO - [2024-08-10T03:33:26.223+0000] {dag.py:3947} INFO - Setting next_dagrun for example_skip_dag to 2024-08-09 00:00:00+00:00, run_after=2024-08-10 00:00:00+00:00
[2024-08-10T03:33:26.252+0000] {processor.py:183} INFO - Processing /home/airflow/.local/lib/python3.12/site-packages/airflow/example_dags/example_skip_dag.py took 0.145 seconds
[2024-08-10T03:34:59.898+0000] {processor.py:161} INFO - Started process (PID=1788) to work on /home/airflow/.local/lib/python3.12/site-packages/airflow/example_dags/example_skip_dag.py
[2024-08-10T03:34:59.900+0000] {processor.py:830} INFO - Processing file /home/airflow/.local/lib/python3.12/site-packages/airflow/example_dags/example_skip_dag.py for tasks to queue
[2024-08-10T03:34:59.902+0000] {logging_mixin.py:188} INFO - [2024-08-10T03:34:59.902+0000] {dagbag.py:545} INFO - Filling up the DagBag from /home/airflow/.local/lib/python3.12/site-packages/airflow/example_dags/example_skip_dag.py
[2024-08-10T03:34:59.911+0000] {processor.py:840} INFO - DAG(s) 'example_skip_dag' retrieved from /home/airflow/.local/lib/python3.12/site-packages/airflow/example_dags/example_skip_dag.py
[2024-08-10T03:34:59.937+0000] {logging_mixin.py:188} INFO - [2024-08-10T03:34:59.936+0000] {dag.py:3089} INFO - Sync 1 DAGs
[2024-08-10T03:34:59.960+0000] {logging_mixin.py:188} INFO - [2024-08-10T03:34:59.960+0000] {dag.py:3947} INFO - Setting next_dagrun for example_skip_dag to 2024-08-09 00:00:00+00:00, run_after=2024-08-10 00:00:00+00:00
[2024-08-10T03:35:01.361+0000] {processor.py:183} INFO - Processing /home/airflow/.local/lib/python3.12/site-packages/airflow/example_dags/example_skip_dag.py took 1.472 seconds
[2024-08-10T03:35:43.949+0000] {processor.py:161} INFO - Started process (PID=1848) to work on /home/airflow/.local/lib/python3.12/site-packages/airflow/example_dags/example_skip_dag.py
[2024-08-10T03:35:43.950+0000] {processor.py:830} INFO - Processing file /home/airflow/.local/lib/python3.12/site-packages/airflow/example_dags/example_skip_dag.py for tasks to queue
[2024-08-10T03:35:43.952+0000] {logging_mixin.py:188} INFO - [2024-08-10T03:35:43.951+0000] {dagbag.py:545} INFO - Filling up the DagBag from /home/airflow/.local/lib/python3.12/site-packages/airflow/example_dags/example_skip_dag.py
[2024-08-10T03:35:43.961+0000] {processor.py:840} INFO - DAG(s) 'example_skip_dag' retrieved from /home/airflow/.local/lib/python3.12/site-packages/airflow/example_dags/example_skip_dag.py
[2024-08-10T03:35:43.989+0000] {logging_mixin.py:188} INFO - [2024-08-10T03:35:43.989+0000] {dag.py:3089} INFO - Sync 1 DAGs
[2024-08-10T03:35:44.052+0000] {logging_mixin.py:188} INFO - [2024-08-10T03:35:44.052+0000] {dag.py:3947} INFO - Setting next_dagrun for example_skip_dag to 2024-08-09 00:00:00+00:00, run_after=2024-08-10 00:00:00+00:00
[2024-08-10T03:35:44.654+0000] {processor.py:183} INFO - Processing /home/airflow/.local/lib/python3.12/site-packages/airflow/example_dags/example_skip_dag.py took 0.713 seconds
[2024-08-10T03:36:22.014+0000] {processor.py:161} INFO - Started process (PID=1908) to work on /home/airflow/.local/lib/python3.12/site-packages/airflow/example_dags/example_skip_dag.py
[2024-08-10T03:36:22.016+0000] {processor.py:830} INFO - Processing file /home/airflow/.local/lib/python3.12/site-packages/airflow/example_dags/example_skip_dag.py for tasks to queue
[2024-08-10T03:36:22.017+0000] {logging_mixin.py:188} INFO - [2024-08-10T03:36:22.017+0000] {dagbag.py:545} INFO - Filling up the DagBag from /home/airflow/.local/lib/python3.12/site-packages/airflow/example_dags/example_skip_dag.py
[2024-08-10T03:36:22.034+0000] {processor.py:840} INFO - DAG(s) 'example_skip_dag' retrieved from /home/airflow/.local/lib/python3.12/site-packages/airflow/example_dags/example_skip_dag.py
[2024-08-10T03:36:22.110+0000] {logging_mixin.py:188} INFO - [2024-08-10T03:36:22.109+0000] {dag.py:3089} INFO - Sync 1 DAGs
[2024-08-10T03:36:22.471+0000] {logging_mixin.py:188} INFO - [2024-08-10T03:36:22.471+0000] {dag.py:3947} INFO - Setting next_dagrun for example_skip_dag to 2024-08-09 00:00:00+00:00, run_after=2024-08-10 00:00:00+00:00
[2024-08-10T03:36:38.008+0000] {processor.py:183} INFO - Processing /home/airflow/.local/lib/python3.12/site-packages/airflow/example_dags/example_skip_dag.py took 16.019 seconds
[2024-08-10T03:37:41.637+0000] {processor.py:161} INFO - Started process (PID=1984) to work on /home/airflow/.local/lib/python3.12/site-packages/airflow/example_dags/example_skip_dag.py
[2024-08-10T03:37:41.642+0000] {processor.py:830} INFO - Processing file /home/airflow/.local/lib/python3.12/site-packages/airflow/example_dags/example_skip_dag.py for tasks to queue
[2024-08-10T03:37:41.701+0000] {logging_mixin.py:188} INFO - [2024-08-10T03:37:41.643+0000] {dagbag.py:545} INFO - Filling up the DagBag from /home/airflow/.local/lib/python3.12/site-packages/airflow/example_dags/example_skip_dag.py
[2024-08-10T03:37:41.854+0000] {processor.py:840} INFO - DAG(s) 'example_skip_dag' retrieved from /home/airflow/.local/lib/python3.12/site-packages/airflow/example_dags/example_skip_dag.py
[2024-08-10T03:37:42.150+0000] {logging_mixin.py:188} INFO - [2024-08-10T03:37:42.150+0000] {dag.py:3089} INFO - Sync 1 DAGs
[2024-08-10T03:37:42.307+0000] {logging_mixin.py:188} INFO - [2024-08-10T03:37:42.307+0000] {dag.py:3947} INFO - Setting next_dagrun for example_skip_dag to 2024-08-09 00:00:00+00:00, run_after=2024-08-10 00:00:00+00:00
[2024-08-10T03:37:45.963+0000] {processor.py:183} INFO - Processing /home/airflow/.local/lib/python3.12/site-packages/airflow/example_dags/example_skip_dag.py took 4.518 seconds
[2024-08-10T03:38:24.407+0000] {processor.py:161} INFO - Started process (PID=2045) to work on /home/airflow/.local/lib/python3.12/site-packages/airflow/example_dags/example_skip_dag.py
[2024-08-10T03:38:24.413+0000] {processor.py:830} INFO - Processing file /home/airflow/.local/lib/python3.12/site-packages/airflow/example_dags/example_skip_dag.py for tasks to queue
[2024-08-10T03:38:24.424+0000] {logging_mixin.py:188} INFO - [2024-08-10T03:38:24.423+0000] {dagbag.py:545} INFO - Filling up the DagBag from /home/airflow/.local/lib/python3.12/site-packages/airflow/example_dags/example_skip_dag.py
[2024-08-10T03:38:24.471+0000] {processor.py:840} INFO - DAG(s) 'example_skip_dag' retrieved from /home/airflow/.local/lib/python3.12/site-packages/airflow/example_dags/example_skip_dag.py
[2024-08-10T03:38:24.630+0000] {logging_mixin.py:188} INFO - [2024-08-10T03:38:24.629+0000] {dag.py:3089} INFO - Sync 1 DAGs
[2024-08-10T03:38:24.705+0000] {logging_mixin.py:188} INFO - [2024-08-10T03:38:24.705+0000] {dag.py:3947} INFO - Setting next_dagrun for example_skip_dag to 2024-08-09 00:00:00+00:00, run_after=2024-08-10 00:00:00+00:00
[2024-08-10T03:38:24.830+0000] {processor.py:183} INFO - Processing /home/airflow/.local/lib/python3.12/site-packages/airflow/example_dags/example_skip_dag.py took 0.437 seconds
