[2024-08-10T03:18:10.121+0000] {processor.py:161} INFO - Started process (PID=72) to work on /home/airflow/.local/lib/python3.12/site-packages/airflow/example_dags/example_short_circuit_decorator.py
[2024-08-10T03:18:10.123+0000] {processor.py:830} INFO - Processing file /home/airflow/.local/lib/python3.12/site-packages/airflow/example_dags/example_short_circuit_decorator.py for tasks to queue
[2024-08-10T03:18:10.129+0000] {logging_mixin.py:188} INFO - [2024-08-10T03:18:10.128+0000] {dagbag.py:545} INFO - Filling up the DagBag from /home/airflow/.local/lib/python3.12/site-packages/airflow/example_dags/example_short_circuit_decorator.py
[2024-08-10T03:18:10.142+0000] {processor.py:840} INFO - DAG(s) 'example_short_circuit_decorator' retrieved from /home/airflow/.local/lib/python3.12/site-packages/airflow/example_dags/example_short_circuit_decorator.py
[2024-08-10T03:18:10.178+0000] {logging_mixin.py:188} INFO - [2024-08-10T03:18:10.177+0000] {dag.py:3089} INFO - Sync 1 DAGs
[2024-08-10T03:18:10.214+0000] {logging_mixin.py:188} INFO - [2024-08-10T03:18:10.213+0000] {dag.py:3947} INFO - Setting next_dagrun for example_short_circuit_decorator to 2024-08-09 00:00:00+00:00, run_after=2024-08-10 00:00:00+00:00
[2024-08-10T03:18:10.256+0000] {processor.py:183} INFO - Processing /home/airflow/.local/lib/python3.12/site-packages/airflow/example_dags/example_short_circuit_decorator.py took 0.146 seconds
[2024-08-10T03:18:42.984+0000] {processor.py:161} INFO - Started process (PID=130) to work on /home/airflow/.local/lib/python3.12/site-packages/airflow/example_dags/example_short_circuit_decorator.py
[2024-08-10T03:18:42.985+0000] {processor.py:830} INFO - Processing file /home/airflow/.local/lib/python3.12/site-packages/airflow/example_dags/example_short_circuit_decorator.py for tasks to queue
[2024-08-10T03:18:42.988+0000] {logging_mixin.py:188} INFO - [2024-08-10T03:18:42.987+0000] {dagbag.py:545} INFO - Filling up the DagBag from /home/airflow/.local/lib/python3.12/site-packages/airflow/example_dags/example_short_circuit_decorator.py
[2024-08-10T03:18:43.001+0000] {processor.py:840} INFO - DAG(s) 'example_short_circuit_decorator' retrieved from /home/airflow/.local/lib/python3.12/site-packages/airflow/example_dags/example_short_circuit_decorator.py
[2024-08-10T03:18:43.032+0000] {logging_mixin.py:188} INFO - [2024-08-10T03:18:43.032+0000] {dag.py:3089} INFO - Sync 1 DAGs
[2024-08-10T03:18:43.059+0000] {logging_mixin.py:188} INFO - [2024-08-10T03:18:43.058+0000] {dag.py:3947} INFO - Setting next_dagrun for example_short_circuit_decorator to 2024-08-09 00:00:00+00:00, run_after=2024-08-10 00:00:00+00:00
[2024-08-10T03:18:43.082+0000] {processor.py:183} INFO - Processing /home/airflow/.local/lib/python3.12/site-packages/airflow/example_dags/example_short_circuit_decorator.py took 0.105 seconds
[2024-08-10T03:19:14.687+0000] {processor.py:161} INFO - Started process (PID=190) to work on /home/airflow/.local/lib/python3.12/site-packages/airflow/example_dags/example_short_circuit_decorator.py
[2024-08-10T03:19:14.689+0000] {processor.py:830} INFO - Processing file /home/airflow/.local/lib/python3.12/site-packages/airflow/example_dags/example_short_circuit_decorator.py for tasks to queue
[2024-08-10T03:19:14.709+0000] {logging_mixin.py:188} INFO - [2024-08-10T03:19:14.708+0000] {dagbag.py:545} INFO - Filling up the DagBag from /home/airflow/.local/lib/python3.12/site-packages/airflow/example_dags/example_short_circuit_decorator.py
[2024-08-10T03:19:14.739+0000] {processor.py:840} INFO - DAG(s) 'example_short_circuit_decorator' retrieved from /home/airflow/.local/lib/python3.12/site-packages/airflow/example_dags/example_short_circuit_decorator.py
[2024-08-10T03:19:14.900+0000] {logging_mixin.py:188} INFO - [2024-08-10T03:19:14.899+0000] {dag.py:3089} INFO - Sync 1 DAGs
[2024-08-10T03:19:15.149+0000] {logging_mixin.py:188} INFO - [2024-08-10T03:19:15.116+0000] {dag.py:3947} INFO - Setting next_dagrun for example_short_circuit_decorator to 2024-08-09 00:00:00+00:00, run_after=2024-08-10 00:00:00+00:00
[2024-08-10T03:19:15.251+0000] {processor.py:183} INFO - Processing /home/airflow/.local/lib/python3.12/site-packages/airflow/example_dags/example_short_circuit_decorator.py took 0.569 seconds
[2024-08-10T03:19:45.831+0000] {processor.py:161} INFO - Started process (PID=248) to work on /home/airflow/.local/lib/python3.12/site-packages/airflow/example_dags/example_short_circuit_decorator.py
[2024-08-10T03:19:45.833+0000] {processor.py:830} INFO - Processing file /home/airflow/.local/lib/python3.12/site-packages/airflow/example_dags/example_short_circuit_decorator.py for tasks to queue
[2024-08-10T03:19:45.843+0000] {logging_mixin.py:188} INFO - [2024-08-10T03:19:45.843+0000] {dagbag.py:545} INFO - Filling up the DagBag from /home/airflow/.local/lib/python3.12/site-packages/airflow/example_dags/example_short_circuit_decorator.py
[2024-08-10T03:19:45.860+0000] {processor.py:840} INFO - DAG(s) 'example_short_circuit_decorator' retrieved from /home/airflow/.local/lib/python3.12/site-packages/airflow/example_dags/example_short_circuit_decorator.py
[2024-08-10T03:19:45.905+0000] {logging_mixin.py:188} INFO - [2024-08-10T03:19:45.904+0000] {dag.py:3089} INFO - Sync 1 DAGs
[2024-08-10T03:19:45.940+0000] {logging_mixin.py:188} INFO - [2024-08-10T03:19:45.940+0000] {dag.py:3947} INFO - Setting next_dagrun for example_short_circuit_decorator to 2024-08-09 00:00:00+00:00, run_after=2024-08-10 00:00:00+00:00
[2024-08-10T03:19:45.972+0000] {processor.py:183} INFO - Processing /home/airflow/.local/lib/python3.12/site-packages/airflow/example_dags/example_short_circuit_decorator.py took 0.150 seconds
[2024-08-10T03:20:17.937+0000] {processor.py:161} INFO - Started process (PID=309) to work on /home/airflow/.local/lib/python3.12/site-packages/airflow/example_dags/example_short_circuit_decorator.py
[2024-08-10T03:20:17.938+0000] {processor.py:830} INFO - Processing file /home/airflow/.local/lib/python3.12/site-packages/airflow/example_dags/example_short_circuit_decorator.py for tasks to queue
[2024-08-10T03:20:17.941+0000] {logging_mixin.py:188} INFO - [2024-08-10T03:20:17.940+0000] {dagbag.py:545} INFO - Filling up the DagBag from /home/airflow/.local/lib/python3.12/site-packages/airflow/example_dags/example_short_circuit_decorator.py
[2024-08-10T03:20:17.952+0000] {processor.py:840} INFO - DAG(s) 'example_short_circuit_decorator' retrieved from /home/airflow/.local/lib/python3.12/site-packages/airflow/example_dags/example_short_circuit_decorator.py
[2024-08-10T03:20:17.977+0000] {logging_mixin.py:188} INFO - [2024-08-10T03:20:17.977+0000] {dag.py:3089} INFO - Sync 1 DAGs
[2024-08-10T03:20:18.005+0000] {logging_mixin.py:188} INFO - [2024-08-10T03:20:18.005+0000] {dag.py:3947} INFO - Setting next_dagrun for example_short_circuit_decorator to 2024-08-09 00:00:00+00:00, run_after=2024-08-10 00:00:00+00:00
[2024-08-10T03:20:18.027+0000] {processor.py:183} INFO - Processing /home/airflow/.local/lib/python3.12/site-packages/airflow/example_dags/example_short_circuit_decorator.py took 0.097 seconds
[2024-08-10T03:20:48.780+0000] {processor.py:161} INFO - Started process (PID=369) to work on /home/airflow/.local/lib/python3.12/site-packages/airflow/example_dags/example_short_circuit_decorator.py
[2024-08-10T03:20:48.782+0000] {processor.py:830} INFO - Processing file /home/airflow/.local/lib/python3.12/site-packages/airflow/example_dags/example_short_circuit_decorator.py for tasks to queue
[2024-08-10T03:20:48.784+0000] {logging_mixin.py:188} INFO - [2024-08-10T03:20:48.784+0000] {dagbag.py:545} INFO - Filling up the DagBag from /home/airflow/.local/lib/python3.12/site-packages/airflow/example_dags/example_short_circuit_decorator.py
[2024-08-10T03:20:48.794+0000] {processor.py:840} INFO - DAG(s) 'example_short_circuit_decorator' retrieved from /home/airflow/.local/lib/python3.12/site-packages/airflow/example_dags/example_short_circuit_decorator.py
[2024-08-10T03:20:48.827+0000] {logging_mixin.py:188} INFO - [2024-08-10T03:20:48.827+0000] {dag.py:3089} INFO - Sync 1 DAGs
[2024-08-10T03:20:48.849+0000] {logging_mixin.py:188} INFO - [2024-08-10T03:20:48.849+0000] {dag.py:3947} INFO - Setting next_dagrun for example_short_circuit_decorator to 2024-08-09 00:00:00+00:00, run_after=2024-08-10 00:00:00+00:00
[2024-08-10T03:20:48.869+0000] {processor.py:183} INFO - Processing /home/airflow/.local/lib/python3.12/site-packages/airflow/example_dags/example_short_circuit_decorator.py took 0.095 seconds
[2024-08-10T03:21:19.192+0000] {processor.py:161} INFO - Started process (PID=428) to work on /home/airflow/.local/lib/python3.12/site-packages/airflow/example_dags/example_short_circuit_decorator.py
[2024-08-10T03:21:19.193+0000] {processor.py:830} INFO - Processing file /home/airflow/.local/lib/python3.12/site-packages/airflow/example_dags/example_short_circuit_decorator.py for tasks to queue
[2024-08-10T03:21:19.195+0000] {logging_mixin.py:188} INFO - [2024-08-10T03:21:19.194+0000] {dagbag.py:545} INFO - Filling up the DagBag from /home/airflow/.local/lib/python3.12/site-packages/airflow/example_dags/example_short_circuit_decorator.py
[2024-08-10T03:21:19.205+0000] {processor.py:840} INFO - DAG(s) 'example_short_circuit_decorator' retrieved from /home/airflow/.local/lib/python3.12/site-packages/airflow/example_dags/example_short_circuit_decorator.py
[2024-08-10T03:21:19.228+0000] {logging_mixin.py:188} INFO - [2024-08-10T03:21:19.228+0000] {dag.py:3089} INFO - Sync 1 DAGs
[2024-08-10T03:21:19.251+0000] {logging_mixin.py:188} INFO - [2024-08-10T03:21:19.251+0000] {dag.py:3947} INFO - Setting next_dagrun for example_short_circuit_decorator to 2024-08-09 00:00:00+00:00, run_after=2024-08-10 00:00:00+00:00
[2024-08-10T03:21:19.277+0000] {processor.py:183} INFO - Processing /home/airflow/.local/lib/python3.12/site-packages/airflow/example_dags/example_short_circuit_decorator.py took 0.092 seconds
[2024-08-10T03:21:49.458+0000] {processor.py:161} INFO - Started process (PID=488) to work on /home/airflow/.local/lib/python3.12/site-packages/airflow/example_dags/example_short_circuit_decorator.py
[2024-08-10T03:21:49.459+0000] {processor.py:830} INFO - Processing file /home/airflow/.local/lib/python3.12/site-packages/airflow/example_dags/example_short_circuit_decorator.py for tasks to queue
[2024-08-10T03:21:49.461+0000] {logging_mixin.py:188} INFO - [2024-08-10T03:21:49.461+0000] {dagbag.py:545} INFO - Filling up the DagBag from /home/airflow/.local/lib/python3.12/site-packages/airflow/example_dags/example_short_circuit_decorator.py
[2024-08-10T03:21:49.471+0000] {processor.py:840} INFO - DAG(s) 'example_short_circuit_decorator' retrieved from /home/airflow/.local/lib/python3.12/site-packages/airflow/example_dags/example_short_circuit_decorator.py
[2024-08-10T03:21:49.493+0000] {logging_mixin.py:188} INFO - [2024-08-10T03:21:49.493+0000] {dag.py:3089} INFO - Sync 1 DAGs
[2024-08-10T03:21:49.517+0000] {logging_mixin.py:188} INFO - [2024-08-10T03:21:49.516+0000] {dag.py:3947} INFO - Setting next_dagrun for example_short_circuit_decorator to 2024-08-09 00:00:00+00:00, run_after=2024-08-10 00:00:00+00:00
[2024-08-10T03:21:49.547+0000] {processor.py:183} INFO - Processing /home/airflow/.local/lib/python3.12/site-packages/airflow/example_dags/example_short_circuit_decorator.py took 0.096 seconds
[2024-08-10T03:22:19.915+0000] {processor.py:161} INFO - Started process (PID=548) to work on /home/airflow/.local/lib/python3.12/site-packages/airflow/example_dags/example_short_circuit_decorator.py
[2024-08-10T03:22:19.916+0000] {processor.py:830} INFO - Processing file /home/airflow/.local/lib/python3.12/site-packages/airflow/example_dags/example_short_circuit_decorator.py for tasks to queue
[2024-08-10T03:22:19.918+0000] {logging_mixin.py:188} INFO - [2024-08-10T03:22:19.918+0000] {dagbag.py:545} INFO - Filling up the DagBag from /home/airflow/.local/lib/python3.12/site-packages/airflow/example_dags/example_short_circuit_decorator.py
[2024-08-10T03:22:19.929+0000] {processor.py:840} INFO - DAG(s) 'example_short_circuit_decorator' retrieved from /home/airflow/.local/lib/python3.12/site-packages/airflow/example_dags/example_short_circuit_decorator.py
[2024-08-10T03:22:19.953+0000] {logging_mixin.py:188} INFO - [2024-08-10T03:22:19.953+0000] {dag.py:3089} INFO - Sync 1 DAGs
[2024-08-10T03:22:19.975+0000] {logging_mixin.py:188} INFO - [2024-08-10T03:22:19.975+0000] {dag.py:3947} INFO - Setting next_dagrun for example_short_circuit_decorator to 2024-08-09 00:00:00+00:00, run_after=2024-08-10 00:00:00+00:00
[2024-08-10T03:22:19.997+0000] {processor.py:183} INFO - Processing /home/airflow/.local/lib/python3.12/site-packages/airflow/example_dags/example_short_circuit_decorator.py took 0.088 seconds
[2024-08-10T03:22:51.069+0000] {processor.py:161} INFO - Started process (PID=608) to work on /home/airflow/.local/lib/python3.12/site-packages/airflow/example_dags/example_short_circuit_decorator.py
[2024-08-10T03:22:51.074+0000] {processor.py:830} INFO - Processing file /home/airflow/.local/lib/python3.12/site-packages/airflow/example_dags/example_short_circuit_decorator.py for tasks to queue
[2024-08-10T03:22:51.076+0000] {logging_mixin.py:188} INFO - [2024-08-10T03:22:51.075+0000] {dagbag.py:545} INFO - Filling up the DagBag from /home/airflow/.local/lib/python3.12/site-packages/airflow/example_dags/example_short_circuit_decorator.py
[2024-08-10T03:22:51.093+0000] {processor.py:840} INFO - DAG(s) 'example_short_circuit_decorator' retrieved from /home/airflow/.local/lib/python3.12/site-packages/airflow/example_dags/example_short_circuit_decorator.py
[2024-08-10T03:22:51.146+0000] {logging_mixin.py:188} INFO - [2024-08-10T03:22:51.145+0000] {dag.py:3089} INFO - Sync 1 DAGs
[2024-08-10T03:22:51.201+0000] {logging_mixin.py:188} INFO - [2024-08-10T03:22:51.200+0000] {dag.py:3947} INFO - Setting next_dagrun for example_short_circuit_decorator to 2024-08-09 00:00:00+00:00, run_after=2024-08-10 00:00:00+00:00
[2024-08-10T03:22:51.238+0000] {processor.py:183} INFO - Processing /home/airflow/.local/lib/python3.12/site-packages/airflow/example_dags/example_short_circuit_decorator.py took 0.175 seconds
[2024-08-10T03:23:21.604+0000] {processor.py:161} INFO - Started process (PID=666) to work on /home/airflow/.local/lib/python3.12/site-packages/airflow/example_dags/example_short_circuit_decorator.py
[2024-08-10T03:23:21.614+0000] {processor.py:830} INFO - Processing file /home/airflow/.local/lib/python3.12/site-packages/airflow/example_dags/example_short_circuit_decorator.py for tasks to queue
[2024-08-10T03:23:21.621+0000] {logging_mixin.py:188} INFO - [2024-08-10T03:23:21.620+0000] {dagbag.py:545} INFO - Filling up the DagBag from /home/airflow/.local/lib/python3.12/site-packages/airflow/example_dags/example_short_circuit_decorator.py
[2024-08-10T03:23:21.663+0000] {processor.py:840} INFO - DAG(s) 'example_short_circuit_decorator' retrieved from /home/airflow/.local/lib/python3.12/site-packages/airflow/example_dags/example_short_circuit_decorator.py
[2024-08-10T03:23:21.765+0000] {logging_mixin.py:188} INFO - [2024-08-10T03:23:21.765+0000] {dag.py:3089} INFO - Sync 1 DAGs
[2024-08-10T03:23:21.888+0000] {logging_mixin.py:188} INFO - [2024-08-10T03:23:21.888+0000] {dag.py:3947} INFO - Setting next_dagrun for example_short_circuit_decorator to 2024-08-09 00:00:00+00:00, run_after=2024-08-10 00:00:00+00:00
[2024-08-10T03:23:21.945+0000] {processor.py:183} INFO - Processing /home/airflow/.local/lib/python3.12/site-packages/airflow/example_dags/example_short_circuit_decorator.py took 0.357 seconds
[2024-08-10T03:23:52.081+0000] {processor.py:161} INFO - Started process (PID=726) to work on /home/airflow/.local/lib/python3.12/site-packages/airflow/example_dags/example_short_circuit_decorator.py
[2024-08-10T03:23:52.082+0000] {processor.py:830} INFO - Processing file /home/airflow/.local/lib/python3.12/site-packages/airflow/example_dags/example_short_circuit_decorator.py for tasks to queue
[2024-08-10T03:23:52.084+0000] {logging_mixin.py:188} INFO - [2024-08-10T03:23:52.084+0000] {dagbag.py:545} INFO - Filling up the DagBag from /home/airflow/.local/lib/python3.12/site-packages/airflow/example_dags/example_short_circuit_decorator.py
[2024-08-10T03:23:52.095+0000] {processor.py:840} INFO - DAG(s) 'example_short_circuit_decorator' retrieved from /home/airflow/.local/lib/python3.12/site-packages/airflow/example_dags/example_short_circuit_decorator.py
[2024-08-10T03:23:52.118+0000] {logging_mixin.py:188} INFO - [2024-08-10T03:23:52.118+0000] {dag.py:3089} INFO - Sync 1 DAGs
[2024-08-10T03:23:52.143+0000] {logging_mixin.py:188} INFO - [2024-08-10T03:23:52.143+0000] {dag.py:3947} INFO - Setting next_dagrun for example_short_circuit_decorator to 2024-08-09 00:00:00+00:00, run_after=2024-08-10 00:00:00+00:00
[2024-08-10T03:23:52.165+0000] {processor.py:183} INFO - Processing /home/airflow/.local/lib/python3.12/site-packages/airflow/example_dags/example_short_circuit_decorator.py took 0.091 seconds
[2024-08-10T03:24:22.831+0000] {processor.py:161} INFO - Started process (PID=787) to work on /home/airflow/.local/lib/python3.12/site-packages/airflow/example_dags/example_short_circuit_decorator.py
[2024-08-10T03:24:22.833+0000] {processor.py:830} INFO - Processing file /home/airflow/.local/lib/python3.12/site-packages/airflow/example_dags/example_short_circuit_decorator.py for tasks to queue
[2024-08-10T03:24:22.835+0000] {logging_mixin.py:188} INFO - [2024-08-10T03:24:22.835+0000] {dagbag.py:545} INFO - Filling up the DagBag from /home/airflow/.local/lib/python3.12/site-packages/airflow/example_dags/example_short_circuit_decorator.py
[2024-08-10T03:24:22.845+0000] {processor.py:840} INFO - DAG(s) 'example_short_circuit_decorator' retrieved from /home/airflow/.local/lib/python3.12/site-packages/airflow/example_dags/example_short_circuit_decorator.py
[2024-08-10T03:24:22.878+0000] {logging_mixin.py:188} INFO - [2024-08-10T03:24:22.878+0000] {dag.py:3089} INFO - Sync 1 DAGs
[2024-08-10T03:24:22.904+0000] {logging_mixin.py:188} INFO - [2024-08-10T03:24:22.904+0000] {dag.py:3947} INFO - Setting next_dagrun for example_short_circuit_decorator to 2024-08-09 00:00:00+00:00, run_after=2024-08-10 00:00:00+00:00
[2024-08-10T03:24:22.932+0000] {processor.py:183} INFO - Processing /home/airflow/.local/lib/python3.12/site-packages/airflow/example_dags/example_short_circuit_decorator.py took 0.108 seconds
[2024-08-10T03:24:53.173+0000] {processor.py:161} INFO - Started process (PID=847) to work on /home/airflow/.local/lib/python3.12/site-packages/airflow/example_dags/example_short_circuit_decorator.py
[2024-08-10T03:24:53.174+0000] {processor.py:830} INFO - Processing file /home/airflow/.local/lib/python3.12/site-packages/airflow/example_dags/example_short_circuit_decorator.py for tasks to queue
[2024-08-10T03:24:53.176+0000] {logging_mixin.py:188} INFO - [2024-08-10T03:24:53.176+0000] {dagbag.py:545} INFO - Filling up the DagBag from /home/airflow/.local/lib/python3.12/site-packages/airflow/example_dags/example_short_circuit_decorator.py
[2024-08-10T03:24:53.185+0000] {processor.py:840} INFO - DAG(s) 'example_short_circuit_decorator' retrieved from /home/airflow/.local/lib/python3.12/site-packages/airflow/example_dags/example_short_circuit_decorator.py
[2024-08-10T03:24:53.213+0000] {logging_mixin.py:188} INFO - [2024-08-10T03:24:53.212+0000] {dag.py:3089} INFO - Sync 1 DAGs
[2024-08-10T03:24:53.237+0000] {logging_mixin.py:188} INFO - [2024-08-10T03:24:53.237+0000] {dag.py:3947} INFO - Setting next_dagrun for example_short_circuit_decorator to 2024-08-09 00:00:00+00:00, run_after=2024-08-10 00:00:00+00:00
[2024-08-10T03:24:53.258+0000] {processor.py:183} INFO - Processing /home/airflow/.local/lib/python3.12/site-packages/airflow/example_dags/example_short_circuit_decorator.py took 0.092 seconds
[2024-08-10T03:25:23.891+0000] {processor.py:161} INFO - Started process (PID=906) to work on /home/airflow/.local/lib/python3.12/site-packages/airflow/example_dags/example_short_circuit_decorator.py
[2024-08-10T03:25:23.892+0000] {processor.py:830} INFO - Processing file /home/airflow/.local/lib/python3.12/site-packages/airflow/example_dags/example_short_circuit_decorator.py for tasks to queue
[2024-08-10T03:25:23.894+0000] {logging_mixin.py:188} INFO - [2024-08-10T03:25:23.894+0000] {dagbag.py:545} INFO - Filling up the DagBag from /home/airflow/.local/lib/python3.12/site-packages/airflow/example_dags/example_short_circuit_decorator.py
[2024-08-10T03:25:23.904+0000] {processor.py:840} INFO - DAG(s) 'example_short_circuit_decorator' retrieved from /home/airflow/.local/lib/python3.12/site-packages/airflow/example_dags/example_short_circuit_decorator.py
[2024-08-10T03:25:23.930+0000] {logging_mixin.py:188} INFO - [2024-08-10T03:25:23.930+0000] {dag.py:3089} INFO - Sync 1 DAGs
[2024-08-10T03:25:23.959+0000] {logging_mixin.py:188} INFO - [2024-08-10T03:25:23.959+0000] {dag.py:3947} INFO - Setting next_dagrun for example_short_circuit_decorator to 2024-08-09 00:00:00+00:00, run_after=2024-08-10 00:00:00+00:00
[2024-08-10T03:25:23.988+0000] {processor.py:183} INFO - Processing /home/airflow/.local/lib/python3.12/site-packages/airflow/example_dags/example_short_circuit_decorator.py took 0.104 seconds
[2024-08-10T03:25:54.230+0000] {processor.py:161} INFO - Started process (PID=966) to work on /home/airflow/.local/lib/python3.12/site-packages/airflow/example_dags/example_short_circuit_decorator.py
[2024-08-10T03:25:54.232+0000] {processor.py:830} INFO - Processing file /home/airflow/.local/lib/python3.12/site-packages/airflow/example_dags/example_short_circuit_decorator.py for tasks to queue
[2024-08-10T03:25:54.234+0000] {logging_mixin.py:188} INFO - [2024-08-10T03:25:54.233+0000] {dagbag.py:545} INFO - Filling up the DagBag from /home/airflow/.local/lib/python3.12/site-packages/airflow/example_dags/example_short_circuit_decorator.py
[2024-08-10T03:25:54.243+0000] {processor.py:840} INFO - DAG(s) 'example_short_circuit_decorator' retrieved from /home/airflow/.local/lib/python3.12/site-packages/airflow/example_dags/example_short_circuit_decorator.py
[2024-08-10T03:25:54.270+0000] {logging_mixin.py:188} INFO - [2024-08-10T03:25:54.270+0000] {dag.py:3089} INFO - Sync 1 DAGs
[2024-08-10T03:25:54.299+0000] {logging_mixin.py:188} INFO - [2024-08-10T03:25:54.299+0000] {dag.py:3947} INFO - Setting next_dagrun for example_short_circuit_decorator to 2024-08-09 00:00:00+00:00, run_after=2024-08-10 00:00:00+00:00
[2024-08-10T03:25:54.342+0000] {processor.py:183} INFO - Processing /home/airflow/.local/lib/python3.12/site-packages/airflow/example_dags/example_short_circuit_decorator.py took 0.118 seconds
[2024-08-10T03:26:25.070+0000] {processor.py:161} INFO - Started process (PID=1026) to work on /home/airflow/.local/lib/python3.12/site-packages/airflow/example_dags/example_short_circuit_decorator.py
[2024-08-10T03:26:25.071+0000] {processor.py:830} INFO - Processing file /home/airflow/.local/lib/python3.12/site-packages/airflow/example_dags/example_short_circuit_decorator.py for tasks to queue
[2024-08-10T03:26:25.073+0000] {logging_mixin.py:188} INFO - [2024-08-10T03:26:25.073+0000] {dagbag.py:545} INFO - Filling up the DagBag from /home/airflow/.local/lib/python3.12/site-packages/airflow/example_dags/example_short_circuit_decorator.py
[2024-08-10T03:26:25.081+0000] {processor.py:840} INFO - DAG(s) 'example_short_circuit_decorator' retrieved from /home/airflow/.local/lib/python3.12/site-packages/airflow/example_dags/example_short_circuit_decorator.py
[2024-08-10T03:26:25.104+0000] {logging_mixin.py:188} INFO - [2024-08-10T03:26:25.104+0000] {dag.py:3089} INFO - Sync 1 DAGs
[2024-08-10T03:26:25.128+0000] {logging_mixin.py:188} INFO - [2024-08-10T03:26:25.128+0000] {dag.py:3947} INFO - Setting next_dagrun for example_short_circuit_decorator to 2024-08-09 00:00:00+00:00, run_after=2024-08-10 00:00:00+00:00
[2024-08-10T03:26:25.150+0000] {processor.py:183} INFO - Processing /home/airflow/.local/lib/python3.12/site-packages/airflow/example_dags/example_short_circuit_decorator.py took 0.086 seconds
[2024-08-10T03:26:55.931+0000] {processor.py:161} INFO - Started process (PID=1088) to work on /home/airflow/.local/lib/python3.12/site-packages/airflow/example_dags/example_short_circuit_decorator.py
[2024-08-10T03:26:55.932+0000] {processor.py:830} INFO - Processing file /home/airflow/.local/lib/python3.12/site-packages/airflow/example_dags/example_short_circuit_decorator.py for tasks to queue
[2024-08-10T03:26:55.935+0000] {logging_mixin.py:188} INFO - [2024-08-10T03:26:55.934+0000] {dagbag.py:545} INFO - Filling up the DagBag from /home/airflow/.local/lib/python3.12/site-packages/airflow/example_dags/example_short_circuit_decorator.py
[2024-08-10T03:26:55.945+0000] {processor.py:840} INFO - DAG(s) 'example_short_circuit_decorator' retrieved from /home/airflow/.local/lib/python3.12/site-packages/airflow/example_dags/example_short_circuit_decorator.py
[2024-08-10T03:26:55.969+0000] {logging_mixin.py:188} INFO - [2024-08-10T03:26:55.969+0000] {dag.py:3089} INFO - Sync 1 DAGs
[2024-08-10T03:26:55.994+0000] {logging_mixin.py:188} INFO - [2024-08-10T03:26:55.994+0000] {dag.py:3947} INFO - Setting next_dagrun for example_short_circuit_decorator to 2024-08-09 00:00:00+00:00, run_after=2024-08-10 00:00:00+00:00
[2024-08-10T03:26:56.162+0000] {processor.py:183} INFO - Processing /home/airflow/.local/lib/python3.12/site-packages/airflow/example_dags/example_short_circuit_decorator.py took 0.236 seconds
[2024-08-10T03:27:26.516+0000] {processor.py:161} INFO - Started process (PID=1146) to work on /home/airflow/.local/lib/python3.12/site-packages/airflow/example_dags/example_short_circuit_decorator.py
[2024-08-10T03:27:26.523+0000] {processor.py:830} INFO - Processing file /home/airflow/.local/lib/python3.12/site-packages/airflow/example_dags/example_short_circuit_decorator.py for tasks to queue
[2024-08-10T03:27:26.527+0000] {logging_mixin.py:188} INFO - [2024-08-10T03:27:26.526+0000] {dagbag.py:545} INFO - Filling up the DagBag from /home/airflow/.local/lib/python3.12/site-packages/airflow/example_dags/example_short_circuit_decorator.py
[2024-08-10T03:27:26.545+0000] {processor.py:840} INFO - DAG(s) 'example_short_circuit_decorator' retrieved from /home/airflow/.local/lib/python3.12/site-packages/airflow/example_dags/example_short_circuit_decorator.py
[2024-08-10T03:27:26.569+0000] {logging_mixin.py:188} INFO - [2024-08-10T03:27:26.569+0000] {dag.py:3089} INFO - Sync 1 DAGs
[2024-08-10T03:27:26.593+0000] {logging_mixin.py:188} INFO - [2024-08-10T03:27:26.593+0000] {dag.py:3947} INFO - Setting next_dagrun for example_short_circuit_decorator to 2024-08-09 00:00:00+00:00, run_after=2024-08-10 00:00:00+00:00
[2024-08-10T03:27:26.614+0000] {processor.py:183} INFO - Processing /home/airflow/.local/lib/python3.12/site-packages/airflow/example_dags/example_short_circuit_decorator.py took 0.105 seconds
[2024-08-10T03:27:57.407+0000] {processor.py:161} INFO - Started process (PID=1206) to work on /home/airflow/.local/lib/python3.12/site-packages/airflow/example_dags/example_short_circuit_decorator.py
[2024-08-10T03:27:57.408+0000] {processor.py:830} INFO - Processing file /home/airflow/.local/lib/python3.12/site-packages/airflow/example_dags/example_short_circuit_decorator.py for tasks to queue
[2024-08-10T03:27:57.410+0000] {logging_mixin.py:188} INFO - [2024-08-10T03:27:57.410+0000] {dagbag.py:545} INFO - Filling up the DagBag from /home/airflow/.local/lib/python3.12/site-packages/airflow/example_dags/example_short_circuit_decorator.py
[2024-08-10T03:27:57.425+0000] {processor.py:840} INFO - DAG(s) 'example_short_circuit_decorator' retrieved from /home/airflow/.local/lib/python3.12/site-packages/airflow/example_dags/example_short_circuit_decorator.py
[2024-08-10T03:27:57.452+0000] {logging_mixin.py:188} INFO - [2024-08-10T03:27:57.451+0000] {dag.py:3089} INFO - Sync 1 DAGs
[2024-08-10T03:27:57.478+0000] {logging_mixin.py:188} INFO - [2024-08-10T03:27:57.478+0000] {dag.py:3947} INFO - Setting next_dagrun for example_short_circuit_decorator to 2024-08-09 00:00:00+00:00, run_after=2024-08-10 00:00:00+00:00
[2024-08-10T03:27:57.500+0000] {processor.py:183} INFO - Processing /home/airflow/.local/lib/python3.12/site-packages/airflow/example_dags/example_short_circuit_decorator.py took 0.099 seconds
[2024-08-10T03:28:28.634+0000] {processor.py:161} INFO - Started process (PID=1266) to work on /home/airflow/.local/lib/python3.12/site-packages/airflow/example_dags/example_short_circuit_decorator.py
[2024-08-10T03:28:28.635+0000] {processor.py:830} INFO - Processing file /home/airflow/.local/lib/python3.12/site-packages/airflow/example_dags/example_short_circuit_decorator.py for tasks to queue
[2024-08-10T03:28:28.637+0000] {logging_mixin.py:188} INFO - [2024-08-10T03:28:28.637+0000] {dagbag.py:545} INFO - Filling up the DagBag from /home/airflow/.local/lib/python3.12/site-packages/airflow/example_dags/example_short_circuit_decorator.py
[2024-08-10T03:28:28.648+0000] {processor.py:840} INFO - DAG(s) 'example_short_circuit_decorator' retrieved from /home/airflow/.local/lib/python3.12/site-packages/airflow/example_dags/example_short_circuit_decorator.py
[2024-08-10T03:28:28.674+0000] {logging_mixin.py:188} INFO - [2024-08-10T03:28:28.674+0000] {dag.py:3089} INFO - Sync 1 DAGs
[2024-08-10T03:28:28.701+0000] {logging_mixin.py:188} INFO - [2024-08-10T03:28:28.701+0000] {dag.py:3947} INFO - Setting next_dagrun for example_short_circuit_decorator to 2024-08-09 00:00:00+00:00, run_after=2024-08-10 00:00:00+00:00
[2024-08-10T03:28:28.725+0000] {processor.py:183} INFO - Processing /home/airflow/.local/lib/python3.12/site-packages/airflow/example_dags/example_short_circuit_decorator.py took 0.097 seconds
[2024-08-10T03:28:59.375+0000] {processor.py:161} INFO - Started process (PID=1326) to work on /home/airflow/.local/lib/python3.12/site-packages/airflow/example_dags/example_short_circuit_decorator.py
[2024-08-10T03:28:59.377+0000] {processor.py:830} INFO - Processing file /home/airflow/.local/lib/python3.12/site-packages/airflow/example_dags/example_short_circuit_decorator.py for tasks to queue
[2024-08-10T03:28:59.381+0000] {logging_mixin.py:188} INFO - [2024-08-10T03:28:59.381+0000] {dagbag.py:545} INFO - Filling up the DagBag from /home/airflow/.local/lib/python3.12/site-packages/airflow/example_dags/example_short_circuit_decorator.py
[2024-08-10T03:28:59.404+0000] {processor.py:840} INFO - DAG(s) 'example_short_circuit_decorator' retrieved from /home/airflow/.local/lib/python3.12/site-packages/airflow/example_dags/example_short_circuit_decorator.py
[2024-08-10T03:28:59.475+0000] {logging_mixin.py:188} INFO - [2024-08-10T03:28:59.475+0000] {dag.py:3089} INFO - Sync 1 DAGs
[2024-08-10T03:28:59.524+0000] {logging_mixin.py:188} INFO - [2024-08-10T03:28:59.523+0000] {dag.py:3947} INFO - Setting next_dagrun for example_short_circuit_decorator to 2024-08-09 00:00:00+00:00, run_after=2024-08-10 00:00:00+00:00
[2024-08-10T03:28:59.559+0000] {processor.py:183} INFO - Processing /home/airflow/.local/lib/python3.12/site-packages/airflow/example_dags/example_short_circuit_decorator.py took 0.195 seconds
[2024-08-10T03:29:41.572+0000] {processor.py:161} INFO - Started process (PID=1386) to work on /home/airflow/.local/lib/python3.12/site-packages/airflow/example_dags/example_short_circuit_decorator.py
[2024-08-10T03:29:41.580+0000] {processor.py:830} INFO - Processing file /home/airflow/.local/lib/python3.12/site-packages/airflow/example_dags/example_short_circuit_decorator.py for tasks to queue
[2024-08-10T03:29:41.592+0000] {logging_mixin.py:188} INFO - [2024-08-10T03:29:41.592+0000] {dagbag.py:545} INFO - Filling up the DagBag from /home/airflow/.local/lib/python3.12/site-packages/airflow/example_dags/example_short_circuit_decorator.py
[2024-08-10T03:29:41.605+0000] {processor.py:840} INFO - DAG(s) 'example_short_circuit_decorator' retrieved from /home/airflow/.local/lib/python3.12/site-packages/airflow/example_dags/example_short_circuit_decorator.py
[2024-08-10T03:29:41.666+0000] {logging_mixin.py:188} INFO - [2024-08-10T03:29:41.666+0000] {dag.py:3089} INFO - Sync 1 DAGs
[2024-08-10T03:29:41.709+0000] {logging_mixin.py:188} INFO - [2024-08-10T03:29:41.709+0000] {dag.py:3947} INFO - Setting next_dagrun for example_short_circuit_decorator to 2024-08-09 00:00:00+00:00, run_after=2024-08-10 00:00:00+00:00
[2024-08-10T03:29:41.830+0000] {processor.py:183} INFO - Processing /home/airflow/.local/lib/python3.12/site-packages/airflow/example_dags/example_short_circuit_decorator.py took 0.263 seconds
[2024-08-10T03:30:27.507+0000] {processor.py:161} INFO - Started process (PID=1452) to work on /home/airflow/.local/lib/python3.12/site-packages/airflow/example_dags/example_short_circuit_decorator.py
[2024-08-10T03:30:27.508+0000] {processor.py:830} INFO - Processing file /home/airflow/.local/lib/python3.12/site-packages/airflow/example_dags/example_short_circuit_decorator.py for tasks to queue
[2024-08-10T03:30:27.511+0000] {logging_mixin.py:188} INFO - [2024-08-10T03:30:27.510+0000] {dagbag.py:545} INFO - Filling up the DagBag from /home/airflow/.local/lib/python3.12/site-packages/airflow/example_dags/example_short_circuit_decorator.py
[2024-08-10T03:30:27.521+0000] {processor.py:840} INFO - DAG(s) 'example_short_circuit_decorator' retrieved from /home/airflow/.local/lib/python3.12/site-packages/airflow/example_dags/example_short_circuit_decorator.py
[2024-08-10T03:30:27.555+0000] {logging_mixin.py:188} INFO - [2024-08-10T03:30:27.555+0000] {dag.py:3089} INFO - Sync 1 DAGs
[2024-08-10T03:30:27.624+0000] {logging_mixin.py:188} INFO - [2024-08-10T03:30:27.624+0000] {dag.py:3947} INFO - Setting next_dagrun for example_short_circuit_decorator to 2024-08-09 00:00:00+00:00, run_after=2024-08-10 00:00:00+00:00
[2024-08-10T03:30:27.803+0000] {processor.py:183} INFO - Processing /home/airflow/.local/lib/python3.12/site-packages/airflow/example_dags/example_short_circuit_decorator.py took 0.302 seconds
[2024-08-10T03:30:59.304+0000] {processor.py:161} INFO - Started process (PID=1511) to work on /home/airflow/.local/lib/python3.12/site-packages/airflow/example_dags/example_short_circuit_decorator.py
[2024-08-10T03:30:59.316+0000] {processor.py:830} INFO - Processing file /home/airflow/.local/lib/python3.12/site-packages/airflow/example_dags/example_short_circuit_decorator.py for tasks to queue
[2024-08-10T03:30:59.320+0000] {logging_mixin.py:188} INFO - [2024-08-10T03:30:59.319+0000] {dagbag.py:545} INFO - Filling up the DagBag from /home/airflow/.local/lib/python3.12/site-packages/airflow/example_dags/example_short_circuit_decorator.py
[2024-08-10T03:30:59.331+0000] {processor.py:840} INFO - DAG(s) 'example_short_circuit_decorator' retrieved from /home/airflow/.local/lib/python3.12/site-packages/airflow/example_dags/example_short_circuit_decorator.py
[2024-08-10T03:30:59.362+0000] {logging_mixin.py:188} INFO - [2024-08-10T03:30:59.362+0000] {dag.py:3089} INFO - Sync 1 DAGs
[2024-08-10T03:30:59.389+0000] {logging_mixin.py:188} INFO - [2024-08-10T03:30:59.389+0000] {dag.py:3947} INFO - Setting next_dagrun for example_short_circuit_decorator to 2024-08-09 00:00:00+00:00, run_after=2024-08-10 00:00:00+00:00
[2024-08-10T03:30:59.548+0000] {processor.py:183} INFO - Processing /home/airflow/.local/lib/python3.12/site-packages/airflow/example_dags/example_short_circuit_decorator.py took 0.252 seconds
[2024-08-10T03:31:42.142+0000] {processor.py:161} INFO - Started process (PID=1571) to work on /home/airflow/.local/lib/python3.12/site-packages/airflow/example_dags/example_short_circuit_decorator.py
[2024-08-10T03:31:42.152+0000] {processor.py:830} INFO - Processing file /home/airflow/.local/lib/python3.12/site-packages/airflow/example_dags/example_short_circuit_decorator.py for tasks to queue
[2024-08-10T03:31:42.153+0000] {logging_mixin.py:188} INFO - [2024-08-10T03:31:42.152+0000] {dagbag.py:545} INFO - Filling up the DagBag from /home/airflow/.local/lib/python3.12/site-packages/airflow/example_dags/example_short_circuit_decorator.py
[2024-08-10T03:31:42.178+0000] {processor.py:840} INFO - DAG(s) 'example_short_circuit_decorator' retrieved from /home/airflow/.local/lib/python3.12/site-packages/airflow/example_dags/example_short_circuit_decorator.py
[2024-08-10T03:31:42.220+0000] {logging_mixin.py:188} INFO - [2024-08-10T03:31:42.220+0000] {dag.py:3089} INFO - Sync 1 DAGs
[2024-08-10T03:31:42.263+0000] {logging_mixin.py:188} INFO - [2024-08-10T03:31:42.263+0000] {dag.py:3947} INFO - Setting next_dagrun for example_short_circuit_decorator to 2024-08-09 00:00:00+00:00, run_after=2024-08-10 00:00:00+00:00
[2024-08-10T03:31:42.296+0000] {processor.py:183} INFO - Processing /home/airflow/.local/lib/python3.12/site-packages/airflow/example_dags/example_short_circuit_decorator.py took 0.163 seconds
[2024-08-10T03:32:36.168+0000] {processor.py:161} INFO - Started process (PID=1632) to work on /home/airflow/.local/lib/python3.12/site-packages/airflow/example_dags/example_short_circuit_decorator.py
[2024-08-10T03:32:36.173+0000] {processor.py:830} INFO - Processing file /home/airflow/.local/lib/python3.12/site-packages/airflow/example_dags/example_short_circuit_decorator.py for tasks to queue
[2024-08-10T03:32:36.175+0000] {logging_mixin.py:188} INFO - [2024-08-10T03:32:36.175+0000] {dagbag.py:545} INFO - Filling up the DagBag from /home/airflow/.local/lib/python3.12/site-packages/airflow/example_dags/example_short_circuit_decorator.py
[2024-08-10T03:32:36.191+0000] {processor.py:840} INFO - DAG(s) 'example_short_circuit_decorator' retrieved from /home/airflow/.local/lib/python3.12/site-packages/airflow/example_dags/example_short_circuit_decorator.py
[2024-08-10T03:32:36.268+0000] {logging_mixin.py:188} INFO - [2024-08-10T03:32:36.267+0000] {dag.py:3089} INFO - Sync 1 DAGs
[2024-08-10T03:32:36.348+0000] {logging_mixin.py:188} INFO - [2024-08-10T03:32:36.347+0000] {dag.py:3947} INFO - Setting next_dagrun for example_short_circuit_decorator to 2024-08-09 00:00:00+00:00, run_after=2024-08-10 00:00:00+00:00
[2024-08-10T03:32:36.405+0000] {processor.py:183} INFO - Processing /home/airflow/.local/lib/python3.12/site-packages/airflow/example_dags/example_short_circuit_decorator.py took 0.244 seconds
[2024-08-10T03:33:23.722+0000] {processor.py:161} INFO - Started process (PID=1695) to work on /home/airflow/.local/lib/python3.12/site-packages/airflow/example_dags/example_short_circuit_decorator.py
[2024-08-10T03:33:23.724+0000] {processor.py:830} INFO - Processing file /home/airflow/.local/lib/python3.12/site-packages/airflow/example_dags/example_short_circuit_decorator.py for tasks to queue
[2024-08-10T03:33:23.725+0000] {logging_mixin.py:188} INFO - [2024-08-10T03:33:23.725+0000] {dagbag.py:545} INFO - Filling up the DagBag from /home/airflow/.local/lib/python3.12/site-packages/airflow/example_dags/example_short_circuit_decorator.py
[2024-08-10T03:33:23.738+0000] {processor.py:840} INFO - DAG(s) 'example_short_circuit_decorator' retrieved from /home/airflow/.local/lib/python3.12/site-packages/airflow/example_dags/example_short_circuit_decorator.py
[2024-08-10T03:33:23.759+0000] {logging_mixin.py:188} INFO - [2024-08-10T03:33:23.759+0000] {dag.py:3089} INFO - Sync 1 DAGs
[2024-08-10T03:33:23.789+0000] {logging_mixin.py:188} INFO - [2024-08-10T03:33:23.789+0000] {dag.py:3947} INFO - Setting next_dagrun for example_short_circuit_decorator to 2024-08-09 00:00:00+00:00, run_after=2024-08-10 00:00:00+00:00
[2024-08-10T03:33:23.816+0000] {processor.py:183} INFO - Processing /home/airflow/.local/lib/python3.12/site-packages/airflow/example_dags/example_short_circuit_decorator.py took 0.104 seconds
[2024-08-10T03:34:19.911+0000] {processor.py:161} INFO - Started process (PID=1763) to work on /home/airflow/.local/lib/python3.12/site-packages/airflow/example_dags/example_short_circuit_decorator.py
[2024-08-10T03:34:19.921+0000] {processor.py:830} INFO - Processing file /home/airflow/.local/lib/python3.12/site-packages/airflow/example_dags/example_short_circuit_decorator.py for tasks to queue
[2024-08-10T03:34:19.931+0000] {logging_mixin.py:188} INFO - [2024-08-10T03:34:19.930+0000] {dagbag.py:545} INFO - Filling up the DagBag from /home/airflow/.local/lib/python3.12/site-packages/airflow/example_dags/example_short_circuit_decorator.py
[2024-08-10T03:34:19.945+0000] {processor.py:840} INFO - DAG(s) 'example_short_circuit_decorator' retrieved from /home/airflow/.local/lib/python3.12/site-packages/airflow/example_dags/example_short_circuit_decorator.py
[2024-08-10T03:34:20.047+0000] {logging_mixin.py:188} INFO - [2024-08-10T03:34:20.046+0000] {dag.py:3089} INFO - Sync 1 DAGs
[2024-08-10T03:34:20.099+0000] {logging_mixin.py:188} INFO - [2024-08-10T03:34:20.099+0000] {dag.py:3947} INFO - Setting next_dagrun for example_short_circuit_decorator to 2024-08-09 00:00:00+00:00, run_after=2024-08-10 00:00:00+00:00
[2024-08-10T03:34:20.538+0000] {processor.py:183} INFO - Processing /home/airflow/.local/lib/python3.12/site-packages/airflow/example_dags/example_short_circuit_decorator.py took 0.635 seconds
[2024-08-10T03:35:33.421+0000] {processor.py:161} INFO - Started process (PID=1829) to work on /home/airflow/.local/lib/python3.12/site-packages/airflow/example_dags/example_short_circuit_decorator.py
[2024-08-10T03:35:33.422+0000] {processor.py:830} INFO - Processing file /home/airflow/.local/lib/python3.12/site-packages/airflow/example_dags/example_short_circuit_decorator.py for tasks to queue
[2024-08-10T03:35:33.423+0000] {logging_mixin.py:188} INFO - [2024-08-10T03:35:33.423+0000] {dagbag.py:545} INFO - Filling up the DagBag from /home/airflow/.local/lib/python3.12/site-packages/airflow/example_dags/example_short_circuit_decorator.py
[2024-08-10T03:35:33.441+0000] {processor.py:840} INFO - DAG(s) 'example_short_circuit_decorator' retrieved from /home/airflow/.local/lib/python3.12/site-packages/airflow/example_dags/example_short_circuit_decorator.py
[2024-08-10T03:35:33.481+0000] {logging_mixin.py:188} INFO - [2024-08-10T03:35:33.481+0000] {dag.py:3089} INFO - Sync 1 DAGs
[2024-08-10T03:35:33.517+0000] {logging_mixin.py:188} INFO - [2024-08-10T03:35:33.516+0000] {dag.py:3947} INFO - Setting next_dagrun for example_short_circuit_decorator to 2024-08-09 00:00:00+00:00, run_after=2024-08-10 00:00:00+00:00
[2024-08-10T03:35:33.731+0000] {processor.py:183} INFO - Processing /home/airflow/.local/lib/python3.12/site-packages/airflow/example_dags/example_short_circuit_decorator.py took 0.318 seconds
[2024-08-10T03:36:04.498+0000] {processor.py:161} INFO - Started process (PID=1887) to work on /home/airflow/.local/lib/python3.12/site-packages/airflow/example_dags/example_short_circuit_decorator.py
[2024-08-10T03:36:04.499+0000] {processor.py:830} INFO - Processing file /home/airflow/.local/lib/python3.12/site-packages/airflow/example_dags/example_short_circuit_decorator.py for tasks to queue
[2024-08-10T03:36:04.500+0000] {logging_mixin.py:188} INFO - [2024-08-10T03:36:04.500+0000] {dagbag.py:545} INFO - Filling up the DagBag from /home/airflow/.local/lib/python3.12/site-packages/airflow/example_dags/example_short_circuit_decorator.py
[2024-08-10T03:36:04.511+0000] {processor.py:840} INFO - DAG(s) 'example_short_circuit_decorator' retrieved from /home/airflow/.local/lib/python3.12/site-packages/airflow/example_dags/example_short_circuit_decorator.py
[2024-08-10T03:36:04.623+0000] {logging_mixin.py:188} INFO - [2024-08-10T03:36:04.622+0000] {dag.py:3089} INFO - Sync 1 DAGs
[2024-08-10T03:36:04.677+0000] {logging_mixin.py:188} INFO - [2024-08-10T03:36:04.677+0000] {dag.py:3947} INFO - Setting next_dagrun for example_short_circuit_decorator to 2024-08-09 00:00:00+00:00, run_after=2024-08-10 00:00:00+00:00
[2024-08-10T03:36:04.840+0000] {processor.py:183} INFO - Processing /home/airflow/.local/lib/python3.12/site-packages/airflow/example_dags/example_short_circuit_decorator.py took 0.349 seconds
[2024-08-10T03:36:58.645+0000] {processor.py:161} INFO - Started process (PID=1939) to work on /home/airflow/.local/lib/python3.12/site-packages/airflow/example_dags/example_short_circuit_decorator.py
[2024-08-10T03:36:58.718+0000] {processor.py:830} INFO - Processing file /home/airflow/.local/lib/python3.12/site-packages/airflow/example_dags/example_short_circuit_decorator.py for tasks to queue
[2024-08-10T03:36:58.722+0000] {logging_mixin.py:188} INFO - [2024-08-10T03:36:58.719+0000] {dagbag.py:545} INFO - Filling up the DagBag from /home/airflow/.local/lib/python3.12/site-packages/airflow/example_dags/example_short_circuit_decorator.py
[2024-08-10T03:36:58.759+0000] {processor.py:840} INFO - DAG(s) 'example_short_circuit_decorator' retrieved from /home/airflow/.local/lib/python3.12/site-packages/airflow/example_dags/example_short_circuit_decorator.py
[2024-08-10T03:36:58.796+0000] {logging_mixin.py:188} INFO - [2024-08-10T03:36:58.796+0000] {dag.py:3089} INFO - Sync 1 DAGs
[2024-08-10T03:36:58.838+0000] {logging_mixin.py:188} INFO - [2024-08-10T03:36:58.837+0000] {dag.py:3947} INFO - Setting next_dagrun for example_short_circuit_decorator to 2024-08-09 00:00:00+00:00, run_after=2024-08-10 00:00:00+00:00
[2024-08-10T03:36:59.112+0000] {processor.py:183} INFO - Processing /home/airflow/.local/lib/python3.12/site-packages/airflow/example_dags/example_short_circuit_decorator.py took 0.476 seconds
[2024-08-10T03:38:12.624+0000] {processor.py:161} INFO - Started process (PID=2009) to work on /home/airflow/.local/lib/python3.12/site-packages/airflow/example_dags/example_short_circuit_decorator.py
[2024-08-10T03:38:12.638+0000] {processor.py:830} INFO - Processing file /home/airflow/.local/lib/python3.12/site-packages/airflow/example_dags/example_short_circuit_decorator.py for tasks to queue
[2024-08-10T03:38:12.640+0000] {logging_mixin.py:188} INFO - [2024-08-10T03:38:12.640+0000] {dagbag.py:545} INFO - Filling up the DagBag from /home/airflow/.local/lib/python3.12/site-packages/airflow/example_dags/example_short_circuit_decorator.py
[2024-08-10T03:38:12.663+0000] {processor.py:840} INFO - DAG(s) 'example_short_circuit_decorator' retrieved from /home/airflow/.local/lib/python3.12/site-packages/airflow/example_dags/example_short_circuit_decorator.py
[2024-08-10T03:38:12.713+0000] {logging_mixin.py:188} INFO - [2024-08-10T03:38:12.712+0000] {dag.py:3089} INFO - Sync 1 DAGs
[2024-08-10T03:38:12.782+0000] {logging_mixin.py:188} INFO - [2024-08-10T03:38:12.781+0000] {dag.py:3947} INFO - Setting next_dagrun for example_short_circuit_decorator to 2024-08-09 00:00:00+00:00, run_after=2024-08-10 00:00:00+00:00
[2024-08-10T03:38:12.864+0000] {processor.py:183} INFO - Processing /home/airflow/.local/lib/python3.12/site-packages/airflow/example_dags/example_short_circuit_decorator.py took 0.252 seconds
