[2024-08-10T03:18:09.004+0000] {processor.py:161} INFO - Started process (PID=67) to work on /home/airflow/.local/lib/python3.12/site-packages/airflow/example_dags/example_branch_python_dop_operator_3.py
[2024-08-10T03:18:09.006+0000] {processor.py:830} INFO - Processing file /home/airflow/.local/lib/python3.12/site-packages/airflow/example_dags/example_branch_python_dop_operator_3.py for tasks to queue
[2024-08-10T03:18:09.015+0000] {logging_mixin.py:188} INFO - [2024-08-10T03:18:09.014+0000] {dagbag.py:545} INFO - Filling up the DagBag from /home/airflow/.local/lib/python3.12/site-packages/airflow/example_dags/example_branch_python_dop_operator_3.py
[2024-08-10T03:18:09.025+0000] {processor.py:840} INFO - DAG(s) 'example_branch_dop_operator_v3' retrieved from /home/airflow/.local/lib/python3.12/site-packages/airflow/example_dags/example_branch_python_dop_operator_3.py
[2024-08-10T03:18:09.089+0000] {logging_mixin.py:188} INFO - [2024-08-10T03:18:09.089+0000] {dag.py:3089} INFO - Sync 1 DAGs
[2024-08-10T03:18:09.139+0000] {logging_mixin.py:188} INFO - [2024-08-10T03:18:09.138+0000] {dag.py:3947} INFO - Setting next_dagrun for example_branch_dop_operator_v3 to 2024-08-10 03:17:00+00:00, run_after=2024-08-10 03:18:00+00:00
[2024-08-10T03:18:09.185+0000] {processor.py:183} INFO - Processing /home/airflow/.local/lib/python3.12/site-packages/airflow/example_dags/example_branch_python_dop_operator_3.py took 0.199 seconds
[2024-08-10T03:18:42.304+0000] {processor.py:161} INFO - Started process (PID=125) to work on /home/airflow/.local/lib/python3.12/site-packages/airflow/example_dags/example_branch_python_dop_operator_3.py
[2024-08-10T03:18:42.306+0000] {processor.py:830} INFO - Processing file /home/airflow/.local/lib/python3.12/site-packages/airflow/example_dags/example_branch_python_dop_operator_3.py for tasks to queue
[2024-08-10T03:18:42.308+0000] {logging_mixin.py:188} INFO - [2024-08-10T03:18:42.307+0000] {dagbag.py:545} INFO - Filling up the DagBag from /home/airflow/.local/lib/python3.12/site-packages/airflow/example_dags/example_branch_python_dop_operator_3.py
[2024-08-10T03:18:42.321+0000] {processor.py:840} INFO - DAG(s) 'example_branch_dop_operator_v3' retrieved from /home/airflow/.local/lib/python3.12/site-packages/airflow/example_dags/example_branch_python_dop_operator_3.py
[2024-08-10T03:18:42.374+0000] {logging_mixin.py:188} INFO - [2024-08-10T03:18:42.373+0000] {dag.py:3089} INFO - Sync 1 DAGs
[2024-08-10T03:18:42.417+0000] {logging_mixin.py:188} INFO - [2024-08-10T03:18:42.417+0000] {dag.py:3947} INFO - Setting next_dagrun for example_branch_dop_operator_v3 to 2024-08-10 03:17:00+00:00, run_after=2024-08-10 03:18:00+00:00
[2024-08-10T03:18:42.446+0000] {processor.py:183} INFO - Processing /home/airflow/.local/lib/python3.12/site-packages/airflow/example_dags/example_branch_python_dop_operator_3.py took 0.160 seconds
[2024-08-10T03:19:12.762+0000] {processor.py:161} INFO - Started process (PID=183) to work on /home/airflow/.local/lib/python3.12/site-packages/airflow/example_dags/example_branch_python_dop_operator_3.py
[2024-08-10T03:19:12.777+0000] {processor.py:830} INFO - Processing file /home/airflow/.local/lib/python3.12/site-packages/airflow/example_dags/example_branch_python_dop_operator_3.py for tasks to queue
[2024-08-10T03:19:12.780+0000] {logging_mixin.py:188} INFO - [2024-08-10T03:19:12.779+0000] {dagbag.py:545} INFO - Filling up the DagBag from /home/airflow/.local/lib/python3.12/site-packages/airflow/example_dags/example_branch_python_dop_operator_3.py
[2024-08-10T03:19:12.794+0000] {processor.py:840} INFO - DAG(s) 'example_branch_dop_operator_v3' retrieved from /home/airflow/.local/lib/python3.12/site-packages/airflow/example_dags/example_branch_python_dop_operator_3.py
[2024-08-10T03:19:12.888+0000] {logging_mixin.py:188} INFO - [2024-08-10T03:19:12.888+0000] {dag.py:3089} INFO - Sync 1 DAGs
[2024-08-10T03:19:13.008+0000] {logging_mixin.py:188} INFO - [2024-08-10T03:19:13.008+0000] {dag.py:3947} INFO - Setting next_dagrun for example_branch_dop_operator_v3 to 2024-08-10 03:18:00+00:00, run_after=2024-08-10 03:19:00+00:00
[2024-08-10T03:19:13.099+0000] {processor.py:183} INFO - Processing /home/airflow/.local/lib/python3.12/site-packages/airflow/example_dags/example_branch_python_dop_operator_3.py took 0.345 seconds
[2024-08-10T03:19:43.333+0000] {processor.py:161} INFO - Started process (PID=243) to work on /home/airflow/.local/lib/python3.12/site-packages/airflow/example_dags/example_branch_python_dop_operator_3.py
[2024-08-10T03:19:43.334+0000] {processor.py:830} INFO - Processing file /home/airflow/.local/lib/python3.12/site-packages/airflow/example_dags/example_branch_python_dop_operator_3.py for tasks to queue
[2024-08-10T03:19:43.336+0000] {logging_mixin.py:188} INFO - [2024-08-10T03:19:43.336+0000] {dagbag.py:545} INFO - Filling up the DagBag from /home/airflow/.local/lib/python3.12/site-packages/airflow/example_dags/example_branch_python_dop_operator_3.py
[2024-08-10T03:19:43.345+0000] {processor.py:840} INFO - DAG(s) 'example_branch_dop_operator_v3' retrieved from /home/airflow/.local/lib/python3.12/site-packages/airflow/example_dags/example_branch_python_dop_operator_3.py
[2024-08-10T03:19:43.371+0000] {logging_mixin.py:188} INFO - [2024-08-10T03:19:43.370+0000] {dag.py:3089} INFO - Sync 1 DAGs
[2024-08-10T03:19:43.416+0000] {logging_mixin.py:188} INFO - [2024-08-10T03:19:43.416+0000] {dag.py:3947} INFO - Setting next_dagrun for example_branch_dop_operator_v3 to 2024-08-10 03:18:00+00:00, run_after=2024-08-10 03:19:00+00:00
[2024-08-10T03:19:43.444+0000] {processor.py:183} INFO - Processing /home/airflow/.local/lib/python3.12/site-packages/airflow/example_dags/example_branch_python_dop_operator_3.py took 0.118 seconds
[2024-08-10T03:20:15.712+0000] {processor.py:161} INFO - Started process (PID=304) to work on /home/airflow/.local/lib/python3.12/site-packages/airflow/example_dags/example_branch_python_dop_operator_3.py
[2024-08-10T03:20:15.722+0000] {processor.py:830} INFO - Processing file /home/airflow/.local/lib/python3.12/site-packages/airflow/example_dags/example_branch_python_dop_operator_3.py for tasks to queue
[2024-08-10T03:20:15.724+0000] {logging_mixin.py:188} INFO - [2024-08-10T03:20:15.724+0000] {dagbag.py:545} INFO - Filling up the DagBag from /home/airflow/.local/lib/python3.12/site-packages/airflow/example_dags/example_branch_python_dop_operator_3.py
[2024-08-10T03:20:15.753+0000] {processor.py:840} INFO - DAG(s) 'example_branch_dop_operator_v3' retrieved from /home/airflow/.local/lib/python3.12/site-packages/airflow/example_dags/example_branch_python_dop_operator_3.py
[2024-08-10T03:20:15.824+0000] {logging_mixin.py:188} INFO - [2024-08-10T03:20:15.823+0000] {dag.py:3089} INFO - Sync 1 DAGs
[2024-08-10T03:20:15.891+0000] {logging_mixin.py:188} INFO - [2024-08-10T03:20:15.891+0000] {dag.py:3947} INFO - Setting next_dagrun for example_branch_dop_operator_v3 to 2024-08-10 03:19:00+00:00, run_after=2024-08-10 03:20:00+00:00
[2024-08-10T03:20:16.030+0000] {processor.py:183} INFO - Processing /home/airflow/.local/lib/python3.12/site-packages/airflow/example_dags/example_branch_python_dop_operator_3.py took 0.358 seconds
[2024-08-10T03:20:46.472+0000] {processor.py:161} INFO - Started process (PID=364) to work on /home/airflow/.local/lib/python3.12/site-packages/airflow/example_dags/example_branch_python_dop_operator_3.py
[2024-08-10T03:20:46.473+0000] {processor.py:830} INFO - Processing file /home/airflow/.local/lib/python3.12/site-packages/airflow/example_dags/example_branch_python_dop_operator_3.py for tasks to queue
[2024-08-10T03:20:46.475+0000] {logging_mixin.py:188} INFO - [2024-08-10T03:20:46.475+0000] {dagbag.py:545} INFO - Filling up the DagBag from /home/airflow/.local/lib/python3.12/site-packages/airflow/example_dags/example_branch_python_dop_operator_3.py
[2024-08-10T03:20:46.485+0000] {processor.py:840} INFO - DAG(s) 'example_branch_dop_operator_v3' retrieved from /home/airflow/.local/lib/python3.12/site-packages/airflow/example_dags/example_branch_python_dop_operator_3.py
[2024-08-10T03:20:46.506+0000] {logging_mixin.py:188} INFO - [2024-08-10T03:20:46.506+0000] {dag.py:3089} INFO - Sync 1 DAGs
[2024-08-10T03:20:46.535+0000] {logging_mixin.py:188} INFO - [2024-08-10T03:20:46.535+0000] {dag.py:3947} INFO - Setting next_dagrun for example_branch_dop_operator_v3 to 2024-08-10 03:19:00+00:00, run_after=2024-08-10 03:20:00+00:00
[2024-08-10T03:20:46.566+0000] {processor.py:183} INFO - Processing /home/airflow/.local/lib/python3.12/site-packages/airflow/example_dags/example_branch_python_dop_operator_3.py took 0.101 seconds
[2024-08-10T03:21:16.827+0000] {processor.py:161} INFO - Started process (PID=423) to work on /home/airflow/.local/lib/python3.12/site-packages/airflow/example_dags/example_branch_python_dop_operator_3.py
[2024-08-10T03:21:16.828+0000] {processor.py:830} INFO - Processing file /home/airflow/.local/lib/python3.12/site-packages/airflow/example_dags/example_branch_python_dop_operator_3.py for tasks to queue
[2024-08-10T03:21:16.834+0000] {logging_mixin.py:188} INFO - [2024-08-10T03:21:16.834+0000] {dagbag.py:545} INFO - Filling up the DagBag from /home/airflow/.local/lib/python3.12/site-packages/airflow/example_dags/example_branch_python_dop_operator_3.py
[2024-08-10T03:21:16.844+0000] {processor.py:840} INFO - DAG(s) 'example_branch_dop_operator_v3' retrieved from /home/airflow/.local/lib/python3.12/site-packages/airflow/example_dags/example_branch_python_dop_operator_3.py
[2024-08-10T03:21:16.870+0000] {logging_mixin.py:188} INFO - [2024-08-10T03:21:16.870+0000] {dag.py:3089} INFO - Sync 1 DAGs
[2024-08-10T03:21:16.897+0000] {logging_mixin.py:188} INFO - [2024-08-10T03:21:16.897+0000] {dag.py:3947} INFO - Setting next_dagrun for example_branch_dop_operator_v3 to 2024-08-10 03:20:00+00:00, run_after=2024-08-10 03:21:00+00:00
[2024-08-10T03:21:16.965+0000] {processor.py:183} INFO - Processing /home/airflow/.local/lib/python3.12/site-packages/airflow/example_dags/example_branch_python_dop_operator_3.py took 0.144 seconds
[2024-08-10T03:21:47.279+0000] {processor.py:161} INFO - Started process (PID=483) to work on /home/airflow/.local/lib/python3.12/site-packages/airflow/example_dags/example_branch_python_dop_operator_3.py
[2024-08-10T03:21:47.281+0000] {processor.py:830} INFO - Processing file /home/airflow/.local/lib/python3.12/site-packages/airflow/example_dags/example_branch_python_dop_operator_3.py for tasks to queue
[2024-08-10T03:21:47.283+0000] {logging_mixin.py:188} INFO - [2024-08-10T03:21:47.283+0000] {dagbag.py:545} INFO - Filling up the DagBag from /home/airflow/.local/lib/python3.12/site-packages/airflow/example_dags/example_branch_python_dop_operator_3.py
[2024-08-10T03:21:47.293+0000] {processor.py:840} INFO - DAG(s) 'example_branch_dop_operator_v3' retrieved from /home/airflow/.local/lib/python3.12/site-packages/airflow/example_dags/example_branch_python_dop_operator_3.py
[2024-08-10T03:21:47.315+0000] {logging_mixin.py:188} INFO - [2024-08-10T03:21:47.315+0000] {dag.py:3089} INFO - Sync 1 DAGs
[2024-08-10T03:21:47.340+0000] {logging_mixin.py:188} INFO - [2024-08-10T03:21:47.340+0000] {dag.py:3947} INFO - Setting next_dagrun for example_branch_dop_operator_v3 to 2024-08-10 03:20:00+00:00, run_after=2024-08-10 03:21:00+00:00
[2024-08-10T03:21:47.370+0000] {processor.py:183} INFO - Processing /home/airflow/.local/lib/python3.12/site-packages/airflow/example_dags/example_branch_python_dop_operator_3.py took 0.099 seconds
[2024-08-10T03:22:18.123+0000] {processor.py:161} INFO - Started process (PID=543) to work on /home/airflow/.local/lib/python3.12/site-packages/airflow/example_dags/example_branch_python_dop_operator_3.py
[2024-08-10T03:22:18.128+0000] {processor.py:830} INFO - Processing file /home/airflow/.local/lib/python3.12/site-packages/airflow/example_dags/example_branch_python_dop_operator_3.py for tasks to queue
[2024-08-10T03:22:18.136+0000] {logging_mixin.py:188} INFO - [2024-08-10T03:22:18.136+0000] {dagbag.py:545} INFO - Filling up the DagBag from /home/airflow/.local/lib/python3.12/site-packages/airflow/example_dags/example_branch_python_dop_operator_3.py
[2024-08-10T03:22:18.155+0000] {processor.py:840} INFO - DAG(s) 'example_branch_dop_operator_v3' retrieved from /home/airflow/.local/lib/python3.12/site-packages/airflow/example_dags/example_branch_python_dop_operator_3.py
[2024-08-10T03:22:18.236+0000] {logging_mixin.py:188} INFO - [2024-08-10T03:22:18.236+0000] {dag.py:3089} INFO - Sync 1 DAGs
[2024-08-10T03:22:18.261+0000] {logging_mixin.py:188} INFO - [2024-08-10T03:22:18.261+0000] {dag.py:3947} INFO - Setting next_dagrun for example_branch_dop_operator_v3 to 2024-08-10 03:21:00+00:00, run_after=2024-08-10 03:22:00+00:00
[2024-08-10T03:22:18.283+0000] {processor.py:183} INFO - Processing /home/airflow/.local/lib/python3.12/site-packages/airflow/example_dags/example_branch_python_dop_operator_3.py took 0.167 seconds
[2024-08-10T03:22:48.456+0000] {processor.py:161} INFO - Started process (PID=601) to work on /home/airflow/.local/lib/python3.12/site-packages/airflow/example_dags/example_branch_python_dop_operator_3.py
[2024-08-10T03:22:48.457+0000] {processor.py:830} INFO - Processing file /home/airflow/.local/lib/python3.12/site-packages/airflow/example_dags/example_branch_python_dop_operator_3.py for tasks to queue
[2024-08-10T03:22:48.459+0000] {logging_mixin.py:188} INFO - [2024-08-10T03:22:48.459+0000] {dagbag.py:545} INFO - Filling up the DagBag from /home/airflow/.local/lib/python3.12/site-packages/airflow/example_dags/example_branch_python_dop_operator_3.py
[2024-08-10T03:22:48.477+0000] {processor.py:840} INFO - DAG(s) 'example_branch_dop_operator_v3' retrieved from /home/airflow/.local/lib/python3.12/site-packages/airflow/example_dags/example_branch_python_dop_operator_3.py
[2024-08-10T03:22:48.518+0000] {logging_mixin.py:188} INFO - [2024-08-10T03:22:48.518+0000] {dag.py:3089} INFO - Sync 1 DAGs
[2024-08-10T03:22:48.564+0000] {logging_mixin.py:188} INFO - [2024-08-10T03:22:48.564+0000] {dag.py:3947} INFO - Setting next_dagrun for example_branch_dop_operator_v3 to 2024-08-10 03:21:00+00:00, run_after=2024-08-10 03:22:00+00:00
[2024-08-10T03:22:48.627+0000] {processor.py:183} INFO - Processing /home/airflow/.local/lib/python3.12/site-packages/airflow/example_dags/example_branch_python_dop_operator_3.py took 0.186 seconds
[2024-08-10T03:23:19.068+0000] {processor.py:161} INFO - Started process (PID=661) to work on /home/airflow/.local/lib/python3.12/site-packages/airflow/example_dags/example_branch_python_dop_operator_3.py
[2024-08-10T03:23:19.070+0000] {processor.py:830} INFO - Processing file /home/airflow/.local/lib/python3.12/site-packages/airflow/example_dags/example_branch_python_dop_operator_3.py for tasks to queue
[2024-08-10T03:23:19.078+0000] {logging_mixin.py:188} INFO - [2024-08-10T03:23:19.077+0000] {dagbag.py:545} INFO - Filling up the DagBag from /home/airflow/.local/lib/python3.12/site-packages/airflow/example_dags/example_branch_python_dop_operator_3.py
[2024-08-10T03:23:19.089+0000] {processor.py:840} INFO - DAG(s) 'example_branch_dop_operator_v3' retrieved from /home/airflow/.local/lib/python3.12/site-packages/airflow/example_dags/example_branch_python_dop_operator_3.py
[2024-08-10T03:23:19.110+0000] {logging_mixin.py:188} INFO - [2024-08-10T03:23:19.110+0000] {dag.py:3089} INFO - Sync 1 DAGs
[2024-08-10T03:23:19.140+0000] {logging_mixin.py:188} INFO - [2024-08-10T03:23:19.140+0000] {dag.py:3947} INFO - Setting next_dagrun for example_branch_dop_operator_v3 to 2024-08-10 03:22:00+00:00, run_after=2024-08-10 03:23:00+00:00
[2024-08-10T03:23:19.167+0000] {processor.py:183} INFO - Processing /home/airflow/.local/lib/python3.12/site-packages/airflow/example_dags/example_branch_python_dop_operator_3.py took 0.110 seconds
[2024-08-10T03:23:49.734+0000] {processor.py:161} INFO - Started process (PID=721) to work on /home/airflow/.local/lib/python3.12/site-packages/airflow/example_dags/example_branch_python_dop_operator_3.py
[2024-08-10T03:23:49.735+0000] {processor.py:830} INFO - Processing file /home/airflow/.local/lib/python3.12/site-packages/airflow/example_dags/example_branch_python_dop_operator_3.py for tasks to queue
[2024-08-10T03:23:49.737+0000] {logging_mixin.py:188} INFO - [2024-08-10T03:23:49.737+0000] {dagbag.py:545} INFO - Filling up the DagBag from /home/airflow/.local/lib/python3.12/site-packages/airflow/example_dags/example_branch_python_dop_operator_3.py
[2024-08-10T03:23:49.748+0000] {processor.py:840} INFO - DAG(s) 'example_branch_dop_operator_v3' retrieved from /home/airflow/.local/lib/python3.12/site-packages/airflow/example_dags/example_branch_python_dop_operator_3.py
[2024-08-10T03:23:49.774+0000] {logging_mixin.py:188} INFO - [2024-08-10T03:23:49.774+0000] {dag.py:3089} INFO - Sync 1 DAGs
[2024-08-10T03:23:49.805+0000] {logging_mixin.py:188} INFO - [2024-08-10T03:23:49.804+0000] {dag.py:3947} INFO - Setting next_dagrun for example_branch_dop_operator_v3 to 2024-08-10 03:22:00+00:00, run_after=2024-08-10 03:23:00+00:00
[2024-08-10T03:23:49.829+0000] {processor.py:183} INFO - Processing /home/airflow/.local/lib/python3.12/site-packages/airflow/example_dags/example_branch_python_dop_operator_3.py took 0.102 seconds
[2024-08-10T03:24:20.542+0000] {processor.py:161} INFO - Started process (PID=782) to work on /home/airflow/.local/lib/python3.12/site-packages/airflow/example_dags/example_branch_python_dop_operator_3.py
[2024-08-10T03:24:20.543+0000] {processor.py:830} INFO - Processing file /home/airflow/.local/lib/python3.12/site-packages/airflow/example_dags/example_branch_python_dop_operator_3.py for tasks to queue
[2024-08-10T03:24:20.545+0000] {logging_mixin.py:188} INFO - [2024-08-10T03:24:20.545+0000] {dagbag.py:545} INFO - Filling up the DagBag from /home/airflow/.local/lib/python3.12/site-packages/airflow/example_dags/example_branch_python_dop_operator_3.py
[2024-08-10T03:24:20.555+0000] {processor.py:840} INFO - DAG(s) 'example_branch_dop_operator_v3' retrieved from /home/airflow/.local/lib/python3.12/site-packages/airflow/example_dags/example_branch_python_dop_operator_3.py
[2024-08-10T03:24:20.580+0000] {logging_mixin.py:188} INFO - [2024-08-10T03:24:20.580+0000] {dag.py:3089} INFO - Sync 1 DAGs
[2024-08-10T03:24:20.608+0000] {logging_mixin.py:188} INFO - [2024-08-10T03:24:20.608+0000] {dag.py:3947} INFO - Setting next_dagrun for example_branch_dop_operator_v3 to 2024-08-10 03:23:00+00:00, run_after=2024-08-10 03:24:00+00:00
[2024-08-10T03:24:20.650+0000] {processor.py:183} INFO - Processing /home/airflow/.local/lib/python3.12/site-packages/airflow/example_dags/example_branch_python_dop_operator_3.py took 0.115 seconds
[2024-08-10T03:24:51.005+0000] {processor.py:161} INFO - Started process (PID=842) to work on /home/airflow/.local/lib/python3.12/site-packages/airflow/example_dags/example_branch_python_dop_operator_3.py
[2024-08-10T03:24:51.006+0000] {processor.py:830} INFO - Processing file /home/airflow/.local/lib/python3.12/site-packages/airflow/example_dags/example_branch_python_dop_operator_3.py for tasks to queue
[2024-08-10T03:24:51.008+0000] {logging_mixin.py:188} INFO - [2024-08-10T03:24:51.008+0000] {dagbag.py:545} INFO - Filling up the DagBag from /home/airflow/.local/lib/python3.12/site-packages/airflow/example_dags/example_branch_python_dop_operator_3.py
[2024-08-10T03:24:51.018+0000] {processor.py:840} INFO - DAG(s) 'example_branch_dop_operator_v3' retrieved from /home/airflow/.local/lib/python3.12/site-packages/airflow/example_dags/example_branch_python_dop_operator_3.py
[2024-08-10T03:24:51.036+0000] {logging_mixin.py:188} INFO - [2024-08-10T03:24:51.036+0000] {dag.py:3089} INFO - Sync 1 DAGs
[2024-08-10T03:24:51.069+0000] {logging_mixin.py:188} INFO - [2024-08-10T03:24:51.068+0000] {dag.py:3947} INFO - Setting next_dagrun for example_branch_dop_operator_v3 to 2024-08-10 03:23:00+00:00, run_after=2024-08-10 03:24:00+00:00
[2024-08-10T03:24:51.112+0000] {processor.py:183} INFO - Processing /home/airflow/.local/lib/python3.12/site-packages/airflow/example_dags/example_branch_python_dop_operator_3.py took 0.116 seconds
[2024-08-10T03:25:21.600+0000] {processor.py:161} INFO - Started process (PID=901) to work on /home/airflow/.local/lib/python3.12/site-packages/airflow/example_dags/example_branch_python_dop_operator_3.py
[2024-08-10T03:25:21.601+0000] {processor.py:830} INFO - Processing file /home/airflow/.local/lib/python3.12/site-packages/airflow/example_dags/example_branch_python_dop_operator_3.py for tasks to queue
[2024-08-10T03:25:21.604+0000] {logging_mixin.py:188} INFO - [2024-08-10T03:25:21.603+0000] {dagbag.py:545} INFO - Filling up the DagBag from /home/airflow/.local/lib/python3.12/site-packages/airflow/example_dags/example_branch_python_dop_operator_3.py
[2024-08-10T03:25:21.615+0000] {processor.py:840} INFO - DAG(s) 'example_branch_dop_operator_v3' retrieved from /home/airflow/.local/lib/python3.12/site-packages/airflow/example_dags/example_branch_python_dop_operator_3.py
[2024-08-10T03:25:21.637+0000] {logging_mixin.py:188} INFO - [2024-08-10T03:25:21.637+0000] {dag.py:3089} INFO - Sync 1 DAGs
[2024-08-10T03:25:21.670+0000] {logging_mixin.py:188} INFO - [2024-08-10T03:25:21.670+0000] {dag.py:3947} INFO - Setting next_dagrun for example_branch_dop_operator_v3 to 2024-08-10 03:24:00+00:00, run_after=2024-08-10 03:25:00+00:00
[2024-08-10T03:25:21.711+0000] {processor.py:183} INFO - Processing /home/airflow/.local/lib/python3.12/site-packages/airflow/example_dags/example_branch_python_dop_operator_3.py took 0.116 seconds
[2024-08-10T03:25:51.930+0000] {processor.py:161} INFO - Started process (PID=961) to work on /home/airflow/.local/lib/python3.12/site-packages/airflow/example_dags/example_branch_python_dop_operator_3.py
[2024-08-10T03:25:51.932+0000] {processor.py:830} INFO - Processing file /home/airflow/.local/lib/python3.12/site-packages/airflow/example_dags/example_branch_python_dop_operator_3.py for tasks to queue
[2024-08-10T03:25:51.934+0000] {logging_mixin.py:188} INFO - [2024-08-10T03:25:51.934+0000] {dagbag.py:545} INFO - Filling up the DagBag from /home/airflow/.local/lib/python3.12/site-packages/airflow/example_dags/example_branch_python_dop_operator_3.py
[2024-08-10T03:25:51.943+0000] {processor.py:840} INFO - DAG(s) 'example_branch_dop_operator_v3' retrieved from /home/airflow/.local/lib/python3.12/site-packages/airflow/example_dags/example_branch_python_dop_operator_3.py
[2024-08-10T03:25:51.964+0000] {logging_mixin.py:188} INFO - [2024-08-10T03:25:51.964+0000] {dag.py:3089} INFO - Sync 1 DAGs
[2024-08-10T03:25:51.995+0000] {logging_mixin.py:188} INFO - [2024-08-10T03:25:51.995+0000] {dag.py:3947} INFO - Setting next_dagrun for example_branch_dop_operator_v3 to 2024-08-10 03:24:00+00:00, run_after=2024-08-10 03:25:00+00:00
[2024-08-10T03:25:52.028+0000] {processor.py:183} INFO - Processing /home/airflow/.local/lib/python3.12/site-packages/airflow/example_dags/example_branch_python_dop_operator_3.py took 0.104 seconds
[2024-08-10T03:26:22.789+0000] {processor.py:161} INFO - Started process (PID=1021) to work on /home/airflow/.local/lib/python3.12/site-packages/airflow/example_dags/example_branch_python_dop_operator_3.py
[2024-08-10T03:26:22.790+0000] {processor.py:830} INFO - Processing file /home/airflow/.local/lib/python3.12/site-packages/airflow/example_dags/example_branch_python_dop_operator_3.py for tasks to queue
[2024-08-10T03:26:22.793+0000] {logging_mixin.py:188} INFO - [2024-08-10T03:26:22.792+0000] {dagbag.py:545} INFO - Filling up the DagBag from /home/airflow/.local/lib/python3.12/site-packages/airflow/example_dags/example_branch_python_dop_operator_3.py
[2024-08-10T03:26:22.802+0000] {processor.py:840} INFO - DAG(s) 'example_branch_dop_operator_v3' retrieved from /home/airflow/.local/lib/python3.12/site-packages/airflow/example_dags/example_branch_python_dop_operator_3.py
[2024-08-10T03:26:22.820+0000] {logging_mixin.py:188} INFO - [2024-08-10T03:26:22.820+0000] {dag.py:3089} INFO - Sync 1 DAGs
[2024-08-10T03:26:22.847+0000] {logging_mixin.py:188} INFO - [2024-08-10T03:26:22.847+0000] {dag.py:3947} INFO - Setting next_dagrun for example_branch_dop_operator_v3 to 2024-08-10 03:25:00+00:00, run_after=2024-08-10 03:26:00+00:00
[2024-08-10T03:26:22.879+0000] {processor.py:183} INFO - Processing /home/airflow/.local/lib/python3.12/site-packages/airflow/example_dags/example_branch_python_dop_operator_3.py took 0.097 seconds
[2024-08-10T03:26:54.372+0000] {processor.py:161} INFO - Started process (PID=1083) to work on /home/airflow/.local/lib/python3.12/site-packages/airflow/example_dags/example_branch_python_dop_operator_3.py
[2024-08-10T03:26:54.373+0000] {processor.py:830} INFO - Processing file /home/airflow/.local/lib/python3.12/site-packages/airflow/example_dags/example_branch_python_dop_operator_3.py for tasks to queue
[2024-08-10T03:26:54.375+0000] {logging_mixin.py:188} INFO - [2024-08-10T03:26:54.375+0000] {dagbag.py:545} INFO - Filling up the DagBag from /home/airflow/.local/lib/python3.12/site-packages/airflow/example_dags/example_branch_python_dop_operator_3.py
[2024-08-10T03:26:54.383+0000] {processor.py:840} INFO - DAG(s) 'example_branch_dop_operator_v3' retrieved from /home/airflow/.local/lib/python3.12/site-packages/airflow/example_dags/example_branch_python_dop_operator_3.py
[2024-08-10T03:26:54.463+0000] {logging_mixin.py:188} INFO - [2024-08-10T03:26:54.463+0000] {dag.py:3089} INFO - Sync 1 DAGs
[2024-08-10T03:26:54.529+0000] {logging_mixin.py:188} INFO - [2024-08-10T03:26:54.529+0000] {dag.py:3947} INFO - Setting next_dagrun for example_branch_dop_operator_v3 to 2024-08-10 03:25:00+00:00, run_after=2024-08-10 03:26:00+00:00
[2024-08-10T03:26:54.624+0000] {processor.py:183} INFO - Processing /home/airflow/.local/lib/python3.12/site-packages/airflow/example_dags/example_branch_python_dop_operator_3.py took 0.257 seconds
[2024-08-10T03:27:25.652+0000] {processor.py:161} INFO - Started process (PID=1141) to work on /home/airflow/.local/lib/python3.12/site-packages/airflow/example_dags/example_branch_python_dop_operator_3.py
[2024-08-10T03:27:25.661+0000] {processor.py:830} INFO - Processing file /home/airflow/.local/lib/python3.12/site-packages/airflow/example_dags/example_branch_python_dop_operator_3.py for tasks to queue
[2024-08-10T03:27:25.667+0000] {logging_mixin.py:188} INFO - [2024-08-10T03:27:25.666+0000] {dagbag.py:545} INFO - Filling up the DagBag from /home/airflow/.local/lib/python3.12/site-packages/airflow/example_dags/example_branch_python_dop_operator_3.py
[2024-08-10T03:27:25.713+0000] {processor.py:840} INFO - DAG(s) 'example_branch_dop_operator_v3' retrieved from /home/airflow/.local/lib/python3.12/site-packages/airflow/example_dags/example_branch_python_dop_operator_3.py
[2024-08-10T03:27:25.781+0000] {logging_mixin.py:188} INFO - [2024-08-10T03:27:25.781+0000] {dag.py:3089} INFO - Sync 1 DAGs
[2024-08-10T03:27:25.891+0000] {logging_mixin.py:188} INFO - [2024-08-10T03:27:25.891+0000] {dag.py:3947} INFO - Setting next_dagrun for example_branch_dop_operator_v3 to 2024-08-10 03:26:00+00:00, run_after=2024-08-10 03:27:00+00:00
[2024-08-10T03:27:25.962+0000] {processor.py:183} INFO - Processing /home/airflow/.local/lib/python3.12/site-packages/airflow/example_dags/example_branch_python_dop_operator_3.py took 0.339 seconds
[2024-08-10T03:27:56.594+0000] {processor.py:161} INFO - Started process (PID=1201) to work on /home/airflow/.local/lib/python3.12/site-packages/airflow/example_dags/example_branch_python_dop_operator_3.py
[2024-08-10T03:27:56.610+0000] {processor.py:830} INFO - Processing file /home/airflow/.local/lib/python3.12/site-packages/airflow/example_dags/example_branch_python_dop_operator_3.py for tasks to queue
[2024-08-10T03:27:56.612+0000] {logging_mixin.py:188} INFO - [2024-08-10T03:27:56.612+0000] {dagbag.py:545} INFO - Filling up the DagBag from /home/airflow/.local/lib/python3.12/site-packages/airflow/example_dags/example_branch_python_dop_operator_3.py
[2024-08-10T03:27:56.623+0000] {processor.py:840} INFO - DAG(s) 'example_branch_dop_operator_v3' retrieved from /home/airflow/.local/lib/python3.12/site-packages/airflow/example_dags/example_branch_python_dop_operator_3.py
[2024-08-10T03:27:56.665+0000] {logging_mixin.py:188} INFO - [2024-08-10T03:27:56.664+0000] {dag.py:3089} INFO - Sync 1 DAGs
[2024-08-10T03:27:56.714+0000] {logging_mixin.py:188} INFO - [2024-08-10T03:27:56.714+0000] {dag.py:3947} INFO - Setting next_dagrun for example_branch_dop_operator_v3 to 2024-08-10 03:26:00+00:00, run_after=2024-08-10 03:27:00+00:00
[2024-08-10T03:27:56.765+0000] {processor.py:183} INFO - Processing /home/airflow/.local/lib/python3.12/site-packages/airflow/example_dags/example_branch_python_dop_operator_3.py took 0.177 seconds
[2024-08-10T03:28:26.886+0000] {processor.py:161} INFO - Started process (PID=1260) to work on /home/airflow/.local/lib/python3.12/site-packages/airflow/example_dags/example_branch_python_dop_operator_3.py
[2024-08-10T03:28:26.887+0000] {processor.py:830} INFO - Processing file /home/airflow/.local/lib/python3.12/site-packages/airflow/example_dags/example_branch_python_dop_operator_3.py for tasks to queue
[2024-08-10T03:28:26.889+0000] {logging_mixin.py:188} INFO - [2024-08-10T03:28:26.889+0000] {dagbag.py:545} INFO - Filling up the DagBag from /home/airflow/.local/lib/python3.12/site-packages/airflow/example_dags/example_branch_python_dop_operator_3.py
[2024-08-10T03:28:26.899+0000] {processor.py:840} INFO - DAG(s) 'example_branch_dop_operator_v3' retrieved from /home/airflow/.local/lib/python3.12/site-packages/airflow/example_dags/example_branch_python_dop_operator_3.py
[2024-08-10T03:28:26.919+0000] {logging_mixin.py:188} INFO - [2024-08-10T03:28:26.919+0000] {dag.py:3089} INFO - Sync 1 DAGs
[2024-08-10T03:28:26.953+0000] {logging_mixin.py:188} INFO - [2024-08-10T03:28:26.953+0000] {dag.py:3947} INFO - Setting next_dagrun for example_branch_dop_operator_v3 to 2024-08-10 03:27:00+00:00, run_after=2024-08-10 03:28:00+00:00
[2024-08-10T03:28:26.978+0000] {processor.py:183} INFO - Processing /home/airflow/.local/lib/python3.12/site-packages/airflow/example_dags/example_branch_python_dop_operator_3.py took 0.098 seconds
[2024-08-10T03:28:57.353+0000] {processor.py:161} INFO - Started process (PID=1320) to work on /home/airflow/.local/lib/python3.12/site-packages/airflow/example_dags/example_branch_python_dop_operator_3.py
[2024-08-10T03:28:57.354+0000] {processor.py:830} INFO - Processing file /home/airflow/.local/lib/python3.12/site-packages/airflow/example_dags/example_branch_python_dop_operator_3.py for tasks to queue
[2024-08-10T03:28:57.368+0000] {logging_mixin.py:188} INFO - [2024-08-10T03:28:57.367+0000] {dagbag.py:545} INFO - Filling up the DagBag from /home/airflow/.local/lib/python3.12/site-packages/airflow/example_dags/example_branch_python_dop_operator_3.py
[2024-08-10T03:28:57.384+0000] {processor.py:840} INFO - DAG(s) 'example_branch_dop_operator_v3' retrieved from /home/airflow/.local/lib/python3.12/site-packages/airflow/example_dags/example_branch_python_dop_operator_3.py
[2024-08-10T03:28:57.434+0000] {logging_mixin.py:188} INFO - [2024-08-10T03:28:57.433+0000] {dag.py:3089} INFO - Sync 1 DAGs
[2024-08-10T03:28:57.513+0000] {logging_mixin.py:188} INFO - [2024-08-10T03:28:57.512+0000] {dag.py:3947} INFO - Setting next_dagrun for example_branch_dop_operator_v3 to 2024-08-10 03:27:00+00:00, run_after=2024-08-10 03:28:00+00:00
[2024-08-10T03:28:57.569+0000] {processor.py:183} INFO - Processing /home/airflow/.local/lib/python3.12/site-packages/airflow/example_dags/example_branch_python_dop_operator_3.py took 0.228 seconds
[2024-08-10T03:29:37.275+0000] {processor.py:161} INFO - Started process (PID=1381) to work on /home/airflow/.local/lib/python3.12/site-packages/airflow/example_dags/example_branch_python_dop_operator_3.py
[2024-08-10T03:29:37.277+0000] {processor.py:830} INFO - Processing file /home/airflow/.local/lib/python3.12/site-packages/airflow/example_dags/example_branch_python_dop_operator_3.py for tasks to queue
[2024-08-10T03:29:37.282+0000] {logging_mixin.py:188} INFO - [2024-08-10T03:29:37.281+0000] {dagbag.py:545} INFO - Filling up the DagBag from /home/airflow/.local/lib/python3.12/site-packages/airflow/example_dags/example_branch_python_dop_operator_3.py
[2024-08-10T03:29:37.305+0000] {processor.py:840} INFO - DAG(s) 'example_branch_dop_operator_v3' retrieved from /home/airflow/.local/lib/python3.12/site-packages/airflow/example_dags/example_branch_python_dop_operator_3.py
[2024-08-10T03:29:37.403+0000] {logging_mixin.py:188} INFO - [2024-08-10T03:29:37.403+0000] {dag.py:3089} INFO - Sync 1 DAGs
[2024-08-10T03:29:37.439+0000] {logging_mixin.py:188} INFO - [2024-08-10T03:29:37.439+0000] {dag.py:3947} INFO - Setting next_dagrun for example_branch_dop_operator_v3 to 2024-08-10 03:28:00+00:00, run_after=2024-08-10 03:29:00+00:00
[2024-08-10T03:29:40.917+0000] {processor.py:183} INFO - Processing /home/airflow/.local/lib/python3.12/site-packages/airflow/example_dags/example_branch_python_dop_operator_3.py took 3.665 seconds
[2024-08-10T03:30:25.303+0000] {processor.py:161} INFO - Started process (PID=1447) to work on /home/airflow/.local/lib/python3.12/site-packages/airflow/example_dags/example_branch_python_dop_operator_3.py
[2024-08-10T03:30:25.306+0000] {processor.py:830} INFO - Processing file /home/airflow/.local/lib/python3.12/site-packages/airflow/example_dags/example_branch_python_dop_operator_3.py for tasks to queue
[2024-08-10T03:30:25.312+0000] {logging_mixin.py:188} INFO - [2024-08-10T03:30:25.310+0000] {dagbag.py:545} INFO - Filling up the DagBag from /home/airflow/.local/lib/python3.12/site-packages/airflow/example_dags/example_branch_python_dop_operator_3.py
[2024-08-10T03:30:25.326+0000] {processor.py:840} INFO - DAG(s) 'example_branch_dop_operator_v3' retrieved from /home/airflow/.local/lib/python3.12/site-packages/airflow/example_dags/example_branch_python_dop_operator_3.py
[2024-08-10T03:30:25.365+0000] {logging_mixin.py:188} INFO - [2024-08-10T03:30:25.364+0000] {dag.py:3089} INFO - Sync 1 DAGs
[2024-08-10T03:30:25.426+0000] {logging_mixin.py:188} INFO - [2024-08-10T03:30:25.424+0000] {dag.py:3947} INFO - Setting next_dagrun for example_branch_dop_operator_v3 to 2024-08-10 03:29:00+00:00, run_after=2024-08-10 03:30:00+00:00
[2024-08-10T03:30:25.480+0000] {processor.py:183} INFO - Processing /home/airflow/.local/lib/python3.12/site-packages/airflow/example_dags/example_branch_python_dop_operator_3.py took 0.183 seconds
[2024-08-10T03:30:56.201+0000] {processor.py:161} INFO - Started process (PID=1506) to work on /home/airflow/.local/lib/python3.12/site-packages/airflow/example_dags/example_branch_python_dop_operator_3.py
[2024-08-10T03:30:56.203+0000] {processor.py:830} INFO - Processing file /home/airflow/.local/lib/python3.12/site-packages/airflow/example_dags/example_branch_python_dop_operator_3.py for tasks to queue
[2024-08-10T03:30:56.205+0000] {logging_mixin.py:188} INFO - [2024-08-10T03:30:56.205+0000] {dagbag.py:545} INFO - Filling up the DagBag from /home/airflow/.local/lib/python3.12/site-packages/airflow/example_dags/example_branch_python_dop_operator_3.py
[2024-08-10T03:30:56.214+0000] {processor.py:840} INFO - DAG(s) 'example_branch_dop_operator_v3' retrieved from /home/airflow/.local/lib/python3.12/site-packages/airflow/example_dags/example_branch_python_dop_operator_3.py
[2024-08-10T03:30:56.239+0000] {logging_mixin.py:188} INFO - [2024-08-10T03:30:56.239+0000] {dag.py:3089} INFO - Sync 1 DAGs
[2024-08-10T03:30:56.266+0000] {logging_mixin.py:188} INFO - [2024-08-10T03:30:56.266+0000] {dag.py:3947} INFO - Setting next_dagrun for example_branch_dop_operator_v3 to 2024-08-10 03:29:00+00:00, run_after=2024-08-10 03:30:00+00:00
[2024-08-10T03:30:56.857+0000] {processor.py:183} INFO - Processing /home/airflow/.local/lib/python3.12/site-packages/airflow/example_dags/example_branch_python_dop_operator_3.py took 0.661 seconds
[2024-08-10T03:31:41.510+0000] {processor.py:161} INFO - Started process (PID=1566) to work on /home/airflow/.local/lib/python3.12/site-packages/airflow/example_dags/example_branch_python_dop_operator_3.py
[2024-08-10T03:31:41.520+0000] {processor.py:830} INFO - Processing file /home/airflow/.local/lib/python3.12/site-packages/airflow/example_dags/example_branch_python_dop_operator_3.py for tasks to queue
[2024-08-10T03:31:41.522+0000] {logging_mixin.py:188} INFO - [2024-08-10T03:31:41.521+0000] {dagbag.py:545} INFO - Filling up the DagBag from /home/airflow/.local/lib/python3.12/site-packages/airflow/example_dags/example_branch_python_dop_operator_3.py
[2024-08-10T03:31:41.533+0000] {processor.py:840} INFO - DAG(s) 'example_branch_dop_operator_v3' retrieved from /home/airflow/.local/lib/python3.12/site-packages/airflow/example_dags/example_branch_python_dop_operator_3.py
[2024-08-10T03:31:41.686+0000] {logging_mixin.py:188} INFO - [2024-08-10T03:31:41.686+0000] {dag.py:3089} INFO - Sync 1 DAGs
[2024-08-10T03:31:41.722+0000] {logging_mixin.py:188} INFO - [2024-08-10T03:31:41.722+0000] {dag.py:3947} INFO - Setting next_dagrun for example_branch_dop_operator_v3 to 2024-08-10 03:30:00+00:00, run_after=2024-08-10 03:31:00+00:00
[2024-08-10T03:31:41.931+0000] {processor.py:183} INFO - Processing /home/airflow/.local/lib/python3.12/site-packages/airflow/example_dags/example_branch_python_dop_operator_3.py took 0.427 seconds
[2024-08-10T03:32:33.506+0000] {processor.py:161} INFO - Started process (PID=1627) to work on /home/airflow/.local/lib/python3.12/site-packages/airflow/example_dags/example_branch_python_dop_operator_3.py
[2024-08-10T03:32:33.521+0000] {processor.py:830} INFO - Processing file /home/airflow/.local/lib/python3.12/site-packages/airflow/example_dags/example_branch_python_dop_operator_3.py for tasks to queue
[2024-08-10T03:32:33.523+0000] {logging_mixin.py:188} INFO - [2024-08-10T03:32:33.522+0000] {dagbag.py:545} INFO - Filling up the DagBag from /home/airflow/.local/lib/python3.12/site-packages/airflow/example_dags/example_branch_python_dop_operator_3.py
[2024-08-10T03:32:33.539+0000] {processor.py:840} INFO - DAG(s) 'example_branch_dop_operator_v3' retrieved from /home/airflow/.local/lib/python3.12/site-packages/airflow/example_dags/example_branch_python_dop_operator_3.py
[2024-08-10T03:32:33.612+0000] {logging_mixin.py:188} INFO - [2024-08-10T03:32:33.611+0000] {dag.py:3089} INFO - Sync 1 DAGs
[2024-08-10T03:32:33.702+0000] {logging_mixin.py:188} INFO - [2024-08-10T03:32:33.701+0000] {dag.py:3947} INFO - Setting next_dagrun for example_branch_dop_operator_v3 to 2024-08-10 03:31:00+00:00, run_after=2024-08-10 03:32:00+00:00
[2024-08-10T03:32:33.811+0000] {processor.py:183} INFO - Processing /home/airflow/.local/lib/python3.12/site-packages/airflow/example_dags/example_branch_python_dop_operator_3.py took 0.320 seconds
[2024-08-10T03:33:23.088+0000] {processor.py:161} INFO - Started process (PID=1690) to work on /home/airflow/.local/lib/python3.12/site-packages/airflow/example_dags/example_branch_python_dop_operator_3.py
[2024-08-10T03:33:23.090+0000] {processor.py:830} INFO - Processing file /home/airflow/.local/lib/python3.12/site-packages/airflow/example_dags/example_branch_python_dop_operator_3.py for tasks to queue
[2024-08-10T03:33:23.091+0000] {logging_mixin.py:188} INFO - [2024-08-10T03:33:23.091+0000] {dagbag.py:545} INFO - Filling up the DagBag from /home/airflow/.local/lib/python3.12/site-packages/airflow/example_dags/example_branch_python_dop_operator_3.py
[2024-08-10T03:33:23.102+0000] {processor.py:840} INFO - DAG(s) 'example_branch_dop_operator_v3' retrieved from /home/airflow/.local/lib/python3.12/site-packages/airflow/example_dags/example_branch_python_dop_operator_3.py
[2024-08-10T03:33:23.132+0000] {logging_mixin.py:188} INFO - [2024-08-10T03:33:23.131+0000] {dag.py:3089} INFO - Sync 1 DAGs
[2024-08-10T03:33:23.172+0000] {logging_mixin.py:188} INFO - [2024-08-10T03:33:23.171+0000] {dag.py:3947} INFO - Setting next_dagrun for example_branch_dop_operator_v3 to 2024-08-10 03:32:00+00:00, run_after=2024-08-10 03:33:00+00:00
[2024-08-10T03:33:23.205+0000] {processor.py:183} INFO - Processing /home/airflow/.local/lib/python3.12/site-packages/airflow/example_dags/example_branch_python_dop_operator_3.py took 0.124 seconds
[2024-08-10T03:34:16.338+0000] {processor.py:161} INFO - Started process (PID=1758) to work on /home/airflow/.local/lib/python3.12/site-packages/airflow/example_dags/example_branch_python_dop_operator_3.py
[2024-08-10T03:34:16.339+0000] {processor.py:830} INFO - Processing file /home/airflow/.local/lib/python3.12/site-packages/airflow/example_dags/example_branch_python_dop_operator_3.py for tasks to queue
[2024-08-10T03:34:16.340+0000] {logging_mixin.py:188} INFO - [2024-08-10T03:34:16.340+0000] {dagbag.py:545} INFO - Filling up the DagBag from /home/airflow/.local/lib/python3.12/site-packages/airflow/example_dags/example_branch_python_dop_operator_3.py
[2024-08-10T03:34:16.351+0000] {processor.py:840} INFO - DAG(s) 'example_branch_dop_operator_v3' retrieved from /home/airflow/.local/lib/python3.12/site-packages/airflow/example_dags/example_branch_python_dop_operator_3.py
[2024-08-10T03:34:16.383+0000] {logging_mixin.py:188} INFO - [2024-08-10T03:34:16.383+0000] {dag.py:3089} INFO - Sync 1 DAGs
[2024-08-10T03:34:16.416+0000] {logging_mixin.py:188} INFO - [2024-08-10T03:34:16.416+0000] {dag.py:3947} INFO - Setting next_dagrun for example_branch_dop_operator_v3 to 2024-08-10 03:33:00+00:00, run_after=2024-08-10 03:34:00+00:00
[2024-08-10T03:34:17.464+0000] {processor.py:183} INFO - Processing /home/airflow/.local/lib/python3.12/site-packages/airflow/example_dags/example_branch_python_dop_operator_3.py took 1.132 seconds
[2024-08-10T03:35:29.896+0000] {processor.py:161} INFO - Started process (PID=1824) to work on /home/airflow/.local/lib/python3.12/site-packages/airflow/example_dags/example_branch_python_dop_operator_3.py
[2024-08-10T03:35:29.898+0000] {processor.py:830} INFO - Processing file /home/airflow/.local/lib/python3.12/site-packages/airflow/example_dags/example_branch_python_dop_operator_3.py for tasks to queue
[2024-08-10T03:35:29.899+0000] {logging_mixin.py:188} INFO - [2024-08-10T03:35:29.899+0000] {dagbag.py:545} INFO - Filling up the DagBag from /home/airflow/.local/lib/python3.12/site-packages/airflow/example_dags/example_branch_python_dop_operator_3.py
[2024-08-10T03:35:29.935+0000] {processor.py:840} INFO - DAG(s) 'example_branch_dop_operator_v3' retrieved from /home/airflow/.local/lib/python3.12/site-packages/airflow/example_dags/example_branch_python_dop_operator_3.py
[2024-08-10T03:35:29.973+0000] {logging_mixin.py:188} INFO - [2024-08-10T03:35:29.972+0000] {dag.py:3089} INFO - Sync 1 DAGs
[2024-08-10T03:35:30.022+0000] {logging_mixin.py:188} INFO - [2024-08-10T03:35:30.022+0000] {dag.py:3947} INFO - Setting next_dagrun for example_branch_dop_operator_v3 to 2024-08-10 03:34:00+00:00, run_after=2024-08-10 03:35:00+00:00
[2024-08-10T03:35:30.332+0000] {processor.py:183} INFO - Processing /home/airflow/.local/lib/python3.12/site-packages/airflow/example_dags/example_branch_python_dop_operator_3.py took 0.444 seconds
[2024-08-10T03:36:01.509+0000] {processor.py:161} INFO - Started process (PID=1882) to work on /home/airflow/.local/lib/python3.12/site-packages/airflow/example_dags/example_branch_python_dop_operator_3.py
[2024-08-10T03:36:01.510+0000] {processor.py:830} INFO - Processing file /home/airflow/.local/lib/python3.12/site-packages/airflow/example_dags/example_branch_python_dop_operator_3.py for tasks to queue
[2024-08-10T03:36:01.512+0000] {logging_mixin.py:188} INFO - [2024-08-10T03:36:01.511+0000] {dagbag.py:545} INFO - Filling up the DagBag from /home/airflow/.local/lib/python3.12/site-packages/airflow/example_dags/example_branch_python_dop_operator_3.py
[2024-08-10T03:36:01.548+0000] {processor.py:840} INFO - DAG(s) 'example_branch_dop_operator_v3' retrieved from /home/airflow/.local/lib/python3.12/site-packages/airflow/example_dags/example_branch_python_dop_operator_3.py
[2024-08-10T03:36:01.569+0000] {logging_mixin.py:188} INFO - [2024-08-10T03:36:01.569+0000] {dag.py:3089} INFO - Sync 1 DAGs
[2024-08-10T03:36:01.653+0000] {logging_mixin.py:188} INFO - [2024-08-10T03:36:01.653+0000] {dag.py:3947} INFO - Setting next_dagrun for example_branch_dop_operator_v3 to 2024-08-10 03:35:00+00:00, run_after=2024-08-10 03:36:00+00:00
[2024-08-10T03:36:02.366+0000] {processor.py:183} INFO - Processing /home/airflow/.local/lib/python3.12/site-packages/airflow/example_dags/example_branch_python_dop_operator_3.py took 0.864 seconds
[2024-08-10T03:36:57.028+0000] {processor.py:161} INFO - Started process (PID=1934) to work on /home/airflow/.local/lib/python3.12/site-packages/airflow/example_dags/example_branch_python_dop_operator_3.py
[2024-08-10T03:36:57.051+0000] {processor.py:830} INFO - Processing file /home/airflow/.local/lib/python3.12/site-packages/airflow/example_dags/example_branch_python_dop_operator_3.py for tasks to queue
[2024-08-10T03:36:57.053+0000] {logging_mixin.py:188} INFO - [2024-08-10T03:36:57.052+0000] {dagbag.py:545} INFO - Filling up the DagBag from /home/airflow/.local/lib/python3.12/site-packages/airflow/example_dags/example_branch_python_dop_operator_3.py
[2024-08-10T03:36:57.075+0000] {processor.py:840} INFO - DAG(s) 'example_branch_dop_operator_v3' retrieved from /home/airflow/.local/lib/python3.12/site-packages/airflow/example_dags/example_branch_python_dop_operator_3.py
[2024-08-10T03:36:57.145+0000] {logging_mixin.py:188} INFO - [2024-08-10T03:36:57.145+0000] {dag.py:3089} INFO - Sync 1 DAGs
[2024-08-10T03:36:57.213+0000] {logging_mixin.py:188} INFO - [2024-08-10T03:36:57.212+0000] {dag.py:3947} INFO - Setting next_dagrun for example_branch_dop_operator_v3 to 2024-08-10 03:35:00+00:00, run_after=2024-08-10 03:36:00+00:00
[2024-08-10T03:36:57.652+0000] {processor.py:183} INFO - Processing /home/airflow/.local/lib/python3.12/site-packages/airflow/example_dags/example_branch_python_dop_operator_3.py took 0.639 seconds
[2024-08-10T03:38:11.452+0000] {processor.py:161} INFO - Started process (PID=2004) to work on /home/airflow/.local/lib/python3.12/site-packages/airflow/example_dags/example_branch_python_dop_operator_3.py
[2024-08-10T03:38:11.454+0000] {processor.py:830} INFO - Processing file /home/airflow/.local/lib/python3.12/site-packages/airflow/example_dags/example_branch_python_dop_operator_3.py for tasks to queue
[2024-08-10T03:38:11.455+0000] {logging_mixin.py:188} INFO - [2024-08-10T03:38:11.454+0000] {dagbag.py:545} INFO - Filling up the DagBag from /home/airflow/.local/lib/python3.12/site-packages/airflow/example_dags/example_branch_python_dop_operator_3.py
[2024-08-10T03:38:11.480+0000] {processor.py:840} INFO - DAG(s) 'example_branch_dop_operator_v3' retrieved from /home/airflow/.local/lib/python3.12/site-packages/airflow/example_dags/example_branch_python_dop_operator_3.py
[2024-08-10T03:38:11.594+0000] {logging_mixin.py:188} INFO - [2024-08-10T03:38:11.585+0000] {dag.py:3089} INFO - Sync 1 DAGs
[2024-08-10T03:38:11.739+0000] {logging_mixin.py:188} INFO - [2024-08-10T03:38:11.738+0000] {dag.py:3947} INFO - Setting next_dagrun for example_branch_dop_operator_v3 to 2024-08-10 03:37:00+00:00, run_after=2024-08-10 03:38:00+00:00
[2024-08-10T03:38:11.827+0000] {processor.py:183} INFO - Processing /home/airflow/.local/lib/python3.12/site-packages/airflow/example_dags/example_branch_python_dop_operator_3.py took 0.401 seconds
