[2024-08-10T03:18:06.287+0000] {processor.py:161} INFO - Started process (PID=58) to work on /home/airflow/.local/lib/python3.12/site-packages/airflow/example_dags/example_latest_only.py
[2024-08-10T03:18:06.292+0000] {processor.py:830} INFO - Processing file /home/airflow/.local/lib/python3.12/site-packages/airflow/example_dags/example_latest_only.py for tasks to queue
[2024-08-10T03:18:06.301+0000] {logging_mixin.py:188} INFO - [2024-08-10T03:18:06.300+0000] {dagbag.py:545} INFO - Filling up the DagBag from /home/airflow/.local/lib/python3.12/site-packages/airflow/example_dags/example_latest_only.py
[2024-08-10T03:18:06.343+0000] {processor.py:840} INFO - DAG(s) 'latest_only' retrieved from /home/airflow/.local/lib/python3.12/site-packages/airflow/example_dags/example_latest_only.py
[2024-08-10T03:18:06.465+0000] {logging_mixin.py:188} INFO - [2024-08-10T03:18:06.465+0000] {dag.py:3089} INFO - Sync 1 DAGs
[2024-08-10T03:18:06.502+0000] {logging_mixin.py:188} INFO - [2024-08-10T03:18:06.502+0000] {dag.py:3947} INFO - Setting next_dagrun for latest_only to 2024-08-09 20:00:00+00:00, run_after=2024-08-10 00:00:00+00:00
[2024-08-10T03:18:06.536+0000] {processor.py:183} INFO - Processing /home/airflow/.local/lib/python3.12/site-packages/airflow/example_dags/example_latest_only.py took 0.257 seconds
[2024-08-10T03:18:37.392+0000] {processor.py:161} INFO - Started process (PID=116) to work on /home/airflow/.local/lib/python3.12/site-packages/airflow/example_dags/example_latest_only.py
[2024-08-10T03:18:37.399+0000] {processor.py:830} INFO - Processing file /home/airflow/.local/lib/python3.12/site-packages/airflow/example_dags/example_latest_only.py for tasks to queue
[2024-08-10T03:18:37.420+0000] {logging_mixin.py:188} INFO - [2024-08-10T03:18:37.420+0000] {dagbag.py:545} INFO - Filling up the DagBag from /home/airflow/.local/lib/python3.12/site-packages/airflow/example_dags/example_latest_only.py
[2024-08-10T03:18:37.449+0000] {processor.py:840} INFO - DAG(s) 'latest_only' retrieved from /home/airflow/.local/lib/python3.12/site-packages/airflow/example_dags/example_latest_only.py
[2024-08-10T03:18:37.816+0000] {logging_mixin.py:188} INFO - [2024-08-10T03:18:37.815+0000] {dag.py:3089} INFO - Sync 1 DAGs
[2024-08-10T03:18:37.994+0000] {logging_mixin.py:188} INFO - [2024-08-10T03:18:37.994+0000] {dag.py:3947} INFO - Setting next_dagrun for latest_only to 2024-08-09 20:00:00+00:00, run_after=2024-08-10 00:00:00+00:00
[2024-08-10T03:18:38.049+0000] {processor.py:183} INFO - Processing /home/airflow/.local/lib/python3.12/site-packages/airflow/example_dags/example_latest_only.py took 0.684 seconds
[2024-08-10T03:19:08.208+0000] {processor.py:161} INFO - Started process (PID=175) to work on /home/airflow/.local/lib/python3.12/site-packages/airflow/example_dags/example_latest_only.py
[2024-08-10T03:19:08.211+0000] {processor.py:830} INFO - Processing file /home/airflow/.local/lib/python3.12/site-packages/airflow/example_dags/example_latest_only.py for tasks to queue
[2024-08-10T03:19:08.216+0000] {logging_mixin.py:188} INFO - [2024-08-10T03:19:08.216+0000] {dagbag.py:545} INFO - Filling up the DagBag from /home/airflow/.local/lib/python3.12/site-packages/airflow/example_dags/example_latest_only.py
[2024-08-10T03:19:08.224+0000] {processor.py:840} INFO - DAG(s) 'latest_only' retrieved from /home/airflow/.local/lib/python3.12/site-packages/airflow/example_dags/example_latest_only.py
[2024-08-10T03:19:08.250+0000] {logging_mixin.py:188} INFO - [2024-08-10T03:19:08.250+0000] {dag.py:3089} INFO - Sync 1 DAGs
[2024-08-10T03:19:08.297+0000] {logging_mixin.py:188} INFO - [2024-08-10T03:19:08.297+0000] {dag.py:3947} INFO - Setting next_dagrun for latest_only to 2024-08-09 20:00:00+00:00, run_after=2024-08-10 00:00:00+00:00
[2024-08-10T03:19:08.329+0000] {processor.py:183} INFO - Processing /home/airflow/.local/lib/python3.12/site-packages/airflow/example_dags/example_latest_only.py took 0.155 seconds
[2024-08-10T03:19:38.546+0000] {processor.py:161} INFO - Started process (PID=233) to work on /home/airflow/.local/lib/python3.12/site-packages/airflow/example_dags/example_latest_only.py
[2024-08-10T03:19:38.547+0000] {processor.py:830} INFO - Processing file /home/airflow/.local/lib/python3.12/site-packages/airflow/example_dags/example_latest_only.py for tasks to queue
[2024-08-10T03:19:38.549+0000] {logging_mixin.py:188} INFO - [2024-08-10T03:19:38.549+0000] {dagbag.py:545} INFO - Filling up the DagBag from /home/airflow/.local/lib/python3.12/site-packages/airflow/example_dags/example_latest_only.py
[2024-08-10T03:19:38.554+0000] {processor.py:840} INFO - DAG(s) 'latest_only' retrieved from /home/airflow/.local/lib/python3.12/site-packages/airflow/example_dags/example_latest_only.py
[2024-08-10T03:19:38.575+0000] {logging_mixin.py:188} INFO - [2024-08-10T03:19:38.575+0000] {dag.py:3089} INFO - Sync 1 DAGs
[2024-08-10T03:19:38.601+0000] {logging_mixin.py:188} INFO - [2024-08-10T03:19:38.600+0000] {dag.py:3947} INFO - Setting next_dagrun for latest_only to 2024-08-09 20:00:00+00:00, run_after=2024-08-10 00:00:00+00:00
[2024-08-10T03:19:38.639+0000] {processor.py:183} INFO - Processing /home/airflow/.local/lib/python3.12/site-packages/airflow/example_dags/example_latest_only.py took 0.099 seconds
[2024-08-10T03:20:09.245+0000] {processor.py:161} INFO - Started process (PID=288) to work on /home/airflow/.local/lib/python3.12/site-packages/airflow/example_dags/example_latest_only.py
[2024-08-10T03:20:09.264+0000] {processor.py:830} INFO - Processing file /home/airflow/.local/lib/python3.12/site-packages/airflow/example_dags/example_latest_only.py for tasks to queue
[2024-08-10T03:20:09.271+0000] {logging_mixin.py:188} INFO - [2024-08-10T03:20:09.271+0000] {dagbag.py:545} INFO - Filling up the DagBag from /home/airflow/.local/lib/python3.12/site-packages/airflow/example_dags/example_latest_only.py
[2024-08-10T03:20:09.305+0000] {processor.py:840} INFO - DAG(s) 'latest_only' retrieved from /home/airflow/.local/lib/python3.12/site-packages/airflow/example_dags/example_latest_only.py
[2024-08-10T03:20:09.395+0000] {logging_mixin.py:188} INFO - [2024-08-10T03:20:09.395+0000] {dag.py:3089} INFO - Sync 1 DAGs
[2024-08-10T03:20:09.592+0000] {logging_mixin.py:188} INFO - [2024-08-10T03:20:09.591+0000] {dag.py:3947} INFO - Setting next_dagrun for latest_only to 2024-08-09 20:00:00+00:00, run_after=2024-08-10 00:00:00+00:00
[2024-08-10T03:20:09.680+0000] {processor.py:183} INFO - Processing /home/airflow/.local/lib/python3.12/site-packages/airflow/example_dags/example_latest_only.py took 0.557 seconds
[2024-08-10T03:20:40.600+0000] {processor.py:161} INFO - Started process (PID=350) to work on /home/airflow/.local/lib/python3.12/site-packages/airflow/example_dags/example_latest_only.py
[2024-08-10T03:20:40.602+0000] {processor.py:830} INFO - Processing file /home/airflow/.local/lib/python3.12/site-packages/airflow/example_dags/example_latest_only.py for tasks to queue
[2024-08-10T03:20:40.604+0000] {logging_mixin.py:188} INFO - [2024-08-10T03:20:40.604+0000] {dagbag.py:545} INFO - Filling up the DagBag from /home/airflow/.local/lib/python3.12/site-packages/airflow/example_dags/example_latest_only.py
[2024-08-10T03:20:40.609+0000] {processor.py:840} INFO - DAG(s) 'latest_only' retrieved from /home/airflow/.local/lib/python3.12/site-packages/airflow/example_dags/example_latest_only.py
[2024-08-10T03:20:40.630+0000] {logging_mixin.py:188} INFO - [2024-08-10T03:20:40.629+0000] {dag.py:3089} INFO - Sync 1 DAGs
[2024-08-10T03:20:40.658+0000] {logging_mixin.py:188} INFO - [2024-08-10T03:20:40.657+0000] {dag.py:3947} INFO - Setting next_dagrun for latest_only to 2024-08-09 20:00:00+00:00, run_after=2024-08-10 00:00:00+00:00
[2024-08-10T03:20:40.685+0000] {processor.py:183} INFO - Processing /home/airflow/.local/lib/python3.12/site-packages/airflow/example_dags/example_latest_only.py took 0.090 seconds
[2024-08-10T03:21:10.845+0000] {processor.py:161} INFO - Started process (PID=409) to work on /home/airflow/.local/lib/python3.12/site-packages/airflow/example_dags/example_latest_only.py
[2024-08-10T03:21:10.846+0000] {processor.py:830} INFO - Processing file /home/airflow/.local/lib/python3.12/site-packages/airflow/example_dags/example_latest_only.py for tasks to queue
[2024-08-10T03:21:10.848+0000] {logging_mixin.py:188} INFO - [2024-08-10T03:21:10.848+0000] {dagbag.py:545} INFO - Filling up the DagBag from /home/airflow/.local/lib/python3.12/site-packages/airflow/example_dags/example_latest_only.py
[2024-08-10T03:21:10.855+0000] {processor.py:840} INFO - DAG(s) 'latest_only' retrieved from /home/airflow/.local/lib/python3.12/site-packages/airflow/example_dags/example_latest_only.py
[2024-08-10T03:21:10.881+0000] {logging_mixin.py:188} INFO - [2024-08-10T03:21:10.881+0000] {dag.py:3089} INFO - Sync 1 DAGs
[2024-08-10T03:21:10.908+0000] {logging_mixin.py:188} INFO - [2024-08-10T03:21:10.908+0000] {dag.py:3947} INFO - Setting next_dagrun for latest_only to 2024-08-09 20:00:00+00:00, run_after=2024-08-10 00:00:00+00:00
[2024-08-10T03:21:10.936+0000] {processor.py:183} INFO - Processing /home/airflow/.local/lib/python3.12/site-packages/airflow/example_dags/example_latest_only.py took 0.098 seconds
[2024-08-10T03:21:41.104+0000] {processor.py:161} INFO - Started process (PID=468) to work on /home/airflow/.local/lib/python3.12/site-packages/airflow/example_dags/example_latest_only.py
[2024-08-10T03:21:41.105+0000] {processor.py:830} INFO - Processing file /home/airflow/.local/lib/python3.12/site-packages/airflow/example_dags/example_latest_only.py for tasks to queue
[2024-08-10T03:21:41.122+0000] {logging_mixin.py:188} INFO - [2024-08-10T03:21:41.121+0000] {dagbag.py:545} INFO - Filling up the DagBag from /home/airflow/.local/lib/python3.12/site-packages/airflow/example_dags/example_latest_only.py
[2024-08-10T03:21:41.151+0000] {processor.py:840} INFO - DAG(s) 'latest_only' retrieved from /home/airflow/.local/lib/python3.12/site-packages/airflow/example_dags/example_latest_only.py
[2024-08-10T03:21:41.224+0000] {logging_mixin.py:188} INFO - [2024-08-10T03:21:41.224+0000] {dag.py:3089} INFO - Sync 1 DAGs
[2024-08-10T03:21:41.330+0000] {logging_mixin.py:188} INFO - [2024-08-10T03:21:41.330+0000] {dag.py:3947} INFO - Setting next_dagrun for latest_only to 2024-08-09 20:00:00+00:00, run_after=2024-08-10 00:00:00+00:00
[2024-08-10T03:21:41.382+0000] {processor.py:183} INFO - Processing /home/airflow/.local/lib/python3.12/site-packages/airflow/example_dags/example_latest_only.py took 0.284 seconds
[2024-08-10T03:22:11.616+0000] {processor.py:161} INFO - Started process (PID=527) to work on /home/airflow/.local/lib/python3.12/site-packages/airflow/example_dags/example_latest_only.py
[2024-08-10T03:22:11.617+0000] {processor.py:830} INFO - Processing file /home/airflow/.local/lib/python3.12/site-packages/airflow/example_dags/example_latest_only.py for tasks to queue
[2024-08-10T03:22:11.619+0000] {logging_mixin.py:188} INFO - [2024-08-10T03:22:11.619+0000] {dagbag.py:545} INFO - Filling up the DagBag from /home/airflow/.local/lib/python3.12/site-packages/airflow/example_dags/example_latest_only.py
[2024-08-10T03:22:11.625+0000] {processor.py:840} INFO - DAG(s) 'latest_only' retrieved from /home/airflow/.local/lib/python3.12/site-packages/airflow/example_dags/example_latest_only.py
[2024-08-10T03:22:11.648+0000] {logging_mixin.py:188} INFO - [2024-08-10T03:22:11.647+0000] {dag.py:3089} INFO - Sync 1 DAGs
[2024-08-10T03:22:11.672+0000] {logging_mixin.py:188} INFO - [2024-08-10T03:22:11.672+0000] {dag.py:3947} INFO - Setting next_dagrun for latest_only to 2024-08-09 20:00:00+00:00, run_after=2024-08-10 00:00:00+00:00
[2024-08-10T03:22:11.700+0000] {processor.py:183} INFO - Processing /home/airflow/.local/lib/python3.12/site-packages/airflow/example_dags/example_latest_only.py took 0.090 seconds
[2024-08-10T03:22:42.123+0000] {processor.py:161} INFO - Started process (PID=587) to work on /home/airflow/.local/lib/python3.12/site-packages/airflow/example_dags/example_latest_only.py
[2024-08-10T03:22:42.124+0000] {processor.py:830} INFO - Processing file /home/airflow/.local/lib/python3.12/site-packages/airflow/example_dags/example_latest_only.py for tasks to queue
[2024-08-10T03:22:42.126+0000] {logging_mixin.py:188} INFO - [2024-08-10T03:22:42.126+0000] {dagbag.py:545} INFO - Filling up the DagBag from /home/airflow/.local/lib/python3.12/site-packages/airflow/example_dags/example_latest_only.py
[2024-08-10T03:22:42.132+0000] {processor.py:840} INFO - DAG(s) 'latest_only' retrieved from /home/airflow/.local/lib/python3.12/site-packages/airflow/example_dags/example_latest_only.py
[2024-08-10T03:22:42.154+0000] {logging_mixin.py:188} INFO - [2024-08-10T03:22:42.153+0000] {dag.py:3089} INFO - Sync 1 DAGs
[2024-08-10T03:22:42.179+0000] {logging_mixin.py:188} INFO - [2024-08-10T03:22:42.179+0000] {dag.py:3947} INFO - Setting next_dagrun for latest_only to 2024-08-09 20:00:00+00:00, run_after=2024-08-10 00:00:00+00:00
[2024-08-10T03:22:42.203+0000] {processor.py:183} INFO - Processing /home/airflow/.local/lib/python3.12/site-packages/airflow/example_dags/example_latest_only.py took 0.087 seconds
[2024-08-10T03:23:12.280+0000] {processor.py:161} INFO - Started process (PID=643) to work on /home/airflow/.local/lib/python3.12/site-packages/airflow/example_dags/example_latest_only.py
[2024-08-10T03:23:12.281+0000] {processor.py:830} INFO - Processing file /home/airflow/.local/lib/python3.12/site-packages/airflow/example_dags/example_latest_only.py for tasks to queue
[2024-08-10T03:23:12.283+0000] {logging_mixin.py:188} INFO - [2024-08-10T03:23:12.283+0000] {dagbag.py:545} INFO - Filling up the DagBag from /home/airflow/.local/lib/python3.12/site-packages/airflow/example_dags/example_latest_only.py
[2024-08-10T03:23:12.290+0000] {processor.py:840} INFO - DAG(s) 'latest_only' retrieved from /home/airflow/.local/lib/python3.12/site-packages/airflow/example_dags/example_latest_only.py
[2024-08-10T03:23:12.313+0000] {logging_mixin.py:188} INFO - [2024-08-10T03:23:12.313+0000] {dag.py:3089} INFO - Sync 1 DAGs
[2024-08-10T03:23:12.337+0000] {logging_mixin.py:188} INFO - [2024-08-10T03:23:12.337+0000] {dag.py:3947} INFO - Setting next_dagrun for latest_only to 2024-08-09 20:00:00+00:00, run_after=2024-08-10 00:00:00+00:00
[2024-08-10T03:23:12.368+0000] {processor.py:183} INFO - Processing /home/airflow/.local/lib/python3.12/site-packages/airflow/example_dags/example_latest_only.py took 0.094 seconds
[2024-08-10T03:23:42.619+0000] {processor.py:161} INFO - Started process (PID=703) to work on /home/airflow/.local/lib/python3.12/site-packages/airflow/example_dags/example_latest_only.py
[2024-08-10T03:23:42.620+0000] {processor.py:830} INFO - Processing file /home/airflow/.local/lib/python3.12/site-packages/airflow/example_dags/example_latest_only.py for tasks to queue
[2024-08-10T03:23:42.622+0000] {logging_mixin.py:188} INFO - [2024-08-10T03:23:42.622+0000] {dagbag.py:545} INFO - Filling up the DagBag from /home/airflow/.local/lib/python3.12/site-packages/airflow/example_dags/example_latest_only.py
[2024-08-10T03:23:42.627+0000] {processor.py:840} INFO - DAG(s) 'latest_only' retrieved from /home/airflow/.local/lib/python3.12/site-packages/airflow/example_dags/example_latest_only.py
[2024-08-10T03:23:42.647+0000] {logging_mixin.py:188} INFO - [2024-08-10T03:23:42.647+0000] {dag.py:3089} INFO - Sync 1 DAGs
[2024-08-10T03:23:42.682+0000] {logging_mixin.py:188} INFO - [2024-08-10T03:23:42.682+0000] {dag.py:3947} INFO - Setting next_dagrun for latest_only to 2024-08-09 20:00:00+00:00, run_after=2024-08-10 00:00:00+00:00
[2024-08-10T03:23:42.711+0000] {processor.py:183} INFO - Processing /home/airflow/.local/lib/python3.12/site-packages/airflow/example_dags/example_latest_only.py took 0.097 seconds
[2024-08-10T03:24:13.439+0000] {processor.py:161} INFO - Started process (PID=764) to work on /home/airflow/.local/lib/python3.12/site-packages/airflow/example_dags/example_latest_only.py
[2024-08-10T03:24:13.441+0000] {processor.py:830} INFO - Processing file /home/airflow/.local/lib/python3.12/site-packages/airflow/example_dags/example_latest_only.py for tasks to queue
[2024-08-10T03:24:13.444+0000] {logging_mixin.py:188} INFO - [2024-08-10T03:24:13.443+0000] {dagbag.py:545} INFO - Filling up the DagBag from /home/airflow/.local/lib/python3.12/site-packages/airflow/example_dags/example_latest_only.py
[2024-08-10T03:24:13.449+0000] {processor.py:840} INFO - DAG(s) 'latest_only' retrieved from /home/airflow/.local/lib/python3.12/site-packages/airflow/example_dags/example_latest_only.py
[2024-08-10T03:24:13.470+0000] {logging_mixin.py:188} INFO - [2024-08-10T03:24:13.470+0000] {dag.py:3089} INFO - Sync 1 DAGs
[2024-08-10T03:24:13.495+0000] {logging_mixin.py:188} INFO - [2024-08-10T03:24:13.495+0000] {dag.py:3947} INFO - Setting next_dagrun for latest_only to 2024-08-09 20:00:00+00:00, run_after=2024-08-10 00:00:00+00:00
[2024-08-10T03:24:13.530+0000] {processor.py:183} INFO - Processing /home/airflow/.local/lib/python3.12/site-packages/airflow/example_dags/example_latest_only.py took 0.098 seconds
[2024-08-10T03:24:43.580+0000] {processor.py:161} INFO - Started process (PID=824) to work on /home/airflow/.local/lib/python3.12/site-packages/airflow/example_dags/example_latest_only.py
[2024-08-10T03:24:43.581+0000] {processor.py:830} INFO - Processing file /home/airflow/.local/lib/python3.12/site-packages/airflow/example_dags/example_latest_only.py for tasks to queue
[2024-08-10T03:24:43.584+0000] {logging_mixin.py:188} INFO - [2024-08-10T03:24:43.583+0000] {dagbag.py:545} INFO - Filling up the DagBag from /home/airflow/.local/lib/python3.12/site-packages/airflow/example_dags/example_latest_only.py
[2024-08-10T03:24:43.589+0000] {processor.py:840} INFO - DAG(s) 'latest_only' retrieved from /home/airflow/.local/lib/python3.12/site-packages/airflow/example_dags/example_latest_only.py
[2024-08-10T03:24:43.618+0000] {logging_mixin.py:188} INFO - [2024-08-10T03:24:43.617+0000] {dag.py:3089} INFO - Sync 1 DAGs
[2024-08-10T03:24:43.644+0000] {logging_mixin.py:188} INFO - [2024-08-10T03:24:43.644+0000] {dag.py:3947} INFO - Setting next_dagrun for latest_only to 2024-08-09 20:00:00+00:00, run_after=2024-08-10 00:00:00+00:00
[2024-08-10T03:24:43.682+0000] {processor.py:183} INFO - Processing /home/airflow/.local/lib/python3.12/site-packages/airflow/example_dags/example_latest_only.py took 0.107 seconds
[2024-08-10T03:25:14.462+0000] {processor.py:161} INFO - Started process (PID=883) to work on /home/airflow/.local/lib/python3.12/site-packages/airflow/example_dags/example_latest_only.py
[2024-08-10T03:25:14.463+0000] {processor.py:830} INFO - Processing file /home/airflow/.local/lib/python3.12/site-packages/airflow/example_dags/example_latest_only.py for tasks to queue
[2024-08-10T03:25:14.465+0000] {logging_mixin.py:188} INFO - [2024-08-10T03:25:14.465+0000] {dagbag.py:545} INFO - Filling up the DagBag from /home/airflow/.local/lib/python3.12/site-packages/airflow/example_dags/example_latest_only.py
[2024-08-10T03:25:14.470+0000] {processor.py:840} INFO - DAG(s) 'latest_only' retrieved from /home/airflow/.local/lib/python3.12/site-packages/airflow/example_dags/example_latest_only.py
[2024-08-10T03:25:14.490+0000] {logging_mixin.py:188} INFO - [2024-08-10T03:25:14.490+0000] {dag.py:3089} INFO - Sync 1 DAGs
[2024-08-10T03:25:14.516+0000] {logging_mixin.py:188} INFO - [2024-08-10T03:25:14.516+0000] {dag.py:3947} INFO - Setting next_dagrun for latest_only to 2024-08-09 20:00:00+00:00, run_after=2024-08-10 00:00:00+00:00
[2024-08-10T03:25:14.539+0000] {processor.py:183} INFO - Processing /home/airflow/.local/lib/python3.12/site-packages/airflow/example_dags/example_latest_only.py took 0.083 seconds
[2024-08-10T03:25:45.156+0000] {processor.py:161} INFO - Started process (PID=942) to work on /home/airflow/.local/lib/python3.12/site-packages/airflow/example_dags/example_latest_only.py
[2024-08-10T03:25:45.157+0000] {processor.py:830} INFO - Processing file /home/airflow/.local/lib/python3.12/site-packages/airflow/example_dags/example_latest_only.py for tasks to queue
[2024-08-10T03:25:45.159+0000] {logging_mixin.py:188} INFO - [2024-08-10T03:25:45.159+0000] {dagbag.py:545} INFO - Filling up the DagBag from /home/airflow/.local/lib/python3.12/site-packages/airflow/example_dags/example_latest_only.py
[2024-08-10T03:25:45.165+0000] {processor.py:840} INFO - DAG(s) 'latest_only' retrieved from /home/airflow/.local/lib/python3.12/site-packages/airflow/example_dags/example_latest_only.py
[2024-08-10T03:25:45.196+0000] {logging_mixin.py:188} INFO - [2024-08-10T03:25:45.195+0000] {dag.py:3089} INFO - Sync 1 DAGs
[2024-08-10T03:25:45.223+0000] {logging_mixin.py:188} INFO - [2024-08-10T03:25:45.222+0000] {dag.py:3947} INFO - Setting next_dagrun for latest_only to 2024-08-09 20:00:00+00:00, run_after=2024-08-10 00:00:00+00:00
[2024-08-10T03:25:45.251+0000] {processor.py:183} INFO - Processing /home/airflow/.local/lib/python3.12/site-packages/airflow/example_dags/example_latest_only.py took 0.102 seconds
[2024-08-10T03:26:15.947+0000] {processor.py:161} INFO - Started process (PID=1001) to work on /home/airflow/.local/lib/python3.12/site-packages/airflow/example_dags/example_latest_only.py
[2024-08-10T03:26:15.954+0000] {processor.py:830} INFO - Processing file /home/airflow/.local/lib/python3.12/site-packages/airflow/example_dags/example_latest_only.py for tasks to queue
[2024-08-10T03:26:15.960+0000] {logging_mixin.py:188} INFO - [2024-08-10T03:26:15.959+0000] {dagbag.py:545} INFO - Filling up the DagBag from /home/airflow/.local/lib/python3.12/site-packages/airflow/example_dags/example_latest_only.py
[2024-08-10T03:26:15.987+0000] {processor.py:840} INFO - DAG(s) 'latest_only' retrieved from /home/airflow/.local/lib/python3.12/site-packages/airflow/example_dags/example_latest_only.py
[2024-08-10T03:26:16.084+0000] {logging_mixin.py:188} INFO - [2024-08-10T03:26:16.084+0000] {dag.py:3089} INFO - Sync 1 DAGs
[2024-08-10T03:26:16.165+0000] {logging_mixin.py:188} INFO - [2024-08-10T03:26:16.165+0000] {dag.py:3947} INFO - Setting next_dagrun for latest_only to 2024-08-09 20:00:00+00:00, run_after=2024-08-10 00:00:00+00:00
[2024-08-10T03:26:16.304+0000] {processor.py:183} INFO - Processing /home/airflow/.local/lib/python3.12/site-packages/airflow/example_dags/example_latest_only.py took 0.371 seconds
[2024-08-10T03:26:46.613+0000] {processor.py:161} INFO - Started process (PID=1063) to work on /home/airflow/.local/lib/python3.12/site-packages/airflow/example_dags/example_latest_only.py
[2024-08-10T03:26:46.616+0000] {processor.py:830} INFO - Processing file /home/airflow/.local/lib/python3.12/site-packages/airflow/example_dags/example_latest_only.py for tasks to queue
[2024-08-10T03:26:46.619+0000] {logging_mixin.py:188} INFO - [2024-08-10T03:26:46.618+0000] {dagbag.py:545} INFO - Filling up the DagBag from /home/airflow/.local/lib/python3.12/site-packages/airflow/example_dags/example_latest_only.py
[2024-08-10T03:26:46.625+0000] {processor.py:840} INFO - DAG(s) 'latest_only' retrieved from /home/airflow/.local/lib/python3.12/site-packages/airflow/example_dags/example_latest_only.py
[2024-08-10T03:26:46.649+0000] {logging_mixin.py:188} INFO - [2024-08-10T03:26:46.649+0000] {dag.py:3089} INFO - Sync 1 DAGs
[2024-08-10T03:26:46.675+0000] {logging_mixin.py:188} INFO - [2024-08-10T03:26:46.674+0000] {dag.py:3947} INFO - Setting next_dagrun for latest_only to 2024-08-09 20:00:00+00:00, run_after=2024-08-10 00:00:00+00:00
[2024-08-10T03:26:46.703+0000] {processor.py:183} INFO - Processing /home/airflow/.local/lib/python3.12/site-packages/airflow/example_dags/example_latest_only.py took 0.096 seconds
[2024-08-10T03:27:17.176+0000] {processor.py:161} INFO - Started process (PID=1123) to work on /home/airflow/.local/lib/python3.12/site-packages/airflow/example_dags/example_latest_only.py
[2024-08-10T03:27:17.177+0000] {processor.py:830} INFO - Processing file /home/airflow/.local/lib/python3.12/site-packages/airflow/example_dags/example_latest_only.py for tasks to queue
[2024-08-10T03:27:17.182+0000] {logging_mixin.py:188} INFO - [2024-08-10T03:27:17.182+0000] {dagbag.py:545} INFO - Filling up the DagBag from /home/airflow/.local/lib/python3.12/site-packages/airflow/example_dags/example_latest_only.py
[2024-08-10T03:27:17.188+0000] {processor.py:840} INFO - DAG(s) 'latest_only' retrieved from /home/airflow/.local/lib/python3.12/site-packages/airflow/example_dags/example_latest_only.py
[2024-08-10T03:27:17.218+0000] {logging_mixin.py:188} INFO - [2024-08-10T03:27:17.217+0000] {dag.py:3089} INFO - Sync 1 DAGs
[2024-08-10T03:27:17.249+0000] {logging_mixin.py:188} INFO - [2024-08-10T03:27:17.248+0000] {dag.py:3947} INFO - Setting next_dagrun for latest_only to 2024-08-09 20:00:00+00:00, run_after=2024-08-10 00:00:00+00:00
[2024-08-10T03:27:17.272+0000] {processor.py:183} INFO - Processing /home/airflow/.local/lib/python3.12/site-packages/airflow/example_dags/example_latest_only.py took 0.103 seconds
[2024-08-10T03:27:47.375+0000] {processor.py:161} INFO - Started process (PID=1183) to work on /home/airflow/.local/lib/python3.12/site-packages/airflow/example_dags/example_latest_only.py
[2024-08-10T03:27:47.376+0000] {processor.py:830} INFO - Processing file /home/airflow/.local/lib/python3.12/site-packages/airflow/example_dags/example_latest_only.py for tasks to queue
[2024-08-10T03:27:47.378+0000] {logging_mixin.py:188} INFO - [2024-08-10T03:27:47.378+0000] {dagbag.py:545} INFO - Filling up the DagBag from /home/airflow/.local/lib/python3.12/site-packages/airflow/example_dags/example_latest_only.py
[2024-08-10T03:27:47.384+0000] {processor.py:840} INFO - DAG(s) 'latest_only' retrieved from /home/airflow/.local/lib/python3.12/site-packages/airflow/example_dags/example_latest_only.py
[2024-08-10T03:27:47.404+0000] {logging_mixin.py:188} INFO - [2024-08-10T03:27:47.404+0000] {dag.py:3089} INFO - Sync 1 DAGs
[2024-08-10T03:27:47.433+0000] {logging_mixin.py:188} INFO - [2024-08-10T03:27:47.432+0000] {dag.py:3947} INFO - Setting next_dagrun for latest_only to 2024-08-09 20:00:00+00:00, run_after=2024-08-10 00:00:00+00:00
[2024-08-10T03:27:47.465+0000] {processor.py:183} INFO - Processing /home/airflow/.local/lib/python3.12/site-packages/airflow/example_dags/example_latest_only.py took 0.097 seconds
[2024-08-10T03:28:17.907+0000] {processor.py:161} INFO - Started process (PID=1243) to work on /home/airflow/.local/lib/python3.12/site-packages/airflow/example_dags/example_latest_only.py
[2024-08-10T03:28:17.908+0000] {processor.py:830} INFO - Processing file /home/airflow/.local/lib/python3.12/site-packages/airflow/example_dags/example_latest_only.py for tasks to queue
[2024-08-10T03:28:17.911+0000] {logging_mixin.py:188} INFO - [2024-08-10T03:28:17.910+0000] {dagbag.py:545} INFO - Filling up the DagBag from /home/airflow/.local/lib/python3.12/site-packages/airflow/example_dags/example_latest_only.py
[2024-08-10T03:28:17.916+0000] {processor.py:840} INFO - DAG(s) 'latest_only' retrieved from /home/airflow/.local/lib/python3.12/site-packages/airflow/example_dags/example_latest_only.py
[2024-08-10T03:28:17.936+0000] {logging_mixin.py:188} INFO - [2024-08-10T03:28:17.936+0000] {dag.py:3089} INFO - Sync 1 DAGs
[2024-08-10T03:28:17.960+0000] {logging_mixin.py:188} INFO - [2024-08-10T03:28:17.960+0000] {dag.py:3947} INFO - Setting next_dagrun for latest_only to 2024-08-09 20:00:00+00:00, run_after=2024-08-10 00:00:00+00:00
[2024-08-10T03:28:17.984+0000] {processor.py:183} INFO - Processing /home/airflow/.local/lib/python3.12/site-packages/airflow/example_dags/example_latest_only.py took 0.084 seconds
[2024-08-10T03:28:48.324+0000] {processor.py:161} INFO - Started process (PID=1303) to work on /home/airflow/.local/lib/python3.12/site-packages/airflow/example_dags/example_latest_only.py
[2024-08-10T03:28:48.325+0000] {processor.py:830} INFO - Processing file /home/airflow/.local/lib/python3.12/site-packages/airflow/example_dags/example_latest_only.py for tasks to queue
[2024-08-10T03:28:48.328+0000] {logging_mixin.py:188} INFO - [2024-08-10T03:28:48.327+0000] {dagbag.py:545} INFO - Filling up the DagBag from /home/airflow/.local/lib/python3.12/site-packages/airflow/example_dags/example_latest_only.py
[2024-08-10T03:28:48.333+0000] {processor.py:840} INFO - DAG(s) 'latest_only' retrieved from /home/airflow/.local/lib/python3.12/site-packages/airflow/example_dags/example_latest_only.py
[2024-08-10T03:28:48.353+0000] {logging_mixin.py:188} INFO - [2024-08-10T03:28:48.353+0000] {dag.py:3089} INFO - Sync 1 DAGs
[2024-08-10T03:28:48.380+0000] {logging_mixin.py:188} INFO - [2024-08-10T03:28:48.380+0000] {dag.py:3947} INFO - Setting next_dagrun for latest_only to 2024-08-09 20:00:00+00:00, run_after=2024-08-10 00:00:00+00:00
[2024-08-10T03:28:48.410+0000] {processor.py:183} INFO - Processing /home/airflow/.local/lib/python3.12/site-packages/airflow/example_dags/example_latest_only.py took 0.092 seconds
[2024-08-10T03:29:28.785+0000] {processor.py:161} INFO - Started process (PID=1363) to work on /home/airflow/.local/lib/python3.12/site-packages/airflow/example_dags/example_latest_only.py
[2024-08-10T03:29:28.787+0000] {processor.py:830} INFO - Processing file /home/airflow/.local/lib/python3.12/site-packages/airflow/example_dags/example_latest_only.py for tasks to queue
[2024-08-10T03:29:28.795+0000] {logging_mixin.py:188} INFO - [2024-08-10T03:29:28.794+0000] {dagbag.py:545} INFO - Filling up the DagBag from /home/airflow/.local/lib/python3.12/site-packages/airflow/example_dags/example_latest_only.py
[2024-08-10T03:29:28.805+0000] {processor.py:840} INFO - DAG(s) 'latest_only' retrieved from /home/airflow/.local/lib/python3.12/site-packages/airflow/example_dags/example_latest_only.py
[2024-08-10T03:29:28.868+0000] {logging_mixin.py:188} INFO - [2024-08-10T03:29:28.868+0000] {dag.py:3089} INFO - Sync 1 DAGs
[2024-08-10T03:29:28.927+0000] {logging_mixin.py:188} INFO - [2024-08-10T03:29:28.927+0000] {dag.py:3947} INFO - Setting next_dagrun for latest_only to 2024-08-09 20:00:00+00:00, run_after=2024-08-10 00:00:00+00:00
[2024-08-10T03:29:28.965+0000] {processor.py:183} INFO - Processing /home/airflow/.local/lib/python3.12/site-packages/airflow/example_dags/example_latest_only.py took 0.211 seconds
[2024-08-10T03:29:59.566+0000] {processor.py:161} INFO - Started process (PID=1420) to work on /home/airflow/.local/lib/python3.12/site-packages/airflow/example_dags/example_latest_only.py
[2024-08-10T03:29:59.574+0000] {processor.py:830} INFO - Processing file /home/airflow/.local/lib/python3.12/site-packages/airflow/example_dags/example_latest_only.py for tasks to queue
[2024-08-10T03:29:59.586+0000] {logging_mixin.py:188} INFO - [2024-08-10T03:29:59.586+0000] {dagbag.py:545} INFO - Filling up the DagBag from /home/airflow/.local/lib/python3.12/site-packages/airflow/example_dags/example_latest_only.py
[2024-08-10T03:29:59.596+0000] {processor.py:840} INFO - DAG(s) 'latest_only' retrieved from /home/airflow/.local/lib/python3.12/site-packages/airflow/example_dags/example_latest_only.py
[2024-08-10T03:29:59.631+0000] {logging_mixin.py:188} INFO - [2024-08-10T03:29:59.631+0000] {dag.py:3089} INFO - Sync 1 DAGs
[2024-08-10T03:29:59.673+0000] {logging_mixin.py:188} INFO - [2024-08-10T03:29:59.672+0000] {dag.py:3947} INFO - Setting next_dagrun for latest_only to 2024-08-09 20:00:00+00:00, run_after=2024-08-10 00:00:00+00:00
[2024-08-10T03:29:59.767+0000] {processor.py:183} INFO - Processing /home/airflow/.local/lib/python3.12/site-packages/airflow/example_dags/example_latest_only.py took 0.207 seconds
[2024-08-10T03:30:36.754+0000] {processor.py:161} INFO - Started process (PID=1468) to work on /home/airflow/.local/lib/python3.12/site-packages/airflow/example_dags/example_latest_only.py
[2024-08-10T03:30:36.763+0000] {processor.py:830} INFO - Processing file /home/airflow/.local/lib/python3.12/site-packages/airflow/example_dags/example_latest_only.py for tasks to queue
[2024-08-10T03:30:36.767+0000] {logging_mixin.py:188} INFO - [2024-08-10T03:30:36.766+0000] {dagbag.py:545} INFO - Filling up the DagBag from /home/airflow/.local/lib/python3.12/site-packages/airflow/example_dags/example_latest_only.py
[2024-08-10T03:30:36.779+0000] {processor.py:840} INFO - DAG(s) 'latest_only' retrieved from /home/airflow/.local/lib/python3.12/site-packages/airflow/example_dags/example_latest_only.py
[2024-08-10T03:30:36.829+0000] {logging_mixin.py:188} INFO - [2024-08-10T03:30:36.829+0000] {dag.py:3089} INFO - Sync 1 DAGs
[2024-08-10T03:30:36.856+0000] {logging_mixin.py:188} INFO - [2024-08-10T03:30:36.856+0000] {dag.py:3947} INFO - Setting next_dagrun for latest_only to 2024-08-09 20:00:00+00:00, run_after=2024-08-10 00:00:00+00:00
[2024-08-10T03:30:37.254+0000] {processor.py:183} INFO - Processing /home/airflow/.local/lib/python3.12/site-packages/airflow/example_dags/example_latest_only.py took 0.516 seconds
[2024-08-10T03:31:09.103+0000] {processor.py:161} INFO - Started process (PID=1526) to work on /home/airflow/.local/lib/python3.12/site-packages/airflow/example_dags/example_latest_only.py
[2024-08-10T03:31:09.148+0000] {processor.py:830} INFO - Processing file /home/airflow/.local/lib/python3.12/site-packages/airflow/example_dags/example_latest_only.py for tasks to queue
[2024-08-10T03:31:09.154+0000] {logging_mixin.py:188} INFO - [2024-08-10T03:31:09.153+0000] {dagbag.py:545} INFO - Filling up the DagBag from /home/airflow/.local/lib/python3.12/site-packages/airflow/example_dags/example_latest_only.py
[2024-08-10T03:31:09.161+0000] {processor.py:840} INFO - DAG(s) 'latest_only' retrieved from /home/airflow/.local/lib/python3.12/site-packages/airflow/example_dags/example_latest_only.py
[2024-08-10T03:31:09.426+0000] {logging_mixin.py:188} INFO - [2024-08-10T03:31:09.426+0000] {dag.py:3089} INFO - Sync 1 DAGs
[2024-08-10T03:31:09.560+0000] {logging_mixin.py:188} INFO - [2024-08-10T03:31:09.560+0000] {dag.py:3947} INFO - Setting next_dagrun for latest_only to 2024-08-09 20:00:00+00:00, run_after=2024-08-10 00:00:00+00:00
[2024-08-10T03:31:10.172+0000] {processor.py:183} INFO - Processing /home/airflow/.local/lib/python3.12/site-packages/airflow/example_dags/example_latest_only.py took 1.079 seconds
[2024-08-10T03:31:47.596+0000] {processor.py:161} INFO - Started process (PID=1585) to work on /home/airflow/.local/lib/python3.12/site-packages/airflow/example_dags/example_latest_only.py
[2024-08-10T03:31:47.655+0000] {processor.py:830} INFO - Processing file /home/airflow/.local/lib/python3.12/site-packages/airflow/example_dags/example_latest_only.py for tasks to queue
[2024-08-10T03:31:47.659+0000] {logging_mixin.py:188} INFO - [2024-08-10T03:31:47.658+0000] {dagbag.py:545} INFO - Filling up the DagBag from /home/airflow/.local/lib/python3.12/site-packages/airflow/example_dags/example_latest_only.py
[2024-08-10T03:31:47.667+0000] {processor.py:840} INFO - DAG(s) 'latest_only' retrieved from /home/airflow/.local/lib/python3.12/site-packages/airflow/example_dags/example_latest_only.py
[2024-08-10T03:31:47.690+0000] {logging_mixin.py:188} INFO - [2024-08-10T03:31:47.690+0000] {dag.py:3089} INFO - Sync 1 DAGs
[2024-08-10T03:31:47.716+0000] {logging_mixin.py:188} INFO - [2024-08-10T03:31:47.715+0000] {dag.py:3947} INFO - Setting next_dagrun for latest_only to 2024-08-09 20:00:00+00:00, run_after=2024-08-10 00:00:00+00:00
[2024-08-10T03:31:48.130+0000] {processor.py:183} INFO - Processing /home/airflow/.local/lib/python3.12/site-packages/airflow/example_dags/example_latest_only.py took 0.547 seconds
[2024-08-10T03:32:20.715+0000] {processor.py:161} INFO - Started process (PID=1617) to work on /home/airflow/.local/lib/python3.12/site-packages/airflow/example_dags/example_latest_only.py
[2024-08-10T03:32:20.720+0000] {processor.py:830} INFO - Processing file /home/airflow/.local/lib/python3.12/site-packages/airflow/example_dags/example_latest_only.py for tasks to queue
[2024-08-10T03:32:20.721+0000] {logging_mixin.py:188} INFO - [2024-08-10T03:32:20.721+0000] {dagbag.py:545} INFO - Filling up the DagBag from /home/airflow/.local/lib/python3.12/site-packages/airflow/example_dags/example_latest_only.py
[2024-08-10T03:32:20.728+0000] {processor.py:840} INFO - DAG(s) 'latest_only' retrieved from /home/airflow/.local/lib/python3.12/site-packages/airflow/example_dags/example_latest_only.py
[2024-08-10T03:32:20.760+0000] {logging_mixin.py:188} INFO - [2024-08-10T03:32:20.759+0000] {dag.py:3089} INFO - Sync 1 DAGs
[2024-08-10T03:32:20.787+0000] {logging_mixin.py:188} INFO - [2024-08-10T03:32:20.787+0000] {dag.py:3947} INFO - Setting next_dagrun for latest_only to 2024-08-09 20:00:00+00:00, run_after=2024-08-10 00:00:00+00:00
[2024-08-10T03:32:21.694+0000] {processor.py:183} INFO - Processing /home/airflow/.local/lib/python3.12/site-packages/airflow/example_dags/example_latest_only.py took 0.986 seconds
[2024-08-10T03:32:54.820+0000] {processor.py:161} INFO - Started process (PID=1676) to work on /home/airflow/.local/lib/python3.12/site-packages/airflow/example_dags/example_latest_only.py
[2024-08-10T03:32:54.821+0000] {processor.py:830} INFO - Processing file /home/airflow/.local/lib/python3.12/site-packages/airflow/example_dags/example_latest_only.py for tasks to queue
[2024-08-10T03:32:54.823+0000] {logging_mixin.py:188} INFO - [2024-08-10T03:32:54.822+0000] {dagbag.py:545} INFO - Filling up the DagBag from /home/airflow/.local/lib/python3.12/site-packages/airflow/example_dags/example_latest_only.py
[2024-08-10T03:32:54.829+0000] {processor.py:840} INFO - DAG(s) 'latest_only' retrieved from /home/airflow/.local/lib/python3.12/site-packages/airflow/example_dags/example_latest_only.py
[2024-08-10T03:32:54.854+0000] {logging_mixin.py:188} INFO - [2024-08-10T03:32:54.854+0000] {dag.py:3089} INFO - Sync 1 DAGs
[2024-08-10T03:32:54.883+0000] {logging_mixin.py:188} INFO - [2024-08-10T03:32:54.882+0000] {dag.py:3947} INFO - Setting next_dagrun for latest_only to 2024-08-09 20:00:00+00:00, run_after=2024-08-10 00:00:00+00:00
[2024-08-10T03:32:57.103+0000] {processor.py:183} INFO - Processing /home/airflow/.local/lib/python3.12/site-packages/airflow/example_dags/example_latest_only.py took 2.290 seconds
[2024-08-10T03:33:27.401+0000] {processor.py:161} INFO - Started process (PID=1729) to work on /home/airflow/.local/lib/python3.12/site-packages/airflow/example_dags/example_latest_only.py
[2024-08-10T03:33:27.402+0000] {processor.py:830} INFO - Processing file /home/airflow/.local/lib/python3.12/site-packages/airflow/example_dags/example_latest_only.py for tasks to queue
[2024-08-10T03:33:27.404+0000] {logging_mixin.py:188} INFO - [2024-08-10T03:33:27.403+0000] {dagbag.py:545} INFO - Filling up the DagBag from /home/airflow/.local/lib/python3.12/site-packages/airflow/example_dags/example_latest_only.py
[2024-08-10T03:33:27.412+0000] {processor.py:840} INFO - DAG(s) 'latest_only' retrieved from /home/airflow/.local/lib/python3.12/site-packages/airflow/example_dags/example_latest_only.py
[2024-08-10T03:33:27.443+0000] {logging_mixin.py:188} INFO - [2024-08-10T03:33:27.442+0000] {dag.py:3089} INFO - Sync 1 DAGs
[2024-08-10T03:33:27.488+0000] {logging_mixin.py:188} INFO - [2024-08-10T03:33:27.488+0000] {dag.py:3947} INFO - Setting next_dagrun for latest_only to 2024-08-09 20:00:00+00:00, run_after=2024-08-10 00:00:00+00:00
[2024-08-10T03:33:27.541+0000] {processor.py:183} INFO - Processing /home/airflow/.local/lib/python3.12/site-packages/airflow/example_dags/example_latest_only.py took 0.146 seconds
[2024-08-10T03:34:13.399+0000] {processor.py:161} INFO - Started process (PID=1753) to work on /home/airflow/.local/lib/python3.12/site-packages/airflow/example_dags/example_latest_only.py
[2024-08-10T03:34:13.400+0000] {processor.py:830} INFO - Processing file /home/airflow/.local/lib/python3.12/site-packages/airflow/example_dags/example_latest_only.py for tasks to queue
[2024-08-10T03:34:13.401+0000] {logging_mixin.py:188} INFO - [2024-08-10T03:34:13.401+0000] {dagbag.py:545} INFO - Filling up the DagBag from /home/airflow/.local/lib/python3.12/site-packages/airflow/example_dags/example_latest_only.py
[2024-08-10T03:34:13.407+0000] {processor.py:840} INFO - DAG(s) 'latest_only' retrieved from /home/airflow/.local/lib/python3.12/site-packages/airflow/example_dags/example_latest_only.py
[2024-08-10T03:34:13.436+0000] {logging_mixin.py:188} INFO - [2024-08-10T03:34:13.436+0000] {dag.py:3089} INFO - Sync 1 DAGs
[2024-08-10T03:34:13.461+0000] {logging_mixin.py:188} INFO - [2024-08-10T03:34:13.460+0000] {dag.py:3947} INFO - Setting next_dagrun for latest_only to 2024-08-09 20:00:00+00:00, run_after=2024-08-10 00:00:00+00:00
[2024-08-10T03:34:13.755+0000] {processor.py:183} INFO - Processing /home/airflow/.local/lib/python3.12/site-packages/airflow/example_dags/example_latest_only.py took 0.362 seconds
[2024-08-10T03:35:20.179+0000] {processor.py:161} INFO - Started process (PID=1810) to work on /home/airflow/.local/lib/python3.12/site-packages/airflow/example_dags/example_latest_only.py
[2024-08-10T03:35:20.180+0000] {processor.py:830} INFO - Processing file /home/airflow/.local/lib/python3.12/site-packages/airflow/example_dags/example_latest_only.py for tasks to queue
[2024-08-10T03:35:20.181+0000] {logging_mixin.py:188} INFO - [2024-08-10T03:35:20.181+0000] {dagbag.py:545} INFO - Filling up the DagBag from /home/airflow/.local/lib/python3.12/site-packages/airflow/example_dags/example_latest_only.py
[2024-08-10T03:35:20.191+0000] {processor.py:840} INFO - DAG(s) 'latest_only' retrieved from /home/airflow/.local/lib/python3.12/site-packages/airflow/example_dags/example_latest_only.py
[2024-08-10T03:35:20.242+0000] {logging_mixin.py:188} INFO - [2024-08-10T03:35:20.242+0000] {dag.py:3089} INFO - Sync 1 DAGs
[2024-08-10T03:35:20.271+0000] {logging_mixin.py:188} INFO - [2024-08-10T03:35:20.271+0000] {dag.py:3947} INFO - Setting next_dagrun for latest_only to 2024-08-09 20:00:00+00:00, run_after=2024-08-10 00:00:00+00:00
[2024-08-10T03:35:20.592+0000] {processor.py:183} INFO - Processing /home/airflow/.local/lib/python3.12/site-packages/airflow/example_dags/example_latest_only.py took 0.419 seconds
[2024-08-10T03:35:50.965+0000] {processor.py:161} INFO - Started process (PID=1866) to work on /home/airflow/.local/lib/python3.12/site-packages/airflow/example_dags/example_latest_only.py
[2024-08-10T03:35:50.968+0000] {processor.py:830} INFO - Processing file /home/airflow/.local/lib/python3.12/site-packages/airflow/example_dags/example_latest_only.py for tasks to queue
[2024-08-10T03:35:50.972+0000] {logging_mixin.py:188} INFO - [2024-08-10T03:35:50.972+0000] {dagbag.py:545} INFO - Filling up the DagBag from /home/airflow/.local/lib/python3.12/site-packages/airflow/example_dags/example_latest_only.py
[2024-08-10T03:35:51.031+0000] {processor.py:840} INFO - DAG(s) 'latest_only' retrieved from /home/airflow/.local/lib/python3.12/site-packages/airflow/example_dags/example_latest_only.py
[2024-08-10T03:35:51.116+0000] {logging_mixin.py:188} INFO - [2024-08-10T03:35:51.116+0000] {dag.py:3089} INFO - Sync 1 DAGs
[2024-08-10T03:35:51.245+0000] {logging_mixin.py:188} INFO - [2024-08-10T03:35:51.245+0000] {dag.py:3947} INFO - Setting next_dagrun for latest_only to 2024-08-09 20:00:00+00:00, run_after=2024-08-10 00:00:00+00:00
[2024-08-10T03:35:51.501+0000] {processor.py:183} INFO - Processing /home/airflow/.local/lib/python3.12/site-packages/airflow/example_dags/example_latest_only.py took 0.546 seconds
[2024-08-10T03:36:53.135+0000] {processor.py:161} INFO - Started process (PID=1920) to work on /home/airflow/.local/lib/python3.12/site-packages/airflow/example_dags/example_latest_only.py
[2024-08-10T03:36:53.137+0000] {processor.py:830} INFO - Processing file /home/airflow/.local/lib/python3.12/site-packages/airflow/example_dags/example_latest_only.py for tasks to queue
[2024-08-10T03:36:53.139+0000] {logging_mixin.py:188} INFO - [2024-08-10T03:36:53.138+0000] {dagbag.py:545} INFO - Filling up the DagBag from /home/airflow/.local/lib/python3.12/site-packages/airflow/example_dags/example_latest_only.py
[2024-08-10T03:36:53.147+0000] {processor.py:840} INFO - DAG(s) 'latest_only' retrieved from /home/airflow/.local/lib/python3.12/site-packages/airflow/example_dags/example_latest_only.py
[2024-08-10T03:36:53.172+0000] {logging_mixin.py:188} INFO - [2024-08-10T03:36:53.171+0000] {dag.py:3089} INFO - Sync 1 DAGs
[2024-08-10T03:36:53.214+0000] {logging_mixin.py:188} INFO - [2024-08-10T03:36:53.214+0000] {dag.py:3947} INFO - Setting next_dagrun for latest_only to 2024-08-09 20:00:00+00:00, run_after=2024-08-10 00:00:00+00:00
[2024-08-10T03:36:53.664+0000] {processor.py:183} INFO - Processing /home/airflow/.local/lib/python3.12/site-packages/airflow/example_dags/example_latest_only.py took 0.537 seconds
[2024-08-10T03:37:27.565+0000] {processor.py:161} INFO - Started process (PID=1980) to work on /home/airflow/.local/lib/python3.12/site-packages/airflow/example_dags/example_latest_only.py
[2024-08-10T03:37:27.702+0000] {processor.py:830} INFO - Processing file /home/airflow/.local/lib/python3.12/site-packages/airflow/example_dags/example_latest_only.py for tasks to queue
[2024-08-10T03:37:27.770+0000] {logging_mixin.py:188} INFO - [2024-08-10T03:37:27.769+0000] {dagbag.py:545} INFO - Filling up the DagBag from /home/airflow/.local/lib/python3.12/site-packages/airflow/example_dags/example_latest_only.py
[2024-08-10T03:37:27.796+0000] {processor.py:840} INFO - DAG(s) 'latest_only' retrieved from /home/airflow/.local/lib/python3.12/site-packages/airflow/example_dags/example_latest_only.py
[2024-08-10T03:37:28.019+0000] {logging_mixin.py:188} INFO - [2024-08-10T03:37:28.019+0000] {dag.py:3089} INFO - Sync 1 DAGs
[2024-08-10T03:37:28.127+0000] {logging_mixin.py:188} INFO - [2024-08-10T03:37:28.126+0000] {dag.py:3947} INFO - Setting next_dagrun for latest_only to 2024-08-09 20:00:00+00:00, run_after=2024-08-10 00:00:00+00:00
[2024-08-10T03:37:29.064+0000] {processor.py:183} INFO - Processing /home/airflow/.local/lib/python3.12/site-packages/airflow/example_dags/example_latest_only.py took 1.510 seconds
[2024-08-10T03:38:08.047+0000] {processor.py:161} INFO - Started process (PID=1997) to work on /home/airflow/.local/lib/python3.12/site-packages/airflow/example_dags/example_latest_only.py
[2024-08-10T03:38:08.054+0000] {processor.py:830} INFO - Processing file /home/airflow/.local/lib/python3.12/site-packages/airflow/example_dags/example_latest_only.py for tasks to queue
[2024-08-10T03:38:08.056+0000] {logging_mixin.py:188} INFO - [2024-08-10T03:38:08.055+0000] {dagbag.py:545} INFO - Filling up the DagBag from /home/airflow/.local/lib/python3.12/site-packages/airflow/example_dags/example_latest_only.py
[2024-08-10T03:38:08.102+0000] {processor.py:840} INFO - DAG(s) 'latest_only' retrieved from /home/airflow/.local/lib/python3.12/site-packages/airflow/example_dags/example_latest_only.py
[2024-08-10T03:38:08.363+0000] {logging_mixin.py:188} INFO - [2024-08-10T03:38:08.363+0000] {dag.py:3089} INFO - Sync 1 DAGs
[2024-08-10T03:38:08.493+0000] {logging_mixin.py:188} INFO - [2024-08-10T03:38:08.492+0000] {dag.py:3947} INFO - Setting next_dagrun for latest_only to 2024-08-09 20:00:00+00:00, run_after=2024-08-10 00:00:00+00:00
[2024-08-10T03:38:08.593+0000] {processor.py:183} INFO - Processing /home/airflow/.local/lib/python3.12/site-packages/airflow/example_dags/example_latest_only.py took 0.635 seconds
