[2024-08-10T03:18:35.070+0000] {processor.py:161} INFO - Started process (PID=107) to work on /home/airflow/.local/lib/python3.12/site-packages/airflow/example_dags/example_branch_labels.py
[2024-08-10T03:18:35.090+0000] {processor.py:830} INFO - Processing file /home/airflow/.local/lib/python3.12/site-packages/airflow/example_dags/example_branch_labels.py for tasks to queue
[2024-08-10T03:18:35.099+0000] {logging_mixin.py:188} INFO - [2024-08-10T03:18:35.099+0000] {dagbag.py:545} INFO - Filling up the DagBag from /home/airflow/.local/lib/python3.12/site-packages/airflow/example_dags/example_branch_labels.py
[2024-08-10T03:18:35.151+0000] {processor.py:840} INFO - DAG(s) 'example_branch_labels' retrieved from /home/airflow/.local/lib/python3.12/site-packages/airflow/example_dags/example_branch_labels.py
[2024-08-10T03:18:35.346+0000] {logging_mixin.py:188} INFO - [2024-08-10T03:18:35.345+0000] {dag.py:3089} INFO - Sync 1 DAGs
[2024-08-10T03:18:35.609+0000] {logging_mixin.py:188} INFO - [2024-08-10T03:18:35.608+0000] {dag.py:3947} INFO - Setting next_dagrun for example_branch_labels to 2024-08-09 00:00:00+00:00, run_after=2024-08-10 00:00:00+00:00
[2024-08-10T03:18:35.906+0000] {processor.py:183} INFO - Processing /home/airflow/.local/lib/python3.12/site-packages/airflow/example_dags/example_branch_labels.py took 0.843 seconds
[2024-08-10T03:19:06.400+0000] {processor.py:161} INFO - Started process (PID=167) to work on /home/airflow/.local/lib/python3.12/site-packages/airflow/example_dags/example_branch_labels.py
[2024-08-10T03:19:06.402+0000] {processor.py:830} INFO - Processing file /home/airflow/.local/lib/python3.12/site-packages/airflow/example_dags/example_branch_labels.py for tasks to queue
[2024-08-10T03:19:06.406+0000] {logging_mixin.py:188} INFO - [2024-08-10T03:19:06.405+0000] {dagbag.py:545} INFO - Filling up the DagBag from /home/airflow/.local/lib/python3.12/site-packages/airflow/example_dags/example_branch_labels.py
[2024-08-10T03:19:06.415+0000] {processor.py:840} INFO - DAG(s) 'example_branch_labels' retrieved from /home/airflow/.local/lib/python3.12/site-packages/airflow/example_dags/example_branch_labels.py
[2024-08-10T03:19:06.448+0000] {logging_mixin.py:188} INFO - [2024-08-10T03:19:06.448+0000] {dag.py:3089} INFO - Sync 1 DAGs
[2024-08-10T03:19:06.492+0000] {logging_mixin.py:188} INFO - [2024-08-10T03:19:06.491+0000] {dag.py:3947} INFO - Setting next_dagrun for example_branch_labels to 2024-08-09 00:00:00+00:00, run_after=2024-08-10 00:00:00+00:00
[2024-08-10T03:19:06.510+0000] {processor.py:183} INFO - Processing /home/airflow/.local/lib/python3.12/site-packages/airflow/example_dags/example_branch_labels.py took 0.119 seconds
[2024-08-10T03:19:37.221+0000] {processor.py:161} INFO - Started process (PID=225) to work on /home/airflow/.local/lib/python3.12/site-packages/airflow/example_dags/example_branch_labels.py
[2024-08-10T03:19:37.222+0000] {processor.py:830} INFO - Processing file /home/airflow/.local/lib/python3.12/site-packages/airflow/example_dags/example_branch_labels.py for tasks to queue
[2024-08-10T03:19:37.224+0000] {logging_mixin.py:188} INFO - [2024-08-10T03:19:37.224+0000] {dagbag.py:545} INFO - Filling up the DagBag from /home/airflow/.local/lib/python3.12/site-packages/airflow/example_dags/example_branch_labels.py
[2024-08-10T03:19:37.232+0000] {processor.py:840} INFO - DAG(s) 'example_branch_labels' retrieved from /home/airflow/.local/lib/python3.12/site-packages/airflow/example_dags/example_branch_labels.py
[2024-08-10T03:19:37.254+0000] {logging_mixin.py:188} INFO - [2024-08-10T03:19:37.254+0000] {dag.py:3089} INFO - Sync 1 DAGs
[2024-08-10T03:19:37.276+0000] {logging_mixin.py:188} INFO - [2024-08-10T03:19:37.275+0000] {dag.py:3947} INFO - Setting next_dagrun for example_branch_labels to 2024-08-09 00:00:00+00:00, run_after=2024-08-10 00:00:00+00:00
[2024-08-10T03:19:37.297+0000] {processor.py:183} INFO - Processing /home/airflow/.local/lib/python3.12/site-packages/airflow/example_dags/example_branch_labels.py took 0.082 seconds
[2024-08-10T03:20:07.927+0000] {processor.py:161} INFO - Started process (PID=286) to work on /home/airflow/.local/lib/python3.12/site-packages/airflow/example_dags/example_branch_labels.py
[2024-08-10T03:20:07.928+0000] {processor.py:830} INFO - Processing file /home/airflow/.local/lib/python3.12/site-packages/airflow/example_dags/example_branch_labels.py for tasks to queue
[2024-08-10T03:20:07.930+0000] {logging_mixin.py:188} INFO - [2024-08-10T03:20:07.930+0000] {dagbag.py:545} INFO - Filling up the DagBag from /home/airflow/.local/lib/python3.12/site-packages/airflow/example_dags/example_branch_labels.py
[2024-08-10T03:20:07.943+0000] {processor.py:840} INFO - DAG(s) 'example_branch_labels' retrieved from /home/airflow/.local/lib/python3.12/site-packages/airflow/example_dags/example_branch_labels.py
[2024-08-10T03:20:07.964+0000] {logging_mixin.py:188} INFO - [2024-08-10T03:20:07.964+0000] {dag.py:3089} INFO - Sync 1 DAGs
[2024-08-10T03:20:07.987+0000] {logging_mixin.py:188} INFO - [2024-08-10T03:20:07.987+0000] {dag.py:3947} INFO - Setting next_dagrun for example_branch_labels to 2024-08-09 00:00:00+00:00, run_after=2024-08-10 00:00:00+00:00
[2024-08-10T03:20:08.015+0000] {processor.py:183} INFO - Processing /home/airflow/.local/lib/python3.12/site-packages/airflow/example_dags/example_branch_labels.py took 0.093 seconds
[2024-08-10T03:20:38.414+0000] {processor.py:161} INFO - Started process (PID=348) to work on /home/airflow/.local/lib/python3.12/site-packages/airflow/example_dags/example_branch_labels.py
[2024-08-10T03:20:38.417+0000] {processor.py:830} INFO - Processing file /home/airflow/.local/lib/python3.12/site-packages/airflow/example_dags/example_branch_labels.py for tasks to queue
[2024-08-10T03:20:38.419+0000] {logging_mixin.py:188} INFO - [2024-08-10T03:20:38.419+0000] {dagbag.py:545} INFO - Filling up the DagBag from /home/airflow/.local/lib/python3.12/site-packages/airflow/example_dags/example_branch_labels.py
[2024-08-10T03:20:38.438+0000] {processor.py:840} INFO - DAG(s) 'example_branch_labels' retrieved from /home/airflow/.local/lib/python3.12/site-packages/airflow/example_dags/example_branch_labels.py
[2024-08-10T03:20:38.487+0000] {logging_mixin.py:188} INFO - [2024-08-10T03:20:38.486+0000] {dag.py:3089} INFO - Sync 1 DAGs
[2024-08-10T03:20:38.512+0000] {logging_mixin.py:188} INFO - [2024-08-10T03:20:38.512+0000] {dag.py:3947} INFO - Setting next_dagrun for example_branch_labels to 2024-08-09 00:00:00+00:00, run_after=2024-08-10 00:00:00+00:00
[2024-08-10T03:20:38.542+0000] {processor.py:183} INFO - Processing /home/airflow/.local/lib/python3.12/site-packages/airflow/example_dags/example_branch_labels.py took 0.141 seconds
[2024-08-10T03:21:10.410+0000] {processor.py:161} INFO - Started process (PID=407) to work on /home/airflow/.local/lib/python3.12/site-packages/airflow/example_dags/example_branch_labels.py
[2024-08-10T03:21:10.411+0000] {processor.py:830} INFO - Processing file /home/airflow/.local/lib/python3.12/site-packages/airflow/example_dags/example_branch_labels.py for tasks to queue
[2024-08-10T03:21:10.413+0000] {logging_mixin.py:188} INFO - [2024-08-10T03:21:10.413+0000] {dagbag.py:545} INFO - Filling up the DagBag from /home/airflow/.local/lib/python3.12/site-packages/airflow/example_dags/example_branch_labels.py
[2024-08-10T03:21:10.422+0000] {processor.py:840} INFO - DAG(s) 'example_branch_labels' retrieved from /home/airflow/.local/lib/python3.12/site-packages/airflow/example_dags/example_branch_labels.py
[2024-08-10T03:21:10.443+0000] {logging_mixin.py:188} INFO - [2024-08-10T03:21:10.443+0000] {dag.py:3089} INFO - Sync 1 DAGs
[2024-08-10T03:21:10.466+0000] {logging_mixin.py:188} INFO - [2024-08-10T03:21:10.465+0000] {dag.py:3947} INFO - Setting next_dagrun for example_branch_labels to 2024-08-09 00:00:00+00:00, run_after=2024-08-10 00:00:00+00:00
[2024-08-10T03:21:10.490+0000] {processor.py:183} INFO - Processing /home/airflow/.local/lib/python3.12/site-packages/airflow/example_dags/example_branch_labels.py took 0.085 seconds
[2024-08-10T03:21:40.624+0000] {processor.py:161} INFO - Started process (PID=465) to work on /home/airflow/.local/lib/python3.12/site-packages/airflow/example_dags/example_branch_labels.py
[2024-08-10T03:21:40.629+0000] {processor.py:830} INFO - Processing file /home/airflow/.local/lib/python3.12/site-packages/airflow/example_dags/example_branch_labels.py for tasks to queue
[2024-08-10T03:21:40.631+0000] {logging_mixin.py:188} INFO - [2024-08-10T03:21:40.631+0000] {dagbag.py:545} INFO - Filling up the DagBag from /home/airflow/.local/lib/python3.12/site-packages/airflow/example_dags/example_branch_labels.py
[2024-08-10T03:21:40.638+0000] {processor.py:840} INFO - DAG(s) 'example_branch_labels' retrieved from /home/airflow/.local/lib/python3.12/site-packages/airflow/example_dags/example_branch_labels.py
[2024-08-10T03:21:40.687+0000] {logging_mixin.py:188} INFO - [2024-08-10T03:21:40.687+0000] {dag.py:3089} INFO - Sync 1 DAGs
[2024-08-10T03:21:40.754+0000] {logging_mixin.py:188} INFO - [2024-08-10T03:21:40.754+0000] {dag.py:3947} INFO - Setting next_dagrun for example_branch_labels to 2024-08-09 00:00:00+00:00, run_after=2024-08-10 00:00:00+00:00
[2024-08-10T03:21:40.788+0000] {processor.py:183} INFO - Processing /home/airflow/.local/lib/python3.12/site-packages/airflow/example_dags/example_branch_labels.py took 0.169 seconds
[2024-08-10T03:22:11.372+0000] {processor.py:161} INFO - Started process (PID=525) to work on /home/airflow/.local/lib/python3.12/site-packages/airflow/example_dags/example_branch_labels.py
[2024-08-10T03:22:11.373+0000] {processor.py:830} INFO - Processing file /home/airflow/.local/lib/python3.12/site-packages/airflow/example_dags/example_branch_labels.py for tasks to queue
[2024-08-10T03:22:11.374+0000] {logging_mixin.py:188} INFO - [2024-08-10T03:22:11.374+0000] {dagbag.py:545} INFO - Filling up the DagBag from /home/airflow/.local/lib/python3.12/site-packages/airflow/example_dags/example_branch_labels.py
[2024-08-10T03:22:11.382+0000] {processor.py:840} INFO - DAG(s) 'example_branch_labels' retrieved from /home/airflow/.local/lib/python3.12/site-packages/airflow/example_dags/example_branch_labels.py
[2024-08-10T03:22:11.402+0000] {logging_mixin.py:188} INFO - [2024-08-10T03:22:11.402+0000] {dag.py:3089} INFO - Sync 1 DAGs
[2024-08-10T03:22:11.433+0000] {logging_mixin.py:188} INFO - [2024-08-10T03:22:11.432+0000] {dag.py:3947} INFO - Setting next_dagrun for example_branch_labels to 2024-08-09 00:00:00+00:00, run_after=2024-08-10 00:00:00+00:00
[2024-08-10T03:22:11.460+0000] {processor.py:183} INFO - Processing /home/airflow/.local/lib/python3.12/site-packages/airflow/example_dags/example_branch_labels.py took 0.094 seconds
[2024-08-10T03:22:41.861+0000] {processor.py:161} INFO - Started process (PID=585) to work on /home/airflow/.local/lib/python3.12/site-packages/airflow/example_dags/example_branch_labels.py
[2024-08-10T03:22:41.862+0000] {processor.py:830} INFO - Processing file /home/airflow/.local/lib/python3.12/site-packages/airflow/example_dags/example_branch_labels.py for tasks to queue
[2024-08-10T03:22:41.864+0000] {logging_mixin.py:188} INFO - [2024-08-10T03:22:41.864+0000] {dagbag.py:545} INFO - Filling up the DagBag from /home/airflow/.local/lib/python3.12/site-packages/airflow/example_dags/example_branch_labels.py
[2024-08-10T03:22:41.873+0000] {processor.py:840} INFO - DAG(s) 'example_branch_labels' retrieved from /home/airflow/.local/lib/python3.12/site-packages/airflow/example_dags/example_branch_labels.py
[2024-08-10T03:22:41.897+0000] {logging_mixin.py:188} INFO - [2024-08-10T03:22:41.897+0000] {dag.py:3089} INFO - Sync 1 DAGs
[2024-08-10T03:22:41.925+0000] {logging_mixin.py:188} INFO - [2024-08-10T03:22:41.925+0000] {dag.py:3947} INFO - Setting next_dagrun for example_branch_labels to 2024-08-09 00:00:00+00:00, run_after=2024-08-10 00:00:00+00:00
[2024-08-10T03:22:41.952+0000] {processor.py:183} INFO - Processing /home/airflow/.local/lib/python3.12/site-packages/airflow/example_dags/example_branch_labels.py took 0.098 seconds
[2024-08-10T03:23:12.422+0000] {processor.py:161} INFO - Started process (PID=646) to work on /home/airflow/.local/lib/python3.12/site-packages/airflow/example_dags/example_branch_labels.py
[2024-08-10T03:23:12.423+0000] {processor.py:830} INFO - Processing file /home/airflow/.local/lib/python3.12/site-packages/airflow/example_dags/example_branch_labels.py for tasks to queue
[2024-08-10T03:23:12.426+0000] {logging_mixin.py:188} INFO - [2024-08-10T03:23:12.425+0000] {dagbag.py:545} INFO - Filling up the DagBag from /home/airflow/.local/lib/python3.12/site-packages/airflow/example_dags/example_branch_labels.py
[2024-08-10T03:23:12.435+0000] {processor.py:840} INFO - DAG(s) 'example_branch_labels' retrieved from /home/airflow/.local/lib/python3.12/site-packages/airflow/example_dags/example_branch_labels.py
[2024-08-10T03:23:12.461+0000] {logging_mixin.py:188} INFO - [2024-08-10T03:23:12.460+0000] {dag.py:3089} INFO - Sync 1 DAGs
[2024-08-10T03:23:12.486+0000] {logging_mixin.py:188} INFO - [2024-08-10T03:23:12.485+0000] {dag.py:3947} INFO - Setting next_dagrun for example_branch_labels to 2024-08-09 00:00:00+00:00, run_after=2024-08-10 00:00:00+00:00
[2024-08-10T03:23:12.511+0000] {processor.py:183} INFO - Processing /home/airflow/.local/lib/python3.12/site-packages/airflow/example_dags/example_branch_labels.py took 0.096 seconds
[2024-08-10T03:23:42.863+0000] {processor.py:161} INFO - Started process (PID=706) to work on /home/airflow/.local/lib/python3.12/site-packages/airflow/example_dags/example_branch_labels.py
[2024-08-10T03:23:42.864+0000] {processor.py:830} INFO - Processing file /home/airflow/.local/lib/python3.12/site-packages/airflow/example_dags/example_branch_labels.py for tasks to queue
[2024-08-10T03:23:42.866+0000] {logging_mixin.py:188} INFO - [2024-08-10T03:23:42.866+0000] {dagbag.py:545} INFO - Filling up the DagBag from /home/airflow/.local/lib/python3.12/site-packages/airflow/example_dags/example_branch_labels.py
[2024-08-10T03:23:42.875+0000] {processor.py:840} INFO - DAG(s) 'example_branch_labels' retrieved from /home/airflow/.local/lib/python3.12/site-packages/airflow/example_dags/example_branch_labels.py
[2024-08-10T03:23:42.900+0000] {logging_mixin.py:188} INFO - [2024-08-10T03:23:42.899+0000] {dag.py:3089} INFO - Sync 1 DAGs
[2024-08-10T03:23:42.940+0000] {logging_mixin.py:188} INFO - [2024-08-10T03:23:42.940+0000] {dag.py:3947} INFO - Setting next_dagrun for example_branch_labels to 2024-08-09 00:00:00+00:00, run_after=2024-08-10 00:00:00+00:00
[2024-08-10T03:23:42.971+0000] {processor.py:183} INFO - Processing /home/airflow/.local/lib/python3.12/site-packages/airflow/example_dags/example_branch_labels.py took 0.115 seconds
[2024-08-10T03:24:13.580+0000] {processor.py:161} INFO - Started process (PID=767) to work on /home/airflow/.local/lib/python3.12/site-packages/airflow/example_dags/example_branch_labels.py
[2024-08-10T03:24:13.582+0000] {processor.py:830} INFO - Processing file /home/airflow/.local/lib/python3.12/site-packages/airflow/example_dags/example_branch_labels.py for tasks to queue
[2024-08-10T03:24:13.584+0000] {logging_mixin.py:188} INFO - [2024-08-10T03:24:13.584+0000] {dagbag.py:545} INFO - Filling up the DagBag from /home/airflow/.local/lib/python3.12/site-packages/airflow/example_dags/example_branch_labels.py
[2024-08-10T03:24:13.592+0000] {processor.py:840} INFO - DAG(s) 'example_branch_labels' retrieved from /home/airflow/.local/lib/python3.12/site-packages/airflow/example_dags/example_branch_labels.py
[2024-08-10T03:24:13.614+0000] {logging_mixin.py:188} INFO - [2024-08-10T03:24:13.614+0000] {dag.py:3089} INFO - Sync 1 DAGs
[2024-08-10T03:24:13.652+0000] {logging_mixin.py:188} INFO - [2024-08-10T03:24:13.652+0000] {dag.py:3947} INFO - Setting next_dagrun for example_branch_labels to 2024-08-09 00:00:00+00:00, run_after=2024-08-10 00:00:00+00:00
[2024-08-10T03:24:13.681+0000] {processor.py:183} INFO - Processing /home/airflow/.local/lib/python3.12/site-packages/airflow/example_dags/example_branch_labels.py took 0.108 seconds
[2024-08-10T03:24:43.830+0000] {processor.py:161} INFO - Started process (PID=827) to work on /home/airflow/.local/lib/python3.12/site-packages/airflow/example_dags/example_branch_labels.py
[2024-08-10T03:24:43.831+0000] {processor.py:830} INFO - Processing file /home/airflow/.local/lib/python3.12/site-packages/airflow/example_dags/example_branch_labels.py for tasks to queue
[2024-08-10T03:24:43.834+0000] {logging_mixin.py:188} INFO - [2024-08-10T03:24:43.833+0000] {dagbag.py:545} INFO - Filling up the DagBag from /home/airflow/.local/lib/python3.12/site-packages/airflow/example_dags/example_branch_labels.py
[2024-08-10T03:24:43.843+0000] {processor.py:840} INFO - DAG(s) 'example_branch_labels' retrieved from /home/airflow/.local/lib/python3.12/site-packages/airflow/example_dags/example_branch_labels.py
[2024-08-10T03:24:43.874+0000] {logging_mixin.py:188} INFO - [2024-08-10T03:24:43.874+0000] {dag.py:3089} INFO - Sync 1 DAGs
[2024-08-10T03:24:43.902+0000] {logging_mixin.py:188} INFO - [2024-08-10T03:24:43.902+0000] {dag.py:3947} INFO - Setting next_dagrun for example_branch_labels to 2024-08-09 00:00:00+00:00, run_after=2024-08-10 00:00:00+00:00
[2024-08-10T03:24:43.933+0000] {processor.py:183} INFO - Processing /home/airflow/.local/lib/python3.12/site-packages/airflow/example_dags/example_branch_labels.py took 0.110 seconds
[2024-08-10T03:25:14.715+0000] {processor.py:161} INFO - Started process (PID=886) to work on /home/airflow/.local/lib/python3.12/site-packages/airflow/example_dags/example_branch_labels.py
[2024-08-10T03:25:14.716+0000] {processor.py:830} INFO - Processing file /home/airflow/.local/lib/python3.12/site-packages/airflow/example_dags/example_branch_labels.py for tasks to queue
[2024-08-10T03:25:14.718+0000] {logging_mixin.py:188} INFO - [2024-08-10T03:25:14.718+0000] {dagbag.py:545} INFO - Filling up the DagBag from /home/airflow/.local/lib/python3.12/site-packages/airflow/example_dags/example_branch_labels.py
[2024-08-10T03:25:14.726+0000] {processor.py:840} INFO - DAG(s) 'example_branch_labels' retrieved from /home/airflow/.local/lib/python3.12/site-packages/airflow/example_dags/example_branch_labels.py
[2024-08-10T03:25:14.745+0000] {logging_mixin.py:188} INFO - [2024-08-10T03:25:14.744+0000] {dag.py:3089} INFO - Sync 1 DAGs
[2024-08-10T03:25:14.768+0000] {logging_mixin.py:188} INFO - [2024-08-10T03:25:14.768+0000] {dag.py:3947} INFO - Setting next_dagrun for example_branch_labels to 2024-08-09 00:00:00+00:00, run_after=2024-08-10 00:00:00+00:00
[2024-08-10T03:25:14.791+0000] {processor.py:183} INFO - Processing /home/airflow/.local/lib/python3.12/site-packages/airflow/example_dags/example_branch_labels.py took 0.083 seconds
[2024-08-10T03:25:45.528+0000] {processor.py:161} INFO - Started process (PID=946) to work on /home/airflow/.local/lib/python3.12/site-packages/airflow/example_dags/example_branch_labels.py
[2024-08-10T03:25:45.530+0000] {processor.py:830} INFO - Processing file /home/airflow/.local/lib/python3.12/site-packages/airflow/example_dags/example_branch_labels.py for tasks to queue
[2024-08-10T03:25:45.532+0000] {logging_mixin.py:188} INFO - [2024-08-10T03:25:45.532+0000] {dagbag.py:545} INFO - Filling up the DagBag from /home/airflow/.local/lib/python3.12/site-packages/airflow/example_dags/example_branch_labels.py
[2024-08-10T03:25:45.541+0000] {processor.py:840} INFO - DAG(s) 'example_branch_labels' retrieved from /home/airflow/.local/lib/python3.12/site-packages/airflow/example_dags/example_branch_labels.py
[2024-08-10T03:25:45.565+0000] {logging_mixin.py:188} INFO - [2024-08-10T03:25:45.564+0000] {dag.py:3089} INFO - Sync 1 DAGs
[2024-08-10T03:25:45.597+0000] {logging_mixin.py:188} INFO - [2024-08-10T03:25:45.596+0000] {dag.py:3947} INFO - Setting next_dagrun for example_branch_labels to 2024-08-09 00:00:00+00:00, run_after=2024-08-10 00:00:00+00:00
[2024-08-10T03:25:45.619+0000] {processor.py:183} INFO - Processing /home/airflow/.local/lib/python3.12/site-packages/airflow/example_dags/example_branch_labels.py took 0.098 seconds
[2024-08-10T03:26:16.411+0000] {processor.py:161} INFO - Started process (PID=1004) to work on /home/airflow/.local/lib/python3.12/site-packages/airflow/example_dags/example_branch_labels.py
[2024-08-10T03:26:16.424+0000] {processor.py:830} INFO - Processing file /home/airflow/.local/lib/python3.12/site-packages/airflow/example_dags/example_branch_labels.py for tasks to queue
[2024-08-10T03:26:16.434+0000] {logging_mixin.py:188} INFO - [2024-08-10T03:26:16.434+0000] {dagbag.py:545} INFO - Filling up the DagBag from /home/airflow/.local/lib/python3.12/site-packages/airflow/example_dags/example_branch_labels.py
[2024-08-10T03:26:16.454+0000] {processor.py:840} INFO - DAG(s) 'example_branch_labels' retrieved from /home/airflow/.local/lib/python3.12/site-packages/airflow/example_dags/example_branch_labels.py
[2024-08-10T03:26:16.485+0000] {logging_mixin.py:188} INFO - [2024-08-10T03:26:16.485+0000] {dag.py:3089} INFO - Sync 1 DAGs
[2024-08-10T03:26:16.553+0000] {logging_mixin.py:188} INFO - [2024-08-10T03:26:16.552+0000] {dag.py:3947} INFO - Setting next_dagrun for example_branch_labels to 2024-08-09 00:00:00+00:00, run_after=2024-08-10 00:00:00+00:00
[2024-08-10T03:26:16.610+0000] {processor.py:183} INFO - Processing /home/airflow/.local/lib/python3.12/site-packages/airflow/example_dags/example_branch_labels.py took 0.206 seconds
[2024-08-10T03:26:46.753+0000] {processor.py:161} INFO - Started process (PID=1066) to work on /home/airflow/.local/lib/python3.12/site-packages/airflow/example_dags/example_branch_labels.py
[2024-08-10T03:26:46.754+0000] {processor.py:830} INFO - Processing file /home/airflow/.local/lib/python3.12/site-packages/airflow/example_dags/example_branch_labels.py for tasks to queue
[2024-08-10T03:26:46.756+0000] {logging_mixin.py:188} INFO - [2024-08-10T03:26:46.756+0000] {dagbag.py:545} INFO - Filling up the DagBag from /home/airflow/.local/lib/python3.12/site-packages/airflow/example_dags/example_branch_labels.py
[2024-08-10T03:26:46.767+0000] {processor.py:840} INFO - DAG(s) 'example_branch_labels' retrieved from /home/airflow/.local/lib/python3.12/site-packages/airflow/example_dags/example_branch_labels.py
[2024-08-10T03:26:46.797+0000] {logging_mixin.py:188} INFO - [2024-08-10T03:26:46.796+0000] {dag.py:3089} INFO - Sync 1 DAGs
[2024-08-10T03:26:46.824+0000] {logging_mixin.py:188} INFO - [2024-08-10T03:26:46.824+0000] {dag.py:3947} INFO - Setting next_dagrun for example_branch_labels to 2024-08-09 00:00:00+00:00, run_after=2024-08-10 00:00:00+00:00
[2024-08-10T03:26:46.845+0000] {processor.py:183} INFO - Processing /home/airflow/.local/lib/python3.12/site-packages/airflow/example_dags/example_branch_labels.py took 0.098 seconds
[2024-08-10T03:27:17.335+0000] {processor.py:161} INFO - Started process (PID=1126) to work on /home/airflow/.local/lib/python3.12/site-packages/airflow/example_dags/example_branch_labels.py
[2024-08-10T03:27:17.336+0000] {processor.py:830} INFO - Processing file /home/airflow/.local/lib/python3.12/site-packages/airflow/example_dags/example_branch_labels.py for tasks to queue
[2024-08-10T03:27:17.339+0000] {logging_mixin.py:188} INFO - [2024-08-10T03:27:17.338+0000] {dagbag.py:545} INFO - Filling up the DagBag from /home/airflow/.local/lib/python3.12/site-packages/airflow/example_dags/example_branch_labels.py
[2024-08-10T03:27:17.347+0000] {processor.py:840} INFO - DAG(s) 'example_branch_labels' retrieved from /home/airflow/.local/lib/python3.12/site-packages/airflow/example_dags/example_branch_labels.py
[2024-08-10T03:27:17.370+0000] {logging_mixin.py:188} INFO - [2024-08-10T03:27:17.369+0000] {dag.py:3089} INFO - Sync 1 DAGs
[2024-08-10T03:27:17.398+0000] {logging_mixin.py:188} INFO - [2024-08-10T03:27:17.398+0000] {dag.py:3947} INFO - Setting next_dagrun for example_branch_labels to 2024-08-09 00:00:00+00:00, run_after=2024-08-10 00:00:00+00:00
[2024-08-10T03:27:17.420+0000] {processor.py:183} INFO - Processing /home/airflow/.local/lib/python3.12/site-packages/airflow/example_dags/example_branch_labels.py took 0.091 seconds
[2024-08-10T03:27:47.626+0000] {processor.py:161} INFO - Started process (PID=1186) to work on /home/airflow/.local/lib/python3.12/site-packages/airflow/example_dags/example_branch_labels.py
[2024-08-10T03:27:47.628+0000] {processor.py:830} INFO - Processing file /home/airflow/.local/lib/python3.12/site-packages/airflow/example_dags/example_branch_labels.py for tasks to queue
[2024-08-10T03:27:47.631+0000] {logging_mixin.py:188} INFO - [2024-08-10T03:27:47.630+0000] {dagbag.py:545} INFO - Filling up the DagBag from /home/airflow/.local/lib/python3.12/site-packages/airflow/example_dags/example_branch_labels.py
[2024-08-10T03:27:47.642+0000] {processor.py:840} INFO - DAG(s) 'example_branch_labels' retrieved from /home/airflow/.local/lib/python3.12/site-packages/airflow/example_dags/example_branch_labels.py
[2024-08-10T03:27:47.666+0000] {logging_mixin.py:188} INFO - [2024-08-10T03:27:47.666+0000] {dag.py:3089} INFO - Sync 1 DAGs
[2024-08-10T03:27:47.694+0000] {logging_mixin.py:188} INFO - [2024-08-10T03:27:47.693+0000] {dag.py:3947} INFO - Setting next_dagrun for example_branch_labels to 2024-08-09 00:00:00+00:00, run_after=2024-08-10 00:00:00+00:00
[2024-08-10T03:27:47.714+0000] {processor.py:183} INFO - Processing /home/airflow/.local/lib/python3.12/site-packages/airflow/example_dags/example_branch_labels.py took 0.094 seconds
[2024-08-10T03:28:18.135+0000] {processor.py:161} INFO - Started process (PID=1246) to work on /home/airflow/.local/lib/python3.12/site-packages/airflow/example_dags/example_branch_labels.py
[2024-08-10T03:28:18.136+0000] {processor.py:830} INFO - Processing file /home/airflow/.local/lib/python3.12/site-packages/airflow/example_dags/example_branch_labels.py for tasks to queue
[2024-08-10T03:28:18.138+0000] {logging_mixin.py:188} INFO - [2024-08-10T03:28:18.138+0000] {dagbag.py:545} INFO - Filling up the DagBag from /home/airflow/.local/lib/python3.12/site-packages/airflow/example_dags/example_branch_labels.py
[2024-08-10T03:28:18.147+0000] {processor.py:840} INFO - DAG(s) 'example_branch_labels' retrieved from /home/airflow/.local/lib/python3.12/site-packages/airflow/example_dags/example_branch_labels.py
[2024-08-10T03:28:18.170+0000] {logging_mixin.py:188} INFO - [2024-08-10T03:28:18.170+0000] {dag.py:3089} INFO - Sync 1 DAGs
[2024-08-10T03:28:18.195+0000] {logging_mixin.py:188} INFO - [2024-08-10T03:28:18.195+0000] {dag.py:3947} INFO - Setting next_dagrun for example_branch_labels to 2024-08-09 00:00:00+00:00, run_after=2024-08-10 00:00:00+00:00
[2024-08-10T03:28:18.221+0000] {processor.py:183} INFO - Processing /home/airflow/.local/lib/python3.12/site-packages/airflow/example_dags/example_branch_labels.py took 0.093 seconds
[2024-08-10T03:28:48.556+0000] {processor.py:161} INFO - Started process (PID=1306) to work on /home/airflow/.local/lib/python3.12/site-packages/airflow/example_dags/example_branch_labels.py
[2024-08-10T03:28:48.558+0000] {processor.py:830} INFO - Processing file /home/airflow/.local/lib/python3.12/site-packages/airflow/example_dags/example_branch_labels.py for tasks to queue
[2024-08-10T03:28:48.561+0000] {logging_mixin.py:188} INFO - [2024-08-10T03:28:48.561+0000] {dagbag.py:545} INFO - Filling up the DagBag from /home/airflow/.local/lib/python3.12/site-packages/airflow/example_dags/example_branch_labels.py
[2024-08-10T03:28:48.570+0000] {processor.py:840} INFO - DAG(s) 'example_branch_labels' retrieved from /home/airflow/.local/lib/python3.12/site-packages/airflow/example_dags/example_branch_labels.py
[2024-08-10T03:28:48.597+0000] {logging_mixin.py:188} INFO - [2024-08-10T03:28:48.597+0000] {dag.py:3089} INFO - Sync 1 DAGs
[2024-08-10T03:28:48.626+0000] {logging_mixin.py:188} INFO - [2024-08-10T03:28:48.626+0000] {dag.py:3947} INFO - Setting next_dagrun for example_branch_labels to 2024-08-09 00:00:00+00:00, run_after=2024-08-10 00:00:00+00:00
[2024-08-10T03:28:48.649+0000] {processor.py:183} INFO - Processing /home/airflow/.local/lib/python3.12/site-packages/airflow/example_dags/example_branch_labels.py took 0.100 seconds
[2024-08-10T03:29:33.973+0000] {processor.py:161} INFO - Started process (PID=1371) to work on /home/airflow/.local/lib/python3.12/site-packages/airflow/example_dags/example_branch_labels.py
[2024-08-10T03:29:33.974+0000] {processor.py:830} INFO - Processing file /home/airflow/.local/lib/python3.12/site-packages/airflow/example_dags/example_branch_labels.py for tasks to queue
[2024-08-10T03:29:33.978+0000] {logging_mixin.py:188} INFO - [2024-08-10T03:29:33.977+0000] {dagbag.py:545} INFO - Filling up the DagBag from /home/airflow/.local/lib/python3.12/site-packages/airflow/example_dags/example_branch_labels.py
[2024-08-10T03:29:33.995+0000] {processor.py:840} INFO - DAG(s) 'example_branch_labels' retrieved from /home/airflow/.local/lib/python3.12/site-packages/airflow/example_dags/example_branch_labels.py
[2024-08-10T03:29:34.535+0000] {logging_mixin.py:188} INFO - [2024-08-10T03:29:34.534+0000] {dag.py:3089} INFO - Sync 1 DAGs
[2024-08-10T03:29:34.669+0000] {logging_mixin.py:188} INFO - [2024-08-10T03:29:34.669+0000] {dag.py:3947} INFO - Setting next_dagrun for example_branch_labels to 2024-08-09 00:00:00+00:00, run_after=2024-08-10 00:00:00+00:00
[2024-08-10T03:29:35.102+0000] {processor.py:183} INFO - Processing /home/airflow/.local/lib/python3.12/site-packages/airflow/example_dags/example_branch_labels.py took 1.144 seconds
[2024-08-10T03:30:05.767+0000] {processor.py:161} INFO - Started process (PID=1429) to work on /home/airflow/.local/lib/python3.12/site-packages/airflow/example_dags/example_branch_labels.py
[2024-08-10T03:30:05.770+0000] {processor.py:830} INFO - Processing file /home/airflow/.local/lib/python3.12/site-packages/airflow/example_dags/example_branch_labels.py for tasks to queue
[2024-08-10T03:30:05.781+0000] {logging_mixin.py:188} INFO - [2024-08-10T03:30:05.779+0000] {dagbag.py:545} INFO - Filling up the DagBag from /home/airflow/.local/lib/python3.12/site-packages/airflow/example_dags/example_branch_labels.py
[2024-08-10T03:30:05.806+0000] {processor.py:840} INFO - DAG(s) 'example_branch_labels' retrieved from /home/airflow/.local/lib/python3.12/site-packages/airflow/example_dags/example_branch_labels.py
[2024-08-10T03:30:05.859+0000] {logging_mixin.py:188} INFO - [2024-08-10T03:30:05.859+0000] {dag.py:3089} INFO - Sync 1 DAGs
[2024-08-10T03:30:05.893+0000] {logging_mixin.py:188} INFO - [2024-08-10T03:30:05.893+0000] {dag.py:3947} INFO - Setting next_dagrun for example_branch_labels to 2024-08-09 00:00:00+00:00, run_after=2024-08-10 00:00:00+00:00
[2024-08-10T03:30:05.939+0000] {processor.py:183} INFO - Processing /home/airflow/.local/lib/python3.12/site-packages/airflow/example_dags/example_branch_labels.py took 0.180 seconds
[2024-08-10T03:30:41.637+0000] {processor.py:161} INFO - Started process (PID=1487) to work on /home/airflow/.local/lib/python3.12/site-packages/airflow/example_dags/example_branch_labels.py
[2024-08-10T03:30:41.639+0000] {processor.py:830} INFO - Processing file /home/airflow/.local/lib/python3.12/site-packages/airflow/example_dags/example_branch_labels.py for tasks to queue
[2024-08-10T03:30:41.643+0000] {logging_mixin.py:188} INFO - [2024-08-10T03:30:41.642+0000] {dagbag.py:545} INFO - Filling up the DagBag from /home/airflow/.local/lib/python3.12/site-packages/airflow/example_dags/example_branch_labels.py
[2024-08-10T03:30:41.654+0000] {processor.py:840} INFO - DAG(s) 'example_branch_labels' retrieved from /home/airflow/.local/lib/python3.12/site-packages/airflow/example_dags/example_branch_labels.py
[2024-08-10T03:30:41.687+0000] {logging_mixin.py:188} INFO - [2024-08-10T03:30:41.687+0000] {dag.py:3089} INFO - Sync 1 DAGs
[2024-08-10T03:30:41.718+0000] {logging_mixin.py:188} INFO - [2024-08-10T03:30:41.718+0000] {dag.py:3947} INFO - Setting next_dagrun for example_branch_labels to 2024-08-09 00:00:00+00:00, run_after=2024-08-10 00:00:00+00:00
[2024-08-10T03:30:42.367+0000] {processor.py:183} INFO - Processing /home/airflow/.local/lib/python3.12/site-packages/airflow/example_dags/example_branch_labels.py took 0.740 seconds
[2024-08-10T03:31:38.626+0000] {processor.py:161} INFO - Started process (PID=1555) to work on /home/airflow/.local/lib/python3.12/site-packages/airflow/example_dags/example_branch_labels.py
[2024-08-10T03:31:38.633+0000] {processor.py:830} INFO - Processing file /home/airflow/.local/lib/python3.12/site-packages/airflow/example_dags/example_branch_labels.py for tasks to queue
[2024-08-10T03:31:38.636+0000] {logging_mixin.py:188} INFO - [2024-08-10T03:31:38.635+0000] {dagbag.py:545} INFO - Filling up the DagBag from /home/airflow/.local/lib/python3.12/site-packages/airflow/example_dags/example_branch_labels.py
[2024-08-10T03:31:38.657+0000] {processor.py:840} INFO - DAG(s) 'example_branch_labels' retrieved from /home/airflow/.local/lib/python3.12/site-packages/airflow/example_dags/example_branch_labels.py
[2024-08-10T03:31:38.694+0000] {logging_mixin.py:188} INFO - [2024-08-10T03:31:38.693+0000] {dag.py:3089} INFO - Sync 1 DAGs
[2024-08-10T03:31:38.738+0000] {logging_mixin.py:188} INFO - [2024-08-10T03:31:38.738+0000] {dag.py:3947} INFO - Setting next_dagrun for example_branch_labels to 2024-08-09 00:00:00+00:00, run_after=2024-08-10 00:00:00+00:00
[2024-08-10T03:31:38.783+0000] {processor.py:183} INFO - Processing /home/airflow/.local/lib/python3.12/site-packages/airflow/example_dags/example_branch_labels.py took 0.165 seconds
[2024-08-10T03:32:12.837+0000] {processor.py:161} INFO - Started process (PID=1615) to work on /home/airflow/.local/lib/python3.12/site-packages/airflow/example_dags/example_branch_labels.py
[2024-08-10T03:32:12.929+0000] {processor.py:830} INFO - Processing file /home/airflow/.local/lib/python3.12/site-packages/airflow/example_dags/example_branch_labels.py for tasks to queue
[2024-08-10T03:32:12.931+0000] {logging_mixin.py:188} INFO - [2024-08-10T03:32:12.930+0000] {dagbag.py:545} INFO - Filling up the DagBag from /home/airflow/.local/lib/python3.12/site-packages/airflow/example_dags/example_branch_labels.py
[2024-08-10T03:32:13.056+0000] {processor.py:840} INFO - DAG(s) 'example_branch_labels' retrieved from /home/airflow/.local/lib/python3.12/site-packages/airflow/example_dags/example_branch_labels.py
[2024-08-10T03:32:13.124+0000] {logging_mixin.py:188} INFO - [2024-08-10T03:32:13.124+0000] {dag.py:3089} INFO - Sync 1 DAGs
[2024-08-10T03:32:13.209+0000] {logging_mixin.py:188} INFO - [2024-08-10T03:32:13.209+0000] {dag.py:3947} INFO - Setting next_dagrun for example_branch_labels to 2024-08-09 00:00:00+00:00, run_after=2024-08-10 00:00:00+00:00
[2024-08-10T03:32:19.938+0000] {processor.py:183} INFO - Processing /home/airflow/.local/lib/python3.12/site-packages/airflow/example_dags/example_branch_labels.py took 7.108 seconds
[2024-08-10T03:32:53.759+0000] {processor.py:161} INFO - Started process (PID=1675) to work on /home/airflow/.local/lib/python3.12/site-packages/airflow/example_dags/example_branch_labels.py
[2024-08-10T03:32:53.764+0000] {processor.py:830} INFO - Processing file /home/airflow/.local/lib/python3.12/site-packages/airflow/example_dags/example_branch_labels.py for tasks to queue
[2024-08-10T03:32:53.766+0000] {logging_mixin.py:188} INFO - [2024-08-10T03:32:53.766+0000] {dagbag.py:545} INFO - Filling up the DagBag from /home/airflow/.local/lib/python3.12/site-packages/airflow/example_dags/example_branch_labels.py
[2024-08-10T03:32:53.779+0000] {processor.py:840} INFO - DAG(s) 'example_branch_labels' retrieved from /home/airflow/.local/lib/python3.12/site-packages/airflow/example_dags/example_branch_labels.py
[2024-08-10T03:32:53.815+0000] {logging_mixin.py:188} INFO - [2024-08-10T03:32:53.815+0000] {dag.py:3089} INFO - Sync 1 DAGs
[2024-08-10T03:32:53.852+0000] {logging_mixin.py:188} INFO - [2024-08-10T03:32:53.852+0000] {dag.py:3947} INFO - Setting next_dagrun for example_branch_labels to 2024-08-09 00:00:00+00:00, run_after=2024-08-10 00:00:00+00:00
[2024-08-10T03:32:54.778+0000] {processor.py:183} INFO - Processing /home/airflow/.local/lib/python3.12/site-packages/airflow/example_dags/example_branch_labels.py took 1.036 seconds
[2024-08-10T03:33:27.947+0000] {processor.py:161} INFO - Started process (PID=1733) to work on /home/airflow/.local/lib/python3.12/site-packages/airflow/example_dags/example_branch_labels.py
[2024-08-10T03:33:27.950+0000] {processor.py:830} INFO - Processing file /home/airflow/.local/lib/python3.12/site-packages/airflow/example_dags/example_branch_labels.py for tasks to queue
[2024-08-10T03:33:27.953+0000] {logging_mixin.py:188} INFO - [2024-08-10T03:33:27.952+0000] {dagbag.py:545} INFO - Filling up the DagBag from /home/airflow/.local/lib/python3.12/site-packages/airflow/example_dags/example_branch_labels.py
[2024-08-10T03:33:27.966+0000] {processor.py:840} INFO - DAG(s) 'example_branch_labels' retrieved from /home/airflow/.local/lib/python3.12/site-packages/airflow/example_dags/example_branch_labels.py
[2024-08-10T03:33:27.996+0000] {logging_mixin.py:188} INFO - [2024-08-10T03:33:27.996+0000] {dag.py:3089} INFO - Sync 1 DAGs
[2024-08-10T03:33:28.026+0000] {logging_mixin.py:188} INFO - [2024-08-10T03:33:28.025+0000] {dag.py:3947} INFO - Setting next_dagrun for example_branch_labels to 2024-08-09 00:00:00+00:00, run_after=2024-08-10 00:00:00+00:00
[2024-08-10T03:33:28.056+0000] {processor.py:183} INFO - Processing /home/airflow/.local/lib/python3.12/site-packages/airflow/example_dags/example_branch_labels.py took 0.116 seconds
[2024-08-10T03:35:07.728+0000] {processor.py:161} INFO - Started process (PID=1798) to work on /home/airflow/.local/lib/python3.12/site-packages/airflow/example_dags/example_branch_labels.py
[2024-08-10T03:35:07.729+0000] {processor.py:830} INFO - Processing file /home/airflow/.local/lib/python3.12/site-packages/airflow/example_dags/example_branch_labels.py for tasks to queue
[2024-08-10T03:35:07.731+0000] {logging_mixin.py:188} INFO - [2024-08-10T03:35:07.730+0000] {dagbag.py:545} INFO - Filling up the DagBag from /home/airflow/.local/lib/python3.12/site-packages/airflow/example_dags/example_branch_labels.py
[2024-08-10T03:35:07.752+0000] {processor.py:840} INFO - DAG(s) 'example_branch_labels' retrieved from /home/airflow/.local/lib/python3.12/site-packages/airflow/example_dags/example_branch_labels.py
[2024-08-10T03:35:07.808+0000] {logging_mixin.py:188} INFO - [2024-08-10T03:35:07.807+0000] {dag.py:3089} INFO - Sync 1 DAGs
[2024-08-10T03:35:07.849+0000] {logging_mixin.py:188} INFO - [2024-08-10T03:35:07.848+0000] {dag.py:3947} INFO - Setting next_dagrun for example_branch_labels to 2024-08-09 00:00:00+00:00, run_after=2024-08-10 00:00:00+00:00
[2024-08-10T03:35:08.101+0000] {processor.py:183} INFO - Processing /home/airflow/.local/lib/python3.12/site-packages/airflow/example_dags/example_branch_labels.py took 0.381 seconds
[2024-08-10T03:35:47.951+0000] {processor.py:161} INFO - Started process (PID=1858) to work on /home/airflow/.local/lib/python3.12/site-packages/airflow/example_dags/example_branch_labels.py
[2024-08-10T03:35:47.955+0000] {processor.py:830} INFO - Processing file /home/airflow/.local/lib/python3.12/site-packages/airflow/example_dags/example_branch_labels.py for tasks to queue
[2024-08-10T03:35:47.957+0000] {logging_mixin.py:188} INFO - [2024-08-10T03:35:47.956+0000] {dagbag.py:545} INFO - Filling up the DagBag from /home/airflow/.local/lib/python3.12/site-packages/airflow/example_dags/example_branch_labels.py
[2024-08-10T03:35:47.968+0000] {processor.py:840} INFO - DAG(s) 'example_branch_labels' retrieved from /home/airflow/.local/lib/python3.12/site-packages/airflow/example_dags/example_branch_labels.py
[2024-08-10T03:35:48.062+0000] {logging_mixin.py:188} INFO - [2024-08-10T03:35:48.061+0000] {dag.py:3089} INFO - Sync 1 DAGs
[2024-08-10T03:35:48.171+0000] {logging_mixin.py:188} INFO - [2024-08-10T03:35:48.171+0000] {dag.py:3947} INFO - Setting next_dagrun for example_branch_labels to 2024-08-09 00:00:00+00:00, run_after=2024-08-10 00:00:00+00:00
[2024-08-10T03:35:48.423+0000] {processor.py:183} INFO - Processing /home/airflow/.local/lib/python3.12/site-packages/airflow/example_dags/example_branch_labels.py took 0.481 seconds
[2024-08-10T03:37:23.541+0000] {processor.py:161} INFO - Started process (PID=1962) to work on /home/airflow/.local/lib/python3.12/site-packages/airflow/example_dags/example_branch_labels.py
[2024-08-10T03:37:23.564+0000] {processor.py:830} INFO - Processing file /home/airflow/.local/lib/python3.12/site-packages/airflow/example_dags/example_branch_labels.py for tasks to queue
[2024-08-10T03:37:23.583+0000] {logging_mixin.py:188} INFO - [2024-08-10T03:37:23.582+0000] {dagbag.py:545} INFO - Filling up the DagBag from /home/airflow/.local/lib/python3.12/site-packages/airflow/example_dags/example_branch_labels.py
[2024-08-10T03:37:23.614+0000] {processor.py:840} INFO - DAG(s) 'example_branch_labels' retrieved from /home/airflow/.local/lib/python3.12/site-packages/airflow/example_dags/example_branch_labels.py
[2024-08-10T03:37:23.657+0000] {logging_mixin.py:188} INFO - [2024-08-10T03:37:23.657+0000] {dag.py:3089} INFO - Sync 1 DAGs
[2024-08-10T03:37:23.696+0000] {logging_mixin.py:188} INFO - [2024-08-10T03:37:23.695+0000] {dag.py:3947} INFO - Setting next_dagrun for example_branch_labels to 2024-08-09 00:00:00+00:00, run_after=2024-08-10 00:00:00+00:00
[2024-08-10T03:37:24.016+0000] {processor.py:183} INFO - Processing /home/airflow/.local/lib/python3.12/site-packages/airflow/example_dags/example_branch_labels.py took 0.486 seconds
[2024-08-10T03:38:18.363+0000] {processor.py:161} INFO - Started process (PID=2032) to work on /home/airflow/.local/lib/python3.12/site-packages/airflow/example_dags/example_branch_labels.py
[2024-08-10T03:38:18.377+0000] {processor.py:830} INFO - Processing file /home/airflow/.local/lib/python3.12/site-packages/airflow/example_dags/example_branch_labels.py for tasks to queue
[2024-08-10T03:38:18.386+0000] {logging_mixin.py:188} INFO - [2024-08-10T03:38:18.386+0000] {dagbag.py:545} INFO - Filling up the DagBag from /home/airflow/.local/lib/python3.12/site-packages/airflow/example_dags/example_branch_labels.py
[2024-08-10T03:38:18.433+0000] {processor.py:840} INFO - DAG(s) 'example_branch_labels' retrieved from /home/airflow/.local/lib/python3.12/site-packages/airflow/example_dags/example_branch_labels.py
[2024-08-10T03:38:18.665+0000] {logging_mixin.py:188} INFO - [2024-08-10T03:38:18.664+0000] {dag.py:3089} INFO - Sync 1 DAGs
[2024-08-10T03:38:18.757+0000] {logging_mixin.py:188} INFO - [2024-08-10T03:38:18.756+0000] {dag.py:3947} INFO - Setting next_dagrun for example_branch_labels to 2024-08-09 00:00:00+00:00, run_after=2024-08-10 00:00:00+00:00
[2024-08-10T03:38:18.811+0000] {processor.py:183} INFO - Processing /home/airflow/.local/lib/python3.12/site-packages/airflow/example_dags/example_branch_labels.py took 0.489 seconds
