[2024-08-10T03:18:09.470+0000] {processor.py:161} INFO - Started process (PID=69) to work on /home/airflow/.local/lib/python3.12/site-packages/airflow/example_dags/example_setup_teardown.py
[2024-08-10T03:18:09.471+0000] {processor.py:830} INFO - Processing file /home/airflow/.local/lib/python3.12/site-packages/airflow/example_dags/example_setup_teardown.py for tasks to queue
[2024-08-10T03:18:09.473+0000] {logging_mixin.py:188} INFO - [2024-08-10T03:18:09.473+0000] {dagbag.py:545} INFO - Filling up the DagBag from /home/airflow/.local/lib/python3.12/site-packages/airflow/example_dags/example_setup_teardown.py
[2024-08-10T03:18:09.485+0000] {processor.py:840} INFO - DAG(s) 'example_setup_teardown' retrieved from /home/airflow/.local/lib/python3.12/site-packages/airflow/example_dags/example_setup_teardown.py
[2024-08-10T03:18:09.517+0000] {logging_mixin.py:188} INFO - [2024-08-10T03:18:09.516+0000] {dag.py:3089} INFO - Sync 1 DAGs
[2024-08-10T03:18:09.548+0000] {logging_mixin.py:188} INFO - [2024-08-10T03:18:09.548+0000] {dag.py:3947} INFO - Setting next_dagrun for example_setup_teardown to 2024-08-09 00:00:00+00:00, run_after=2024-08-10 00:00:00+00:00
[2024-08-10T03:18:09.571+0000] {processor.py:183} INFO - Processing /home/airflow/.local/lib/python3.12/site-packages/airflow/example_dags/example_setup_teardown.py took 0.108 seconds
[2024-08-10T03:18:42.696+0000] {processor.py:161} INFO - Started process (PID=127) to work on /home/airflow/.local/lib/python3.12/site-packages/airflow/example_dags/example_setup_teardown.py
[2024-08-10T03:18:42.698+0000] {processor.py:830} INFO - Processing file /home/airflow/.local/lib/python3.12/site-packages/airflow/example_dags/example_setup_teardown.py for tasks to queue
[2024-08-10T03:18:42.700+0000] {logging_mixin.py:188} INFO - [2024-08-10T03:18:42.700+0000] {dagbag.py:545} INFO - Filling up the DagBag from /home/airflow/.local/lib/python3.12/site-packages/airflow/example_dags/example_setup_teardown.py
[2024-08-10T03:18:42.711+0000] {processor.py:840} INFO - DAG(s) 'example_setup_teardown' retrieved from /home/airflow/.local/lib/python3.12/site-packages/airflow/example_dags/example_setup_teardown.py
[2024-08-10T03:18:42.736+0000] {logging_mixin.py:188} INFO - [2024-08-10T03:18:42.736+0000] {dag.py:3089} INFO - Sync 1 DAGs
[2024-08-10T03:18:42.763+0000] {logging_mixin.py:188} INFO - [2024-08-10T03:18:42.763+0000] {dag.py:3947} INFO - Setting next_dagrun for example_setup_teardown to 2024-08-09 00:00:00+00:00, run_after=2024-08-10 00:00:00+00:00
[2024-08-10T03:18:42.786+0000] {processor.py:183} INFO - Processing /home/airflow/.local/lib/python3.12/site-packages/airflow/example_dags/example_setup_teardown.py took 0.099 seconds
[2024-08-10T03:19:13.604+0000] {processor.py:161} INFO - Started process (PID=187) to work on /home/airflow/.local/lib/python3.12/site-packages/airflow/example_dags/example_setup_teardown.py
[2024-08-10T03:19:13.616+0000] {processor.py:830} INFO - Processing file /home/airflow/.local/lib/python3.12/site-packages/airflow/example_dags/example_setup_teardown.py for tasks to queue
[2024-08-10T03:19:13.626+0000] {logging_mixin.py:188} INFO - [2024-08-10T03:19:13.626+0000] {dagbag.py:545} INFO - Filling up the DagBag from /home/airflow/.local/lib/python3.12/site-packages/airflow/example_dags/example_setup_teardown.py
[2024-08-10T03:19:13.633+0000] {processor.py:840} INFO - DAG(s) 'example_setup_teardown' retrieved from /home/airflow/.local/lib/python3.12/site-packages/airflow/example_dags/example_setup_teardown.py
[2024-08-10T03:19:13.698+0000] {logging_mixin.py:188} INFO - [2024-08-10T03:19:13.698+0000] {dag.py:3089} INFO - Sync 1 DAGs
[2024-08-10T03:19:13.761+0000] {logging_mixin.py:188} INFO - [2024-08-10T03:19:13.761+0000] {dag.py:3947} INFO - Setting next_dagrun for example_setup_teardown to 2024-08-09 00:00:00+00:00, run_after=2024-08-10 00:00:00+00:00
[2024-08-10T03:19:13.827+0000] {processor.py:183} INFO - Processing /home/airflow/.local/lib/python3.12/site-packages/airflow/example_dags/example_setup_teardown.py took 0.228 seconds
[2024-08-10T03:19:44.463+0000] {processor.py:161} INFO - Started process (PID=245) to work on /home/airflow/.local/lib/python3.12/site-packages/airflow/example_dags/example_setup_teardown.py
[2024-08-10T03:19:44.464+0000] {processor.py:830} INFO - Processing file /home/airflow/.local/lib/python3.12/site-packages/airflow/example_dags/example_setup_teardown.py for tasks to queue
[2024-08-10T03:19:44.466+0000] {logging_mixin.py:188} INFO - [2024-08-10T03:19:44.466+0000] {dagbag.py:545} INFO - Filling up the DagBag from /home/airflow/.local/lib/python3.12/site-packages/airflow/example_dags/example_setup_teardown.py
[2024-08-10T03:19:44.473+0000] {processor.py:840} INFO - DAG(s) 'example_setup_teardown' retrieved from /home/airflow/.local/lib/python3.12/site-packages/airflow/example_dags/example_setup_teardown.py
[2024-08-10T03:19:44.494+0000] {logging_mixin.py:188} INFO - [2024-08-10T03:19:44.494+0000] {dag.py:3089} INFO - Sync 1 DAGs
[2024-08-10T03:19:44.534+0000] {logging_mixin.py:188} INFO - [2024-08-10T03:19:44.533+0000] {dag.py:3947} INFO - Setting next_dagrun for example_setup_teardown to 2024-08-09 00:00:00+00:00, run_after=2024-08-10 00:00:00+00:00
[2024-08-10T03:19:44.588+0000] {processor.py:183} INFO - Processing /home/airflow/.local/lib/python3.12/site-packages/airflow/example_dags/example_setup_teardown.py took 0.137 seconds
[2024-08-10T03:20:17.007+0000] {processor.py:161} INFO - Started process (PID=306) to work on /home/airflow/.local/lib/python3.12/site-packages/airflow/example_dags/example_setup_teardown.py
[2024-08-10T03:20:17.012+0000] {processor.py:830} INFO - Processing file /home/airflow/.local/lib/python3.12/site-packages/airflow/example_dags/example_setup_teardown.py for tasks to queue
[2024-08-10T03:20:17.036+0000] {logging_mixin.py:188} INFO - [2024-08-10T03:20:17.032+0000] {dagbag.py:545} INFO - Filling up the DagBag from /home/airflow/.local/lib/python3.12/site-packages/airflow/example_dags/example_setup_teardown.py
[2024-08-10T03:20:17.134+0000] {processor.py:840} INFO - DAG(s) 'example_setup_teardown' retrieved from /home/airflow/.local/lib/python3.12/site-packages/airflow/example_dags/example_setup_teardown.py
[2024-08-10T03:20:17.244+0000] {logging_mixin.py:188} INFO - [2024-08-10T03:20:17.244+0000] {dag.py:3089} INFO - Sync 1 DAGs
[2024-08-10T03:20:17.441+0000] {logging_mixin.py:188} INFO - [2024-08-10T03:20:17.439+0000] {dag.py:3947} INFO - Setting next_dagrun for example_setup_teardown to 2024-08-09 00:00:00+00:00, run_after=2024-08-10 00:00:00+00:00
[2024-08-10T03:20:17.515+0000] {processor.py:183} INFO - Processing /home/airflow/.local/lib/python3.12/site-packages/airflow/example_dags/example_setup_teardown.py took 0.515 seconds
[2024-08-10T03:20:47.603+0000] {processor.py:161} INFO - Started process (PID=366) to work on /home/airflow/.local/lib/python3.12/site-packages/airflow/example_dags/example_setup_teardown.py
[2024-08-10T03:20:47.605+0000] {processor.py:830} INFO - Processing file /home/airflow/.local/lib/python3.12/site-packages/airflow/example_dags/example_setup_teardown.py for tasks to queue
[2024-08-10T03:20:47.607+0000] {logging_mixin.py:188} INFO - [2024-08-10T03:20:47.607+0000] {dagbag.py:545} INFO - Filling up the DagBag from /home/airflow/.local/lib/python3.12/site-packages/airflow/example_dags/example_setup_teardown.py
[2024-08-10T03:20:47.615+0000] {processor.py:840} INFO - DAG(s) 'example_setup_teardown' retrieved from /home/airflow/.local/lib/python3.12/site-packages/airflow/example_dags/example_setup_teardown.py
[2024-08-10T03:20:47.637+0000] {logging_mixin.py:188} INFO - [2024-08-10T03:20:47.636+0000] {dag.py:3089} INFO - Sync 1 DAGs
[2024-08-10T03:20:47.668+0000] {logging_mixin.py:188} INFO - [2024-08-10T03:20:47.667+0000] {dag.py:3947} INFO - Setting next_dagrun for example_setup_teardown to 2024-08-09 00:00:00+00:00, run_after=2024-08-10 00:00:00+00:00
[2024-08-10T03:20:47.698+0000] {processor.py:183} INFO - Processing /home/airflow/.local/lib/python3.12/site-packages/airflow/example_dags/example_setup_teardown.py took 0.101 seconds
[2024-08-10T03:21:18.015+0000] {processor.py:161} INFO - Started process (PID=425) to work on /home/airflow/.local/lib/python3.12/site-packages/airflow/example_dags/example_setup_teardown.py
[2024-08-10T03:21:18.017+0000] {processor.py:830} INFO - Processing file /home/airflow/.local/lib/python3.12/site-packages/airflow/example_dags/example_setup_teardown.py for tasks to queue
[2024-08-10T03:21:18.024+0000] {logging_mixin.py:188} INFO - [2024-08-10T03:21:18.023+0000] {dagbag.py:545} INFO - Filling up the DagBag from /home/airflow/.local/lib/python3.12/site-packages/airflow/example_dags/example_setup_teardown.py
[2024-08-10T03:21:18.031+0000] {processor.py:840} INFO - DAG(s) 'example_setup_teardown' retrieved from /home/airflow/.local/lib/python3.12/site-packages/airflow/example_dags/example_setup_teardown.py
[2024-08-10T03:21:18.054+0000] {logging_mixin.py:188} INFO - [2024-08-10T03:21:18.053+0000] {dag.py:3089} INFO - Sync 1 DAGs
[2024-08-10T03:21:18.090+0000] {logging_mixin.py:188} INFO - [2024-08-10T03:21:18.090+0000] {dag.py:3947} INFO - Setting next_dagrun for example_setup_teardown to 2024-08-09 00:00:00+00:00, run_after=2024-08-10 00:00:00+00:00
[2024-08-10T03:21:18.134+0000] {processor.py:183} INFO - Processing /home/airflow/.local/lib/python3.12/site-packages/airflow/example_dags/example_setup_teardown.py took 0.125 seconds
[2024-08-10T03:21:48.295+0000] {processor.py:161} INFO - Started process (PID=485) to work on /home/airflow/.local/lib/python3.12/site-packages/airflow/example_dags/example_setup_teardown.py
[2024-08-10T03:21:48.296+0000] {processor.py:830} INFO - Processing file /home/airflow/.local/lib/python3.12/site-packages/airflow/example_dags/example_setup_teardown.py for tasks to queue
[2024-08-10T03:21:48.298+0000] {logging_mixin.py:188} INFO - [2024-08-10T03:21:48.298+0000] {dagbag.py:545} INFO - Filling up the DagBag from /home/airflow/.local/lib/python3.12/site-packages/airflow/example_dags/example_setup_teardown.py
[2024-08-10T03:21:48.306+0000] {processor.py:840} INFO - DAG(s) 'example_setup_teardown' retrieved from /home/airflow/.local/lib/python3.12/site-packages/airflow/example_dags/example_setup_teardown.py
[2024-08-10T03:21:48.328+0000] {logging_mixin.py:188} INFO - [2024-08-10T03:21:48.327+0000] {dag.py:3089} INFO - Sync 1 DAGs
[2024-08-10T03:21:48.352+0000] {logging_mixin.py:188} INFO - [2024-08-10T03:21:48.352+0000] {dag.py:3947} INFO - Setting next_dagrun for example_setup_teardown to 2024-08-09 00:00:00+00:00, run_after=2024-08-10 00:00:00+00:00
[2024-08-10T03:21:48.370+0000] {processor.py:183} INFO - Processing /home/airflow/.local/lib/python3.12/site-packages/airflow/example_dags/example_setup_teardown.py took 0.083 seconds
[2024-08-10T03:22:19.243+0000] {processor.py:161} INFO - Started process (PID=545) to work on /home/airflow/.local/lib/python3.12/site-packages/airflow/example_dags/example_setup_teardown.py
[2024-08-10T03:22:19.244+0000] {processor.py:830} INFO - Processing file /home/airflow/.local/lib/python3.12/site-packages/airflow/example_dags/example_setup_teardown.py for tasks to queue
[2024-08-10T03:22:19.246+0000] {logging_mixin.py:188} INFO - [2024-08-10T03:22:19.246+0000] {dagbag.py:545} INFO - Filling up the DagBag from /home/airflow/.local/lib/python3.12/site-packages/airflow/example_dags/example_setup_teardown.py
[2024-08-10T03:22:19.254+0000] {processor.py:840} INFO - DAG(s) 'example_setup_teardown' retrieved from /home/airflow/.local/lib/python3.12/site-packages/airflow/example_dags/example_setup_teardown.py
[2024-08-10T03:22:19.278+0000] {logging_mixin.py:188} INFO - [2024-08-10T03:22:19.278+0000] {dag.py:3089} INFO - Sync 1 DAGs
[2024-08-10T03:22:19.304+0000] {logging_mixin.py:188} INFO - [2024-08-10T03:22:19.304+0000] {dag.py:3947} INFO - Setting next_dagrun for example_setup_teardown to 2024-08-09 00:00:00+00:00, run_after=2024-08-10 00:00:00+00:00
[2024-08-10T03:22:19.343+0000] {processor.py:183} INFO - Processing /home/airflow/.local/lib/python3.12/site-packages/airflow/example_dags/example_setup_teardown.py took 0.111 seconds
[2024-08-10T03:22:49.498+0000] {processor.py:161} INFO - Started process (PID=603) to work on /home/airflow/.local/lib/python3.12/site-packages/airflow/example_dags/example_setup_teardown.py
[2024-08-10T03:22:49.499+0000] {processor.py:830} INFO - Processing file /home/airflow/.local/lib/python3.12/site-packages/airflow/example_dags/example_setup_teardown.py for tasks to queue
[2024-08-10T03:22:49.501+0000] {logging_mixin.py:188} INFO - [2024-08-10T03:22:49.501+0000] {dagbag.py:545} INFO - Filling up the DagBag from /home/airflow/.local/lib/python3.12/site-packages/airflow/example_dags/example_setup_teardown.py
[2024-08-10T03:22:49.521+0000] {processor.py:840} INFO - DAG(s) 'example_setup_teardown' retrieved from /home/airflow/.local/lib/python3.12/site-packages/airflow/example_dags/example_setup_teardown.py
[2024-08-10T03:22:49.577+0000] {logging_mixin.py:188} INFO - [2024-08-10T03:22:49.576+0000] {dag.py:3089} INFO - Sync 1 DAGs
[2024-08-10T03:22:49.668+0000] {logging_mixin.py:188} INFO - [2024-08-10T03:22:49.668+0000] {dag.py:3947} INFO - Setting next_dagrun for example_setup_teardown to 2024-08-09 00:00:00+00:00, run_after=2024-08-10 00:00:00+00:00
[2024-08-10T03:22:49.727+0000] {processor.py:183} INFO - Processing /home/airflow/.local/lib/python3.12/site-packages/airflow/example_dags/example_setup_teardown.py took 0.246 seconds
[2024-08-10T03:23:20.248+0000] {processor.py:161} INFO - Started process (PID=663) to work on /home/airflow/.local/lib/python3.12/site-packages/airflow/example_dags/example_setup_teardown.py
[2024-08-10T03:23:20.264+0000] {processor.py:830} INFO - Processing file /home/airflow/.local/lib/python3.12/site-packages/airflow/example_dags/example_setup_teardown.py for tasks to queue
[2024-08-10T03:23:20.274+0000] {logging_mixin.py:188} INFO - [2024-08-10T03:23:20.274+0000] {dagbag.py:545} INFO - Filling up the DagBag from /home/airflow/.local/lib/python3.12/site-packages/airflow/example_dags/example_setup_teardown.py
[2024-08-10T03:23:20.282+0000] {processor.py:840} INFO - DAG(s) 'example_setup_teardown' retrieved from /home/airflow/.local/lib/python3.12/site-packages/airflow/example_dags/example_setup_teardown.py
[2024-08-10T03:23:20.376+0000] {logging_mixin.py:188} INFO - [2024-08-10T03:23:20.376+0000] {dag.py:3089} INFO - Sync 1 DAGs
[2024-08-10T03:23:20.445+0000] {logging_mixin.py:188} INFO - [2024-08-10T03:23:20.445+0000] {dag.py:3947} INFO - Setting next_dagrun for example_setup_teardown to 2024-08-09 00:00:00+00:00, run_after=2024-08-10 00:00:00+00:00
[2024-08-10T03:23:20.474+0000] {processor.py:183} INFO - Processing /home/airflow/.local/lib/python3.12/site-packages/airflow/example_dags/example_setup_teardown.py took 0.239 seconds
[2024-08-10T03:23:50.900+0000] {processor.py:161} INFO - Started process (PID=723) to work on /home/airflow/.local/lib/python3.12/site-packages/airflow/example_dags/example_setup_teardown.py
[2024-08-10T03:23:50.901+0000] {processor.py:830} INFO - Processing file /home/airflow/.local/lib/python3.12/site-packages/airflow/example_dags/example_setup_teardown.py for tasks to queue
[2024-08-10T03:23:50.903+0000] {logging_mixin.py:188} INFO - [2024-08-10T03:23:50.903+0000] {dagbag.py:545} INFO - Filling up the DagBag from /home/airflow/.local/lib/python3.12/site-packages/airflow/example_dags/example_setup_teardown.py
[2024-08-10T03:23:50.911+0000] {processor.py:840} INFO - DAG(s) 'example_setup_teardown' retrieved from /home/airflow/.local/lib/python3.12/site-packages/airflow/example_dags/example_setup_teardown.py
[2024-08-10T03:23:50.932+0000] {logging_mixin.py:188} INFO - [2024-08-10T03:23:50.932+0000] {dag.py:3089} INFO - Sync 1 DAGs
[2024-08-10T03:23:50.957+0000] {logging_mixin.py:188} INFO - [2024-08-10T03:23:50.957+0000] {dag.py:3947} INFO - Setting next_dagrun for example_setup_teardown to 2024-08-09 00:00:00+00:00, run_after=2024-08-10 00:00:00+00:00
[2024-08-10T03:23:50.979+0000] {processor.py:183} INFO - Processing /home/airflow/.local/lib/python3.12/site-packages/airflow/example_dags/example_setup_teardown.py took 0.085 seconds
[2024-08-10T03:24:21.687+0000] {processor.py:161} INFO - Started process (PID=784) to work on /home/airflow/.local/lib/python3.12/site-packages/airflow/example_dags/example_setup_teardown.py
[2024-08-10T03:24:21.688+0000] {processor.py:830} INFO - Processing file /home/airflow/.local/lib/python3.12/site-packages/airflow/example_dags/example_setup_teardown.py for tasks to queue
[2024-08-10T03:24:21.691+0000] {logging_mixin.py:188} INFO - [2024-08-10T03:24:21.691+0000] {dagbag.py:545} INFO - Filling up the DagBag from /home/airflow/.local/lib/python3.12/site-packages/airflow/example_dags/example_setup_teardown.py
[2024-08-10T03:24:21.700+0000] {processor.py:840} INFO - DAG(s) 'example_setup_teardown' retrieved from /home/airflow/.local/lib/python3.12/site-packages/airflow/example_dags/example_setup_teardown.py
[2024-08-10T03:24:21.720+0000] {logging_mixin.py:188} INFO - [2024-08-10T03:24:21.719+0000] {dag.py:3089} INFO - Sync 1 DAGs
[2024-08-10T03:24:21.746+0000] {logging_mixin.py:188} INFO - [2024-08-10T03:24:21.746+0000] {dag.py:3947} INFO - Setting next_dagrun for example_setup_teardown to 2024-08-09 00:00:00+00:00, run_after=2024-08-10 00:00:00+00:00
[2024-08-10T03:24:21.779+0000] {processor.py:183} INFO - Processing /home/airflow/.local/lib/python3.12/site-packages/airflow/example_dags/example_setup_teardown.py took 0.102 seconds
[2024-08-10T03:24:52.028+0000] {processor.py:161} INFO - Started process (PID=844) to work on /home/airflow/.local/lib/python3.12/site-packages/airflow/example_dags/example_setup_teardown.py
[2024-08-10T03:24:52.029+0000] {processor.py:830} INFO - Processing file /home/airflow/.local/lib/python3.12/site-packages/airflow/example_dags/example_setup_teardown.py for tasks to queue
[2024-08-10T03:24:52.031+0000] {logging_mixin.py:188} INFO - [2024-08-10T03:24:52.031+0000] {dagbag.py:545} INFO - Filling up the DagBag from /home/airflow/.local/lib/python3.12/site-packages/airflow/example_dags/example_setup_teardown.py
[2024-08-10T03:24:52.038+0000] {processor.py:840} INFO - DAG(s) 'example_setup_teardown' retrieved from /home/airflow/.local/lib/python3.12/site-packages/airflow/example_dags/example_setup_teardown.py
[2024-08-10T03:24:52.064+0000] {logging_mixin.py:188} INFO - [2024-08-10T03:24:52.063+0000] {dag.py:3089} INFO - Sync 1 DAGs
[2024-08-10T03:24:52.087+0000] {logging_mixin.py:188} INFO - [2024-08-10T03:24:52.087+0000] {dag.py:3947} INFO - Setting next_dagrun for example_setup_teardown to 2024-08-09 00:00:00+00:00, run_after=2024-08-10 00:00:00+00:00
[2024-08-10T03:24:52.122+0000] {processor.py:183} INFO - Processing /home/airflow/.local/lib/python3.12/site-packages/airflow/example_dags/example_setup_teardown.py took 0.102 seconds
[2024-08-10T03:25:22.751+0000] {processor.py:161} INFO - Started process (PID=903) to work on /home/airflow/.local/lib/python3.12/site-packages/airflow/example_dags/example_setup_teardown.py
[2024-08-10T03:25:22.753+0000] {processor.py:830} INFO - Processing file /home/airflow/.local/lib/python3.12/site-packages/airflow/example_dags/example_setup_teardown.py for tasks to queue
[2024-08-10T03:25:22.757+0000] {logging_mixin.py:188} INFO - [2024-08-10T03:25:22.757+0000] {dagbag.py:545} INFO - Filling up the DagBag from /home/airflow/.local/lib/python3.12/site-packages/airflow/example_dags/example_setup_teardown.py
[2024-08-10T03:25:22.764+0000] {processor.py:840} INFO - DAG(s) 'example_setup_teardown' retrieved from /home/airflow/.local/lib/python3.12/site-packages/airflow/example_dags/example_setup_teardown.py
[2024-08-10T03:25:22.785+0000] {logging_mixin.py:188} INFO - [2024-08-10T03:25:22.785+0000] {dag.py:3089} INFO - Sync 1 DAGs
[2024-08-10T03:25:22.810+0000] {logging_mixin.py:188} INFO - [2024-08-10T03:25:22.809+0000] {dag.py:3947} INFO - Setting next_dagrun for example_setup_teardown to 2024-08-09 00:00:00+00:00, run_after=2024-08-10 00:00:00+00:00
[2024-08-10T03:25:22.839+0000] {processor.py:183} INFO - Processing /home/airflow/.local/lib/python3.12/site-packages/airflow/example_dags/example_setup_teardown.py took 0.098 seconds
[2024-08-10T03:25:53.081+0000] {processor.py:161} INFO - Started process (PID=963) to work on /home/airflow/.local/lib/python3.12/site-packages/airflow/example_dags/example_setup_teardown.py
[2024-08-10T03:25:53.082+0000] {processor.py:830} INFO - Processing file /home/airflow/.local/lib/python3.12/site-packages/airflow/example_dags/example_setup_teardown.py for tasks to queue
[2024-08-10T03:25:53.085+0000] {logging_mixin.py:188} INFO - [2024-08-10T03:25:53.084+0000] {dagbag.py:545} INFO - Filling up the DagBag from /home/airflow/.local/lib/python3.12/site-packages/airflow/example_dags/example_setup_teardown.py
[2024-08-10T03:25:53.092+0000] {processor.py:840} INFO - DAG(s) 'example_setup_teardown' retrieved from /home/airflow/.local/lib/python3.12/site-packages/airflow/example_dags/example_setup_teardown.py
[2024-08-10T03:25:53.119+0000] {logging_mixin.py:188} INFO - [2024-08-10T03:25:53.119+0000] {dag.py:3089} INFO - Sync 1 DAGs
[2024-08-10T03:25:53.144+0000] {logging_mixin.py:188} INFO - [2024-08-10T03:25:53.144+0000] {dag.py:3947} INFO - Setting next_dagrun for example_setup_teardown to 2024-08-09 00:00:00+00:00, run_after=2024-08-10 00:00:00+00:00
[2024-08-10T03:25:53.168+0000] {processor.py:183} INFO - Processing /home/airflow/.local/lib/python3.12/site-packages/airflow/example_dags/example_setup_teardown.py took 0.093 seconds
[2024-08-10T03:26:23.940+0000] {processor.py:161} INFO - Started process (PID=1023) to work on /home/airflow/.local/lib/python3.12/site-packages/airflow/example_dags/example_setup_teardown.py
[2024-08-10T03:26:23.940+0000] {processor.py:830} INFO - Processing file /home/airflow/.local/lib/python3.12/site-packages/airflow/example_dags/example_setup_teardown.py for tasks to queue
[2024-08-10T03:26:23.942+0000] {logging_mixin.py:188} INFO - [2024-08-10T03:26:23.942+0000] {dagbag.py:545} INFO - Filling up the DagBag from /home/airflow/.local/lib/python3.12/site-packages/airflow/example_dags/example_setup_teardown.py
[2024-08-10T03:26:23.948+0000] {processor.py:840} INFO - DAG(s) 'example_setup_teardown' retrieved from /home/airflow/.local/lib/python3.12/site-packages/airflow/example_dags/example_setup_teardown.py
[2024-08-10T03:26:23.968+0000] {logging_mixin.py:188} INFO - [2024-08-10T03:26:23.968+0000] {dag.py:3089} INFO - Sync 1 DAGs
[2024-08-10T03:26:23.989+0000] {logging_mixin.py:188} INFO - [2024-08-10T03:26:23.989+0000] {dag.py:3947} INFO - Setting next_dagrun for example_setup_teardown to 2024-08-09 00:00:00+00:00, run_after=2024-08-10 00:00:00+00:00
[2024-08-10T03:26:24.017+0000] {processor.py:183} INFO - Processing /home/airflow/.local/lib/python3.12/site-packages/airflow/example_dags/example_setup_teardown.py took 0.083 seconds
[2024-08-10T03:26:54.973+0000] {processor.py:161} INFO - Started process (PID=1085) to work on /home/airflow/.local/lib/python3.12/site-packages/airflow/example_dags/example_setup_teardown.py
[2024-08-10T03:26:54.975+0000] {processor.py:830} INFO - Processing file /home/airflow/.local/lib/python3.12/site-packages/airflow/example_dags/example_setup_teardown.py for tasks to queue
[2024-08-10T03:26:54.978+0000] {logging_mixin.py:188} INFO - [2024-08-10T03:26:54.977+0000] {dagbag.py:545} INFO - Filling up the DagBag from /home/airflow/.local/lib/python3.12/site-packages/airflow/example_dags/example_setup_teardown.py
[2024-08-10T03:26:54.990+0000] {processor.py:840} INFO - DAG(s) 'example_setup_teardown' retrieved from /home/airflow/.local/lib/python3.12/site-packages/airflow/example_dags/example_setup_teardown.py
[2024-08-10T03:26:55.017+0000] {logging_mixin.py:188} INFO - [2024-08-10T03:26:55.017+0000] {dag.py:3089} INFO - Sync 1 DAGs
[2024-08-10T03:26:55.052+0000] {logging_mixin.py:188} INFO - [2024-08-10T03:26:55.051+0000] {dag.py:3947} INFO - Setting next_dagrun for example_setup_teardown to 2024-08-09 00:00:00+00:00, run_after=2024-08-10 00:00:00+00:00
[2024-08-10T03:26:55.093+0000] {processor.py:183} INFO - Processing /home/airflow/.local/lib/python3.12/site-packages/airflow/example_dags/example_setup_teardown.py took 0.136 seconds
[2024-08-10T03:27:26.157+0000] {processor.py:161} INFO - Started process (PID=1143) to work on /home/airflow/.local/lib/python3.12/site-packages/airflow/example_dags/example_setup_teardown.py
[2024-08-10T03:27:26.168+0000] {processor.py:830} INFO - Processing file /home/airflow/.local/lib/python3.12/site-packages/airflow/example_dags/example_setup_teardown.py for tasks to queue
[2024-08-10T03:27:26.170+0000] {logging_mixin.py:188} INFO - [2024-08-10T03:27:26.170+0000] {dagbag.py:545} INFO - Filling up the DagBag from /home/airflow/.local/lib/python3.12/site-packages/airflow/example_dags/example_setup_teardown.py
[2024-08-10T03:27:26.177+0000] {processor.py:840} INFO - DAG(s) 'example_setup_teardown' retrieved from /home/airflow/.local/lib/python3.12/site-packages/airflow/example_dags/example_setup_teardown.py
[2024-08-10T03:27:26.213+0000] {logging_mixin.py:188} INFO - [2024-08-10T03:27:26.213+0000] {dag.py:3089} INFO - Sync 1 DAGs
[2024-08-10T03:27:26.280+0000] {logging_mixin.py:188} INFO - [2024-08-10T03:27:26.279+0000] {dag.py:3947} INFO - Setting next_dagrun for example_setup_teardown to 2024-08-09 00:00:00+00:00, run_after=2024-08-10 00:00:00+00:00
[2024-08-10T03:27:26.335+0000] {processor.py:183} INFO - Processing /home/airflow/.local/lib/python3.12/site-packages/airflow/example_dags/example_setup_teardown.py took 0.184 seconds
[2024-08-10T03:27:57.048+0000] {processor.py:161} INFO - Started process (PID=1203) to work on /home/airflow/.local/lib/python3.12/site-packages/airflow/example_dags/example_setup_teardown.py
[2024-08-10T03:27:57.061+0000] {processor.py:830} INFO - Processing file /home/airflow/.local/lib/python3.12/site-packages/airflow/example_dags/example_setup_teardown.py for tasks to queue
[2024-08-10T03:27:57.075+0000] {logging_mixin.py:188} INFO - [2024-08-10T03:27:57.075+0000] {dagbag.py:545} INFO - Filling up the DagBag from /home/airflow/.local/lib/python3.12/site-packages/airflow/example_dags/example_setup_teardown.py
[2024-08-10T03:27:57.090+0000] {processor.py:840} INFO - DAG(s) 'example_setup_teardown' retrieved from /home/airflow/.local/lib/python3.12/site-packages/airflow/example_dags/example_setup_teardown.py
[2024-08-10T03:27:57.113+0000] {logging_mixin.py:188} INFO - [2024-08-10T03:27:57.112+0000] {dag.py:3089} INFO - Sync 1 DAGs
[2024-08-10T03:27:57.169+0000] {logging_mixin.py:188} INFO - [2024-08-10T03:27:57.169+0000] {dag.py:3947} INFO - Setting next_dagrun for example_setup_teardown to 2024-08-09 00:00:00+00:00, run_after=2024-08-10 00:00:00+00:00
[2024-08-10T03:27:57.209+0000] {processor.py:183} INFO - Processing /home/airflow/.local/lib/python3.12/site-packages/airflow/example_dags/example_setup_teardown.py took 0.168 seconds
[2024-08-10T03:28:28.183+0000] {processor.py:161} INFO - Started process (PID=1263) to work on /home/airflow/.local/lib/python3.12/site-packages/airflow/example_dags/example_setup_teardown.py
[2024-08-10T03:28:28.186+0000] {processor.py:830} INFO - Processing file /home/airflow/.local/lib/python3.12/site-packages/airflow/example_dags/example_setup_teardown.py for tasks to queue
[2024-08-10T03:28:28.190+0000] {logging_mixin.py:188} INFO - [2024-08-10T03:28:28.190+0000] {dagbag.py:545} INFO - Filling up the DagBag from /home/airflow/.local/lib/python3.12/site-packages/airflow/example_dags/example_setup_teardown.py
[2024-08-10T03:28:28.208+0000] {processor.py:840} INFO - DAG(s) 'example_setup_teardown' retrieved from /home/airflow/.local/lib/python3.12/site-packages/airflow/example_dags/example_setup_teardown.py
[2024-08-10T03:28:28.248+0000] {logging_mixin.py:188} INFO - [2024-08-10T03:28:28.247+0000] {dag.py:3089} INFO - Sync 1 DAGs
[2024-08-10T03:28:28.277+0000] {logging_mixin.py:188} INFO - [2024-08-10T03:28:28.277+0000] {dag.py:3947} INFO - Setting next_dagrun for example_setup_teardown to 2024-08-09 00:00:00+00:00, run_after=2024-08-10 00:00:00+00:00
[2024-08-10T03:28:28.302+0000] {processor.py:183} INFO - Processing /home/airflow/.local/lib/python3.12/site-packages/airflow/example_dags/example_setup_teardown.py took 0.133 seconds
[2024-08-10T03:28:59.059+0000] {processor.py:161} INFO - Started process (PID=1323) to work on /home/airflow/.local/lib/python3.12/site-packages/airflow/example_dags/example_setup_teardown.py
[2024-08-10T03:28:59.060+0000] {processor.py:830} INFO - Processing file /home/airflow/.local/lib/python3.12/site-packages/airflow/example_dags/example_setup_teardown.py for tasks to queue
[2024-08-10T03:28:59.062+0000] {logging_mixin.py:188} INFO - [2024-08-10T03:28:59.062+0000] {dagbag.py:545} INFO - Filling up the DagBag from /home/airflow/.local/lib/python3.12/site-packages/airflow/example_dags/example_setup_teardown.py
[2024-08-10T03:28:59.076+0000] {processor.py:840} INFO - DAG(s) 'example_setup_teardown' retrieved from /home/airflow/.local/lib/python3.12/site-packages/airflow/example_dags/example_setup_teardown.py
[2024-08-10T03:28:59.135+0000] {logging_mixin.py:188} INFO - [2024-08-10T03:28:59.126+0000] {dag.py:3089} INFO - Sync 1 DAGs
[2024-08-10T03:28:59.175+0000] {logging_mixin.py:188} INFO - [2024-08-10T03:28:59.174+0000] {dag.py:3947} INFO - Setting next_dagrun for example_setup_teardown to 2024-08-09 00:00:00+00:00, run_after=2024-08-10 00:00:00+00:00
[2024-08-10T03:28:59.219+0000] {processor.py:183} INFO - Processing /home/airflow/.local/lib/python3.12/site-packages/airflow/example_dags/example_setup_teardown.py took 0.170 seconds
[2024-08-10T03:29:41.195+0000] {processor.py:161} INFO - Started process (PID=1383) to work on /home/airflow/.local/lib/python3.12/site-packages/airflow/example_dags/example_setup_teardown.py
[2024-08-10T03:29:41.196+0000] {processor.py:830} INFO - Processing file /home/airflow/.local/lib/python3.12/site-packages/airflow/example_dags/example_setup_teardown.py for tasks to queue
[2024-08-10T03:29:41.206+0000] {logging_mixin.py:188} INFO - [2024-08-10T03:29:41.199+0000] {dagbag.py:545} INFO - Filling up the DagBag from /home/airflow/.local/lib/python3.12/site-packages/airflow/example_dags/example_setup_teardown.py
[2024-08-10T03:29:41.215+0000] {processor.py:840} INFO - DAG(s) 'example_setup_teardown' retrieved from /home/airflow/.local/lib/python3.12/site-packages/airflow/example_dags/example_setup_teardown.py
[2024-08-10T03:29:41.247+0000] {logging_mixin.py:188} INFO - [2024-08-10T03:29:41.247+0000] {dag.py:3089} INFO - Sync 1 DAGs
[2024-08-10T03:29:41.290+0000] {logging_mixin.py:188} INFO - [2024-08-10T03:29:41.290+0000] {dag.py:3947} INFO - Setting next_dagrun for example_setup_teardown to 2024-08-09 00:00:00+00:00, run_after=2024-08-10 00:00:00+00:00
[2024-08-10T03:29:41.316+0000] {processor.py:183} INFO - Processing /home/airflow/.local/lib/python3.12/site-packages/airflow/example_dags/example_setup_teardown.py took 0.127 seconds
[2024-08-10T03:30:25.899+0000] {processor.py:161} INFO - Started process (PID=1449) to work on /home/airflow/.local/lib/python3.12/site-packages/airflow/example_dags/example_setup_teardown.py
[2024-08-10T03:30:25.902+0000] {processor.py:830} INFO - Processing file /home/airflow/.local/lib/python3.12/site-packages/airflow/example_dags/example_setup_teardown.py for tasks to queue
[2024-08-10T03:30:25.906+0000] {logging_mixin.py:188} INFO - [2024-08-10T03:30:25.906+0000] {dagbag.py:545} INFO - Filling up the DagBag from /home/airflow/.local/lib/python3.12/site-packages/airflow/example_dags/example_setup_teardown.py
[2024-08-10T03:30:25.917+0000] {processor.py:840} INFO - DAG(s) 'example_setup_teardown' retrieved from /home/airflow/.local/lib/python3.12/site-packages/airflow/example_dags/example_setup_teardown.py
[2024-08-10T03:30:25.957+0000] {logging_mixin.py:188} INFO - [2024-08-10T03:30:25.957+0000] {dag.py:3089} INFO - Sync 1 DAGs
[2024-08-10T03:30:26.011+0000] {logging_mixin.py:188} INFO - [2024-08-10T03:30:26.011+0000] {dag.py:3947} INFO - Setting next_dagrun for example_setup_teardown to 2024-08-09 00:00:00+00:00, run_after=2024-08-10 00:00:00+00:00
[2024-08-10T03:30:26.112+0000] {processor.py:183} INFO - Processing /home/airflow/.local/lib/python3.12/site-packages/airflow/example_dags/example_setup_teardown.py took 0.230 seconds
[2024-08-10T03:30:58.928+0000] {processor.py:161} INFO - Started process (PID=1508) to work on /home/airflow/.local/lib/python3.12/site-packages/airflow/example_dags/example_setup_teardown.py
[2024-08-10T03:30:58.933+0000] {processor.py:830} INFO - Processing file /home/airflow/.local/lib/python3.12/site-packages/airflow/example_dags/example_setup_teardown.py for tasks to queue
[2024-08-10T03:30:58.936+0000] {logging_mixin.py:188} INFO - [2024-08-10T03:30:58.935+0000] {dagbag.py:545} INFO - Filling up the DagBag from /home/airflow/.local/lib/python3.12/site-packages/airflow/example_dags/example_setup_teardown.py
[2024-08-10T03:30:58.945+0000] {processor.py:840} INFO - DAG(s) 'example_setup_teardown' retrieved from /home/airflow/.local/lib/python3.12/site-packages/airflow/example_dags/example_setup_teardown.py
[2024-08-10T03:30:58.968+0000] {logging_mixin.py:188} INFO - [2024-08-10T03:30:58.968+0000] {dag.py:3089} INFO - Sync 1 DAGs
[2024-08-10T03:30:59.037+0000] {logging_mixin.py:188} INFO - [2024-08-10T03:30:59.036+0000] {dag.py:3947} INFO - Setting next_dagrun for example_setup_teardown to 2024-08-09 00:00:00+00:00, run_after=2024-08-10 00:00:00+00:00
[2024-08-10T03:30:59.254+0000] {processor.py:183} INFO - Processing /home/airflow/.local/lib/python3.12/site-packages/airflow/example_dags/example_setup_teardown.py took 0.333 seconds
[2024-08-10T03:31:41.864+0000] {processor.py:161} INFO - Started process (PID=1568) to work on /home/airflow/.local/lib/python3.12/site-packages/airflow/example_dags/example_setup_teardown.py
[2024-08-10T03:31:41.877+0000] {processor.py:830} INFO - Processing file /home/airflow/.local/lib/python3.12/site-packages/airflow/example_dags/example_setup_teardown.py for tasks to queue
[2024-08-10T03:31:41.878+0000] {logging_mixin.py:188} INFO - [2024-08-10T03:31:41.878+0000] {dagbag.py:545} INFO - Filling up the DagBag from /home/airflow/.local/lib/python3.12/site-packages/airflow/example_dags/example_setup_teardown.py
[2024-08-10T03:31:41.887+0000] {processor.py:840} INFO - DAG(s) 'example_setup_teardown' retrieved from /home/airflow/.local/lib/python3.12/site-packages/airflow/example_dags/example_setup_teardown.py
[2024-08-10T03:31:41.910+0000] {logging_mixin.py:188} INFO - [2024-08-10T03:31:41.910+0000] {dag.py:3089} INFO - Sync 1 DAGs
[2024-08-10T03:31:41.941+0000] {logging_mixin.py:188} INFO - [2024-08-10T03:31:41.940+0000] {dag.py:3947} INFO - Setting next_dagrun for example_setup_teardown to 2024-08-09 00:00:00+00:00, run_after=2024-08-10 00:00:00+00:00
[2024-08-10T03:31:41.996+0000] {processor.py:183} INFO - Processing /home/airflow/.local/lib/python3.12/site-packages/airflow/example_dags/example_setup_teardown.py took 0.139 seconds
[2024-08-10T03:32:34.135+0000] {processor.py:161} INFO - Started process (PID=1629) to work on /home/airflow/.local/lib/python3.12/site-packages/airflow/example_dags/example_setup_teardown.py
[2024-08-10T03:32:34.136+0000] {processor.py:830} INFO - Processing file /home/airflow/.local/lib/python3.12/site-packages/airflow/example_dags/example_setup_teardown.py for tasks to queue
[2024-08-10T03:32:34.138+0000] {logging_mixin.py:188} INFO - [2024-08-10T03:32:34.137+0000] {dagbag.py:545} INFO - Filling up the DagBag from /home/airflow/.local/lib/python3.12/site-packages/airflow/example_dags/example_setup_teardown.py
[2024-08-10T03:32:34.152+0000] {processor.py:840} INFO - DAG(s) 'example_setup_teardown' retrieved from /home/airflow/.local/lib/python3.12/site-packages/airflow/example_dags/example_setup_teardown.py
[2024-08-10T03:32:34.190+0000] {logging_mixin.py:188} INFO - [2024-08-10T03:32:34.190+0000] {dag.py:3089} INFO - Sync 1 DAGs
[2024-08-10T03:32:34.218+0000] {logging_mixin.py:188} INFO - [2024-08-10T03:32:34.218+0000] {dag.py:3947} INFO - Setting next_dagrun for example_setup_teardown to 2024-08-09 00:00:00+00:00, run_after=2024-08-10 00:00:00+00:00
[2024-08-10T03:32:34.418+0000] {processor.py:183} INFO - Processing /home/airflow/.local/lib/python3.12/site-packages/airflow/example_dags/example_setup_teardown.py took 0.295 seconds
[2024-08-10T03:33:23.282+0000] {processor.py:161} INFO - Started process (PID=1692) to work on /home/airflow/.local/lib/python3.12/site-packages/airflow/example_dags/example_setup_teardown.py
[2024-08-10T03:33:23.284+0000] {processor.py:830} INFO - Processing file /home/airflow/.local/lib/python3.12/site-packages/airflow/example_dags/example_setup_teardown.py for tasks to queue
[2024-08-10T03:33:23.285+0000] {logging_mixin.py:188} INFO - [2024-08-10T03:33:23.285+0000] {dagbag.py:545} INFO - Filling up the DagBag from /home/airflow/.local/lib/python3.12/site-packages/airflow/example_dags/example_setup_teardown.py
[2024-08-10T03:33:23.299+0000] {processor.py:840} INFO - DAG(s) 'example_setup_teardown' retrieved from /home/airflow/.local/lib/python3.12/site-packages/airflow/example_dags/example_setup_teardown.py
[2024-08-10T03:33:23.349+0000] {logging_mixin.py:188} INFO - [2024-08-10T03:33:23.348+0000] {dag.py:3089} INFO - Sync 1 DAGs
[2024-08-10T03:33:23.391+0000] {logging_mixin.py:188} INFO - [2024-08-10T03:33:23.391+0000] {dag.py:3947} INFO - Setting next_dagrun for example_setup_teardown to 2024-08-09 00:00:00+00:00, run_after=2024-08-10 00:00:00+00:00
[2024-08-10T03:33:23.430+0000] {processor.py:183} INFO - Processing /home/airflow/.local/lib/python3.12/site-packages/airflow/example_dags/example_setup_teardown.py took 0.169 seconds
[2024-08-10T03:34:18.549+0000] {processor.py:161} INFO - Started process (PID=1760) to work on /home/airflow/.local/lib/python3.12/site-packages/airflow/example_dags/example_setup_teardown.py
[2024-08-10T03:34:18.551+0000] {processor.py:830} INFO - Processing file /home/airflow/.local/lib/python3.12/site-packages/airflow/example_dags/example_setup_teardown.py for tasks to queue
[2024-08-10T03:34:18.552+0000] {logging_mixin.py:188} INFO - [2024-08-10T03:34:18.552+0000] {dagbag.py:545} INFO - Filling up the DagBag from /home/airflow/.local/lib/python3.12/site-packages/airflow/example_dags/example_setup_teardown.py
[2024-08-10T03:34:18.562+0000] {processor.py:840} INFO - DAG(s) 'example_setup_teardown' retrieved from /home/airflow/.local/lib/python3.12/site-packages/airflow/example_dags/example_setup_teardown.py
[2024-08-10T03:34:18.592+0000] {logging_mixin.py:188} INFO - [2024-08-10T03:34:18.592+0000] {dag.py:3089} INFO - Sync 1 DAGs
[2024-08-10T03:34:18.618+0000] {logging_mixin.py:188} INFO - [2024-08-10T03:34:18.618+0000] {dag.py:3947} INFO - Setting next_dagrun for example_setup_teardown to 2024-08-09 00:00:00+00:00, run_after=2024-08-10 00:00:00+00:00
[2024-08-10T03:34:18.863+0000] {processor.py:183} INFO - Processing /home/airflow/.local/lib/python3.12/site-packages/airflow/example_dags/example_setup_teardown.py took 0.325 seconds
[2024-08-10T03:35:31.517+0000] {processor.py:161} INFO - Started process (PID=1826) to work on /home/airflow/.local/lib/python3.12/site-packages/airflow/example_dags/example_setup_teardown.py
[2024-08-10T03:35:31.518+0000] {processor.py:830} INFO - Processing file /home/airflow/.local/lib/python3.12/site-packages/airflow/example_dags/example_setup_teardown.py for tasks to queue
[2024-08-10T03:35:31.519+0000] {logging_mixin.py:188} INFO - [2024-08-10T03:35:31.519+0000] {dagbag.py:545} INFO - Filling up the DagBag from /home/airflow/.local/lib/python3.12/site-packages/airflow/example_dags/example_setup_teardown.py
[2024-08-10T03:35:31.550+0000] {processor.py:840} INFO - DAG(s) 'example_setup_teardown' retrieved from /home/airflow/.local/lib/python3.12/site-packages/airflow/example_dags/example_setup_teardown.py
[2024-08-10T03:35:31.596+0000] {logging_mixin.py:188} INFO - [2024-08-10T03:35:31.596+0000] {dag.py:3089} INFO - Sync 1 DAGs
[2024-08-10T03:35:31.750+0000] {logging_mixin.py:188} INFO - [2024-08-10T03:35:31.750+0000] {dag.py:3947} INFO - Setting next_dagrun for example_setup_teardown to 2024-08-09 00:00:00+00:00, run_after=2024-08-10 00:00:00+00:00
[2024-08-10T03:35:32.060+0000] {processor.py:183} INFO - Processing /home/airflow/.local/lib/python3.12/site-packages/airflow/example_dags/example_setup_teardown.py took 0.554 seconds
[2024-08-10T03:36:03.300+0000] {processor.py:161} INFO - Started process (PID=1884) to work on /home/airflow/.local/lib/python3.12/site-packages/airflow/example_dags/example_setup_teardown.py
[2024-08-10T03:36:03.301+0000] {processor.py:830} INFO - Processing file /home/airflow/.local/lib/python3.12/site-packages/airflow/example_dags/example_setup_teardown.py for tasks to queue
[2024-08-10T03:36:03.302+0000] {logging_mixin.py:188} INFO - [2024-08-10T03:36:03.302+0000] {dagbag.py:545} INFO - Filling up the DagBag from /home/airflow/.local/lib/python3.12/site-packages/airflow/example_dags/example_setup_teardown.py
[2024-08-10T03:36:03.312+0000] {processor.py:840} INFO - DAG(s) 'example_setup_teardown' retrieved from /home/airflow/.local/lib/python3.12/site-packages/airflow/example_dags/example_setup_teardown.py
[2024-08-10T03:36:03.343+0000] {logging_mixin.py:188} INFO - [2024-08-10T03:36:03.343+0000] {dag.py:3089} INFO - Sync 1 DAGs
[2024-08-10T03:36:03.379+0000] {logging_mixin.py:188} INFO - [2024-08-10T03:36:03.379+0000] {dag.py:3947} INFO - Setting next_dagrun for example_setup_teardown to 2024-08-09 00:00:00+00:00, run_after=2024-08-10 00:00:00+00:00
[2024-08-10T03:36:03.650+0000] {processor.py:183} INFO - Processing /home/airflow/.local/lib/python3.12/site-packages/airflow/example_dags/example_setup_teardown.py took 0.357 seconds
[2024-08-10T03:36:57.846+0000] {processor.py:161} INFO - Started process (PID=1936) to work on /home/airflow/.local/lib/python3.12/site-packages/airflow/example_dags/example_setup_teardown.py
[2024-08-10T03:36:57.857+0000] {processor.py:830} INFO - Processing file /home/airflow/.local/lib/python3.12/site-packages/airflow/example_dags/example_setup_teardown.py for tasks to queue
[2024-08-10T03:36:57.858+0000] {logging_mixin.py:188} INFO - [2024-08-10T03:36:57.858+0000] {dagbag.py:545} INFO - Filling up the DagBag from /home/airflow/.local/lib/python3.12/site-packages/airflow/example_dags/example_setup_teardown.py
[2024-08-10T03:36:57.877+0000] {processor.py:840} INFO - DAG(s) 'example_setup_teardown' retrieved from /home/airflow/.local/lib/python3.12/site-packages/airflow/example_dags/example_setup_teardown.py
[2024-08-10T03:36:57.907+0000] {logging_mixin.py:188} INFO - [2024-08-10T03:36:57.906+0000] {dag.py:3089} INFO - Sync 1 DAGs
[2024-08-10T03:36:57.995+0000] {logging_mixin.py:188} INFO - [2024-08-10T03:36:57.995+0000] {dag.py:3947} INFO - Setting next_dagrun for example_setup_teardown to 2024-08-09 00:00:00+00:00, run_after=2024-08-10 00:00:00+00:00
[2024-08-10T03:36:58.218+0000] {processor.py:183} INFO - Processing /home/airflow/.local/lib/python3.12/site-packages/airflow/example_dags/example_setup_teardown.py took 0.380 seconds
[2024-08-10T03:38:11.877+0000] {processor.py:161} INFO - Started process (PID=2006) to work on /home/airflow/.local/lib/python3.12/site-packages/airflow/example_dags/example_setup_teardown.py
[2024-08-10T03:38:11.883+0000] {processor.py:830} INFO - Processing file /home/airflow/.local/lib/python3.12/site-packages/airflow/example_dags/example_setup_teardown.py for tasks to queue
[2024-08-10T03:38:11.886+0000] {logging_mixin.py:188} INFO - [2024-08-10T03:38:11.885+0000] {dagbag.py:545} INFO - Filling up the DagBag from /home/airflow/.local/lib/python3.12/site-packages/airflow/example_dags/example_setup_teardown.py
[2024-08-10T03:38:11.913+0000] {processor.py:840} INFO - DAG(s) 'example_setup_teardown' retrieved from /home/airflow/.local/lib/python3.12/site-packages/airflow/example_dags/example_setup_teardown.py
[2024-08-10T03:38:12.001+0000] {logging_mixin.py:188} INFO - [2024-08-10T03:38:12.000+0000] {dag.py:3089} INFO - Sync 1 DAGs
[2024-08-10T03:38:12.106+0000] {logging_mixin.py:188} INFO - [2024-08-10T03:38:12.106+0000] {dag.py:3947} INFO - Setting next_dagrun for example_setup_teardown to 2024-08-09 00:00:00+00:00, run_after=2024-08-10 00:00:00+00:00
[2024-08-10T03:38:12.207+0000] {processor.py:183} INFO - Processing /home/airflow/.local/lib/python3.12/site-packages/airflow/example_dags/example_setup_teardown.py took 0.351 seconds
