[2024-08-10T03:18:36.204+0000] {processor.py:161} INFO - Started process (PID=110) to work on /home/airflow/.local/lib/python3.12/site-packages/airflow/example_dags/example_bash_decorator.py
[2024-08-10T03:18:36.217+0000] {processor.py:830} INFO - Processing file /home/airflow/.local/lib/python3.12/site-packages/airflow/example_dags/example_bash_decorator.py for tasks to queue
[2024-08-10T03:18:36.243+0000] {logging_mixin.py:188} INFO - [2024-08-10T03:18:36.243+0000] {dagbag.py:545} INFO - Filling up the DagBag from /home/airflow/.local/lib/python3.12/site-packages/airflow/example_dags/example_bash_decorator.py
[2024-08-10T03:18:36.314+0000] {processor.py:840} INFO - DAG(s) 'example_bash_decorator' retrieved from /home/airflow/.local/lib/python3.12/site-packages/airflow/example_dags/example_bash_decorator.py
[2024-08-10T03:18:36.795+0000] {logging_mixin.py:188} INFO - [2024-08-10T03:18:36.795+0000] {dag.py:3089} INFO - Sync 1 DAGs
[2024-08-10T03:18:36.848+0000] {logging_mixin.py:188} INFO - [2024-08-10T03:18:36.847+0000] {dag.py:3947} INFO - Setting next_dagrun for example_bash_decorator to None, run_after=None
[2024-08-10T03:18:36.928+0000] {processor.py:183} INFO - Processing /home/airflow/.local/lib/python3.12/site-packages/airflow/example_dags/example_bash_decorator.py took 0.756 seconds
[2024-08-10T03:19:07.781+0000] {processor.py:161} INFO - Started process (PID=170) to work on /home/airflow/.local/lib/python3.12/site-packages/airflow/example_dags/example_bash_decorator.py
[2024-08-10T03:19:07.783+0000] {processor.py:830} INFO - Processing file /home/airflow/.local/lib/python3.12/site-packages/airflow/example_dags/example_bash_decorator.py for tasks to queue
[2024-08-10T03:19:07.786+0000] {logging_mixin.py:188} INFO - [2024-08-10T03:19:07.785+0000] {dagbag.py:545} INFO - Filling up the DagBag from /home/airflow/.local/lib/python3.12/site-packages/airflow/example_dags/example_bash_decorator.py
[2024-08-10T03:19:07.804+0000] {processor.py:840} INFO - DAG(s) 'example_bash_decorator' retrieved from /home/airflow/.local/lib/python3.12/site-packages/airflow/example_dags/example_bash_decorator.py
[2024-08-10T03:19:07.835+0000] {logging_mixin.py:188} INFO - [2024-08-10T03:19:07.834+0000] {dag.py:3089} INFO - Sync 1 DAGs
[2024-08-10T03:19:07.853+0000] {logging_mixin.py:188} INFO - [2024-08-10T03:19:07.852+0000] {dag.py:3947} INFO - Setting next_dagrun for example_bash_decorator to None, run_after=None
[2024-08-10T03:19:07.885+0000] {processor.py:183} INFO - Processing /home/airflow/.local/lib/python3.12/site-packages/airflow/example_dags/example_bash_decorator.py took 0.111 seconds
[2024-08-10T03:19:38.313+0000] {processor.py:161} INFO - Started process (PID=228) to work on /home/airflow/.local/lib/python3.12/site-packages/airflow/example_dags/example_bash_decorator.py
[2024-08-10T03:19:38.315+0000] {processor.py:830} INFO - Processing file /home/airflow/.local/lib/python3.12/site-packages/airflow/example_dags/example_bash_decorator.py for tasks to queue
[2024-08-10T03:19:38.318+0000] {logging_mixin.py:188} INFO - [2024-08-10T03:19:38.317+0000] {dagbag.py:545} INFO - Filling up the DagBag from /home/airflow/.local/lib/python3.12/site-packages/airflow/example_dags/example_bash_decorator.py
[2024-08-10T03:19:38.333+0000] {processor.py:840} INFO - DAG(s) 'example_bash_decorator' retrieved from /home/airflow/.local/lib/python3.12/site-packages/airflow/example_dags/example_bash_decorator.py
[2024-08-10T03:19:38.354+0000] {logging_mixin.py:188} INFO - [2024-08-10T03:19:38.354+0000] {dag.py:3089} INFO - Sync 1 DAGs
[2024-08-10T03:19:38.366+0000] {logging_mixin.py:188} INFO - [2024-08-10T03:19:38.366+0000] {dag.py:3947} INFO - Setting next_dagrun for example_bash_decorator to None, run_after=None
[2024-08-10T03:19:38.388+0000] {processor.py:183} INFO - Processing /home/airflow/.local/lib/python3.12/site-packages/airflow/example_dags/example_bash_decorator.py took 0.082 seconds
[2024-08-10T03:20:09.748+0000] {processor.py:161} INFO - Started process (PID=290) to work on /home/airflow/.local/lib/python3.12/site-packages/airflow/example_dags/example_bash_decorator.py
[2024-08-10T03:20:09.749+0000] {processor.py:830} INFO - Processing file /home/airflow/.local/lib/python3.12/site-packages/airflow/example_dags/example_bash_decorator.py for tasks to queue
[2024-08-10T03:20:09.751+0000] {logging_mixin.py:188} INFO - [2024-08-10T03:20:09.751+0000] {dagbag.py:545} INFO - Filling up the DagBag from /home/airflow/.local/lib/python3.12/site-packages/airflow/example_dags/example_bash_decorator.py
[2024-08-10T03:20:09.766+0000] {processor.py:840} INFO - DAG(s) 'example_bash_decorator' retrieved from /home/airflow/.local/lib/python3.12/site-packages/airflow/example_dags/example_bash_decorator.py
[2024-08-10T03:20:09.788+0000] {logging_mixin.py:188} INFO - [2024-08-10T03:20:09.788+0000] {dag.py:3089} INFO - Sync 1 DAGs
[2024-08-10T03:20:09.802+0000] {logging_mixin.py:188} INFO - [2024-08-10T03:20:09.802+0000] {dag.py:3947} INFO - Setting next_dagrun for example_bash_decorator to None, run_after=None
[2024-08-10T03:20:09.843+0000] {processor.py:183} INFO - Processing /home/airflow/.local/lib/python3.12/site-packages/airflow/example_dags/example_bash_decorator.py took 0.108 seconds
[2024-08-10T03:20:40.717+0000] {processor.py:161} INFO - Started process (PID=352) to work on /home/airflow/.local/lib/python3.12/site-packages/airflow/example_dags/example_bash_decorator.py
[2024-08-10T03:20:40.718+0000] {processor.py:830} INFO - Processing file /home/airflow/.local/lib/python3.12/site-packages/airflow/example_dags/example_bash_decorator.py for tasks to queue
[2024-08-10T03:20:40.721+0000] {logging_mixin.py:188} INFO - [2024-08-10T03:20:40.720+0000] {dagbag.py:545} INFO - Filling up the DagBag from /home/airflow/.local/lib/python3.12/site-packages/airflow/example_dags/example_bash_decorator.py
[2024-08-10T03:20:40.736+0000] {processor.py:840} INFO - DAG(s) 'example_bash_decorator' retrieved from /home/airflow/.local/lib/python3.12/site-packages/airflow/example_dags/example_bash_decorator.py
[2024-08-10T03:20:40.762+0000] {logging_mixin.py:188} INFO - [2024-08-10T03:20:40.762+0000] {dag.py:3089} INFO - Sync 1 DAGs
[2024-08-10T03:20:40.776+0000] {logging_mixin.py:188} INFO - [2024-08-10T03:20:40.776+0000] {dag.py:3947} INFO - Setting next_dagrun for example_bash_decorator to None, run_after=None
[2024-08-10T03:20:40.803+0000] {processor.py:183} INFO - Processing /home/airflow/.local/lib/python3.12/site-packages/airflow/example_dags/example_bash_decorator.py took 0.092 seconds
[2024-08-10T03:21:10.971+0000] {processor.py:161} INFO - Started process (PID=411) to work on /home/airflow/.local/lib/python3.12/site-packages/airflow/example_dags/example_bash_decorator.py
[2024-08-10T03:21:10.972+0000] {processor.py:830} INFO - Processing file /home/airflow/.local/lib/python3.12/site-packages/airflow/example_dags/example_bash_decorator.py for tasks to queue
[2024-08-10T03:21:10.975+0000] {logging_mixin.py:188} INFO - [2024-08-10T03:21:10.975+0000] {dagbag.py:545} INFO - Filling up the DagBag from /home/airflow/.local/lib/python3.12/site-packages/airflow/example_dags/example_bash_decorator.py
[2024-08-10T03:21:10.993+0000] {processor.py:840} INFO - DAG(s) 'example_bash_decorator' retrieved from /home/airflow/.local/lib/python3.12/site-packages/airflow/example_dags/example_bash_decorator.py
[2024-08-10T03:21:11.035+0000] {logging_mixin.py:188} INFO - [2024-08-10T03:21:11.034+0000] {dag.py:3089} INFO - Sync 1 DAGs
[2024-08-10T03:21:11.056+0000] {logging_mixin.py:188} INFO - [2024-08-10T03:21:11.056+0000] {dag.py:3947} INFO - Setting next_dagrun for example_bash_decorator to None, run_after=None
[2024-08-10T03:21:11.090+0000] {processor.py:183} INFO - Processing /home/airflow/.local/lib/python3.12/site-packages/airflow/example_dags/example_bash_decorator.py took 0.126 seconds
[2024-08-10T03:21:42.039+0000] {processor.py:161} INFO - Started process (PID=472) to work on /home/airflow/.local/lib/python3.12/site-packages/airflow/example_dags/example_bash_decorator.py
[2024-08-10T03:21:42.041+0000] {processor.py:830} INFO - Processing file /home/airflow/.local/lib/python3.12/site-packages/airflow/example_dags/example_bash_decorator.py for tasks to queue
[2024-08-10T03:21:42.055+0000] {logging_mixin.py:188} INFO - [2024-08-10T03:21:42.054+0000] {dagbag.py:545} INFO - Filling up the DagBag from /home/airflow/.local/lib/python3.12/site-packages/airflow/example_dags/example_bash_decorator.py
[2024-08-10T03:21:42.154+0000] {processor.py:840} INFO - DAG(s) 'example_bash_decorator' retrieved from /home/airflow/.local/lib/python3.12/site-packages/airflow/example_dags/example_bash_decorator.py
[2024-08-10T03:21:42.279+0000] {logging_mixin.py:188} INFO - [2024-08-10T03:21:42.274+0000] {dag.py:3089} INFO - Sync 1 DAGs
[2024-08-10T03:21:42.321+0000] {logging_mixin.py:188} INFO - [2024-08-10T03:21:42.321+0000] {dag.py:3947} INFO - Setting next_dagrun for example_bash_decorator to None, run_after=None
[2024-08-10T03:21:42.410+0000] {processor.py:183} INFO - Processing /home/airflow/.local/lib/python3.12/site-packages/airflow/example_dags/example_bash_decorator.py took 0.387 seconds
[2024-08-10T03:22:12.645+0000] {processor.py:161} INFO - Started process (PID=529) to work on /home/airflow/.local/lib/python3.12/site-packages/airflow/example_dags/example_bash_decorator.py
[2024-08-10T03:22:12.646+0000] {processor.py:830} INFO - Processing file /home/airflow/.local/lib/python3.12/site-packages/airflow/example_dags/example_bash_decorator.py for tasks to queue
[2024-08-10T03:22:12.649+0000] {logging_mixin.py:188} INFO - [2024-08-10T03:22:12.648+0000] {dagbag.py:545} INFO - Filling up the DagBag from /home/airflow/.local/lib/python3.12/site-packages/airflow/example_dags/example_bash_decorator.py
[2024-08-10T03:22:12.666+0000] {processor.py:840} INFO - DAG(s) 'example_bash_decorator' retrieved from /home/airflow/.local/lib/python3.12/site-packages/airflow/example_dags/example_bash_decorator.py
[2024-08-10T03:22:12.694+0000] {logging_mixin.py:188} INFO - [2024-08-10T03:22:12.694+0000] {dag.py:3089} INFO - Sync 1 DAGs
[2024-08-10T03:22:12.707+0000] {logging_mixin.py:188} INFO - [2024-08-10T03:22:12.706+0000] {dag.py:3947} INFO - Setting next_dagrun for example_bash_decorator to None, run_after=None
[2024-08-10T03:22:12.733+0000] {processor.py:183} INFO - Processing /home/airflow/.local/lib/python3.12/site-packages/airflow/example_dags/example_bash_decorator.py took 0.095 seconds
[2024-08-10T03:22:43.171+0000] {processor.py:161} INFO - Started process (PID=589) to work on /home/airflow/.local/lib/python3.12/site-packages/airflow/example_dags/example_bash_decorator.py
[2024-08-10T03:22:43.172+0000] {processor.py:830} INFO - Processing file /home/airflow/.local/lib/python3.12/site-packages/airflow/example_dags/example_bash_decorator.py for tasks to queue
[2024-08-10T03:22:43.176+0000] {logging_mixin.py:188} INFO - [2024-08-10T03:22:43.176+0000] {dagbag.py:545} INFO - Filling up the DagBag from /home/airflow/.local/lib/python3.12/site-packages/airflow/example_dags/example_bash_decorator.py
[2024-08-10T03:22:43.197+0000] {processor.py:840} INFO - DAG(s) 'example_bash_decorator' retrieved from /home/airflow/.local/lib/python3.12/site-packages/airflow/example_dags/example_bash_decorator.py
[2024-08-10T03:22:43.220+0000] {logging_mixin.py:188} INFO - [2024-08-10T03:22:43.220+0000] {dag.py:3089} INFO - Sync 1 DAGs
[2024-08-10T03:22:43.233+0000] {logging_mixin.py:188} INFO - [2024-08-10T03:22:43.233+0000] {dag.py:3947} INFO - Setting next_dagrun for example_bash_decorator to None, run_after=None
[2024-08-10T03:22:43.256+0000] {processor.py:183} INFO - Processing /home/airflow/.local/lib/python3.12/site-packages/airflow/example_dags/example_bash_decorator.py took 0.091 seconds
[2024-08-10T03:23:13.637+0000] {processor.py:161} INFO - Started process (PID=649) to work on /home/airflow/.local/lib/python3.12/site-packages/airflow/example_dags/example_bash_decorator.py
[2024-08-10T03:23:13.646+0000] {processor.py:830} INFO - Processing file /home/airflow/.local/lib/python3.12/site-packages/airflow/example_dags/example_bash_decorator.py for tasks to queue
[2024-08-10T03:23:13.659+0000] {logging_mixin.py:188} INFO - [2024-08-10T03:23:13.658+0000] {dagbag.py:545} INFO - Filling up the DagBag from /home/airflow/.local/lib/python3.12/site-packages/airflow/example_dags/example_bash_decorator.py
[2024-08-10T03:23:13.695+0000] {processor.py:840} INFO - DAG(s) 'example_bash_decorator' retrieved from /home/airflow/.local/lib/python3.12/site-packages/airflow/example_dags/example_bash_decorator.py
[2024-08-10T03:23:13.725+0000] {logging_mixin.py:188} INFO - [2024-08-10T03:23:13.725+0000] {dag.py:3089} INFO - Sync 1 DAGs
[2024-08-10T03:23:13.764+0000] {logging_mixin.py:188} INFO - [2024-08-10T03:23:13.764+0000] {dag.py:3947} INFO - Setting next_dagrun for example_bash_decorator to None, run_after=None
[2024-08-10T03:23:13.802+0000] {processor.py:183} INFO - Processing /home/airflow/.local/lib/python3.12/site-packages/airflow/example_dags/example_bash_decorator.py took 0.218 seconds
[2024-08-10T03:23:44.050+0000] {processor.py:161} INFO - Started process (PID=709) to work on /home/airflow/.local/lib/python3.12/site-packages/airflow/example_dags/example_bash_decorator.py
[2024-08-10T03:23:44.051+0000] {processor.py:830} INFO - Processing file /home/airflow/.local/lib/python3.12/site-packages/airflow/example_dags/example_bash_decorator.py for tasks to queue
[2024-08-10T03:23:44.053+0000] {logging_mixin.py:188} INFO - [2024-08-10T03:23:44.053+0000] {dagbag.py:545} INFO - Filling up the DagBag from /home/airflow/.local/lib/python3.12/site-packages/airflow/example_dags/example_bash_decorator.py
[2024-08-10T03:23:44.068+0000] {processor.py:840} INFO - DAG(s) 'example_bash_decorator' retrieved from /home/airflow/.local/lib/python3.12/site-packages/airflow/example_dags/example_bash_decorator.py
[2024-08-10T03:23:44.090+0000] {logging_mixin.py:188} INFO - [2024-08-10T03:23:44.090+0000] {dag.py:3089} INFO - Sync 1 DAGs
[2024-08-10T03:23:44.103+0000] {logging_mixin.py:188} INFO - [2024-08-10T03:23:44.103+0000] {dag.py:3947} INFO - Setting next_dagrun for example_bash_decorator to None, run_after=None
[2024-08-10T03:23:44.127+0000] {processor.py:183} INFO - Processing /home/airflow/.local/lib/python3.12/site-packages/airflow/example_dags/example_bash_decorator.py took 0.083 seconds
[2024-08-10T03:24:14.735+0000] {processor.py:161} INFO - Started process (PID=770) to work on /home/airflow/.local/lib/python3.12/site-packages/airflow/example_dags/example_bash_decorator.py
[2024-08-10T03:24:14.737+0000] {processor.py:830} INFO - Processing file /home/airflow/.local/lib/python3.12/site-packages/airflow/example_dags/example_bash_decorator.py for tasks to queue
[2024-08-10T03:24:14.739+0000] {logging_mixin.py:188} INFO - [2024-08-10T03:24:14.738+0000] {dagbag.py:545} INFO - Filling up the DagBag from /home/airflow/.local/lib/python3.12/site-packages/airflow/example_dags/example_bash_decorator.py
[2024-08-10T03:24:14.754+0000] {processor.py:840} INFO - DAG(s) 'example_bash_decorator' retrieved from /home/airflow/.local/lib/python3.12/site-packages/airflow/example_dags/example_bash_decorator.py
[2024-08-10T03:24:14.790+0000] {logging_mixin.py:188} INFO - [2024-08-10T03:24:14.790+0000] {dag.py:3089} INFO - Sync 1 DAGs
[2024-08-10T03:24:14.808+0000] {logging_mixin.py:188} INFO - [2024-08-10T03:24:14.808+0000] {dag.py:3947} INFO - Setting next_dagrun for example_bash_decorator to None, run_after=None
[2024-08-10T03:24:14.846+0000] {processor.py:183} INFO - Processing /home/airflow/.local/lib/python3.12/site-packages/airflow/example_dags/example_bash_decorator.py took 0.118 seconds
[2024-08-10T03:24:44.983+0000] {processor.py:161} INFO - Started process (PID=830) to work on /home/airflow/.local/lib/python3.12/site-packages/airflow/example_dags/example_bash_decorator.py
[2024-08-10T03:24:44.984+0000] {processor.py:830} INFO - Processing file /home/airflow/.local/lib/python3.12/site-packages/airflow/example_dags/example_bash_decorator.py for tasks to queue
[2024-08-10T03:24:44.986+0000] {logging_mixin.py:188} INFO - [2024-08-10T03:24:44.985+0000] {dagbag.py:545} INFO - Filling up the DagBag from /home/airflow/.local/lib/python3.12/site-packages/airflow/example_dags/example_bash_decorator.py
[2024-08-10T03:24:45.000+0000] {processor.py:840} INFO - DAG(s) 'example_bash_decorator' retrieved from /home/airflow/.local/lib/python3.12/site-packages/airflow/example_dags/example_bash_decorator.py
[2024-08-10T03:24:45.034+0000] {logging_mixin.py:188} INFO - [2024-08-10T03:24:45.033+0000] {dag.py:3089} INFO - Sync 1 DAGs
[2024-08-10T03:24:45.047+0000] {logging_mixin.py:188} INFO - [2024-08-10T03:24:45.047+0000] {dag.py:3947} INFO - Setting next_dagrun for example_bash_decorator to None, run_after=None
[2024-08-10T03:24:45.075+0000] {processor.py:183} INFO - Processing /home/airflow/.local/lib/python3.12/site-packages/airflow/example_dags/example_bash_decorator.py took 0.100 seconds
[2024-08-10T03:25:15.863+0000] {processor.py:161} INFO - Started process (PID=889) to work on /home/airflow/.local/lib/python3.12/site-packages/airflow/example_dags/example_bash_decorator.py
[2024-08-10T03:25:15.864+0000] {processor.py:830} INFO - Processing file /home/airflow/.local/lib/python3.12/site-packages/airflow/example_dags/example_bash_decorator.py for tasks to queue
[2024-08-10T03:25:15.867+0000] {logging_mixin.py:188} INFO - [2024-08-10T03:25:15.866+0000] {dagbag.py:545} INFO - Filling up the DagBag from /home/airflow/.local/lib/python3.12/site-packages/airflow/example_dags/example_bash_decorator.py
[2024-08-10T03:25:15.886+0000] {processor.py:840} INFO - DAG(s) 'example_bash_decorator' retrieved from /home/airflow/.local/lib/python3.12/site-packages/airflow/example_dags/example_bash_decorator.py
[2024-08-10T03:25:15.906+0000] {logging_mixin.py:188} INFO - [2024-08-10T03:25:15.906+0000] {dag.py:3089} INFO - Sync 1 DAGs
[2024-08-10T03:25:15.927+0000] {logging_mixin.py:188} INFO - [2024-08-10T03:25:15.926+0000] {dag.py:3947} INFO - Setting next_dagrun for example_bash_decorator to None, run_after=None
[2024-08-10T03:25:16.062+0000] {processor.py:183} INFO - Processing /home/airflow/.local/lib/python3.12/site-packages/airflow/example_dags/example_bash_decorator.py took 0.205 seconds
[2024-08-10T03:25:46.820+0000] {processor.py:161} INFO - Started process (PID=949) to work on /home/airflow/.local/lib/python3.12/site-packages/airflow/example_dags/example_bash_decorator.py
[2024-08-10T03:25:46.825+0000] {processor.py:830} INFO - Processing file /home/airflow/.local/lib/python3.12/site-packages/airflow/example_dags/example_bash_decorator.py for tasks to queue
[2024-08-10T03:25:46.830+0000] {logging_mixin.py:188} INFO - [2024-08-10T03:25:46.830+0000] {dagbag.py:545} INFO - Filling up the DagBag from /home/airflow/.local/lib/python3.12/site-packages/airflow/example_dags/example_bash_decorator.py
[2024-08-10T03:25:46.865+0000] {processor.py:840} INFO - DAG(s) 'example_bash_decorator' retrieved from /home/airflow/.local/lib/python3.12/site-packages/airflow/example_dags/example_bash_decorator.py
[2024-08-10T03:25:46.889+0000] {logging_mixin.py:188} INFO - [2024-08-10T03:25:46.889+0000] {dag.py:3089} INFO - Sync 1 DAGs
[2024-08-10T03:25:46.904+0000] {logging_mixin.py:188} INFO - [2024-08-10T03:25:46.904+0000] {dag.py:3947} INFO - Setting next_dagrun for example_bash_decorator to None, run_after=None
[2024-08-10T03:25:46.926+0000] {processor.py:183} INFO - Processing /home/airflow/.local/lib/python3.12/site-packages/airflow/example_dags/example_bash_decorator.py took 0.119 seconds
[2024-08-10T03:26:17.119+0000] {processor.py:161} INFO - Started process (PID=1007) to work on /home/airflow/.local/lib/python3.12/site-packages/airflow/example_dags/example_bash_decorator.py
[2024-08-10T03:26:17.140+0000] {processor.py:830} INFO - Processing file /home/airflow/.local/lib/python3.12/site-packages/airflow/example_dags/example_bash_decorator.py for tasks to queue
[2024-08-10T03:26:17.142+0000] {logging_mixin.py:188} INFO - [2024-08-10T03:26:17.142+0000] {dagbag.py:545} INFO - Filling up the DagBag from /home/airflow/.local/lib/python3.12/site-packages/airflow/example_dags/example_bash_decorator.py
[2024-08-10T03:26:17.161+0000] {processor.py:840} INFO - DAG(s) 'example_bash_decorator' retrieved from /home/airflow/.local/lib/python3.12/site-packages/airflow/example_dags/example_bash_decorator.py
[2024-08-10T03:26:17.222+0000] {logging_mixin.py:188} INFO - [2024-08-10T03:26:17.222+0000] {dag.py:3089} INFO - Sync 1 DAGs
[2024-08-10T03:26:17.258+0000] {logging_mixin.py:188} INFO - [2024-08-10T03:26:17.258+0000] {dag.py:3947} INFO - Setting next_dagrun for example_bash_decorator to None, run_after=None
[2024-08-10T03:26:17.300+0000] {processor.py:183} INFO - Processing /home/airflow/.local/lib/python3.12/site-packages/airflow/example_dags/example_bash_decorator.py took 0.189 seconds
[2024-08-10T03:26:47.915+0000] {processor.py:161} INFO - Started process (PID=1069) to work on /home/airflow/.local/lib/python3.12/site-packages/airflow/example_dags/example_bash_decorator.py
[2024-08-10T03:26:47.918+0000] {processor.py:830} INFO - Processing file /home/airflow/.local/lib/python3.12/site-packages/airflow/example_dags/example_bash_decorator.py for tasks to queue
[2024-08-10T03:26:47.922+0000] {logging_mixin.py:188} INFO - [2024-08-10T03:26:47.922+0000] {dagbag.py:545} INFO - Filling up the DagBag from /home/airflow/.local/lib/python3.12/site-packages/airflow/example_dags/example_bash_decorator.py
[2024-08-10T03:26:47.964+0000] {processor.py:840} INFO - DAG(s) 'example_bash_decorator' retrieved from /home/airflow/.local/lib/python3.12/site-packages/airflow/example_dags/example_bash_decorator.py
[2024-08-10T03:26:48.045+0000] {logging_mixin.py:188} INFO - [2024-08-10T03:26:48.045+0000] {dag.py:3089} INFO - Sync 1 DAGs
[2024-08-10T03:26:48.082+0000] {logging_mixin.py:188} INFO - [2024-08-10T03:26:48.081+0000] {dag.py:3947} INFO - Setting next_dagrun for example_bash_decorator to None, run_after=None
[2024-08-10T03:26:48.146+0000] {processor.py:183} INFO - Processing /home/airflow/.local/lib/python3.12/site-packages/airflow/example_dags/example_bash_decorator.py took 0.239 seconds
[2024-08-10T03:27:18.470+0000] {processor.py:161} INFO - Started process (PID=1129) to work on /home/airflow/.local/lib/python3.12/site-packages/airflow/example_dags/example_bash_decorator.py
[2024-08-10T03:27:18.471+0000] {processor.py:830} INFO - Processing file /home/airflow/.local/lib/python3.12/site-packages/airflow/example_dags/example_bash_decorator.py for tasks to queue
[2024-08-10T03:27:18.473+0000] {logging_mixin.py:188} INFO - [2024-08-10T03:27:18.472+0000] {dagbag.py:545} INFO - Filling up the DagBag from /home/airflow/.local/lib/python3.12/site-packages/airflow/example_dags/example_bash_decorator.py
[2024-08-10T03:27:18.486+0000] {processor.py:840} INFO - DAG(s) 'example_bash_decorator' retrieved from /home/airflow/.local/lib/python3.12/site-packages/airflow/example_dags/example_bash_decorator.py
[2024-08-10T03:27:18.510+0000] {logging_mixin.py:188} INFO - [2024-08-10T03:27:18.510+0000] {dag.py:3089} INFO - Sync 1 DAGs
[2024-08-10T03:27:18.528+0000] {logging_mixin.py:188} INFO - [2024-08-10T03:27:18.528+0000] {dag.py:3947} INFO - Setting next_dagrun for example_bash_decorator to None, run_after=None
[2024-08-10T03:27:18.552+0000] {processor.py:183} INFO - Processing /home/airflow/.local/lib/python3.12/site-packages/airflow/example_dags/example_bash_decorator.py took 0.088 seconds
[2024-08-10T03:27:48.773+0000] {processor.py:161} INFO - Started process (PID=1189) to work on /home/airflow/.local/lib/python3.12/site-packages/airflow/example_dags/example_bash_decorator.py
[2024-08-10T03:27:48.774+0000] {processor.py:830} INFO - Processing file /home/airflow/.local/lib/python3.12/site-packages/airflow/example_dags/example_bash_decorator.py for tasks to queue
[2024-08-10T03:27:48.776+0000] {logging_mixin.py:188} INFO - [2024-08-10T03:27:48.776+0000] {dagbag.py:545} INFO - Filling up the DagBag from /home/airflow/.local/lib/python3.12/site-packages/airflow/example_dags/example_bash_decorator.py
[2024-08-10T03:27:48.795+0000] {processor.py:840} INFO - DAG(s) 'example_bash_decorator' retrieved from /home/airflow/.local/lib/python3.12/site-packages/airflow/example_dags/example_bash_decorator.py
[2024-08-10T03:27:48.827+0000] {logging_mixin.py:188} INFO - [2024-08-10T03:27:48.827+0000] {dag.py:3089} INFO - Sync 1 DAGs
[2024-08-10T03:27:48.841+0000] {logging_mixin.py:188} INFO - [2024-08-10T03:27:48.841+0000] {dag.py:3947} INFO - Setting next_dagrun for example_bash_decorator to None, run_after=None
[2024-08-10T03:27:48.869+0000] {processor.py:183} INFO - Processing /home/airflow/.local/lib/python3.12/site-packages/airflow/example_dags/example_bash_decorator.py took 0.102 seconds
[2024-08-10T03:28:19.194+0000] {processor.py:161} INFO - Started process (PID=1249) to work on /home/airflow/.local/lib/python3.12/site-packages/airflow/example_dags/example_bash_decorator.py
[2024-08-10T03:28:19.196+0000] {processor.py:830} INFO - Processing file /home/airflow/.local/lib/python3.12/site-packages/airflow/example_dags/example_bash_decorator.py for tasks to queue
[2024-08-10T03:28:19.207+0000] {logging_mixin.py:188} INFO - [2024-08-10T03:28:19.206+0000] {dagbag.py:545} INFO - Filling up the DagBag from /home/airflow/.local/lib/python3.12/site-packages/airflow/example_dags/example_bash_decorator.py
[2024-08-10T03:28:19.251+0000] {processor.py:840} INFO - DAG(s) 'example_bash_decorator' retrieved from /home/airflow/.local/lib/python3.12/site-packages/airflow/example_dags/example_bash_decorator.py
[2024-08-10T03:28:19.285+0000] {logging_mixin.py:188} INFO - [2024-08-10T03:28:19.284+0000] {dag.py:3089} INFO - Sync 1 DAGs
[2024-08-10T03:28:19.301+0000] {logging_mixin.py:188} INFO - [2024-08-10T03:28:19.301+0000] {dag.py:3947} INFO - Setting next_dagrun for example_bash_decorator to None, run_after=None
[2024-08-10T03:28:19.325+0000] {processor.py:183} INFO - Processing /home/airflow/.local/lib/python3.12/site-packages/airflow/example_dags/example_bash_decorator.py took 0.149 seconds
[2024-08-10T03:28:49.710+0000] {processor.py:161} INFO - Started process (PID=1309) to work on /home/airflow/.local/lib/python3.12/site-packages/airflow/example_dags/example_bash_decorator.py
[2024-08-10T03:28:49.711+0000] {processor.py:830} INFO - Processing file /home/airflow/.local/lib/python3.12/site-packages/airflow/example_dags/example_bash_decorator.py for tasks to queue
[2024-08-10T03:28:49.713+0000] {logging_mixin.py:188} INFO - [2024-08-10T03:28:49.713+0000] {dagbag.py:545} INFO - Filling up the DagBag from /home/airflow/.local/lib/python3.12/site-packages/airflow/example_dags/example_bash_decorator.py
[2024-08-10T03:28:49.728+0000] {processor.py:840} INFO - DAG(s) 'example_bash_decorator' retrieved from /home/airflow/.local/lib/python3.12/site-packages/airflow/example_dags/example_bash_decorator.py
[2024-08-10T03:28:49.753+0000] {logging_mixin.py:188} INFO - [2024-08-10T03:28:49.753+0000] {dag.py:3089} INFO - Sync 1 DAGs
[2024-08-10T03:28:49.768+0000] {logging_mixin.py:188} INFO - [2024-08-10T03:28:49.768+0000] {dag.py:3947} INFO - Setting next_dagrun for example_bash_decorator to None, run_after=None
[2024-08-10T03:28:49.795+0000] {processor.py:183} INFO - Processing /home/airflow/.local/lib/python3.12/site-packages/airflow/example_dags/example_bash_decorator.py took 0.092 seconds
[2024-08-10T03:29:35.819+0000] {processor.py:161} INFO - Started process (PID=1374) to work on /home/airflow/.local/lib/python3.12/site-packages/airflow/example_dags/example_bash_decorator.py
[2024-08-10T03:29:35.825+0000] {processor.py:830} INFO - Processing file /home/airflow/.local/lib/python3.12/site-packages/airflow/example_dags/example_bash_decorator.py for tasks to queue
[2024-08-10T03:29:35.835+0000] {logging_mixin.py:188} INFO - [2024-08-10T03:29:35.835+0000] {dagbag.py:545} INFO - Filling up the DagBag from /home/airflow/.local/lib/python3.12/site-packages/airflow/example_dags/example_bash_decorator.py
[2024-08-10T03:29:35.882+0000] {processor.py:840} INFO - DAG(s) 'example_bash_decorator' retrieved from /home/airflow/.local/lib/python3.12/site-packages/airflow/example_dags/example_bash_decorator.py
[2024-08-10T03:29:35.983+0000] {logging_mixin.py:188} INFO - [2024-08-10T03:29:35.983+0000] {dag.py:3089} INFO - Sync 1 DAGs
[2024-08-10T03:29:36.029+0000] {logging_mixin.py:188} INFO - [2024-08-10T03:29:36.028+0000] {dag.py:3947} INFO - Setting next_dagrun for example_bash_decorator to None, run_after=None
[2024-08-10T03:29:36.080+0000] {processor.py:183} INFO - Processing /home/airflow/.local/lib/python3.12/site-packages/airflow/example_dags/example_bash_decorator.py took 0.284 seconds
[2024-08-10T03:30:06.167+0000] {processor.py:161} INFO - Started process (PID=1432) to work on /home/airflow/.local/lib/python3.12/site-packages/airflow/example_dags/example_bash_decorator.py
[2024-08-10T03:30:06.177+0000] {processor.py:830} INFO - Processing file /home/airflow/.local/lib/python3.12/site-packages/airflow/example_dags/example_bash_decorator.py for tasks to queue
[2024-08-10T03:30:06.179+0000] {logging_mixin.py:188} INFO - [2024-08-10T03:30:06.179+0000] {dagbag.py:545} INFO - Filling up the DagBag from /home/airflow/.local/lib/python3.12/site-packages/airflow/example_dags/example_bash_decorator.py
[2024-08-10T03:30:06.209+0000] {processor.py:840} INFO - DAG(s) 'example_bash_decorator' retrieved from /home/airflow/.local/lib/python3.12/site-packages/airflow/example_dags/example_bash_decorator.py
[2024-08-10T03:30:06.244+0000] {logging_mixin.py:188} INFO - [2024-08-10T03:30:06.244+0000] {dag.py:3089} INFO - Sync 1 DAGs
[2024-08-10T03:30:06.263+0000] {logging_mixin.py:188} INFO - [2024-08-10T03:30:06.262+0000] {dag.py:3947} INFO - Setting next_dagrun for example_bash_decorator to None, run_after=None
[2024-08-10T03:30:06.311+0000] {processor.py:183} INFO - Processing /home/airflow/.local/lib/python3.12/site-packages/airflow/example_dags/example_bash_decorator.py took 0.156 seconds
[2024-08-10T03:30:42.709+0000] {processor.py:161} INFO - Started process (PID=1490) to work on /home/airflow/.local/lib/python3.12/site-packages/airflow/example_dags/example_bash_decorator.py
[2024-08-10T03:30:42.725+0000] {processor.py:830} INFO - Processing file /home/airflow/.local/lib/python3.12/site-packages/airflow/example_dags/example_bash_decorator.py for tasks to queue
[2024-08-10T03:30:42.728+0000] {logging_mixin.py:188} INFO - [2024-08-10T03:30:42.727+0000] {dagbag.py:545} INFO - Filling up the DagBag from /home/airflow/.local/lib/python3.12/site-packages/airflow/example_dags/example_bash_decorator.py
[2024-08-10T03:30:42.743+0000] {processor.py:840} INFO - DAG(s) 'example_bash_decorator' retrieved from /home/airflow/.local/lib/python3.12/site-packages/airflow/example_dags/example_bash_decorator.py
[2024-08-10T03:30:42.770+0000] {logging_mixin.py:188} INFO - [2024-08-10T03:30:42.770+0000] {dag.py:3089} INFO - Sync 1 DAGs
[2024-08-10T03:30:42.788+0000] {logging_mixin.py:188} INFO - [2024-08-10T03:30:42.788+0000] {dag.py:3947} INFO - Setting next_dagrun for example_bash_decorator to None, run_after=None
[2024-08-10T03:30:43.036+0000] {processor.py:183} INFO - Processing /home/airflow/.local/lib/python3.12/site-packages/airflow/example_dags/example_bash_decorator.py took 0.335 seconds
[2024-08-10T03:31:39.215+0000] {processor.py:161} INFO - Started process (PID=1558) to work on /home/airflow/.local/lib/python3.12/site-packages/airflow/example_dags/example_bash_decorator.py
[2024-08-10T03:31:39.221+0000] {processor.py:830} INFO - Processing file /home/airflow/.local/lib/python3.12/site-packages/airflow/example_dags/example_bash_decorator.py for tasks to queue
[2024-08-10T03:31:39.223+0000] {logging_mixin.py:188} INFO - [2024-08-10T03:31:39.222+0000] {dagbag.py:545} INFO - Filling up the DagBag from /home/airflow/.local/lib/python3.12/site-packages/airflow/example_dags/example_bash_decorator.py
[2024-08-10T03:31:39.289+0000] {processor.py:840} INFO - DAG(s) 'example_bash_decorator' retrieved from /home/airflow/.local/lib/python3.12/site-packages/airflow/example_dags/example_bash_decorator.py
[2024-08-10T03:31:39.320+0000] {logging_mixin.py:188} INFO - [2024-08-10T03:31:39.320+0000] {dag.py:3089} INFO - Sync 1 DAGs
[2024-08-10T03:31:39.341+0000] {logging_mixin.py:188} INFO - [2024-08-10T03:31:39.340+0000] {dag.py:3947} INFO - Setting next_dagrun for example_bash_decorator to None, run_after=None
[2024-08-10T03:31:39.563+0000] {processor.py:183} INFO - Processing /home/airflow/.local/lib/python3.12/site-packages/airflow/example_dags/example_bash_decorator.py took 0.357 seconds
[2024-08-10T03:32:39.696+0000] {processor.py:161} INFO - Started process (PID=1647) to work on /home/airflow/.local/lib/python3.12/site-packages/airflow/example_dags/example_bash_decorator.py
[2024-08-10T03:32:39.698+0000] {processor.py:830} INFO - Processing file /home/airflow/.local/lib/python3.12/site-packages/airflow/example_dags/example_bash_decorator.py for tasks to queue
[2024-08-10T03:32:39.700+0000] {logging_mixin.py:188} INFO - [2024-08-10T03:32:39.699+0000] {dagbag.py:545} INFO - Filling up the DagBag from /home/airflow/.local/lib/python3.12/site-packages/airflow/example_dags/example_bash_decorator.py
[2024-08-10T03:32:39.729+0000] {processor.py:840} INFO - DAG(s) 'example_bash_decorator' retrieved from /home/airflow/.local/lib/python3.12/site-packages/airflow/example_dags/example_bash_decorator.py
[2024-08-10T03:32:39.765+0000] {logging_mixin.py:188} INFO - [2024-08-10T03:32:39.764+0000] {dag.py:3089} INFO - Sync 1 DAGs
[2024-08-10T03:32:39.783+0000] {logging_mixin.py:188} INFO - [2024-08-10T03:32:39.782+0000] {dag.py:3947} INFO - Setting next_dagrun for example_bash_decorator to None, run_after=None
[2024-08-10T03:32:39.819+0000] {processor.py:183} INFO - Processing /home/airflow/.local/lib/python3.12/site-packages/airflow/example_dags/example_bash_decorator.py took 0.135 seconds
[2024-08-10T03:33:26.971+0000] {processor.py:161} INFO - Started process (PID=1723) to work on /home/airflow/.local/lib/python3.12/site-packages/airflow/example_dags/example_bash_decorator.py
[2024-08-10T03:33:26.974+0000] {processor.py:830} INFO - Processing file /home/airflow/.local/lib/python3.12/site-packages/airflow/example_dags/example_bash_decorator.py for tasks to queue
[2024-08-10T03:33:26.977+0000] {logging_mixin.py:188} INFO - [2024-08-10T03:33:26.976+0000] {dagbag.py:545} INFO - Filling up the DagBag from /home/airflow/.local/lib/python3.12/site-packages/airflow/example_dags/example_bash_decorator.py
[2024-08-10T03:33:27.004+0000] {processor.py:840} INFO - DAG(s) 'example_bash_decorator' retrieved from /home/airflow/.local/lib/python3.12/site-packages/airflow/example_dags/example_bash_decorator.py
[2024-08-10T03:33:27.048+0000] {logging_mixin.py:188} INFO - [2024-08-10T03:33:27.048+0000] {dag.py:3089} INFO - Sync 1 DAGs
[2024-08-10T03:33:27.108+0000] {logging_mixin.py:188} INFO - [2024-08-10T03:33:27.108+0000] {dag.py:3947} INFO - Setting next_dagrun for example_bash_decorator to None, run_after=None
[2024-08-10T03:33:27.149+0000] {processor.py:183} INFO - Processing /home/airflow/.local/lib/python3.12/site-packages/airflow/example_dags/example_bash_decorator.py took 0.188 seconds
[2024-08-10T03:35:08.364+0000] {processor.py:161} INFO - Started process (PID=1801) to work on /home/airflow/.local/lib/python3.12/site-packages/airflow/example_dags/example_bash_decorator.py
[2024-08-10T03:35:08.366+0000] {processor.py:830} INFO - Processing file /home/airflow/.local/lib/python3.12/site-packages/airflow/example_dags/example_bash_decorator.py for tasks to queue
[2024-08-10T03:35:08.372+0000] {logging_mixin.py:188} INFO - [2024-08-10T03:35:08.371+0000] {dagbag.py:545} INFO - Filling up the DagBag from /home/airflow/.local/lib/python3.12/site-packages/airflow/example_dags/example_bash_decorator.py
[2024-08-10T03:35:08.392+0000] {processor.py:840} INFO - DAG(s) 'example_bash_decorator' retrieved from /home/airflow/.local/lib/python3.12/site-packages/airflow/example_dags/example_bash_decorator.py
[2024-08-10T03:35:08.443+0000] {logging_mixin.py:188} INFO - [2024-08-10T03:35:08.442+0000] {dag.py:3089} INFO - Sync 1 DAGs
[2024-08-10T03:35:08.464+0000] {logging_mixin.py:188} INFO - [2024-08-10T03:35:08.464+0000] {dag.py:3947} INFO - Setting next_dagrun for example_bash_decorator to None, run_after=None
[2024-08-10T03:35:08.697+0000] {processor.py:183} INFO - Processing /home/airflow/.local/lib/python3.12/site-packages/airflow/example_dags/example_bash_decorator.py took 0.346 seconds
[2024-08-10T03:35:49.291+0000] {processor.py:161} INFO - Started process (PID=1861) to work on /home/airflow/.local/lib/python3.12/site-packages/airflow/example_dags/example_bash_decorator.py
[2024-08-10T03:35:49.294+0000] {processor.py:830} INFO - Processing file /home/airflow/.local/lib/python3.12/site-packages/airflow/example_dags/example_bash_decorator.py for tasks to queue
[2024-08-10T03:35:49.295+0000] {logging_mixin.py:188} INFO - [2024-08-10T03:35:49.295+0000] {dagbag.py:545} INFO - Filling up the DagBag from /home/airflow/.local/lib/python3.12/site-packages/airflow/example_dags/example_bash_decorator.py
[2024-08-10T03:35:49.344+0000] {processor.py:840} INFO - DAG(s) 'example_bash_decorator' retrieved from /home/airflow/.local/lib/python3.12/site-packages/airflow/example_dags/example_bash_decorator.py
[2024-08-10T03:35:49.382+0000] {logging_mixin.py:188} INFO - [2024-08-10T03:35:49.382+0000] {dag.py:3089} INFO - Sync 1 DAGs
[2024-08-10T03:35:49.412+0000] {logging_mixin.py:188} INFO - [2024-08-10T03:35:49.412+0000] {dag.py:3947} INFO - Setting next_dagrun for example_bash_decorator to None, run_after=None
[2024-08-10T03:35:49.773+0000] {processor.py:183} INFO - Processing /home/airflow/.local/lib/python3.12/site-packages/airflow/example_dags/example_bash_decorator.py took 0.536 seconds
[2024-08-10T03:37:24.329+0000] {processor.py:161} INFO - Started process (PID=1965) to work on /home/airflow/.local/lib/python3.12/site-packages/airflow/example_dags/example_bash_decorator.py
[2024-08-10T03:37:24.359+0000] {processor.py:830} INFO - Processing file /home/airflow/.local/lib/python3.12/site-packages/airflow/example_dags/example_bash_decorator.py for tasks to queue
[2024-08-10T03:37:24.360+0000] {logging_mixin.py:188} INFO - [2024-08-10T03:37:24.360+0000] {dagbag.py:545} INFO - Filling up the DagBag from /home/airflow/.local/lib/python3.12/site-packages/airflow/example_dags/example_bash_decorator.py
[2024-08-10T03:37:24.399+0000] {processor.py:840} INFO - DAG(s) 'example_bash_decorator' retrieved from /home/airflow/.local/lib/python3.12/site-packages/airflow/example_dags/example_bash_decorator.py
[2024-08-10T03:37:24.451+0000] {logging_mixin.py:188} INFO - [2024-08-10T03:37:24.451+0000] {dag.py:3089} INFO - Sync 1 DAGs
[2024-08-10T03:37:24.479+0000] {logging_mixin.py:188} INFO - [2024-08-10T03:37:24.478+0000] {dag.py:3947} INFO - Setting next_dagrun for example_bash_decorator to None, run_after=None
[2024-08-10T03:37:24.856+0000] {processor.py:183} INFO - Processing /home/airflow/.local/lib/python3.12/site-packages/airflow/example_dags/example_bash_decorator.py took 0.556 seconds
[2024-08-10T03:38:19.078+0000] {processor.py:161} INFO - Started process (PID=2035) to work on /home/airflow/.local/lib/python3.12/site-packages/airflow/example_dags/example_bash_decorator.py
[2024-08-10T03:38:19.081+0000] {processor.py:830} INFO - Processing file /home/airflow/.local/lib/python3.12/site-packages/airflow/example_dags/example_bash_decorator.py for tasks to queue
[2024-08-10T03:38:19.094+0000] {logging_mixin.py:188} INFO - [2024-08-10T03:38:19.092+0000] {dagbag.py:545} INFO - Filling up the DagBag from /home/airflow/.local/lib/python3.12/site-packages/airflow/example_dags/example_bash_decorator.py
[2024-08-10T03:38:19.152+0000] {processor.py:840} INFO - DAG(s) 'example_bash_decorator' retrieved from /home/airflow/.local/lib/python3.12/site-packages/airflow/example_dags/example_bash_decorator.py
[2024-08-10T03:38:19.276+0000] {logging_mixin.py:188} INFO - [2024-08-10T03:38:19.275+0000] {dag.py:3089} INFO - Sync 1 DAGs
[2024-08-10T03:38:19.326+0000] {logging_mixin.py:188} INFO - [2024-08-10T03:38:19.326+0000] {dag.py:3947} INFO - Setting next_dagrun for example_bash_decorator to None, run_after=None
[2024-08-10T03:38:19.438+0000] {processor.py:183} INFO - Processing /home/airflow/.local/lib/python3.12/site-packages/airflow/example_dags/example_bash_decorator.py took 0.367 seconds
