[2024-08-10T03:18:11.606+0000] {processor.py:161} INFO - Started process (PID=77) to work on /home/airflow/.local/lib/python3.12/site-packages/airflow/example_dags/example_xcomargs.py
[2024-08-10T03:18:11.608+0000] {processor.py:830} INFO - Processing file /home/airflow/.local/lib/python3.12/site-packages/airflow/example_dags/example_xcomargs.py for tasks to queue
[2024-08-10T03:18:11.617+0000] {logging_mixin.py:188} INFO - [2024-08-10T03:18:11.616+0000] {dagbag.py:545} INFO - Filling up the DagBag from /home/airflow/.local/lib/python3.12/site-packages/airflow/example_dags/example_xcomargs.py
[2024-08-10T03:18:11.651+0000] {processor.py:840} INFO - DAG(s) 'example_xcom_args', 'example_xcom_args_with_operators' retrieved from /home/airflow/.local/lib/python3.12/site-packages/airflow/example_dags/example_xcomargs.py
[2024-08-10T03:18:11.738+0000] {logging_mixin.py:188} INFO - [2024-08-10T03:18:11.738+0000] {dag.py:3089} INFO - Sync 2 DAGs
[2024-08-10T03:18:11.792+0000] {logging_mixin.py:188} INFO - [2024-08-10T03:18:11.792+0000] {dag.py:3947} INFO - Setting next_dagrun for example_xcom_args to None, run_after=None
[2024-08-10T03:18:11.809+0000] {logging_mixin.py:188} INFO - [2024-08-10T03:18:11.808+0000] {dag.py:3947} INFO - Setting next_dagrun for example_xcom_args_with_operators to None, run_after=None
[2024-08-10T03:18:11.924+0000] {processor.py:183} INFO - Processing /home/airflow/.local/lib/python3.12/site-packages/airflow/example_dags/example_xcomargs.py took 0.326 seconds
[2024-08-10T03:18:43.361+0000] {processor.py:161} INFO - Started process (PID=135) to work on /home/airflow/.local/lib/python3.12/site-packages/airflow/example_dags/example_xcomargs.py
[2024-08-10T03:18:43.363+0000] {processor.py:830} INFO - Processing file /home/airflow/.local/lib/python3.12/site-packages/airflow/example_dags/example_xcomargs.py for tasks to queue
[2024-08-10T03:18:43.366+0000] {logging_mixin.py:188} INFO - [2024-08-10T03:18:43.366+0000] {dagbag.py:545} INFO - Filling up the DagBag from /home/airflow/.local/lib/python3.12/site-packages/airflow/example_dags/example_xcomargs.py
[2024-08-10T03:18:43.377+0000] {processor.py:840} INFO - DAG(s) 'example_xcom_args', 'example_xcom_args_with_operators' retrieved from /home/airflow/.local/lib/python3.12/site-packages/airflow/example_dags/example_xcomargs.py
[2024-08-10T03:18:43.416+0000] {logging_mixin.py:188} INFO - [2024-08-10T03:18:43.416+0000] {dag.py:3089} INFO - Sync 2 DAGs
[2024-08-10T03:18:43.435+0000] {logging_mixin.py:188} INFO - [2024-08-10T03:18:43.434+0000] {dag.py:3947} INFO - Setting next_dagrun for example_xcom_args to None, run_after=None
[2024-08-10T03:18:43.441+0000] {logging_mixin.py:188} INFO - [2024-08-10T03:18:43.441+0000] {dag.py:3947} INFO - Setting next_dagrun for example_xcom_args_with_operators to None, run_after=None
[2024-08-10T03:18:43.465+0000] {processor.py:183} INFO - Processing /home/airflow/.local/lib/python3.12/site-packages/airflow/example_dags/example_xcomargs.py took 0.115 seconds
[2024-08-10T03:19:16.007+0000] {processor.py:161} INFO - Started process (PID=195) to work on /home/airflow/.local/lib/python3.12/site-packages/airflow/example_dags/example_xcomargs.py
[2024-08-10T03:19:16.014+0000] {processor.py:830} INFO - Processing file /home/airflow/.local/lib/python3.12/site-packages/airflow/example_dags/example_xcomargs.py for tasks to queue
[2024-08-10T03:19:16.017+0000] {logging_mixin.py:188} INFO - [2024-08-10T03:19:16.016+0000] {dagbag.py:545} INFO - Filling up the DagBag from /home/airflow/.local/lib/python3.12/site-packages/airflow/example_dags/example_xcomargs.py
[2024-08-10T03:19:16.039+0000] {processor.py:840} INFO - DAG(s) 'example_xcom_args_with_operators', 'example_xcom_args' retrieved from /home/airflow/.local/lib/python3.12/site-packages/airflow/example_dags/example_xcomargs.py
[2024-08-10T03:19:16.064+0000] {logging_mixin.py:188} INFO - [2024-08-10T03:19:16.063+0000] {dag.py:3089} INFO - Sync 2 DAGs
[2024-08-10T03:19:16.077+0000] {logging_mixin.py:188} INFO - [2024-08-10T03:19:16.077+0000] {dag.py:3947} INFO - Setting next_dagrun for example_xcom_args to None, run_after=None
[2024-08-10T03:19:16.082+0000] {logging_mixin.py:188} INFO - [2024-08-10T03:19:16.082+0000] {dag.py:3947} INFO - Setting next_dagrun for example_xcom_args_with_operators to None, run_after=None
[2024-08-10T03:19:16.119+0000] {processor.py:183} INFO - Processing /home/airflow/.local/lib/python3.12/site-packages/airflow/example_dags/example_xcomargs.py took 0.118 seconds
[2024-08-10T03:19:46.762+0000] {processor.py:161} INFO - Started process (PID=255) to work on /home/airflow/.local/lib/python3.12/site-packages/airflow/example_dags/example_xcomargs.py
[2024-08-10T03:19:46.763+0000] {processor.py:830} INFO - Processing file /home/airflow/.local/lib/python3.12/site-packages/airflow/example_dags/example_xcomargs.py for tasks to queue
[2024-08-10T03:19:46.766+0000] {logging_mixin.py:188} INFO - [2024-08-10T03:19:46.765+0000] {dagbag.py:545} INFO - Filling up the DagBag from /home/airflow/.local/lib/python3.12/site-packages/airflow/example_dags/example_xcomargs.py
[2024-08-10T03:19:46.774+0000] {processor.py:840} INFO - DAG(s) 'example_xcom_args_with_operators', 'example_xcom_args' retrieved from /home/airflow/.local/lib/python3.12/site-packages/airflow/example_dags/example_xcomargs.py
[2024-08-10T03:19:46.797+0000] {logging_mixin.py:188} INFO - [2024-08-10T03:19:46.797+0000] {dag.py:3089} INFO - Sync 2 DAGs
[2024-08-10T03:19:46.818+0000] {logging_mixin.py:188} INFO - [2024-08-10T03:19:46.817+0000] {dag.py:3947} INFO - Setting next_dagrun for example_xcom_args to None, run_after=None
[2024-08-10T03:19:46.822+0000] {logging_mixin.py:188} INFO - [2024-08-10T03:19:46.822+0000] {dag.py:3947} INFO - Setting next_dagrun for example_xcom_args_with_operators to None, run_after=None
[2024-08-10T03:19:46.847+0000] {processor.py:183} INFO - Processing /home/airflow/.local/lib/python3.12/site-packages/airflow/example_dags/example_xcomargs.py took 0.092 seconds
[2024-08-10T03:20:19.424+0000] {processor.py:161} INFO - Started process (PID=314) to work on /home/airflow/.local/lib/python3.12/site-packages/airflow/example_dags/example_xcomargs.py
[2024-08-10T03:20:19.434+0000] {processor.py:830} INFO - Processing file /home/airflow/.local/lib/python3.12/site-packages/airflow/example_dags/example_xcomargs.py for tasks to queue
[2024-08-10T03:20:19.436+0000] {logging_mixin.py:188} INFO - [2024-08-10T03:20:19.436+0000] {dagbag.py:545} INFO - Filling up the DagBag from /home/airflow/.local/lib/python3.12/site-packages/airflow/example_dags/example_xcomargs.py
[2024-08-10T03:20:19.450+0000] {processor.py:840} INFO - DAG(s) 'example_xcom_args', 'example_xcom_args_with_operators' retrieved from /home/airflow/.local/lib/python3.12/site-packages/airflow/example_dags/example_xcomargs.py
[2024-08-10T03:20:19.531+0000] {logging_mixin.py:188} INFO - [2024-08-10T03:20:19.530+0000] {dag.py:3089} INFO - Sync 2 DAGs
[2024-08-10T03:20:19.573+0000] {logging_mixin.py:188} INFO - [2024-08-10T03:20:19.573+0000] {dag.py:3947} INFO - Setting next_dagrun for example_xcom_args to None, run_after=None
[2024-08-10T03:20:19.608+0000] {logging_mixin.py:188} INFO - [2024-08-10T03:20:19.608+0000] {dag.py:3947} INFO - Setting next_dagrun for example_xcom_args_with_operators to None, run_after=None
[2024-08-10T03:20:19.671+0000] {processor.py:183} INFO - Processing /home/airflow/.local/lib/python3.12/site-packages/airflow/example_dags/example_xcomargs.py took 0.257 seconds
[2024-08-10T03:20:50.046+0000] {processor.py:161} INFO - Started process (PID=374) to work on /home/airflow/.local/lib/python3.12/site-packages/airflow/example_dags/example_xcomargs.py
[2024-08-10T03:20:50.047+0000] {processor.py:830} INFO - Processing file /home/airflow/.local/lib/python3.12/site-packages/airflow/example_dags/example_xcomargs.py for tasks to queue
[2024-08-10T03:20:50.048+0000] {logging_mixin.py:188} INFO - [2024-08-10T03:20:50.048+0000] {dagbag.py:545} INFO - Filling up the DagBag from /home/airflow/.local/lib/python3.12/site-packages/airflow/example_dags/example_xcomargs.py
[2024-08-10T03:20:50.058+0000] {processor.py:840} INFO - DAG(s) 'example_xcom_args_with_operators', 'example_xcom_args' retrieved from /home/airflow/.local/lib/python3.12/site-packages/airflow/example_dags/example_xcomargs.py
[2024-08-10T03:20:50.083+0000] {logging_mixin.py:188} INFO - [2024-08-10T03:20:50.083+0000] {dag.py:3089} INFO - Sync 2 DAGs
[2024-08-10T03:20:50.100+0000] {logging_mixin.py:188} INFO - [2024-08-10T03:20:50.100+0000] {dag.py:3947} INFO - Setting next_dagrun for example_xcom_args to None, run_after=None
[2024-08-10T03:20:50.105+0000] {logging_mixin.py:188} INFO - [2024-08-10T03:20:50.104+0000] {dag.py:3947} INFO - Setting next_dagrun for example_xcom_args_with_operators to None, run_after=None
[2024-08-10T03:20:50.123+0000] {processor.py:183} INFO - Processing /home/airflow/.local/lib/python3.12/site-packages/airflow/example_dags/example_xcomargs.py took 0.084 seconds
[2024-08-10T03:21:20.486+0000] {processor.py:161} INFO - Started process (PID=433) to work on /home/airflow/.local/lib/python3.12/site-packages/airflow/example_dags/example_xcomargs.py
[2024-08-10T03:21:20.488+0000] {processor.py:830} INFO - Processing file /home/airflow/.local/lib/python3.12/site-packages/airflow/example_dags/example_xcomargs.py for tasks to queue
[2024-08-10T03:21:20.490+0000] {logging_mixin.py:188} INFO - [2024-08-10T03:21:20.489+0000] {dagbag.py:545} INFO - Filling up the DagBag from /home/airflow/.local/lib/python3.12/site-packages/airflow/example_dags/example_xcomargs.py
[2024-08-10T03:21:20.505+0000] {processor.py:840} INFO - DAG(s) 'example_xcom_args_with_operators', 'example_xcom_args' retrieved from /home/airflow/.local/lib/python3.12/site-packages/airflow/example_dags/example_xcomargs.py
[2024-08-10T03:21:20.535+0000] {logging_mixin.py:188} INFO - [2024-08-10T03:21:20.535+0000] {dag.py:3089} INFO - Sync 2 DAGs
[2024-08-10T03:21:20.559+0000] {logging_mixin.py:188} INFO - [2024-08-10T03:21:20.559+0000] {dag.py:3947} INFO - Setting next_dagrun for example_xcom_args to None, run_after=None
[2024-08-10T03:21:20.565+0000] {logging_mixin.py:188} INFO - [2024-08-10T03:21:20.564+0000] {dag.py:3947} INFO - Setting next_dagrun for example_xcom_args_with_operators to None, run_after=None
[2024-08-10T03:21:20.591+0000] {processor.py:183} INFO - Processing /home/airflow/.local/lib/python3.12/site-packages/airflow/example_dags/example_xcomargs.py took 0.112 seconds
[2024-08-10T03:21:50.732+0000] {processor.py:161} INFO - Started process (PID=493) to work on /home/airflow/.local/lib/python3.12/site-packages/airflow/example_dags/example_xcomargs.py
[2024-08-10T03:21:50.733+0000] {processor.py:830} INFO - Processing file /home/airflow/.local/lib/python3.12/site-packages/airflow/example_dags/example_xcomargs.py for tasks to queue
[2024-08-10T03:21:50.735+0000] {logging_mixin.py:188} INFO - [2024-08-10T03:21:50.735+0000] {dagbag.py:545} INFO - Filling up the DagBag from /home/airflow/.local/lib/python3.12/site-packages/airflow/example_dags/example_xcomargs.py
[2024-08-10T03:21:50.745+0000] {processor.py:840} INFO - DAG(s) 'example_xcom_args_with_operators', 'example_xcom_args' retrieved from /home/airflow/.local/lib/python3.12/site-packages/airflow/example_dags/example_xcomargs.py
[2024-08-10T03:21:50.770+0000] {logging_mixin.py:188} INFO - [2024-08-10T03:21:50.770+0000] {dag.py:3089} INFO - Sync 2 DAGs
[2024-08-10T03:21:50.784+0000] {logging_mixin.py:188} INFO - [2024-08-10T03:21:50.784+0000] {dag.py:3947} INFO - Setting next_dagrun for example_xcom_args to None, run_after=None
[2024-08-10T03:21:50.788+0000] {logging_mixin.py:188} INFO - [2024-08-10T03:21:50.788+0000] {dag.py:3947} INFO - Setting next_dagrun for example_xcom_args_with_operators to None, run_after=None
[2024-08-10T03:21:50.815+0000] {processor.py:183} INFO - Processing /home/airflow/.local/lib/python3.12/site-packages/airflow/example_dags/example_xcomargs.py took 0.090 seconds
[2024-08-10T03:22:21.278+0000] {processor.py:161} INFO - Started process (PID=553) to work on /home/airflow/.local/lib/python3.12/site-packages/airflow/example_dags/example_xcomargs.py
[2024-08-10T03:22:21.279+0000] {processor.py:830} INFO - Processing file /home/airflow/.local/lib/python3.12/site-packages/airflow/example_dags/example_xcomargs.py for tasks to queue
[2024-08-10T03:22:21.283+0000] {logging_mixin.py:188} INFO - [2024-08-10T03:22:21.282+0000] {dagbag.py:545} INFO - Filling up the DagBag from /home/airflow/.local/lib/python3.12/site-packages/airflow/example_dags/example_xcomargs.py
[2024-08-10T03:22:21.292+0000] {processor.py:840} INFO - DAG(s) 'example_xcom_args_with_operators', 'example_xcom_args' retrieved from /home/airflow/.local/lib/python3.12/site-packages/airflow/example_dags/example_xcomargs.py
[2024-08-10T03:22:21.318+0000] {logging_mixin.py:188} INFO - [2024-08-10T03:22:21.318+0000] {dag.py:3089} INFO - Sync 2 DAGs
[2024-08-10T03:22:21.336+0000] {logging_mixin.py:188} INFO - [2024-08-10T03:22:21.335+0000] {dag.py:3947} INFO - Setting next_dagrun for example_xcom_args to None, run_after=None
[2024-08-10T03:22:21.340+0000] {logging_mixin.py:188} INFO - [2024-08-10T03:22:21.339+0000] {dag.py:3947} INFO - Setting next_dagrun for example_xcom_args_with_operators to None, run_after=None
[2024-08-10T03:22:21.360+0000] {processor.py:183} INFO - Processing /home/airflow/.local/lib/python3.12/site-packages/airflow/example_dags/example_xcomargs.py took 0.091 seconds
[2024-08-10T03:22:51.888+0000] {processor.py:161} INFO - Started process (PID=613) to work on /home/airflow/.local/lib/python3.12/site-packages/airflow/example_dags/example_xcomargs.py
[2024-08-10T03:22:51.889+0000] {processor.py:830} INFO - Processing file /home/airflow/.local/lib/python3.12/site-packages/airflow/example_dags/example_xcomargs.py for tasks to queue
[2024-08-10T03:22:51.891+0000] {logging_mixin.py:188} INFO - [2024-08-10T03:22:51.891+0000] {dagbag.py:545} INFO - Filling up the DagBag from /home/airflow/.local/lib/python3.12/site-packages/airflow/example_dags/example_xcomargs.py
[2024-08-10T03:22:51.900+0000] {processor.py:840} INFO - DAG(s) 'example_xcom_args_with_operators', 'example_xcom_args' retrieved from /home/airflow/.local/lib/python3.12/site-packages/airflow/example_dags/example_xcomargs.py
[2024-08-10T03:22:51.940+0000] {logging_mixin.py:188} INFO - [2024-08-10T03:22:51.940+0000] {dag.py:3089} INFO - Sync 2 DAGs
[2024-08-10T03:22:51.954+0000] {logging_mixin.py:188} INFO - [2024-08-10T03:22:51.954+0000] {dag.py:3947} INFO - Setting next_dagrun for example_xcom_args to None, run_after=None
[2024-08-10T03:22:51.967+0000] {logging_mixin.py:188} INFO - [2024-08-10T03:22:51.966+0000] {dag.py:3947} INFO - Setting next_dagrun for example_xcom_args_with_operators to None, run_after=None
[2024-08-10T03:22:52.009+0000] {processor.py:183} INFO - Processing /home/airflow/.local/lib/python3.12/site-packages/airflow/example_dags/example_xcomargs.py took 0.127 seconds
[2024-08-10T03:23:22.599+0000] {processor.py:161} INFO - Started process (PID=671) to work on /home/airflow/.local/lib/python3.12/site-packages/airflow/example_dags/example_xcomargs.py
[2024-08-10T03:23:22.606+0000] {processor.py:830} INFO - Processing file /home/airflow/.local/lib/python3.12/site-packages/airflow/example_dags/example_xcomargs.py for tasks to queue
[2024-08-10T03:23:22.628+0000] {logging_mixin.py:188} INFO - [2024-08-10T03:23:22.628+0000] {dagbag.py:545} INFO - Filling up the DagBag from /home/airflow/.local/lib/python3.12/site-packages/airflow/example_dags/example_xcomargs.py
[2024-08-10T03:23:22.649+0000] {processor.py:840} INFO - DAG(s) 'example_xcom_args', 'example_xcom_args_with_operators' retrieved from /home/airflow/.local/lib/python3.12/site-packages/airflow/example_dags/example_xcomargs.py
[2024-08-10T03:23:22.733+0000] {logging_mixin.py:188} INFO - [2024-08-10T03:23:22.733+0000] {dag.py:3089} INFO - Sync 2 DAGs
[2024-08-10T03:23:22.789+0000] {logging_mixin.py:188} INFO - [2024-08-10T03:23:22.788+0000] {dag.py:3947} INFO - Setting next_dagrun for example_xcom_args to None, run_after=None
[2024-08-10T03:23:22.805+0000] {logging_mixin.py:188} INFO - [2024-08-10T03:23:22.805+0000] {dag.py:3947} INFO - Setting next_dagrun for example_xcom_args_with_operators to None, run_after=None
[2024-08-10T03:23:22.848+0000] {processor.py:183} INFO - Processing /home/airflow/.local/lib/python3.12/site-packages/airflow/example_dags/example_xcomargs.py took 0.290 seconds
[2024-08-10T03:23:53.464+0000] {processor.py:161} INFO - Started process (PID=731) to work on /home/airflow/.local/lib/python3.12/site-packages/airflow/example_dags/example_xcomargs.py
[2024-08-10T03:23:53.465+0000] {processor.py:830} INFO - Processing file /home/airflow/.local/lib/python3.12/site-packages/airflow/example_dags/example_xcomargs.py for tasks to queue
[2024-08-10T03:23:53.467+0000] {logging_mixin.py:188} INFO - [2024-08-10T03:23:53.467+0000] {dagbag.py:545} INFO - Filling up the DagBag from /home/airflow/.local/lib/python3.12/site-packages/airflow/example_dags/example_xcomargs.py
[2024-08-10T03:23:53.477+0000] {processor.py:840} INFO - DAG(s) 'example_xcom_args_with_operators', 'example_xcom_args' retrieved from /home/airflow/.local/lib/python3.12/site-packages/airflow/example_dags/example_xcomargs.py
[2024-08-10T03:23:53.500+0000] {logging_mixin.py:188} INFO - [2024-08-10T03:23:53.500+0000] {dag.py:3089} INFO - Sync 2 DAGs
[2024-08-10T03:23:53.516+0000] {logging_mixin.py:188} INFO - [2024-08-10T03:23:53.516+0000] {dag.py:3947} INFO - Setting next_dagrun for example_xcom_args to None, run_after=None
[2024-08-10T03:23:53.521+0000] {logging_mixin.py:188} INFO - [2024-08-10T03:23:53.521+0000] {dag.py:3947} INFO - Setting next_dagrun for example_xcom_args_with_operators to None, run_after=None
[2024-08-10T03:23:53.542+0000] {processor.py:183} INFO - Processing /home/airflow/.local/lib/python3.12/site-packages/airflow/example_dags/example_xcomargs.py took 0.083 seconds
[2024-08-10T03:24:24.193+0000] {processor.py:161} INFO - Started process (PID=792) to work on /home/airflow/.local/lib/python3.12/site-packages/airflow/example_dags/example_xcomargs.py
[2024-08-10T03:24:24.195+0000] {processor.py:830} INFO - Processing file /home/airflow/.local/lib/python3.12/site-packages/airflow/example_dags/example_xcomargs.py for tasks to queue
[2024-08-10T03:24:24.197+0000] {logging_mixin.py:188} INFO - [2024-08-10T03:24:24.196+0000] {dagbag.py:545} INFO - Filling up the DagBag from /home/airflow/.local/lib/python3.12/site-packages/airflow/example_dags/example_xcomargs.py
[2024-08-10T03:24:24.208+0000] {processor.py:840} INFO - DAG(s) 'example_xcom_args_with_operators', 'example_xcom_args' retrieved from /home/airflow/.local/lib/python3.12/site-packages/airflow/example_dags/example_xcomargs.py
[2024-08-10T03:24:24.236+0000] {logging_mixin.py:188} INFO - [2024-08-10T03:24:24.236+0000] {dag.py:3089} INFO - Sync 2 DAGs
[2024-08-10T03:24:24.254+0000] {logging_mixin.py:188} INFO - [2024-08-10T03:24:24.254+0000] {dag.py:3947} INFO - Setting next_dagrun for example_xcom_args to None, run_after=None
[2024-08-10T03:24:24.259+0000] {logging_mixin.py:188} INFO - [2024-08-10T03:24:24.258+0000] {dag.py:3947} INFO - Setting next_dagrun for example_xcom_args_with_operators to None, run_after=None
[2024-08-10T03:24:24.302+0000] {processor.py:183} INFO - Processing /home/airflow/.local/lib/python3.12/site-packages/airflow/example_dags/example_xcomargs.py took 0.116 seconds
[2024-08-10T03:24:54.527+0000] {processor.py:161} INFO - Started process (PID=852) to work on /home/airflow/.local/lib/python3.12/site-packages/airflow/example_dags/example_xcomargs.py
[2024-08-10T03:24:54.528+0000] {processor.py:830} INFO - Processing file /home/airflow/.local/lib/python3.12/site-packages/airflow/example_dags/example_xcomargs.py for tasks to queue
[2024-08-10T03:24:54.530+0000] {logging_mixin.py:188} INFO - [2024-08-10T03:24:54.529+0000] {dagbag.py:545} INFO - Filling up the DagBag from /home/airflow/.local/lib/python3.12/site-packages/airflow/example_dags/example_xcomargs.py
[2024-08-10T03:24:54.538+0000] {processor.py:840} INFO - DAG(s) 'example_xcom_args', 'example_xcom_args_with_operators' retrieved from /home/airflow/.local/lib/python3.12/site-packages/airflow/example_dags/example_xcomargs.py
[2024-08-10T03:24:54.564+0000] {logging_mixin.py:188} INFO - [2024-08-10T03:24:54.564+0000] {dag.py:3089} INFO - Sync 2 DAGs
[2024-08-10T03:24:54.580+0000] {logging_mixin.py:188} INFO - [2024-08-10T03:24:54.580+0000] {dag.py:3947} INFO - Setting next_dagrun for example_xcom_args to None, run_after=None
[2024-08-10T03:24:54.587+0000] {logging_mixin.py:188} INFO - [2024-08-10T03:24:54.587+0000] {dag.py:3947} INFO - Setting next_dagrun for example_xcom_args_with_operators to None, run_after=None
[2024-08-10T03:24:54.611+0000] {processor.py:183} INFO - Processing /home/airflow/.local/lib/python3.12/site-packages/airflow/example_dags/example_xcomargs.py took 0.091 seconds
[2024-08-10T03:25:25.331+0000] {processor.py:161} INFO - Started process (PID=911) to work on /home/airflow/.local/lib/python3.12/site-packages/airflow/example_dags/example_xcomargs.py
[2024-08-10T03:25:25.332+0000] {processor.py:830} INFO - Processing file /home/airflow/.local/lib/python3.12/site-packages/airflow/example_dags/example_xcomargs.py for tasks to queue
[2024-08-10T03:25:25.335+0000] {logging_mixin.py:188} INFO - [2024-08-10T03:25:25.334+0000] {dagbag.py:545} INFO - Filling up the DagBag from /home/airflow/.local/lib/python3.12/site-packages/airflow/example_dags/example_xcomargs.py
[2024-08-10T03:25:25.345+0000] {processor.py:840} INFO - DAG(s) 'example_xcom_args', 'example_xcom_args_with_operators' retrieved from /home/airflow/.local/lib/python3.12/site-packages/airflow/example_dags/example_xcomargs.py
[2024-08-10T03:25:25.375+0000] {logging_mixin.py:188} INFO - [2024-08-10T03:25:25.374+0000] {dag.py:3089} INFO - Sync 2 DAGs
[2024-08-10T03:25:25.393+0000] {logging_mixin.py:188} INFO - [2024-08-10T03:25:25.393+0000] {dag.py:3947} INFO - Setting next_dagrun for example_xcom_args to None, run_after=None
[2024-08-10T03:25:25.398+0000] {logging_mixin.py:188} INFO - [2024-08-10T03:25:25.398+0000] {dag.py:3947} INFO - Setting next_dagrun for example_xcom_args_with_operators to None, run_after=None
[2024-08-10T03:25:25.421+0000] {processor.py:183} INFO - Processing /home/airflow/.local/lib/python3.12/site-packages/airflow/example_dags/example_xcomargs.py took 0.099 seconds
[2024-08-10T03:25:55.752+0000] {processor.py:161} INFO - Started process (PID=971) to work on /home/airflow/.local/lib/python3.12/site-packages/airflow/example_dags/example_xcomargs.py
[2024-08-10T03:25:55.753+0000] {processor.py:830} INFO - Processing file /home/airflow/.local/lib/python3.12/site-packages/airflow/example_dags/example_xcomargs.py for tasks to queue
[2024-08-10T03:25:55.755+0000] {logging_mixin.py:188} INFO - [2024-08-10T03:25:55.755+0000] {dagbag.py:545} INFO - Filling up the DagBag from /home/airflow/.local/lib/python3.12/site-packages/airflow/example_dags/example_xcomargs.py
[2024-08-10T03:25:55.764+0000] {processor.py:840} INFO - DAG(s) 'example_xcom_args', 'example_xcom_args_with_operators' retrieved from /home/airflow/.local/lib/python3.12/site-packages/airflow/example_dags/example_xcomargs.py
[2024-08-10T03:25:55.789+0000] {logging_mixin.py:188} INFO - [2024-08-10T03:25:55.789+0000] {dag.py:3089} INFO - Sync 2 DAGs
[2024-08-10T03:25:55.805+0000] {logging_mixin.py:188} INFO - [2024-08-10T03:25:55.805+0000] {dag.py:3947} INFO - Setting next_dagrun for example_xcom_args to None, run_after=None
[2024-08-10T03:25:55.810+0000] {logging_mixin.py:188} INFO - [2024-08-10T03:25:55.810+0000] {dag.py:3947} INFO - Setting next_dagrun for example_xcom_args_with_operators to None, run_after=None
[2024-08-10T03:25:55.846+0000] {processor.py:183} INFO - Processing /home/airflow/.local/lib/python3.12/site-packages/airflow/example_dags/example_xcomargs.py took 0.100 seconds
[2024-08-10T03:26:26.337+0000] {processor.py:161} INFO - Started process (PID=1031) to work on /home/airflow/.local/lib/python3.12/site-packages/airflow/example_dags/example_xcomargs.py
[2024-08-10T03:26:26.338+0000] {processor.py:830} INFO - Processing file /home/airflow/.local/lib/python3.12/site-packages/airflow/example_dags/example_xcomargs.py for tasks to queue
[2024-08-10T03:26:26.340+0000] {logging_mixin.py:188} INFO - [2024-08-10T03:26:26.340+0000] {dagbag.py:545} INFO - Filling up the DagBag from /home/airflow/.local/lib/python3.12/site-packages/airflow/example_dags/example_xcomargs.py
[2024-08-10T03:26:26.349+0000] {processor.py:840} INFO - DAG(s) 'example_xcom_args', 'example_xcom_args_with_operators' retrieved from /home/airflow/.local/lib/python3.12/site-packages/airflow/example_dags/example_xcomargs.py
[2024-08-10T03:26:26.373+0000] {logging_mixin.py:188} INFO - [2024-08-10T03:26:26.373+0000] {dag.py:3089} INFO - Sync 2 DAGs
[2024-08-10T03:26:26.388+0000] {logging_mixin.py:188} INFO - [2024-08-10T03:26:26.388+0000] {dag.py:3947} INFO - Setting next_dagrun for example_xcom_args to None, run_after=None
[2024-08-10T03:26:26.392+0000] {logging_mixin.py:188} INFO - [2024-08-10T03:26:26.392+0000] {dag.py:3947} INFO - Setting next_dagrun for example_xcom_args_with_operators to None, run_after=None
[2024-08-10T03:26:26.420+0000] {processor.py:183} INFO - Processing /home/airflow/.local/lib/python3.12/site-packages/airflow/example_dags/example_xcomargs.py took 0.089 seconds
[2024-08-10T03:26:57.008+0000] {processor.py:161} INFO - Started process (PID=1093) to work on /home/airflow/.local/lib/python3.12/site-packages/airflow/example_dags/example_xcomargs.py
[2024-08-10T03:26:57.009+0000] {processor.py:830} INFO - Processing file /home/airflow/.local/lib/python3.12/site-packages/airflow/example_dags/example_xcomargs.py for tasks to queue
[2024-08-10T03:26:57.012+0000] {logging_mixin.py:188} INFO - [2024-08-10T03:26:57.011+0000] {dagbag.py:545} INFO - Filling up the DagBag from /home/airflow/.local/lib/python3.12/site-packages/airflow/example_dags/example_xcomargs.py
[2024-08-10T03:26:57.021+0000] {processor.py:840} INFO - DAG(s) 'example_xcom_args', 'example_xcom_args_with_operators' retrieved from /home/airflow/.local/lib/python3.12/site-packages/airflow/example_dags/example_xcomargs.py
[2024-08-10T03:26:57.048+0000] {logging_mixin.py:188} INFO - [2024-08-10T03:26:57.048+0000] {dag.py:3089} INFO - Sync 2 DAGs
[2024-08-10T03:26:57.066+0000] {logging_mixin.py:188} INFO - [2024-08-10T03:26:57.066+0000] {dag.py:3947} INFO - Setting next_dagrun for example_xcom_args to None, run_after=None
[2024-08-10T03:26:57.071+0000] {logging_mixin.py:188} INFO - [2024-08-10T03:26:57.070+0000] {dag.py:3947} INFO - Setting next_dagrun for example_xcom_args_with_operators to None, run_after=None
[2024-08-10T03:26:57.099+0000] {processor.py:183} INFO - Processing /home/airflow/.local/lib/python3.12/site-packages/airflow/example_dags/example_xcomargs.py took 0.098 seconds
[2024-08-10T03:27:28.197+0000] {processor.py:161} INFO - Started process (PID=1153) to work on /home/airflow/.local/lib/python3.12/site-packages/airflow/example_dags/example_xcomargs.py
[2024-08-10T03:27:28.198+0000] {processor.py:830} INFO - Processing file /home/airflow/.local/lib/python3.12/site-packages/airflow/example_dags/example_xcomargs.py for tasks to queue
[2024-08-10T03:27:28.201+0000] {logging_mixin.py:188} INFO - [2024-08-10T03:27:28.200+0000] {dagbag.py:545} INFO - Filling up the DagBag from /home/airflow/.local/lib/python3.12/site-packages/airflow/example_dags/example_xcomargs.py
[2024-08-10T03:27:28.211+0000] {processor.py:840} INFO - DAG(s) 'example_xcom_args_with_operators', 'example_xcom_args' retrieved from /home/airflow/.local/lib/python3.12/site-packages/airflow/example_dags/example_xcomargs.py
[2024-08-10T03:27:28.238+0000] {logging_mixin.py:188} INFO - [2024-08-10T03:27:28.238+0000] {dag.py:3089} INFO - Sync 2 DAGs
[2024-08-10T03:27:28.255+0000] {logging_mixin.py:188} INFO - [2024-08-10T03:27:28.254+0000] {dag.py:3947} INFO - Setting next_dagrun for example_xcom_args to None, run_after=None
[2024-08-10T03:27:28.260+0000] {logging_mixin.py:188} INFO - [2024-08-10T03:27:28.260+0000] {dag.py:3947} INFO - Setting next_dagrun for example_xcom_args_with_operators to None, run_after=None
[2024-08-10T03:27:28.288+0000] {processor.py:183} INFO - Processing /home/airflow/.local/lib/python3.12/site-packages/airflow/example_dags/example_xcomargs.py took 0.099 seconds
[2024-08-10T03:27:59.226+0000] {processor.py:161} INFO - Started process (PID=1211) to work on /home/airflow/.local/lib/python3.12/site-packages/airflow/example_dags/example_xcomargs.py
[2024-08-10T03:27:59.237+0000] {processor.py:830} INFO - Processing file /home/airflow/.local/lib/python3.12/site-packages/airflow/example_dags/example_xcomargs.py for tasks to queue
[2024-08-10T03:27:59.239+0000] {logging_mixin.py:188} INFO - [2024-08-10T03:27:59.239+0000] {dagbag.py:545} INFO - Filling up the DagBag from /home/airflow/.local/lib/python3.12/site-packages/airflow/example_dags/example_xcomargs.py
[2024-08-10T03:27:59.263+0000] {processor.py:840} INFO - DAG(s) 'example_xcom_args', 'example_xcom_args_with_operators' retrieved from /home/airflow/.local/lib/python3.12/site-packages/airflow/example_dags/example_xcomargs.py
[2024-08-10T03:27:59.293+0000] {logging_mixin.py:188} INFO - [2024-08-10T03:27:59.292+0000] {dag.py:3089} INFO - Sync 2 DAGs
[2024-08-10T03:27:59.309+0000] {logging_mixin.py:188} INFO - [2024-08-10T03:27:59.309+0000] {dag.py:3947} INFO - Setting next_dagrun for example_xcom_args to None, run_after=None
[2024-08-10T03:27:59.313+0000] {logging_mixin.py:188} INFO - [2024-08-10T03:27:59.313+0000] {dag.py:3947} INFO - Setting next_dagrun for example_xcom_args_with_operators to None, run_after=None
[2024-08-10T03:27:59.345+0000] {processor.py:183} INFO - Processing /home/airflow/.local/lib/python3.12/site-packages/airflow/example_dags/example_xcomargs.py took 0.136 seconds
[2024-08-10T03:28:30.132+0000] {processor.py:161} INFO - Started process (PID=1271) to work on /home/airflow/.local/lib/python3.12/site-packages/airflow/example_dags/example_xcomargs.py
[2024-08-10T03:28:30.133+0000] {processor.py:830} INFO - Processing file /home/airflow/.local/lib/python3.12/site-packages/airflow/example_dags/example_xcomargs.py for tasks to queue
[2024-08-10T03:28:30.138+0000] {logging_mixin.py:188} INFO - [2024-08-10T03:28:30.137+0000] {dagbag.py:545} INFO - Filling up the DagBag from /home/airflow/.local/lib/python3.12/site-packages/airflow/example_dags/example_xcomargs.py
[2024-08-10T03:28:30.196+0000] {processor.py:840} INFO - DAG(s) 'example_xcom_args', 'example_xcom_args_with_operators' retrieved from /home/airflow/.local/lib/python3.12/site-packages/airflow/example_dags/example_xcomargs.py
[2024-08-10T03:28:30.312+0000] {logging_mixin.py:188} INFO - [2024-08-10T03:28:30.312+0000] {dag.py:3089} INFO - Sync 2 DAGs
[2024-08-10T03:28:30.372+0000] {logging_mixin.py:188} INFO - [2024-08-10T03:28:30.372+0000] {dag.py:3947} INFO - Setting next_dagrun for example_xcom_args to None, run_after=None
[2024-08-10T03:28:30.389+0000] {logging_mixin.py:188} INFO - [2024-08-10T03:28:30.389+0000] {dag.py:3947} INFO - Setting next_dagrun for example_xcom_args_with_operators to None, run_after=None
[2024-08-10T03:28:30.427+0000] {processor.py:183} INFO - Processing /home/airflow/.local/lib/python3.12/site-packages/airflow/example_dags/example_xcomargs.py took 0.326 seconds
[2024-08-10T03:29:01.792+0000] {processor.py:161} INFO - Started process (PID=1331) to work on /home/airflow/.local/lib/python3.12/site-packages/airflow/example_dags/example_xcomargs.py
[2024-08-10T03:29:01.793+0000] {processor.py:830} INFO - Processing file /home/airflow/.local/lib/python3.12/site-packages/airflow/example_dags/example_xcomargs.py for tasks to queue
[2024-08-10T03:29:01.795+0000] {logging_mixin.py:188} INFO - [2024-08-10T03:29:01.795+0000] {dagbag.py:545} INFO - Filling up the DagBag from /home/airflow/.local/lib/python3.12/site-packages/airflow/example_dags/example_xcomargs.py
[2024-08-10T03:29:01.808+0000] {processor.py:840} INFO - DAG(s) 'example_xcom_args_with_operators', 'example_xcom_args' retrieved from /home/airflow/.local/lib/python3.12/site-packages/airflow/example_dags/example_xcomargs.py
[2024-08-10T03:29:01.992+0000] {logging_mixin.py:188} INFO - [2024-08-10T03:29:01.991+0000] {dag.py:3089} INFO - Sync 2 DAGs
[2024-08-10T03:29:02.192+0000] {logging_mixin.py:188} INFO - [2024-08-10T03:29:02.192+0000] {dag.py:3947} INFO - Setting next_dagrun for example_xcom_args to None, run_after=None
[2024-08-10T03:29:02.224+0000] {logging_mixin.py:188} INFO - [2024-08-10T03:29:02.224+0000] {dag.py:3947} INFO - Setting next_dagrun for example_xcom_args_with_operators to None, run_after=None
[2024-08-10T03:29:02.276+0000] {processor.py:183} INFO - Processing /home/airflow/.local/lib/python3.12/site-packages/airflow/example_dags/example_xcomargs.py took 0.492 seconds
[2024-08-10T03:29:42.401+0000] {processor.py:161} INFO - Started process (PID=1397) to work on /home/airflow/.local/lib/python3.12/site-packages/airflow/example_dags/example_xcomargs.py
[2024-08-10T03:29:42.406+0000] {processor.py:830} INFO - Processing file /home/airflow/.local/lib/python3.12/site-packages/airflow/example_dags/example_xcomargs.py for tasks to queue
[2024-08-10T03:29:42.409+0000] {logging_mixin.py:188} INFO - [2024-08-10T03:29:42.409+0000] {dagbag.py:545} INFO - Filling up the DagBag from /home/airflow/.local/lib/python3.12/site-packages/airflow/example_dags/example_xcomargs.py
[2024-08-10T03:29:42.423+0000] {processor.py:840} INFO - DAG(s) 'example_xcom_args', 'example_xcom_args_with_operators' retrieved from /home/airflow/.local/lib/python3.12/site-packages/airflow/example_dags/example_xcomargs.py
[2024-08-10T03:29:42.486+0000] {logging_mixin.py:188} INFO - [2024-08-10T03:29:42.485+0000] {dag.py:3089} INFO - Sync 2 DAGs
[2024-08-10T03:29:42.510+0000] {logging_mixin.py:188} INFO - [2024-08-10T03:29:42.510+0000] {dag.py:3947} INFO - Setting next_dagrun for example_xcom_args to None, run_after=None
[2024-08-10T03:29:42.518+0000] {logging_mixin.py:188} INFO - [2024-08-10T03:29:42.517+0000] {dag.py:3947} INFO - Setting next_dagrun for example_xcom_args_with_operators to None, run_after=None
[2024-08-10T03:29:42.608+0000] {processor.py:183} INFO - Processing /home/airflow/.local/lib/python3.12/site-packages/airflow/example_dags/example_xcomargs.py took 0.217 seconds
[2024-08-10T03:30:31.897+0000] {processor.py:161} INFO - Started process (PID=1457) to work on /home/airflow/.local/lib/python3.12/site-packages/airflow/example_dags/example_xcomargs.py
[2024-08-10T03:30:31.931+0000] {processor.py:830} INFO - Processing file /home/airflow/.local/lib/python3.12/site-packages/airflow/example_dags/example_xcomargs.py for tasks to queue
[2024-08-10T03:30:31.933+0000] {logging_mixin.py:188} INFO - [2024-08-10T03:30:31.933+0000] {dagbag.py:545} INFO - Filling up the DagBag from /home/airflow/.local/lib/python3.12/site-packages/airflow/example_dags/example_xcomargs.py
[2024-08-10T03:30:31.942+0000] {processor.py:840} INFO - DAG(s) 'example_xcom_args_with_operators', 'example_xcom_args' retrieved from /home/airflow/.local/lib/python3.12/site-packages/airflow/example_dags/example_xcomargs.py
[2024-08-10T03:30:31.970+0000] {logging_mixin.py:188} INFO - [2024-08-10T03:30:31.970+0000] {dag.py:3089} INFO - Sync 2 DAGs
[2024-08-10T03:30:31.985+0000] {logging_mixin.py:188} INFO - [2024-08-10T03:30:31.985+0000] {dag.py:3947} INFO - Setting next_dagrun for example_xcom_args to None, run_after=None
[2024-08-10T03:30:31.990+0000] {logging_mixin.py:188} INFO - [2024-08-10T03:30:31.989+0000] {dag.py:3947} INFO - Setting next_dagrun for example_xcom_args_with_operators to None, run_after=None
[2024-08-10T03:30:32.363+0000] {processor.py:183} INFO - Processing /home/airflow/.local/lib/python3.12/site-packages/airflow/example_dags/example_xcomargs.py took 0.472 seconds
[2024-08-10T03:31:03.009+0000] {processor.py:161} INFO - Started process (PID=1516) to work on /home/airflow/.local/lib/python3.12/site-packages/airflow/example_dags/example_xcomargs.py
[2024-08-10T03:31:03.011+0000] {processor.py:830} INFO - Processing file /home/airflow/.local/lib/python3.12/site-packages/airflow/example_dags/example_xcomargs.py for tasks to queue
[2024-08-10T03:31:03.016+0000] {logging_mixin.py:188} INFO - [2024-08-10T03:31:03.015+0000] {dagbag.py:545} INFO - Filling up the DagBag from /home/airflow/.local/lib/python3.12/site-packages/airflow/example_dags/example_xcomargs.py
[2024-08-10T03:31:03.031+0000] {processor.py:840} INFO - DAG(s) 'example_xcom_args', 'example_xcom_args_with_operators' retrieved from /home/airflow/.local/lib/python3.12/site-packages/airflow/example_dags/example_xcomargs.py
[2024-08-10T03:31:03.074+0000] {logging_mixin.py:188} INFO - [2024-08-10T03:31:03.074+0000] {dag.py:3089} INFO - Sync 2 DAGs
[2024-08-10T03:31:03.091+0000] {logging_mixin.py:188} INFO - [2024-08-10T03:31:03.091+0000] {dag.py:3947} INFO - Setting next_dagrun for example_xcom_args to None, run_after=None
[2024-08-10T03:31:03.096+0000] {logging_mixin.py:188} INFO - [2024-08-10T03:31:03.095+0000] {dag.py:3947} INFO - Setting next_dagrun for example_xcom_args_with_operators to None, run_after=None
[2024-08-10T03:31:03.126+0000] {processor.py:183} INFO - Processing /home/airflow/.local/lib/python3.12/site-packages/airflow/example_dags/example_xcomargs.py took 0.128 seconds
[2024-08-10T03:31:42.539+0000] {processor.py:161} INFO - Started process (PID=1576) to work on /home/airflow/.local/lib/python3.12/site-packages/airflow/example_dags/example_xcomargs.py
[2024-08-10T03:31:42.541+0000] {processor.py:830} INFO - Processing file /home/airflow/.local/lib/python3.12/site-packages/airflow/example_dags/example_xcomargs.py for tasks to queue
[2024-08-10T03:31:42.543+0000] {logging_mixin.py:188} INFO - [2024-08-10T03:31:42.542+0000] {dagbag.py:545} INFO - Filling up the DagBag from /home/airflow/.local/lib/python3.12/site-packages/airflow/example_dags/example_xcomargs.py
[2024-08-10T03:31:42.584+0000] {processor.py:840} INFO - DAG(s) 'example_xcom_args_with_operators', 'example_xcom_args' retrieved from /home/airflow/.local/lib/python3.12/site-packages/airflow/example_dags/example_xcomargs.py
[2024-08-10T03:31:42.761+0000] {logging_mixin.py:188} INFO - [2024-08-10T03:31:42.761+0000] {dag.py:3089} INFO - Sync 2 DAGs
[2024-08-10T03:31:42.851+0000] {logging_mixin.py:188} INFO - [2024-08-10T03:31:42.851+0000] {dag.py:3947} INFO - Setting next_dagrun for example_xcom_args to None, run_after=None
[2024-08-10T03:31:42.870+0000] {logging_mixin.py:188} INFO - [2024-08-10T03:31:42.870+0000] {dag.py:3947} INFO - Setting next_dagrun for example_xcom_args_with_operators to None, run_after=None
[2024-08-10T03:31:43.150+0000] {processor.py:183} INFO - Processing /home/airflow/.local/lib/python3.12/site-packages/airflow/example_dags/example_xcomargs.py took 0.619 seconds
[2024-08-10T03:32:37.322+0000] {processor.py:161} INFO - Started process (PID=1637) to work on /home/airflow/.local/lib/python3.12/site-packages/airflow/example_dags/example_xcomargs.py
[2024-08-10T03:32:37.328+0000] {processor.py:830} INFO - Processing file /home/airflow/.local/lib/python3.12/site-packages/airflow/example_dags/example_xcomargs.py for tasks to queue
[2024-08-10T03:32:37.330+0000] {logging_mixin.py:188} INFO - [2024-08-10T03:32:37.329+0000] {dagbag.py:545} INFO - Filling up the DagBag from /home/airflow/.local/lib/python3.12/site-packages/airflow/example_dags/example_xcomargs.py
[2024-08-10T03:32:37.341+0000] {processor.py:840} INFO - DAG(s) 'example_xcom_args_with_operators', 'example_xcom_args' retrieved from /home/airflow/.local/lib/python3.12/site-packages/airflow/example_dags/example_xcomargs.py
[2024-08-10T03:32:37.390+0000] {logging_mixin.py:188} INFO - [2024-08-10T03:32:37.390+0000] {dag.py:3089} INFO - Sync 2 DAGs
[2024-08-10T03:32:37.408+0000] {logging_mixin.py:188} INFO - [2024-08-10T03:32:37.408+0000] {dag.py:3947} INFO - Setting next_dagrun for example_xcom_args to None, run_after=None
[2024-08-10T03:32:37.413+0000] {logging_mixin.py:188} INFO - [2024-08-10T03:32:37.413+0000] {dag.py:3947} INFO - Setting next_dagrun for example_xcom_args_with_operators to None, run_after=None
[2024-08-10T03:32:37.436+0000] {processor.py:183} INFO - Processing /home/airflow/.local/lib/python3.12/site-packages/airflow/example_dags/example_xcomargs.py took 0.126 seconds
[2024-08-10T03:33:24.374+0000] {processor.py:161} INFO - Started process (PID=1700) to work on /home/airflow/.local/lib/python3.12/site-packages/airflow/example_dags/example_xcomargs.py
[2024-08-10T03:33:24.379+0000] {processor.py:830} INFO - Processing file /home/airflow/.local/lib/python3.12/site-packages/airflow/example_dags/example_xcomargs.py for tasks to queue
[2024-08-10T03:33:24.382+0000] {logging_mixin.py:188} INFO - [2024-08-10T03:33:24.381+0000] {dagbag.py:545} INFO - Filling up the DagBag from /home/airflow/.local/lib/python3.12/site-packages/airflow/example_dags/example_xcomargs.py
[2024-08-10T03:33:24.396+0000] {processor.py:840} INFO - DAG(s) 'example_xcom_args_with_operators', 'example_xcom_args' retrieved from /home/airflow/.local/lib/python3.12/site-packages/airflow/example_dags/example_xcomargs.py
[2024-08-10T03:33:24.426+0000] {logging_mixin.py:188} INFO - [2024-08-10T03:33:24.426+0000] {dag.py:3089} INFO - Sync 2 DAGs
[2024-08-10T03:33:24.440+0000] {logging_mixin.py:188} INFO - [2024-08-10T03:33:24.439+0000] {dag.py:3947} INFO - Setting next_dagrun for example_xcom_args to None, run_after=None
[2024-08-10T03:33:24.447+0000] {logging_mixin.py:188} INFO - [2024-08-10T03:33:24.446+0000] {dag.py:3947} INFO - Setting next_dagrun for example_xcom_args_with_operators to None, run_after=None
[2024-08-10T03:33:24.468+0000] {processor.py:183} INFO - Processing /home/airflow/.local/lib/python3.12/site-packages/airflow/example_dags/example_xcomargs.py took 0.110 seconds
[2024-08-10T03:34:38.708+0000] {processor.py:161} INFO - Started process (PID=1768) to work on /home/airflow/.local/lib/python3.12/site-packages/airflow/example_dags/example_xcomargs.py
[2024-08-10T03:34:38.709+0000] {processor.py:830} INFO - Processing file /home/airflow/.local/lib/python3.12/site-packages/airflow/example_dags/example_xcomargs.py for tasks to queue
[2024-08-10T03:34:38.710+0000] {logging_mixin.py:188} INFO - [2024-08-10T03:34:38.710+0000] {dagbag.py:545} INFO - Filling up the DagBag from /home/airflow/.local/lib/python3.12/site-packages/airflow/example_dags/example_xcomargs.py
[2024-08-10T03:34:38.721+0000] {processor.py:840} INFO - DAG(s) 'example_xcom_args_with_operators', 'example_xcom_args' retrieved from /home/airflow/.local/lib/python3.12/site-packages/airflow/example_dags/example_xcomargs.py
[2024-08-10T03:34:38.758+0000] {logging_mixin.py:188} INFO - [2024-08-10T03:34:38.758+0000] {dag.py:3089} INFO - Sync 2 DAGs
[2024-08-10T03:34:38.791+0000] {logging_mixin.py:188} INFO - [2024-08-10T03:34:38.790+0000] {dag.py:3947} INFO - Setting next_dagrun for example_xcom_args to None, run_after=None
[2024-08-10T03:34:38.830+0000] {logging_mixin.py:188} INFO - [2024-08-10T03:34:38.830+0000] {dag.py:3947} INFO - Setting next_dagrun for example_xcom_args_with_operators to None, run_after=None
[2024-08-10T03:34:40.035+0000] {processor.py:183} INFO - Processing /home/airflow/.local/lib/python3.12/site-packages/airflow/example_dags/example_xcomargs.py took 1.336 seconds
[2024-08-10T03:35:35.794+0000] {processor.py:161} INFO - Started process (PID=1834) to work on /home/airflow/.local/lib/python3.12/site-packages/airflow/example_dags/example_xcomargs.py
[2024-08-10T03:35:35.795+0000] {processor.py:830} INFO - Processing file /home/airflow/.local/lib/python3.12/site-packages/airflow/example_dags/example_xcomargs.py for tasks to queue
[2024-08-10T03:35:35.796+0000] {logging_mixin.py:188} INFO - [2024-08-10T03:35:35.796+0000] {dagbag.py:545} INFO - Filling up the DagBag from /home/airflow/.local/lib/python3.12/site-packages/airflow/example_dags/example_xcomargs.py
[2024-08-10T03:35:35.807+0000] {processor.py:840} INFO - DAG(s) 'example_xcom_args_with_operators', 'example_xcom_args' retrieved from /home/airflow/.local/lib/python3.12/site-packages/airflow/example_dags/example_xcomargs.py
[2024-08-10T03:35:35.841+0000] {logging_mixin.py:188} INFO - [2024-08-10T03:35:35.841+0000] {dag.py:3089} INFO - Sync 2 DAGs
[2024-08-10T03:35:35.857+0000] {logging_mixin.py:188} INFO - [2024-08-10T03:35:35.857+0000] {dag.py:3947} INFO - Setting next_dagrun for example_xcom_args to None, run_after=None
[2024-08-10T03:35:35.865+0000] {logging_mixin.py:188} INFO - [2024-08-10T03:35:35.865+0000] {dag.py:3947} INFO - Setting next_dagrun for example_xcom_args_with_operators to None, run_after=None
[2024-08-10T03:35:36.299+0000] {processor.py:183} INFO - Processing /home/airflow/.local/lib/python3.12/site-packages/airflow/example_dags/example_xcomargs.py took 0.512 seconds
[2024-08-10T03:36:06.558+0000] {processor.py:161} INFO - Started process (PID=1892) to work on /home/airflow/.local/lib/python3.12/site-packages/airflow/example_dags/example_xcomargs.py
[2024-08-10T03:36:06.560+0000] {processor.py:830} INFO - Processing file /home/airflow/.local/lib/python3.12/site-packages/airflow/example_dags/example_xcomargs.py for tasks to queue
[2024-08-10T03:36:06.561+0000] {logging_mixin.py:188} INFO - [2024-08-10T03:36:06.561+0000] {dagbag.py:545} INFO - Filling up the DagBag from /home/airflow/.local/lib/python3.12/site-packages/airflow/example_dags/example_xcomargs.py
[2024-08-10T03:36:06.573+0000] {processor.py:840} INFO - DAG(s) 'example_xcom_args_with_operators', 'example_xcom_args' retrieved from /home/airflow/.local/lib/python3.12/site-packages/airflow/example_dags/example_xcomargs.py
[2024-08-10T03:36:06.603+0000] {logging_mixin.py:188} INFO - [2024-08-10T03:36:06.603+0000] {dag.py:3089} INFO - Sync 2 DAGs
[2024-08-10T03:36:06.619+0000] {logging_mixin.py:188} INFO - [2024-08-10T03:36:06.619+0000] {dag.py:3947} INFO - Setting next_dagrun for example_xcom_args to None, run_after=None
[2024-08-10T03:36:06.623+0000] {logging_mixin.py:188} INFO - [2024-08-10T03:36:06.623+0000] {dag.py:3947} INFO - Setting next_dagrun for example_xcom_args_with_operators to None, run_after=None
[2024-08-10T03:36:07.203+0000] {processor.py:183} INFO - Processing /home/airflow/.local/lib/python3.12/site-packages/airflow/example_dags/example_xcomargs.py took 0.652 seconds
[2024-08-10T03:37:02.523+0000] {processor.py:161} INFO - Started process (PID=1944) to work on /home/airflow/.local/lib/python3.12/site-packages/airflow/example_dags/example_xcomargs.py
[2024-08-10T03:37:02.533+0000] {processor.py:830} INFO - Processing file /home/airflow/.local/lib/python3.12/site-packages/airflow/example_dags/example_xcomargs.py for tasks to queue
[2024-08-10T03:37:02.567+0000] {logging_mixin.py:188} INFO - [2024-08-10T03:37:02.566+0000] {dagbag.py:545} INFO - Filling up the DagBag from /home/airflow/.local/lib/python3.12/site-packages/airflow/example_dags/example_xcomargs.py
[2024-08-10T03:37:02.662+0000] {processor.py:840} INFO - DAG(s) 'example_xcom_args', 'example_xcom_args_with_operators' retrieved from /home/airflow/.local/lib/python3.12/site-packages/airflow/example_dags/example_xcomargs.py
[2024-08-10T03:37:02.729+0000] {logging_mixin.py:188} INFO - [2024-08-10T03:37:02.729+0000] {dag.py:3089} INFO - Sync 2 DAGs
[2024-08-10T03:37:02.860+0000] {logging_mixin.py:188} INFO - [2024-08-10T03:37:02.860+0000] {dag.py:3947} INFO - Setting next_dagrun for example_xcom_args to None, run_after=None
[2024-08-10T03:37:02.876+0000] {logging_mixin.py:188} INFO - [2024-08-10T03:37:02.876+0000] {dag.py:3947} INFO - Setting next_dagrun for example_xcom_args_with_operators to None, run_after=None
[2024-08-10T03:37:03.196+0000] {processor.py:183} INFO - Processing /home/airflow/.local/lib/python3.12/site-packages/airflow/example_dags/example_xcomargs.py took 0.697 seconds
[2024-08-10T03:38:13.748+0000] {processor.py:161} INFO - Started process (PID=2014) to work on /home/airflow/.local/lib/python3.12/site-packages/airflow/example_dags/example_xcomargs.py
[2024-08-10T03:38:13.768+0000] {processor.py:830} INFO - Processing file /home/airflow/.local/lib/python3.12/site-packages/airflow/example_dags/example_xcomargs.py for tasks to queue
[2024-08-10T03:38:13.773+0000] {logging_mixin.py:188} INFO - [2024-08-10T03:38:13.771+0000] {dagbag.py:545} INFO - Filling up the DagBag from /home/airflow/.local/lib/python3.12/site-packages/airflow/example_dags/example_xcomargs.py
[2024-08-10T03:38:14.132+0000] {processor.py:840} INFO - DAG(s) 'example_xcom_args', 'example_xcom_args_with_operators' retrieved from /home/airflow/.local/lib/python3.12/site-packages/airflow/example_dags/example_xcomargs.py
[2024-08-10T03:38:14.418+0000] {logging_mixin.py:188} INFO - [2024-08-10T03:38:14.418+0000] {dag.py:3089} INFO - Sync 2 DAGs
[2024-08-10T03:38:14.462+0000] {logging_mixin.py:188} INFO - [2024-08-10T03:38:14.462+0000] {dag.py:3947} INFO - Setting next_dagrun for example_xcom_args to None, run_after=None
[2024-08-10T03:38:14.480+0000] {logging_mixin.py:188} INFO - [2024-08-10T03:38:14.480+0000] {dag.py:3947} INFO - Setting next_dagrun for example_xcom_args_with_operators to None, run_after=None
[2024-08-10T03:38:14.557+0000] {processor.py:183} INFO - Processing /home/airflow/.local/lib/python3.12/site-packages/airflow/example_dags/example_xcomargs.py took 0.816 seconds
