[2024-08-10T03:18:21.530+0000] {processor.py:161} INFO - Started process (PID=87) to work on /home/airflow/.local/lib/python3.12/site-packages/airflow/example_dags/example_xcom.py
[2024-08-10T03:18:21.537+0000] {processor.py:830} INFO - Processing file /home/airflow/.local/lib/python3.12/site-packages/airflow/example_dags/example_xcom.py for tasks to queue
[2024-08-10T03:18:21.584+0000] {logging_mixin.py:188} INFO - [2024-08-10T03:18:21.581+0000] {dagbag.py:545} INFO - Filling up the DagBag from /home/airflow/.local/lib/python3.12/site-packages/airflow/example_dags/example_xcom.py
[2024-08-10T03:18:21.695+0000] {processor.py:840} INFO - DAG(s) 'example_xcom' retrieved from /home/airflow/.local/lib/python3.12/site-packages/airflow/example_dags/example_xcom.py
[2024-08-10T03:18:21.950+0000] {logging_mixin.py:188} INFO - [2024-08-10T03:18:21.950+0000] {dag.py:3089} INFO - Sync 1 DAGs
[2024-08-10T03:18:22.066+0000] {logging_mixin.py:188} INFO - [2024-08-10T03:18:22.066+0000] {dag.py:3947} INFO - Setting next_dagrun for example_xcom to 2021-01-01 00:00:00+00:00, run_after=2021-01-01 00:00:00+00:00
[2024-08-10T03:18:22.155+0000] {processor.py:183} INFO - Processing /home/airflow/.local/lib/python3.12/site-packages/airflow/example_dags/example_xcom.py took 0.700 seconds
[2024-08-10T03:18:52.371+0000] {processor.py:161} INFO - Started process (PID=145) to work on /home/airflow/.local/lib/python3.12/site-packages/airflow/example_dags/example_xcom.py
[2024-08-10T03:18:52.378+0000] {processor.py:830} INFO - Processing file /home/airflow/.local/lib/python3.12/site-packages/airflow/example_dags/example_xcom.py for tasks to queue
[2024-08-10T03:18:52.380+0000] {logging_mixin.py:188} INFO - [2024-08-10T03:18:52.380+0000] {dagbag.py:545} INFO - Filling up the DagBag from /home/airflow/.local/lib/python3.12/site-packages/airflow/example_dags/example_xcom.py
[2024-08-10T03:18:52.389+0000] {processor.py:840} INFO - DAG(s) 'example_xcom' retrieved from /home/airflow/.local/lib/python3.12/site-packages/airflow/example_dags/example_xcom.py
[2024-08-10T03:18:52.413+0000] {logging_mixin.py:188} INFO - [2024-08-10T03:18:52.413+0000] {dag.py:3089} INFO - Sync 1 DAGs
[2024-08-10T03:18:52.437+0000] {logging_mixin.py:188} INFO - [2024-08-10T03:18:52.436+0000] {dag.py:3947} INFO - Setting next_dagrun for example_xcom to 2021-01-01 00:00:00+00:00, run_after=2021-01-01 00:00:00+00:00
[2024-08-10T03:18:52.574+0000] {processor.py:183} INFO - Processing /home/airflow/.local/lib/python3.12/site-packages/airflow/example_dags/example_xcom.py took 0.210 seconds
[2024-08-10T03:19:22.865+0000] {processor.py:161} INFO - Started process (PID=205) to work on /home/airflow/.local/lib/python3.12/site-packages/airflow/example_dags/example_xcom.py
[2024-08-10T03:19:22.866+0000] {processor.py:830} INFO - Processing file /home/airflow/.local/lib/python3.12/site-packages/airflow/example_dags/example_xcom.py for tasks to queue
[2024-08-10T03:19:22.870+0000] {logging_mixin.py:188} INFO - [2024-08-10T03:19:22.869+0000] {dagbag.py:545} INFO - Filling up the DagBag from /home/airflow/.local/lib/python3.12/site-packages/airflow/example_dags/example_xcom.py
[2024-08-10T03:19:22.883+0000] {processor.py:840} INFO - DAG(s) 'example_xcom' retrieved from /home/airflow/.local/lib/python3.12/site-packages/airflow/example_dags/example_xcom.py
[2024-08-10T03:19:22.917+0000] {logging_mixin.py:188} INFO - [2024-08-10T03:19:22.917+0000] {dag.py:3089} INFO - Sync 1 DAGs
[2024-08-10T03:19:22.945+0000] {logging_mixin.py:188} INFO - [2024-08-10T03:19:22.945+0000] {dag.py:3947} INFO - Setting next_dagrun for example_xcom to 2021-01-01 00:00:00+00:00, run_after=2021-01-01 00:00:00+00:00
[2024-08-10T03:19:22.973+0000] {processor.py:183} INFO - Processing /home/airflow/.local/lib/python3.12/site-packages/airflow/example_dags/example_xcom.py took 0.116 seconds
[2024-08-10T03:19:53.708+0000] {processor.py:161} INFO - Started process (PID=265) to work on /home/airflow/.local/lib/python3.12/site-packages/airflow/example_dags/example_xcom.py
[2024-08-10T03:19:53.712+0000] {processor.py:830} INFO - Processing file /home/airflow/.local/lib/python3.12/site-packages/airflow/example_dags/example_xcom.py for tasks to queue
[2024-08-10T03:19:53.715+0000] {logging_mixin.py:188} INFO - [2024-08-10T03:19:53.714+0000] {dagbag.py:545} INFO - Filling up the DagBag from /home/airflow/.local/lib/python3.12/site-packages/airflow/example_dags/example_xcom.py
[2024-08-10T03:19:53.733+0000] {processor.py:840} INFO - DAG(s) 'example_xcom' retrieved from /home/airflow/.local/lib/python3.12/site-packages/airflow/example_dags/example_xcom.py
[2024-08-10T03:19:53.773+0000] {logging_mixin.py:188} INFO - [2024-08-10T03:19:53.772+0000] {dag.py:3089} INFO - Sync 1 DAGs
[2024-08-10T03:19:53.817+0000] {logging_mixin.py:188} INFO - [2024-08-10T03:19:53.816+0000] {dag.py:3947} INFO - Setting next_dagrun for example_xcom to 2021-01-01 00:00:00+00:00, run_after=2021-01-01 00:00:00+00:00
[2024-08-10T03:19:53.862+0000] {processor.py:183} INFO - Processing /home/airflow/.local/lib/python3.12/site-packages/airflow/example_dags/example_xcom.py took 0.164 seconds
[2024-08-10T03:20:28.281+0000] {processor.py:161} INFO - Started process (PID=326) to work on /home/airflow/.local/lib/python3.12/site-packages/airflow/example_dags/example_xcom.py
[2024-08-10T03:20:28.283+0000] {processor.py:830} INFO - Processing file /home/airflow/.local/lib/python3.12/site-packages/airflow/example_dags/example_xcom.py for tasks to queue
[2024-08-10T03:20:28.285+0000] {logging_mixin.py:188} INFO - [2024-08-10T03:20:28.285+0000] {dagbag.py:545} INFO - Filling up the DagBag from /home/airflow/.local/lib/python3.12/site-packages/airflow/example_dags/example_xcom.py
[2024-08-10T03:20:28.293+0000] {processor.py:840} INFO - DAG(s) 'example_xcom' retrieved from /home/airflow/.local/lib/python3.12/site-packages/airflow/example_dags/example_xcom.py
[2024-08-10T03:20:28.327+0000] {logging_mixin.py:188} INFO - [2024-08-10T03:20:28.327+0000] {dag.py:3089} INFO - Sync 1 DAGs
[2024-08-10T03:20:28.375+0000] {logging_mixin.py:188} INFO - [2024-08-10T03:20:28.375+0000] {dag.py:3947} INFO - Setting next_dagrun for example_xcom to 2021-01-01 00:00:00+00:00, run_after=2021-01-01 00:00:00+00:00
[2024-08-10T03:20:28.410+0000] {processor.py:183} INFO - Processing /home/airflow/.local/lib/python3.12/site-packages/airflow/example_dags/example_xcom.py took 0.138 seconds
[2024-08-10T03:20:59.296+0000] {processor.py:161} INFO - Started process (PID=385) to work on /home/airflow/.local/lib/python3.12/site-packages/airflow/example_dags/example_xcom.py
[2024-08-10T03:20:59.319+0000] {processor.py:830} INFO - Processing file /home/airflow/.local/lib/python3.12/site-packages/airflow/example_dags/example_xcom.py for tasks to queue
[2024-08-10T03:20:59.332+0000] {logging_mixin.py:188} INFO - [2024-08-10T03:20:59.332+0000] {dagbag.py:545} INFO - Filling up the DagBag from /home/airflow/.local/lib/python3.12/site-packages/airflow/example_dags/example_xcom.py
[2024-08-10T03:20:59.377+0000] {processor.py:840} INFO - DAG(s) 'example_xcom' retrieved from /home/airflow/.local/lib/python3.12/site-packages/airflow/example_dags/example_xcom.py
[2024-08-10T03:20:59.581+0000] {logging_mixin.py:188} INFO - [2024-08-10T03:20:59.579+0000] {dag.py:3089} INFO - Sync 1 DAGs
[2024-08-10T03:20:59.678+0000] {logging_mixin.py:188} INFO - [2024-08-10T03:20:59.677+0000] {dag.py:3947} INFO - Setting next_dagrun for example_xcom to 2021-01-01 00:00:00+00:00, run_after=2021-01-01 00:00:00+00:00
[2024-08-10T03:20:59.832+0000] {processor.py:183} INFO - Processing /home/airflow/.local/lib/python3.12/site-packages/airflow/example_dags/example_xcom.py took 0.632 seconds
[2024-08-10T03:21:30.213+0000] {processor.py:161} INFO - Started process (PID=442) to work on /home/airflow/.local/lib/python3.12/site-packages/airflow/example_dags/example_xcom.py
[2024-08-10T03:21:30.214+0000] {processor.py:830} INFO - Processing file /home/airflow/.local/lib/python3.12/site-packages/airflow/example_dags/example_xcom.py for tasks to queue
[2024-08-10T03:21:30.217+0000] {logging_mixin.py:188} INFO - [2024-08-10T03:21:30.216+0000] {dagbag.py:545} INFO - Filling up the DagBag from /home/airflow/.local/lib/python3.12/site-packages/airflow/example_dags/example_xcom.py
[2024-08-10T03:21:30.234+0000] {processor.py:840} INFO - DAG(s) 'example_xcom' retrieved from /home/airflow/.local/lib/python3.12/site-packages/airflow/example_dags/example_xcom.py
[2024-08-10T03:21:30.257+0000] {logging_mixin.py:188} INFO - [2024-08-10T03:21:30.256+0000] {dag.py:3089} INFO - Sync 1 DAGs
[2024-08-10T03:21:30.282+0000] {logging_mixin.py:188} INFO - [2024-08-10T03:21:30.281+0000] {dag.py:3947} INFO - Setting next_dagrun for example_xcom to 2021-01-01 00:00:00+00:00, run_after=2021-01-01 00:00:00+00:00
[2024-08-10T03:21:30.308+0000] {processor.py:183} INFO - Processing /home/airflow/.local/lib/python3.12/site-packages/airflow/example_dags/example_xcom.py took 0.103 seconds
[2024-08-10T03:22:00.436+0000] {processor.py:161} INFO - Started process (PID=502) to work on /home/airflow/.local/lib/python3.12/site-packages/airflow/example_dags/example_xcom.py
[2024-08-10T03:22:00.438+0000] {processor.py:830} INFO - Processing file /home/airflow/.local/lib/python3.12/site-packages/airflow/example_dags/example_xcom.py for tasks to queue
[2024-08-10T03:22:00.440+0000] {logging_mixin.py:188} INFO - [2024-08-10T03:22:00.440+0000] {dagbag.py:545} INFO - Filling up the DagBag from /home/airflow/.local/lib/python3.12/site-packages/airflow/example_dags/example_xcom.py
[2024-08-10T03:22:00.452+0000] {processor.py:840} INFO - DAG(s) 'example_xcom' retrieved from /home/airflow/.local/lib/python3.12/site-packages/airflow/example_dags/example_xcom.py
[2024-08-10T03:22:00.500+0000] {logging_mixin.py:188} INFO - [2024-08-10T03:22:00.500+0000] {dag.py:3089} INFO - Sync 1 DAGs
[2024-08-10T03:22:00.524+0000] {logging_mixin.py:188} INFO - [2024-08-10T03:22:00.524+0000] {dag.py:3947} INFO - Setting next_dagrun for example_xcom to 2021-01-01 00:00:00+00:00, run_after=2021-01-01 00:00:00+00:00
[2024-08-10T03:22:00.549+0000] {processor.py:183} INFO - Processing /home/airflow/.local/lib/python3.12/site-packages/airflow/example_dags/example_xcom.py took 0.120 seconds
[2024-08-10T03:22:30.844+0000] {processor.py:161} INFO - Started process (PID=562) to work on /home/airflow/.local/lib/python3.12/site-packages/airflow/example_dags/example_xcom.py
[2024-08-10T03:22:30.845+0000] {processor.py:830} INFO - Processing file /home/airflow/.local/lib/python3.12/site-packages/airflow/example_dags/example_xcom.py for tasks to queue
[2024-08-10T03:22:30.847+0000] {logging_mixin.py:188} INFO - [2024-08-10T03:22:30.846+0000] {dagbag.py:545} INFO - Filling up the DagBag from /home/airflow/.local/lib/python3.12/site-packages/airflow/example_dags/example_xcom.py
[2024-08-10T03:22:30.854+0000] {processor.py:840} INFO - DAG(s) 'example_xcom' retrieved from /home/airflow/.local/lib/python3.12/site-packages/airflow/example_dags/example_xcom.py
[2024-08-10T03:22:30.880+0000] {logging_mixin.py:188} INFO - [2024-08-10T03:22:30.880+0000] {dag.py:3089} INFO - Sync 1 DAGs
[2024-08-10T03:22:30.903+0000] {logging_mixin.py:188} INFO - [2024-08-10T03:22:30.903+0000] {dag.py:3947} INFO - Setting next_dagrun for example_xcom to 2021-01-01 00:00:00+00:00, run_after=2021-01-01 00:00:00+00:00
[2024-08-10T03:22:30.930+0000] {processor.py:183} INFO - Processing /home/airflow/.local/lib/python3.12/site-packages/airflow/example_dags/example_xcom.py took 0.091 seconds
[2024-08-10T03:23:01.671+0000] {processor.py:161} INFO - Started process (PID=622) to work on /home/airflow/.local/lib/python3.12/site-packages/airflow/example_dags/example_xcom.py
[2024-08-10T03:23:01.672+0000] {processor.py:830} INFO - Processing file /home/airflow/.local/lib/python3.12/site-packages/airflow/example_dags/example_xcom.py for tasks to queue
[2024-08-10T03:23:01.675+0000] {logging_mixin.py:188} INFO - [2024-08-10T03:23:01.674+0000] {dagbag.py:545} INFO - Filling up the DagBag from /home/airflow/.local/lib/python3.12/site-packages/airflow/example_dags/example_xcom.py
[2024-08-10T03:23:01.694+0000] {processor.py:840} INFO - DAG(s) 'example_xcom' retrieved from /home/airflow/.local/lib/python3.12/site-packages/airflow/example_dags/example_xcom.py
[2024-08-10T03:23:01.724+0000] {logging_mixin.py:188} INFO - [2024-08-10T03:23:01.723+0000] {dag.py:3089} INFO - Sync 1 DAGs
[2024-08-10T03:23:01.769+0000] {logging_mixin.py:188} INFO - [2024-08-10T03:23:01.768+0000] {dag.py:3947} INFO - Setting next_dagrun for example_xcom to 2021-01-01 00:00:00+00:00, run_after=2021-01-01 00:00:00+00:00
[2024-08-10T03:23:01.806+0000] {processor.py:183} INFO - Processing /home/airflow/.local/lib/python3.12/site-packages/airflow/example_dags/example_xcom.py took 0.141 seconds
[2024-08-10T03:23:31.898+0000] {processor.py:161} INFO - Started process (PID=682) to work on /home/airflow/.local/lib/python3.12/site-packages/airflow/example_dags/example_xcom.py
[2024-08-10T03:23:31.900+0000] {processor.py:830} INFO - Processing file /home/airflow/.local/lib/python3.12/site-packages/airflow/example_dags/example_xcom.py for tasks to queue
[2024-08-10T03:23:31.904+0000] {logging_mixin.py:188} INFO - [2024-08-10T03:23:31.904+0000] {dagbag.py:545} INFO - Filling up the DagBag from /home/airflow/.local/lib/python3.12/site-packages/airflow/example_dags/example_xcom.py
[2024-08-10T03:23:31.916+0000] {processor.py:840} INFO - DAG(s) 'example_xcom' retrieved from /home/airflow/.local/lib/python3.12/site-packages/airflow/example_dags/example_xcom.py
[2024-08-10T03:23:31.947+0000] {logging_mixin.py:188} INFO - [2024-08-10T03:23:31.947+0000] {dag.py:3089} INFO - Sync 1 DAGs
[2024-08-10T03:23:31.968+0000] {logging_mixin.py:188} INFO - [2024-08-10T03:23:31.968+0000] {dag.py:3947} INFO - Setting next_dagrun for example_xcom to 2021-01-01 00:00:00+00:00, run_after=2021-01-01 00:00:00+00:00
[2024-08-10T03:23:31.993+0000] {processor.py:183} INFO - Processing /home/airflow/.local/lib/python3.12/site-packages/airflow/example_dags/example_xcom.py took 0.101 seconds
[2024-08-10T03:24:02.705+0000] {processor.py:161} INFO - Started process (PID=742) to work on /home/airflow/.local/lib/python3.12/site-packages/airflow/example_dags/example_xcom.py
[2024-08-10T03:24:02.706+0000] {processor.py:830} INFO - Processing file /home/airflow/.local/lib/python3.12/site-packages/airflow/example_dags/example_xcom.py for tasks to queue
[2024-08-10T03:24:02.710+0000] {logging_mixin.py:188} INFO - [2024-08-10T03:24:02.708+0000] {dagbag.py:545} INFO - Filling up the DagBag from /home/airflow/.local/lib/python3.12/site-packages/airflow/example_dags/example_xcom.py
[2024-08-10T03:24:02.718+0000] {processor.py:840} INFO - DAG(s) 'example_xcom' retrieved from /home/airflow/.local/lib/python3.12/site-packages/airflow/example_dags/example_xcom.py
[2024-08-10T03:24:02.753+0000] {logging_mixin.py:188} INFO - [2024-08-10T03:24:02.753+0000] {dag.py:3089} INFO - Sync 1 DAGs
[2024-08-10T03:24:02.780+0000] {logging_mixin.py:188} INFO - [2024-08-10T03:24:02.780+0000] {dag.py:3947} INFO - Setting next_dagrun for example_xcom to 2021-01-01 00:00:00+00:00, run_after=2021-01-01 00:00:00+00:00
[2024-08-10T03:24:02.821+0000] {processor.py:183} INFO - Processing /home/airflow/.local/lib/python3.12/site-packages/airflow/example_dags/example_xcom.py took 0.123 seconds
[2024-08-10T03:24:32.907+0000] {processor.py:161} INFO - Started process (PID=801) to work on /home/airflow/.local/lib/python3.12/site-packages/airflow/example_dags/example_xcom.py
[2024-08-10T03:24:32.925+0000] {processor.py:830} INFO - Processing file /home/airflow/.local/lib/python3.12/site-packages/airflow/example_dags/example_xcom.py for tasks to queue
[2024-08-10T03:24:32.940+0000] {logging_mixin.py:188} INFO - [2024-08-10T03:24:32.929+0000] {dagbag.py:545} INFO - Filling up the DagBag from /home/airflow/.local/lib/python3.12/site-packages/airflow/example_dags/example_xcom.py
[2024-08-10T03:24:32.955+0000] {processor.py:840} INFO - DAG(s) 'example_xcom' retrieved from /home/airflow/.local/lib/python3.12/site-packages/airflow/example_dags/example_xcom.py
[2024-08-10T03:24:33.033+0000] {logging_mixin.py:188} INFO - [2024-08-10T03:24:33.033+0000] {dag.py:3089} INFO - Sync 1 DAGs
[2024-08-10T03:24:33.156+0000] {logging_mixin.py:188} INFO - [2024-08-10T03:24:33.156+0000] {dag.py:3947} INFO - Setting next_dagrun for example_xcom to 2021-01-01 00:00:00+00:00, run_after=2021-01-01 00:00:00+00:00
[2024-08-10T03:24:33.265+0000] {processor.py:183} INFO - Processing /home/airflow/.local/lib/python3.12/site-packages/airflow/example_dags/example_xcom.py took 0.367 seconds
[2024-08-10T03:25:04.123+0000] {processor.py:161} INFO - Started process (PID=861) to work on /home/airflow/.local/lib/python3.12/site-packages/airflow/example_dags/example_xcom.py
[2024-08-10T03:25:04.124+0000] {processor.py:830} INFO - Processing file /home/airflow/.local/lib/python3.12/site-packages/airflow/example_dags/example_xcom.py for tasks to queue
[2024-08-10T03:25:04.126+0000] {logging_mixin.py:188} INFO - [2024-08-10T03:25:04.126+0000] {dagbag.py:545} INFO - Filling up the DagBag from /home/airflow/.local/lib/python3.12/site-packages/airflow/example_dags/example_xcom.py
[2024-08-10T03:25:04.139+0000] {processor.py:840} INFO - DAG(s) 'example_xcom' retrieved from /home/airflow/.local/lib/python3.12/site-packages/airflow/example_dags/example_xcom.py
[2024-08-10T03:25:04.161+0000] {logging_mixin.py:188} INFO - [2024-08-10T03:25:04.161+0000] {dag.py:3089} INFO - Sync 1 DAGs
[2024-08-10T03:25:04.183+0000] {logging_mixin.py:188} INFO - [2024-08-10T03:25:04.183+0000] {dag.py:3947} INFO - Setting next_dagrun for example_xcom to 2021-01-01 00:00:00+00:00, run_after=2021-01-01 00:00:00+00:00
[2024-08-10T03:25:04.206+0000] {processor.py:183} INFO - Processing /home/airflow/.local/lib/python3.12/site-packages/airflow/example_dags/example_xcom.py took 0.089 seconds
[2024-08-10T03:25:34.814+0000] {processor.py:161} INFO - Started process (PID=920) to work on /home/airflow/.local/lib/python3.12/site-packages/airflow/example_dags/example_xcom.py
[2024-08-10T03:25:34.815+0000] {processor.py:830} INFO - Processing file /home/airflow/.local/lib/python3.12/site-packages/airflow/example_dags/example_xcom.py for tasks to queue
[2024-08-10T03:25:34.818+0000] {logging_mixin.py:188} INFO - [2024-08-10T03:25:34.817+0000] {dagbag.py:545} INFO - Filling up the DagBag from /home/airflow/.local/lib/python3.12/site-packages/airflow/example_dags/example_xcom.py
[2024-08-10T03:25:34.834+0000] {processor.py:840} INFO - DAG(s) 'example_xcom' retrieved from /home/airflow/.local/lib/python3.12/site-packages/airflow/example_dags/example_xcom.py
[2024-08-10T03:25:34.878+0000] {logging_mixin.py:188} INFO - [2024-08-10T03:25:34.878+0000] {dag.py:3089} INFO - Sync 1 DAGs
[2024-08-10T03:25:34.912+0000] {logging_mixin.py:188} INFO - [2024-08-10T03:25:34.911+0000] {dag.py:3947} INFO - Setting next_dagrun for example_xcom to 2021-01-01 00:00:00+00:00, run_after=2021-01-01 00:00:00+00:00
[2024-08-10T03:25:34.946+0000] {processor.py:183} INFO - Processing /home/airflow/.local/lib/python3.12/site-packages/airflow/example_dags/example_xcom.py took 0.140 seconds
[2024-08-10T03:26:05.257+0000] {processor.py:161} INFO - Started process (PID=980) to work on /home/airflow/.local/lib/python3.12/site-packages/airflow/example_dags/example_xcom.py
[2024-08-10T03:26:05.259+0000] {processor.py:830} INFO - Processing file /home/airflow/.local/lib/python3.12/site-packages/airflow/example_dags/example_xcom.py for tasks to queue
[2024-08-10T03:26:05.261+0000] {logging_mixin.py:188} INFO - [2024-08-10T03:26:05.261+0000] {dagbag.py:545} INFO - Filling up the DagBag from /home/airflow/.local/lib/python3.12/site-packages/airflow/example_dags/example_xcom.py
[2024-08-10T03:26:05.271+0000] {processor.py:840} INFO - DAG(s) 'example_xcom' retrieved from /home/airflow/.local/lib/python3.12/site-packages/airflow/example_dags/example_xcom.py
[2024-08-10T03:26:05.294+0000] {logging_mixin.py:188} INFO - [2024-08-10T03:26:05.294+0000] {dag.py:3089} INFO - Sync 1 DAGs
[2024-08-10T03:26:05.323+0000] {logging_mixin.py:188} INFO - [2024-08-10T03:26:05.323+0000] {dag.py:3947} INFO - Setting next_dagrun for example_xcom to 2021-01-01 00:00:00+00:00, run_after=2021-01-01 00:00:00+00:00
[2024-08-10T03:26:05.353+0000] {processor.py:183} INFO - Processing /home/airflow/.local/lib/python3.12/site-packages/airflow/example_dags/example_xcom.py took 0.106 seconds
[2024-08-10T03:26:35.917+0000] {processor.py:161} INFO - Started process (PID=1042) to work on /home/airflow/.local/lib/python3.12/site-packages/airflow/example_dags/example_xcom.py
[2024-08-10T03:26:35.918+0000] {processor.py:830} INFO - Processing file /home/airflow/.local/lib/python3.12/site-packages/airflow/example_dags/example_xcom.py for tasks to queue
[2024-08-10T03:26:35.920+0000] {logging_mixin.py:188} INFO - [2024-08-10T03:26:35.920+0000] {dagbag.py:545} INFO - Filling up the DagBag from /home/airflow/.local/lib/python3.12/site-packages/airflow/example_dags/example_xcom.py
[2024-08-10T03:26:35.929+0000] {processor.py:840} INFO - DAG(s) 'example_xcom' retrieved from /home/airflow/.local/lib/python3.12/site-packages/airflow/example_dags/example_xcom.py
[2024-08-10T03:26:35.950+0000] {logging_mixin.py:188} INFO - [2024-08-10T03:26:35.950+0000] {dag.py:3089} INFO - Sync 1 DAGs
[2024-08-10T03:26:35.972+0000] {logging_mixin.py:188} INFO - [2024-08-10T03:26:35.972+0000] {dag.py:3947} INFO - Setting next_dagrun for example_xcom to 2021-01-01 00:00:00+00:00, run_after=2021-01-01 00:00:00+00:00
[2024-08-10T03:26:35.991+0000] {processor.py:183} INFO - Processing /home/airflow/.local/lib/python3.12/site-packages/airflow/example_dags/example_xcom.py took 0.079 seconds
[2024-08-10T03:27:06.660+0000] {processor.py:161} INFO - Started process (PID=1102) to work on /home/airflow/.local/lib/python3.12/site-packages/airflow/example_dags/example_xcom.py
[2024-08-10T03:27:06.661+0000] {processor.py:830} INFO - Processing file /home/airflow/.local/lib/python3.12/site-packages/airflow/example_dags/example_xcom.py for tasks to queue
[2024-08-10T03:27:06.663+0000] {logging_mixin.py:188} INFO - [2024-08-10T03:27:06.663+0000] {dagbag.py:545} INFO - Filling up the DagBag from /home/airflow/.local/lib/python3.12/site-packages/airflow/example_dags/example_xcom.py
[2024-08-10T03:27:06.671+0000] {processor.py:840} INFO - DAG(s) 'example_xcom' retrieved from /home/airflow/.local/lib/python3.12/site-packages/airflow/example_dags/example_xcom.py
[2024-08-10T03:27:06.699+0000] {logging_mixin.py:188} INFO - [2024-08-10T03:27:06.699+0000] {dag.py:3089} INFO - Sync 1 DAGs
[2024-08-10T03:27:06.724+0000] {logging_mixin.py:188} INFO - [2024-08-10T03:27:06.723+0000] {dag.py:3947} INFO - Setting next_dagrun for example_xcom to 2021-01-01 00:00:00+00:00, run_after=2021-01-01 00:00:00+00:00
[2024-08-10T03:27:06.765+0000] {processor.py:183} INFO - Processing /home/airflow/.local/lib/python3.12/site-packages/airflow/example_dags/example_xcom.py took 0.111 seconds
[2024-08-10T03:27:36.922+0000] {processor.py:161} INFO - Started process (PID=1162) to work on /home/airflow/.local/lib/python3.12/site-packages/airflow/example_dags/example_xcom.py
[2024-08-10T03:27:36.923+0000] {processor.py:830} INFO - Processing file /home/airflow/.local/lib/python3.12/site-packages/airflow/example_dags/example_xcom.py for tasks to queue
[2024-08-10T03:27:36.927+0000] {logging_mixin.py:188} INFO - [2024-08-10T03:27:36.926+0000] {dagbag.py:545} INFO - Filling up the DagBag from /home/airflow/.local/lib/python3.12/site-packages/airflow/example_dags/example_xcom.py
[2024-08-10T03:27:36.937+0000] {processor.py:840} INFO - DAG(s) 'example_xcom' retrieved from /home/airflow/.local/lib/python3.12/site-packages/airflow/example_dags/example_xcom.py
[2024-08-10T03:27:36.967+0000] {logging_mixin.py:188} INFO - [2024-08-10T03:27:36.967+0000] {dag.py:3089} INFO - Sync 1 DAGs
[2024-08-10T03:27:36.999+0000] {logging_mixin.py:188} INFO - [2024-08-10T03:27:36.998+0000] {dag.py:3947} INFO - Setting next_dagrun for example_xcom to 2021-01-01 00:00:00+00:00, run_after=2021-01-01 00:00:00+00:00
[2024-08-10T03:27:37.034+0000] {processor.py:183} INFO - Processing /home/airflow/.local/lib/python3.12/site-packages/airflow/example_dags/example_xcom.py took 0.118 seconds
[2024-08-10T03:28:07.485+0000] {processor.py:161} INFO - Started process (PID=1228) to work on /home/airflow/.local/lib/python3.12/site-packages/airflow/example_dags/example_xcom.py
[2024-08-10T03:28:07.486+0000] {processor.py:830} INFO - Processing file /home/airflow/.local/lib/python3.12/site-packages/airflow/example_dags/example_xcom.py for tasks to queue
[2024-08-10T03:28:07.488+0000] {logging_mixin.py:188} INFO - [2024-08-10T03:28:07.487+0000] {dagbag.py:545} INFO - Filling up the DagBag from /home/airflow/.local/lib/python3.12/site-packages/airflow/example_dags/example_xcom.py
[2024-08-10T03:28:07.495+0000] {processor.py:840} INFO - DAG(s) 'example_xcom' retrieved from /home/airflow/.local/lib/python3.12/site-packages/airflow/example_dags/example_xcom.py
[2024-08-10T03:28:07.521+0000] {logging_mixin.py:188} INFO - [2024-08-10T03:28:07.520+0000] {dag.py:3089} INFO - Sync 1 DAGs
[2024-08-10T03:28:07.551+0000] {logging_mixin.py:188} INFO - [2024-08-10T03:28:07.551+0000] {dag.py:3947} INFO - Setting next_dagrun for example_xcom to 2021-01-01 00:00:00+00:00, run_after=2021-01-01 00:00:00+00:00
[2024-08-10T03:28:07.572+0000] {processor.py:183} INFO - Processing /home/airflow/.local/lib/python3.12/site-packages/airflow/example_dags/example_xcom.py took 0.093 seconds
[2024-08-10T03:28:38.083+0000] {processor.py:161} INFO - Started process (PID=1288) to work on /home/airflow/.local/lib/python3.12/site-packages/airflow/example_dags/example_xcom.py
[2024-08-10T03:28:38.084+0000] {processor.py:830} INFO - Processing file /home/airflow/.local/lib/python3.12/site-packages/airflow/example_dags/example_xcom.py for tasks to queue
[2024-08-10T03:28:38.087+0000] {logging_mixin.py:188} INFO - [2024-08-10T03:28:38.086+0000] {dagbag.py:545} INFO - Filling up the DagBag from /home/airflow/.local/lib/python3.12/site-packages/airflow/example_dags/example_xcom.py
[2024-08-10T03:28:38.101+0000] {processor.py:840} INFO - DAG(s) 'example_xcom' retrieved from /home/airflow/.local/lib/python3.12/site-packages/airflow/example_dags/example_xcom.py
[2024-08-10T03:28:38.126+0000] {logging_mixin.py:188} INFO - [2024-08-10T03:28:38.126+0000] {dag.py:3089} INFO - Sync 1 DAGs
[2024-08-10T03:28:38.171+0000] {logging_mixin.py:188} INFO - [2024-08-10T03:28:38.171+0000] {dag.py:3947} INFO - Setting next_dagrun for example_xcom to 2021-01-01 00:00:00+00:00, run_after=2021-01-01 00:00:00+00:00
[2024-08-10T03:28:38.233+0000] {processor.py:183} INFO - Processing /home/airflow/.local/lib/python3.12/site-packages/airflow/example_dags/example_xcom.py took 0.163 seconds
[2024-08-10T03:29:12.655+0000] {processor.py:161} INFO - Started process (PID=1347) to work on /home/airflow/.local/lib/python3.12/site-packages/airflow/example_dags/example_xcom.py
[2024-08-10T03:29:12.658+0000] {processor.py:830} INFO - Processing file /home/airflow/.local/lib/python3.12/site-packages/airflow/example_dags/example_xcom.py for tasks to queue
[2024-08-10T03:29:12.662+0000] {logging_mixin.py:188} INFO - [2024-08-10T03:29:12.662+0000] {dagbag.py:545} INFO - Filling up the DagBag from /home/airflow/.local/lib/python3.12/site-packages/airflow/example_dags/example_xcom.py
[2024-08-10T03:29:12.717+0000] {processor.py:840} INFO - DAG(s) 'example_xcom' retrieved from /home/airflow/.local/lib/python3.12/site-packages/airflow/example_dags/example_xcom.py
[2024-08-10T03:29:12.840+0000] {logging_mixin.py:188} INFO - [2024-08-10T03:29:12.838+0000] {dag.py:3089} INFO - Sync 1 DAGs
[2024-08-10T03:29:12.977+0000] {logging_mixin.py:188} INFO - [2024-08-10T03:29:12.976+0000] {dag.py:3947} INFO - Setting next_dagrun for example_xcom to 2021-01-01 00:00:00+00:00, run_after=2021-01-01 00:00:00+00:00
[2024-08-10T03:29:13.146+0000] {processor.py:183} INFO - Processing /home/airflow/.local/lib/python3.12/site-packages/airflow/example_dags/example_xcom.py took 0.500 seconds
[2024-08-10T03:29:43.952+0000] {processor.py:161} INFO - Started process (PID=1406) to work on /home/airflow/.local/lib/python3.12/site-packages/airflow/example_dags/example_xcom.py
[2024-08-10T03:29:43.960+0000] {processor.py:830} INFO - Processing file /home/airflow/.local/lib/python3.12/site-packages/airflow/example_dags/example_xcom.py for tasks to queue
[2024-08-10T03:29:43.967+0000] {logging_mixin.py:188} INFO - [2024-08-10T03:29:43.966+0000] {dagbag.py:545} INFO - Filling up the DagBag from /home/airflow/.local/lib/python3.12/site-packages/airflow/example_dags/example_xcom.py
[2024-08-10T03:29:43.986+0000] {processor.py:840} INFO - DAG(s) 'example_xcom' retrieved from /home/airflow/.local/lib/python3.12/site-packages/airflow/example_dags/example_xcom.py
[2024-08-10T03:29:44.024+0000] {logging_mixin.py:188} INFO - [2024-08-10T03:29:44.024+0000] {dag.py:3089} INFO - Sync 1 DAGs
[2024-08-10T03:29:44.052+0000] {logging_mixin.py:188} INFO - [2024-08-10T03:29:44.051+0000] {dag.py:3947} INFO - Setting next_dagrun for example_xcom to 2021-01-01 00:00:00+00:00, run_after=2021-01-01 00:00:00+00:00
[2024-08-10T03:29:44.078+0000] {processor.py:183} INFO - Processing /home/airflow/.local/lib/python3.12/site-packages/airflow/example_dags/example_xcom.py took 0.132 seconds
[2024-08-10T03:30:36.068+0000] {processor.py:161} INFO - Started process (PID=1466) to work on /home/airflow/.local/lib/python3.12/site-packages/airflow/example_dags/example_xcom.py
[2024-08-10T03:30:36.075+0000] {processor.py:830} INFO - Processing file /home/airflow/.local/lib/python3.12/site-packages/airflow/example_dags/example_xcom.py for tasks to queue
[2024-08-10T03:30:36.078+0000] {logging_mixin.py:188} INFO - [2024-08-10T03:30:36.077+0000] {dagbag.py:545} INFO - Filling up the DagBag from /home/airflow/.local/lib/python3.12/site-packages/airflow/example_dags/example_xcom.py
[2024-08-10T03:30:36.087+0000] {processor.py:840} INFO - DAG(s) 'example_xcom' retrieved from /home/airflow/.local/lib/python3.12/site-packages/airflow/example_dags/example_xcom.py
[2024-08-10T03:30:36.112+0000] {logging_mixin.py:188} INFO - [2024-08-10T03:30:36.112+0000] {dag.py:3089} INFO - Sync 1 DAGs
[2024-08-10T03:30:36.140+0000] {logging_mixin.py:188} INFO - [2024-08-10T03:30:36.140+0000] {dag.py:3947} INFO - Setting next_dagrun for example_xcom to 2021-01-01 00:00:00+00:00, run_after=2021-01-01 00:00:00+00:00
[2024-08-10T03:30:36.249+0000] {processor.py:183} INFO - Processing /home/airflow/.local/lib/python3.12/site-packages/airflow/example_dags/example_xcom.py took 0.190 seconds
[2024-08-10T03:31:23.162+0000] {processor.py:161} INFO - Started process (PID=1531) to work on /home/airflow/.local/lib/python3.12/site-packages/airflow/example_dags/example_xcom.py
[2024-08-10T03:31:23.166+0000] {processor.py:830} INFO - Processing file /home/airflow/.local/lib/python3.12/site-packages/airflow/example_dags/example_xcom.py for tasks to queue
[2024-08-10T03:31:23.167+0000] {logging_mixin.py:188} INFO - [2024-08-10T03:31:23.167+0000] {dagbag.py:545} INFO - Filling up the DagBag from /home/airflow/.local/lib/python3.12/site-packages/airflow/example_dags/example_xcom.py
[2024-08-10T03:31:23.181+0000] {processor.py:840} INFO - DAG(s) 'example_xcom' retrieved from /home/airflow/.local/lib/python3.12/site-packages/airflow/example_dags/example_xcom.py
[2024-08-10T03:31:23.212+0000] {logging_mixin.py:188} INFO - [2024-08-10T03:31:23.212+0000] {dag.py:3089} INFO - Sync 1 DAGs
[2024-08-10T03:31:23.244+0000] {logging_mixin.py:188} INFO - [2024-08-10T03:31:23.243+0000] {dag.py:3947} INFO - Setting next_dagrun for example_xcom to 2021-01-01 00:00:00+00:00, run_after=2021-01-01 00:00:00+00:00
[2024-08-10T03:31:24.662+0000] {processor.py:183} INFO - Processing /home/airflow/.local/lib/python3.12/site-packages/airflow/example_dags/example_xcom.py took 1.506 seconds
[2024-08-10T03:31:54.943+0000] {processor.py:161} INFO - Started process (PID=1595) to work on /home/airflow/.local/lib/python3.12/site-packages/airflow/example_dags/example_xcom.py
[2024-08-10T03:31:54.953+0000] {processor.py:830} INFO - Processing file /home/airflow/.local/lib/python3.12/site-packages/airflow/example_dags/example_xcom.py for tasks to queue
[2024-08-10T03:31:54.954+0000] {logging_mixin.py:188} INFO - [2024-08-10T03:31:54.954+0000] {dagbag.py:545} INFO - Filling up the DagBag from /home/airflow/.local/lib/python3.12/site-packages/airflow/example_dags/example_xcom.py
[2024-08-10T03:31:54.976+0000] {processor.py:840} INFO - DAG(s) 'example_xcom' retrieved from /home/airflow/.local/lib/python3.12/site-packages/airflow/example_dags/example_xcom.py
[2024-08-10T03:31:55.047+0000] {logging_mixin.py:188} INFO - [2024-08-10T03:31:55.047+0000] {dag.py:3089} INFO - Sync 1 DAGs
[2024-08-10T03:31:55.100+0000] {logging_mixin.py:188} INFO - [2024-08-10T03:31:55.099+0000] {dag.py:3947} INFO - Setting next_dagrun for example_xcom to 2021-01-01 00:00:00+00:00, run_after=2021-01-01 00:00:00+00:00
[2024-08-10T03:31:55.297+0000] {processor.py:183} INFO - Processing /home/airflow/.local/lib/python3.12/site-packages/airflow/example_dags/example_xcom.py took 0.370 seconds
[2024-08-10T03:32:42.574+0000] {processor.py:161} INFO - Started process (PID=1659) to work on /home/airflow/.local/lib/python3.12/site-packages/airflow/example_dags/example_xcom.py
[2024-08-10T03:32:42.578+0000] {processor.py:830} INFO - Processing file /home/airflow/.local/lib/python3.12/site-packages/airflow/example_dags/example_xcom.py for tasks to queue
[2024-08-10T03:32:42.579+0000] {logging_mixin.py:188} INFO - [2024-08-10T03:32:42.579+0000] {dagbag.py:545} INFO - Filling up the DagBag from /home/airflow/.local/lib/python3.12/site-packages/airflow/example_dags/example_xcom.py
[2024-08-10T03:32:42.588+0000] {processor.py:840} INFO - DAG(s) 'example_xcom' retrieved from /home/airflow/.local/lib/python3.12/site-packages/airflow/example_dags/example_xcom.py
[2024-08-10T03:32:42.613+0000] {logging_mixin.py:188} INFO - [2024-08-10T03:32:42.613+0000] {dag.py:3089} INFO - Sync 1 DAGs
[2024-08-10T03:32:42.638+0000] {logging_mixin.py:188} INFO - [2024-08-10T03:32:42.637+0000] {dag.py:3947} INFO - Setting next_dagrun for example_xcom to 2021-01-01 00:00:00+00:00, run_after=2021-01-01 00:00:00+00:00
[2024-08-10T03:32:42.907+0000] {processor.py:183} INFO - Processing /home/airflow/.local/lib/python3.12/site-packages/airflow/example_dags/example_xcom.py took 0.340 seconds
[2024-08-10T03:33:25.462+0000] {processor.py:161} INFO - Started process (PID=1710) to work on /home/airflow/.local/lib/python3.12/site-packages/airflow/example_dags/example_xcom.py
[2024-08-10T03:33:25.464+0000] {processor.py:830} INFO - Processing file /home/airflow/.local/lib/python3.12/site-packages/airflow/example_dags/example_xcom.py for tasks to queue
[2024-08-10T03:33:25.465+0000] {logging_mixin.py:188} INFO - [2024-08-10T03:33:25.465+0000] {dagbag.py:545} INFO - Filling up the DagBag from /home/airflow/.local/lib/python3.12/site-packages/airflow/example_dags/example_xcom.py
[2024-08-10T03:33:25.479+0000] {processor.py:840} INFO - DAG(s) 'example_xcom' retrieved from /home/airflow/.local/lib/python3.12/site-packages/airflow/example_dags/example_xcom.py
[2024-08-10T03:33:25.507+0000] {logging_mixin.py:188} INFO - [2024-08-10T03:33:25.507+0000] {dag.py:3089} INFO - Sync 1 DAGs
[2024-08-10T03:33:25.541+0000] {logging_mixin.py:188} INFO - [2024-08-10T03:33:25.540+0000] {dag.py:3947} INFO - Setting next_dagrun for example_xcom to 2021-01-01 00:00:00+00:00, run_after=2021-01-01 00:00:00+00:00
[2024-08-10T03:33:25.571+0000] {processor.py:183} INFO - Processing /home/airflow/.local/lib/python3.12/site-packages/airflow/example_dags/example_xcom.py took 0.124 seconds
[2024-08-10T03:34:57.258+0000] {processor.py:161} INFO - Started process (PID=1784) to work on /home/airflow/.local/lib/python3.12/site-packages/airflow/example_dags/example_xcom.py
[2024-08-10T03:34:57.260+0000] {processor.py:830} INFO - Processing file /home/airflow/.local/lib/python3.12/site-packages/airflow/example_dags/example_xcom.py for tasks to queue
[2024-08-10T03:34:57.261+0000] {logging_mixin.py:188} INFO - [2024-08-10T03:34:57.261+0000] {dagbag.py:545} INFO - Filling up the DagBag from /home/airflow/.local/lib/python3.12/site-packages/airflow/example_dags/example_xcom.py
[2024-08-10T03:34:57.269+0000] {processor.py:840} INFO - DAG(s) 'example_xcom' retrieved from /home/airflow/.local/lib/python3.12/site-packages/airflow/example_dags/example_xcom.py
[2024-08-10T03:34:57.299+0000] {logging_mixin.py:188} INFO - [2024-08-10T03:34:57.298+0000] {dag.py:3089} INFO - Sync 1 DAGs
[2024-08-10T03:34:57.331+0000] {logging_mixin.py:188} INFO - [2024-08-10T03:34:57.331+0000] {dag.py:3947} INFO - Setting next_dagrun for example_xcom to 2021-01-01 00:00:00+00:00, run_after=2021-01-01 00:00:00+00:00
[2024-08-10T03:34:58.311+0000] {processor.py:183} INFO - Processing /home/airflow/.local/lib/python3.12/site-packages/airflow/example_dags/example_xcom.py took 1.061 seconds
[2024-08-10T03:35:42.045+0000] {processor.py:161} INFO - Started process (PID=1844) to work on /home/airflow/.local/lib/python3.12/site-packages/airflow/example_dags/example_xcom.py
[2024-08-10T03:35:42.046+0000] {processor.py:830} INFO - Processing file /home/airflow/.local/lib/python3.12/site-packages/airflow/example_dags/example_xcom.py for tasks to queue
[2024-08-10T03:35:42.047+0000] {logging_mixin.py:188} INFO - [2024-08-10T03:35:42.047+0000] {dagbag.py:545} INFO - Filling up the DagBag from /home/airflow/.local/lib/python3.12/site-packages/airflow/example_dags/example_xcom.py
[2024-08-10T03:35:42.057+0000] {processor.py:840} INFO - DAG(s) 'example_xcom' retrieved from /home/airflow/.local/lib/python3.12/site-packages/airflow/example_dags/example_xcom.py
[2024-08-10T03:35:42.170+0000] {logging_mixin.py:188} INFO - [2024-08-10T03:35:42.170+0000] {dag.py:3089} INFO - Sync 1 DAGs
[2024-08-10T03:35:42.247+0000] {logging_mixin.py:188} INFO - [2024-08-10T03:35:42.247+0000] {dag.py:3947} INFO - Setting next_dagrun for example_xcom to 2021-01-01 00:00:00+00:00, run_after=2021-01-01 00:00:00+00:00
[2024-08-10T03:35:42.718+0000] {processor.py:183} INFO - Processing /home/airflow/.local/lib/python3.12/site-packages/airflow/example_dags/example_xcom.py took 0.681 seconds
[2024-08-10T03:36:17.873+0000] {processor.py:161} INFO - Started process (PID=1904) to work on /home/airflow/.local/lib/python3.12/site-packages/airflow/example_dags/example_xcom.py
[2024-08-10T03:36:17.880+0000] {processor.py:830} INFO - Processing file /home/airflow/.local/lib/python3.12/site-packages/airflow/example_dags/example_xcom.py for tasks to queue
[2024-08-10T03:36:17.882+0000] {logging_mixin.py:188} INFO - [2024-08-10T03:36:17.881+0000] {dagbag.py:545} INFO - Filling up the DagBag from /home/airflow/.local/lib/python3.12/site-packages/airflow/example_dags/example_xcom.py
[2024-08-10T03:36:17.905+0000] {processor.py:840} INFO - DAG(s) 'example_xcom' retrieved from /home/airflow/.local/lib/python3.12/site-packages/airflow/example_dags/example_xcom.py
[2024-08-10T03:36:17.953+0000] {logging_mixin.py:188} INFO - [2024-08-10T03:36:17.953+0000] {dag.py:3089} INFO - Sync 1 DAGs
[2024-08-10T03:36:17.999+0000] {logging_mixin.py:188} INFO - [2024-08-10T03:36:17.998+0000] {dag.py:3947} INFO - Setting next_dagrun for example_xcom to 2021-01-01 00:00:00+00:00, run_after=2021-01-01 00:00:00+00:00
[2024-08-10T03:36:18.503+0000] {processor.py:183} INFO - Processing /home/airflow/.local/lib/python3.12/site-packages/airflow/example_dags/example_xcom.py took 0.644 seconds
[2024-08-10T03:37:08.609+0000] {processor.py:161} INFO - Started process (PID=1954) to work on /home/airflow/.local/lib/python3.12/site-packages/airflow/example_dags/example_xcom.py
[2024-08-10T03:37:08.614+0000] {processor.py:830} INFO - Processing file /home/airflow/.local/lib/python3.12/site-packages/airflow/example_dags/example_xcom.py for tasks to queue
[2024-08-10T03:37:08.648+0000] {logging_mixin.py:188} INFO - [2024-08-10T03:37:08.648+0000] {dagbag.py:545} INFO - Filling up the DagBag from /home/airflow/.local/lib/python3.12/site-packages/airflow/example_dags/example_xcom.py
[2024-08-10T03:37:08.689+0000] {processor.py:840} INFO - DAG(s) 'example_xcom' retrieved from /home/airflow/.local/lib/python3.12/site-packages/airflow/example_dags/example_xcom.py
[2024-08-10T03:37:08.889+0000] {logging_mixin.py:188} INFO - [2024-08-10T03:37:08.888+0000] {dag.py:3089} INFO - Sync 1 DAGs
[2024-08-10T03:37:09.134+0000] {logging_mixin.py:188} INFO - [2024-08-10T03:37:09.134+0000] {dag.py:3947} INFO - Setting next_dagrun for example_xcom to 2021-01-01 00:00:00+00:00, run_after=2021-01-01 00:00:00+00:00
[2024-08-10T03:37:09.509+0000] {processor.py:183} INFO - Processing /home/airflow/.local/lib/python3.12/site-packages/airflow/example_dags/example_xcom.py took 0.934 seconds
[2024-08-10T03:38:16.916+0000] {processor.py:161} INFO - Started process (PID=2024) to work on /home/airflow/.local/lib/python3.12/site-packages/airflow/example_dags/example_xcom.py
[2024-08-10T03:38:16.918+0000] {processor.py:830} INFO - Processing file /home/airflow/.local/lib/python3.12/site-packages/airflow/example_dags/example_xcom.py for tasks to queue
[2024-08-10T03:38:16.920+0000] {logging_mixin.py:188} INFO - [2024-08-10T03:38:16.919+0000] {dagbag.py:545} INFO - Filling up the DagBag from /home/airflow/.local/lib/python3.12/site-packages/airflow/example_dags/example_xcom.py
[2024-08-10T03:38:16.929+0000] {processor.py:840} INFO - DAG(s) 'example_xcom' retrieved from /home/airflow/.local/lib/python3.12/site-packages/airflow/example_dags/example_xcom.py
[2024-08-10T03:38:16.961+0000] {logging_mixin.py:188} INFO - [2024-08-10T03:38:16.960+0000] {dag.py:3089} INFO - Sync 1 DAGs
[2024-08-10T03:38:16.984+0000] {logging_mixin.py:188} INFO - [2024-08-10T03:38:16.983+0000] {dag.py:3947} INFO - Setting next_dagrun for example_xcom to 2021-01-01 00:00:00+00:00, run_after=2021-01-01 00:00:00+00:00
[2024-08-10T03:38:17.108+0000] {processor.py:183} INFO - Processing /home/airflow/.local/lib/python3.12/site-packages/airflow/example_dags/example_xcom.py took 0.200 seconds
