[2024-08-10T03:18:12.094+0000] {processor.py:161} INFO - Started process (PID=78) to work on /home/airflow/.local/lib/python3.12/site-packages/airflow/example_dags/example_task_group_decorator.py
[2024-08-10T03:18:12.107+0000] {processor.py:830} INFO - Processing file /home/airflow/.local/lib/python3.12/site-packages/airflow/example_dags/example_task_group_decorator.py for tasks to queue
[2024-08-10T03:18:12.112+0000] {logging_mixin.py:188} INFO - [2024-08-10T03:18:12.110+0000] {dagbag.py:545} INFO - Filling up the DagBag from /home/airflow/.local/lib/python3.12/site-packages/airflow/example_dags/example_task_group_decorator.py
[2024-08-10T03:18:12.160+0000] {processor.py:840} INFO - DAG(s) 'example_task_group_decorator' retrieved from /home/airflow/.local/lib/python3.12/site-packages/airflow/example_dags/example_task_group_decorator.py
[2024-08-10T03:18:12.218+0000] {logging_mixin.py:188} INFO - [2024-08-10T03:18:12.218+0000] {dag.py:3089} INFO - Sync 1 DAGs
[2024-08-10T03:18:12.288+0000] {logging_mixin.py:188} INFO - [2024-08-10T03:18:12.275+0000] {dag.py:3947} INFO - Setting next_dagrun for example_task_group_decorator to 2024-08-09 00:00:00+00:00, run_after=2024-08-10 00:00:00+00:00
[2024-08-10T03:18:12.321+0000] {processor.py:183} INFO - Processing /home/airflow/.local/lib/python3.12/site-packages/airflow/example_dags/example_task_group_decorator.py took 0.237 seconds
[2024-08-10T03:18:43.459+0000] {processor.py:161} INFO - Started process (PID=136) to work on /home/airflow/.local/lib/python3.12/site-packages/airflow/example_dags/example_task_group_decorator.py
[2024-08-10T03:18:43.461+0000] {processor.py:830} INFO - Processing file /home/airflow/.local/lib/python3.12/site-packages/airflow/example_dags/example_task_group_decorator.py for tasks to queue
[2024-08-10T03:18:43.463+0000] {logging_mixin.py:188} INFO - [2024-08-10T03:18:43.463+0000] {dagbag.py:545} INFO - Filling up the DagBag from /home/airflow/.local/lib/python3.12/site-packages/airflow/example_dags/example_task_group_decorator.py
[2024-08-10T03:18:43.484+0000] {processor.py:840} INFO - DAG(s) 'example_task_group_decorator' retrieved from /home/airflow/.local/lib/python3.12/site-packages/airflow/example_dags/example_task_group_decorator.py
[2024-08-10T03:18:43.520+0000] {logging_mixin.py:188} INFO - [2024-08-10T03:18:43.519+0000] {dag.py:3089} INFO - Sync 1 DAGs
[2024-08-10T03:18:43.548+0000] {logging_mixin.py:188} INFO - [2024-08-10T03:18:43.548+0000] {dag.py:3947} INFO - Setting next_dagrun for example_task_group_decorator to 2024-08-09 00:00:00+00:00, run_after=2024-08-10 00:00:00+00:00
[2024-08-10T03:18:43.571+0000] {processor.py:183} INFO - Processing /home/airflow/.local/lib/python3.12/site-packages/airflow/example_dags/example_task_group_decorator.py took 0.119 seconds
[2024-08-10T03:19:16.118+0000] {processor.py:161} INFO - Started process (PID=196) to work on /home/airflow/.local/lib/python3.12/site-packages/airflow/example_dags/example_task_group_decorator.py
[2024-08-10T03:19:16.126+0000] {processor.py:830} INFO - Processing file /home/airflow/.local/lib/python3.12/site-packages/airflow/example_dags/example_task_group_decorator.py for tasks to queue
[2024-08-10T03:19:16.129+0000] {logging_mixin.py:188} INFO - [2024-08-10T03:19:16.128+0000] {dagbag.py:545} INFO - Filling up the DagBag from /home/airflow/.local/lib/python3.12/site-packages/airflow/example_dags/example_task_group_decorator.py
[2024-08-10T03:19:16.153+0000] {processor.py:840} INFO - DAG(s) 'example_task_group_decorator' retrieved from /home/airflow/.local/lib/python3.12/site-packages/airflow/example_dags/example_task_group_decorator.py
[2024-08-10T03:19:16.205+0000] {logging_mixin.py:188} INFO - [2024-08-10T03:19:16.204+0000] {dag.py:3089} INFO - Sync 1 DAGs
[2024-08-10T03:19:16.227+0000] {logging_mixin.py:188} INFO - [2024-08-10T03:19:16.227+0000] {dag.py:3947} INFO - Setting next_dagrun for example_task_group_decorator to 2024-08-09 00:00:00+00:00, run_after=2024-08-10 00:00:00+00:00
[2024-08-10T03:19:16.272+0000] {processor.py:183} INFO - Processing /home/airflow/.local/lib/python3.12/site-packages/airflow/example_dags/example_task_group_decorator.py took 0.160 seconds
[2024-08-10T03:19:46.898+0000] {processor.py:161} INFO - Started process (PID=256) to work on /home/airflow/.local/lib/python3.12/site-packages/airflow/example_dags/example_task_group_decorator.py
[2024-08-10T03:19:46.902+0000] {processor.py:830} INFO - Processing file /home/airflow/.local/lib/python3.12/site-packages/airflow/example_dags/example_task_group_decorator.py for tasks to queue
[2024-08-10T03:19:46.909+0000] {logging_mixin.py:188} INFO - [2024-08-10T03:19:46.909+0000] {dagbag.py:545} INFO - Filling up the DagBag from /home/airflow/.local/lib/python3.12/site-packages/airflow/example_dags/example_task_group_decorator.py
[2024-08-10T03:19:46.939+0000] {processor.py:840} INFO - DAG(s) 'example_task_group_decorator' retrieved from /home/airflow/.local/lib/python3.12/site-packages/airflow/example_dags/example_task_group_decorator.py
[2024-08-10T03:19:46.992+0000] {logging_mixin.py:188} INFO - [2024-08-10T03:19:46.992+0000] {dag.py:3089} INFO - Sync 1 DAGs
[2024-08-10T03:19:47.015+0000] {logging_mixin.py:188} INFO - [2024-08-10T03:19:47.015+0000] {dag.py:3947} INFO - Setting next_dagrun for example_task_group_decorator to 2024-08-09 00:00:00+00:00, run_after=2024-08-10 00:00:00+00:00
[2024-08-10T03:19:47.043+0000] {processor.py:183} INFO - Processing /home/airflow/.local/lib/python3.12/site-packages/airflow/example_dags/example_task_group_decorator.py took 0.157 seconds
[2024-08-10T03:20:19.791+0000] {processor.py:161} INFO - Started process (PID=315) to work on /home/airflow/.local/lib/python3.12/site-packages/airflow/example_dags/example_task_group_decorator.py
[2024-08-10T03:20:19.803+0000] {processor.py:830} INFO - Processing file /home/airflow/.local/lib/python3.12/site-packages/airflow/example_dags/example_task_group_decorator.py for tasks to queue
[2024-08-10T03:20:19.816+0000] {logging_mixin.py:188} INFO - [2024-08-10T03:20:19.814+0000] {dagbag.py:545} INFO - Filling up the DagBag from /home/airflow/.local/lib/python3.12/site-packages/airflow/example_dags/example_task_group_decorator.py
[2024-08-10T03:20:19.969+0000] {processor.py:840} INFO - DAG(s) 'example_task_group_decorator' retrieved from /home/airflow/.local/lib/python3.12/site-packages/airflow/example_dags/example_task_group_decorator.py
[2024-08-10T03:20:20.020+0000] {logging_mixin.py:188} INFO - [2024-08-10T03:20:20.019+0000] {dag.py:3089} INFO - Sync 1 DAGs
[2024-08-10T03:20:20.111+0000] {logging_mixin.py:188} INFO - [2024-08-10T03:20:20.110+0000] {dag.py:3947} INFO - Setting next_dagrun for example_task_group_decorator to 2024-08-09 00:00:00+00:00, run_after=2024-08-10 00:00:00+00:00
[2024-08-10T03:20:20.190+0000] {processor.py:183} INFO - Processing /home/airflow/.local/lib/python3.12/site-packages/airflow/example_dags/example_task_group_decorator.py took 0.467 seconds
[2024-08-10T03:20:51.179+0000] {processor.py:161} INFO - Started process (PID=375) to work on /home/airflow/.local/lib/python3.12/site-packages/airflow/example_dags/example_task_group_decorator.py
[2024-08-10T03:20:51.180+0000] {processor.py:830} INFO - Processing file /home/airflow/.local/lib/python3.12/site-packages/airflow/example_dags/example_task_group_decorator.py for tasks to queue
[2024-08-10T03:20:51.191+0000] {logging_mixin.py:188} INFO - [2024-08-10T03:20:51.190+0000] {dagbag.py:545} INFO - Filling up the DagBag from /home/airflow/.local/lib/python3.12/site-packages/airflow/example_dags/example_task_group_decorator.py
[2024-08-10T03:20:51.208+0000] {processor.py:840} INFO - DAG(s) 'example_task_group_decorator' retrieved from /home/airflow/.local/lib/python3.12/site-packages/airflow/example_dags/example_task_group_decorator.py
[2024-08-10T03:20:51.236+0000] {logging_mixin.py:188} INFO - [2024-08-10T03:20:51.236+0000] {dag.py:3089} INFO - Sync 1 DAGs
[2024-08-10T03:20:51.260+0000] {logging_mixin.py:188} INFO - [2024-08-10T03:20:51.259+0000] {dag.py:3947} INFO - Setting next_dagrun for example_task_group_decorator to 2024-08-09 00:00:00+00:00, run_after=2024-08-10 00:00:00+00:00
[2024-08-10T03:20:51.286+0000] {processor.py:183} INFO - Processing /home/airflow/.local/lib/python3.12/site-packages/airflow/example_dags/example_task_group_decorator.py took 0.114 seconds
[2024-08-10T03:21:21.639+0000] {processor.py:161} INFO - Started process (PID=434) to work on /home/airflow/.local/lib/python3.12/site-packages/airflow/example_dags/example_task_group_decorator.py
[2024-08-10T03:21:21.640+0000] {processor.py:830} INFO - Processing file /home/airflow/.local/lib/python3.12/site-packages/airflow/example_dags/example_task_group_decorator.py for tasks to queue
[2024-08-10T03:21:21.654+0000] {logging_mixin.py:188} INFO - [2024-08-10T03:21:21.653+0000] {dagbag.py:545} INFO - Filling up the DagBag from /home/airflow/.local/lib/python3.12/site-packages/airflow/example_dags/example_task_group_decorator.py
[2024-08-10T03:21:21.671+0000] {processor.py:840} INFO - DAG(s) 'example_task_group_decorator' retrieved from /home/airflow/.local/lib/python3.12/site-packages/airflow/example_dags/example_task_group_decorator.py
[2024-08-10T03:21:21.702+0000] {logging_mixin.py:188} INFO - [2024-08-10T03:21:21.702+0000] {dag.py:3089} INFO - Sync 1 DAGs
[2024-08-10T03:21:21.723+0000] {logging_mixin.py:188} INFO - [2024-08-10T03:21:21.722+0000] {dag.py:3947} INFO - Setting next_dagrun for example_task_group_decorator to 2024-08-09 00:00:00+00:00, run_after=2024-08-10 00:00:00+00:00
[2024-08-10T03:21:21.743+0000] {processor.py:183} INFO - Processing /home/airflow/.local/lib/python3.12/site-packages/airflow/example_dags/example_task_group_decorator.py took 0.110 seconds
[2024-08-10T03:21:51.859+0000] {processor.py:161} INFO - Started process (PID=494) to work on /home/airflow/.local/lib/python3.12/site-packages/airflow/example_dags/example_task_group_decorator.py
[2024-08-10T03:21:51.860+0000] {processor.py:830} INFO - Processing file /home/airflow/.local/lib/python3.12/site-packages/airflow/example_dags/example_task_group_decorator.py for tasks to queue
[2024-08-10T03:21:51.862+0000] {logging_mixin.py:188} INFO - [2024-08-10T03:21:51.862+0000] {dagbag.py:545} INFO - Filling up the DagBag from /home/airflow/.local/lib/python3.12/site-packages/airflow/example_dags/example_task_group_decorator.py
[2024-08-10T03:21:51.887+0000] {processor.py:840} INFO - DAG(s) 'example_task_group_decorator' retrieved from /home/airflow/.local/lib/python3.12/site-packages/airflow/example_dags/example_task_group_decorator.py
[2024-08-10T03:21:51.911+0000] {logging_mixin.py:188} INFO - [2024-08-10T03:21:51.911+0000] {dag.py:3089} INFO - Sync 1 DAGs
[2024-08-10T03:21:51.934+0000] {logging_mixin.py:188} INFO - [2024-08-10T03:21:51.934+0000] {dag.py:3947} INFO - Setting next_dagrun for example_task_group_decorator to 2024-08-09 00:00:00+00:00, run_after=2024-08-10 00:00:00+00:00
[2024-08-10T03:21:51.960+0000] {processor.py:183} INFO - Processing /home/airflow/.local/lib/python3.12/site-packages/airflow/example_dags/example_task_group_decorator.py took 0.107 seconds
[2024-08-10T03:22:22.325+0000] {processor.py:161} INFO - Started process (PID=554) to work on /home/airflow/.local/lib/python3.12/site-packages/airflow/example_dags/example_task_group_decorator.py
[2024-08-10T03:22:22.326+0000] {processor.py:830} INFO - Processing file /home/airflow/.local/lib/python3.12/site-packages/airflow/example_dags/example_task_group_decorator.py for tasks to queue
[2024-08-10T03:22:22.329+0000] {logging_mixin.py:188} INFO - [2024-08-10T03:22:22.329+0000] {dagbag.py:545} INFO - Filling up the DagBag from /home/airflow/.local/lib/python3.12/site-packages/airflow/example_dags/example_task_group_decorator.py
[2024-08-10T03:22:22.346+0000] {processor.py:840} INFO - DAG(s) 'example_task_group_decorator' retrieved from /home/airflow/.local/lib/python3.12/site-packages/airflow/example_dags/example_task_group_decorator.py
[2024-08-10T03:22:22.380+0000] {logging_mixin.py:188} INFO - [2024-08-10T03:22:22.380+0000] {dag.py:3089} INFO - Sync 1 DAGs
[2024-08-10T03:22:22.402+0000] {logging_mixin.py:188} INFO - [2024-08-10T03:22:22.402+0000] {dag.py:3947} INFO - Setting next_dagrun for example_task_group_decorator to 2024-08-09 00:00:00+00:00, run_after=2024-08-10 00:00:00+00:00
[2024-08-10T03:22:22.424+0000] {processor.py:183} INFO - Processing /home/airflow/.local/lib/python3.12/site-packages/airflow/example_dags/example_task_group_decorator.py took 0.105 seconds
[2024-08-10T03:22:52.904+0000] {processor.py:161} INFO - Started process (PID=614) to work on /home/airflow/.local/lib/python3.12/site-packages/airflow/example_dags/example_task_group_decorator.py
[2024-08-10T03:22:52.905+0000] {processor.py:830} INFO - Processing file /home/airflow/.local/lib/python3.12/site-packages/airflow/example_dags/example_task_group_decorator.py for tasks to queue
[2024-08-10T03:22:52.907+0000] {logging_mixin.py:188} INFO - [2024-08-10T03:22:52.907+0000] {dagbag.py:545} INFO - Filling up the DagBag from /home/airflow/.local/lib/python3.12/site-packages/airflow/example_dags/example_task_group_decorator.py
[2024-08-10T03:22:52.923+0000] {processor.py:840} INFO - DAG(s) 'example_task_group_decorator' retrieved from /home/airflow/.local/lib/python3.12/site-packages/airflow/example_dags/example_task_group_decorator.py
[2024-08-10T03:22:52.961+0000] {logging_mixin.py:188} INFO - [2024-08-10T03:22:52.960+0000] {dag.py:3089} INFO - Sync 1 DAGs
[2024-08-10T03:22:52.984+0000] {logging_mixin.py:188} INFO - [2024-08-10T03:22:52.984+0000] {dag.py:3947} INFO - Setting next_dagrun for example_task_group_decorator to 2024-08-09 00:00:00+00:00, run_after=2024-08-10 00:00:00+00:00
[2024-08-10T03:22:53.005+0000] {processor.py:183} INFO - Processing /home/airflow/.local/lib/python3.12/site-packages/airflow/example_dags/example_task_group_decorator.py took 0.108 seconds
[2024-08-10T03:23:23.698+0000] {processor.py:161} INFO - Started process (PID=673) to work on /home/airflow/.local/lib/python3.12/site-packages/airflow/example_dags/example_task_group_decorator.py
[2024-08-10T03:23:23.701+0000] {processor.py:830} INFO - Processing file /home/airflow/.local/lib/python3.12/site-packages/airflow/example_dags/example_task_group_decorator.py for tasks to queue
[2024-08-10T03:23:23.715+0000] {logging_mixin.py:188} INFO - [2024-08-10T03:23:23.715+0000] {dagbag.py:545} INFO - Filling up the DagBag from /home/airflow/.local/lib/python3.12/site-packages/airflow/example_dags/example_task_group_decorator.py
[2024-08-10T03:23:23.749+0000] {processor.py:840} INFO - DAG(s) 'example_task_group_decorator' retrieved from /home/airflow/.local/lib/python3.12/site-packages/airflow/example_dags/example_task_group_decorator.py
[2024-08-10T03:23:23.865+0000] {logging_mixin.py:188} INFO - [2024-08-10T03:23:23.864+0000] {dag.py:3089} INFO - Sync 1 DAGs
[2024-08-10T03:23:23.951+0000] {logging_mixin.py:188} INFO - [2024-08-10T03:23:23.933+0000] {dag.py:3947} INFO - Setting next_dagrun for example_task_group_decorator to 2024-08-09 00:00:00+00:00, run_after=2024-08-10 00:00:00+00:00
[2024-08-10T03:23:24.032+0000] {processor.py:183} INFO - Processing /home/airflow/.local/lib/python3.12/site-packages/airflow/example_dags/example_task_group_decorator.py took 0.351 seconds
[2024-08-10T03:23:54.588+0000] {processor.py:161} INFO - Started process (PID=732) to work on /home/airflow/.local/lib/python3.12/site-packages/airflow/example_dags/example_task_group_decorator.py
[2024-08-10T03:23:54.599+0000] {processor.py:830} INFO - Processing file /home/airflow/.local/lib/python3.12/site-packages/airflow/example_dags/example_task_group_decorator.py for tasks to queue
[2024-08-10T03:23:54.602+0000] {logging_mixin.py:188} INFO - [2024-08-10T03:23:54.601+0000] {dagbag.py:545} INFO - Filling up the DagBag from /home/airflow/.local/lib/python3.12/site-packages/airflow/example_dags/example_task_group_decorator.py
[2024-08-10T03:23:54.621+0000] {processor.py:840} INFO - DAG(s) 'example_task_group_decorator' retrieved from /home/airflow/.local/lib/python3.12/site-packages/airflow/example_dags/example_task_group_decorator.py
[2024-08-10T03:23:54.670+0000] {logging_mixin.py:188} INFO - [2024-08-10T03:23:54.669+0000] {dag.py:3089} INFO - Sync 1 DAGs
[2024-08-10T03:23:54.698+0000] {logging_mixin.py:188} INFO - [2024-08-10T03:23:54.697+0000] {dag.py:3947} INFO - Setting next_dagrun for example_task_group_decorator to 2024-08-09 00:00:00+00:00, run_after=2024-08-10 00:00:00+00:00
[2024-08-10T03:23:54.723+0000] {processor.py:183} INFO - Processing /home/airflow/.local/lib/python3.12/site-packages/airflow/example_dags/example_task_group_decorator.py took 0.152 seconds
[2024-08-10T03:24:25.207+0000] {processor.py:161} INFO - Started process (PID=793) to work on /home/airflow/.local/lib/python3.12/site-packages/airflow/example_dags/example_task_group_decorator.py
[2024-08-10T03:24:25.214+0000] {processor.py:830} INFO - Processing file /home/airflow/.local/lib/python3.12/site-packages/airflow/example_dags/example_task_group_decorator.py for tasks to queue
[2024-08-10T03:24:25.217+0000] {logging_mixin.py:188} INFO - [2024-08-10T03:24:25.217+0000] {dagbag.py:545} INFO - Filling up the DagBag from /home/airflow/.local/lib/python3.12/site-packages/airflow/example_dags/example_task_group_decorator.py
[2024-08-10T03:24:25.237+0000] {processor.py:840} INFO - DAG(s) 'example_task_group_decorator' retrieved from /home/airflow/.local/lib/python3.12/site-packages/airflow/example_dags/example_task_group_decorator.py
[2024-08-10T03:24:25.265+0000] {logging_mixin.py:188} INFO - [2024-08-10T03:24:25.265+0000] {dag.py:3089} INFO - Sync 1 DAGs
[2024-08-10T03:24:25.297+0000] {logging_mixin.py:188} INFO - [2024-08-10T03:24:25.297+0000] {dag.py:3947} INFO - Setting next_dagrun for example_task_group_decorator to 2024-08-09 00:00:00+00:00, run_after=2024-08-10 00:00:00+00:00
[2024-08-10T03:24:25.366+0000] {processor.py:183} INFO - Processing /home/airflow/.local/lib/python3.12/site-packages/airflow/example_dags/example_task_group_decorator.py took 0.165 seconds
[2024-08-10T03:24:55.561+0000] {processor.py:161} INFO - Started process (PID=853) to work on /home/airflow/.local/lib/python3.12/site-packages/airflow/example_dags/example_task_group_decorator.py
[2024-08-10T03:24:55.562+0000] {processor.py:830} INFO - Processing file /home/airflow/.local/lib/python3.12/site-packages/airflow/example_dags/example_task_group_decorator.py for tasks to queue
[2024-08-10T03:24:55.565+0000] {logging_mixin.py:188} INFO - [2024-08-10T03:24:55.564+0000] {dagbag.py:545} INFO - Filling up the DagBag from /home/airflow/.local/lib/python3.12/site-packages/airflow/example_dags/example_task_group_decorator.py
[2024-08-10T03:24:55.581+0000] {processor.py:840} INFO - DAG(s) 'example_task_group_decorator' retrieved from /home/airflow/.local/lib/python3.12/site-packages/airflow/example_dags/example_task_group_decorator.py
[2024-08-10T03:24:55.610+0000] {logging_mixin.py:188} INFO - [2024-08-10T03:24:55.610+0000] {dag.py:3089} INFO - Sync 1 DAGs
[2024-08-10T03:24:55.636+0000] {logging_mixin.py:188} INFO - [2024-08-10T03:24:55.635+0000] {dag.py:3947} INFO - Setting next_dagrun for example_task_group_decorator to 2024-08-09 00:00:00+00:00, run_after=2024-08-10 00:00:00+00:00
[2024-08-10T03:24:55.663+0000] {processor.py:183} INFO - Processing /home/airflow/.local/lib/python3.12/site-packages/airflow/example_dags/example_task_group_decorator.py took 0.108 seconds
[2024-08-10T03:25:26.361+0000] {processor.py:161} INFO - Started process (PID=912) to work on /home/airflow/.local/lib/python3.12/site-packages/airflow/example_dags/example_task_group_decorator.py
[2024-08-10T03:25:26.362+0000] {processor.py:830} INFO - Processing file /home/airflow/.local/lib/python3.12/site-packages/airflow/example_dags/example_task_group_decorator.py for tasks to queue
[2024-08-10T03:25:26.364+0000] {logging_mixin.py:188} INFO - [2024-08-10T03:25:26.364+0000] {dagbag.py:545} INFO - Filling up the DagBag from /home/airflow/.local/lib/python3.12/site-packages/airflow/example_dags/example_task_group_decorator.py
[2024-08-10T03:25:26.381+0000] {processor.py:840} INFO - DAG(s) 'example_task_group_decorator' retrieved from /home/airflow/.local/lib/python3.12/site-packages/airflow/example_dags/example_task_group_decorator.py
[2024-08-10T03:25:26.409+0000] {logging_mixin.py:188} INFO - [2024-08-10T03:25:26.409+0000] {dag.py:3089} INFO - Sync 1 DAGs
[2024-08-10T03:25:26.436+0000] {logging_mixin.py:188} INFO - [2024-08-10T03:25:26.436+0000] {dag.py:3947} INFO - Setting next_dagrun for example_task_group_decorator to 2024-08-09 00:00:00+00:00, run_after=2024-08-10 00:00:00+00:00
[2024-08-10T03:25:26.460+0000] {processor.py:183} INFO - Processing /home/airflow/.local/lib/python3.12/site-packages/airflow/example_dags/example_task_group_decorator.py took 0.106 seconds
[2024-08-10T03:25:56.762+0000] {processor.py:161} INFO - Started process (PID=972) to work on /home/airflow/.local/lib/python3.12/site-packages/airflow/example_dags/example_task_group_decorator.py
[2024-08-10T03:25:56.763+0000] {processor.py:830} INFO - Processing file /home/airflow/.local/lib/python3.12/site-packages/airflow/example_dags/example_task_group_decorator.py for tasks to queue
[2024-08-10T03:25:56.765+0000] {logging_mixin.py:188} INFO - [2024-08-10T03:25:56.765+0000] {dagbag.py:545} INFO - Filling up the DagBag from /home/airflow/.local/lib/python3.12/site-packages/airflow/example_dags/example_task_group_decorator.py
[2024-08-10T03:25:56.781+0000] {processor.py:840} INFO - DAG(s) 'example_task_group_decorator' retrieved from /home/airflow/.local/lib/python3.12/site-packages/airflow/example_dags/example_task_group_decorator.py
[2024-08-10T03:25:56.808+0000] {logging_mixin.py:188} INFO - [2024-08-10T03:25:56.808+0000] {dag.py:3089} INFO - Sync 1 DAGs
[2024-08-10T03:25:56.833+0000] {logging_mixin.py:188} INFO - [2024-08-10T03:25:56.833+0000] {dag.py:3947} INFO - Setting next_dagrun for example_task_group_decorator to 2024-08-09 00:00:00+00:00, run_after=2024-08-10 00:00:00+00:00
[2024-08-10T03:25:56.862+0000] {processor.py:183} INFO - Processing /home/airflow/.local/lib/python3.12/site-packages/airflow/example_dags/example_task_group_decorator.py took 0.107 seconds
[2024-08-10T03:26:27.476+0000] {processor.py:161} INFO - Started process (PID=1032) to work on /home/airflow/.local/lib/python3.12/site-packages/airflow/example_dags/example_task_group_decorator.py
[2024-08-10T03:26:27.477+0000] {processor.py:830} INFO - Processing file /home/airflow/.local/lib/python3.12/site-packages/airflow/example_dags/example_task_group_decorator.py for tasks to queue
[2024-08-10T03:26:27.479+0000] {logging_mixin.py:188} INFO - [2024-08-10T03:26:27.479+0000] {dagbag.py:545} INFO - Filling up the DagBag from /home/airflow/.local/lib/python3.12/site-packages/airflow/example_dags/example_task_group_decorator.py
[2024-08-10T03:26:27.496+0000] {processor.py:840} INFO - DAG(s) 'example_task_group_decorator' retrieved from /home/airflow/.local/lib/python3.12/site-packages/airflow/example_dags/example_task_group_decorator.py
[2024-08-10T03:26:27.523+0000] {logging_mixin.py:188} INFO - [2024-08-10T03:26:27.523+0000] {dag.py:3089} INFO - Sync 1 DAGs
[2024-08-10T03:26:27.545+0000] {logging_mixin.py:188} INFO - [2024-08-10T03:26:27.545+0000] {dag.py:3947} INFO - Setting next_dagrun for example_task_group_decorator to 2024-08-09 00:00:00+00:00, run_after=2024-08-10 00:00:00+00:00
[2024-08-10T03:26:27.575+0000] {processor.py:183} INFO - Processing /home/airflow/.local/lib/python3.12/site-packages/airflow/example_dags/example_task_group_decorator.py took 0.105 seconds
[2024-08-10T03:26:58.121+0000] {processor.py:161} INFO - Started process (PID=1094) to work on /home/airflow/.local/lib/python3.12/site-packages/airflow/example_dags/example_task_group_decorator.py
[2024-08-10T03:26:58.122+0000] {processor.py:830} INFO - Processing file /home/airflow/.local/lib/python3.12/site-packages/airflow/example_dags/example_task_group_decorator.py for tasks to queue
[2024-08-10T03:26:58.124+0000] {logging_mixin.py:188} INFO - [2024-08-10T03:26:58.124+0000] {dagbag.py:545} INFO - Filling up the DagBag from /home/airflow/.local/lib/python3.12/site-packages/airflow/example_dags/example_task_group_decorator.py
[2024-08-10T03:26:58.140+0000] {processor.py:840} INFO - DAG(s) 'example_task_group_decorator' retrieved from /home/airflow/.local/lib/python3.12/site-packages/airflow/example_dags/example_task_group_decorator.py
[2024-08-10T03:26:58.168+0000] {logging_mixin.py:188} INFO - [2024-08-10T03:26:58.167+0000] {dag.py:3089} INFO - Sync 1 DAGs
[2024-08-10T03:26:58.197+0000] {logging_mixin.py:188} INFO - [2024-08-10T03:26:58.197+0000] {dag.py:3947} INFO - Setting next_dagrun for example_task_group_decorator to 2024-08-09 00:00:00+00:00, run_after=2024-08-10 00:00:00+00:00
[2024-08-10T03:26:58.230+0000] {processor.py:183} INFO - Processing /home/airflow/.local/lib/python3.12/site-packages/airflow/example_dags/example_task_group_decorator.py took 0.115 seconds
[2024-08-10T03:27:28.324+0000] {processor.py:161} INFO - Started process (PID=1154) to work on /home/airflow/.local/lib/python3.12/site-packages/airflow/example_dags/example_task_group_decorator.py
[2024-08-10T03:27:28.326+0000] {processor.py:830} INFO - Processing file /home/airflow/.local/lib/python3.12/site-packages/airflow/example_dags/example_task_group_decorator.py for tasks to queue
[2024-08-10T03:27:28.329+0000] {logging_mixin.py:188} INFO - [2024-08-10T03:27:28.329+0000] {dagbag.py:545} INFO - Filling up the DagBag from /home/airflow/.local/lib/python3.12/site-packages/airflow/example_dags/example_task_group_decorator.py
[2024-08-10T03:27:28.347+0000] {processor.py:840} INFO - DAG(s) 'example_task_group_decorator' retrieved from /home/airflow/.local/lib/python3.12/site-packages/airflow/example_dags/example_task_group_decorator.py
[2024-08-10T03:27:28.378+0000] {logging_mixin.py:188} INFO - [2024-08-10T03:27:28.378+0000] {dag.py:3089} INFO - Sync 1 DAGs
[2024-08-10T03:27:28.405+0000] {logging_mixin.py:188} INFO - [2024-08-10T03:27:28.405+0000] {dag.py:3947} INFO - Setting next_dagrun for example_task_group_decorator to 2024-08-09 00:00:00+00:00, run_after=2024-08-10 00:00:00+00:00
[2024-08-10T03:27:28.451+0000] {processor.py:183} INFO - Processing /home/airflow/.local/lib/python3.12/site-packages/airflow/example_dags/example_task_group_decorator.py took 0.134 seconds
[2024-08-10T03:27:59.382+0000] {processor.py:161} INFO - Started process (PID=1212) to work on /home/airflow/.local/lib/python3.12/site-packages/airflow/example_dags/example_task_group_decorator.py
[2024-08-10T03:27:59.383+0000] {processor.py:830} INFO - Processing file /home/airflow/.local/lib/python3.12/site-packages/airflow/example_dags/example_task_group_decorator.py for tasks to queue
[2024-08-10T03:27:59.385+0000] {logging_mixin.py:188} INFO - [2024-08-10T03:27:59.385+0000] {dagbag.py:545} INFO - Filling up the DagBag from /home/airflow/.local/lib/python3.12/site-packages/airflow/example_dags/example_task_group_decorator.py
[2024-08-10T03:27:59.400+0000] {processor.py:840} INFO - DAG(s) 'example_task_group_decorator' retrieved from /home/airflow/.local/lib/python3.12/site-packages/airflow/example_dags/example_task_group_decorator.py
[2024-08-10T03:27:59.428+0000] {logging_mixin.py:188} INFO - [2024-08-10T03:27:59.427+0000] {dag.py:3089} INFO - Sync 1 DAGs
[2024-08-10T03:27:59.460+0000] {logging_mixin.py:188} INFO - [2024-08-10T03:27:59.460+0000] {dag.py:3947} INFO - Setting next_dagrun for example_task_group_decorator to 2024-08-09 00:00:00+00:00, run_after=2024-08-10 00:00:00+00:00
[2024-08-10T03:27:59.481+0000] {processor.py:183} INFO - Processing /home/airflow/.local/lib/python3.12/site-packages/airflow/example_dags/example_task_group_decorator.py took 0.105 seconds
[2024-08-10T03:28:30.239+0000] {processor.py:161} INFO - Started process (PID=1272) to work on /home/airflow/.local/lib/python3.12/site-packages/airflow/example_dags/example_task_group_decorator.py
[2024-08-10T03:28:30.251+0000] {processor.py:830} INFO - Processing file /home/airflow/.local/lib/python3.12/site-packages/airflow/example_dags/example_task_group_decorator.py for tasks to queue
[2024-08-10T03:28:30.257+0000] {logging_mixin.py:188} INFO - [2024-08-10T03:28:30.256+0000] {dagbag.py:545} INFO - Filling up the DagBag from /home/airflow/.local/lib/python3.12/site-packages/airflow/example_dags/example_task_group_decorator.py
[2024-08-10T03:28:30.355+0000] {processor.py:840} INFO - DAG(s) 'example_task_group_decorator' retrieved from /home/airflow/.local/lib/python3.12/site-packages/airflow/example_dags/example_task_group_decorator.py
[2024-08-10T03:28:30.414+0000] {logging_mixin.py:188} INFO - [2024-08-10T03:28:30.414+0000] {dag.py:3089} INFO - Sync 1 DAGs
[2024-08-10T03:28:30.513+0000] {logging_mixin.py:188} INFO - [2024-08-10T03:28:30.508+0000] {dag.py:3947} INFO - Setting next_dagrun for example_task_group_decorator to 2024-08-09 00:00:00+00:00, run_after=2024-08-10 00:00:00+00:00
[2024-08-10T03:28:30.589+0000] {processor.py:183} INFO - Processing /home/airflow/.local/lib/python3.12/site-packages/airflow/example_dags/example_task_group_decorator.py took 0.375 seconds
[2024-08-10T03:29:03.177+0000] {processor.py:161} INFO - Started process (PID=1332) to work on /home/airflow/.local/lib/python3.12/site-packages/airflow/example_dags/example_task_group_decorator.py
[2024-08-10T03:29:03.178+0000] {processor.py:830} INFO - Processing file /home/airflow/.local/lib/python3.12/site-packages/airflow/example_dags/example_task_group_decorator.py for tasks to queue
[2024-08-10T03:29:03.180+0000] {logging_mixin.py:188} INFO - [2024-08-10T03:29:03.180+0000] {dagbag.py:545} INFO - Filling up the DagBag from /home/airflow/.local/lib/python3.12/site-packages/airflow/example_dags/example_task_group_decorator.py
[2024-08-10T03:29:03.201+0000] {processor.py:840} INFO - DAG(s) 'example_task_group_decorator' retrieved from /home/airflow/.local/lib/python3.12/site-packages/airflow/example_dags/example_task_group_decorator.py
[2024-08-10T03:29:03.251+0000] {logging_mixin.py:188} INFO - [2024-08-10T03:29:03.250+0000] {dag.py:3089} INFO - Sync 1 DAGs
[2024-08-10T03:29:03.412+0000] {logging_mixin.py:188} INFO - [2024-08-10T03:29:03.412+0000] {dag.py:3947} INFO - Setting next_dagrun for example_task_group_decorator to 2024-08-09 00:00:00+00:00, run_after=2024-08-10 00:00:00+00:00
[2024-08-10T03:29:03.438+0000] {processor.py:183} INFO - Processing /home/airflow/.local/lib/python3.12/site-packages/airflow/example_dags/example_task_group_decorator.py took 0.267 seconds
[2024-08-10T03:29:42.575+0000] {processor.py:161} INFO - Started process (PID=1398) to work on /home/airflow/.local/lib/python3.12/site-packages/airflow/example_dags/example_task_group_decorator.py
[2024-08-10T03:29:42.577+0000] {processor.py:830} INFO - Processing file /home/airflow/.local/lib/python3.12/site-packages/airflow/example_dags/example_task_group_decorator.py for tasks to queue
[2024-08-10T03:29:42.579+0000] {logging_mixin.py:188} INFO - [2024-08-10T03:29:42.579+0000] {dagbag.py:545} INFO - Filling up the DagBag from /home/airflow/.local/lib/python3.12/site-packages/airflow/example_dags/example_task_group_decorator.py
[2024-08-10T03:29:42.613+0000] {processor.py:840} INFO - DAG(s) 'example_task_group_decorator' retrieved from /home/airflow/.local/lib/python3.12/site-packages/airflow/example_dags/example_task_group_decorator.py
[2024-08-10T03:29:42.687+0000] {logging_mixin.py:188} INFO - [2024-08-10T03:29:42.687+0000] {dag.py:3089} INFO - Sync 1 DAGs
[2024-08-10T03:29:42.757+0000] {logging_mixin.py:188} INFO - [2024-08-10T03:29:42.757+0000] {dag.py:3947} INFO - Setting next_dagrun for example_task_group_decorator to 2024-08-09 00:00:00+00:00, run_after=2024-08-10 00:00:00+00:00
[2024-08-10T03:29:42.828+0000] {processor.py:183} INFO - Processing /home/airflow/.local/lib/python3.12/site-packages/airflow/example_dags/example_task_group_decorator.py took 0.259 seconds
[2024-08-10T03:30:32.426+0000] {processor.py:161} INFO - Started process (PID=1458) to work on /home/airflow/.local/lib/python3.12/site-packages/airflow/example_dags/example_task_group_decorator.py
[2024-08-10T03:30:32.432+0000] {processor.py:830} INFO - Processing file /home/airflow/.local/lib/python3.12/site-packages/airflow/example_dags/example_task_group_decorator.py for tasks to queue
[2024-08-10T03:30:32.434+0000] {logging_mixin.py:188} INFO - [2024-08-10T03:30:32.433+0000] {dagbag.py:545} INFO - Filling up the DagBag from /home/airflow/.local/lib/python3.12/site-packages/airflow/example_dags/example_task_group_decorator.py
[2024-08-10T03:30:32.450+0000] {processor.py:840} INFO - DAG(s) 'example_task_group_decorator' retrieved from /home/airflow/.local/lib/python3.12/site-packages/airflow/example_dags/example_task_group_decorator.py
[2024-08-10T03:30:32.480+0000] {logging_mixin.py:188} INFO - [2024-08-10T03:30:32.479+0000] {dag.py:3089} INFO - Sync 1 DAGs
[2024-08-10T03:30:32.508+0000] {logging_mixin.py:188} INFO - [2024-08-10T03:30:32.508+0000] {dag.py:3947} INFO - Setting next_dagrun for example_task_group_decorator to 2024-08-09 00:00:00+00:00, run_after=2024-08-10 00:00:00+00:00
[2024-08-10T03:30:32.728+0000] {processor.py:183} INFO - Processing /home/airflow/.local/lib/python3.12/site-packages/airflow/example_dags/example_task_group_decorator.py took 0.307 seconds
[2024-08-10T03:31:03.049+0000] {processor.py:161} INFO - Started process (PID=1517) to work on /home/airflow/.local/lib/python3.12/site-packages/airflow/example_dags/example_task_group_decorator.py
[2024-08-10T03:31:03.053+0000] {processor.py:830} INFO - Processing file /home/airflow/.local/lib/python3.12/site-packages/airflow/example_dags/example_task_group_decorator.py for tasks to queue
[2024-08-10T03:31:03.060+0000] {logging_mixin.py:188} INFO - [2024-08-10T03:31:03.057+0000] {dagbag.py:545} INFO - Filling up the DagBag from /home/airflow/.local/lib/python3.12/site-packages/airflow/example_dags/example_task_group_decorator.py
[2024-08-10T03:31:03.091+0000] {processor.py:840} INFO - DAG(s) 'example_task_group_decorator' retrieved from /home/airflow/.local/lib/python3.12/site-packages/airflow/example_dags/example_task_group_decorator.py
[2024-08-10T03:31:03.161+0000] {logging_mixin.py:188} INFO - [2024-08-10T03:31:03.160+0000] {dag.py:3089} INFO - Sync 1 DAGs
[2024-08-10T03:31:03.187+0000] {logging_mixin.py:188} INFO - [2024-08-10T03:31:03.186+0000] {dag.py:3947} INFO - Setting next_dagrun for example_task_group_decorator to 2024-08-09 00:00:00+00:00, run_after=2024-08-10 00:00:00+00:00
[2024-08-10T03:31:03.208+0000] {processor.py:183} INFO - Processing /home/airflow/.local/lib/python3.12/site-packages/airflow/example_dags/example_task_group_decorator.py took 0.179 seconds
[2024-08-10T03:31:42.851+0000] {processor.py:161} INFO - Started process (PID=1577) to work on /home/airflow/.local/lib/python3.12/site-packages/airflow/example_dags/example_task_group_decorator.py
[2024-08-10T03:31:42.866+0000] {processor.py:830} INFO - Processing file /home/airflow/.local/lib/python3.12/site-packages/airflow/example_dags/example_task_group_decorator.py for tasks to queue
[2024-08-10T03:31:42.867+0000] {logging_mixin.py:188} INFO - [2024-08-10T03:31:42.867+0000] {dagbag.py:545} INFO - Filling up the DagBag from /home/airflow/.local/lib/python3.12/site-packages/airflow/example_dags/example_task_group_decorator.py
[2024-08-10T03:31:42.888+0000] {processor.py:840} INFO - DAG(s) 'example_task_group_decorator' retrieved from /home/airflow/.local/lib/python3.12/site-packages/airflow/example_dags/example_task_group_decorator.py
[2024-08-10T03:31:42.934+0000] {logging_mixin.py:188} INFO - [2024-08-10T03:31:42.934+0000] {dag.py:3089} INFO - Sync 1 DAGs
[2024-08-10T03:31:43.022+0000] {logging_mixin.py:188} INFO - [2024-08-10T03:31:43.021+0000] {dag.py:3947} INFO - Setting next_dagrun for example_task_group_decorator to 2024-08-09 00:00:00+00:00, run_after=2024-08-10 00:00:00+00:00
[2024-08-10T03:31:43.271+0000] {processor.py:183} INFO - Processing /home/airflow/.local/lib/python3.12/site-packages/airflow/example_dags/example_task_group_decorator.py took 0.459 seconds
[2024-08-10T03:32:37.468+0000] {processor.py:161} INFO - Started process (PID=1638) to work on /home/airflow/.local/lib/python3.12/site-packages/airflow/example_dags/example_task_group_decorator.py
[2024-08-10T03:32:37.469+0000] {processor.py:830} INFO - Processing file /home/airflow/.local/lib/python3.12/site-packages/airflow/example_dags/example_task_group_decorator.py for tasks to queue
[2024-08-10T03:32:37.470+0000] {logging_mixin.py:188} INFO - [2024-08-10T03:32:37.470+0000] {dagbag.py:545} INFO - Filling up the DagBag from /home/airflow/.local/lib/python3.12/site-packages/airflow/example_dags/example_task_group_decorator.py
[2024-08-10T03:32:37.487+0000] {processor.py:840} INFO - DAG(s) 'example_task_group_decorator' retrieved from /home/airflow/.local/lib/python3.12/site-packages/airflow/example_dags/example_task_group_decorator.py
[2024-08-10T03:32:37.515+0000] {logging_mixin.py:188} INFO - [2024-08-10T03:32:37.515+0000] {dag.py:3089} INFO - Sync 1 DAGs
[2024-08-10T03:32:37.542+0000] {logging_mixin.py:188} INFO - [2024-08-10T03:32:37.542+0000] {dag.py:3947} INFO - Setting next_dagrun for example_task_group_decorator to 2024-08-09 00:00:00+00:00, run_after=2024-08-10 00:00:00+00:00
[2024-08-10T03:32:37.563+0000] {processor.py:183} INFO - Processing /home/airflow/.local/lib/python3.12/site-packages/airflow/example_dags/example_task_group_decorator.py took 0.101 seconds
[2024-08-10T03:33:24.368+0000] {processor.py:161} INFO - Started process (PID=1701) to work on /home/airflow/.local/lib/python3.12/site-packages/airflow/example_dags/example_task_group_decorator.py
[2024-08-10T03:33:24.370+0000] {processor.py:830} INFO - Processing file /home/airflow/.local/lib/python3.12/site-packages/airflow/example_dags/example_task_group_decorator.py for tasks to queue
[2024-08-10T03:33:24.372+0000] {logging_mixin.py:188} INFO - [2024-08-10T03:33:24.372+0000] {dagbag.py:545} INFO - Filling up the DagBag from /home/airflow/.local/lib/python3.12/site-packages/airflow/example_dags/example_task_group_decorator.py
[2024-08-10T03:33:24.405+0000] {processor.py:840} INFO - DAG(s) 'example_task_group_decorator' retrieved from /home/airflow/.local/lib/python3.12/site-packages/airflow/example_dags/example_task_group_decorator.py
[2024-08-10T03:33:24.446+0000] {logging_mixin.py:188} INFO - [2024-08-10T03:33:24.445+0000] {dag.py:3089} INFO - Sync 1 DAGs
[2024-08-10T03:33:24.487+0000] {logging_mixin.py:188} INFO - [2024-08-10T03:33:24.487+0000] {dag.py:3947} INFO - Setting next_dagrun for example_task_group_decorator to 2024-08-09 00:00:00+00:00, run_after=2024-08-10 00:00:00+00:00
[2024-08-10T03:33:24.522+0000] {processor.py:183} INFO - Processing /home/airflow/.local/lib/python3.12/site-packages/airflow/example_dags/example_task_group_decorator.py took 0.167 seconds
[2024-08-10T03:34:39.218+0000] {processor.py:161} INFO - Started process (PID=1769) to work on /home/airflow/.local/lib/python3.12/site-packages/airflow/example_dags/example_task_group_decorator.py
[2024-08-10T03:34:39.219+0000] {processor.py:830} INFO - Processing file /home/airflow/.local/lib/python3.12/site-packages/airflow/example_dags/example_task_group_decorator.py for tasks to queue
[2024-08-10T03:34:39.220+0000] {logging_mixin.py:188} INFO - [2024-08-10T03:34:39.220+0000] {dagbag.py:545} INFO - Filling up the DagBag from /home/airflow/.local/lib/python3.12/site-packages/airflow/example_dags/example_task_group_decorator.py
[2024-08-10T03:34:39.239+0000] {processor.py:840} INFO - DAG(s) 'example_task_group_decorator' retrieved from /home/airflow/.local/lib/python3.12/site-packages/airflow/example_dags/example_task_group_decorator.py
[2024-08-10T03:34:39.279+0000] {logging_mixin.py:188} INFO - [2024-08-10T03:34:39.279+0000] {dag.py:3089} INFO - Sync 1 DAGs
[2024-08-10T03:34:39.311+0000] {logging_mixin.py:188} INFO - [2024-08-10T03:34:39.310+0000] {dag.py:3947} INFO - Setting next_dagrun for example_task_group_decorator to 2024-08-09 00:00:00+00:00, run_after=2024-08-10 00:00:00+00:00
[2024-08-10T03:34:40.576+0000] {processor.py:183} INFO - Processing /home/airflow/.local/lib/python3.12/site-packages/airflow/example_dags/example_task_group_decorator.py took 1.365 seconds
[2024-08-10T03:35:36.428+0000] {processor.py:161} INFO - Started process (PID=1835) to work on /home/airflow/.local/lib/python3.12/site-packages/airflow/example_dags/example_task_group_decorator.py
[2024-08-10T03:35:36.429+0000] {processor.py:830} INFO - Processing file /home/airflow/.local/lib/python3.12/site-packages/airflow/example_dags/example_task_group_decorator.py for tasks to queue
[2024-08-10T03:35:36.431+0000] {logging_mixin.py:188} INFO - [2024-08-10T03:35:36.430+0000] {dagbag.py:545} INFO - Filling up the DagBag from /home/airflow/.local/lib/python3.12/site-packages/airflow/example_dags/example_task_group_decorator.py
[2024-08-10T03:35:36.462+0000] {processor.py:840} INFO - DAG(s) 'example_task_group_decorator' retrieved from /home/airflow/.local/lib/python3.12/site-packages/airflow/example_dags/example_task_group_decorator.py
[2024-08-10T03:35:36.522+0000] {logging_mixin.py:188} INFO - [2024-08-10T03:35:36.522+0000] {dag.py:3089} INFO - Sync 1 DAGs
[2024-08-10T03:35:36.552+0000] {logging_mixin.py:188} INFO - [2024-08-10T03:35:36.552+0000] {dag.py:3947} INFO - Setting next_dagrun for example_task_group_decorator to 2024-08-09 00:00:00+00:00, run_after=2024-08-10 00:00:00+00:00
[2024-08-10T03:35:37.670+0000] {processor.py:183} INFO - Processing /home/airflow/.local/lib/python3.12/site-packages/airflow/example_dags/example_task_group_decorator.py took 1.250 seconds
[2024-08-10T03:36:08.292+0000] {processor.py:161} INFO - Started process (PID=1894) to work on /home/airflow/.local/lib/python3.12/site-packages/airflow/example_dags/example_task_group_decorator.py
[2024-08-10T03:36:08.355+0000] {processor.py:830} INFO - Processing file /home/airflow/.local/lib/python3.12/site-packages/airflow/example_dags/example_task_group_decorator.py for tasks to queue
[2024-08-10T03:36:08.367+0000] {logging_mixin.py:188} INFO - [2024-08-10T03:36:08.366+0000] {dagbag.py:545} INFO - Filling up the DagBag from /home/airflow/.local/lib/python3.12/site-packages/airflow/example_dags/example_task_group_decorator.py
[2024-08-10T03:36:08.411+0000] {processor.py:840} INFO - DAG(s) 'example_task_group_decorator' retrieved from /home/airflow/.local/lib/python3.12/site-packages/airflow/example_dags/example_task_group_decorator.py
[2024-08-10T03:36:08.468+0000] {logging_mixin.py:188} INFO - [2024-08-10T03:36:08.468+0000] {dag.py:3089} INFO - Sync 1 DAGs
[2024-08-10T03:36:08.546+0000] {logging_mixin.py:188} INFO - [2024-08-10T03:36:08.546+0000] {dag.py:3947} INFO - Setting next_dagrun for example_task_group_decorator to 2024-08-09 00:00:00+00:00, run_after=2024-08-10 00:00:00+00:00
[2024-08-10T03:36:08.994+0000] {processor.py:183} INFO - Processing /home/airflow/.local/lib/python3.12/site-packages/airflow/example_dags/example_task_group_decorator.py took 0.710 seconds
[2024-08-10T03:37:03.219+0000] {processor.py:161} INFO - Started process (PID=1945) to work on /home/airflow/.local/lib/python3.12/site-packages/airflow/example_dags/example_task_group_decorator.py
[2024-08-10T03:37:03.233+0000] {processor.py:830} INFO - Processing file /home/airflow/.local/lib/python3.12/site-packages/airflow/example_dags/example_task_group_decorator.py for tasks to queue
[2024-08-10T03:37:03.236+0000] {logging_mixin.py:188} INFO - [2024-08-10T03:37:03.235+0000] {dagbag.py:545} INFO - Filling up the DagBag from /home/airflow/.local/lib/python3.12/site-packages/airflow/example_dags/example_task_group_decorator.py
[2024-08-10T03:37:03.335+0000] {processor.py:840} INFO - DAG(s) 'example_task_group_decorator' retrieved from /home/airflow/.local/lib/python3.12/site-packages/airflow/example_dags/example_task_group_decorator.py
[2024-08-10T03:37:03.448+0000] {logging_mixin.py:188} INFO - [2024-08-10T03:37:03.448+0000] {dag.py:3089} INFO - Sync 1 DAGs
[2024-08-10T03:37:03.533+0000] {logging_mixin.py:188} INFO - [2024-08-10T03:37:03.533+0000] {dag.py:3947} INFO - Setting next_dagrun for example_task_group_decorator to 2024-08-09 00:00:00+00:00, run_after=2024-08-10 00:00:00+00:00
[2024-08-10T03:37:05.197+0000] {processor.py:183} INFO - Processing /home/airflow/.local/lib/python3.12/site-packages/airflow/example_dags/example_task_group_decorator.py took 2.016 seconds
[2024-08-10T03:38:13.786+0000] {processor.py:161} INFO - Started process (PID=2015) to work on /home/airflow/.local/lib/python3.12/site-packages/airflow/example_dags/example_task_group_decorator.py
[2024-08-10T03:38:13.792+0000] {processor.py:830} INFO - Processing file /home/airflow/.local/lib/python3.12/site-packages/airflow/example_dags/example_task_group_decorator.py for tasks to queue
[2024-08-10T03:38:13.793+0000] {logging_mixin.py:188} INFO - [2024-08-10T03:38:13.793+0000] {dagbag.py:545} INFO - Filling up the DagBag from /home/airflow/.local/lib/python3.12/site-packages/airflow/example_dags/example_task_group_decorator.py
[2024-08-10T03:38:13.817+0000] {processor.py:840} INFO - DAG(s) 'example_task_group_decorator' retrieved from /home/airflow/.local/lib/python3.12/site-packages/airflow/example_dags/example_task_group_decorator.py
[2024-08-10T03:38:14.023+0000] {logging_mixin.py:188} INFO - [2024-08-10T03:38:14.022+0000] {dag.py:3089} INFO - Sync 1 DAGs
[2024-08-10T03:38:14.195+0000] {logging_mixin.py:188} INFO - [2024-08-10T03:38:14.195+0000] {dag.py:3947} INFO - Setting next_dagrun for example_task_group_decorator to 2024-08-09 00:00:00+00:00, run_after=2024-08-10 00:00:00+00:00
[2024-08-10T03:38:14.459+0000] {processor.py:183} INFO - Processing /home/airflow/.local/lib/python3.12/site-packages/airflow/example_dags/example_task_group_decorator.py took 0.679 seconds
