[2024-08-10T03:18:09.237+0000] {processor.py:161} INFO - Started process (PID=68) to work on /home/airflow/.local/lib/python3.12/site-packages/airflow/example_dags/example_complex.py
[2024-08-10T03:18:09.242+0000] {processor.py:830} INFO - Processing file /home/airflow/.local/lib/python3.12/site-packages/airflow/example_dags/example_complex.py for tasks to queue
[2024-08-10T03:18:09.254+0000] {logging_mixin.py:188} INFO - [2024-08-10T03:18:09.253+0000] {dagbag.py:545} INFO - Filling up the DagBag from /home/airflow/.local/lib/python3.12/site-packages/airflow/example_dags/example_complex.py
[2024-08-10T03:18:09.283+0000] {processor.py:840} INFO - DAG(s) 'example_complex' retrieved from /home/airflow/.local/lib/python3.12/site-packages/airflow/example_dags/example_complex.py
[2024-08-10T03:18:09.361+0000] {logging_mixin.py:188} INFO - [2024-08-10T03:18:09.360+0000] {dag.py:3089} INFO - Sync 1 DAGs
[2024-08-10T03:18:09.389+0000] {logging_mixin.py:188} INFO - [2024-08-10T03:18:09.387+0000] {dag.py:3947} INFO - Setting next_dagrun for example_complex to None, run_after=None
[2024-08-10T03:18:09.431+0000] {processor.py:183} INFO - Processing /home/airflow/.local/lib/python3.12/site-packages/airflow/example_dags/example_complex.py took 0.200 seconds
[2024-08-10T03:18:42.494+0000] {processor.py:161} INFO - Started process (PID=126) to work on /home/airflow/.local/lib/python3.12/site-packages/airflow/example_dags/example_complex.py
[2024-08-10T03:18:42.496+0000] {processor.py:830} INFO - Processing file /home/airflow/.local/lib/python3.12/site-packages/airflow/example_dags/example_complex.py for tasks to queue
[2024-08-10T03:18:42.498+0000] {logging_mixin.py:188} INFO - [2024-08-10T03:18:42.498+0000] {dagbag.py:545} INFO - Filling up the DagBag from /home/airflow/.local/lib/python3.12/site-packages/airflow/example_dags/example_complex.py
[2024-08-10T03:18:42.513+0000] {processor.py:840} INFO - DAG(s) 'example_complex' retrieved from /home/airflow/.local/lib/python3.12/site-packages/airflow/example_dags/example_complex.py
[2024-08-10T03:18:42.577+0000] {logging_mixin.py:188} INFO - [2024-08-10T03:18:42.577+0000] {dag.py:3089} INFO - Sync 1 DAGs
[2024-08-10T03:18:42.603+0000] {logging_mixin.py:188} INFO - [2024-08-10T03:18:42.603+0000] {dag.py:3947} INFO - Setting next_dagrun for example_complex to None, run_after=None
[2024-08-10T03:18:42.637+0000] {processor.py:183} INFO - Processing /home/airflow/.local/lib/python3.12/site-packages/airflow/example_dags/example_complex.py took 0.151 seconds
[2024-08-10T03:19:13.077+0000] {processor.py:161} INFO - Started process (PID=184) to work on /home/airflow/.local/lib/python3.12/site-packages/airflow/example_dags/example_complex.py
[2024-08-10T03:19:13.089+0000] {processor.py:830} INFO - Processing file /home/airflow/.local/lib/python3.12/site-packages/airflow/example_dags/example_complex.py for tasks to queue
[2024-08-10T03:19:13.095+0000] {logging_mixin.py:188} INFO - [2024-08-10T03:19:13.095+0000] {dagbag.py:545} INFO - Filling up the DagBag from /home/airflow/.local/lib/python3.12/site-packages/airflow/example_dags/example_complex.py
[2024-08-10T03:19:13.157+0000] {processor.py:840} INFO - DAG(s) 'example_complex' retrieved from /home/airflow/.local/lib/python3.12/site-packages/airflow/example_dags/example_complex.py
[2024-08-10T03:19:13.301+0000] {logging_mixin.py:188} INFO - [2024-08-10T03:19:13.300+0000] {dag.py:3089} INFO - Sync 1 DAGs
[2024-08-10T03:19:13.371+0000] {logging_mixin.py:188} INFO - [2024-08-10T03:19:13.370+0000] {dag.py:3947} INFO - Setting next_dagrun for example_complex to None, run_after=None
[2024-08-10T03:19:13.529+0000] {processor.py:183} INFO - Processing /home/airflow/.local/lib/python3.12/site-packages/airflow/example_dags/example_complex.py took 0.459 seconds
[2024-08-10T03:19:44.457+0000] {processor.py:161} INFO - Started process (PID=244) to work on /home/airflow/.local/lib/python3.12/site-packages/airflow/example_dags/example_complex.py
[2024-08-10T03:19:44.460+0000] {processor.py:830} INFO - Processing file /home/airflow/.local/lib/python3.12/site-packages/airflow/example_dags/example_complex.py for tasks to queue
[2024-08-10T03:19:44.462+0000] {logging_mixin.py:188} INFO - [2024-08-10T03:19:44.462+0000] {dagbag.py:545} INFO - Filling up the DagBag from /home/airflow/.local/lib/python3.12/site-packages/airflow/example_dags/example_complex.py
[2024-08-10T03:19:44.475+0000] {processor.py:840} INFO - DAG(s) 'example_complex' retrieved from /home/airflow/.local/lib/python3.12/site-packages/airflow/example_dags/example_complex.py
[2024-08-10T03:19:44.512+0000] {logging_mixin.py:188} INFO - [2024-08-10T03:19:44.511+0000] {dag.py:3089} INFO - Sync 1 DAGs
[2024-08-10T03:19:44.546+0000] {logging_mixin.py:188} INFO - [2024-08-10T03:19:44.546+0000] {dag.py:3947} INFO - Setting next_dagrun for example_complex to None, run_after=None
[2024-08-10T03:19:44.586+0000] {processor.py:183} INFO - Processing /home/airflow/.local/lib/python3.12/site-packages/airflow/example_dags/example_complex.py took 0.137 seconds
[2024-08-10T03:20:16.128+0000] {processor.py:161} INFO - Started process (PID=305) to work on /home/airflow/.local/lib/python3.12/site-packages/airflow/example_dags/example_complex.py
[2024-08-10T03:20:16.137+0000] {processor.py:830} INFO - Processing file /home/airflow/.local/lib/python3.12/site-packages/airflow/example_dags/example_complex.py for tasks to queue
[2024-08-10T03:20:16.139+0000] {logging_mixin.py:188} INFO - [2024-08-10T03:20:16.139+0000] {dagbag.py:545} INFO - Filling up the DagBag from /home/airflow/.local/lib/python3.12/site-packages/airflow/example_dags/example_complex.py
[2024-08-10T03:20:16.156+0000] {processor.py:840} INFO - DAG(s) 'example_complex' retrieved from /home/airflow/.local/lib/python3.12/site-packages/airflow/example_dags/example_complex.py
[2024-08-10T03:20:16.361+0000] {logging_mixin.py:188} INFO - [2024-08-10T03:20:16.360+0000] {dag.py:3089} INFO - Sync 1 DAGs
[2024-08-10T03:20:16.824+0000] {logging_mixin.py:188} INFO - [2024-08-10T03:20:16.823+0000] {dag.py:3947} INFO - Setting next_dagrun for example_complex to None, run_after=None
[2024-08-10T03:20:16.886+0000] {processor.py:183} INFO - Processing /home/airflow/.local/lib/python3.12/site-packages/airflow/example_dags/example_complex.py took 0.768 seconds
[2024-08-10T03:20:47.603+0000] {processor.py:161} INFO - Started process (PID=365) to work on /home/airflow/.local/lib/python3.12/site-packages/airflow/example_dags/example_complex.py
[2024-08-10T03:20:47.605+0000] {processor.py:830} INFO - Processing file /home/airflow/.local/lib/python3.12/site-packages/airflow/example_dags/example_complex.py for tasks to queue
[2024-08-10T03:20:47.607+0000] {logging_mixin.py:188} INFO - [2024-08-10T03:20:47.607+0000] {dagbag.py:545} INFO - Filling up the DagBag from /home/airflow/.local/lib/python3.12/site-packages/airflow/example_dags/example_complex.py
[2024-08-10T03:20:47.620+0000] {processor.py:840} INFO - DAG(s) 'example_complex' retrieved from /home/airflow/.local/lib/python3.12/site-packages/airflow/example_dags/example_complex.py
[2024-08-10T03:20:47.661+0000] {logging_mixin.py:188} INFO - [2024-08-10T03:20:47.660+0000] {dag.py:3089} INFO - Sync 1 DAGs
[2024-08-10T03:20:47.676+0000] {logging_mixin.py:188} INFO - [2024-08-10T03:20:47.676+0000] {dag.py:3947} INFO - Setting next_dagrun for example_complex to None, run_after=None
[2024-08-10T03:20:47.701+0000] {processor.py:183} INFO - Processing /home/airflow/.local/lib/python3.12/site-packages/airflow/example_dags/example_complex.py took 0.105 seconds
[2024-08-10T03:21:18.015+0000] {processor.py:161} INFO - Started process (PID=424) to work on /home/airflow/.local/lib/python3.12/site-packages/airflow/example_dags/example_complex.py
[2024-08-10T03:21:18.017+0000] {processor.py:830} INFO - Processing file /home/airflow/.local/lib/python3.12/site-packages/airflow/example_dags/example_complex.py for tasks to queue
[2024-08-10T03:21:18.020+0000] {logging_mixin.py:188} INFO - [2024-08-10T03:21:18.020+0000] {dagbag.py:545} INFO - Filling up the DagBag from /home/airflow/.local/lib/python3.12/site-packages/airflow/example_dags/example_complex.py
[2024-08-10T03:21:18.034+0000] {processor.py:840} INFO - DAG(s) 'example_complex' retrieved from /home/airflow/.local/lib/python3.12/site-packages/airflow/example_dags/example_complex.py
[2024-08-10T03:21:18.066+0000] {logging_mixin.py:188} INFO - [2024-08-10T03:21:18.065+0000] {dag.py:3089} INFO - Sync 1 DAGs
[2024-08-10T03:21:18.088+0000] {logging_mixin.py:188} INFO - [2024-08-10T03:21:18.088+0000] {dag.py:3947} INFO - Setting next_dagrun for example_complex to None, run_after=None
[2024-08-10T03:21:18.134+0000] {processor.py:183} INFO - Processing /home/airflow/.local/lib/python3.12/site-packages/airflow/example_dags/example_complex.py took 0.125 seconds
[2024-08-10T03:21:48.295+0000] {processor.py:161} INFO - Started process (PID=484) to work on /home/airflow/.local/lib/python3.12/site-packages/airflow/example_dags/example_complex.py
[2024-08-10T03:21:48.305+0000] {processor.py:830} INFO - Processing file /home/airflow/.local/lib/python3.12/site-packages/airflow/example_dags/example_complex.py for tasks to queue
[2024-08-10T03:21:48.311+0000] {logging_mixin.py:188} INFO - [2024-08-10T03:21:48.309+0000] {dagbag.py:545} INFO - Filling up the DagBag from /home/airflow/.local/lib/python3.12/site-packages/airflow/example_dags/example_complex.py
[2024-08-10T03:21:48.328+0000] {processor.py:840} INFO - DAG(s) 'example_complex' retrieved from /home/airflow/.local/lib/python3.12/site-packages/airflow/example_dags/example_complex.py
[2024-08-10T03:21:48.367+0000] {logging_mixin.py:188} INFO - [2024-08-10T03:21:48.367+0000] {dag.py:3089} INFO - Sync 1 DAGs
[2024-08-10T03:21:48.381+0000] {logging_mixin.py:188} INFO - [2024-08-10T03:21:48.381+0000] {dag.py:3947} INFO - Setting next_dagrun for example_complex to None, run_after=None
[2024-08-10T03:21:48.403+0000] {processor.py:183} INFO - Processing /home/airflow/.local/lib/python3.12/site-packages/airflow/example_dags/example_complex.py took 0.116 seconds
[2024-08-10T03:22:19.119+0000] {processor.py:161} INFO - Started process (PID=544) to work on /home/airflow/.local/lib/python3.12/site-packages/airflow/example_dags/example_complex.py
[2024-08-10T03:22:19.120+0000] {processor.py:830} INFO - Processing file /home/airflow/.local/lib/python3.12/site-packages/airflow/example_dags/example_complex.py for tasks to queue
[2024-08-10T03:22:19.122+0000] {logging_mixin.py:188} INFO - [2024-08-10T03:22:19.122+0000] {dagbag.py:545} INFO - Filling up the DagBag from /home/airflow/.local/lib/python3.12/site-packages/airflow/example_dags/example_complex.py
[2024-08-10T03:22:19.132+0000] {processor.py:840} INFO - DAG(s) 'example_complex' retrieved from /home/airflow/.local/lib/python3.12/site-packages/airflow/example_dags/example_complex.py
[2024-08-10T03:22:19.162+0000] {logging_mixin.py:188} INFO - [2024-08-10T03:22:19.162+0000] {dag.py:3089} INFO - Sync 1 DAGs
[2024-08-10T03:22:19.176+0000] {logging_mixin.py:188} INFO - [2024-08-10T03:22:19.175+0000] {dag.py:3947} INFO - Setting next_dagrun for example_complex to None, run_after=None
[2024-08-10T03:22:19.199+0000] {processor.py:183} INFO - Processing /home/airflow/.local/lib/python3.12/site-packages/airflow/example_dags/example_complex.py took 0.085 seconds
[2024-08-10T03:22:49.463+0000] {processor.py:161} INFO - Started process (PID=602) to work on /home/airflow/.local/lib/python3.12/site-packages/airflow/example_dags/example_complex.py
[2024-08-10T03:22:49.476+0000] {processor.py:830} INFO - Processing file /home/airflow/.local/lib/python3.12/site-packages/airflow/example_dags/example_complex.py for tasks to queue
[2024-08-10T03:22:49.487+0000] {logging_mixin.py:188} INFO - [2024-08-10T03:22:49.486+0000] {dagbag.py:545} INFO - Filling up the DagBag from /home/airflow/.local/lib/python3.12/site-packages/airflow/example_dags/example_complex.py
[2024-08-10T03:22:49.513+0000] {processor.py:840} INFO - DAG(s) 'example_complex' retrieved from /home/airflow/.local/lib/python3.12/site-packages/airflow/example_dags/example_complex.py
[2024-08-10T03:22:49.626+0000] {logging_mixin.py:188} INFO - [2024-08-10T03:22:49.626+0000] {dag.py:3089} INFO - Sync 1 DAGs
[2024-08-10T03:22:49.668+0000] {logging_mixin.py:188} INFO - [2024-08-10T03:22:49.668+0000] {dag.py:3947} INFO - Setting next_dagrun for example_complex to None, run_after=None
[2024-08-10T03:22:49.734+0000] {processor.py:183} INFO - Processing /home/airflow/.local/lib/python3.12/site-packages/airflow/example_dags/example_complex.py took 0.278 seconds
[2024-08-10T03:23:20.228+0000] {processor.py:161} INFO - Started process (PID=662) to work on /home/airflow/.local/lib/python3.12/site-packages/airflow/example_dags/example_complex.py
[2024-08-10T03:23:20.234+0000] {processor.py:830} INFO - Processing file /home/airflow/.local/lib/python3.12/site-packages/airflow/example_dags/example_complex.py for tasks to queue
[2024-08-10T03:23:20.239+0000] {logging_mixin.py:188} INFO - [2024-08-10T03:23:20.239+0000] {dagbag.py:545} INFO - Filling up the DagBag from /home/airflow/.local/lib/python3.12/site-packages/airflow/example_dags/example_complex.py
[2024-08-10T03:23:20.261+0000] {processor.py:840} INFO - DAG(s) 'example_complex' retrieved from /home/airflow/.local/lib/python3.12/site-packages/airflow/example_dags/example_complex.py
[2024-08-10T03:23:20.300+0000] {logging_mixin.py:188} INFO - [2024-08-10T03:23:20.299+0000] {dag.py:3089} INFO - Sync 1 DAGs
[2024-08-10T03:23:20.320+0000] {logging_mixin.py:188} INFO - [2024-08-10T03:23:20.320+0000] {dag.py:3947} INFO - Setting next_dagrun for example_complex to None, run_after=None
[2024-08-10T03:23:20.369+0000] {processor.py:183} INFO - Processing /home/airflow/.local/lib/python3.12/site-packages/airflow/example_dags/example_complex.py took 0.154 seconds
[2024-08-10T03:23:50.889+0000] {processor.py:161} INFO - Started process (PID=722) to work on /home/airflow/.local/lib/python3.12/site-packages/airflow/example_dags/example_complex.py
[2024-08-10T03:23:50.890+0000] {processor.py:830} INFO - Processing file /home/airflow/.local/lib/python3.12/site-packages/airflow/example_dags/example_complex.py for tasks to queue
[2024-08-10T03:23:50.892+0000] {logging_mixin.py:188} INFO - [2024-08-10T03:23:50.892+0000] {dagbag.py:545} INFO - Filling up the DagBag from /home/airflow/.local/lib/python3.12/site-packages/airflow/example_dags/example_complex.py
[2024-08-10T03:23:50.904+0000] {processor.py:840} INFO - DAG(s) 'example_complex' retrieved from /home/airflow/.local/lib/python3.12/site-packages/airflow/example_dags/example_complex.py
[2024-08-10T03:23:50.961+0000] {logging_mixin.py:188} INFO - [2024-08-10T03:23:50.961+0000] {dag.py:3089} INFO - Sync 1 DAGs
[2024-08-10T03:23:50.981+0000] {logging_mixin.py:188} INFO - [2024-08-10T03:23:50.980+0000] {dag.py:3947} INFO - Setting next_dagrun for example_complex to None, run_after=None
[2024-08-10T03:23:51.006+0000] {processor.py:183} INFO - Processing /home/airflow/.local/lib/python3.12/site-packages/airflow/example_dags/example_complex.py took 0.124 seconds
[2024-08-10T03:24:21.680+0000] {processor.py:161} INFO - Started process (PID=783) to work on /home/airflow/.local/lib/python3.12/site-packages/airflow/example_dags/example_complex.py
[2024-08-10T03:24:21.682+0000] {processor.py:830} INFO - Processing file /home/airflow/.local/lib/python3.12/site-packages/airflow/example_dags/example_complex.py for tasks to queue
[2024-08-10T03:24:21.684+0000] {logging_mixin.py:188} INFO - [2024-08-10T03:24:21.684+0000] {dagbag.py:545} INFO - Filling up the DagBag from /home/airflow/.local/lib/python3.12/site-packages/airflow/example_dags/example_complex.py
[2024-08-10T03:24:21.697+0000] {processor.py:840} INFO - DAG(s) 'example_complex' retrieved from /home/airflow/.local/lib/python3.12/site-packages/airflow/example_dags/example_complex.py
[2024-08-10T03:24:21.733+0000] {logging_mixin.py:188} INFO - [2024-08-10T03:24:21.732+0000] {dag.py:3089} INFO - Sync 1 DAGs
[2024-08-10T03:24:21.752+0000] {logging_mixin.py:188} INFO - [2024-08-10T03:24:21.752+0000] {dag.py:3947} INFO - Setting next_dagrun for example_complex to None, run_after=None
[2024-08-10T03:24:21.782+0000] {processor.py:183} INFO - Processing /home/airflow/.local/lib/python3.12/site-packages/airflow/example_dags/example_complex.py took 0.108 seconds
[2024-08-10T03:24:52.025+0000] {processor.py:161} INFO - Started process (PID=843) to work on /home/airflow/.local/lib/python3.12/site-packages/airflow/example_dags/example_complex.py
[2024-08-10T03:24:52.027+0000] {processor.py:830} INFO - Processing file /home/airflow/.local/lib/python3.12/site-packages/airflow/example_dags/example_complex.py for tasks to queue
[2024-08-10T03:24:52.030+0000] {logging_mixin.py:188} INFO - [2024-08-10T03:24:52.029+0000] {dagbag.py:545} INFO - Filling up the DagBag from /home/airflow/.local/lib/python3.12/site-packages/airflow/example_dags/example_complex.py
[2024-08-10T03:24:52.041+0000] {processor.py:840} INFO - DAG(s) 'example_complex' retrieved from /home/airflow/.local/lib/python3.12/site-packages/airflow/example_dags/example_complex.py
[2024-08-10T03:24:52.082+0000] {logging_mixin.py:188} INFO - [2024-08-10T03:24:52.082+0000] {dag.py:3089} INFO - Sync 1 DAGs
[2024-08-10T03:24:52.098+0000] {logging_mixin.py:188} INFO - [2024-08-10T03:24:52.098+0000] {dag.py:3947} INFO - Setting next_dagrun for example_complex to None, run_after=None
[2024-08-10T03:24:52.125+0000] {processor.py:183} INFO - Processing /home/airflow/.local/lib/python3.12/site-packages/airflow/example_dags/example_complex.py took 0.107 seconds
[2024-08-10T03:25:22.738+0000] {processor.py:161} INFO - Started process (PID=902) to work on /home/airflow/.local/lib/python3.12/site-packages/airflow/example_dags/example_complex.py
[2024-08-10T03:25:22.740+0000] {processor.py:830} INFO - Processing file /home/airflow/.local/lib/python3.12/site-packages/airflow/example_dags/example_complex.py for tasks to queue
[2024-08-10T03:25:22.747+0000] {logging_mixin.py:188} INFO - [2024-08-10T03:25:22.744+0000] {dagbag.py:545} INFO - Filling up the DagBag from /home/airflow/.local/lib/python3.12/site-packages/airflow/example_dags/example_complex.py
[2024-08-10T03:25:22.761+0000] {processor.py:840} INFO - DAG(s) 'example_complex' retrieved from /home/airflow/.local/lib/python3.12/site-packages/airflow/example_dags/example_complex.py
[2024-08-10T03:25:22.797+0000] {logging_mixin.py:188} INFO - [2024-08-10T03:25:22.797+0000] {dag.py:3089} INFO - Sync 1 DAGs
[2024-08-10T03:25:22.812+0000] {logging_mixin.py:188} INFO - [2024-08-10T03:25:22.811+0000] {dag.py:3947} INFO - Setting next_dagrun for example_complex to None, run_after=None
[2024-08-10T03:25:22.843+0000] {processor.py:183} INFO - Processing /home/airflow/.local/lib/python3.12/site-packages/airflow/example_dags/example_complex.py took 0.111 seconds
[2024-08-10T03:25:53.078+0000] {processor.py:161} INFO - Started process (PID=962) to work on /home/airflow/.local/lib/python3.12/site-packages/airflow/example_dags/example_complex.py
[2024-08-10T03:25:53.080+0000] {processor.py:830} INFO - Processing file /home/airflow/.local/lib/python3.12/site-packages/airflow/example_dags/example_complex.py for tasks to queue
[2024-08-10T03:25:53.082+0000] {logging_mixin.py:188} INFO - [2024-08-10T03:25:53.081+0000] {dagbag.py:545} INFO - Filling up the DagBag from /home/airflow/.local/lib/python3.12/site-packages/airflow/example_dags/example_complex.py
[2024-08-10T03:25:53.093+0000] {processor.py:840} INFO - DAG(s) 'example_complex' retrieved from /home/airflow/.local/lib/python3.12/site-packages/airflow/example_dags/example_complex.py
[2024-08-10T03:25:53.138+0000] {logging_mixin.py:188} INFO - [2024-08-10T03:25:53.138+0000] {dag.py:3089} INFO - Sync 1 DAGs
[2024-08-10T03:25:53.155+0000] {logging_mixin.py:188} INFO - [2024-08-10T03:25:53.155+0000] {dag.py:3947} INFO - Setting next_dagrun for example_complex to None, run_after=None
[2024-08-10T03:25:53.181+0000] {processor.py:183} INFO - Processing /home/airflow/.local/lib/python3.12/site-packages/airflow/example_dags/example_complex.py took 0.110 seconds
[2024-08-10T03:26:23.939+0000] {processor.py:161} INFO - Started process (PID=1022) to work on /home/airflow/.local/lib/python3.12/site-packages/airflow/example_dags/example_complex.py
[2024-08-10T03:26:23.940+0000] {processor.py:830} INFO - Processing file /home/airflow/.local/lib/python3.12/site-packages/airflow/example_dags/example_complex.py for tasks to queue
[2024-08-10T03:26:23.942+0000] {logging_mixin.py:188} INFO - [2024-08-10T03:26:23.941+0000] {dagbag.py:545} INFO - Filling up the DagBag from /home/airflow/.local/lib/python3.12/site-packages/airflow/example_dags/example_complex.py
[2024-08-10T03:26:23.952+0000] {processor.py:840} INFO - DAG(s) 'example_complex' retrieved from /home/airflow/.local/lib/python3.12/site-packages/airflow/example_dags/example_complex.py
[2024-08-10T03:26:23.984+0000] {logging_mixin.py:188} INFO - [2024-08-10T03:26:23.984+0000] {dag.py:3089} INFO - Sync 1 DAGs
[2024-08-10T03:26:23.997+0000] {logging_mixin.py:188} INFO - [2024-08-10T03:26:23.997+0000] {dag.py:3947} INFO - Setting next_dagrun for example_complex to None, run_after=None
[2024-08-10T03:26:24.019+0000] {processor.py:183} INFO - Processing /home/airflow/.local/lib/python3.12/site-packages/airflow/example_dags/example_complex.py took 0.086 seconds
[2024-08-10T03:26:54.671+0000] {processor.py:161} INFO - Started process (PID=1084) to work on /home/airflow/.local/lib/python3.12/site-packages/airflow/example_dags/example_complex.py
[2024-08-10T03:26:54.672+0000] {processor.py:830} INFO - Processing file /home/airflow/.local/lib/python3.12/site-packages/airflow/example_dags/example_complex.py for tasks to queue
[2024-08-10T03:26:54.683+0000] {logging_mixin.py:188} INFO - [2024-08-10T03:26:54.682+0000] {dagbag.py:545} INFO - Filling up the DagBag from /home/airflow/.local/lib/python3.12/site-packages/airflow/example_dags/example_complex.py
[2024-08-10T03:26:54.699+0000] {processor.py:840} INFO - DAG(s) 'example_complex' retrieved from /home/airflow/.local/lib/python3.12/site-packages/airflow/example_dags/example_complex.py
[2024-08-10T03:26:54.792+0000] {logging_mixin.py:188} INFO - [2024-08-10T03:26:54.792+0000] {dag.py:3089} INFO - Sync 1 DAGs
[2024-08-10T03:26:54.825+0000] {logging_mixin.py:188} INFO - [2024-08-10T03:26:54.824+0000] {dag.py:3947} INFO - Setting next_dagrun for example_complex to None, run_after=None
[2024-08-10T03:26:54.891+0000] {processor.py:183} INFO - Processing /home/airflow/.local/lib/python3.12/site-packages/airflow/example_dags/example_complex.py took 0.227 seconds
[2024-08-10T03:27:26.018+0000] {processor.py:161} INFO - Started process (PID=1142) to work on /home/airflow/.local/lib/python3.12/site-packages/airflow/example_dags/example_complex.py
[2024-08-10T03:27:26.022+0000] {processor.py:830} INFO - Processing file /home/airflow/.local/lib/python3.12/site-packages/airflow/example_dags/example_complex.py for tasks to queue
[2024-08-10T03:27:26.030+0000] {logging_mixin.py:188} INFO - [2024-08-10T03:27:26.029+0000] {dagbag.py:545} INFO - Filling up the DagBag from /home/airflow/.local/lib/python3.12/site-packages/airflow/example_dags/example_complex.py
[2024-08-10T03:27:26.065+0000] {processor.py:840} INFO - DAG(s) 'example_complex' retrieved from /home/airflow/.local/lib/python3.12/site-packages/airflow/example_dags/example_complex.py
[2024-08-10T03:27:26.146+0000] {logging_mixin.py:188} INFO - [2024-08-10T03:27:26.146+0000] {dag.py:3089} INFO - Sync 1 DAGs
[2024-08-10T03:27:26.180+0000] {logging_mixin.py:188} INFO - [2024-08-10T03:27:26.180+0000] {dag.py:3947} INFO - Setting next_dagrun for example_complex to None, run_after=None
[2024-08-10T03:27:26.231+0000] {processor.py:183} INFO - Processing /home/airflow/.local/lib/python3.12/site-packages/airflow/example_dags/example_complex.py took 0.227 seconds
[2024-08-10T03:27:56.822+0000] {processor.py:161} INFO - Started process (PID=1202) to work on /home/airflow/.local/lib/python3.12/site-packages/airflow/example_dags/example_complex.py
[2024-08-10T03:27:56.823+0000] {processor.py:830} INFO - Processing file /home/airflow/.local/lib/python3.12/site-packages/airflow/example_dags/example_complex.py for tasks to queue
[2024-08-10T03:27:56.825+0000] {logging_mixin.py:188} INFO - [2024-08-10T03:27:56.825+0000] {dagbag.py:545} INFO - Filling up the DagBag from /home/airflow/.local/lib/python3.12/site-packages/airflow/example_dags/example_complex.py
[2024-08-10T03:27:56.837+0000] {processor.py:840} INFO - DAG(s) 'example_complex' retrieved from /home/airflow/.local/lib/python3.12/site-packages/airflow/example_dags/example_complex.py
[2024-08-10T03:27:56.927+0000] {logging_mixin.py:188} INFO - [2024-08-10T03:27:56.927+0000] {dag.py:3089} INFO - Sync 1 DAGs
[2024-08-10T03:27:56.962+0000] {logging_mixin.py:188} INFO - [2024-08-10T03:27:56.962+0000] {dag.py:3947} INFO - Setting next_dagrun for example_complex to None, run_after=None
[2024-08-10T03:27:57.011+0000] {processor.py:183} INFO - Processing /home/airflow/.local/lib/python3.12/site-packages/airflow/example_dags/example_complex.py took 0.215 seconds
[2024-08-10T03:28:28.049+0000] {processor.py:161} INFO - Started process (PID=1262) to work on /home/airflow/.local/lib/python3.12/site-packages/airflow/example_dags/example_complex.py
[2024-08-10T03:28:28.050+0000] {processor.py:830} INFO - Processing file /home/airflow/.local/lib/python3.12/site-packages/airflow/example_dags/example_complex.py for tasks to queue
[2024-08-10T03:28:28.052+0000] {logging_mixin.py:188} INFO - [2024-08-10T03:28:28.052+0000] {dagbag.py:545} INFO - Filling up the DagBag from /home/airflow/.local/lib/python3.12/site-packages/airflow/example_dags/example_complex.py
[2024-08-10T03:28:28.064+0000] {processor.py:840} INFO - DAG(s) 'example_complex' retrieved from /home/airflow/.local/lib/python3.12/site-packages/airflow/example_dags/example_complex.py
[2024-08-10T03:28:28.101+0000] {logging_mixin.py:188} INFO - [2024-08-10T03:28:28.100+0000] {dag.py:3089} INFO - Sync 1 DAGs
[2024-08-10T03:28:28.116+0000] {logging_mixin.py:188} INFO - [2024-08-10T03:28:28.115+0000] {dag.py:3947} INFO - Setting next_dagrun for example_complex to None, run_after=None
[2024-08-10T03:28:28.140+0000] {processor.py:183} INFO - Processing /home/airflow/.local/lib/python3.12/site-packages/airflow/example_dags/example_complex.py took 0.098 seconds
[2024-08-10T03:28:58.589+0000] {processor.py:161} INFO - Started process (PID=1322) to work on /home/airflow/.local/lib/python3.12/site-packages/airflow/example_dags/example_complex.py
[2024-08-10T03:28:58.590+0000] {processor.py:830} INFO - Processing file /home/airflow/.local/lib/python3.12/site-packages/airflow/example_dags/example_complex.py for tasks to queue
[2024-08-10T03:28:58.592+0000] {logging_mixin.py:188} INFO - [2024-08-10T03:28:58.591+0000] {dagbag.py:545} INFO - Filling up the DagBag from /home/airflow/.local/lib/python3.12/site-packages/airflow/example_dags/example_complex.py
[2024-08-10T03:28:58.602+0000] {processor.py:840} INFO - DAG(s) 'example_complex' retrieved from /home/airflow/.local/lib/python3.12/site-packages/airflow/example_dags/example_complex.py
[2024-08-10T03:28:58.702+0000] {logging_mixin.py:188} INFO - [2024-08-10T03:28:58.701+0000] {dag.py:3089} INFO - Sync 1 DAGs
[2024-08-10T03:28:58.716+0000] {logging_mixin.py:188} INFO - [2024-08-10T03:28:58.716+0000] {dag.py:3947} INFO - Setting next_dagrun for example_complex to None, run_after=None
[2024-08-10T03:28:59.023+0000] {processor.py:183} INFO - Processing /home/airflow/.local/lib/python3.12/site-packages/airflow/example_dags/example_complex.py took 0.440 seconds
[2024-08-10T03:29:41.001+0000] {processor.py:161} INFO - Started process (PID=1382) to work on /home/airflow/.local/lib/python3.12/site-packages/airflow/example_dags/example_complex.py
[2024-08-10T03:29:41.003+0000] {processor.py:830} INFO - Processing file /home/airflow/.local/lib/python3.12/site-packages/airflow/example_dags/example_complex.py for tasks to queue
[2024-08-10T03:29:41.006+0000] {logging_mixin.py:188} INFO - [2024-08-10T03:29:41.005+0000] {dagbag.py:545} INFO - Filling up the DagBag from /home/airflow/.local/lib/python3.12/site-packages/airflow/example_dags/example_complex.py
[2024-08-10T03:29:41.022+0000] {processor.py:840} INFO - DAG(s) 'example_complex' retrieved from /home/airflow/.local/lib/python3.12/site-packages/airflow/example_dags/example_complex.py
[2024-08-10T03:29:41.093+0000] {logging_mixin.py:188} INFO - [2024-08-10T03:29:41.093+0000] {dag.py:3089} INFO - Sync 1 DAGs
[2024-08-10T03:29:41.116+0000] {logging_mixin.py:188} INFO - [2024-08-10T03:29:41.116+0000] {dag.py:3947} INFO - Setting next_dagrun for example_complex to None, run_after=None
[2024-08-10T03:29:41.143+0000] {processor.py:183} INFO - Processing /home/airflow/.local/lib/python3.12/site-packages/airflow/example_dags/example_complex.py took 0.148 seconds
[2024-08-10T03:30:25.561+0000] {processor.py:161} INFO - Started process (PID=1448) to work on /home/airflow/.local/lib/python3.12/site-packages/airflow/example_dags/example_complex.py
[2024-08-10T03:30:25.562+0000] {processor.py:830} INFO - Processing file /home/airflow/.local/lib/python3.12/site-packages/airflow/example_dags/example_complex.py for tasks to queue
[2024-08-10T03:30:25.567+0000] {logging_mixin.py:188} INFO - [2024-08-10T03:30:25.566+0000] {dagbag.py:545} INFO - Filling up the DagBag from /home/airflow/.local/lib/python3.12/site-packages/airflow/example_dags/example_complex.py
[2024-08-10T03:30:25.592+0000] {processor.py:840} INFO - DAG(s) 'example_complex' retrieved from /home/airflow/.local/lib/python3.12/site-packages/airflow/example_dags/example_complex.py
[2024-08-10T03:30:25.690+0000] {logging_mixin.py:188} INFO - [2024-08-10T03:30:25.690+0000] {dag.py:3089} INFO - Sync 1 DAGs
[2024-08-10T03:30:25.760+0000] {logging_mixin.py:188} INFO - [2024-08-10T03:30:25.759+0000] {dag.py:3947} INFO - Setting next_dagrun for example_complex to None, run_after=None
[2024-08-10T03:30:25.819+0000] {processor.py:183} INFO - Processing /home/airflow/.local/lib/python3.12/site-packages/airflow/example_dags/example_complex.py took 0.270 seconds
[2024-08-10T03:30:56.901+0000] {processor.py:161} INFO - Started process (PID=1507) to work on /home/airflow/.local/lib/python3.12/site-packages/airflow/example_dags/example_complex.py
[2024-08-10T03:30:56.931+0000] {processor.py:830} INFO - Processing file /home/airflow/.local/lib/python3.12/site-packages/airflow/example_dags/example_complex.py for tasks to queue
[2024-08-10T03:30:56.939+0000] {logging_mixin.py:188} INFO - [2024-08-10T03:30:56.939+0000] {dagbag.py:545} INFO - Filling up the DagBag from /home/airflow/.local/lib/python3.12/site-packages/airflow/example_dags/example_complex.py
[2024-08-10T03:30:56.956+0000] {processor.py:840} INFO - DAG(s) 'example_complex' retrieved from /home/airflow/.local/lib/python3.12/site-packages/airflow/example_dags/example_complex.py
[2024-08-10T03:30:57.070+0000] {logging_mixin.py:188} INFO - [2024-08-10T03:30:57.069+0000] {dag.py:3089} INFO - Sync 1 DAGs
[2024-08-10T03:30:57.104+0000] {logging_mixin.py:188} INFO - [2024-08-10T03:30:57.104+0000] {dag.py:3947} INFO - Setting next_dagrun for example_complex to None, run_after=None
[2024-08-10T03:30:58.878+0000] {processor.py:183} INFO - Processing /home/airflow/.local/lib/python3.12/site-packages/airflow/example_dags/example_complex.py took 1.986 seconds
[2024-08-10T03:31:41.614+0000] {processor.py:161} INFO - Started process (PID=1567) to work on /home/airflow/.local/lib/python3.12/site-packages/airflow/example_dags/example_complex.py
[2024-08-10T03:31:41.644+0000] {processor.py:830} INFO - Processing file /home/airflow/.local/lib/python3.12/site-packages/airflow/example_dags/example_complex.py for tasks to queue
[2024-08-10T03:31:41.646+0000] {logging_mixin.py:188} INFO - [2024-08-10T03:31:41.645+0000] {dagbag.py:545} INFO - Filling up the DagBag from /home/airflow/.local/lib/python3.12/site-packages/airflow/example_dags/example_complex.py
[2024-08-10T03:31:41.659+0000] {processor.py:840} INFO - DAG(s) 'example_complex' retrieved from /home/airflow/.local/lib/python3.12/site-packages/airflow/example_dags/example_complex.py
[2024-08-10T03:31:41.702+0000] {logging_mixin.py:188} INFO - [2024-08-10T03:31:41.702+0000] {dag.py:3089} INFO - Sync 1 DAGs
[2024-08-10T03:31:41.721+0000] {logging_mixin.py:188} INFO - [2024-08-10T03:31:41.720+0000] {dag.py:3947} INFO - Setting next_dagrun for example_complex to None, run_after=None
[2024-08-10T03:31:41.821+0000] {processor.py:183} INFO - Processing /home/airflow/.local/lib/python3.12/site-packages/airflow/example_dags/example_complex.py took 0.214 seconds
[2024-08-10T03:32:33.859+0000] {processor.py:161} INFO - Started process (PID=1628) to work on /home/airflow/.local/lib/python3.12/site-packages/airflow/example_dags/example_complex.py
[2024-08-10T03:32:33.860+0000] {processor.py:830} INFO - Processing file /home/airflow/.local/lib/python3.12/site-packages/airflow/example_dags/example_complex.py for tasks to queue
[2024-08-10T03:32:33.861+0000] {logging_mixin.py:188} INFO - [2024-08-10T03:32:33.861+0000] {dagbag.py:545} INFO - Filling up the DagBag from /home/airflow/.local/lib/python3.12/site-packages/airflow/example_dags/example_complex.py
[2024-08-10T03:32:33.873+0000] {processor.py:840} INFO - DAG(s) 'example_complex' retrieved from /home/airflow/.local/lib/python3.12/site-packages/airflow/example_dags/example_complex.py
[2024-08-10T03:32:33.928+0000] {logging_mixin.py:188} INFO - [2024-08-10T03:32:33.928+0000] {dag.py:3089} INFO - Sync 1 DAGs
[2024-08-10T03:32:33.949+0000] {logging_mixin.py:188} INFO - [2024-08-10T03:32:33.948+0000] {dag.py:3947} INFO - Setting next_dagrun for example_complex to None, run_after=None
[2024-08-10T03:32:34.086+0000] {processor.py:183} INFO - Processing /home/airflow/.local/lib/python3.12/site-packages/airflow/example_dags/example_complex.py took 0.234 seconds
[2024-08-10T03:33:23.278+0000] {processor.py:161} INFO - Started process (PID=1691) to work on /home/airflow/.local/lib/python3.12/site-packages/airflow/example_dags/example_complex.py
[2024-08-10T03:33:23.281+0000] {processor.py:830} INFO - Processing file /home/airflow/.local/lib/python3.12/site-packages/airflow/example_dags/example_complex.py for tasks to queue
[2024-08-10T03:33:23.283+0000] {logging_mixin.py:188} INFO - [2024-08-10T03:33:23.282+0000] {dagbag.py:545} INFO - Filling up the DagBag from /home/airflow/.local/lib/python3.12/site-packages/airflow/example_dags/example_complex.py
[2024-08-10T03:33:23.302+0000] {processor.py:840} INFO - DAG(s) 'example_complex' retrieved from /home/airflow/.local/lib/python3.12/site-packages/airflow/example_dags/example_complex.py
[2024-08-10T03:33:23.380+0000] {logging_mixin.py:188} INFO - [2024-08-10T03:33:23.378+0000] {dag.py:3089} INFO - Sync 1 DAGs
[2024-08-10T03:33:23.406+0000] {logging_mixin.py:188} INFO - [2024-08-10T03:33:23.406+0000] {dag.py:3947} INFO - Setting next_dagrun for example_complex to None, run_after=None
[2024-08-10T03:33:23.448+0000] {processor.py:183} INFO - Processing /home/airflow/.local/lib/python3.12/site-packages/airflow/example_dags/example_complex.py took 0.185 seconds
[2024-08-10T03:34:17.537+0000] {processor.py:161} INFO - Started process (PID=1759) to work on /home/airflow/.local/lib/python3.12/site-packages/airflow/example_dags/example_complex.py
[2024-08-10T03:34:17.538+0000] {processor.py:830} INFO - Processing file /home/airflow/.local/lib/python3.12/site-packages/airflow/example_dags/example_complex.py for tasks to queue
[2024-08-10T03:34:17.540+0000] {logging_mixin.py:188} INFO - [2024-08-10T03:34:17.539+0000] {dagbag.py:545} INFO - Filling up the DagBag from /home/airflow/.local/lib/python3.12/site-packages/airflow/example_dags/example_complex.py
[2024-08-10T03:34:17.554+0000] {processor.py:840} INFO - DAG(s) 'example_complex' retrieved from /home/airflow/.local/lib/python3.12/site-packages/airflow/example_dags/example_complex.py
[2024-08-10T03:34:17.641+0000] {logging_mixin.py:188} INFO - [2024-08-10T03:34:17.640+0000] {dag.py:3089} INFO - Sync 1 DAGs
[2024-08-10T03:34:17.683+0000] {logging_mixin.py:188} INFO - [2024-08-10T03:34:17.679+0000] {dag.py:3947} INFO - Setting next_dagrun for example_complex to None, run_after=None
[2024-08-10T03:34:18.480+0000] {processor.py:183} INFO - Processing /home/airflow/.local/lib/python3.12/site-packages/airflow/example_dags/example_complex.py took 0.961 seconds
[2024-08-10T03:35:30.887+0000] {processor.py:161} INFO - Started process (PID=1825) to work on /home/airflow/.local/lib/python3.12/site-packages/airflow/example_dags/example_complex.py
[2024-08-10T03:35:30.888+0000] {processor.py:830} INFO - Processing file /home/airflow/.local/lib/python3.12/site-packages/airflow/example_dags/example_complex.py for tasks to queue
[2024-08-10T03:35:30.889+0000] {logging_mixin.py:188} INFO - [2024-08-10T03:35:30.889+0000] {dagbag.py:545} INFO - Filling up the DagBag from /home/airflow/.local/lib/python3.12/site-packages/airflow/example_dags/example_complex.py
[2024-08-10T03:35:30.991+0000] {processor.py:840} INFO - DAG(s) 'example_complex' retrieved from /home/airflow/.local/lib/python3.12/site-packages/airflow/example_dags/example_complex.py
[2024-08-10T03:35:31.033+0000] {logging_mixin.py:188} INFO - [2024-08-10T03:35:31.033+0000] {dag.py:3089} INFO - Sync 1 DAGs
[2024-08-10T03:35:31.062+0000] {logging_mixin.py:188} INFO - [2024-08-10T03:35:31.062+0000] {dag.py:3947} INFO - Setting next_dagrun for example_complex to None, run_after=None
[2024-08-10T03:35:31.390+0000] {processor.py:183} INFO - Processing /home/airflow/.local/lib/python3.12/site-packages/airflow/example_dags/example_complex.py took 0.510 seconds
[2024-08-10T03:36:02.633+0000] {processor.py:161} INFO - Started process (PID=1883) to work on /home/airflow/.local/lib/python3.12/site-packages/airflow/example_dags/example_complex.py
[2024-08-10T03:36:02.650+0000] {processor.py:830} INFO - Processing file /home/airflow/.local/lib/python3.12/site-packages/airflow/example_dags/example_complex.py for tasks to queue
[2024-08-10T03:36:02.661+0000] {logging_mixin.py:188} INFO - [2024-08-10T03:36:02.660+0000] {dagbag.py:545} INFO - Filling up the DagBag from /home/airflow/.local/lib/python3.12/site-packages/airflow/example_dags/example_complex.py
[2024-08-10T03:36:02.715+0000] {processor.py:840} INFO - DAG(s) 'example_complex' retrieved from /home/airflow/.local/lib/python3.12/site-packages/airflow/example_dags/example_complex.py
[2024-08-10T03:36:02.977+0000] {logging_mixin.py:188} INFO - [2024-08-10T03:36:02.976+0000] {dag.py:3089} INFO - Sync 1 DAGs
[2024-08-10T03:36:03.000+0000] {logging_mixin.py:188} INFO - [2024-08-10T03:36:02.999+0000] {dag.py:3947} INFO - Setting next_dagrun for example_complex to None, run_after=None
[2024-08-10T03:36:03.201+0000] {processor.py:183} INFO - Processing /home/airflow/.local/lib/python3.12/site-packages/airflow/example_dags/example_complex.py took 0.589 seconds
[2024-08-10T03:36:57.208+0000] {processor.py:161} INFO - Started process (PID=1935) to work on /home/airflow/.local/lib/python3.12/site-packages/airflow/example_dags/example_complex.py
[2024-08-10T03:36:57.246+0000] {processor.py:830} INFO - Processing file /home/airflow/.local/lib/python3.12/site-packages/airflow/example_dags/example_complex.py for tasks to queue
[2024-08-10T03:36:57.248+0000] {logging_mixin.py:188} INFO - [2024-08-10T03:36:57.247+0000] {dagbag.py:545} INFO - Filling up the DagBag from /home/airflow/.local/lib/python3.12/site-packages/airflow/example_dags/example_complex.py
[2024-08-10T03:36:57.265+0000] {processor.py:840} INFO - DAG(s) 'example_complex' retrieved from /home/airflow/.local/lib/python3.12/site-packages/airflow/example_dags/example_complex.py
[2024-08-10T03:36:57.348+0000] {logging_mixin.py:188} INFO - [2024-08-10T03:36:57.348+0000] {dag.py:3089} INFO - Sync 1 DAGs
[2024-08-10T03:36:57.374+0000] {logging_mixin.py:188} INFO - [2024-08-10T03:36:57.373+0000] {dag.py:3947} INFO - Setting next_dagrun for example_complex to None, run_after=None
[2024-08-10T03:36:57.937+0000] {processor.py:183} INFO - Processing /home/airflow/.local/lib/python3.12/site-packages/airflow/example_dags/example_complex.py took 0.738 seconds
[2024-08-10T03:38:11.601+0000] {processor.py:161} INFO - Started process (PID=2005) to work on /home/airflow/.local/lib/python3.12/site-packages/airflow/example_dags/example_complex.py
[2024-08-10T03:38:11.607+0000] {processor.py:830} INFO - Processing file /home/airflow/.local/lib/python3.12/site-packages/airflow/example_dags/example_complex.py for tasks to queue
[2024-08-10T03:38:11.609+0000] {logging_mixin.py:188} INFO - [2024-08-10T03:38:11.609+0000] {dagbag.py:545} INFO - Filling up the DagBag from /home/airflow/.local/lib/python3.12/site-packages/airflow/example_dags/example_complex.py
[2024-08-10T03:38:11.665+0000] {processor.py:840} INFO - DAG(s) 'example_complex' retrieved from /home/airflow/.local/lib/python3.12/site-packages/airflow/example_dags/example_complex.py
[2024-08-10T03:38:11.810+0000] {logging_mixin.py:188} INFO - [2024-08-10T03:38:11.810+0000] {dag.py:3089} INFO - Sync 1 DAGs
[2024-08-10T03:38:11.832+0000] {logging_mixin.py:188} INFO - [2024-08-10T03:38:11.831+0000] {dag.py:3947} INFO - Setting next_dagrun for example_complex to None, run_after=None
[2024-08-10T03:38:11.903+0000] {processor.py:183} INFO - Processing /home/airflow/.local/lib/python3.12/site-packages/airflow/example_dags/example_complex.py took 0.316 seconds
