[2024-08-10T03:18:13.844+0000] {processor.py:161} INFO - Started process (PID=81) to work on /home/airflow/.local/lib/python3.12/site-packages/airflow/example_dags/tutorial_dag.py
[2024-08-10T03:18:13.850+0000] {processor.py:830} INFO - Processing file /home/airflow/.local/lib/python3.12/site-packages/airflow/example_dags/tutorial_dag.py for tasks to queue
[2024-08-10T03:18:13.864+0000] {logging_mixin.py:188} INFO - [2024-08-10T03:18:13.863+0000] {dagbag.py:545} INFO - Filling up the DagBag from /home/airflow/.local/lib/python3.12/site-packages/airflow/example_dags/tutorial_dag.py
[2024-08-10T03:18:13.938+0000] {processor.py:840} INFO - DAG(s) 'tutorial_dag' retrieved from /home/airflow/.local/lib/python3.12/site-packages/airflow/example_dags/tutorial_dag.py
[2024-08-10T03:18:14.151+0000] {logging_mixin.py:188} INFO - [2024-08-10T03:18:14.150+0000] {dag.py:3089} INFO - Sync 1 DAGs
[2024-08-10T03:18:14.218+0000] {logging_mixin.py:188} INFO - [2024-08-10T03:18:14.217+0000] {dag.py:3947} INFO - Setting next_dagrun for tutorial_dag to None, run_after=None
[2024-08-10T03:18:14.381+0000] {processor.py:183} INFO - Processing /home/airflow/.local/lib/python3.12/site-packages/airflow/example_dags/tutorial_dag.py took 0.560 seconds
[2024-08-10T03:18:44.610+0000] {processor.py:161} INFO - Started process (PID=139) to work on /home/airflow/.local/lib/python3.12/site-packages/airflow/example_dags/tutorial_dag.py
[2024-08-10T03:18:44.612+0000] {processor.py:830} INFO - Processing file /home/airflow/.local/lib/python3.12/site-packages/airflow/example_dags/tutorial_dag.py for tasks to queue
[2024-08-10T03:18:44.613+0000] {logging_mixin.py:188} INFO - [2024-08-10T03:18:44.613+0000] {dagbag.py:545} INFO - Filling up the DagBag from /home/airflow/.local/lib/python3.12/site-packages/airflow/example_dags/tutorial_dag.py
[2024-08-10T03:18:44.618+0000] {processor.py:840} INFO - DAG(s) 'tutorial_dag' retrieved from /home/airflow/.local/lib/python3.12/site-packages/airflow/example_dags/tutorial_dag.py
[2024-08-10T03:18:44.639+0000] {logging_mixin.py:188} INFO - [2024-08-10T03:18:44.639+0000] {dag.py:3089} INFO - Sync 1 DAGs
[2024-08-10T03:18:44.652+0000] {logging_mixin.py:188} INFO - [2024-08-10T03:18:44.652+0000] {dag.py:3947} INFO - Setting next_dagrun for tutorial_dag to None, run_after=None
[2024-08-10T03:18:44.675+0000] {processor.py:183} INFO - Processing /home/airflow/.local/lib/python3.12/site-packages/airflow/example_dags/tutorial_dag.py took 0.070 seconds
[2024-08-10T03:19:16.399+0000] {processor.py:161} INFO - Started process (PID=199) to work on /home/airflow/.local/lib/python3.12/site-packages/airflow/example_dags/tutorial_dag.py
[2024-08-10T03:19:16.400+0000] {processor.py:830} INFO - Processing file /home/airflow/.local/lib/python3.12/site-packages/airflow/example_dags/tutorial_dag.py for tasks to queue
[2024-08-10T03:19:16.402+0000] {logging_mixin.py:188} INFO - [2024-08-10T03:19:16.401+0000] {dagbag.py:545} INFO - Filling up the DagBag from /home/airflow/.local/lib/python3.12/site-packages/airflow/example_dags/tutorial_dag.py
[2024-08-10T03:19:16.413+0000] {processor.py:840} INFO - DAG(s) 'tutorial_dag' retrieved from /home/airflow/.local/lib/python3.12/site-packages/airflow/example_dags/tutorial_dag.py
[2024-08-10T03:19:16.461+0000] {logging_mixin.py:188} INFO - [2024-08-10T03:19:16.460+0000] {dag.py:3089} INFO - Sync 1 DAGs
[2024-08-10T03:19:16.506+0000] {logging_mixin.py:188} INFO - [2024-08-10T03:19:16.506+0000] {dag.py:3947} INFO - Setting next_dagrun for tutorial_dag to None, run_after=None
[2024-08-10T03:19:16.571+0000] {processor.py:183} INFO - Processing /home/airflow/.local/lib/python3.12/site-packages/airflow/example_dags/tutorial_dag.py took 0.195 seconds
[2024-08-10T03:19:47.209+0000] {processor.py:161} INFO - Started process (PID=259) to work on /home/airflow/.local/lib/python3.12/site-packages/airflow/example_dags/tutorial_dag.py
[2024-08-10T03:19:47.213+0000] {processor.py:830} INFO - Processing file /home/airflow/.local/lib/python3.12/site-packages/airflow/example_dags/tutorial_dag.py for tasks to queue
[2024-08-10T03:19:47.215+0000] {logging_mixin.py:188} INFO - [2024-08-10T03:19:47.215+0000] {dagbag.py:545} INFO - Filling up the DagBag from /home/airflow/.local/lib/python3.12/site-packages/airflow/example_dags/tutorial_dag.py
[2024-08-10T03:19:47.221+0000] {processor.py:840} INFO - DAG(s) 'tutorial_dag' retrieved from /home/airflow/.local/lib/python3.12/site-packages/airflow/example_dags/tutorial_dag.py
[2024-08-10T03:19:47.269+0000] {logging_mixin.py:188} INFO - [2024-08-10T03:19:47.269+0000] {dag.py:3089} INFO - Sync 1 DAGs
[2024-08-10T03:19:47.291+0000] {logging_mixin.py:188} INFO - [2024-08-10T03:19:47.291+0000] {dag.py:3947} INFO - Setting next_dagrun for tutorial_dag to None, run_after=None
[2024-08-10T03:19:47.323+0000] {processor.py:183} INFO - Processing /home/airflow/.local/lib/python3.12/site-packages/airflow/example_dags/tutorial_dag.py took 0.129 seconds
[2024-08-10T03:20:20.984+0000] {processor.py:161} INFO - Started process (PID=318) to work on /home/airflow/.local/lib/python3.12/site-packages/airflow/example_dags/tutorial_dag.py
[2024-08-10T03:20:20.999+0000] {processor.py:830} INFO - Processing file /home/airflow/.local/lib/python3.12/site-packages/airflow/example_dags/tutorial_dag.py for tasks to queue
[2024-08-10T03:20:21.004+0000] {logging_mixin.py:188} INFO - [2024-08-10T03:20:21.004+0000] {dagbag.py:545} INFO - Filling up the DagBag from /home/airflow/.local/lib/python3.12/site-packages/airflow/example_dags/tutorial_dag.py
[2024-08-10T03:20:21.009+0000] {processor.py:840} INFO - DAG(s) 'tutorial_dag' retrieved from /home/airflow/.local/lib/python3.12/site-packages/airflow/example_dags/tutorial_dag.py
[2024-08-10T03:20:21.073+0000] {logging_mixin.py:188} INFO - [2024-08-10T03:20:21.071+0000] {dag.py:3089} INFO - Sync 1 DAGs
[2024-08-10T03:20:21.182+0000] {logging_mixin.py:188} INFO - [2024-08-10T03:20:21.181+0000] {dag.py:3947} INFO - Setting next_dagrun for tutorial_dag to None, run_after=None
[2024-08-10T03:20:21.490+0000] {processor.py:183} INFO - Processing /home/airflow/.local/lib/python3.12/site-packages/airflow/example_dags/tutorial_dag.py took 0.512 seconds
[2024-08-10T03:20:52.352+0000] {processor.py:161} INFO - Started process (PID=378) to work on /home/airflow/.local/lib/python3.12/site-packages/airflow/example_dags/tutorial_dag.py
[2024-08-10T03:20:52.353+0000] {processor.py:830} INFO - Processing file /home/airflow/.local/lib/python3.12/site-packages/airflow/example_dags/tutorial_dag.py for tasks to queue
[2024-08-10T03:20:52.355+0000] {logging_mixin.py:188} INFO - [2024-08-10T03:20:52.355+0000] {dagbag.py:545} INFO - Filling up the DagBag from /home/airflow/.local/lib/python3.12/site-packages/airflow/example_dags/tutorial_dag.py
[2024-08-10T03:20:52.363+0000] {processor.py:840} INFO - DAG(s) 'tutorial_dag' retrieved from /home/airflow/.local/lib/python3.12/site-packages/airflow/example_dags/tutorial_dag.py
[2024-08-10T03:20:52.390+0000] {logging_mixin.py:188} INFO - [2024-08-10T03:20:52.389+0000] {dag.py:3089} INFO - Sync 1 DAGs
[2024-08-10T03:20:52.409+0000] {logging_mixin.py:188} INFO - [2024-08-10T03:20:52.407+0000] {dag.py:3947} INFO - Setting next_dagrun for tutorial_dag to None, run_after=None
[2024-08-10T03:20:52.471+0000] {processor.py:183} INFO - Processing /home/airflow/.local/lib/python3.12/site-packages/airflow/example_dags/tutorial_dag.py took 0.126 seconds
[2024-08-10T03:21:22.822+0000] {processor.py:161} INFO - Started process (PID=437) to work on /home/airflow/.local/lib/python3.12/site-packages/airflow/example_dags/tutorial_dag.py
[2024-08-10T03:21:22.824+0000] {processor.py:830} INFO - Processing file /home/airflow/.local/lib/python3.12/site-packages/airflow/example_dags/tutorial_dag.py for tasks to queue
[2024-08-10T03:21:22.826+0000] {logging_mixin.py:188} INFO - [2024-08-10T03:21:22.825+0000] {dagbag.py:545} INFO - Filling up the DagBag from /home/airflow/.local/lib/python3.12/site-packages/airflow/example_dags/tutorial_dag.py
[2024-08-10T03:21:22.832+0000] {processor.py:840} INFO - DAG(s) 'tutorial_dag' retrieved from /home/airflow/.local/lib/python3.12/site-packages/airflow/example_dags/tutorial_dag.py
[2024-08-10T03:21:22.854+0000] {logging_mixin.py:188} INFO - [2024-08-10T03:21:22.854+0000] {dag.py:3089} INFO - Sync 1 DAGs
[2024-08-10T03:21:22.869+0000] {logging_mixin.py:188} INFO - [2024-08-10T03:21:22.869+0000] {dag.py:3947} INFO - Setting next_dagrun for tutorial_dag to None, run_after=None
[2024-08-10T03:21:22.896+0000] {processor.py:183} INFO - Processing /home/airflow/.local/lib/python3.12/site-packages/airflow/example_dags/tutorial_dag.py took 0.081 seconds
[2024-08-10T03:21:53.051+0000] {processor.py:161} INFO - Started process (PID=497) to work on /home/airflow/.local/lib/python3.12/site-packages/airflow/example_dags/tutorial_dag.py
[2024-08-10T03:21:53.052+0000] {processor.py:830} INFO - Processing file /home/airflow/.local/lib/python3.12/site-packages/airflow/example_dags/tutorial_dag.py for tasks to queue
[2024-08-10T03:21:53.054+0000] {logging_mixin.py:188} INFO - [2024-08-10T03:21:53.054+0000] {dagbag.py:545} INFO - Filling up the DagBag from /home/airflow/.local/lib/python3.12/site-packages/airflow/example_dags/tutorial_dag.py
[2024-08-10T03:21:53.060+0000] {processor.py:840} INFO - DAG(s) 'tutorial_dag' retrieved from /home/airflow/.local/lib/python3.12/site-packages/airflow/example_dags/tutorial_dag.py
[2024-08-10T03:21:53.083+0000] {logging_mixin.py:188} INFO - [2024-08-10T03:21:53.083+0000] {dag.py:3089} INFO - Sync 1 DAGs
[2024-08-10T03:21:53.097+0000] {logging_mixin.py:188} INFO - [2024-08-10T03:21:53.097+0000] {dag.py:3947} INFO - Setting next_dagrun for tutorial_dag to None, run_after=None
[2024-08-10T03:21:53.123+0000] {processor.py:183} INFO - Processing /home/airflow/.local/lib/python3.12/site-packages/airflow/example_dags/tutorial_dag.py took 0.078 seconds
[2024-08-10T03:22:23.547+0000] {processor.py:161} INFO - Started process (PID=557) to work on /home/airflow/.local/lib/python3.12/site-packages/airflow/example_dags/tutorial_dag.py
[2024-08-10T03:22:23.548+0000] {processor.py:830} INFO - Processing file /home/airflow/.local/lib/python3.12/site-packages/airflow/example_dags/tutorial_dag.py for tasks to queue
[2024-08-10T03:22:23.550+0000] {logging_mixin.py:188} INFO - [2024-08-10T03:22:23.550+0000] {dagbag.py:545} INFO - Filling up the DagBag from /home/airflow/.local/lib/python3.12/site-packages/airflow/example_dags/tutorial_dag.py
[2024-08-10T03:22:23.556+0000] {processor.py:840} INFO - DAG(s) 'tutorial_dag' retrieved from /home/airflow/.local/lib/python3.12/site-packages/airflow/example_dags/tutorial_dag.py
[2024-08-10T03:22:23.575+0000] {logging_mixin.py:188} INFO - [2024-08-10T03:22:23.575+0000] {dag.py:3089} INFO - Sync 1 DAGs
[2024-08-10T03:22:23.590+0000] {logging_mixin.py:188} INFO - [2024-08-10T03:22:23.590+0000] {dag.py:3947} INFO - Setting next_dagrun for tutorial_dag to None, run_after=None
[2024-08-10T03:22:23.616+0000] {processor.py:183} INFO - Processing /home/airflow/.local/lib/python3.12/site-packages/airflow/example_dags/tutorial_dag.py took 0.076 seconds
[2024-08-10T03:22:54.315+0000] {processor.py:161} INFO - Started process (PID=617) to work on /home/airflow/.local/lib/python3.12/site-packages/airflow/example_dags/tutorial_dag.py
[2024-08-10T03:22:54.316+0000] {processor.py:830} INFO - Processing file /home/airflow/.local/lib/python3.12/site-packages/airflow/example_dags/tutorial_dag.py for tasks to queue
[2024-08-10T03:22:54.318+0000] {logging_mixin.py:188} INFO - [2024-08-10T03:22:54.318+0000] {dagbag.py:545} INFO - Filling up the DagBag from /home/airflow/.local/lib/python3.12/site-packages/airflow/example_dags/tutorial_dag.py
[2024-08-10T03:22:54.324+0000] {processor.py:840} INFO - DAG(s) 'tutorial_dag' retrieved from /home/airflow/.local/lib/python3.12/site-packages/airflow/example_dags/tutorial_dag.py
[2024-08-10T03:22:54.348+0000] {logging_mixin.py:188} INFO - [2024-08-10T03:22:54.347+0000] {dag.py:3089} INFO - Sync 1 DAGs
[2024-08-10T03:22:54.363+0000] {logging_mixin.py:188} INFO - [2024-08-10T03:22:54.363+0000] {dag.py:3947} INFO - Setting next_dagrun for tutorial_dag to None, run_after=None
[2024-08-10T03:22:54.403+0000] {processor.py:183} INFO - Processing /home/airflow/.local/lib/python3.12/site-packages/airflow/example_dags/tutorial_dag.py took 0.095 seconds
[2024-08-10T03:23:26.089+0000] {processor.py:161} INFO - Started process (PID=677) to work on /home/airflow/.local/lib/python3.12/site-packages/airflow/example_dags/tutorial_dag.py
[2024-08-10T03:23:26.110+0000] {processor.py:830} INFO - Processing file /home/airflow/.local/lib/python3.12/site-packages/airflow/example_dags/tutorial_dag.py for tasks to queue
[2024-08-10T03:23:26.121+0000] {logging_mixin.py:188} INFO - [2024-08-10T03:23:26.117+0000] {dagbag.py:545} INFO - Filling up the DagBag from /home/airflow/.local/lib/python3.12/site-packages/airflow/example_dags/tutorial_dag.py
[2024-08-10T03:23:26.230+0000] {processor.py:840} INFO - DAG(s) 'tutorial_dag' retrieved from /home/airflow/.local/lib/python3.12/site-packages/airflow/example_dags/tutorial_dag.py
[2024-08-10T03:23:26.587+0000] {logging_mixin.py:188} INFO - [2024-08-10T03:23:26.586+0000] {dag.py:3089} INFO - Sync 1 DAGs
[2024-08-10T03:23:26.720+0000] {logging_mixin.py:188} INFO - [2024-08-10T03:23:26.719+0000] {dag.py:3947} INFO - Setting next_dagrun for tutorial_dag to None, run_after=None
[2024-08-10T03:23:26.857+0000] {processor.py:183} INFO - Processing /home/airflow/.local/lib/python3.12/site-packages/airflow/example_dags/tutorial_dag.py took 0.827 seconds
[2024-08-10T03:23:57.801+0000] {processor.py:161} INFO - Started process (PID=735) to work on /home/airflow/.local/lib/python3.12/site-packages/airflow/example_dags/tutorial_dag.py
[2024-08-10T03:23:57.802+0000] {processor.py:830} INFO - Processing file /home/airflow/.local/lib/python3.12/site-packages/airflow/example_dags/tutorial_dag.py for tasks to queue
[2024-08-10T03:23:57.805+0000] {logging_mixin.py:188} INFO - [2024-08-10T03:23:57.805+0000] {dagbag.py:545} INFO - Filling up the DagBag from /home/airflow/.local/lib/python3.12/site-packages/airflow/example_dags/tutorial_dag.py
[2024-08-10T03:23:57.811+0000] {processor.py:840} INFO - DAG(s) 'tutorial_dag' retrieved from /home/airflow/.local/lib/python3.12/site-packages/airflow/example_dags/tutorial_dag.py
[2024-08-10T03:23:57.847+0000] {logging_mixin.py:188} INFO - [2024-08-10T03:23:57.847+0000] {dag.py:3089} INFO - Sync 1 DAGs
[2024-08-10T03:23:57.881+0000] {logging_mixin.py:188} INFO - [2024-08-10T03:23:57.881+0000] {dag.py:3947} INFO - Setting next_dagrun for tutorial_dag to None, run_after=None
[2024-08-10T03:23:57.993+0000] {processor.py:183} INFO - Processing /home/airflow/.local/lib/python3.12/site-packages/airflow/example_dags/tutorial_dag.py took 0.202 seconds
[2024-08-10T03:24:28.532+0000] {processor.py:161} INFO - Started process (PID=796) to work on /home/airflow/.local/lib/python3.12/site-packages/airflow/example_dags/tutorial_dag.py
[2024-08-10T03:24:28.533+0000] {processor.py:830} INFO - Processing file /home/airflow/.local/lib/python3.12/site-packages/airflow/example_dags/tutorial_dag.py for tasks to queue
[2024-08-10T03:24:28.535+0000] {logging_mixin.py:188} INFO - [2024-08-10T03:24:28.535+0000] {dagbag.py:545} INFO - Filling up the DagBag from /home/airflow/.local/lib/python3.12/site-packages/airflow/example_dags/tutorial_dag.py
[2024-08-10T03:24:28.544+0000] {processor.py:840} INFO - DAG(s) 'tutorial_dag' retrieved from /home/airflow/.local/lib/python3.12/site-packages/airflow/example_dags/tutorial_dag.py
[2024-08-10T03:24:28.571+0000] {logging_mixin.py:188} INFO - [2024-08-10T03:24:28.570+0000] {dag.py:3089} INFO - Sync 1 DAGs
[2024-08-10T03:24:28.603+0000] {logging_mixin.py:188} INFO - [2024-08-10T03:24:28.602+0000] {dag.py:3947} INFO - Setting next_dagrun for tutorial_dag to None, run_after=None
[2024-08-10T03:24:28.634+0000] {processor.py:183} INFO - Processing /home/airflow/.local/lib/python3.12/site-packages/airflow/example_dags/tutorial_dag.py took 0.111 seconds
[2024-08-10T03:24:58.863+0000] {processor.py:161} INFO - Started process (PID=856) to work on /home/airflow/.local/lib/python3.12/site-packages/airflow/example_dags/tutorial_dag.py
[2024-08-10T03:24:58.864+0000] {processor.py:830} INFO - Processing file /home/airflow/.local/lib/python3.12/site-packages/airflow/example_dags/tutorial_dag.py for tasks to queue
[2024-08-10T03:24:58.865+0000] {logging_mixin.py:188} INFO - [2024-08-10T03:24:58.865+0000] {dagbag.py:545} INFO - Filling up the DagBag from /home/airflow/.local/lib/python3.12/site-packages/airflow/example_dags/tutorial_dag.py
[2024-08-10T03:24:58.870+0000] {processor.py:840} INFO - DAG(s) 'tutorial_dag' retrieved from /home/airflow/.local/lib/python3.12/site-packages/airflow/example_dags/tutorial_dag.py
[2024-08-10T03:24:58.892+0000] {logging_mixin.py:188} INFO - [2024-08-10T03:24:58.892+0000] {dag.py:3089} INFO - Sync 1 DAGs
[2024-08-10T03:24:58.904+0000] {logging_mixin.py:188} INFO - [2024-08-10T03:24:58.904+0000] {dag.py:3947} INFO - Setting next_dagrun for tutorial_dag to None, run_after=None
[2024-08-10T03:24:58.931+0000] {processor.py:183} INFO - Processing /home/airflow/.local/lib/python3.12/site-packages/airflow/example_dags/tutorial_dag.py took 0.073 seconds
[2024-08-10T03:25:29.528+0000] {processor.py:161} INFO - Started process (PID=915) to work on /home/airflow/.local/lib/python3.12/site-packages/airflow/example_dags/tutorial_dag.py
[2024-08-10T03:25:29.529+0000] {processor.py:830} INFO - Processing file /home/airflow/.local/lib/python3.12/site-packages/airflow/example_dags/tutorial_dag.py for tasks to queue
[2024-08-10T03:25:29.531+0000] {logging_mixin.py:188} INFO - [2024-08-10T03:25:29.531+0000] {dagbag.py:545} INFO - Filling up the DagBag from /home/airflow/.local/lib/python3.12/site-packages/airflow/example_dags/tutorial_dag.py
[2024-08-10T03:25:29.538+0000] {processor.py:840} INFO - DAG(s) 'tutorial_dag' retrieved from /home/airflow/.local/lib/python3.12/site-packages/airflow/example_dags/tutorial_dag.py
[2024-08-10T03:25:29.560+0000] {logging_mixin.py:188} INFO - [2024-08-10T03:25:29.560+0000] {dag.py:3089} INFO - Sync 1 DAGs
[2024-08-10T03:25:29.576+0000] {logging_mixin.py:188} INFO - [2024-08-10T03:25:29.576+0000] {dag.py:3947} INFO - Setting next_dagrun for tutorial_dag to None, run_after=None
[2024-08-10T03:25:29.601+0000] {processor.py:183} INFO - Processing /home/airflow/.local/lib/python3.12/site-packages/airflow/example_dags/tutorial_dag.py took 0.079 seconds
[2024-08-10T03:25:59.969+0000] {processor.py:161} INFO - Started process (PID=975) to work on /home/airflow/.local/lib/python3.12/site-packages/airflow/example_dags/tutorial_dag.py
[2024-08-10T03:25:59.970+0000] {processor.py:830} INFO - Processing file /home/airflow/.local/lib/python3.12/site-packages/airflow/example_dags/tutorial_dag.py for tasks to queue
[2024-08-10T03:25:59.972+0000] {logging_mixin.py:188} INFO - [2024-08-10T03:25:59.972+0000] {dagbag.py:545} INFO - Filling up the DagBag from /home/airflow/.local/lib/python3.12/site-packages/airflow/example_dags/tutorial_dag.py
[2024-08-10T03:25:59.978+0000] {processor.py:840} INFO - DAG(s) 'tutorial_dag' retrieved from /home/airflow/.local/lib/python3.12/site-packages/airflow/example_dags/tutorial_dag.py
[2024-08-10T03:26:00.009+0000] {logging_mixin.py:188} INFO - [2024-08-10T03:26:00.009+0000] {dag.py:3089} INFO - Sync 1 DAGs
[2024-08-10T03:26:00.028+0000] {logging_mixin.py:188} INFO - [2024-08-10T03:26:00.028+0000] {dag.py:3947} INFO - Setting next_dagrun for tutorial_dag to None, run_after=None
[2024-08-10T03:26:00.058+0000] {processor.py:183} INFO - Processing /home/airflow/.local/lib/python3.12/site-packages/airflow/example_dags/tutorial_dag.py took 0.095 seconds
[2024-08-10T03:26:30.677+0000] {processor.py:161} INFO - Started process (PID=1035) to work on /home/airflow/.local/lib/python3.12/site-packages/airflow/example_dags/tutorial_dag.py
[2024-08-10T03:26:30.678+0000] {processor.py:830} INFO - Processing file /home/airflow/.local/lib/python3.12/site-packages/airflow/example_dags/tutorial_dag.py for tasks to queue
[2024-08-10T03:26:30.680+0000] {logging_mixin.py:188} INFO - [2024-08-10T03:26:30.680+0000] {dagbag.py:545} INFO - Filling up the DagBag from /home/airflow/.local/lib/python3.12/site-packages/airflow/example_dags/tutorial_dag.py
[2024-08-10T03:26:30.685+0000] {processor.py:840} INFO - DAG(s) 'tutorial_dag' retrieved from /home/airflow/.local/lib/python3.12/site-packages/airflow/example_dags/tutorial_dag.py
[2024-08-10T03:26:30.706+0000] {logging_mixin.py:188} INFO - [2024-08-10T03:26:30.706+0000] {dag.py:3089} INFO - Sync 1 DAGs
[2024-08-10T03:26:30.721+0000] {logging_mixin.py:188} INFO - [2024-08-10T03:26:30.720+0000] {dag.py:3947} INFO - Setting next_dagrun for tutorial_dag to None, run_after=None
[2024-08-10T03:26:30.754+0000] {processor.py:183} INFO - Processing /home/airflow/.local/lib/python3.12/site-packages/airflow/example_dags/tutorial_dag.py took 0.083 seconds
[2024-08-10T03:27:01.342+0000] {processor.py:161} INFO - Started process (PID=1097) to work on /home/airflow/.local/lib/python3.12/site-packages/airflow/example_dags/tutorial_dag.py
[2024-08-10T03:27:01.343+0000] {processor.py:830} INFO - Processing file /home/airflow/.local/lib/python3.12/site-packages/airflow/example_dags/tutorial_dag.py for tasks to queue
[2024-08-10T03:27:01.345+0000] {logging_mixin.py:188} INFO - [2024-08-10T03:27:01.345+0000] {dagbag.py:545} INFO - Filling up the DagBag from /home/airflow/.local/lib/python3.12/site-packages/airflow/example_dags/tutorial_dag.py
[2024-08-10T03:27:01.351+0000] {processor.py:840} INFO - DAG(s) 'tutorial_dag' retrieved from /home/airflow/.local/lib/python3.12/site-packages/airflow/example_dags/tutorial_dag.py
[2024-08-10T03:27:01.375+0000] {logging_mixin.py:188} INFO - [2024-08-10T03:27:01.375+0000] {dag.py:3089} INFO - Sync 1 DAGs
[2024-08-10T03:27:01.391+0000] {logging_mixin.py:188} INFO - [2024-08-10T03:27:01.390+0000] {dag.py:3947} INFO - Setting next_dagrun for tutorial_dag to None, run_after=None
[2024-08-10T03:27:01.421+0000] {processor.py:183} INFO - Processing /home/airflow/.local/lib/python3.12/site-packages/airflow/example_dags/tutorial_dag.py took 0.085 seconds
[2024-08-10T03:27:31.646+0000] {processor.py:161} INFO - Started process (PID=1157) to work on /home/airflow/.local/lib/python3.12/site-packages/airflow/example_dags/tutorial_dag.py
[2024-08-10T03:27:31.647+0000] {processor.py:830} INFO - Processing file /home/airflow/.local/lib/python3.12/site-packages/airflow/example_dags/tutorial_dag.py for tasks to queue
[2024-08-10T03:27:31.650+0000] {logging_mixin.py:188} INFO - [2024-08-10T03:27:31.649+0000] {dagbag.py:545} INFO - Filling up the DagBag from /home/airflow/.local/lib/python3.12/site-packages/airflow/example_dags/tutorial_dag.py
[2024-08-10T03:27:31.656+0000] {processor.py:840} INFO - DAG(s) 'tutorial_dag' retrieved from /home/airflow/.local/lib/python3.12/site-packages/airflow/example_dags/tutorial_dag.py
[2024-08-10T03:27:31.689+0000] {logging_mixin.py:188} INFO - [2024-08-10T03:27:31.689+0000] {dag.py:3089} INFO - Sync 1 DAGs
[2024-08-10T03:27:31.705+0000] {logging_mixin.py:188} INFO - [2024-08-10T03:27:31.705+0000] {dag.py:3947} INFO - Setting next_dagrun for tutorial_dag to None, run_after=None
[2024-08-10T03:27:31.728+0000] {processor.py:183} INFO - Processing /home/airflow/.local/lib/python3.12/site-packages/airflow/example_dags/tutorial_dag.py took 0.090 seconds
[2024-08-10T03:28:01.870+0000] {processor.py:161} INFO - Started process (PID=1217) to work on /home/airflow/.local/lib/python3.12/site-packages/airflow/example_dags/tutorial_dag.py
[2024-08-10T03:28:01.871+0000] {processor.py:830} INFO - Processing file /home/airflow/.local/lib/python3.12/site-packages/airflow/example_dags/tutorial_dag.py for tasks to queue
[2024-08-10T03:28:01.873+0000] {logging_mixin.py:188} INFO - [2024-08-10T03:28:01.873+0000] {dagbag.py:545} INFO - Filling up the DagBag from /home/airflow/.local/lib/python3.12/site-packages/airflow/example_dags/tutorial_dag.py
[2024-08-10T03:28:01.878+0000] {processor.py:840} INFO - DAG(s) 'tutorial_dag' retrieved from /home/airflow/.local/lib/python3.12/site-packages/airflow/example_dags/tutorial_dag.py
[2024-08-10T03:28:01.896+0000] {logging_mixin.py:188} INFO - [2024-08-10T03:28:01.895+0000] {dag.py:3089} INFO - Sync 1 DAGs
[2024-08-10T03:28:01.909+0000] {logging_mixin.py:188} INFO - [2024-08-10T03:28:01.908+0000] {dag.py:3947} INFO - Setting next_dagrun for tutorial_dag to None, run_after=None
[2024-08-10T03:28:01.991+0000] {processor.py:183} INFO - Processing /home/airflow/.local/lib/python3.12/site-packages/airflow/example_dags/tutorial_dag.py took 0.126 seconds
[2024-08-10T03:28:32.068+0000] {processor.py:161} INFO - Started process (PID=1275) to work on /home/airflow/.local/lib/python3.12/site-packages/airflow/example_dags/tutorial_dag.py
[2024-08-10T03:28:32.070+0000] {processor.py:830} INFO - Processing file /home/airflow/.local/lib/python3.12/site-packages/airflow/example_dags/tutorial_dag.py for tasks to queue
[2024-08-10T03:28:32.074+0000] {logging_mixin.py:188} INFO - [2024-08-10T03:28:32.073+0000] {dagbag.py:545} INFO - Filling up the DagBag from /home/airflow/.local/lib/python3.12/site-packages/airflow/example_dags/tutorial_dag.py
[2024-08-10T03:28:32.083+0000] {processor.py:840} INFO - DAG(s) 'tutorial_dag' retrieved from /home/airflow/.local/lib/python3.12/site-packages/airflow/example_dags/tutorial_dag.py
[2024-08-10T03:28:32.125+0000] {logging_mixin.py:188} INFO - [2024-08-10T03:28:32.125+0000] {dag.py:3089} INFO - Sync 1 DAGs
[2024-08-10T03:28:32.155+0000] {logging_mixin.py:188} INFO - [2024-08-10T03:28:32.155+0000] {dag.py:3947} INFO - Setting next_dagrun for tutorial_dag to None, run_after=None
[2024-08-10T03:28:32.199+0000] {processor.py:183} INFO - Processing /home/airflow/.local/lib/python3.12/site-packages/airflow/example_dags/tutorial_dag.py took 0.149 seconds
[2024-08-10T03:29:04.175+0000] {processor.py:161} INFO - Started process (PID=1335) to work on /home/airflow/.local/lib/python3.12/site-packages/airflow/example_dags/tutorial_dag.py
[2024-08-10T03:29:04.189+0000] {processor.py:830} INFO - Processing file /home/airflow/.local/lib/python3.12/site-packages/airflow/example_dags/tutorial_dag.py for tasks to queue
[2024-08-10T03:29:04.197+0000] {logging_mixin.py:188} INFO - [2024-08-10T03:29:04.196+0000] {dagbag.py:545} INFO - Filling up the DagBag from /home/airflow/.local/lib/python3.12/site-packages/airflow/example_dags/tutorial_dag.py
[2024-08-10T03:29:04.215+0000] {processor.py:840} INFO - DAG(s) 'tutorial_dag' retrieved from /home/airflow/.local/lib/python3.12/site-packages/airflow/example_dags/tutorial_dag.py
[2024-08-10T03:29:04.278+0000] {logging_mixin.py:188} INFO - [2024-08-10T03:29:04.277+0000] {dag.py:3089} INFO - Sync 1 DAGs
[2024-08-10T03:29:04.315+0000] {logging_mixin.py:188} INFO - [2024-08-10T03:29:04.314+0000] {dag.py:3947} INFO - Setting next_dagrun for tutorial_dag to None, run_after=None
[2024-08-10T03:29:04.380+0000] {processor.py:183} INFO - Processing /home/airflow/.local/lib/python3.12/site-packages/airflow/example_dags/tutorial_dag.py took 0.217 seconds
[2024-08-10T03:29:42.951+0000] {processor.py:161} INFO - Started process (PID=1401) to work on /home/airflow/.local/lib/python3.12/site-packages/airflow/example_dags/tutorial_dag.py
[2024-08-10T03:29:42.957+0000] {processor.py:830} INFO - Processing file /home/airflow/.local/lib/python3.12/site-packages/airflow/example_dags/tutorial_dag.py for tasks to queue
[2024-08-10T03:29:42.959+0000] {logging_mixin.py:188} INFO - [2024-08-10T03:29:42.959+0000] {dagbag.py:545} INFO - Filling up the DagBag from /home/airflow/.local/lib/python3.12/site-packages/airflow/example_dags/tutorial_dag.py
[2024-08-10T03:29:42.964+0000] {processor.py:840} INFO - DAG(s) 'tutorial_dag' retrieved from /home/airflow/.local/lib/python3.12/site-packages/airflow/example_dags/tutorial_dag.py
[2024-08-10T03:29:42.998+0000] {logging_mixin.py:188} INFO - [2024-08-10T03:29:42.998+0000] {dag.py:3089} INFO - Sync 1 DAGs
[2024-08-10T03:29:43.040+0000] {logging_mixin.py:188} INFO - [2024-08-10T03:29:43.040+0000] {dag.py:3947} INFO - Setting next_dagrun for tutorial_dag to None, run_after=None
[2024-08-10T03:29:43.127+0000] {processor.py:183} INFO - Processing /home/airflow/.local/lib/python3.12/site-packages/airflow/example_dags/tutorial_dag.py took 0.182 seconds
[2024-08-10T03:30:34.192+0000] {processor.py:161} INFO - Started process (PID=1461) to work on /home/airflow/.local/lib/python3.12/site-packages/airflow/example_dags/tutorial_dag.py
[2024-08-10T03:30:34.223+0000] {processor.py:830} INFO - Processing file /home/airflow/.local/lib/python3.12/site-packages/airflow/example_dags/tutorial_dag.py for tasks to queue
[2024-08-10T03:30:34.227+0000] {logging_mixin.py:188} INFO - [2024-08-10T03:30:34.227+0000] {dagbag.py:545} INFO - Filling up the DagBag from /home/airflow/.local/lib/python3.12/site-packages/airflow/example_dags/tutorial_dag.py
[2024-08-10T03:30:34.237+0000] {processor.py:840} INFO - DAG(s) 'tutorial_dag' retrieved from /home/airflow/.local/lib/python3.12/site-packages/airflow/example_dags/tutorial_dag.py
[2024-08-10T03:30:34.299+0000] {logging_mixin.py:188} INFO - [2024-08-10T03:30:34.299+0000] {dag.py:3089} INFO - Sync 1 DAGs
[2024-08-10T03:30:34.321+0000] {logging_mixin.py:188} INFO - [2024-08-10T03:30:34.320+0000] {dag.py:3947} INFO - Setting next_dagrun for tutorial_dag to None, run_after=None
[2024-08-10T03:30:34.371+0000] {processor.py:183} INFO - Processing /home/airflow/.local/lib/python3.12/site-packages/airflow/example_dags/tutorial_dag.py took 0.188 seconds
[2024-08-10T03:31:04.564+0000] {processor.py:161} INFO - Started process (PID=1520) to work on /home/airflow/.local/lib/python3.12/site-packages/airflow/example_dags/tutorial_dag.py
[2024-08-10T03:31:04.566+0000] {processor.py:830} INFO - Processing file /home/airflow/.local/lib/python3.12/site-packages/airflow/example_dags/tutorial_dag.py for tasks to queue
[2024-08-10T03:31:04.569+0000] {logging_mixin.py:188} INFO - [2024-08-10T03:31:04.568+0000] {dagbag.py:545} INFO - Filling up the DagBag from /home/airflow/.local/lib/python3.12/site-packages/airflow/example_dags/tutorial_dag.py
[2024-08-10T03:31:04.575+0000] {processor.py:840} INFO - DAG(s) 'tutorial_dag' retrieved from /home/airflow/.local/lib/python3.12/site-packages/airflow/example_dags/tutorial_dag.py
[2024-08-10T03:31:04.637+0000] {logging_mixin.py:188} INFO - [2024-08-10T03:31:04.637+0000] {dag.py:3089} INFO - Sync 1 DAGs
[2024-08-10T03:31:04.669+0000] {logging_mixin.py:188} INFO - [2024-08-10T03:31:04.669+0000] {dag.py:3947} INFO - Setting next_dagrun for tutorial_dag to None, run_after=None
[2024-08-10T03:31:04.701+0000] {processor.py:183} INFO - Processing /home/airflow/.local/lib/python3.12/site-packages/airflow/example_dags/tutorial_dag.py took 0.145 seconds
[2024-08-10T03:31:43.693+0000] {processor.py:161} INFO - Started process (PID=1580) to work on /home/airflow/.local/lib/python3.12/site-packages/airflow/example_dags/tutorial_dag.py
[2024-08-10T03:31:43.712+0000] {processor.py:830} INFO - Processing file /home/airflow/.local/lib/python3.12/site-packages/airflow/example_dags/tutorial_dag.py for tasks to queue
[2024-08-10T03:31:43.714+0000] {logging_mixin.py:188} INFO - [2024-08-10T03:31:43.714+0000] {dagbag.py:545} INFO - Filling up the DagBag from /home/airflow/.local/lib/python3.12/site-packages/airflow/example_dags/tutorial_dag.py
[2024-08-10T03:31:43.722+0000] {processor.py:840} INFO - DAG(s) 'tutorial_dag' retrieved from /home/airflow/.local/lib/python3.12/site-packages/airflow/example_dags/tutorial_dag.py
[2024-08-10T03:31:43.748+0000] {logging_mixin.py:188} INFO - [2024-08-10T03:31:43.748+0000] {dag.py:3089} INFO - Sync 1 DAGs
[2024-08-10T03:31:43.765+0000] {logging_mixin.py:188} INFO - [2024-08-10T03:31:43.764+0000] {dag.py:3947} INFO - Setting next_dagrun for tutorial_dag to None, run_after=None
[2024-08-10T03:31:44.961+0000] {processor.py:183} INFO - Processing /home/airflow/.local/lib/python3.12/site-packages/airflow/example_dags/tutorial_dag.py took 1.276 seconds
[2024-08-10T03:32:38.040+0000] {processor.py:161} INFO - Started process (PID=1641) to work on /home/airflow/.local/lib/python3.12/site-packages/airflow/example_dags/tutorial_dag.py
[2024-08-10T03:32:38.041+0000] {processor.py:830} INFO - Processing file /home/airflow/.local/lib/python3.12/site-packages/airflow/example_dags/tutorial_dag.py for tasks to queue
[2024-08-10T03:32:38.043+0000] {logging_mixin.py:188} INFO - [2024-08-10T03:32:38.042+0000] {dagbag.py:545} INFO - Filling up the DagBag from /home/airflow/.local/lib/python3.12/site-packages/airflow/example_dags/tutorial_dag.py
[2024-08-10T03:32:38.049+0000] {processor.py:840} INFO - DAG(s) 'tutorial_dag' retrieved from /home/airflow/.local/lib/python3.12/site-packages/airflow/example_dags/tutorial_dag.py
[2024-08-10T03:32:38.079+0000] {logging_mixin.py:188} INFO - [2024-08-10T03:32:38.079+0000] {dag.py:3089} INFO - Sync 1 DAGs
[2024-08-10T03:32:38.099+0000] {logging_mixin.py:188} INFO - [2024-08-10T03:32:38.099+0000] {dag.py:3947} INFO - Setting next_dagrun for tutorial_dag to None, run_after=None
[2024-08-10T03:32:38.132+0000] {processor.py:183} INFO - Processing /home/airflow/.local/lib/python3.12/site-packages/airflow/example_dags/tutorial_dag.py took 0.098 seconds
[2024-08-10T03:33:24.860+0000] {processor.py:161} INFO - Started process (PID=1704) to work on /home/airflow/.local/lib/python3.12/site-packages/airflow/example_dags/tutorial_dag.py
[2024-08-10T03:33:24.861+0000] {processor.py:830} INFO - Processing file /home/airflow/.local/lib/python3.12/site-packages/airflow/example_dags/tutorial_dag.py for tasks to queue
[2024-08-10T03:33:24.862+0000] {logging_mixin.py:188} INFO - [2024-08-10T03:33:24.862+0000] {dagbag.py:545} INFO - Filling up the DagBag from /home/airflow/.local/lib/python3.12/site-packages/airflow/example_dags/tutorial_dag.py
[2024-08-10T03:33:24.868+0000] {processor.py:840} INFO - DAG(s) 'tutorial_dag' retrieved from /home/airflow/.local/lib/python3.12/site-packages/airflow/example_dags/tutorial_dag.py
[2024-08-10T03:33:24.899+0000] {logging_mixin.py:188} INFO - [2024-08-10T03:33:24.898+0000] {dag.py:3089} INFO - Sync 1 DAGs
[2024-08-10T03:33:24.917+0000] {logging_mixin.py:188} INFO - [2024-08-10T03:33:24.917+0000] {dag.py:3947} INFO - Setting next_dagrun for tutorial_dag to None, run_after=None
[2024-08-10T03:33:24.948+0000] {processor.py:183} INFO - Processing /home/airflow/.local/lib/python3.12/site-packages/airflow/example_dags/tutorial_dag.py took 0.094 seconds
[2024-08-10T03:34:41.198+0000] {processor.py:161} INFO - Started process (PID=1772) to work on /home/airflow/.local/lib/python3.12/site-packages/airflow/example_dags/tutorial_dag.py
[2024-08-10T03:34:41.199+0000] {processor.py:830} INFO - Processing file /home/airflow/.local/lib/python3.12/site-packages/airflow/example_dags/tutorial_dag.py for tasks to queue
[2024-08-10T03:34:41.200+0000] {logging_mixin.py:188} INFO - [2024-08-10T03:34:41.200+0000] {dagbag.py:545} INFO - Filling up the DagBag from /home/airflow/.local/lib/python3.12/site-packages/airflow/example_dags/tutorial_dag.py
[2024-08-10T03:34:41.208+0000] {processor.py:840} INFO - DAG(s) 'tutorial_dag' retrieved from /home/airflow/.local/lib/python3.12/site-packages/airflow/example_dags/tutorial_dag.py
[2024-08-10T03:34:42.006+0000] {logging_mixin.py:188} INFO - [2024-08-10T03:34:42.006+0000] {dag.py:3089} INFO - Sync 1 DAGs
[2024-08-10T03:34:42.069+0000] {logging_mixin.py:188} INFO - [2024-08-10T03:34:42.069+0000] {dag.py:3947} INFO - Setting next_dagrun for tutorial_dag to None, run_after=None
[2024-08-10T03:34:43.680+0000] {processor.py:183} INFO - Processing /home/airflow/.local/lib/python3.12/site-packages/airflow/example_dags/tutorial_dag.py took 2.490 seconds
[2024-08-10T03:35:38.975+0000] {processor.py:161} INFO - Started process (PID=1838) to work on /home/airflow/.local/lib/python3.12/site-packages/airflow/example_dags/tutorial_dag.py
[2024-08-10T03:35:39.163+0000] {processor.py:830} INFO - Processing file /home/airflow/.local/lib/python3.12/site-packages/airflow/example_dags/tutorial_dag.py for tasks to queue
[2024-08-10T03:35:39.165+0000] {logging_mixin.py:188} INFO - [2024-08-10T03:35:39.164+0000] {dagbag.py:545} INFO - Filling up the DagBag from /home/airflow/.local/lib/python3.12/site-packages/airflow/example_dags/tutorial_dag.py
[2024-08-10T03:35:39.184+0000] {processor.py:840} INFO - DAG(s) 'tutorial_dag' retrieved from /home/airflow/.local/lib/python3.12/site-packages/airflow/example_dags/tutorial_dag.py
[2024-08-10T03:35:39.236+0000] {logging_mixin.py:188} INFO - [2024-08-10T03:35:39.230+0000] {dag.py:3089} INFO - Sync 1 DAGs
[2024-08-10T03:35:39.268+0000] {logging_mixin.py:188} INFO - [2024-08-10T03:35:39.268+0000] {dag.py:3947} INFO - Setting next_dagrun for tutorial_dag to None, run_after=None
[2024-08-10T03:35:39.728+0000] {processor.py:183} INFO - Processing /home/airflow/.local/lib/python3.12/site-packages/airflow/example_dags/tutorial_dag.py took 0.777 seconds
[2024-08-10T03:36:11.832+0000] {processor.py:161} INFO - Started process (PID=1898) to work on /home/airflow/.local/lib/python3.12/site-packages/airflow/example_dags/tutorial_dag.py
[2024-08-10T03:36:11.840+0000] {processor.py:830} INFO - Processing file /home/airflow/.local/lib/python3.12/site-packages/airflow/example_dags/tutorial_dag.py for tasks to queue
[2024-08-10T03:36:11.841+0000] {logging_mixin.py:188} INFO - [2024-08-10T03:36:11.841+0000] {dagbag.py:545} INFO - Filling up the DagBag from /home/airflow/.local/lib/python3.12/site-packages/airflow/example_dags/tutorial_dag.py
[2024-08-10T03:36:11.851+0000] {processor.py:840} INFO - DAG(s) 'tutorial_dag' retrieved from /home/airflow/.local/lib/python3.12/site-packages/airflow/example_dags/tutorial_dag.py
[2024-08-10T03:36:11.920+0000] {logging_mixin.py:188} INFO - [2024-08-10T03:36:11.919+0000] {dag.py:3089} INFO - Sync 1 DAGs
[2024-08-10T03:36:12.071+0000] {logging_mixin.py:188} INFO - [2024-08-10T03:36:12.070+0000] {dag.py:3947} INFO - Setting next_dagrun for tutorial_dag to None, run_after=None
[2024-08-10T03:36:12.524+0000] {processor.py:183} INFO - Processing /home/airflow/.local/lib/python3.12/site-packages/airflow/example_dags/tutorial_dag.py took 0.711 seconds
[2024-08-10T03:37:05.659+0000] {processor.py:161} INFO - Started process (PID=1948) to work on /home/airflow/.local/lib/python3.12/site-packages/airflow/example_dags/tutorial_dag.py
[2024-08-10T03:37:05.686+0000] {processor.py:830} INFO - Processing file /home/airflow/.local/lib/python3.12/site-packages/airflow/example_dags/tutorial_dag.py for tasks to queue
[2024-08-10T03:37:05.707+0000] {logging_mixin.py:188} INFO - [2024-08-10T03:37:05.707+0000] {dagbag.py:545} INFO - Filling up the DagBag from /home/airflow/.local/lib/python3.12/site-packages/airflow/example_dags/tutorial_dag.py
[2024-08-10T03:37:05.721+0000] {processor.py:840} INFO - DAG(s) 'tutorial_dag' retrieved from /home/airflow/.local/lib/python3.12/site-packages/airflow/example_dags/tutorial_dag.py
[2024-08-10T03:37:05.810+0000] {logging_mixin.py:188} INFO - [2024-08-10T03:37:05.810+0000] {dag.py:3089} INFO - Sync 1 DAGs
[2024-08-10T03:37:05.868+0000] {logging_mixin.py:188} INFO - [2024-08-10T03:37:05.867+0000] {dag.py:3947} INFO - Setting next_dagrun for tutorial_dag to None, run_after=None
[2024-08-10T03:37:06.351+0000] {processor.py:183} INFO - Processing /home/airflow/.local/lib/python3.12/site-packages/airflow/example_dags/tutorial_dag.py took 0.738 seconds
[2024-08-10T03:38:15.057+0000] {processor.py:161} INFO - Started process (PID=2018) to work on /home/airflow/.local/lib/python3.12/site-packages/airflow/example_dags/tutorial_dag.py
[2024-08-10T03:38:15.060+0000] {processor.py:830} INFO - Processing file /home/airflow/.local/lib/python3.12/site-packages/airflow/example_dags/tutorial_dag.py for tasks to queue
[2024-08-10T03:38:15.064+0000] {logging_mixin.py:188} INFO - [2024-08-10T03:38:15.062+0000] {dagbag.py:545} INFO - Filling up the DagBag from /home/airflow/.local/lib/python3.12/site-packages/airflow/example_dags/tutorial_dag.py
[2024-08-10T03:38:15.099+0000] {processor.py:840} INFO - DAG(s) 'tutorial_dag' retrieved from /home/airflow/.local/lib/python3.12/site-packages/airflow/example_dags/tutorial_dag.py
[2024-08-10T03:38:15.160+0000] {logging_mixin.py:188} INFO - [2024-08-10T03:38:15.159+0000] {dag.py:3089} INFO - Sync 1 DAGs
[2024-08-10T03:38:15.214+0000] {logging_mixin.py:188} INFO - [2024-08-10T03:38:15.214+0000] {dag.py:3947} INFO - Setting next_dagrun for tutorial_dag to None, run_after=None
[2024-08-10T03:38:15.366+0000] {processor.py:183} INFO - Processing /home/airflow/.local/lib/python3.12/site-packages/airflow/example_dags/tutorial_dag.py took 0.360 seconds
